<?xml version="1.0" encoding="UTF-8"?>
<quiz>
<!-- question: 0  -->
  <question type="category">
    <category>
      <text>$course$/top/JaroslavHoleček</text>
    </category>
    <info format="html">
      <text><![CDATA[<div>V této kategorii si vytvářím úlohy do testů.</div><div>Jestli se Vám budou hodit, tak si je bez okolků zkopírujte (export a import) k sobě do kurzů<br></div><div>Úlohy mi zde, prosím, neupravujte (dělám si zálohy a pak by mi to nesedělo) - pokud naleznete chyby, tak mi můžete dát vědět.</div><div><br></div>]]></text>
    </info>
    <idnumber></idnumber>
  </question>

<!-- question: 0  -->
  <question type="category">
    <category>
      <text>$course$/top/JaroslavHoleček/Algoritmizace</text>
    </category>
    <info format="moodle_auto_format">
      <text></text>
    </info>
    <idnumber></idnumber>
  </question>

<!-- question: 0  -->
  <question type="category">
    <category>
      <text>$course$/top/JaroslavHoleček/Algoritmizace/Číselné soustavy</text>
    </category>
    <info format="moodle_auto_format">
      <text></text>
    </info>
    <idnumber></idnumber>
  </question>

<!-- question: 7667  -->
  <question type="matching">
    <name>
      <text>Počet znaků v soustavě</text>
    </name>
    <questiontext format="html">
      <text><![CDATA[<p>Přiřaď k číselným soustavám, kolik různých znaků v nich můžeme maximálně použít.<br></p>]]></text>
    </questiontext>
    <generalfeedback format="html">
      <text></text>
    </generalfeedback>
    <defaultgrade>3.0000000</defaultgrade>
    <penalty>0.2500000</penalty>
    <hidden>0</hidden>
    <idnumber></idnumber>
    <shuffleanswers>true</shuffleanswers>
    <correctfeedback format="html">
      <text>Vaše odpověď je správná.</text>
    </correctfeedback>
    <partiallycorrectfeedback format="html">
      <text>Vaše odpověď je částečně správná.</text>
    </partiallycorrectfeedback>
    <incorrectfeedback format="html">
      <text>Vaše odpověď je chybná.</text>
    </incorrectfeedback>
    <shownumcorrect/>
    <subquestion format="html">
      <text><![CDATA[<p>Binární (Dvojková)<br></p>]]></text>
      <answer>
        <text>2</text>
      </answer>
    </subquestion>
    <subquestion format="html">
      <text><![CDATA[<p>Unární (Jednotková)<br></p>]]></text>
      <answer>
        <text>1</text>
      </answer>
    </subquestion>
    <subquestion format="html">
      <text><![CDATA[<p>Hexadecimální (Šestnáctková)<br></p>]]></text>
      <answer>
        <text>16</text>
      </answer>
    </subquestion>
    <subquestion format="html">
      <text><![CDATA[<p>Osmičková<br></p>]]></text>
      <answer>
        <text>8</text>
      </answer>
    </subquestion>
    <subquestion format="html">
      <text></text>
      <answer>
        <text>0 - 1</text>
      </answer>
    </subquestion>
    <subquestion format="html">
      <text></text>
      <answer>
        <text>0</text>
      </answer>
    </subquestion>
    <subquestion format="html">
      <text></text>
      <answer>
        <text>7</text>
      </answer>
    </subquestion>
    <subquestion format="html">
      <text></text>
      <answer>
        <text>15</text>
      </answer>
    </subquestion>
    <hint format="html">
      <text></text>
      <shownumcorrect/>
    </hint>
    <hint format="html">
      <text></text>
      <shownumcorrect/>
      <clearwrong/>
    </hint>
    <tags>
      <tag><text>číselná soustava</text>
</tag>
      <tag><text>znaky</text>
</tag>
    </tags>
  </question>

<!-- question: 7668  -->
  <question type="multichoice">
    <name>
      <text>Je větší bit, nebo bajt</text>
    </name>
    <questiontext format="html">
      <text><![CDATA[<p>Zaškrtněte, která z jednotek je větší. To znamená: Je větší bit, nebo Bajt? <br></p>]]></text>
    </questiontext>
    <generalfeedback format="html">
      <text></text>
    </generalfeedback>
    <defaultgrade>1.0000000</defaultgrade>
    <penalty>0.5000000</penalty>
    <hidden>0</hidden>
    <idnumber></idnumber>
    <single>true</single>
    <shuffleanswers>true</shuffleanswers>
    <answernumbering>abc</answernumbering>
    <showstandardinstruction>1</showstandardinstruction>
    <correctfeedback format="html">
      <text>Vaše odpověď je správná.</text>
    </correctfeedback>
    <partiallycorrectfeedback format="html">
      <text>Vaše odpověď je částečně správná.</text>
    </partiallycorrectfeedback>
    <incorrectfeedback format="html">
      <text>Vaše odpověď je chybná.</text>
    </incorrectfeedback>
    <shownumcorrect/>
    <answer fraction="100" format="html">
      <text><![CDATA[<p>Bajt<br></p>]]></text>
      <feedback format="html">
        <text></text>
      </feedback>
    </answer>
    <answer fraction="0" format="html">
      <text><![CDATA[<p>bit<br></p>]]></text>
      <feedback format="html">
        <text></text>
      </feedback>
    </answer>
    <answer fraction="0" format="html">
      <text><![CDATA[<p>jsou stejné<br></p>]]></text>
      <feedback format="html">
        <text></text>
      </feedback>
    </answer>
    <answer fraction="0" format="html">
      <text><![CDATA[<p>nedají se porovnat<br></p>]]></text>
      <feedback format="html">
        <text></text>
      </feedback>
    </answer>
    <tags>
      <tag><text>číselná soustava</text>
</tag>
      <tag><text>bit</text>
</tag>
      <tag><text>bajt</text>
</tag>
    </tags>
  </question>

<!-- question: 7669  -->
  <question type="multichoice">
    <name>
      <text>Převod z desítkové</text>
    </name>
    <questiontext format="html">
      <text><![CDATA[<p>Při převodu z desítkové soustavy do jiné číselné soustavy postupujeme:<br></p>]]></text>
    </questiontext>
    <generalfeedback format="html">
      <text></text>
    </generalfeedback>
    <defaultgrade>2.0000000</defaultgrade>
    <penalty>0.5000000</penalty>
    <hidden>0</hidden>
    <idnumber></idnumber>
    <single>true</single>
    <shuffleanswers>true</shuffleanswers>
    <answernumbering>abc</answernumbering>
    <showstandardinstruction>1</showstandardinstruction>
    <correctfeedback format="html">
      <text>Vaše odpověď je správná.</text>
    </correctfeedback>
    <partiallycorrectfeedback format="html">
      <text>Vaše odpověď je částečně správná.</text>
    </partiallycorrectfeedback>
    <incorrectfeedback format="html">
      <text>Vaše odpověď je chybná.</text>
    </incorrectfeedback>
    <shownumcorrect/>
    <answer fraction="100" format="html">
      <text><![CDATA[<p>Postupně dělíme základem soustavy na kterou převádíme a zapisujeme <b>zbytky po dělení</b>.<br></p>]]></text>
      <feedback format="html">
        <text></text>
      </feedback>
    </answer>
    <answer fraction="0" format="html">
      <text><![CDATA[<p>Postupně dělíme základem soustavy na kterou převádíme a zapisujeme<b> výsledky celočíselného dělení</b>.<br></p>]]></text>
      <feedback format="html">
        <text></text>
      </feedback>
    </answer>
    <answer fraction="0" format="html">
      <text><![CDATA[<p>Základ soustavy, na kterou převádíme,<b> umocníme každou cifrou</b> v původním čísle.<br></p>]]></text>
      <feedback format="html">
        <text></text>
      </feedback>
    </answer>
    <answer fraction="0" format="html">
      <text><![CDATA[<p>Číslo postupně <b>odmocňujeme</b> základem soustavy, do které převádíme.<br></p>]]></text>
      <feedback format="html">
        <text></text>
      </feedback>
    </answer>
    <tags>
      <tag><text>číselná soustava</text>
</tag>
      <tag><text>desítková</text>
</tag>
      <tag><text>převod</text>
</tag>
    </tags>
  </question>

<!-- question: 7670  -->
  <question type="numerical">
    <name>
      <text>Kolik bitů je bajt</text>
    </name>
    <questiontext format="html">
      <text><![CDATA[<p>Kolik bitů je jeden Bajt?<br></p>]]></text>
    </questiontext>
    <generalfeedback format="html">
      <text></text>
    </generalfeedback>
    <defaultgrade>2.0000000</defaultgrade>
    <penalty>0.3333333</penalty>
    <hidden>0</hidden>
    <idnumber></idnumber>
    <answer fraction="100" format="moodle_auto_format">
      <text>8</text>
      <feedback format="html">
        <text></text>
      </feedback>
      <tolerance>0</tolerance>
    </answer>
    <unitgradingtype>0</unitgradingtype>
    <unitpenalty>0.1000000</unitpenalty>
    <showunits>3</showunits>
    <unitsleft>0</unitsleft>
    <tags>
      <tag><text>číselná soustava</text>
</tag>
      <tag><text>bit</text>
</tag>
      <tag><text>bajt</text>
</tag>
    </tags>
  </question>

<!-- question: 7671  -->
  <question type="numerical">
    <name>
      <text><![CDATA[Převod 10 -> 2]]></text>
    </name>
    <questiontext format="html">
      <text><![CDATA[<p>Převeďte číslo 173 v desítkové soustavě do binární soustavy.<br></p>]]></text>
    </questiontext>
    <generalfeedback format="html">
      <text></text>
    </generalfeedback>
    <defaultgrade>4.0000000</defaultgrade>
    <penalty>0.2500000</penalty>
    <hidden>0</hidden>
    <idnumber></idnumber>
    <answer fraction="100" format="moodle_auto_format">
      <text>10101101</text>
      <feedback format="html">
        <text></text>
      </feedback>
      <tolerance>0</tolerance>
    </answer>
    <unitgradingtype>0</unitgradingtype>
    <unitpenalty>0.1000000</unitpenalty>
    <showunits>3</showunits>
    <unitsleft>0</unitsleft>
    <tags>
      <tag><text>číselná soustava</text>
</tag>
      <tag><text>binární</text>
</tag>
      <tag><text>desítková</text>
</tag>
      <tag><text>převod</text>
</tag>
    </tags>
  </question>

<!-- question: 7672  -->
  <question type="numerical">
    <name>
      <text><![CDATA[Převod 10 -> 4]]></text>
    </name>
    <questiontext format="html">
      <text><![CDATA[<p>Převeďte číslo 957 v desítkové soustavě do čtyřkové soustavy.<br></p>]]></text>
    </questiontext>
    <generalfeedback format="html">
      <text></text>
    </generalfeedback>
    <defaultgrade>4.0000000</defaultgrade>
    <penalty>0.2500000</penalty>
    <hidden>0</hidden>
    <idnumber></idnumber>
    <answer fraction="100" format="moodle_auto_format">
      <text>32331</text>
      <feedback format="html">
        <text></text>
      </feedback>
      <tolerance>0</tolerance>
    </answer>
    <unitgradingtype>0</unitgradingtype>
    <unitpenalty>0.1000000</unitpenalty>
    <showunits>3</showunits>
    <unitsleft>0</unitsleft>
    <tags>
      <tag><text>číselná soustava</text>
</tag>
      <tag><text>desítková</text>
</tag>
      <tag><text>převod</text>
</tag>
      <tag><text>čtyřková</text>
</tag>
    </tags>
  </question>

<!-- question: 7673  -->
  <question type="numerical">
    <name>
      <text><![CDATA[Převod 2 -> 10]]></text>
    </name>
    <questiontext format="html">
      <text><![CDATA[<p>Převeďte číslo 10011001 v binární soustavě do desítkové soustavy.<br></p>]]></text>
    </questiontext>
    <generalfeedback format="html">
      <text></text>
    </generalfeedback>
    <defaultgrade>4.0000000</defaultgrade>
    <penalty>0.2500000</penalty>
    <hidden>0</hidden>
    <idnumber></idnumber>
    <answer fraction="100" format="moodle_auto_format">
      <text>153</text>
      <feedback format="html">
        <text></text>
      </feedback>
      <tolerance>0</tolerance>
    </answer>
    <unitgradingtype>0</unitgradingtype>
    <unitpenalty>0.1000000</unitpenalty>
    <showunits>3</showunits>
    <unitsleft>0</unitsleft>
    <tags>
      <tag><text>číselná soustava</text>
</tag>
      <tag><text>binární</text>
</tag>
      <tag><text>desítková</text>
</tag>
      <tag><text>převod</text>
</tag>
    </tags>
  </question>

<!-- question: 7674  -->
  <question type="numerical">
    <name>
      <text><![CDATA[Převod 4 -> 10]]></text>
    </name>
    <questiontext format="html">
      <text><![CDATA[<p>Převeďte číslo 1023 ve čtyřkové soustavě do desítkové soustavy.<br></p>]]></text>
    </questiontext>
    <generalfeedback format="html">
      <text></text>
    </generalfeedback>
    <defaultgrade>4.0000000</defaultgrade>
    <penalty>0.2500000</penalty>
    <hidden>0</hidden>
    <idnumber></idnumber>
    <answer fraction="100" format="moodle_auto_format">
      <text>75</text>
      <feedback format="html">
        <text></text>
      </feedback>
      <tolerance>0</tolerance>
    </answer>
    <unitgradingtype>0</unitgradingtype>
    <unitpenalty>0.1000000</unitpenalty>
    <showunits>3</showunits>
    <unitsleft>0</unitsleft>
    <tags>
      <tag><text>číselná soustava</text>
</tag>
      <tag><text>desítková</text>
</tag>
      <tag><text>převod</text>
</tag>
      <tag><text>čtyřková</text>
</tag>
    </tags>
  </question>

<!-- question: 7675  -->
  <question type="numerical">
    <name>
      <text>Základ exponentu - binární soustava</text>
    </name>
    <questiontext format="html">
      <text><![CDATA[<p>Jaký základ má mocnina, kterou používáme pro převod z binární soustavy do desítkové?</p>]]></text>
    </questiontext>
    <generalfeedback format="html">
      <text></text>
    </generalfeedback>
    <defaultgrade>2.0000000</defaultgrade>
    <penalty>0.5000000</penalty>
    <hidden>0</hidden>
    <idnumber></idnumber>
    <answer fraction="100" format="moodle_auto_format">
      <text>2</text>
      <feedback format="html">
        <text></text>
      </feedback>
      <tolerance>0</tolerance>
    </answer>
    <unitgradingtype>0</unitgradingtype>
    <unitpenalty>0.1000000</unitpenalty>
    <showunits>3</showunits>
    <unitsleft>0</unitsleft>
    <tags>
      <tag><text>číselná soustava</text>
</tag>
      <tag><text>binární</text>
</tag>
      <tag><text>základ mocniny</text>
</tag>
    </tags>
  </question>

<!-- question: 7676  -->
  <question type="numerical">
    <name>
      <text>Základ mocniny - desítková</text>
    </name>
    <questiontext format="html">
      <text><![CDATA[<p>Jednotlivé cifry v čísle představují vždy mocninu o pevném základu. Jaký základ mají mocniny v desítkové soustavě?<br></p>]]></text>
    </questiontext>
    <generalfeedback format="html">
      <text></text>
    </generalfeedback>
    <defaultgrade>2.0000000</defaultgrade>
    <penalty>0.3333333</penalty>
    <hidden>0</hidden>
    <idnumber></idnumber>
    <answer fraction="100" format="moodle_auto_format">
      <text>10</text>
      <feedback format="html">
        <text></text>
      </feedback>
      <tolerance>0</tolerance>
    </answer>
    <unitgradingtype>0</unitgradingtype>
    <unitpenalty>0.1000000</unitpenalty>
    <showunits>3</showunits>
    <unitsleft>0</unitsleft>
    <tags>
      <tag><text>číselná soustava</text>
</tag>
      <tag><text>základ mocniny</text>
</tag>
      <tag><text>desítková</text>
</tag>
    </tags>
  </question>

<!-- question: 7677  -->
  <question type="numerical">
    <name>
      <text>Základ mocniny - šestnáctková</text>
    </name>
    <questiontext format="html">
      <text><![CDATA[<p>Jednotlivé cifry v čísle představují vždy mocninu o pevném základu. Jaký základ mají mocniny v šestnáctkové soustavě?<br></p>]]></text>
    </questiontext>
    <generalfeedback format="html">
      <text></text>
    </generalfeedback>
    <defaultgrade>2.0000000</defaultgrade>
    <penalty>0.3333333</penalty>
    <hidden>0</hidden>
    <idnumber></idnumber>
    <answer fraction="100" format="moodle_auto_format">
      <text>16</text>
      <feedback format="html">
        <text></text>
      </feedback>
      <tolerance>0</tolerance>
    </answer>
    <unitgradingtype>0</unitgradingtype>
    <unitpenalty>0.1000000</unitpenalty>
    <showunits>3</showunits>
    <unitsleft>0</unitsleft>
    <tags>
      <tag><text>číselná soustava</text>
</tag>
      <tag><text>základ mocniny</text>
</tag>
      <tag><text>šestnáctková</text>
</tag>
    </tags>
  </question>

<!-- question: 7678  -->
  <question type="truefalse">
    <name>
      <text>Počet znaků v 10 soustavě</text>
    </name>
    <questiontext format="html">
      <text><![CDATA[<p>V desítkové číselné soustavě (v té, ve které jste zvyklí obvykle počítat) můžeme používat znaky 0 - 10<br></p>]]></text>
    </questiontext>
    <generalfeedback format="html">
      <text></text>
    </generalfeedback>
    <defaultgrade>1.0000000</defaultgrade>
    <penalty>1.0000000</penalty>
    <hidden>0</hidden>
    <idnumber></idnumber>
    <answer fraction="0" format="moodle_auto_format">
      <text>true</text>
      <feedback format="html">
        <text></text>
      </feedback>
    </answer>
    <answer fraction="100" format="moodle_auto_format">
      <text>false</text>
      <feedback format="html">
        <text></text>
      </feedback>
    </answer>
    <tags>
      <tag><text>číselná soustava</text>
</tag>
      <tag><text>znaky</text>
</tag>
      <tag><text>desítková</text>
</tag>
    </tags>
  </question>

<!-- question: 7679  -->
  <question type="truefalse">
    <name>
      <text>Validní číslo - osmičková</text>
    </name>
    <questiontext format="html">
      <text><![CDATA[<p>Číslo 15732401264 může být číslo v osmičkové soustavě.<br></p>]]></text>
    </questiontext>
    <generalfeedback format="html">
      <text></text>
    </generalfeedback>
    <defaultgrade>1.0000000</defaultgrade>
    <penalty>1.0000000</penalty>
    <hidden>0</hidden>
    <idnumber></idnumber>
    <answer fraction="100" format="moodle_auto_format">
      <text>true</text>
      <feedback format="html">
        <text></text>
      </feedback>
    </answer>
    <answer fraction="0" format="moodle_auto_format">
      <text>false</text>
      <feedback format="html">
        <text></text>
      </feedback>
    </answer>
    <tags>
      <tag><text>číselná soustava</text>
</tag>
      <tag><text>znaky</text>
</tag>
    </tags>
  </question>

<!-- question: 7680  -->
  <question type="truefalse">
    <name>
      <text>Validní číslo v trojkové soustavě</text>
    </name>
    <questiontext format="html">
      <text><![CDATA[<p>Číslo 1320 může být číslo ve <b>trojkové</b> soustavě.<br></p>]]></text>
    </questiontext>
    <generalfeedback format="html">
      <text></text>
    </generalfeedback>
    <defaultgrade>1.0000000</defaultgrade>
    <penalty>1.0000000</penalty>
    <hidden>0</hidden>
    <idnumber></idnumber>
    <answer fraction="0" format="moodle_auto_format">
      <text>true</text>
      <feedback format="html">
        <text></text>
      </feedback>
    </answer>
    <answer fraction="100" format="moodle_auto_format">
      <text>false</text>
      <feedback format="html">
        <text></text>
      </feedback>
    </answer>
    <tags>
      <tag><text>číselná soustava</text>
</tag>
      <tag><text>znaky</text>
</tag>
    </tags>
  </question>

<!-- question: 0  -->
  <question type="category">
    <category>
      <text>$course$/top/JaroslavHoleček/Algoritmizace/Dynamické datové struktury</text>
    </category>
    <info format="moodle_auto_format">
      <text></text>
    </info>
    <idnumber></idnumber>
  </question>

<!-- question: 12155  -->
  <question type="ddimageortext">
    <name>
      <text>Průběh BFS</text>
    </name>
    <questiontext format="html">
      <text><![CDATA[<p dir="ltr" style="text-align: left;">Přetáhněte do obrázku značky s číslem tak, jak se budou prvky zobrazovat, pokud budeme strom procházet pomocí BFS (Breadth First Search - Prohledávání do šířky).</p><p dir="ltr" style="text-align: left;">Pozn.: Průběh prohledávání uvažujeme shora dolů a zleva do prava.<br></p>]]></text>
    </questiontext>
    <generalfeedback format="html">
      <text></text>
    </generalfeedback>
    <defaultgrade>3.0000000</defaultgrade>
    <penalty>0.2500000</penalty>
    <hidden>0</hidden>
    <idnumber></idnumber>
    <correctfeedback format="html">
      <text>Vaše odpověď je správná.</text>
    </correctfeedback>
    <partiallycorrectfeedback format="html">
      <text>Vaše odpověď je částečně správná.</text>
    </partiallycorrectfeedback>
    <incorrectfeedback format="html">
      <text>Vaše odpověď je chybná.</text>
    </incorrectfeedback>
    <shownumcorrect/>
        <file name="SPS_Moodle_Testy_Binarni_strom_neocislovany.png" encoding="base64">iVBORw0KGgoAAAANSUhEUgAAAP8AAADWCAIAAACRycNjAAAfWnpUWHRSYXcgcHJvZmlsZSB0eXBlIGV4aWYAAHjarZtZdlw3lkX/MYoaAnrgDgftWjWDGn7tg6Aky0pnuknRJMMRL+IBtzkNALrzf/973f/wr5XqXS6tV6vV8y9btjh40P3nn72fwef38/279+u18PPzbtevFyJPJX6nz/+28XX94Pny4w3f7hHmz8+7/vVK7F8fFL5/8PuXdGc93r8dJM/Hz/Mhf32Qnc+Dar39dqjz64PW14VvKF/f+fuwPr/0/+6nJxpR2oUbpRhPCsnzM6avEaTP9+D58H42ruMnj3Myx6+Yvo2EgPw0vW+/vf9tgH4K8rdH7vfR/6Pgx/F1RfpdLL+udzz4ly+E8rvn0/f7x9/eOH0fUfz5hRLC+mU6X9/37n7v+cxu5EpE61dFvWCHbx/DhZOQp/e2ylfju/C4vS/jq/vhFynffvnJ1woWIlm5LuSwwwg3nPd7hcUQczyRnMQYV0zvuU6OLK6kPGV9hRtbsrRTJ1krHpcST8fvYwnvvvbut0LnzjtwaWTC3Dj+8Zf7dy/+lS93r2IbgoK564sV44qqa4ahzOknV5GQcL/yVl6Av319pd//prAoVTJYXpg7Exx+fj5ilvCjttLLc+K6wu9PCwXX9tcHECLuXRgMLZCDryGVUINvMbYQiGMnQYOR0whxkoFQStwMMuaUanQt9qh7854W3rWxxBr1NNhEIkqq9FMnQ4Nk5Vyon5Y7NTRKKrmUUksr3RUro6aaa6m1tiqQGy213EqrrbXerI2eeu6l195679aHRUtgYLFqzbqZjRHd4EaDzxpcP3hmxplmnmXW2WafNseifFZeZdXVVl+2xo47bWBi191237bHCe6AFCefcupppx8741JrN918y6233X7tju9Z+8rqL19/IWvhK2vxZUrXte9Z41nX2rePCIKTopyRsZgDGW/KAAUdlTPfQ85RmVPOvEWaokQGWZQbt4MyRgrzCbHc8D13PzL3p/LmSv9TeYv/KXNOqftvZM6Rul/z9i+ytsVz62Xs04WKqU90H9eM2B3f3vPjb/9mKr3O4Eatxv/eQWQS4cl9A3CnUvWLpp+n857jyx5vvme3m+uuoY9DRc/dy4FzLbrI3AqQmO65FuvM9e+N7B9NLVm8Idd5W52ujUkdgeBMAeBOIe61QbjUttUUmwDmMrPpW3j0nm0R4RPIcmeKtcVghqyhCjfAfltK4aZYzd9BMKAaMIRn+SL7+/L+NdMZhebJd+Z8KrV/IaR0E7Fy5do6jZraZVwKq8S5IXYG2wbZT5saAv/hllE2tcst85h+5+zvJAWrIAhOKY7ySrARZR7WsIsiKbXf3ijHuRhrSb1lPiJSaGfsc1qcdAyFfXV1sBtpnL3cAenH3vn4ntbxRk3EufKMYbbrz+b9g4rbMzIh+qjtcGI61d9duHQNQjJmZ0Q5Vz598mE2LhODACtd7fct9EBVesbdkQivl6shUfbrb/dHL/zV326MQ8/2PaolYIhxnLVinDR5Ldb7ulOgd5CpD7kWv+F+iDdvxELNtwM0cSO0QDNCOVRYM8fGx86TFv1JOeWY7dIuVASgM1cqjRCtRA/bOLOs3RfC6Z7l9qydNp/baOVVCXvKA/JdAFnx6RQ6DrwZLR4rJ9ad5slt+j5LRUk0Pp4L4TUL827QI0dY8Y5kd8V5wBFbfdCkM1FeYByjL0TBQJkK1jaqsXg7VikdcMYc797cTgMDZPcFblcPNVO1iBiwfI0FG9d9rZ2xZoF5Jyoo7nOX+UOcF5CEGC1+ElKm1zypT+fcAQQz/woiQB/ndoYSeLATkEOFzmsBBTUS70R5rFXTaM5yGpDETdwr9XrAdH7RnyWZL+3WrXqzsmboZ1bgU9oPkuDmFDl9Ueo6R3VE+/N6qcDUsRvKBdJWLLPRkKV09FbYHYFwI8VvSI2DxMh8fNEsuCoQh+yKXAAP/unv339QWXamUUc7SScyHTjE75M3r97KMKgfKpWuW54Ze+KZLnF2sd19kf5hky++BMUVCqVd1yFK1OicI1ug2QaVduth7mFUOGgLHOnsaWM5YEVRCJsiqLYjoD8vw8i867RhYfv2OAfMAz9IG6XNB1BbQFgMEChdEqZbTALsKlRwbDPf2GGBdlvJFzpZoM6kIorsSnkx+P47kHdyFGggoMItWATw9YkeXKM1tTB0vWuVVxwwFq1JOatvm2JGh3vg86x44SaqKvR663K8yw69X3T/DrPHTyCArTit0chp9us3BQ+u0m8e4ERfznNBK3CC9CxV9on0CEWmOdHdBgO0TckdQc2pY6mTByXD+Poccfu4a+uHIr+i/iwSCRM8ohZpEaK5BJ9xQsF/B9rcry/M2Fa+Y4iQcOD03kUV01MR+MANbQVzZTR9OntSLCAilD2nl/KCHKEyL/5CDfRZLwVRiG8PFCfEET3fbaK5rLbV0vQ1Ec+YRQihHMc7yOPiPTfAKjkulAxh2NHTc+0AFIcYdiqggU6h3/fzbCM2a5w8V79rZtcljQxD10BVKGcT390OAmsfwAi+Gx2/tyb1DjreRUoRLf4Y6EGK5gzENiRXqW+6eaPVchuDPr8TdJuMsTBACHnC+wFeg9GaUuUbvG2r7AaEXMqMiN7g+l6NPJ+K7FKjmu1FNg04WcsyuItRQ2+mXkBOO1mOQ/BNg6TbMx1KuKZhatCPFkFOCPTOlr0x/dnqNtoQGT0jAYb1mfy46JO4DhQW42hbIhgQ66oxR8zxNmBq6LmhW+gMiD/TscvvFOrifYg76hONQAnDCsDlPQmtVqfajg+001z/XStCcoFbZZoVyob1UBNtZ0iMp6CZskCavQ+WoG0icBG14G9xamMAm3RgbINRN3c15NOJnY8B1i+pKKvZTKReCbbQ7aJuIVOTV2sb8IFFiD+qDXLpBxGqFzdEBMkyEN5HoZM9kgGL58pgM/4BmUbXUpKwwUJtAwkOiv1o/64inFnsjfihvCwg8Iy6BBgivmQGJBUEuedFfs14wA9KnvImkd1tKh0V4AcaUuOlkmGhtaXiEHswYwmAZQBcUEsY/GBgHqU0vWbQ+lxho/Vdy6mhp9OaBxUn1hLE8gzsSpxzB8yYHOFvYPGY2BV65FgGf9BbzcwjHXdwmDn+X5VQ4bAE9B+E2MCpUcwdf4xGoPVOyKbaVWVWZKOWGC6dLKG3JYgd2G+Li8ZoJaSBah9pt4yaEekDXCsU6elGqNsIO2CnDlyRGUYmo0yILJ3rgD/BDD2JTZm2/UntZQPFul/NMh80LrCEkiaelhvTA3FweOtLDYJX7pd6/KPfCG54s9Ntlwwc8N0jPVNa3Hj55qCnWjBw82Y8PiwJWMkM4PsEhEnLChB+yevQXugiZgT/0dpMsHQ4hZB59JGuak3Wh/4nDx5e7XAND4h8iuekWqhv+A+xdPJCH12mPSnwdgy0rwtZsd3CJC6p856z3GDyawdeSYtMGT0KnlhFomOC8SMFFSq8GemgU/kk5P2Gc4+LyxD8xJ3oXejcZFVn3sl2LQ8MsdZUZOyaPaA/lQCQkEIMVFT1KGIKwxH3Qq/wREG7c0ucEpJndx4iKjJlKYKkFdCxRKeAqPjxAxbSLAfU1FrXbQ5vHem+V5JPURPm4bEACF3iSZdIiR2pQmaBlVh7bsUKG9mveIWw8FnuYxGmJfTyH/k7OTkGBFuUcMKdSEM8B+3KoORXpRHAbNQiIATTCsQt4PG5CNla1cxq/LENZI71EHJ0FvpnQW3DkKzHwBPgk+4/OCLaF2U7UdJytRtxhMXKoU4E2uyBZhiTn+jxLFGv5YEow4OC7DJ5CKblpDNogkCaG/Ffr8XQsUHvVdowf/JIQCzoTkXjvsBYUiLUwVLmAan25ahqaFPli1gPxygRCq4m0AfCBpcCdhEHAg4ULViIdmmYYRtYWFWK0lIa3mmNjBnbxmwkYTL6AXyWw2s1J0z0I2zKE/lO9uKQahj4EC0TFNqhoSQqwcYvL43fNPJi9p28KZg5C7Jke0bSt9iAuRYCD/BhiY1J26LM1NgO223xTyvqgqjBQAWpUqUUnppaIhzBiVKISByC+7Ekb8iDmCQCYPQmqgKZjJhDDgL3BY8LBw0tEihaqSJ6B91/UJ5YOSRjgtYzxd+t0oBk4swl26zLGzYm4LLx1FijAhrSmGAlYTdZp9ockgtDjztHxw+Ics6s9d6IvtkDJTkMHGwHZTmxhka1QyATfL4Sc1ThRrcgth0djflBmZqKMdH/8CmzrQg0iUHa62wh4tFCh2gsduTJIUzdPBG5WFFqzKGY7gMG+JLbM6gbJJbRT0AJ+gwnJxpBVGB2aVLYBqwDjMBQmVPJDbS5C+ukYug3RDTKYy/U1UwoYdQ7MKuVt6QlbW12UO8oBQwqQgv4xPMUPGq4HWuIqdHq3KEVaaTcEkqgAUpnhREBepQqsgvClsmMGRBGFFHUBWD5iSLcD65AtPaJMjbehcRMLR05WGjMk04s1WYye1w0VlDPYgkzMglHAZxMF4bRpEAfgTjadEF3ktgDh+G+ppb8UdTYcvCvvSggeYDvaNQNNTcw35sGcBQKkDNxB1RmX8HXKmOaNa3QPYJHxUpumRXuR+svDEr1St8dyRjpxr0d4phUgy9oAcYb31ooDp77IvewfPJFuLTlixjiglR94mpeVa+tZRn44cL9HsW0bOLndufWRVyz4U9ZfUYdGUiA0qu8cJSbmAQe71/AMMLRQcVEFNzdUgH4skcSYlc568hj6QxeoBSWolL5OKSvpx/PgGi6rsnKJ7Oo02EXwK+SuD/mFJLMsEzxsQxZOkwa0paA4awEgHIVcyTa/cl32g+2oq79cfrw8/gdr5Dj/hOaAjHSUU7UgufO4EOmEJwUmA/0lUSmXDiNBIehshav4zHB553Rkeg2FASqut2MDtgRLIFbvWgoZnx/ADwFShGVxTvAhanF7t7e/icMgWgftDdE2GTA26h4ifdq2NUQWhQB3V+l+4nCc/1E8OCvP2snmNXA7bdp4QYVOGVftLJV0edQ24mz4+0G7IcVxooy7EKm75IVw0RQthvZiqaFWRG1Ra4WLYz0xxiCQpSvXW4n8ktxa3UhZQrSmBwaGk6ne8TC6OgmBbwFXiQTokNQafmYuN6CRbqoMJgcLK2VNvHtTjcwD9j89QAK6jgTLEMj5420CrKVYHgEdsCxGLD7BAy0JciYS/AEDA9l14gYJTSjBkwIJHXQfryzvb2jF6uOSBWY8bXwXlvFBGSidAEICBWPg5pqmcpGhGlNi2ySN/zceiIECQBA0neGQoBOVcEUZSw4TQn7MKUeeXpoaQk8gu/owK71HMQDrI7GQCcQEoqEz0Qk59TX6A3niHOmrxFMCaV9Id+JDscndAhyDeQyqpmyw0AdBFDyWoo5r7/9bm/tD20J0jGoRboIGaw1L8gZJDQSTrW7kGaGF1aXGzjtwC0MB5mLCTnkEPXxirF8L0Yvv6LNs40NBND7ZkDVgT8BIRvBfAoAYwsXnYpHBnlSuMgT8Ei7rEU2fgGUCDhKEvLAzk+ASqtEK5B+iBbjg0lBeBzMeT5Mpn9aqgU8Ip2+UWMYYqwyfkVmri+strQ2CVX9JFfAn6PdFjolqikO9poY42gnfITypLNQztuqlnQAjgn9AMleKxQZ7bRboeK0nXG1ph1a8xRLF+tyR5LJFYm6Xl7KHJaa14TKfjWkPiIJpG4HKE9LFtWBT1sLB4PS6ZPKETcrVLVSu72mIGygYAbduTPqF/rHMUIY6bMESFBDWE7aBhBp9eCWPFGWzGi6oL5VF/X6mGpbXsJljvU0mI+omZnipW1Ni9wOssC+EUzKulLL4D5m4jTTTgGuCp8UtYFWYcdIXqjwKsUWJf1lLJvWamZx0wMKpg0fYDNOCK9hY9AaRR1L/8dBTOlwxABdAd7sLeGOU80wZEScUD3WHGpdBzTUcBQL3WpjgKdUXkDT8qw1KfxAt/E51LjVJ0Bmk9xOxB2J1NYFakG6emSgtfKIu5DyjQsrpOXzYVrXBknyZlIJfBtqCbzBVLtDYKQ7JL8ddg1e0t4HyIUJ802ViKHXSjsKRap25KuVxxC07KgN6b0YcC/mYR/wkVR5t6g7mKMzpIMLkaVHaPBftBUoDG4Ld+Hy5YRJJk5D2/JgCNUjIHkWFFUrl67F9IUdiI1aA1Dl+VD7DCmiRygbMD3P1iDoW1IQ1R+ts8OQ5RhaBhJ3LXfoAU0PoG813lvLshogP6sjaG0Iu+iRXsCUn/RDh3+kpWZRHgclsf11MGUGagxFVXnT8VIUtQPRm1nXKw1+0X5QZVg0iCRGyyAHwDuDB/waYznZ4RwswCxIvFO6fAOkkMqiPwkTmSD5qBqBFSCtNYhSoIWt9WmEsbpxU9jeQXjg09TSLfaVKsPZ2TtlRFMV7WpoBPQdQSaNyX/ii3miw7RXg7Ki8KMbS6dJvjQM3IswVr1AJ7V7bVyvGT11wyylk5gJSgVNQlhhg0MdrZriSg4JvG6qWnME3LQxjYLPDTcNP2r7B/XQfEdPcokWYB/FQEPnZ+/r3gNZPCwCdeLjA/2SN7CBa1lwh9lHMmi7BRSrSRtY3Askx4dolYl4k7WZla6NgxwR2kHcIIyXhOmtuAptlWRDuwKyTVsDWrlheOi+rr1FvLsgyKH4Gu6OiqmnTDoXlRBpLhoVvQz0XG1sQWX+HmC3iqq3VmAbL6aeh3wMoOXo8JuZ0+sQyQU0mGcQh1oDqYu2axGvpAB0XVpbhD0liTIYf9EY2mslLLJZuFrGjorHgp6lVfqHqNoYRqMSGt7XWqo4WXjFUI+gdxOozIMbVhWE6M5TsMgRHTBB0nRsw9aSKxDUkH/ksIlX9n3hCEA/7jaq6bBunxQeytdl6a4beogwRSFrqYHReCxEMwA2h0cfIw5QICBNVYMdepvhUQ4bAjXZ3J6daupWLKbwKOIkAsOGV2EZfDu5/qyzoaKR9FVIVlQGgExqVe4T6uh0gIuQ8A7SoOQoIEFAWrg7SeBoSRzNoKUPfQM1mFtktFgOxchtsVNI4U7UXFaVFVnVc4Fx07bveL1WiPR4Q5VQCtq6IamTQVZtyEam4UFprUbQ967TGbRS29e0J03xtaGPiQxZKg4N0GXATT0CB2rZBYM1wVWtZxStkuVxlkNWB3JuWujkBmeIHz1io2o/9FasOGK4PdPun+Cwa1BBw3zBdF0HXSDL47RaNvpMKIiL3qdmTatCcNpQnCcgtSvvI6OkKL/+0lY9hEMncBnanho/jhxDpFcHux5Z01HQs/ZA0a5Jq3T1yJszyexpipCHdjEI3AR5FH7cGx3jChYfsqCZThDgr4J2Ahl3wEc+XUrFgA1B6xpD+o7KAOBD6kQLO6fzDogPx9BxqfdIWQGhstgLPkxRpyL4Mm09ANooN2ygJS1D+RALtQIdbOaxs3DRiXBVZAgdEWdTEjMaPDUiy6yAS7RBtFLI22fVBoGJLDY0b16TDtWm0XA01NVGJSVwgHqd5WpemoKyfr5V6zoI7KGTkCBaSCXCjDNgqoMUM3IA5qVps1bKuxaogdIhNXu0nsRwJk3MlNIiR9x6Iw8gsJZ4N5KdPiZ/8s/cew43E5cjNeCWCKMDWzpgUf1G87wjY1oIxf3MKRFiKFjrFQxAFSWhU7RbMwTmblkCIESaNr/xEYBqkt3SqpwWwfg8gSp8ZbJL+ZwHtlBvJzPc1ODinZzOYRhGcaAHmX4DZzDi6AHtHJRKh/sNZTEg5Af1lPFARcdbgNo4qFKttJJS9+uy6hDxMnEmSvinIBTdciXDo/QOV0ARiDzDyYFbg+FfHWVgiDXgUmQJwGVttVBgdXcauWlfhciVko6M4AnardaOUZcpo8DLOxqRtcY2tS5IyQ1t7NDgaFgdCtv4aC0QMGmmlRPYyQS7tpz4VH+1T4f/poi0m3SdOhLFz0h1jhbx8FgfSA3ayBlaFdPZj4gDRveJKOrb0imYeaqMjkTbt1hc411hMrFDmWAZ7ggDHJeZItim4yE0IWiRGvyv41r0syoO70hAkEcBoo6HGBUw1r+c4Xgjg6b00aTUI1UbENwknGILz0eaNg5TMXQnIoFihz61c4OsgZasj4VqhWolZdEOQZtDBjOSaDQhmpL+xNMSYZAKFaP1dTKhnRFp1mjbgQYYsJ7RePH0juPkCxi9YoQN52TMSqWTBWMdTdneiCrilv4pXadQFqyhA3Erf1uLbTTNkMlfMMDlXVcdRN3WOx7YFkkQ8GuiqFcVfhTJvOOTqxjcWpGjncJ/Z+l6x4NkHBSkZSFWKqhqy/7trwt0tHwYmOl8x0pINCw3XMUzAnQJPmN6CJsFlTBxdC22CmEKfycdhvILAaS1Y9Sflg3O0Fk7lIb2YbEQUHk9D67QF0HGm/EOpAGkAK4RSi9p6gctgAzIOneAIs46prV5i2xL9KG7LFCO7+wB5sneYZMhzaX0No8Xad6GiI8KrfLdFKaUkLbjcar4o420MtdkwqklbhGSwqC1wSf/GkLYxNPWtKigbWXhd5MsjTNo33N0LYIkHKE5tCMz9ehOJL/WispCHwJAQAlVkqmOAphpW51iAHInvrRFVAJMktHsi5ZhEg60FCroQL6W0CB1rYvQdt+ABfMKGM53zMJAkqPtSIEqucLC6lwRYdyODzvazQSoFIlTdNYjVznlGq4OJhUUKCa2DfRti7l/VtxVPpTCJku4IVrE8JNyD2MHaEHR1SrYKpuYarP8Vc+olGp9BYFRED5c1I5Wnd/H6viTE6RrIRB4Q9dRKQFtk7hlRE8MSAHeb28jEKYhKLQUtmLrzwd0JGrJcWi/0C3cGMJFW+Ke5m5YR/g6o4wKuplR1y9WlAP5sRoJKB5pE+Kp1Wk/XX8b2IDogpOn/Bb/iGdKWsIISIHVl7ju7e5KBbbUl2QvzUDpJ7UGBtFhBAEGQ48YOAqXInlvxmvd8DB6esATMtER9g2kefRp6Qk5LYUYP/SLEHZ3qxt12DVJIAyq5ZXjhMLy8yAzaWVCwsfkWPD+E3TAZAJJSByyonc61GXSERPqCm1IClE2vm5ZJqoLoQ1Y6sTeMzhbx49GQyK/s3Zz4SCDbl2r41n4aeoPEMgaBa99lCRHA2FdmEKQrJMFJk9aD7hNk9BmQMkzE2iXdDB+cCzgk+WHCD4vZ7JoKsawdZopCzjX4gNwAjqV8GNZMKn8354NM3K3X23gt2aAGIhCoxHD6OfrMynbmtDWMgIZ/dA3hkM7dPoLFNoB93M2Iu+4CNah6tG+EZBB+fe+gJsY3/kZFCticTYdFEbeJEhcdsfL9KCKobSA5J1evLZBMzlU9HqVFZo6WpGwRjr+F78yWHHn7xH31KpBvvQL4wR7GCxg0N3ABKIZsBWUypSZ9zqSsQA/qgXJAZbgiIc24OKoWb6pa1kFaQgU7AG46Oiam7wWxSkS5ElrCYgCLFVB7vEmQkllxIPQ0hW4ffKNyqw6haI9C62oaTHPYRVRTTguVNjQto5pd2DC3lqZIix0QtApTyKla8hyBuRoR9MxpgaOMoOQXCCnfAOrQ1tASPECfiE4jP9wfv1zWOEYyf53R5HdnzqzvHSaWmcv8ltvzRBIllFPWog5EiXXVQzU1R4Qr098R5KzR/gqIlkQOMADEBbuQqknieYzn/dtOAHooamlrThab6K98TBYIjqMskhPsMrQ0vg0FQXegHkdVSBPgQQj8UEhZB0GIu2qMGAhgK8LKb69hZO5h4jP4tDKAR4IUYZPArULhO61qYV3JawMPmu9sKemY5gumvau0HXciJrBDGYdF4GAs2VGQI0eZHoAhAY4gMTMCJoCAR+dyALqI0oyI9jh04uaOCgxLora6tcxJrqB0FWEVMHbdsQtg3tHL+/Q8QHZQzsR6Nj4lROdVouvdj8v5d50dlKn5ZAKTavyiwrlNiSI6gcucfQhaKUCFEBXSBnpfOrVLkRFKJAt9HvS/iagrWPxOtmlY/S4pO61/gEwqzsATsgEqwYoASi1fAZp5oJ8OQKsnyM/HJDnSYdM4Luvpau3n6iUBRonlg0Go42wdlHn3bR3ifPRBkvQkqIMPMZnJh0eaekZQK8/TeANMstAFNqYSNH2OvQuMAT/UMGILWOCzvdCbcAthKPrmF+m4ajgAtqbjvHhvFfSlj7pKFDFTjpSSVuj38GNDZd8WoTr+k3/+LC3+/YArCrAAHeYG47TgTmd+QDDhpcqQ2hGIX7pQeu5fp0FJCCX8LP6ayeHh1U40QZyIhQvqNCht4XPPANvGPDQpDMhDJewSmtQEF0gZ2gEwyddrTk6EGNvRWQdU/UOdQhSHfObU9BpfxQj2NsyKneXgNtv+rMSOkBCFIVM8FC+bgGp+ETJGPR1kOtKVUeeAsQifQyI6fwSMllLUOGMRX7fX+S8P5gDZmdRsCEtf7RwwlwqdxLg7aPmHVcnH/b5wNLEfGWd9RgCD9xo0UJZZeI61wdmQ6sT72JZR6axMwCGh4R0tiyCy8g83jlhlXV1gB2bi4KyroBinNBnOmGDbHfWgXqa42Lbok7Aw5fvhFsbWDJTd6BwmN7Wio/Vgp5H0UpdfWnfrCPe12nnik4sWl1UV2r1Un9uIStCJy/5icMcadeJMsIIYAuudmvhxX11koOZoCG1teg32rinu7Thr6NiOveBm+vHa+kPlRDEXmSdftJJ0cg30Hx0NjE33H1DREydsgExXmHu1f/mn7O4f/YnPv/ND8J3bJSJ+39ECuOEooKSRgAAAYRpQ0NQSUNDIHByb2ZpbGUAACiRfZE9SMNAHMVfW0XRioodRBwy1E4Wioo4ahWKUCHUCq06mFz6BU0akhQXR8G14ODHYtXBxVlXB1dBEPwAcXJ0UnSREv+XFFrEeHDcj3f3HnfvAH+9zFSzIwaommWkEnEhk10Vul7Ri0EMIIaIxEx9ThST8Bxf9/Dx9S7Ks7zP/Tn6lJzJAJ9APMt0wyLeIJ7etHTO+8QhVpQU4nPicYMuSPzIddnlN84Fh/08M2SkU/PEIWKh0MZyG7OioRJPEYcVVaN8f8ZlhfMWZ7VcZc178hcGc9rKMtdpjiKBRSxBhAAZVZRQhoUorRopJlK0H/fwjzh+kVwyuUpg5FhABSokxw/+B7+7NfOTE25SMA50vtj2xxjQtQs0arb9fWzbjRMg8AxcaS1/pQ7MfJJea2nhI6B/G7i4bmnyHnC5Aww/6ZIhOVKApj+fB97P6JuywNAt0LPm9tbcx+kDkKaukjfAwSEQKVD2use7u9t7+/dMs78frvdyv4oCbx4AAAAGYktHRAD/AP8A/6C9p5MAAAAJcEhZcwAACxMAAAsTAQCanBgAAAAHdElNRQfkCxEQMRgXY85LAAAgAElEQVR42u19bVxTR972BANEiDYuUaOmelxSxTVitIhBaQHBEnbRDU9DDW3c1QcQkVjhFtqyhVVLaWyjjS1QpWjRQgWFZ8Mu3iu3SiOlLa5wl1i0IMSSFlZjwcI2EVGCeT7ExpgXyMtJciBz/fiQhPNynf+55jozc2b+g9NoNAACwi3hAUMAAdUPAQHVDwEB1Q8BAdUPAQHVDwEB1Q8BAdUPAQHVDwEB1Q8BAdUPAQHVDwEB1Q8BAdUPAQHVD2ElejuqCvN/H8+a+cwCr2m+OBwON5XgsXCeV1z00wf2xvV2N8MQ2QwcHN+PWdSUv1ZUVCT/91D4syA6BND9AXUWIPoA1RDoHwRXb4D6ZnCmEVDnzUpMyeZtSYcRg+qfDJBfr09NerH31n8EfMBaA/BTxtq47muQewRHID5dWn6O9sxiGD1Y85nAqPw4KWTt+shn/9N6EsQ+N470AQCsNaD5U82m8B+fW7Os/PghGEDLgYchwBTOfLo5e1+5+ABgLrNuR/5LIJQxEpeZNTw8lLT9LzCSUP0TzfWP8rP3fCY5ApC5hv8yWT3FPfmVsQhIjqgjUvcSfGfxNifBeMJ6/8Sp68uaQ5hM8YGHBq6vMVMAcGbKgLQTxOzykXzxvwEBATCqUP0TA+vXzoxe1Z+52YT0x75DOKMyUHganGoMbPz6CowqbPVOANRUChS37/A3WS19k5vxXwKqwRvl5eUwsND7J4Tx++2K/zn2Oaulb+4JcOEy2FdGb/y6DcYWej+m0StvlckHWGtsl77xxlHBQHHrR7lcDsML1Y/tas/pIlaIxqBf34YnsubJvdjh+OrqahheqH5Mo6GhITLYLt2bRNjynxsunofhherHNKTXbjMW2Wv8xqD7A6n0WxheqH5MQ9E3RPFD51D6xYZMAv13fobhherHNFRDo0Qf1I6mKwBEHzA8/ACGF6of0yD64FVDjihUgEDwhuGF6sc0KLN8FXdQO5quy79/EJDJfjC8UP2YBiNwibQTZekDAK72UBmMlTC8UP2YRti6DfXNHuZEbDMarswICwuD4YXqxzTYL/6prslbPYqm9AEANRfucDgcGF6ofkyDSqXSFi2t+xrYaf84/XE+39IpcxciCALDC9WPdaS9+mb24WkG9o+zUvr6yC5Up6Rsh4GF6p8IlR82mzxn2aEKbwM146yRvm7jwn8+T/Ahc7lcGNhx4gZHOGMEcrk8ZDVD/J6KSR/V/WjD7BapHInhD0kkDXBuF/T+CQMEQf5vUtrvd3nKb5pQNs5MLR/35H9fL5oWvUMpFB6E0ofqn0hoaWn56KOPeH9Kjkjzu3TNy7gtayx3g1Ih/fF3J/7pPTiopNFoMJ5Q/RMGUqk0JiZGJBJ9+OGHgvcKN/yX74FTc9WjZp3e8GmAwxfWxcTsuLN/v/DEiRMbNmxoaWmBUR0fGghXo7W1lUwml5SU6H7p7u6OioqiL3n67OHZmhYw9t/5T59nBjNCQ0Pb29u1u5eWlpLJ5ObmZhjbsQFbvRho7IaE7NmzZ/t2ww7K6urq4uJiWWcbK+zp6NW/0JG7lKduE6eqVQ/8+pXEjptP1zd71/yPjDLn6cTERB6Ph8c/zs50/PjxrKysxsZG2ACA3o9R9PT0IAiSl5c39jYikYjD4SAIQiAQAAAEAoFKpcbGxgqFwu7ubnM7CoVCBEG6urpgnM0Bqt9l6O7uptFoOTk5jjtFXl4elUodo4S4OWAmQ9egv78/JiaGy+Xm5eU57iw5OTkAgIiIiKamJgqFAsNu2GsM6/3Ox+Dg4Pr164OCggoKCvQr6w5CamrqpUuXzp8/TyaTYfCh+l0vfTqdXlJS4gTpa5GcnNzS0gILAFS/KzE8PBwREREQEOBM6esKgFQqlUgkRCIR3giofmdDrVbHxcUBAKqqqrS9N05GXFycSqUSi8WwAED1O9v14+Pjh4eHa2trXSJ9jHCA6ndHaH3X5bLTFgC1Wl1bW+vkqhcGAcf5OKnOrVAoXFXh0QeBQBCLxYODg1u3blWr1VD9EA6XfktLS21tLYlEwgIfPB5/9uzZjo6O5ORkNy8AUP2ORWpqKga7Gkkk0vnz569evZqamurOBQCq34HYu3fvxYsXz549i8Fedm0B+PLLL3Nzc932BsGRDihArVYbtyDffvvtY8eOSSQSzA4x0BaAiIgIPB7v0AEX2AUc6mQ/SkpKDEaSCQSCiTK8TDvYbs+ePcazDkZGRuAYT4hxoB22oF8YqFSqbq7JhBhoTaFQDh8+rP9jZmamWCyG6ocYC42NjQCALVu2TOh5VW1tbQbzy+h0OovFguqHGAs8Hg8AQCaTNRpNWVnZxJ1SqD/Bsq+vT1sxntyTY6D67cKtW7d07d2ioiISidTU1DRxL6e1tZVIJIrF4oqKCu1FjT3vDKrf3du7+m+RsrKyenp6JvQVSSQSEokUGRmpvSgKhTKJ275wnI9dCAkJuXTpksGPAQEBQUFBr7zyCovFmigXMjw8fPHixZaWlitXrtTV1alUKt2/mpqamEwm7O+fzOjt7a2pqWmoF0uvXFP8NKi6e5/gjafMJjECl6x9Ppab8DKVSjXYRSqVGktf+xBYu3ZtUFDQBJL+/v37i4uLFQqF8X+Li4snq/phzUcjFoujwlfSFhCT4jyr3gXt1UD5BdC0AOUXoPsfoFYE0l/2pC3wDQ9dVlZWpr9jUlKSgei5XO758+cnaBzu3btXUVERGhpqoBACgTAwMGC49ei9nqtHCt56nvPCdNp8vHbVPYI3DpnnxY5eKNz3Ss8PHbDej2l0d3ez1ofSF02vFYGRf42TNOrshyCIPj10DUPbDdLX16ebI0IikTIzMydN90hrayuXy9V/ey0UCvV1Ly7dHLUaT3saJLGBGb8AtKdx4SELyj4tgfV+LKKysjJj17bdLz9IT7iPn2LpXoWnPfKP+wgPFPbfGcjIyAgKCkpJSeFyuZNvtpRMJisuLj569Ojg4GBQUFBzczMAQN72SWrqjl7FfQEfsNaAseNW9zXIPTKFMP2Z0rJabKYWdVP1n6n9+84dL1fkDTGXmakQmgyWtrrfCeKypi5bGfHaa9nG9YRJhuHh4crKyqKiItH7B3qv7MvYK9nNA+kvA2v8AuSXThUe/JC3OQmqHxOun52VKPloCJk7lu41pqSv/fDjLRC2fWqe4DBv85/dYzSY+tSHq99475uKfGDgF2PYxOPugU4QlzX1zT3CpOQ0qH5XQi6Xh6wOFL+rNOn6lq8WcVUGXniVKGlododEmZWF67IFEskRoO8XltjE47DfBBE7iHmCw9pX41D9rsH6yJDowNZM3n3bpK9/X4/VeJz4PLDxq9ZJ7hdtn4REJIoPPOH6tiwq0wli0kmShibs+IV7zW6pqalR9F7jv2SX9HWbJbIf/sZLVl5ePplD9nA4eVvqbp7V0jfejLEIvLn1fnLSVuxcnHupv+iDPEGqkuBll/T1d8n+s6q4SDCZ/eJEoqLvAX+TXTah25gff0812I0dv3Aj9ff29spk11lrxrpPwMoCsHoZIHr8IJfLJ6vxFxWfFvCBzi9stgkdhPyB4iNFUP0uqPawmA+Mu+rsbPdEh9yvrjo9Of2i/YSsR23gF7bZhG6vqFUPFDe7MeIXbqT+hnpx5KoRtIxfh2eXqBs+r5mcfvG3k6yQx137aHWPsNdTqqurofqdCumVa4xFKB9TA8Di+eB2b8fk9IsvpZHBaD4ntQhjDDY0NED1OxWKnwYpfugfdjoR+HgpJ6dfdAyh5Rf6xYa+cEgqlWLhAt1ohLPq7n3tUER04e0FNA8nZ0IoRb8aRb/Q/Nr3T/bt6+/HRA5dN/J+oq+3agj9ww7fBwPKyWkiqiHgCL8g+oDh4WGofqeCMoukuIPyMXEADPwCBu5Nm5x+4YND0S90L31VI7Mxkj/djdTPWL5U2jnOjbEB138AjMDJOdSHQvZEyy/0I9yvfAojqR3dSP1hkXH1zZ7oSh8A8EWrZ9g69uT0C/p8A7/AoXHYq73+DAYDqt+pYLPZdZe81KOo2T8OABwA5XVenPiXJqdfhIXVX0ZZ+gCAhm9wYWFhUP1OBZVKpdEW131tVvo4K6UPALj4v4AyZwGCIJPTL7jZdU0eBn5hs038qjhCTV0Hh8OB6nc20nblZh+eZtL+rSoAuo2zCqanpGVPWr+Y70/zX6jvFzbbhA4XOl+kUOZixC/cS/1sNptMCThU4T22pi2UfuFpD8L033K53MnsFxmC7CK8vl/YZhOPMIWULfwuJSUFI1fndqtXlJ44ffCk16W2ce4WzszjW/cn7QT5x31KjlVM7rXf2HHxZMqSQyftsgkdCs+9SJjqix2/cDv1Iwgi+uDjhFwf+c1xKqkGctf/l/wmiMuaKjxQ6A7TGkvL/nHw5FQDv7DcJnSQ3t6YL/pv5y/TDdX/BLhc7p63CiJ2+Jh7AhjfQtyTM/QiUqempL3hJlPaEQQRfVCSkGPoF5bYhA5y5dq4NKlQKMSUX0zZu3evGxYAxooVlLn+m3fVeeA0wUsfelhsAoWnPXh/9fpLzjuZWW+4T7joywJJM+ZszfycufQBdbalNqHv+jHbOlNSUnfs2IGp63LrLLatra0J3P/jCe4I+Upzc74ed1ZcBrkfP4WfisRx/lRVVdXY2Ohuqz1XVlampW17fvn9qv0PLMznc6hy6hBhY8HRBoFAsGXLFqxdkVurPyEhYfXq1VQqtbhIIJNdZzEfRDNH6P6A4geIPkA1BPoHQYcc1Ld41jR4UeYsSEzJ4vF4eDw+NTV13rx5OTk57haxHTt2nD93juCpEvJ/YTHvjVmnJly4zt72l6ahoeGLFy9itIHktkk8Dx8+zGazdcnpe3p6RCIRhx2OzCcTvPEAAII3njp3RiyLKXxPYLD+nFKpDAgImLgJa21DW1tbQEDAwMBAVVVVVOQ6ZP7M7bzfiT+c33WG8iiPZ9Ps7nOLzp74Q2Yai+a/MDQ09NixY4sXL25tbYVZbDGEvr4+Go1mz0oT7e3tNBqtr6/PfYIWGxurv47dI7/gcBAE0Y7ZJBAIVCo1NjZWKBTq/EIikTCZTGwugeGm6g8NDTVIR24DhEIhl8ud9Mt6alFbWxseHm7bxXI4nIqKCqh+rNR5eDweKodis9kGC31OSoyMjNBotLa2NpszxSMIolQqofpdX3m1s86jj1u3biEIMrkXNtRoNCKRKCkpyZ4j5OTk5OTkQPW7GEFBQRKJBMUDnj9/PiAg4N69e5M1Yj09PQiC3Lp1y56DKJVKBEGwtni9e73rPXToUEBAQHh4OIrHjIqKio2Nzc3NnaxBy8/Pf/311ykUij0HIRKJeXl5GRkZsMfTNWhqaqLT6Y7opbl3715QUJB+f8gkCxpaVXbUH7yw5oOJ0Hd3d0/KDlAmk4li0JqamhgMBnZ6ydyl5pORkcFkMtGt8xgMBdu9e3dCQsIT41ukUoyk7rB5aAOJREIxaEwmk8FgHD9+HNZ8nPr4ZjAYTmiYbtmyRX95Qz6f39TUNEGDdu/ePRqNhno7VduGxshDEkxKres/WwcGBuh0unOqm9qejebmZm1nKIFAeGKtT2yjsbFR/2teXl5mZqYjTiQUCvl8vv4v2ohB9aOA9PR0/RuZlJQkEAicdvbm5mYajaZUKkUiEQCAzWZPoHaR7sWFthljYpFq9J4q7e3tOntiMplQ/ajdxaioKJ2fOafOo4+cnJxt27ZpV6glk8kTJW5EIlFnyTwez/6RIGNALBbr7lFmZiaBQHBJU3iyqX9kZEQ74qqpqUk7lM2ZT9W+vr6urq6LFy/6+/vrWlY2DxBwctwAAHg8vr293Tnj0qKiompra3t6erT3C623726t/vb2dq3m2Gx2UlKSSCRyznnFYrG53JQlJSXYj1tXV5eWLYfDodPpTrAM7ZAT3Wwvl3jEZJvdUlNTExcXp/08d+7crVu3EolE7XtKMpkcGxvruFPLZLLk5OSLFy8a/M7lcisqKjAetzNnzmzYsEHXe6vt5RwcHBwcHNy0adP27dtROcvRo0c/++wzIpGozeN5+fLljo6Ohw8fAgCqqqpckOJqknm/QGB6BcUtW7Y459kqFoupVKrBqwDsj4IWCoXGQSMQCAUFBeiSLygoIBKJxufKy8uDNR8UapMGYSWTyU6ueyiVyszMTP177JJKrVVISkoyiBuVSnXQy4q2tjbjXG5ojTl3a/UbDMZisVh2Dk60Ga2traGhoVoapaWlGI+bjqoW4eHhDi2xAwMDBj4VFBQE1W9vTPUHFQqFQpdXOUQiEZlM3r59O8ZDp+2f1cZNIBA4p4+4pKRE94QkkUhQ/abR09NTcCifs5FJWziL6OsFACB4eyLzZ7I3soRCoc6lmpqaHqXrYTCwM+PkypUrGzdu5LDX0RbOJvp6a+fLI/PJ7NjnhO+9i5FKkVaFCII4eQZ6e3u7Lt2D860K6+oX/7/yqOf8afO9ktgeVe+C9mrwKH3AF6D7H6BWBNI3/4aG/CY8bG1ZWVleXh4ejxcIBBhpZYrF4qjwlbQFxKQ4T9PkX/akLfAND13mqFdLo/d6rh4peOt5zgvTafPx2kW4CN44ZJ4XO3qhcN8rPT90aM1FW0t0yfAbpVLJZrMBAI8MyzLOk7zHU959IzXpD70/3hCkqVlrwNjpk+r+5Zv78YyflZ4HDhzU9Xi6krxcnrptc+8P3wpSfxmf/Ncg9+PphOm/LT1RpauB2IuHwzWfbis6UiG/qQ5/FkSHALo/oM56nKfo6g1Q3wzONOKo1PlrwuNnzprH5/NdmJ/ryJEjNP/5qn9XWsg5MTWHtzlpcmazqix7P+O/3tj9ykj6y2OtFW6QNK9QTM0/Oiw8IOLxeK4dGJyxa9vulx+kJ9y3MOcZAKDwtEf+cR/hgUL704PK2z5JTd3Rq7gv4AOLyt6RKYTpz5SW1aJW9iYIZyzm8Txz+u3dWX+p2j/60nrg4fGE6DVmpK/9HLzkl6hgkJLdQJxGWrlypWvI1/59d/qfq965+9L6UQPyY5RbAEDwUk3Uqgcpr/8PcRpp5bPBtr6+UVcWRcVv/eAV1ujxvSAAAeOmKKU9DbbFaYZU/Vt3HqVQZgcud3rcXMcZc+qvPL5v92t7JUc0dNpjuY/9eNLPE0/xG2GHqRNfbyLPpAQGBjrf9Xen/1ny0RCd9pjzGI8sgzJA8QPsMHViloQ8kxq4nGGDjM4cXbP77a+q3gVa47AcwUtBVLA65fULdpU9m6TvQs7YqvnIb3wbwlwhFj5kLrNU+sYFAAAg/d4v5tUpEkmDM9NHyuXykNWB4neVzGVWF9onZoR1gph0oqSh2VrylYXrsgUSyRGAzDX9tBz74QMAkN8EETuIeYLDTqs6muRsXdjt4Iwt9a8PnRsddCtzs3XSNymmwlrGqXpiY2Oj88hHhkQHtmby7ttcaPXbAKe+DGz8qtWqenNIRKL4ANAahwEBjWUPn1/LHknS0OQE4zDmbBts5oyheb01pw4oFAr+Jlukb7wLf4NU9cvt8vJyJ5GvqVH0Xtu56b5VzM1tzH/poWrghhXkHw4nb0vdzTOUvubXP+PzmvsXYxF4c+v95KStDg+ZEWcwJk9HcMaQ+os+zBfwNQSvcR7Z44pJB+EuXHFxsZPIf5AnSFV6edpbaB+T36ksLhJYWvZOJCr6HmiNwyrvMCkmfvw91WC3o43DgLM5Yialb0zbNs5YUX+vrF4mHxx3CQmrELW8U3HrB7lc7nDyvb0y2XXWWnQK7SPywcBS8g+Hi4pPC/hAaxzWPjZNFgAhf6D4SJFDjV+fszlH0IxXMOzkjBX111QVskIe9fLa2RDR3539AlJdXe2Eag+L+WCKB2q0H5EPe1BddXr8std+Qtaj1jcOjfWnNtglatUDxc1uxxmHMedxH4bjbmYDZ6yov+GLS5HBtt8/czuGLR9saGhwOPl6ceSqERRpPyK/YqTh85rxy97fTuobB1qdGOz1FMcZhz5nG6RvbmNrOWNF/dLv7jAWoX9YOjIglUodTv7KtaAlDiDvD6Tfdoxf9r6URqLRQW9oHAwHGodJzvZ3dVjLGSvqV/SrKX7oH5ZMHOjv73c4+Z8GZ85wAHkS6L+jHL/sdQzZbxzGmqMvHHKccZjjbGeryVrOWFl1UDWk0Y7mQxdEwl0npBJU3b3vOxWg/t6E6AOG76stNw4Uqz0AALJvX38/wWlmZ39jD2c9Z6x4P9EHpxp6/BVn63EMdlQN+5pLtYAmeV9vffLoOQLQrp837mYOMQ4f4LgkpCY5299qspYzVtRPIeMVd+yVvvHu/aoZ2vQBjiU/i6Qlj1ahfUR+EJD9pllrHKgJdGS244wDI5yxon7G7/yknegf9qp8BoPBcDj55UulnWgW2kfkbwBGYIAFxuFpZ9kziX7lU44zDh1n4FLOWFF/2PPM+svj26G1Amq4QgoLC3M4+ci4+mZP9DtGWj3D1rHHL3v0+TrjQPHhc7XX33HGoc8ZTbOzkjNW1M+O59c1AfXoEzcDZ/39M9il5pzcCTmS2Gx23SUv9SjA2VpoTe5V0+DFiX9p/LIXFmZgHOiUvW9wjjMOjHDGivqptEgaQqr7ehw1WyX9C1cWUeYsME4dgz55KpVGW6wjb0OhNcaFy8BC8mxudl2Th9Y47Kn8PLGvB6GmrsNxxqHPGbWuDus5Y2iUW9qrb2YX4vQjYmEBMLdZdpFHSkqKk8jvys0+PE1r/3YW2kfkP5qekpZtUdmb70/zX2hb2TO3y4XOFymUuY4zDgPOqHR12MAZQ+pnb8okz5x16KRpfRhXD/R/NDFEvpZB8CFzuVwnkWezyZSAQxXe9hdaAEDhaQ/C9N9aTj4tQ5BdhNfZv701ximkbOF3jjYOfc4oYMpTNnDG1rpdpeXnDn7mcaltLJWb/GoA6fd++cU3S0pKnJmkoPTE6YMnvbTkcUZUjS/HnEylnSD/uE/JsQrLybPj4smUJTrjwNn38Ck89yJhqq+jjcOAsw3lVn+vwnMcGzhjS/2If6BI+NeEN3Hym2avc2zpAADkCu+4TE+h8KAzpzUCABAEEX3wcUKuj468jqeH0Qez5G+CuKypwgOF1pIvLfvHwZNTdcaBs/XhI729MV/0384xDgPONrea2n6KtY0z5ma10xnhJJ+7W1+7xKRrqLOt3l3a5ROTMT0lNV2XGN6p5Ol00ow5WzMvMJeOGJC3RI7SThCza2pK2hs70nZZe2oSiUSlIqnZdeywEdK0J85o+cNHrlwbs61TINi/bt06J4TLJGdrW009qpDoZJltnLGY0YSxaj1l1rTNGZ974B4G062Y518opqa8g8vLf4/P57uM/IoVlLn+m3fVeeA0wUsfWkH+tEfKft+8dwr4O9NtLHvLAkkz5mzN/Jy59IGu7JmrN5qoLt7eGLOtMyUl1ZnGYczZqlbT1Z9io5NlNnPGbi631m9aEjb93hP8LHx1dNw5XxdaiEn5+NlzaCdOlDm5wmO6AiOXJycmKHqvCfnK8clfBrkfP4WfipR8Umk/+crKyp38lNf/NJrOvWtpLq0ppMJz7HxRnUAg2LJli/PDZZKzyZQwj+fjT5l+9HN2rvCcPZyxq/6MjIx58+Yh82cWF74l+76HxRzRpraj+D1ObdchB/XfkGouelDm0RYHLFOpVJWVldi5hOrq6uIigUx2ncV8EM0cMUG+xbOmwYsyZ0FiShaPx0Orqi2Xy5OTEhX/vibk/8Ji3huz3Ue4cJ2de0iG9ySUlJS40DjG5qzRl76H98WuP2a//739nDGq/kuXLiUnJzc3N2sHLfX29lafKv3qi3+2tHYpfvrP8H01wduT7DedsWJlWPgLHA5H28u7YsUKkUjkuAXZbUNvb291dfVXDX9v+eaq4vbg8H01wRtP9pvGCFwctu6PnHiug7rVq6uri48clnW1sZ6fGR2sov/2AWW6gugDVCOz+5VPddx6pv7yaE3ddcqceYmJiSiWPUdwvjsy647qqY5bz5z/10MUOWNU/SEhISKRiMlkWtfklUoTEhJaW1udMKp5ouBR2fvqq5aWFoVCMTw8TCAQyGQyg8EICwvTGYd7csai+gsLCxsaGqqqqmzYd+fOnfPmzXvjjTeg7iEmnvoVCkVISEhTU5PBGkQWQqVSLVu27OzZs1ho+0JgHB5YI5SVlbVr1y7bpA9+XXgnNzcX3lqICab+uro6mUxmZ289l8vt7+93QhofCFjzQQ1qtXrVqlWHDx+2trFrDJlMFhMT09bWBpu/EBPD+99+++3Q0FD7pQ8AoNFoHA4H1n8gJob39/b2RkREtLa2mlzI2wYMDw+vWrWqqqoKNn8hsO79ycnJe/bsQUv6AAACgbBnz56dO3fCewyBLfUbJF05c+YMAAD19UI4HA6JRDp69OgYp4Zwa7hkIdv09HTdkrpKpZJOpztokeSenh4EQfSXoc3MzNRAQGg0Go3GNd5fXV2t65Hct2/fiy++6KDkGVQqNS0tLSsrS/u1rq7u+PHj0PIgXOn9eDyeTqePjIy0t7fTaDSlUum4c42MjAQEBGifLUFBQQCAgYEBaHsQGo3GBerv6+vTFryCggImk3n27FlHn/H8+fMMBkM3+LmrqwveeAiNRuOCQa0ymUz7Ye/evYGBgQEBAXK5fHBwcHBwkEAgoNLfDwBoaWlRqVREIpFMJtNotMWLF+/atUvXu+rCRckhsAMXqL+j49GKDHfu3JFIJAsXLtR+RRCkoqICxR7P+Ph4k+vYdHR0YG0OAIS79Hhev37d+Ecul9vW1oaW8QMA6HR6W1ubyV7UGzduwBsP4Rr1X7161eAXgUBQVlaG4qsuLYhEYllZmVAoNJgBZEwAAvb5OAn6Qw8oFIoTWr2NjY36FX0EQWCDD8I1/f0qlUr7gcfjdXV1sVgsR58xNDS0vb1dN/PfCSv4Qrid9/f09BQcyudsZNIWziL6egEACD2TOyAAAAUwSURBVN6eyPyZ7I0soVDY09OjfbOLx+PxeLxIJNK97nUaCgoKtGOedW8YLOEMMVmBzhjPmr99VnRoj/yHnvCV6uiQh3R/QJ31OHXH1Rug/pvfnGkE1AVLotbHHD16tKysLDQ01CWlvaWlJSEhoaysTHHzhoWcE5O2oz4GCQILsFf98u4bqUl/6P3xhiBNzVoDxk6fVPcv39cKpvk89XR5+UkX9rh/d60tNfmPP/f1WMg59+MZhGnzS0tPwLcEsM/nMSrL3g8JXhK57HrrZ+rY58C4mcNYq+9+W67gRd16LjSkvLzcJRdcWfZ+ZPizG4K7LefcfKx3U9iPLuQM4SDYnsfzzOm3d2f9pWr/6EvrrUi1CQAIXvJLVDBIyW4gTiOtXLnSmVdrjrPJxx8OG5whHAcb3/VWHt+X/eY+yRENMtdUS9pcNevXD4xnhiQfjUbsyCUQCE6rUpvkrDHDGWeQPc9FnCEwV++X3/g2hLlCLHzIXGZW9xrzPqr7LP3eL+bVKRJJgxMmHxpz1oxZUPWp6pN3JmcILKp/fejc6KBbmZtNSH/cYxnoqbCWcaqe2NjY6OjrNOBsifTNFQCncYbAXKu35tQBhULB32SL9I1lx98gVf1y29GtSQPOlkvf5MbO4QyBRe9fv3bGrvjB2Odskb5JQ71wZdG+0lkOtVIDztayNX4COIEzBOa8v1dWL5MPGizHYIOY9LePWt6puPWD40YfGHC2ga3xg8LRnCGwqP6aqkJWCLB0RZDx9KSTFPsFxHGJB9HlDJzCGQKL6m/44lJk8FimaBvClg82NDQ46AqNOdsvfUdzhsCi+qXf3WEsGkcWNoCODEilUgddoQFntDLXOZQzhHNg3dsuRb+a4ofauXWvk8jEgf7+UQddoT5nFJM2OpQzBBbVrxrSEH3QJ0Ek3HVchrWJyBkCizUfog9ONeQAgQ77Oi7VuD5n3AThDIFF9VPIeMUdNE+vlWO/agaZTHbQFRpwRqsAOJQzBBbVz/idn7TTtIJtlj4A4Kp8hoMyGZrjbA9bJ3CGwKL6w55n1l9Gn0TDFVJYWJiDrhBFzjhncYbAovrZ8fy6JqAeRaciodu35pycw+E46AoNOONs4my8i0M5Q2BR/VRaJA0h1X2NQuVHf8wMZc4Cx62ZbJIzznqq+rs4mjMEFtUPAEh79c3sQpyx/VurJ9322UUeKSkpDr1IA85WETa5sRM4Q2BR/exNmeSZsw6dHF8ilki/sJZB8CFzuVyHXqQxZwsJm9zMOZwhnAA053ZZOFsKI3O7wJNszU1GM5A+nNvl1t4PAED8A0XCvya8iZPfNKFsnKmWpfYXD73f5QrvuExPofCgc2Q0NmeT5I2vwsmcIRwNG3M60BnhJJ+7W1+7xKRrqLNNlwED0T8xO7bLJyZjekpq+o4dO5x2qZZwNld6XcUZAovqBwAwVq2nzJq2OeNzD9zDYLqJpCbmZFQopqa8g8vLf4/P5zv5asflbA4u5AyBrXr/E5WB7hvJW1iKm93CV0cN5nwZ40ILMbdkBn4qtaTkExdWHiYiZwgsql+L6tMnigvfkn3fw2KORIcAuj+g+D3OidkhB/XfkGouelDm0RKTUnk8nkFCfZdgInKGwKL6tejt7a0+VfrVF/9sae1S/PSf4ftqgrcn2W86Y8XKsPAXOBwOBl8PTUTOEFhUPwTExIIHDAEEVD8EBFQ/BARUPwQEVD8EBFQ/BARUPwQEVD8EBFQ/BARUPwQEVD8EBFQ/BARUPwQEVD8EBObw/wEbtQHiXTWJHQAAAABJRU5ErkJggg==</file>

    <drag>
      <no>1</no>
      <text>1</text>

      <draggroup>1</draggroup>
    </drag>
    <drag>
      <no>2</no>
      <text>2</text>

      <draggroup>1</draggroup>
    </drag>
    <drag>
      <no>3</no>
      <text>3</text>

      <draggroup>1</draggroup>
    </drag>
    <drag>
      <no>4</no>
      <text>4</text>

      <draggroup>1</draggroup>
    </drag>
    <drag>
      <no>5</no>
      <text>5</text>

      <draggroup>1</draggroup>
    </drag>
    <drag>
      <no>6</no>
      <text>6</text>

      <draggroup>1</draggroup>
    </drag>
    <drag>
      <no>7</no>
      <text>7</text>

      <draggroup>1</draggroup>
    </drag>
    <drag>
      <no>8</no>
      <text>8</text>

      <draggroup>1</draggroup>
    </drag>
    <drag>
      <no>9</no>
      <text>9</text>

      <draggroup>1</draggroup>
    </drag>
    <drop>
      <text></text>
      <no>1</no>
      <choice>1</choice>
      <xleft>141</xleft>
      <ytop>22</ytop>
    </drop>
    <drop>
      <text></text>
      <no>2</no>
      <choice>2</choice>
      <xleft>90</xleft>
      <ytop>73</ytop>
    </drop>
    <drop>
      <text></text>
      <no>3</no>
      <choice>3</choice>
      <xleft>192</xleft>
      <ytop>73</ytop>
    </drop>
    <drop>
      <text></text>
      <no>4</no>
      <choice>4</choice>
      <xleft>57</xleft>
      <ytop>124</ytop>
    </drop>
    <drop>
      <text></text>
      <no>5</no>
      <choice>5</choice>
      <xleft>120</xleft>
      <ytop>124</ytop>
    </drop>
    <drop>
      <text></text>
      <no>6</no>
      <choice>6</choice>
      <xleft>162</xleft>
      <ytop>124</ytop>
    </drop>
    <drop>
      <text></text>
      <no>7</no>
      <choice>7</choice>
      <xleft>222</xleft>
      <ytop>124</ytop>
    </drop>
    <drop>
      <text></text>
      <no>8</no>
      <choice>8</choice>
      <xleft>27</xleft>
      <ytop>175</ytop>
    </drop>
    <drop>
      <text></text>
      <no>9</no>
      <choice>9</choice>
      <xleft>87</xleft>
      <ytop>175</ytop>
    </drop>
    <tags>
      <tag><text>Dynamické datové struktury</text>
</tag>
      <tag><text>binární strom</text>
</tag>
      <tag><text>BFS</text>
</tag>
    </tags>
  </question>

<!-- question: 12156  -->
  <question type="ddimageortext">
    <name>
      <text>Průběh DFS (kopie)</text>
    </name>
    <questiontext format="html">
      <text><![CDATA[<p dir="ltr" style="text-align: left;">Přetáhněte do obrázku značky s číslem tak, jak se budou prvky zobrazovat, pokud budeme strom procházet pomocí DFS (Depth First Search - Prohledávání do hloubky).</p><p dir="ltr" style="text-align: left;">Pozn.: Průběh prohledávání uvažujeme shora dolů a zleva do prava.<br></p>]]></text>
    </questiontext>
    <generalfeedback format="html">
      <text></text>
    </generalfeedback>
    <defaultgrade>3.0000000</defaultgrade>
    <penalty>0.2500000</penalty>
    <hidden>0</hidden>
    <idnumber></idnumber>
    <correctfeedback format="html">
      <text>Vaše odpověď je správná.</text>
    </correctfeedback>
    <partiallycorrectfeedback format="html">
      <text>Vaše odpověď je částečně správná.</text>
    </partiallycorrectfeedback>
    <incorrectfeedback format="html">
      <text>Vaše odpověď je chybná.</text>
    </incorrectfeedback>
    <shownumcorrect/>
        <file name="SPS_Moodle_Testy_Binarni_strom_neocislovany.png" encoding="base64">iVBORw0KGgoAAAANSUhEUgAAAP8AAADWCAIAAACRycNjAAAfWnpUWHRSYXcgcHJvZmlsZSB0eXBlIGV4aWYAAHjarZtZdlw3lkX/MYoaAnrgDgftWjWDGn7tg6Aky0pnuknRJMMRL+IBtzkNALrzf/973f/wr5XqXS6tV6vV8y9btjh40P3nn72fwef38/279+u18PPzbtevFyJPJX6nz/+28XX94Pny4w3f7hHmz8+7/vVK7F8fFL5/8PuXdGc93r8dJM/Hz/Mhf32Qnc+Dar39dqjz64PW14VvKF/f+fuwPr/0/+6nJxpR2oUbpRhPCsnzM6avEaTP9+D58H42ruMnj3Myx6+Yvo2EgPw0vW+/vf9tgH4K8rdH7vfR/6Pgx/F1RfpdLL+udzz4ly+E8rvn0/f7x9/eOH0fUfz5hRLC+mU6X9/37n7v+cxu5EpE61dFvWCHbx/DhZOQp/e2ylfju/C4vS/jq/vhFynffvnJ1woWIlm5LuSwwwg3nPd7hcUQczyRnMQYV0zvuU6OLK6kPGV9hRtbsrRTJ1krHpcST8fvYwnvvvbut0LnzjtwaWTC3Dj+8Zf7dy/+lS93r2IbgoK564sV44qqa4ahzOknV5GQcL/yVl6Av319pd//prAoVTJYXpg7Exx+fj5ilvCjttLLc+K6wu9PCwXX9tcHECLuXRgMLZCDryGVUINvMbYQiGMnQYOR0whxkoFQStwMMuaUanQt9qh7854W3rWxxBr1NNhEIkqq9FMnQ4Nk5Vyon5Y7NTRKKrmUUksr3RUro6aaa6m1tiqQGy213EqrrbXerI2eeu6l195679aHRUtgYLFqzbqZjRHd4EaDzxpcP3hmxplmnmXW2WafNseifFZeZdXVVl+2xo47bWBi191237bHCe6AFCefcupppx8741JrN918y6233X7tju9Z+8rqL19/IWvhK2vxZUrXte9Z41nX2rePCIKTopyRsZgDGW/KAAUdlTPfQ85RmVPOvEWaokQGWZQbt4MyRgrzCbHc8D13PzL3p/LmSv9TeYv/KXNOqftvZM6Rul/z9i+ytsVz62Xs04WKqU90H9eM2B3f3vPjb/9mKr3O4Eatxv/eQWQS4cl9A3CnUvWLpp+n857jyx5vvme3m+uuoY9DRc/dy4FzLbrI3AqQmO65FuvM9e+N7B9NLVm8Idd5W52ujUkdgeBMAeBOIe61QbjUttUUmwDmMrPpW3j0nm0R4RPIcmeKtcVghqyhCjfAfltK4aZYzd9BMKAaMIRn+SL7+/L+NdMZhebJd+Z8KrV/IaR0E7Fy5do6jZraZVwKq8S5IXYG2wbZT5saAv/hllE2tcst85h+5+zvJAWrIAhOKY7ySrARZR7WsIsiKbXf3ijHuRhrSb1lPiJSaGfsc1qcdAyFfXV1sBtpnL3cAenH3vn4ntbxRk3EufKMYbbrz+b9g4rbMzIh+qjtcGI61d9duHQNQjJmZ0Q5Vz598mE2LhODACtd7fct9EBVesbdkQivl6shUfbrb/dHL/zV326MQ8/2PaolYIhxnLVinDR5Ldb7ulOgd5CpD7kWv+F+iDdvxELNtwM0cSO0QDNCOVRYM8fGx86TFv1JOeWY7dIuVASgM1cqjRCtRA/bOLOs3RfC6Z7l9qydNp/baOVVCXvKA/JdAFnx6RQ6DrwZLR4rJ9ad5slt+j5LRUk0Pp4L4TUL827QI0dY8Y5kd8V5wBFbfdCkM1FeYByjL0TBQJkK1jaqsXg7VikdcMYc797cTgMDZPcFblcPNVO1iBiwfI0FG9d9rZ2xZoF5Jyoo7nOX+UOcF5CEGC1+ElKm1zypT+fcAQQz/woiQB/ndoYSeLATkEOFzmsBBTUS70R5rFXTaM5yGpDETdwr9XrAdH7RnyWZL+3WrXqzsmboZ1bgU9oPkuDmFDl9Ueo6R3VE+/N6qcDUsRvKBdJWLLPRkKV09FbYHYFwI8VvSI2DxMh8fNEsuCoQh+yKXAAP/unv339QWXamUUc7SScyHTjE75M3r97KMKgfKpWuW54Ze+KZLnF2sd19kf5hky++BMUVCqVd1yFK1OicI1ug2QaVduth7mFUOGgLHOnsaWM5YEVRCJsiqLYjoD8vw8i867RhYfv2OAfMAz9IG6XNB1BbQFgMEChdEqZbTALsKlRwbDPf2GGBdlvJFzpZoM6kIorsSnkx+P47kHdyFGggoMItWATw9YkeXKM1tTB0vWuVVxwwFq1JOatvm2JGh3vg86x44SaqKvR663K8yw69X3T/DrPHTyCArTit0chp9us3BQ+u0m8e4ERfznNBK3CC9CxV9on0CEWmOdHdBgO0TckdQc2pY6mTByXD+Poccfu4a+uHIr+i/iwSCRM8ohZpEaK5BJ9xQsF/B9rcry/M2Fa+Y4iQcOD03kUV01MR+MANbQVzZTR9OntSLCAilD2nl/KCHKEyL/5CDfRZLwVRiG8PFCfEET3fbaK5rLbV0vQ1Ec+YRQihHMc7yOPiPTfAKjkulAxh2NHTc+0AFIcYdiqggU6h3/fzbCM2a5w8V79rZtcljQxD10BVKGcT390OAmsfwAi+Gx2/tyb1DjreRUoRLf4Y6EGK5gzENiRXqW+6eaPVchuDPr8TdJuMsTBACHnC+wFeg9GaUuUbvG2r7AaEXMqMiN7g+l6NPJ+K7FKjmu1FNg04WcsyuItRQ2+mXkBOO1mOQ/BNg6TbMx1KuKZhatCPFkFOCPTOlr0x/dnqNtoQGT0jAYb1mfy46JO4DhQW42hbIhgQ66oxR8zxNmBq6LmhW+gMiD/TscvvFOrifYg76hONQAnDCsDlPQmtVqfajg+001z/XStCcoFbZZoVyob1UBNtZ0iMp6CZskCavQ+WoG0icBG14G9xamMAm3RgbINRN3c15NOJnY8B1i+pKKvZTKReCbbQ7aJuIVOTV2sb8IFFiD+qDXLpBxGqFzdEBMkyEN5HoZM9kgGL58pgM/4BmUbXUpKwwUJtAwkOiv1o/64inFnsjfihvCwg8Iy6BBgivmQGJBUEuedFfs14wA9KnvImkd1tKh0V4AcaUuOlkmGhtaXiEHswYwmAZQBcUEsY/GBgHqU0vWbQ+lxho/Vdy6mhp9OaBxUn1hLE8gzsSpxzB8yYHOFvYPGY2BV65FgGf9BbzcwjHXdwmDn+X5VQ4bAE9B+E2MCpUcwdf4xGoPVOyKbaVWVWZKOWGC6dLKG3JYgd2G+Li8ZoJaSBah9pt4yaEekDXCsU6elGqNsIO2CnDlyRGUYmo0yILJ3rgD/BDD2JTZm2/UntZQPFul/NMh80LrCEkiaelhvTA3FweOtLDYJX7pd6/KPfCG54s9Ntlwwc8N0jPVNa3Hj55qCnWjBw82Y8PiwJWMkM4PsEhEnLChB+yevQXugiZgT/0dpMsHQ4hZB59JGuak3Wh/4nDx5e7XAND4h8iuekWqhv+A+xdPJCH12mPSnwdgy0rwtZsd3CJC6p856z3GDyawdeSYtMGT0KnlhFomOC8SMFFSq8GemgU/kk5P2Gc4+LyxD8xJ3oXejcZFVn3sl2LQ8MsdZUZOyaPaA/lQCQkEIMVFT1KGIKwxH3Qq/wREG7c0ucEpJndx4iKjJlKYKkFdCxRKeAqPjxAxbSLAfU1FrXbQ5vHem+V5JPURPm4bEACF3iSZdIiR2pQmaBlVh7bsUKG9mveIWw8FnuYxGmJfTyH/k7OTkGBFuUcMKdSEM8B+3KoORXpRHAbNQiIATTCsQt4PG5CNla1cxq/LENZI71EHJ0FvpnQW3DkKzHwBPgk+4/OCLaF2U7UdJytRtxhMXKoU4E2uyBZhiTn+jxLFGv5YEow4OC7DJ5CKblpDNogkCaG/Ffr8XQsUHvVdowf/JIQCzoTkXjvsBYUiLUwVLmAan25ahqaFPli1gPxygRCq4m0AfCBpcCdhEHAg4ULViIdmmYYRtYWFWK0lIa3mmNjBnbxmwkYTL6AXyWw2s1J0z0I2zKE/lO9uKQahj4EC0TFNqhoSQqwcYvL43fNPJi9p28KZg5C7Jke0bSt9iAuRYCD/BhiY1J26LM1NgO223xTyvqgqjBQAWpUqUUnppaIhzBiVKISByC+7Ekb8iDmCQCYPQmqgKZjJhDDgL3BY8LBw0tEihaqSJ6B91/UJ5YOSRjgtYzxd+t0oBk4swl26zLGzYm4LLx1FijAhrSmGAlYTdZp9ockgtDjztHxw+Ics6s9d6IvtkDJTkMHGwHZTmxhka1QyATfL4Sc1ThRrcgth0djflBmZqKMdH/8CmzrQg0iUHa62wh4tFCh2gsduTJIUzdPBG5WFFqzKGY7gMG+JLbM6gbJJbRT0AJ+gwnJxpBVGB2aVLYBqwDjMBQmVPJDbS5C+ukYug3RDTKYy/U1UwoYdQ7MKuVt6QlbW12UO8oBQwqQgv4xPMUPGq4HWuIqdHq3KEVaaTcEkqgAUpnhREBepQqsgvClsmMGRBGFFHUBWD5iSLcD65AtPaJMjbehcRMLR05WGjMk04s1WYye1w0VlDPYgkzMglHAZxMF4bRpEAfgTjadEF3ktgDh+G+ppb8UdTYcvCvvSggeYDvaNQNNTcw35sGcBQKkDNxB1RmX8HXKmOaNa3QPYJHxUpumRXuR+svDEr1St8dyRjpxr0d4phUgy9oAcYb31ooDp77IvewfPJFuLTlixjiglR94mpeVa+tZRn44cL9HsW0bOLndufWRVyz4U9ZfUYdGUiA0qu8cJSbmAQe71/AMMLRQcVEFNzdUgH4skcSYlc568hj6QxeoBSWolL5OKSvpx/PgGi6rsnKJ7Oo02EXwK+SuD/mFJLMsEzxsQxZOkwa0paA4awEgHIVcyTa/cl32g+2oq79cfrw8/gdr5Dj/hOaAjHSUU7UgufO4EOmEJwUmA/0lUSmXDiNBIehshav4zHB553Rkeg2FASqut2MDtgRLIFbvWgoZnx/ADwFShGVxTvAhanF7t7e/icMgWgftDdE2GTA26h4ifdq2NUQWhQB3V+l+4nCc/1E8OCvP2snmNXA7bdp4QYVOGVftLJV0edQ24mz4+0G7IcVxooy7EKm75IVw0RQthvZiqaFWRG1Ra4WLYz0xxiCQpSvXW4n8ktxa3UhZQrSmBwaGk6ne8TC6OgmBbwFXiQTokNQafmYuN6CRbqoMJgcLK2VNvHtTjcwD9j89QAK6jgTLEMj5420CrKVYHgEdsCxGLD7BAy0JciYS/AEDA9l14gYJTSjBkwIJHXQfryzvb2jF6uOSBWY8bXwXlvFBGSidAEICBWPg5pqmcpGhGlNi2ySN/zceiIECQBA0neGQoBOVcEUZSw4TQn7MKUeeXpoaQk8gu/owK71HMQDrI7GQCcQEoqEz0Qk59TX6A3niHOmrxFMCaV9Id+JDscndAhyDeQyqpmyw0AdBFDyWoo5r7/9bm/tD20J0jGoRboIGaw1L8gZJDQSTrW7kGaGF1aXGzjtwC0MB5mLCTnkEPXxirF8L0Yvv6LNs40NBND7ZkDVgT8BIRvBfAoAYwsXnYpHBnlSuMgT8Ei7rEU2fgGUCDhKEvLAzk+ASqtEK5B+iBbjg0lBeBzMeT5Mpn9aqgU8Ip2+UWMYYqwyfkVmri+strQ2CVX9JFfAn6PdFjolqikO9poY42gnfITypLNQztuqlnQAjgn9AMleKxQZ7bRboeK0nXG1ph1a8xRLF+tyR5LJFYm6Xl7KHJaa14TKfjWkPiIJpG4HKE9LFtWBT1sLB4PS6ZPKETcrVLVSu72mIGygYAbduTPqF/rHMUIY6bMESFBDWE7aBhBp9eCWPFGWzGi6oL5VF/X6mGpbXsJljvU0mI+omZnipW1Ni9wOssC+EUzKulLL4D5m4jTTTgGuCp8UtYFWYcdIXqjwKsUWJf1lLJvWamZx0wMKpg0fYDNOCK9hY9AaRR1L/8dBTOlwxABdAd7sLeGOU80wZEScUD3WHGpdBzTUcBQL3WpjgKdUXkDT8qw1KfxAt/E51LjVJ0Bmk9xOxB2J1NYFakG6emSgtfKIu5DyjQsrpOXzYVrXBknyZlIJfBtqCbzBVLtDYKQ7JL8ddg1e0t4HyIUJ802ViKHXSjsKRap25KuVxxC07KgN6b0YcC/mYR/wkVR5t6g7mKMzpIMLkaVHaPBftBUoDG4Ld+Hy5YRJJk5D2/JgCNUjIHkWFFUrl67F9IUdiI1aA1Dl+VD7DCmiRygbMD3P1iDoW1IQ1R+ts8OQ5RhaBhJ3LXfoAU0PoG813lvLshogP6sjaG0Iu+iRXsCUn/RDh3+kpWZRHgclsf11MGUGagxFVXnT8VIUtQPRm1nXKw1+0X5QZVg0iCRGyyAHwDuDB/waYznZ4RwswCxIvFO6fAOkkMqiPwkTmSD5qBqBFSCtNYhSoIWt9WmEsbpxU9jeQXjg09TSLfaVKsPZ2TtlRFMV7WpoBPQdQSaNyX/ii3miw7RXg7Ki8KMbS6dJvjQM3IswVr1AJ7V7bVyvGT11wyylk5gJSgVNQlhhg0MdrZriSg4JvG6qWnME3LQxjYLPDTcNP2r7B/XQfEdPcokWYB/FQEPnZ+/r3gNZPCwCdeLjA/2SN7CBa1lwh9lHMmi7BRSrSRtY3Askx4dolYl4k7WZla6NgxwR2kHcIIyXhOmtuAptlWRDuwKyTVsDWrlheOi+rr1FvLsgyKH4Gu6OiqmnTDoXlRBpLhoVvQz0XG1sQWX+HmC3iqq3VmAbL6aeh3wMoOXo8JuZ0+sQyQU0mGcQh1oDqYu2axGvpAB0XVpbhD0liTIYf9EY2mslLLJZuFrGjorHgp6lVfqHqNoYRqMSGt7XWqo4WXjFUI+gdxOozIMbVhWE6M5TsMgRHTBB0nRsw9aSKxDUkH/ksIlX9n3hCEA/7jaq6bBunxQeytdl6a4beogwRSFrqYHReCxEMwA2h0cfIw5QICBNVYMdepvhUQ4bAjXZ3J6daupWLKbwKOIkAsOGV2EZfDu5/qyzoaKR9FVIVlQGgExqVe4T6uh0gIuQ8A7SoOQoIEFAWrg7SeBoSRzNoKUPfQM1mFtktFgOxchtsVNI4U7UXFaVFVnVc4Fx07bveL1WiPR4Q5VQCtq6IamTQVZtyEam4UFprUbQ967TGbRS29e0J03xtaGPiQxZKg4N0GXATT0CB2rZBYM1wVWtZxStkuVxlkNWB3JuWujkBmeIHz1io2o/9FasOGK4PdPun+Cwa1BBw3zBdF0HXSDL47RaNvpMKIiL3qdmTatCcNpQnCcgtSvvI6OkKL/+0lY9hEMncBnanho/jhxDpFcHux5Z01HQs/ZA0a5Jq3T1yJszyexpipCHdjEI3AR5FH7cGx3jChYfsqCZThDgr4J2Ahl3wEc+XUrFgA1B6xpD+o7KAOBD6kQLO6fzDogPx9BxqfdIWQGhstgLPkxRpyL4Mm09ANooN2ygJS1D+RALtQIdbOaxs3DRiXBVZAgdEWdTEjMaPDUiy6yAS7RBtFLI22fVBoGJLDY0b16TDtWm0XA01NVGJSVwgHqd5WpemoKyfr5V6zoI7KGTkCBaSCXCjDNgqoMUM3IA5qVps1bKuxaogdIhNXu0nsRwJk3MlNIiR9x6Iw8gsJZ4N5KdPiZ/8s/cew43E5cjNeCWCKMDWzpgUf1G87wjY1oIxf3MKRFiKFjrFQxAFSWhU7RbMwTmblkCIESaNr/xEYBqkt3SqpwWwfg8gSp8ZbJL+ZwHtlBvJzPc1ODinZzOYRhGcaAHmX4DZzDi6AHtHJRKh/sNZTEg5Af1lPFARcdbgNo4qFKttJJS9+uy6hDxMnEmSvinIBTdciXDo/QOV0ARiDzDyYFbg+FfHWVgiDXgUmQJwGVttVBgdXcauWlfhciVko6M4AnardaOUZcpo8DLOxqRtcY2tS5IyQ1t7NDgaFgdCtv4aC0QMGmmlRPYyQS7tpz4VH+1T4f/poi0m3SdOhLFz0h1jhbx8FgfSA3ayBlaFdPZj4gDRveJKOrb0imYeaqMjkTbt1hc411hMrFDmWAZ7ggDHJeZItim4yE0IWiRGvyv41r0syoO70hAkEcBoo6HGBUw1r+c4Xgjg6b00aTUI1UbENwknGILz0eaNg5TMXQnIoFihz61c4OsgZasj4VqhWolZdEOQZtDBjOSaDQhmpL+xNMSYZAKFaP1dTKhnRFp1mjbgQYYsJ7RePH0juPkCxi9YoQN52TMSqWTBWMdTdneiCrilv4pXadQFqyhA3Erf1uLbTTNkMlfMMDlXVcdRN3WOx7YFkkQ8GuiqFcVfhTJvOOTqxjcWpGjncJ/Z+l6x4NkHBSkZSFWKqhqy/7trwt0tHwYmOl8x0pINCw3XMUzAnQJPmN6CJsFlTBxdC22CmEKfycdhvILAaS1Y9Sflg3O0Fk7lIb2YbEQUHk9D67QF0HGm/EOpAGkAK4RSi9p6gctgAzIOneAIs46prV5i2xL9KG7LFCO7+wB5sneYZMhzaX0No8Xad6GiI8KrfLdFKaUkLbjcar4o420MtdkwqklbhGSwqC1wSf/GkLYxNPWtKigbWXhd5MsjTNo33N0LYIkHKE5tCMz9ehOJL/WispCHwJAQAlVkqmOAphpW51iAHInvrRFVAJMktHsi5ZhEg60FCroQL6W0CB1rYvQdt+ABfMKGM53zMJAkqPtSIEqucLC6lwRYdyODzvazQSoFIlTdNYjVznlGq4OJhUUKCa2DfRti7l/VtxVPpTCJku4IVrE8JNyD2MHaEHR1SrYKpuYarP8Vc+olGp9BYFRED5c1I5Wnd/H6viTE6RrIRB4Q9dRKQFtk7hlRE8MSAHeb28jEKYhKLQUtmLrzwd0JGrJcWi/0C3cGMJFW+Ke5m5YR/g6o4wKuplR1y9WlAP5sRoJKB5pE+Kp1Wk/XX8b2IDogpOn/Bb/iGdKWsIISIHVl7ju7e5KBbbUl2QvzUDpJ7UGBtFhBAEGQ48YOAqXInlvxmvd8DB6esATMtER9g2kefRp6Qk5LYUYP/SLEHZ3qxt12DVJIAyq5ZXjhMLy8yAzaWVCwsfkWPD+E3TAZAJJSByyonc61GXSERPqCm1IClE2vm5ZJqoLoQ1Y6sTeMzhbx49GQyK/s3Zz4SCDbl2r41n4aeoPEMgaBa99lCRHA2FdmEKQrJMFJk9aD7hNk9BmQMkzE2iXdDB+cCzgk+WHCD4vZ7JoKsawdZopCzjX4gNwAjqV8GNZMKn8354NM3K3X23gt2aAGIhCoxHD6OfrMynbmtDWMgIZ/dA3hkM7dPoLFNoB93M2Iu+4CNah6tG+EZBB+fe+gJsY3/kZFCticTYdFEbeJEhcdsfL9KCKobSA5J1evLZBMzlU9HqVFZo6WpGwRjr+F78yWHHn7xH31KpBvvQL4wR7GCxg0N3ABKIZsBWUypSZ9zqSsQA/qgXJAZbgiIc24OKoWb6pa1kFaQgU7AG46Oiam7wWxSkS5ElrCYgCLFVB7vEmQkllxIPQ0hW4ffKNyqw6haI9C62oaTHPYRVRTTguVNjQto5pd2DC3lqZIix0QtApTyKla8hyBuRoR9MxpgaOMoOQXCCnfAOrQ1tASPECfiE4jP9wfv1zWOEYyf53R5HdnzqzvHSaWmcv8ltvzRBIllFPWog5EiXXVQzU1R4Qr098R5KzR/gqIlkQOMADEBbuQqknieYzn/dtOAHooamlrThab6K98TBYIjqMskhPsMrQ0vg0FQXegHkdVSBPgQQj8UEhZB0GIu2qMGAhgK8LKb69hZO5h4jP4tDKAR4IUYZPArULhO61qYV3JawMPmu9sKemY5gumvau0HXciJrBDGYdF4GAs2VGQI0eZHoAhAY4gMTMCJoCAR+dyALqI0oyI9jh04uaOCgxLora6tcxJrqB0FWEVMHbdsQtg3tHL+/Q8QHZQzsR6Nj4lROdVouvdj8v5d50dlKn5ZAKTavyiwrlNiSI6gcucfQhaKUCFEBXSBnpfOrVLkRFKJAt9HvS/iagrWPxOtmlY/S4pO61/gEwqzsATsgEqwYoASi1fAZp5oJ8OQKsnyM/HJDnSYdM4Luvpau3n6iUBRonlg0Go42wdlHn3bR3ifPRBkvQkqIMPMZnJh0eaekZQK8/TeANMstAFNqYSNH2OvQuMAT/UMGILWOCzvdCbcAthKPrmF+m4ajgAtqbjvHhvFfSlj7pKFDFTjpSSVuj38GNDZd8WoTr+k3/+LC3+/YArCrAAHeYG47TgTmd+QDDhpcqQ2hGIX7pQeu5fp0FJCCX8LP6ayeHh1U40QZyIhQvqNCht4XPPANvGPDQpDMhDJewSmtQEF0gZ2gEwyddrTk6EGNvRWQdU/UOdQhSHfObU9BpfxQj2NsyKneXgNtv+rMSOkBCFIVM8FC+bgGp+ETJGPR1kOtKVUeeAsQifQyI6fwSMllLUOGMRX7fX+S8P5gDZmdRsCEtf7RwwlwqdxLg7aPmHVcnH/b5wNLEfGWd9RgCD9xo0UJZZeI61wdmQ6sT72JZR6axMwCGh4R0tiyCy8g83jlhlXV1gB2bi4KyroBinNBnOmGDbHfWgXqa42Lbok7Aw5fvhFsbWDJTd6BwmN7Wio/Vgp5H0UpdfWnfrCPe12nnik4sWl1UV2r1Un9uIStCJy/5icMcadeJMsIIYAuudmvhxX11koOZoCG1teg32rinu7Thr6NiOveBm+vHa+kPlRDEXmSdftJJ0cg30Hx0NjE33H1DREydsgExXmHu1f/mn7O4f/YnPv/ND8J3bJSJ+39ECuOEooKSRgAAAYRpQ0NQSUNDIHByb2ZpbGUAACiRfZE9SMNAHMVfW0XRioodRBwy1E4Wioo4ahWKUCHUCq06mFz6BU0akhQXR8G14ODHYtXBxVlXB1dBEPwAcXJ0UnSREv+XFFrEeHDcj3f3HnfvAH+9zFSzIwaommWkEnEhk10Vul7Ri0EMIIaIxEx9ThST8Bxf9/Dx9S7Ks7zP/Tn6lJzJAJ9APMt0wyLeIJ7etHTO+8QhVpQU4nPicYMuSPzIddnlN84Fh/08M2SkU/PEIWKh0MZyG7OioRJPEYcVVaN8f8ZlhfMWZ7VcZc178hcGc9rKMtdpjiKBRSxBhAAZVZRQhoUorRopJlK0H/fwjzh+kVwyuUpg5FhABSokxw/+B7+7NfOTE25SMA50vtj2xxjQtQs0arb9fWzbjRMg8AxcaS1/pQ7MfJJea2nhI6B/G7i4bmnyHnC5Aww/6ZIhOVKApj+fB97P6JuywNAt0LPm9tbcx+kDkKaukjfAwSEQKVD2use7u9t7+/dMs78frvdyv4oCbx4AAAAGYktHRAD/AP8A/6C9p5MAAAAJcEhZcwAACxMAAAsTAQCanBgAAAAHdElNRQfkCxEQMRgXY85LAAAgAElEQVR42u19bVxTR972BANEiDYuUaOmelxSxTVitIhBaQHBEnbRDU9DDW3c1QcQkVjhFtqyhVVLaWyjjS1QpWjRQgWFZ8Mu3iu3SiOlLa5wl1i0IMSSFlZjwcI2EVGCeT7ExpgXyMtJciBz/fiQhPNynf+55jozc2b+g9NoNAACwi3hAUMAAdUPAQHVDwEB1Q8BAdUPAQHVDwEB1Q8BAdUPAQHVDwEB1Q8BAdUPAQHVDwEB1Q8BAdUPAQHVD2ElejuqCvN/H8+a+cwCr2m+OBwON5XgsXCeV1z00wf2xvV2N8MQ2QwcHN+PWdSUv1ZUVCT/91D4syA6BND9AXUWIPoA1RDoHwRXb4D6ZnCmEVDnzUpMyeZtSYcRg+qfDJBfr09NerH31n8EfMBaA/BTxtq47muQewRHID5dWn6O9sxiGD1Y85nAqPw4KWTt+shn/9N6EsQ+N470AQCsNaD5U82m8B+fW7Os/PghGEDLgYchwBTOfLo5e1+5+ABgLrNuR/5LIJQxEpeZNTw8lLT9LzCSUP0TzfWP8rP3fCY5ApC5hv8yWT3FPfmVsQhIjqgjUvcSfGfxNifBeMJ6/8Sp68uaQ5hM8YGHBq6vMVMAcGbKgLQTxOzykXzxvwEBATCqUP0TA+vXzoxe1Z+52YT0x75DOKMyUHganGoMbPz6CowqbPVOANRUChS37/A3WS19k5vxXwKqwRvl5eUwsND7J4Tx++2K/zn2Oaulb+4JcOEy2FdGb/y6DcYWej+m0StvlckHWGtsl77xxlHBQHHrR7lcDsML1Y/tas/pIlaIxqBf34YnsubJvdjh+OrqahheqH5Mo6GhITLYLt2bRNjynxsunofhherHNKTXbjMW2Wv8xqD7A6n0WxheqH5MQ9E3RPFD51D6xYZMAv13fobhherHNFRDo0Qf1I6mKwBEHzA8/ACGF6of0yD64FVDjihUgEDwhuGF6sc0KLN8FXdQO5quy79/EJDJfjC8UP2YBiNwibQTZekDAK72UBmMlTC8UP2YRti6DfXNHuZEbDMarswICwuD4YXqxzTYL/6prslbPYqm9AEANRfucDgcGF6ofkyDSqXSFi2t+xrYaf84/XE+39IpcxciCALDC9WPdaS9+mb24WkG9o+zUvr6yC5Up6Rsh4GF6p8IlR82mzxn2aEKbwM146yRvm7jwn8+T/Ahc7lcGNhx4gZHOGMEcrk8ZDVD/J6KSR/V/WjD7BapHInhD0kkDXBuF/T+CQMEQf5vUtrvd3nKb5pQNs5MLR/35H9fL5oWvUMpFB6E0ofqn0hoaWn56KOPeH9Kjkjzu3TNy7gtayx3g1Ih/fF3J/7pPTiopNFoMJ5Q/RMGUqk0JiZGJBJ9+OGHgvcKN/yX74FTc9WjZp3e8GmAwxfWxcTsuLN/v/DEiRMbNmxoaWmBUR0fGghXo7W1lUwml5SU6H7p7u6OioqiL3n67OHZmhYw9t/5T59nBjNCQ0Pb29u1u5eWlpLJ5ObmZhjbsQFbvRho7IaE7NmzZ/t2ww7K6urq4uJiWWcbK+zp6NW/0JG7lKduE6eqVQ/8+pXEjptP1zd71/yPjDLn6cTERB6Ph8c/zs50/PjxrKysxsZG2ACA3o9R9PT0IAiSl5c39jYikYjD4SAIQiAQAAAEAoFKpcbGxgqFwu7ubnM7CoVCBEG6urpgnM0Bqt9l6O7uptFoOTk5jjtFXl4elUodo4S4OWAmQ9egv78/JiaGy+Xm5eU57iw5OTkAgIiIiKamJgqFAsNu2GsM6/3Ox+Dg4Pr164OCggoKCvQr6w5CamrqpUuXzp8/TyaTYfCh+l0vfTqdXlJS4gTpa5GcnNzS0gILAFS/KzE8PBwREREQEOBM6esKgFQqlUgkRCIR3giofmdDrVbHxcUBAKqqqrS9N05GXFycSqUSi8WwAED1O9v14+Pjh4eHa2trXSJ9jHCA6ndHaH3X5bLTFgC1Wl1bW+vkqhcGAcf5OKnOrVAoXFXh0QeBQBCLxYODg1u3blWr1VD9EA6XfktLS21tLYlEwgIfPB5/9uzZjo6O5ORkNy8AUP2ORWpqKga7Gkkk0vnz569evZqamurOBQCq34HYu3fvxYsXz549i8Fedm0B+PLLL3Nzc932BsGRDihArVYbtyDffvvtY8eOSSQSzA4x0BaAiIgIPB7v0AEX2AUc6mQ/SkpKDEaSCQSCiTK8TDvYbs+ePcazDkZGRuAYT4hxoB22oF8YqFSqbq7JhBhoTaFQDh8+rP9jZmamWCyG6ocYC42NjQCALVu2TOh5VW1tbQbzy+h0OovFguqHGAs8Hg8AQCaTNRpNWVnZxJ1SqD/Bsq+vT1sxntyTY6D67cKtW7d07d2ioiISidTU1DRxL6e1tZVIJIrF4oqKCu1FjT3vDKrf3du7+m+RsrKyenp6JvQVSSQSEokUGRmpvSgKhTKJ275wnI9dCAkJuXTpksGPAQEBQUFBr7zyCovFmigXMjw8fPHixZaWlitXrtTV1alUKt2/mpqamEwm7O+fzOjt7a2pqWmoF0uvXFP8NKi6e5/gjafMJjECl6x9Ppab8DKVSjXYRSqVGktf+xBYu3ZtUFDQBJL+/v37i4uLFQqF8X+Li4snq/phzUcjFoujwlfSFhCT4jyr3gXt1UD5BdC0AOUXoPsfoFYE0l/2pC3wDQ9dVlZWpr9jUlKSgei5XO758+cnaBzu3btXUVERGhpqoBACgTAwMGC49ei9nqtHCt56nvPCdNp8vHbVPYI3DpnnxY5eKNz3Ss8PHbDej2l0d3ez1ofSF02vFYGRf42TNOrshyCIPj10DUPbDdLX16ebI0IikTIzMydN90hrayuXy9V/ey0UCvV1Ly7dHLUaT3saJLGBGb8AtKdx4SELyj4tgfV+LKKysjJj17bdLz9IT7iPn2LpXoWnPfKP+wgPFPbfGcjIyAgKCkpJSeFyuZNvtpRMJisuLj569Ojg4GBQUFBzczMAQN72SWrqjl7FfQEfsNaAseNW9zXIPTKFMP2Z0rJabKYWdVP1n6n9+84dL1fkDTGXmakQmgyWtrrfCeKypi5bGfHaa9nG9YRJhuHh4crKyqKiItH7B3qv7MvYK9nNA+kvA2v8AuSXThUe/JC3OQmqHxOun52VKPloCJk7lu41pqSv/fDjLRC2fWqe4DBv85/dYzSY+tSHq99475uKfGDgF2PYxOPugU4QlzX1zT3CpOQ0qH5XQi6Xh6wOFL+rNOn6lq8WcVUGXniVKGlododEmZWF67IFEskRoO8XltjE47DfBBE7iHmCw9pX41D9rsH6yJDowNZM3n3bpK9/X4/VeJz4PLDxq9ZJ7hdtn4REJIoPPOH6tiwq0wli0kmShibs+IV7zW6pqalR9F7jv2SX9HWbJbIf/sZLVl5ePplD9nA4eVvqbp7V0jfejLEIvLn1fnLSVuxcnHupv+iDPEGqkuBll/T1d8n+s6q4SDCZ/eJEoqLvAX+TXTah25gff0812I0dv3Aj9ff29spk11lrxrpPwMoCsHoZIHr8IJfLJ6vxFxWfFvCBzi9stgkdhPyB4iNFUP0uqPawmA+Mu+rsbPdEh9yvrjo9Of2i/YSsR23gF7bZhG6vqFUPFDe7MeIXbqT+hnpx5KoRtIxfh2eXqBs+r5mcfvG3k6yQx137aHWPsNdTqqurofqdCumVa4xFKB9TA8Di+eB2b8fk9IsvpZHBaD4ntQhjDDY0NED1OxWKnwYpfugfdjoR+HgpJ6dfdAyh5Rf6xYa+cEgqlWLhAt1ohLPq7n3tUER04e0FNA8nZ0IoRb8aRb/Q/Nr3T/bt6+/HRA5dN/J+oq+3agj9ww7fBwPKyWkiqiHgCL8g+oDh4WGofqeCMoukuIPyMXEADPwCBu5Nm5x+4YND0S90L31VI7Mxkj/djdTPWL5U2jnOjbEB138AjMDJOdSHQvZEyy/0I9yvfAojqR3dSP1hkXH1zZ7oSh8A8EWrZ9g69uT0C/p8A7/AoXHYq73+DAYDqt+pYLPZdZe81KOo2T8OABwA5XVenPiXJqdfhIXVX0ZZ+gCAhm9wYWFhUP1OBZVKpdEW131tVvo4K6UPALj4v4AyZwGCIJPTL7jZdU0eBn5hs038qjhCTV0Hh8OB6nc20nblZh+eZtL+rSoAuo2zCqanpGVPWr+Y70/zX6jvFzbbhA4XOl+kUOZixC/cS/1sNptMCThU4T22pi2UfuFpD8L033K53MnsFxmC7CK8vl/YZhOPMIWULfwuJSUFI1fndqtXlJ44ffCk16W2ce4WzszjW/cn7QT5x31KjlVM7rXf2HHxZMqSQyftsgkdCs+9SJjqix2/cDv1Iwgi+uDjhFwf+c1xKqkGctf/l/wmiMuaKjxQ6A7TGkvL/nHw5FQDv7DcJnSQ3t6YL/pv5y/TDdX/BLhc7p63CiJ2+Jh7AhjfQtyTM/QiUqempL3hJlPaEQQRfVCSkGPoF5bYhA5y5dq4NKlQKMSUX0zZu3evGxYAxooVlLn+m3fVeeA0wUsfelhsAoWnPXh/9fpLzjuZWW+4T7joywJJM+ZszfycufQBdbalNqHv+jHbOlNSUnfs2IGp63LrLLatra0J3P/jCe4I+Upzc74ed1ZcBrkfP4WfisRx/lRVVdXY2Ohuqz1XVlampW17fvn9qv0PLMznc6hy6hBhY8HRBoFAsGXLFqxdkVurPyEhYfXq1VQqtbhIIJNdZzEfRDNH6P6A4geIPkA1BPoHQYcc1Ld41jR4UeYsSEzJ4vF4eDw+NTV13rx5OTk57haxHTt2nD93juCpEvJ/YTHvjVmnJly4zt72l6ahoeGLFy9itIHktkk8Dx8+zGazdcnpe3p6RCIRhx2OzCcTvPEAAII3njp3RiyLKXxPYLD+nFKpDAgImLgJa21DW1tbQEDAwMBAVVVVVOQ6ZP7M7bzfiT+c33WG8iiPZ9Ps7nOLzp74Q2Yai+a/MDQ09NixY4sXL25tbYVZbDGEvr4+Go1mz0oT7e3tNBqtr6/PfYIWGxurv47dI7/gcBAE0Y7ZJBAIVCo1NjZWKBTq/EIikTCZTGwugeGm6g8NDTVIR24DhEIhl8ud9Mt6alFbWxseHm7bxXI4nIqKCqh+rNR5eDweKodis9kGC31OSoyMjNBotLa2NpszxSMIolQqofpdX3m1s86jj1u3biEIMrkXNtRoNCKRKCkpyZ4j5OTk5OTkQPW7GEFBQRKJBMUDnj9/PiAg4N69e5M1Yj09PQiC3Lp1y56DKJVKBEGwtni9e73rPXToUEBAQHh4OIrHjIqKio2Nzc3NnaxBy8/Pf/311ykUij0HIRKJeXl5GRkZsMfTNWhqaqLT6Y7opbl3715QUJB+f8gkCxpaVXbUH7yw5oOJ0Hd3d0/KDlAmk4li0JqamhgMBnZ6ydyl5pORkcFkMtGt8xgMBdu9e3dCQsIT41ukUoyk7rB5aAOJREIxaEwmk8FgHD9+HNZ8nPr4ZjAYTmiYbtmyRX95Qz6f39TUNEGDdu/ePRqNhno7VduGxshDEkxKres/WwcGBuh0unOqm9qejebmZm1nKIFAeGKtT2yjsbFR/2teXl5mZqYjTiQUCvl8vv4v2ohB9aOA9PR0/RuZlJQkEAicdvbm5mYajaZUKkUiEQCAzWZPoHaR7sWFthljYpFq9J4q7e3tOntiMplQ/ajdxaioKJ2fOafOo4+cnJxt27ZpV6glk8kTJW5EIlFnyTwez/6RIGNALBbr7lFmZiaBQHBJU3iyqX9kZEQ74qqpqUk7lM2ZT9W+vr6urq6LFy/6+/vrWlY2DxBwctwAAHg8vr293Tnj0qKiompra3t6erT3C623726t/vb2dq3m2Gx2UlKSSCRyznnFYrG53JQlJSXYj1tXV5eWLYfDodPpTrAM7ZAT3Wwvl3jEZJvdUlNTExcXp/08d+7crVu3EolE7XtKMpkcGxvruFPLZLLk5OSLFy8a/M7lcisqKjAetzNnzmzYsEHXe6vt5RwcHBwcHNy0adP27dtROcvRo0c/++wzIpGozeN5+fLljo6Ohw8fAgCqqqpckOJqknm/QGB6BcUtW7Y459kqFoupVKrBqwDsj4IWCoXGQSMQCAUFBeiSLygoIBKJxufKy8uDNR8UapMGYSWTyU6ueyiVyszMTP177JJKrVVISkoyiBuVSnXQy4q2tjbjXG5ojTl3a/UbDMZisVh2Dk60Ga2traGhoVoapaWlGI+bjqoW4eHhDi2xAwMDBj4VFBQE1W9vTPUHFQqFQpdXOUQiEZlM3r59O8ZDp+2f1cZNIBA4p4+4pKRE94QkkUhQ/abR09NTcCifs5FJWziL6OsFACB4eyLzZ7I3soRCoc6lmpqaHqXrYTCwM+PkypUrGzdu5LDX0RbOJvp6a+fLI/PJ7NjnhO+9i5FKkVaFCII4eQZ6e3u7Lt2D860K6+oX/7/yqOf8afO9ktgeVe+C9mrwKH3AF6D7H6BWBNI3/4aG/CY8bG1ZWVleXh4ejxcIBBhpZYrF4qjwlbQFxKQ4T9PkX/akLfAND13mqFdLo/d6rh4peOt5zgvTafPx2kW4CN44ZJ4XO3qhcN8rPT90aM1FW0t0yfAbpVLJZrMBAI8MyzLOk7zHU959IzXpD70/3hCkqVlrwNjpk+r+5Zv78YyflZ4HDhzU9Xi6krxcnrptc+8P3wpSfxmf/Ncg9+PphOm/LT1RpauB2IuHwzWfbis6UiG/qQ5/FkSHALo/oM56nKfo6g1Q3wzONOKo1PlrwuNnzprH5/NdmJ/ryJEjNP/5qn9XWsg5MTWHtzlpcmazqix7P+O/3tj9ykj6y2OtFW6QNK9QTM0/Oiw8IOLxeK4dGJyxa9vulx+kJ9y3MOcZAKDwtEf+cR/hgUL704PK2z5JTd3Rq7gv4AOLyt6RKYTpz5SW1aJW9iYIZyzm8Txz+u3dWX+p2j/60nrg4fGE6DVmpK/9HLzkl6hgkJLdQJxGWrlypWvI1/59d/qfq965+9L6UQPyY5RbAEDwUk3Uqgcpr/8PcRpp5bPBtr6+UVcWRcVv/eAV1ujxvSAAAeOmKKU9DbbFaYZU/Vt3HqVQZgcud3rcXMcZc+qvPL5v92t7JUc0dNpjuY/9eNLPE0/xG2GHqRNfbyLPpAQGBjrf9Xen/1ny0RCd9pjzGI8sgzJA8QPsMHViloQ8kxq4nGGDjM4cXbP77a+q3gVa47AcwUtBVLA65fULdpU9m6TvQs7YqvnIb3wbwlwhFj5kLrNU+sYFAAAg/d4v5tUpEkmDM9NHyuXykNWB4neVzGVWF9onZoR1gph0oqSh2VrylYXrsgUSyRGAzDX9tBz74QMAkN8EETuIeYLDTqs6muRsXdjt4Iwt9a8PnRsddCtzs3XSNymmwlrGqXpiY2Oj88hHhkQHtmby7ttcaPXbAKe+DGz8qtWqenNIRKL4ANAahwEBjWUPn1/LHknS0OQE4zDmbBts5oyheb01pw4oFAr+Jlukb7wLf4NU9cvt8vJyJ5GvqVH0Xtu56b5VzM1tzH/poWrghhXkHw4nb0vdzTOUvubXP+PzmvsXYxF4c+v95KStDg+ZEWcwJk9HcMaQ+os+zBfwNQSvcR7Z44pJB+EuXHFxsZPIf5AnSFV6edpbaB+T36ksLhJYWvZOJCr6HmiNwyrvMCkmfvw91WC3o43DgLM5Yialb0zbNs5YUX+vrF4mHxx3CQmrELW8U3HrB7lc7nDyvb0y2XXWWnQK7SPywcBS8g+Hi4pPC/hAaxzWPjZNFgAhf6D4SJFDjV+fszlH0IxXMOzkjBX111QVskIe9fLa2RDR3539AlJdXe2Eag+L+WCKB2q0H5EPe1BddXr8std+Qtaj1jcOjfWnNtglatUDxc1uxxmHMedxH4bjbmYDZ6yov+GLS5HBtt8/czuGLR9saGhwOPl6ceSqERRpPyK/YqTh85rxy97fTuobB1qdGOz1FMcZhz5nG6RvbmNrOWNF/dLv7jAWoX9YOjIglUodTv7KtaAlDiDvD6Tfdoxf9r6URqLRQW9oHAwHGodJzvZ3dVjLGSvqV/SrKX7oH5ZMHOjv73c4+Z8GZ85wAHkS6L+jHL/sdQzZbxzGmqMvHHKccZjjbGeryVrOWFl1UDWk0Y7mQxdEwl0npBJU3b3vOxWg/t6E6AOG76stNw4Uqz0AALJvX38/wWlmZ39jD2c9Z6x4P9EHpxp6/BVn63EMdlQN+5pLtYAmeV9vffLoOQLQrp837mYOMQ4f4LgkpCY5299qspYzVtRPIeMVd+yVvvHu/aoZ2vQBjiU/i6Qlj1ahfUR+EJD9pllrHKgJdGS244wDI5yxon7G7/yknegf9qp8BoPBcDj55UulnWgW2kfkbwBGYIAFxuFpZ9kziX7lU44zDh1n4FLOWFF/2PPM+svj26G1Amq4QgoLC3M4+ci4+mZP9DtGWj3D1rHHL3v0+TrjQPHhc7XX33HGoc8ZTbOzkjNW1M+O59c1AfXoEzcDZ/39M9il5pzcCTmS2Gx23SUv9SjA2VpoTe5V0+DFiX9p/LIXFmZgHOiUvW9wjjMOjHDGivqptEgaQqr7ehw1WyX9C1cWUeYsME4dgz55KpVGW6wjb0OhNcaFy8BC8mxudl2Th9Y47Kn8PLGvB6GmrsNxxqHPGbWuDus5Y2iUW9qrb2YX4vQjYmEBMLdZdpFHSkqKk8jvys0+PE1r/3YW2kfkP5qekpZtUdmb70/zX2hb2TO3y4XOFymUuY4zDgPOqHR12MAZQ+pnb8okz5x16KRpfRhXD/R/NDFEvpZB8CFzuVwnkWezyZSAQxXe9hdaAEDhaQ/C9N9aTj4tQ5BdhNfZv701ximkbOF3jjYOfc4oYMpTNnDG1rpdpeXnDn7mcaltLJWb/GoA6fd++cU3S0pKnJmkoPTE6YMnvbTkcUZUjS/HnEylnSD/uE/JsQrLybPj4smUJTrjwNn38Ck89yJhqq+jjcOAsw3lVn+vwnMcGzhjS/2If6BI+NeEN3Hym2avc2zpAADkCu+4TE+h8KAzpzUCABAEEX3wcUKuj468jqeH0Qez5G+CuKypwgOF1pIvLfvHwZNTdcaBs/XhI729MV/0384xDgPONrea2n6KtY0z5ma10xnhJJ+7W1+7xKRrqLOt3l3a5ROTMT0lNV2XGN6p5Ol00ow5WzMvMJeOGJC3RI7SThCza2pK2hs70nZZe2oSiUSlIqnZdeywEdK0J85o+cNHrlwbs61TINi/bt06J4TLJGdrW009qpDoZJltnLGY0YSxaj1l1rTNGZ974B4G062Y518opqa8g8vLf4/P57uM/IoVlLn+m3fVeeA0wUsfWkH+tEfKft+8dwr4O9NtLHvLAkkz5mzN/Jy59IGu7JmrN5qoLt7eGLOtMyUl1ZnGYczZqlbT1Z9io5NlNnPGbi631m9aEjb93hP8LHx1dNw5XxdaiEn5+NlzaCdOlDm5wmO6AiOXJycmKHqvCfnK8clfBrkfP4WfipR8Umk/+crKyp38lNf/NJrOvWtpLq0ppMJz7HxRnUAg2LJli/PDZZKzyZQwj+fjT5l+9HN2rvCcPZyxq/6MjIx58+Yh82cWF74l+76HxRzRpraj+D1ObdchB/XfkGouelDm0RYHLFOpVJWVldi5hOrq6uIigUx2ncV8EM0cMUG+xbOmwYsyZ0FiShaPx0Orqi2Xy5OTEhX/vibk/8Ji3huz3Ue4cJ2de0iG9ySUlJS40DjG5qzRl76H98WuP2a//739nDGq/kuXLiUnJzc3N2sHLfX29lafKv3qi3+2tHYpfvrP8H01wduT7DedsWJlWPgLHA5H28u7YsUKkUjkuAXZbUNvb291dfVXDX9v+eaq4vbg8H01wRtP9pvGCFwctu6PnHiug7rVq6uri48clnW1sZ6fGR2sov/2AWW6gugDVCOz+5VPddx6pv7yaE3ddcqceYmJiSiWPUdwvjsy647qqY5bz5z/10MUOWNU/SEhISKRiMlkWtfklUoTEhJaW1udMKp5ouBR2fvqq5aWFoVCMTw8TCAQyGQyg8EICwvTGYd7csai+gsLCxsaGqqqqmzYd+fOnfPmzXvjjTeg7iEmnvoVCkVISEhTU5PBGkQWQqVSLVu27OzZs1ho+0JgHB5YI5SVlbVr1y7bpA9+XXgnNzcX3lqICab+uro6mUxmZ289l8vt7+93QhofCFjzQQ1qtXrVqlWHDx+2trFrDJlMFhMT09bWBpu/EBPD+99+++3Q0FD7pQ8AoNFoHA4H1n8gJob39/b2RkREtLa2mlzI2wYMDw+vWrWqqqoKNn8hsO79ycnJe/bsQUv6AAACgbBnz56dO3fCewyBLfUbJF05c+YMAAD19UI4HA6JRDp69OgYp4Zwa7hkIdv09HTdkrpKpZJOpztokeSenh4EQfSXoc3MzNRAQGg0Go3GNd5fXV2t65Hct2/fiy++6KDkGVQqNS0tLSsrS/u1rq7u+PHj0PIgXOn9eDyeTqePjIy0t7fTaDSlUum4c42MjAQEBGifLUFBQQCAgYEBaHsQGo3GBerv6+vTFryCggImk3n27FlHn/H8+fMMBkM3+LmrqwveeAiNRuOCQa0ymUz7Ye/evYGBgQEBAXK5fHBwcHBwkEAgoNLfDwBoaWlRqVREIpFMJtNotMWLF+/atUvXu+rCRckhsAMXqL+j49GKDHfu3JFIJAsXLtR+RRCkoqICxR7P+Ph4k+vYdHR0YG0OAIS79Hhev37d+Ecul9vW1oaW8QMA6HR6W1ubyV7UGzduwBsP4Rr1X7161eAXgUBQVlaG4qsuLYhEYllZmVAoNJgBZEwAAvb5OAn6Qw8oFIoTWr2NjY36FX0EQWCDD8I1/f0qlUr7gcfjdXV1sVgsR58xNDS0vb1dN/PfCSv4Qrid9/f09BQcyudsZNIWziL6egEACD2TOyAAAAUwSURBVN6eyPyZ7I0soVDY09OjfbOLx+PxeLxIJNK97nUaCgoKtGOedW8YLOEMMVmBzhjPmr99VnRoj/yHnvCV6uiQh3R/QJ31OHXH1Rug/pvfnGkE1AVLotbHHD16tKysLDQ01CWlvaWlJSEhoaysTHHzhoWcE5O2oz4GCQILsFf98u4bqUl/6P3xhiBNzVoDxk6fVPcv39cKpvk89XR5+UkX9rh/d60tNfmPP/f1WMg59+MZhGnzS0tPwLcEsM/nMSrL3g8JXhK57HrrZ+rY58C4mcNYq+9+W67gRd16LjSkvLzcJRdcWfZ+ZPizG4K7LefcfKx3U9iPLuQM4SDYnsfzzOm3d2f9pWr/6EvrrUi1CQAIXvJLVDBIyW4gTiOtXLnSmVdrjrPJxx8OG5whHAcb3/VWHt+X/eY+yRENMtdUS9pcNevXD4xnhiQfjUbsyCUQCE6rUpvkrDHDGWeQPc9FnCEwV++X3/g2hLlCLHzIXGZW9xrzPqr7LP3eL+bVKRJJgxMmHxpz1oxZUPWp6pN3JmcILKp/fejc6KBbmZtNSH/cYxnoqbCWcaqe2NjY6OjrNOBsifTNFQCncYbAXKu35tQBhULB32SL9I1lx98gVf1y29GtSQPOlkvf5MbO4QyBRe9fv3bGrvjB2Odskb5JQ71wZdG+0lkOtVIDztayNX4COIEzBOa8v1dWL5MPGizHYIOY9LePWt6puPWD40YfGHC2ga3xg8LRnCGwqP6aqkJWCLB0RZDx9KSTFPsFxHGJB9HlDJzCGQKL6m/44lJk8FimaBvClg82NDQ46AqNOdsvfUdzhsCi+qXf3WEsGkcWNoCODEilUgddoQFntDLXOZQzhHNg3dsuRb+a4ofauXWvk8jEgf7+UQddoT5nFJM2OpQzBBbVrxrSEH3QJ0Ek3HVchrWJyBkCizUfog9ONeQAgQ77Oi7VuD5n3AThDIFF9VPIeMUdNE+vlWO/agaZTHbQFRpwRqsAOJQzBBbVz/idn7TTtIJtlj4A4Kp8hoMyGZrjbA9bJ3CGwKL6w55n1l9Gn0TDFVJYWJiDrhBFzjhncYbAovrZ8fy6JqAeRaciodu35pycw+E46AoNOONs4my8i0M5Q2BR/VRaJA0h1X2NQuVHf8wMZc4Cx62ZbJIzznqq+rs4mjMEFtUPAEh79c3sQpyx/VurJ9322UUeKSkpDr1IA85WETa5sRM4Q2BR/exNmeSZsw6dHF8ilki/sJZB8CFzuVyHXqQxZwsJm9zMOZwhnAA053ZZOFsKI3O7wJNszU1GM5A+nNvl1t4PAED8A0XCvya8iZPfNKFsnKmWpfYXD73f5QrvuExPofCgc2Q0NmeT5I2vwsmcIRwNG3M60BnhJJ+7W1+7xKRrqLNNlwED0T8xO7bLJyZjekpq+o4dO5x2qZZwNld6XcUZAovqBwAwVq2nzJq2OeNzD9zDYLqJpCbmZFQopqa8g8vLf4/P5zv5asflbA4u5AyBrXr/E5WB7hvJW1iKm93CV0cN5nwZ40ILMbdkBn4qtaTkExdWHiYiZwgsql+L6tMnigvfkn3fw2KORIcAuj+g+D3OidkhB/XfkGouelDm0RKTUnk8nkFCfZdgInKGwKL6tejt7a0+VfrVF/9sae1S/PSf4ftqgrcn2W86Y8XKsPAXOBwOBl8PTUTOEFhUPwTExIIHDAEEVD8EBFQ/BARUPwQEVD8EBFQ/BARUPwQEVD8EBFQ/BARUPwQEVD8EBFQ/BARUPwQEVD8EBObw/wEbtQHiXTWJHQAAAABJRU5ErkJggg==</file>

    <drag>
      <no>1</no>
      <text>1</text>

      <draggroup>1</draggroup>
    </drag>
    <drag>
      <no>2</no>
      <text>2</text>

      <draggroup>1</draggroup>
    </drag>
    <drag>
      <no>3</no>
      <text>3</text>

      <draggroup>1</draggroup>
    </drag>
    <drag>
      <no>4</no>
      <text>4</text>

      <draggroup>1</draggroup>
    </drag>
    <drag>
      <no>5</no>
      <text>5</text>

      <draggroup>1</draggroup>
    </drag>
    <drag>
      <no>6</no>
      <text>6</text>

      <draggroup>1</draggroup>
    </drag>
    <drag>
      <no>7</no>
      <text>7</text>

      <draggroup>1</draggroup>
    </drag>
    <drag>
      <no>8</no>
      <text>8</text>

      <draggroup>1</draggroup>
    </drag>
    <drag>
      <no>9</no>
      <text>9</text>

      <draggroup>1</draggroup>
    </drag>
    <drop>
      <text></text>
      <no>1</no>
      <choice>1</choice>
      <xleft>141</xleft>
      <ytop>22</ytop>
    </drop>
    <drop>
      <text></text>
      <no>2</no>
      <choice>2</choice>
      <xleft>90</xleft>
      <ytop>73</ytop>
    </drop>
    <drop>
      <text></text>
      <no>3</no>
      <choice>3</choice>
      <xleft>57</xleft>
      <ytop>124</ytop>
    </drop>
    <drop>
      <text></text>
      <no>4</no>
      <choice>4</choice>
      <xleft>27</xleft>
      <ytop>175</ytop>
    </drop>
    <drop>
      <text></text>
      <no>5</no>
      <choice>5</choice>
      <xleft>87</xleft>
      <ytop>175</ytop>
    </drop>
    <drop>
      <text></text>
      <no>6</no>
      <choice>6</choice>
      <xleft>120</xleft>
      <ytop>124</ytop>
    </drop>
    <drop>
      <text></text>
      <no>7</no>
      <choice>7</choice>
      <xleft>192</xleft>
      <ytop>73</ytop>
    </drop>
    <drop>
      <text></text>
      <no>8</no>
      <choice>8</choice>
      <xleft>162</xleft>
      <ytop>124</ytop>
    </drop>
    <drop>
      <text></text>
      <no>9</no>
      <choice>9</choice>
      <xleft>222</xleft>
      <ytop>124</ytop>
    </drop>
    <tags>
      <tag><text>binární strom</text>
</tag>
      <tag><text>Dynamické datové struktury</text>
</tag>
      <tag><text>DFS</text>
</tag>
    </tags>
  </question>

<!-- question: 7681  -->
  <question type="matching">
    <name>
      <text>Obecné názvy Zásobníku a Fronty</text>
    </name>
    <questiontext format="html">
      <text><![CDATA[<p>Přiřaďte k Zásobníku a k Frontě příslušný Obecný název (resp. chování)<br></p>]]></text>
    </questiontext>
    <generalfeedback format="html">
      <text></text>
    </generalfeedback>
    <defaultgrade>1.0000000</defaultgrade>
    <penalty>0.3333333</penalty>
    <hidden>0</hidden>
    <idnumber></idnumber>
    <shuffleanswers>true</shuffleanswers>
    <correctfeedback format="html">
      <text>Vaše odpověď je správná.</text>
    </correctfeedback>
    <partiallycorrectfeedback format="html">
      <text>Vaše odpověď je částečně správná.</text>
    </partiallycorrectfeedback>
    <incorrectfeedback format="html">
      <text>Vaše odpověď je chybná.</text>
    </incorrectfeedback>
    <shownumcorrect/>
    <subquestion format="html">
      <text><![CDATA[<p>Fronta<br></p>]]></text>
      <answer>
        <text>FIFO - First In First Out - První dovntř, první ven</text>
      </answer>
    </subquestion>
    <subquestion format="html">
      <text><![CDATA[<p>Zásobník<br></p>]]></text>
      <answer>
        <text>LIFO - Last In First Out - Poslední dovnitř, první ven</text>
      </answer>
    </subquestion>
    <subquestion format="html">
      <text></text>
      <answer>
        <text>GOGO - GO here GO there - Šup sem, šup tam</text>
      </answer>
    </subquestion>
    <tags>
      <tag><text>Dynamické datové struktury</text>
</tag>
      <tag><text>fronta</text>
</tag>
      <tag><text>zásobník</text>
</tag>
    </tags>
  </question>

<!-- question: 7682  -->
  <question type="matching">
    <name>
      <text>Typy dynamických datových struktur</text>
    </name>
    <questiontext format="html">
      <text><![CDATA[<p>Přiřaďte, ke každému grafickému znázornění, název dynamické datové struktury.<br></p>]]></text>
    </questiontext>
    <generalfeedback format="html">
      <text></text>
    </generalfeedback>
    <defaultgrade>4.0000000</defaultgrade>
    <penalty>0.3333333</penalty>
    <hidden>0</hidden>
    <idnumber></idnumber>
    <shuffleanswers>true</shuffleanswers>
    <correctfeedback format="html">
      <text>Vaše odpověď je správná.</text>
    </correctfeedback>
    <partiallycorrectfeedback format="html">
      <text>Vaše odpověď je částečně správná.</text>
    </partiallycorrectfeedback>
    <incorrectfeedback format="html">
      <text>Vaše odpověď je chybná.</text>
    </incorrectfeedback>
    <shownumcorrect/>
    <subquestion format="html">
      <text><![CDATA[<p><img src="@@PLUGINFILE@@/SPS_Moodle_Testy_Zasobnik.png" alt="" role="presentation" class="img-responsive atto_image_button_text-bottom" width="210" height="210"><br></p>]]></text>
<file name="SPS_Moodle_Testy_Zasobnik.png" path="/" encoding="base64">iVBORw0KGgoAAAANSUhEUgAAANIAAADSCAIAAACw+wkVAAAIkElEQVR42u3cP2gTfxzGcakWA1aMECSUDKF2iKjgkKFDhlA6BC20Q4ciBaUUUegQsWA2B4cOHTpkKKVixA4FO2QIJUiGCh0qVHDI4NChQ6EFFUQcgoj09/A7OGLvmqTJ/UnS94ND2lzN3eV1n+/3c7ncuSNCPM85dgGBHYEdIbAjsCMEdgR2hMCOwI4Q2BHYEdgRAjsCO0I8ZHfOzfBmePF+t8c7eGp2R59c+Qc7z9i1wzsIO9jBjsAOdrCDHYEd7GAHOwI72MEOdgR2sHMvX758qVQqsIOd1+zC4fCLFy++ffsGO9h5l0wmoz154cKFqampra0t2MHOi6jO9fX1mZ/Nj4yMFIvFP3/+wO7ElY5Go8lkcmZmZmFhIZ/PNzJTIdZo7x27MOTOnTsrKyu/fv2Cnc1Ky1mhUFhcXHz8+HEqlZJCDRZYrBsVs729PVU17brZ2dm7d+/29PRYr0oKhUKa9sGu/kprh1otasnJycnNzc0zrk2Hn47D8fHxQCAQiUQSicTDhw/n5+cfPHhgNaeCl81mVfBg1+RK7+7uzs3NBYPBW7duLS0t/fjx40xpEx2NmJq0aQ6ncUCPq/vW/f396rmdROpw3d7eNqd3sGuppdCxnsvl4vG4/GlkUVHsbm06utbW1ozaNjQ0pPJ/eHhoXUwczWZCtdB6TMLOmU5Wh7IGF70ZOvTX19eru7bu6ExV0TWAqobJnOTVOCen41CjbTqd1oDAeTsvTqDosNa0ZnBwUPtdE2fbStBxETgdTprRHhtJT4rmu3WPOtg5f95OO139h94njbzqfI1TBp0YlXCNpOqcNFdz9n+GnYuni1XtNPKq7dX713GjqpoANZ4uteqwc/1TimKxqG5X/hyvGe6NqjpUVKfdm6HCzosPx/T+qenTmKuZXzt3G+6NqrDz7TNZdXajo6PxeLwNx1y3R1XY+XwpQKlUisVi8tc+Y+7Ozo7R/XhWiWHnwxUo5pjbDmVP66A1yeVyXr4o7Hy78GltbS0UCvn7wcbW1pbWQWvi8evCzs/r7TSuRSIRv84q+2Wug9l1zR2f0um0JvLeX0lgmFtfX/dFfEfe8anLMjk5OTIy4uUFfDIXDof9Mtc+OdPsBC6ZTE5NTXnTSMqcegjMHXE3Tw2yGmozmYwHfatf8znYtWP29/ej0ejS0pLb5+cwB7t/Ui6XVYry+bxLBVX/+erqKvv5DLFrsMPa3NxUQXLjlIrxFQeowc4+uVxOja2zry7N8Xi8y655PhPs5KZQKFy6dEld59evX62YzMcbGxu9vb3nz5+/ffv2hw8fzGffvXt39epVPVUsFmu/lrraxcVFp9Zc2mKx2OfPn5veTD3QkaA1Hx4e/v79e40lYec8u5mZmb9//7558+bJkyc12Ontefv2rR68f/9+YGDAfPb58+f6c5nTAnXnYZFIxPY2Dk1EDfLc3Fwrm/no0SP9qAfaLj1bY0nYOc/u4OBAD37//n3lypUa7O7du3f//n2ZO3b7hX++rlcvKiSDg4Otf3qhIqdS1/iF9babqSItXtZtty4JOxcnZ2a5smWnYcgYki5fvmwObbZL1o5KlPqAFlc7kUiUSiUHN7P2L2HnPLufP38aB/e1a9eO7Xr98hgmlYfXr1/39/c3za5SqajgtXLdZTabPS1c281UMTOqnQq2jqUaS8LOeXbPnj3TA01lnj59ah7lmqvpLdFvTEw3btxQV3H0/7coatfFRjpQTfIa+ZqgNXt7e1J72otJbTdzenpag751bmddEnbOs1teXr548eLY2JhxlJuwVABevXplYvr48ePNmzfVyeopw1/T7IyGQK1iE+c+RkdHm7h403Yz1aiqh9XmaPJQ3clal4SdbyfenI3AxePxhYWFU/1VPp9PpVJNYG18M7vgXoAdsAE6rP166d3d3UAg0PhQqyW1fHPXLTe+mT7ukDPEzt+Mj4+vrKxU/6bGuRXjXkzsNNi1mtXVVQ2a1fVsYmLipIWHhoY8/koO7LoqZknTg76+PmOcVXOqFvUkdno2GAx27o1XYOd/dnZ2jH6iXC4b46xxWkTT+ZM+tNXvzXMcBHZNJp1OG99M6e/vv379eigUMn40TqRZE4vF6l5qQGBXJ5VKRZKs34+yvWmhqmMkEuECJ9g5kO3t7UAgUG1OP9raymQyjLCwcyzz8/PV7BKJhO1imvZ13L30YNfWSSaTJjvb6+dKpVI0GmWEhZ2T0WQuGAwa7I6dOjYyOzv78uVLdhTsHE42mzXYWS88VucRDofL5TJ7CXbOJ5VKqZ+wfjJWKBROmvAR2LWaw8NDTfJsOfKBGOxa2x1ddEsr2HUSu6NlV/7BDnawgx3sYAc72MEOdrCDHexgBzvYwQ52sIMd7GAHO9jBDnawgx2BHexgBzvYwQ52sIMd7GAHO9jBDnawgx3sYAc72BHYwQ52sIMd7GAHO9jBDnawgx3sYAc72MEOdu3Kjjs+wY5qBzvYwQ52sIMd7GAHO9jBDnawgx3sYAc72BHYwQ52sIMd7GAHO9jBDnawgx3sYAc72MEOdrCDHYEd7GAHO9jBDnawgx3sYAc72MEOdrCDHexgBzvYEdjBDnawgx3sYOc2O+74BDuqHexgBzvYwQ52sIMd7GAHO9jBDnawgx3sYEdgBzvYwQ52sIMd7GAHO9jBDnawgx3sYAc72MEOdgR2sIMd7GAHO9jBDnawgx3sYAc72MEOdrCDHexgR2AHO9jBDnawg53b7LjjE+yodrCDHexgBzvYwQ52sIMd7GAHO9jBDnawgx2BHexgBzvYwQ52sIMd7GAHO9jBDnawgx3sYAc72BHYwQ52sIMd7GAHO9jBDnawgx3sYAc72MEOdrCDHYEd7GAHO9jBDnZus+OOT7AjsCMEdgR2hMCOwI4Q2BHYEdgRAjsCO0JgR2BHCOxI2+c/vQ5BIErilHkAAAAASUVORK5CYII=</file>
      <answer>
        <text>Zásobník</text>
      </answer>
    </subquestion>
    <subquestion format="html">
      <text><![CDATA[<p><img src="@@PLUGINFILE@@/SPS_Moodle_Testy_Fronta.png" alt="" role="presentation" class="img-responsive atto_image_button_text-bottom" width="336" height="198"><br></p>]]></text>
<file name="SPS_Moodle_Testy_Fronta.png" path="/" encoding="base64">iVBORw0KGgoAAAANSUhEUgAAAVAAAADGCAIAAAALwk9kAAAABmJLR0QAKwArACvX9vUrAAAACXBIWXMAAAsTAAALEwEAmpwYAAAAB3RJTUUH5AIJDzIRylXcYAAACMRJREFUeNrt3VFImu8ewPHX4cV70YWBkYGBMoOEggkFBUkGBo4ZKyKmtFhCLaFGdDWiYkkXFQ0mdFEHBgUVNobgqKih4KCgwMYaDOxPhY0J8yJYF128F7KdCw+dna1t5w+nTr7P93NXk6bv47fn56up5tu3bxIAMdzgEAAED4DgARA8AIIHQPAACB4AwQMgeAAED4DgARA8QPAACB5A3tP+rUtrNJrLuyr8oS5wvYKXJOnb7qVcD00VawEw0gMgeAAED4DgARA8QPAACB4AwQMgeAAED4DgARA8AIIHQPAACB4AwQMED4DgARA8AIIHQPAACB4AwQMgeAAED4DgARA8QPAABKD5W5/ZyqfHAgIF/9//XqBegJEeAMEDIHgABA+A4AEQPACCBwgeAMEDIHgABA+A4AEQPACCB5BHwZ+cnHBwASGCb25ujkQiHFxAiOBbW1vD4TAHF7huLuWtaU5PT0tLS1OplF6v5xADKt/hdTqd0+lkqgeECJ6pHhBopGeqB8Ta4ZnqAYGCZ6oHBBrpmeoBsXZ4pnpAoOCZ6gGBRvrcVF9SUpJMJk0mE8caUPkOr9Pppqamuru7s9ksxxpQefCSJPX19el0uufPn3OsAZWP9DnHx8d2uz0ej1ssFo44oOYdXpIkk8k0NDTEYA8IEbwkSX6/X5blxcVFjjig8pE+5+TkpLa2NhqNcsYeUPkOL0mSXq/v7+/3+XwcdED9O3xOQ0NDe3t7V1fX1d1CjYZlzndXfC9VMe0V/3+hUKiystJgMLjd7qu7u/zjcn6V9PCTr+gnI/9G+hyDwZBIJAKBwOjoKCftAZUHL0mSyWTa3Nz8+PHj7du3M5kMawCoOXhJkmRZnpuba21tra2t3dnZYRkANQef4/f7X7582dHRMTs7y0oAKg9ekqSqqqpEIhEOh30+39nZGesBqDl4SZJ0Ol00GjUajXa7/fj4mCUB1Bx8ztjY2NjYmM1m6+jo2NvbY2EANQcvSZLb7U4kEjqdzm63NzY2bmxs/PF5u9XV1XQ6zSoC+Re8JEkWi2V6ejqVStXX1/t8PpvNNj8/ryjKry5vNBrNZnNLS0ssFuNZfSDPgs/R6/XDw8OpVKq/v39yctJsNk9MTJyenv58yVu3bvn9/kgk0tjYaLPZgsHghRcDcH2Dz5FluaurK5lMzszMrK2tlZaWDgwM/HxWb2xsLPc22B8+fBgYGCgpKfF6vVtbWywtkE/Bn2tubt7c3IxGo5lMxmw2m81mq9Xa1NT06NGjYDAYiUQePnx4fmFFUZaXl+12u81mm52d5ak+4HvafLmiNTU1NTU1CwsL6XRaUZTDw8Pj4+Ojo6P379//9ddfN27c+Pr16/eX39vbGxkZ4aW7QF4G/6+rq9Xm3j+jvLz8/JuDg4Pb29s/PLbv7e31eDwFBQWBQIBlBvIy+J+l0+lgMHj+pcPhGB8fr6mpYWmBvHwM/3uBQEBRFJ1O19fXl0wm4/E4tauP3W4PBoO8EFP04Hd2dnZ3d2dmZg4ODqanp7+f86Emvb29b9++tdlslZWVo6Oju7u7HBMRR3qTyfTu3TtWUfU8Ho/H48lmszs7O+FwuK2tLZvNut3uO3fuOJ1OWZY5RELs8AaDgSUUaHfSauvq6p49e5ZKpdbX14uLiwOBQFFRkdfrXVxc5DVXQjyGh5gqKipGR0cTiUQymayvr3/x4kVRUZHP5+OJWIKHmhmNRr/fv7KykkwmFUUpKysbGRlhtyd4qJzFYgmFQvF4fGtrq6ys7OnTp/w9FcFD5aqqquLx+Nzc3NLSktVqXV5eJnuCh8rl3lthaGhoYGCgtrb2zZs3HBOCh5pptdrOzs5UKnX37t2WlpampibeSYngoXKyLA8PDx8cHJSXl1dXV6+urhI8oHJ6vX5qamp9fd3n8wnePMFDFE6nMxQKCd68RvWfy8mnx6rA//BeGovFvF7vwsKCy+UieED9YrFYW1vbwsLCVX6EMSM98P+c7Ts6OgSc7QkeInK5XGI2z0gPcW1sbHi93lAoJM7jeXZ4iL7Pe71ecfZ5dniILncOL5lMivD2CgQPSPPz8+FweGVlhZEeUL/Ozk5FURYXF9nhASGk02m73b69va3uwZ4dHpAkSTIajU+ePOnu7makB0QZ7LPZ7Pz8PCM9IIRMJlNdXZ1IJNQ62LPDA/9mMBjUPdgTPPAfurq6VDzYM9IDP0qn01ar9dOnTzqdjh0eUDmj0VhXV6fKTZ7ggQv09PS8evWKkR4QgqIohYWFyWTSZDKxwwMqJ8uyw+HY2NhgpAeEcO/evaWlJUZ6QAhnZ2eFhYWpVMpoNLLDAypXUFDgdrsjkQgjPSCE9vb2169fM9IDQjg5OSkrKzs4ONDr9ezwgMrp9fq6ujo1vTEGwQN/mOrX1tYY6QEhnJ2dFRUVffnyRZZldnhA5QoKCoxG4+HhISM9IASLxULwgJrFYrHZ2dlsNpsLfn9///yf9vf387d/ggcu4HA4JicnGxoaMpnMzZs3j46OJEnKZDKDg4MNDQ35+9o7ggcuoNVqPR7P1taW1Wo9Ojra398fHBw0m80TExM9PT35ewKPs/TAxQ4PD61Wa26q//4XwefPn/P3dTjs8MDFLBaLw+H44Zv379/P61fdETzwS+3t7T985/Hjx3l9ixjpgV9SFKWkpOT09DT3pdPpjEajeX2L2OGBX5Jl2eVynX85Pj6e77eI4IHfefDgwfn2XlVVRfCAmrlcLovFIklST0+PCm4OwQN/4PF4KioqmpubVXBbtCwn8Hu9vb3FxcVarRpi4Sw9xKXRaC7vh1/PstjhIbRvu5fzq+S6nt3jMTwgEIIHCB4AwQMgeAAED4DgARA8AIIHQPAACB4AwQMgeIDgARA8AIIHQPAACB4AwQMgeAAED4DgARA8AIIHCB4AwQMgeAAED+Da4tNjIfC9X7xPjyV4gJEeAMEDIHgABA+A4AEQPACCB0DwAAgeAMEDIHiA4AEQPID890+KhxlH3bXJTwAAAABJRU5ErkJggg==</file>
      <answer>
        <text>Fronta</text>
      </answer>
    </subquestion>
    <subquestion format="html">
      <text><![CDATA[<p><img src="@@PLUGINFILE@@/SPS_Moodle_Testy_Spojovy_seznam.png" alt="" role="presentation" class="img-responsive atto_image_button_text-bottom" width="437" height="66"><br></p>]]></text>
<file name="SPS_Moodle_Testy_Spojovy_seznam.png" path="/" encoding="base64">iVBORw0KGgoAAAANSUhEUgAAAbUAAABCCAIAAABfKN+fAAAABGdBTUEAAK/INwWK6QAAABl0RVh0U29mdHdhcmUAQWRvYmUgSW1hZ2VSZWFkeXHJZTwAAATfSURBVHja7N1hSON1HMfx72yKD4cOVKYkpaEDpeTAzizDQOwUGzERrlWenpSp7NEhXI30ssNyBjZij0yMIh/sgfhgCEocRHV1F9khIanHuAg8pcsOqxFL+w1jWNbd/rv/5v7u/Xo0/7i/7rP52fe//37TtLe3JwCAQ7KIAADoRwCgHwGAfgQA+hEA6EcAoB8BgH4EAPoRAOhHAKAfAYB+BADQjwBAPwIA/QgA9CMA0I8AQD8CQKb14+7uLlkDOP79GAwGc3Nz+/v7TSZTnFepqakhawDGYkrg/3Pl5OTMzc01Nzdr+DEmDT8o/tpNK+nwn86IjuiITsfoNPdjLAt1xVjrqQtjY2N+v399fV1Nlw6HQx1Q2+12n8/X0NBw8CrxlunV5NyRJySJe06PRyrRER3R6RWd5uPr/Z0e3rXNZltdXVUXVDlOTk5GIhGv19vV1XWHqwBAOjPrtaOOjo6srGjbNjU1zc/PFxQUNDY2qnGSiAEYlG7nr/fLUZment7c3Gxtbc3Ly1taWiJiAJnejzH5+fkLCwvhcHhiYqKlpYWIAdCPf7Pb7cFgUI2TRUVFW1tb+xuzs7N3dnaIG4CBmHXf49TUVHd3d1tbm6rI2dnZ/Y3qS6vVqoZKEgdwnPsxdib68AWltrZ2eXn5X1cJBAJkDSDTj68BgH5MhNfrnZmZiUQiRE90REd09OM/OJ3Onp6ekpISj8cTCoXucW+3f5UHn8mUu0rH6D77Vh4+LTmPSs1z8t11otPg2qqceD4aXe2L8v0NotPsi2vRtSv0438rLS0dHBzc2NgYGRkpLy9vb29fXFxMbFc3b8nTA3L9x0zpRx2jOzMsvnPyx2U565AXXic6DU6/KufPRKN7pT16mei0es1vpJtvSv2yPzWrV1ZWrq2txbaUlZW53W6Xy2WxWCTu5Zwlp2ToJTn7hoYVmkZfCatXdDG7u5JbF/1rJ7oEFhGrKZLoNEWnhsfz78mlr+MNxHjrr++d2Wz2+XwHt6joBwYG1Azf29t7+Nz3//nqA+nOmINrfaOL2fld7A8Qnebo1PPKm+/LqceITlt0ani82Geo237X7xgaGhoeHk7BrxIOh7e3t9UkH+f3F1mTOVdrf4nkCD/lSWt0Mf6AXHiZ6LRFF/lTrE/Jzm8SePvoH3sGik4Nj+p55WT1setHRd9xvaqqamVlJbaluLi4s7Ozr6+vsLAwTXLROtWn7EhHx+jWfpCfb0vbE0SnLTrzfbJ9SeY/j76M63jyKB97xorOcMOjJGP9zF2Njo7Gsq6vr3e73Q6HQ83wghRGd/OWvPORvHuO6BLUXCc//UJ0GnxyRequHGj2qwa47alupVAoND4+brFYXC6Xev6pqKig9VIf3affyMTH8uFIdBQiOk0eelYCb0l1efQ9Uo8/QnSJzMVGKUdJ/flrj8djs9mcTqfVar3DSypJOiVt6DOJOkZ3f6vc2NB2QEd0+75clu4L0Xc+nqyWmYtxvQhOdAkHcuTRmdLwY735pHuiIzqik8x8fw8AGAL9CAD0IwDQjwBAPwIA/QgA9CMA0I8AQD8CgNGk6foZI0aZJisZiI7oiE6v6Mzc5ccJ0REd0XF8DQD0IwDQjwBAPwIA/QgA9CMA0I8AQD8CAP0IAKAfAYB+BAD6EQDoRwBIkb8EGADjmNgLpJdd0wAAAABJRU5ErkJggg==</file>
      <answer>
        <text>Jednosměrný spojový seznam</text>
      </answer>
    </subquestion>
    <subquestion format="html">
      <text><![CDATA[<p><img src="@@PLUGINFILE@@/SPS_Moodle_Testy_Binarni_strom.png" alt="" role="presentation" class="img-responsive atto_image_button_text-bottom" width="255" height="214"><br></p>]]></text>
<file name="SPS_Moodle_Testy_Binarni_strom.png" path="/" encoding="base64">iVBORw0KGgoAAAANSUhEUgAAAP8AAADWCAIAAACRycNjAAAa40lEQVR42u1df3BTZbr+WtI2bQMUmjbZNqSn7bEECBIxQqABQ4kYMdubHbJDB6u3d+l1iotj70xRVrmXFdBuiW5dIpS7vRCkjkGrZLV664WdRcWxe+1dOog7uLeuHSd3lp3LzO04/aN/MMh9Tw8bQ1vJl+Qk5zvJ+8yZzIEm57znO8/7fO/7/SQ3EIhsBcEiQCD7EQhkPwKB7EcgkP0IBLIfgUD2IxDIfgQC2Y9AIPsRCGQ/AoHsRyCQ/QgEsh+BQPYj4kT48hv+Aw9479fyxjxNEQGoC3K4ijzPJoNvryf81adYRMj+DESob5fTVsQvIq0e0t9FLr9JJj4iN/5L+Bx7hwx0k/ZtBP7qsJX3BbqxuJD9GYKxL37rss831woUv/afAuNvcwweItalOfZVxtH//gKLDtmvbAT/dbu+NMf3RGzeRx/+J4lem4eVALJfwRh4pZmrIEOBOHgfOUZeI1yFqrfnOSxGZL8CVb/3p1xFDsT0CVBfPOC3XGVe38leLExkv6Ji/dFP9aW5ian+tBpAX1Z0+fJlLFJkv2LgXKuFWD9J6kdyAPuaO7FIkf3KQCj4vLk2Z/ITadgPh2VJcV9fHxYssl8Rwr9woFsy6sNx9gjIvxkLFtnPOsJjFyDZjat9k+bguXljY2NYvMh+puHv2t62hYrQ33xIaipp2d/RstDn82HxIvuZhncz398Vm81/PUPW3imM86FkP4RS7gc3YfEi+5kGXzV3NBSbzYZy8m//HAf7x94hhko9Fi+yn2loiuaIw9duf/zlfeGTnv1wTbU6H4sX2c/2OyBx5LJxfxmB7Gdb+1U02h8v+6e0vwCLF9nPdtzPzaeJ++NlvxD3GyqweJH9bLf5NNpo2nziZf/AYYPb7cbiRfYzDf9Lz7V5cyVnf8ejy7G9H9nPOsLhMFdZKH1fb00F9vUi+xUA5warxON8jpvt9nosWGS/AhAKhcx1cyWUf+tKE47xRPYrBo571/raC6QZ379vvd1uv3btGpYqsl8ZgBhdXz5/6MScZOd2vcnp9eU4twvZrzA8/fTTC+ark5nX++Q/zC0vL8WYB9mvMAwPD5eUlDz++OPcotKhV/ITUf3TS3U6bX5+/tDQEJYnsl8xGBkZ0Wq1gUAAzoPBoLZ0gW9XRRxJ8B9U/gMP6PU6uILwc60WfAlLFdmvGOr39vZG5wBOp9O8ZNFgjy524+bJ9bZVFkhzI7E++AA6ALJfIcmuXt/T0zPzT/39/eADnFHX9rA19HLd6LuVE+dVwvC1T0rH/qNqMGDveGwjX1sFvAe6T2vhER0Ac19kP7sQenk5bv/+/bf/Tnd3t9frhW+q1WphDWe12mAQxvD4fL7b9ObCX+Eno6OjWM7IfhZVn+f5PXv2pO4W4FfgJzjeAdnPFq5evWoymVJK/YgDQA1w5coVLHNkPxMYHx+3Wq1tbW3p6Y6FG1ksFvA3LHlkPxPUb2lpSedIhNbWVnQAZL/MmJyctNlsaaZ+xAHA6yYmJvAtIPtlADDePQXwAVkM8Hg8TqcTHQDZL4PqA++BfHJRnxEbkP3ZCFF3Zaed6AAulwvHPyP70xdzQ7gP+S4jARgY09zcjA6A7E8H9Vlrb5Gl3QnZn3Vgtq1ddADwzGx2AGR/CrF3716TycRsPys4AJi3e/duZD8iqUh65n+KY2wYH2QWDodTPdYI2Z/h6O3tnTaSrLOzUynDy8TBdlBNTfv/kZGRjA+KkP0SwGw2R89NgXOgvoLG1kMNMHOOQUdHRygUQvYjbofz588TQlpaWsR/KnRe1aVLl6bNLwOXdrlcyH7E7dDc3AzsB+rAeV9fn3KnFEZPsLx69SqZQmZPjkH2J4UrV66oVCqRKIcPHy4pKVH0egrgABqNBgKeYDAoPtTt550h+7M93yV/A7jBrl27IIZW9BOdO3cOfHjjxo3iQ0E+kMG5L7I/KdhsNjIDJpMJwqHBwUEFPcjk5CQYDErv9XpB/qMfJ4NXB0L2f9fu4ff7vZ4GvlqnKS4QJo8XqDij1uNe5zvYNauiQ5xAZgPkiz09PQqaSgLU37t3L8j8rI8TSeiR/RkICHOdjpV8lab1R3n9XeTym0TcRQs+x94Rdr1t35bHVxU77MunrRDY2toazRKIfJqams6ePavQcgAfgHDfbrdPY79arZ5lfN71yfDnR/371ns3zeONKk3R1DcLcrjKfM/91b5nHwp//QWyn2mMjY257rOb6+YBxWMunDZ4iFjN8+xrLWIzCEh7JEKAQLmjoyNjmkegTgM3jmTzgFv2gLk+GQo87Fyt4heRVg/5Hr0g/KIcx5qqvpO9yH4WATqnL5/ray+Ia9V8/5O5+nJN38kT3d3dQAur1QqJb0bOlgJnBpcGxxYf86ZefHbMVV9griW0erF0jt1mYlYXspT9A+/8hjMUDQUSWiL8NcJVFv7wh5vPnz+f8QUF4VAgEAD2n//og6B/g76U+J4gceoF0ZcVslkJZCP7QfWB+sksFA6/BQeAGiBbiuzba6deWslVkGT0ovfXLyP75Y/1IeBJ7C1Oe6MQAmXJQpmg+kD9ZPXCoGFtY4GsY7+zwSbZBkFP5kISnPl68dkxCHgk0osSpvQiu9gvbg43+Ylkm8NZlszN8I1Srk86bfkQ60ujF08V2uttyH6ZhN+xUuKNQY8Qu21pJuvF8W3mWiKlXizTsaMXWcR+YblwQ7H0m0JXFWfsIskg/KtVEutFTz478p9F7Pf7/W3evJiv5+NjZEUdyVORuxaTP74R+3V2PJLnO9iVmXrx+VFIdqXXi2odI3qRRez3ehr6u2K/mzuM5KNe4eTwU+TuJbG/D9Lodq3JTL3Yt75tS+wSuBgUCgr0YtUy8qfTFHrx6IpbOo+R/WkASM5oKA6Juv6p8EZp2vIMFQsyUy82zaPRi2U15K2DwsmJn9PpxZEqt9uN7E8rNMUF4nAUyuObD4UQKObX4JrqAlVm6oVRFZdewEGlF4NlBoMB2Z/eRyXxvchfPE7e/iXVN4UrZ6ReFBF6vYCq8sBj5O/updMLtRrZz672g+Y99fdU38xg7afXC8iM52vInFwSekFJeoFx/yzHX8+QHV7ato4Mjvs1RTlxxYqDh4i+lEIvhnSo/Yy2+XzUS7Y0xNG/k8FtPrwxPyVx/5k6jPvT3n5H195vvHV+Xza393s385RtxBeDN7tKGu6h0IvjD2CbT7qBfb1x60XXdpr2/t+fEBo9QfXXryR/eZ9CL3ZuxvZ+GYDjfOLTi6+/5CpyJdaLC2qer8G+XhkgjvGU8HVazfMye4ync12txHpx6iG73c5Ko9aNLINj/T3Sju/P7IWOQ6ffMPMqyfRipMR69104xlM24NyuuPXCvlyy8f1d20H42dELnNeL83op9KKsUAK9eK9Rr9fj3C75ETh+LMk1HTqffzaL9OK1V7nK5PTiXD3HGXFeL0M1gHZhsa9dFe96PnM1BS91/zIr9UKToF681wjU7+zsZO2hsnottwsXLiyu48x1cwcPUTVu2izz7WtWvPjiizabLQu3OgS9WLhwrmdDPr1edHcUPrdnKwQ8gUCAwSfKavY3NTV1d3f39/c7HSs5Q3GbNy/0gjC+LXpdPnCMjkeEdTzttqXwCkXSt7W1ZfbC9t+HHTt28LW1ZpNu8OXCmO36Z4NN1dVVOp2O2baB7GV/T0+Px+OJSHg4HAZP8HocnFGrLlCJazgbKha4XTbfwc5pvTMTExMmk0m5C9YmhkuXLsFTj4+PC3qxsYEzlrU1Lw0dMo6+q7+pF0O6sTN1g6882PFTF19bbbfbjx07tnjx4pGREWQ/Q7h69SrP88nsNAF6BldQ0DLlycPtdkfvY3dTL7xejuPUarW42rPBYICv+Xy+iF6cO3eO2UAxS9kPspR8+wO8Y4idsiQBGBgYcDgciT0seAjkDMh+VmKe5uZmSS4FsdO0jT4zEkB6qOgg8kns51APQP3A4ErXWcd+eIVJxjzRuHLlCrzXzN7YEAARTmtrazJX2DMFZL/MsFqtEIlKeEHIfSEXnJyczNQSE0aGcxz4eTIXAeGHi7A2FDy72A8aJlXME42OKWRqobW1tUkS3UGiBYEisl8eDA0Nmc3mVLTSgPBDlRLdHpJhhSZVyC55xYvsZ6LooU7PyAZQm80mYaGBL1ksFhzjmW60t7fv3LkzpbeA8MDpdEb/z8jIiKLzgWAw6HK5pL1mS0tLb28vsj+t1TdIThqICK82esYq+Jtyt3qG4oLaTPI8VcyhGakkSUZyPbpuHR8fh8g1PeGm2LIxPDx8Y6oxVK1WMzJ9mwbTNuHbv39/ilJ5KJNp9bBYYsh+aYKc6BfZ2tqazrG18CJBMsENxC1NWWvluH1eFOm4ENOYWTaplq5WiQx9g7tAdoHsl+wtRuJvcIP0xDzR2LNnz6OPPgovGNiv1WqVUm4ajSYiyc3NzSmdiRIKhSLvCGoYqCRlSYUzjf1QiOKIK4h/xKFs6axV4Y4gnx988EFtbW1kPayEBwikudzAVJVKBZKcnnFpwP6BgQFIA8T3JVXve1azH16eyDkIOSDmgfAjPfcFMRPf4kyw08RxG4DTitZ6vV5Ik9IgGeKQk8cee0xGjcg09gMLI7SrqKh45plnIOgPTAGUJtUEcjgcM9nf1NTEfrlB4UQMhsS9ZQqgIPBEEg7jAyGAC7rdbvH6S5cuzc3NFW/a39+P7E8WwPVZBRjKOj11K7ifwWCIvjWQif1R0D6fb2ahQW3m9/ulNR4uCAnGzHvJMlcu09gP0eS0YoW8M82xx8TEBGRy0e9YlqA2LkCUOK3cwIdT1FkBQQ4owrTbpWL8VdaxX6+/ZQlml8uV5ODEhDEyMmK320Uz2JzTHY2IqSIgPkmpx46Pj0/TKavViuxPtkwjpQnSC7W57CEHpN1Q+bS1tTFedGL7rFhuED2mp40Y6uRIDVlSUoLsnx2gQ/6XnvM22vjqck1x/tSU8zzOWOZpdAHFIyoFNbVYlBaLhZ0ZJxcvXmxsbPR6Gvhqnaa4QJwvzxm1Hvc638EuRoIikYUQkKR5Bvrly5dNJpP41tIvVayzP/TWq851tbwxv9WT299FLr95y3IjA92k/eGFPLfQcW99X18fZE4qlQqki5EsU+jTcazkqzStP8qb3fhtwlopDvvyVHUtXZ8Mf37Uv2+9d9M83qjSFE3lsgU5XGW+5/5q37MPhb/+QhQXMUqUZfgNpEkejwcMuClYdDZnOPvHvvrS1bDYzKuAJTGXTxo8XGxdYaipqT59+jQTxo+Nue6zm+vmURl/SFgJ3b5W0vrq+mQo8LBztYpfRFo95Ht8j/CLchxrqp7+WQdEaPJKRk9Pz9kz79Hb3HeyN2PZHzz5ol6b53uCxLfM4DMGvU4r+2KRwWBQXz7X114Q7xqJ+nKNJCvjjn12zFVfYK4ltL63dI7dZpI3VpTFZhbZP/D6fq4iN8ElI4NFnFEnY/fqwDu/SXJ93N5fv5z47b+9FvRv0JeSuIXjSaIvK5REUBVkM3PsDwZ+zlXkJLVc8LsFnFEvSw0g89ro314b+PU9XAWRzfeUZjNb7B/78qJemyvBUvFvlOr15WlePlL2fTFAQYFGyfqeQZNO4ZDXZrbY76z/gWTbhOy1pHl/KGeDTdo9keKNmyF4kMj3StIjHLLbzBD7Q6d85toc+m2iYx6WO+9Im4yJ++FJafySuXEYf33SacuXTDieKrTXp366CQM2M8R+59oSibcHPFaXNvmXdy/U0PFt5loipe8t06VaOFiwmRX2h0d/C/Gf9FtJ1y5Kw/phMu+DDSK6WiWx7/Xkp1b+2bCZFfb7n/fQbAsuHp8cF/r/aL7ZsWNdGuaV+/3+Nm9eTGO++fCWUY2xjX8kz3ewK7bvfX40JcJRrUudcDBiMyvs97r0/V20D9lwDy37B44ud7vdKTfe00BjPEjdj51xvEv4vtu1Jrbv7VtPKRyPbyUF+QRoB2FVbN97dEXqhIPS5mjMyZXeZlbYzxvzRkO0wu+4m5b9Y+8bACk3vlpHY/yBx4QjrrY8Q8WC2L63aR6N7/mfFO5+/VOB+jWVFL53pCp1wkFpc+R47Tmyr016m1lhv6YoRxzRQSP89JHPxMfFarU65cYXF9AYv6WBrF9JCgvIXYvJ//w7hfEfCaNBKYRDReN7IBmXXo/H9wbLUicclDaLx//9jqxaJvit5Dazwn5KNovCL9aJlGUnfJMN4/Wlgv1wAi/+/jWSGa8pIjS+B153+ClSXEiW1ZA/v03neykTDkqbxWPPdsFyKrGL02aFab8o/PTsZ0r7ow+Iv6XSfsqiADz9E+Hk42PkQbvMwkEvXpAZV5TFkR/HZbPC4v5pUFbcH33MLZIs7qcUjjzVd8ED1AOxfW9Il0rtpw103zpImjfTlmq8NiuyzYde+5lq87nDSEQn+eMbZIdXsjYf3phP43tLqoUmV3r2j52pS2Xcn0+pFy0/JKeep85V4rRZke399Oxnqr0fYjagIGgwBB6QyUnV3u/dzNP43r/8I/lVh3Dyu6Nkm4vC944/kMI2Hzqb4VjOC3NcaNuI47QZ+3oV39fr79pOIxyTnwi9DeB7a+8kfz1D4Xs7N6ewvZ/OZjFBomntScxmHOcjkfHyjfMJf/0lV5Erse9dUPN8TQr7etmwmbkxnhKWiHWlKc1jPKU03jyP3njnulqJfe/UQ6kWDhZsZmt8v8Omk3Z8fzpnajvW3yPt+H5640On3zDzKsl8b6TEevddKR/jyYDNOLdLOuNlndvlsC+XTDi6tqdHOGS3Gef1Smq8fPN6Bd8rK5TA995r1Ov1aZrbJbfNLK7pEDiyK7k1HcrTuVXRdOOPH0tyTYfO559N0Pdee5WrTM73ztVznDGt83pltZnd9Xy0C1SJrecj+5KxUANoFxb72lUJrOcDzpO072kS9L33GoFG6RcOGW1mdy23C38YXsyXmfk5g4co8v2jmqpFJatWWdMc69+mTnc22Mx1c6mMP0Jslvn2NSskMV7wvdJ5vn+Kp/9hpMTf1QLBg1zCIZfN7LK/vb3d5/P1v37Cua6Gq8xr20JCLwgjBaKXtgNudbSU8NxCe/2q7du3b926lalH6O/vdzpWcobiNm/e7MY/IqzjabcthVcoYZYp+N7GBrNJN/hyYcw28rPBJttqK6SM8gqHLDYzyv6hoSGz2RxZRzscDne/sM/baOMWlaoLVOIazoaKUveD94GHRDo4LBZLevblja9nB4zv7vZ6HJxR+zfjVYaKBW6XzXewM3U9SoLvbWzgjGVtzUtDh4yj7+pv+t6QbuxM3eArD3b81MXXVgOHpPU9BdnMKPttNlsCG4eMjIyYTKY070/KOG76ntfLcZy4rx58GgwGt9sdLRzZaTOL7Pf7/fDkif12586dMjb4IJQF5th/5coV8PiEtxuamJiAnzOS+yKQ/fGhubk5yU12g8FgwlUHAtkvGwYHByXZJdzhcMiy/ysC2Z8ggPQWi0WSXTJHR0d5nsf0F6EY9u/duxdyVqmutnv37o6ODnzBCAWwPxwOg1pDzirVBUH4zWYzpr8IBbDf5XJJPrhK6DpxOvEdI9hi/7SIfGBgANifiht5vd5pe3hhMoCQmf3t7e2Rhh2IdiBESdEmycJ8c46L3oYWkwGEzOw3GAzBYDBCR8h3U3cvn8/X0tIing8ODmq1WnzrCDnZr1KpQO9B/iErlTbZnQm4i8lkEusWq9VKCBkfH8cXj5CH/RCHiOsQ+v1+m80GepzqO549e9ZisZw6dUq8r7zbMiOymv1DQ0MiC0tLSzds2DA2BdDmc+fOSdLVJWJ4eBguCJ/i9bdu3arT6cT7MjgKGpEt7A8EAmQ2QHoqIfsvXboEF5z1Rj09PfjiEfKwf/fu3TMZ2dTUJHn0Dxdsbm6eeS9s9kHIxn632z2Njp2dnambW+Tz+SDJjr5divoWEMj+2DCZTBEi6vX6NGS958+f53k+OsTCF4+Qh/0Gg0FkIYQlKW3rjAbULS0tLd9te4FASMv+cDjsf+k5b6ONry7XFOeLc885Y5mn0QXhB/xVjMVVU+ju7k7/TGq/3y/OE414HY3NCGT/7RB661XnulremN/qye3vErYbiF66Y6CbtD+8kOcWOu6tP3DgAAQeEIrI9cDDw8MQBQ0NDdHbLMuiiAgFsH/sqy9dDYvNvLDrfMyliAYPFy836Vevvkfe/qY/fv7Z+jXV9DZbVxjs9rXYR4bsvwXBky/qtXmJrTcol6Aq0WYEc+wfeH1/cmvN6qaNPU4DlGgzgjn2K3GdcUWvjY5ghf1K3GNC0ftiIBhiv7P+B9LuL5SG51SizQjm2C/uLTf5iWSbjVnuvCPlW0Qp0GYEi+xX4r6iit4LFcEK+5W4p7Si98FGMMR+//Memi22R0PkrsXCtuB3LyF/fptii+0d61K4LTidzX95n6xaJuwMvs1FaGKklNqMYJH9Xpe+vys2M4D0n54UTuBz7Z2xvz9wdLnb7U7RE1LavKWBvP1L4eR3R8nTP5HZZgSL7OeNeaDrMZkBqj/r+fe2o79vAKToCSltBtW//unN85pKmW1GsMh+TVGOOBTs9ofdQi4GhZNLrwvnMb8/8XGxWq1O0RNS2gzsF08gQ4icy2UzgkX2CyPj6fadLS4UhtEXFgjnND9J3Zh7SpsfWCvEPN98SJo2Ecqf4DwB1P7Z435QfTj5/QkhlVSE9kN2vqxGcNqen6H2I/uzLO6PHH86TeZrMO5H9ifafgJ6L8b9EPZAPaCINp87jEJNBYnvLx4nP3Zimw+yfwYo285BPoH0Yns/nCuivf/sEWLU32zv/9+z2N6P7J8B7OvFvt7sZf8NHOeD43yymf3ieEkJpdS60pSeMZ7KshnBIvsBDptO2rHyaVjaRIk2I1hkP87twrld2cv+GzivF5HN7AcEjuxKbn2E8s7OzjQ/rRJtRrDI/htTa+NoF6gSWxsnEAjI8sBKtBnBIvtvTK3l5lzPm/k5g4coGgqPamx3L7Lb18gbNyvRZgSL7BfR//oJ57oarjKvbQsJvSDM7YpeExNI1tFSwnML7fWrQD4ZaS1Ros0IFtkvIhwOd7+wz9to4xaVqgtU4nrIhopS94P3+Xw+NntGlWgzgkX2IxDIfgQC2Y9AIPsRCGQ/AoHsRyCQ/QgEsh+BQPYjEMh+BALZj0Ag+xEIZD8CgexHIJD9CERy+H+ES0XDz50dqQAAAABJRU5ErkJggg==</file>
      <answer>
        <text>Binární strom</text>
      </answer>
    </subquestion>
    <subquestion format="html">
      <text></text>
      <answer>
        <text>Zástup</text>
      </answer>
    </subquestion>
    <subquestion format="html">
      <text></text>
      <answer>
        <text>Koš</text>
      </answer>
    </subquestion>
    <tags>
      <tag><text>fronta</text>
</tag>
      <tag><text>zásobník</text>
</tag>
      <tag><text>binární strom</text>
</tag>
      <tag><text>spojový seznam</text>
</tag>
      <tag><text>Dynamické datové struktury</text>
</tag>
    </tags>
  </question>

<!-- question: 7683  -->
  <question type="multichoice">
    <name>
      <text>Kolik ukazatelů ve spojovém seznamu</text>
    </name>
    <questiontext format="html">
      <text><![CDATA[<p>Kolik ukazatelů (šipek) je uloženo v objektu, který realizuje spojový seznam.</p><p>Resp.: Adresu kolika prvků (kolik šipek) si musím v hlavním programu pamatovat, abych mohl vytvořit spojový seznam - abych se dostal ke všem prvkům seznamu.<br></p>]]></text>
    </questiontext>
    <generalfeedback format="html">
      <text></text>
    </generalfeedback>
    <defaultgrade>2.0000000</defaultgrade>
    <penalty>0.5000000</penalty>
    <hidden>0</hidden>
    <idnumber></idnumber>
    <single>true</single>
    <shuffleanswers>true</shuffleanswers>
    <answernumbering>abc</answernumbering>
    <showstandardinstruction>1</showstandardinstruction>
    <correctfeedback format="html">
      <text>Vaše odpověď je správná.</text>
    </correctfeedback>
    <partiallycorrectfeedback format="html">
      <text>Vaše odpověď je částečně správná.</text>
    </partiallycorrectfeedback>
    <incorrectfeedback format="html">
      <text>Vaše odpověď je chybná.</text>
    </incorrectfeedback>
    <shownumcorrect/>
    <answer fraction="100" format="html">
      <text><![CDATA[<p>1<br></p>]]></text>
      <feedback format="html">
        <text></text>
      </feedback>
    </answer>
    <answer fraction="0" format="html">
      <text><![CDATA[<p>2<br></p>]]></text>
      <feedback format="html">
        <text></text>
      </feedback>
    </answer>
    <answer fraction="0" format="html">
      <text><![CDATA[<p>Tolik, kolik je prvků.<br></p>]]></text>
      <feedback format="html">
        <text></text>
      </feedback>
    </answer>
    <answer fraction="0" format="html">
      <text><![CDATA[<p>Nepotřebuji žádný<br></p>]]></text>
      <feedback format="html">
        <text></text>
      </feedback>
    </answer>
    <tags>
      <tag><text>Dynamické datové struktury</text>
</tag>
      <tag><text>spojový seznam</text>
</tag>
    </tags>
  </question>

<!-- question: 7684  -->
  <question type="multichoice">
    <name>
      <text>Max prvků ve spojovém seznamu</text>
    </name>
    <questiontext format="html">
      <text><![CDATA[<p>Kolik&nbsp;prvků může být maximálně uloženo ve spojovém seznamu?</p><p>Fyzické omezení počítače neuvažujeme.<br></p>]]></text>
    </questiontext>
    <generalfeedback format="html">
      <text></text>
    </generalfeedback>
    <defaultgrade>2.0000000</defaultgrade>
    <penalty>0.5000000</penalty>
    <hidden>0</hidden>
    <idnumber></idnumber>
    <single>true</single>
    <shuffleanswers>true</shuffleanswers>
    <answernumbering>abc</answernumbering>
    <showstandardinstruction>1</showstandardinstruction>
    <correctfeedback format="html">
      <text>Vaše odpověď je správná.</text>
    </correctfeedback>
    <partiallycorrectfeedback format="html">
      <text>Vaše odpověď je částečně správná.</text>
    </partiallycorrectfeedback>
    <incorrectfeedback format="html">
      <text>Vaše odpověď je chybná.</text>
    </incorrectfeedback>
    <shownumcorrect/>
    <answer fraction="100" format="html">
      <text><![CDATA[<p>Neomezené množství prvků<br></p>]]></text>
      <feedback format="html">
        <text></text>
      </feedback>
    </answer>
    <answer fraction="0" format="html">
      <text><![CDATA[<p>Jeden prvek<br></p>]]></text>
      <feedback format="html">
        <text></text>
      </feedback>
    </answer>
    <answer fraction="0" format="html">
      <text><![CDATA[<p>Tři prvky<br></p>]]></text>
      <feedback format="html">
        <text></text>
      </feedback>
    </answer>
    <answer fraction="0" format="html">
      <text><![CDATA[<p>Tolik, kolik proměnných pro ně v programu vytvoříme (např. Prvek1, Prvek2, Prvek3, ...)<br></p>]]></text>
      <feedback format="html">
        <text></text>
      </feedback>
    </answer>
    <tags>
      <tag><text>Dynamické datové struktury</text>
</tag>
      <tag><text>spojový seznam</text>
</tag>
    </tags>
  </question>

<!-- question: 7685  -->
  <question type="multichoice">
    <name>
      <text>Prvek v jednosměrném spojovém seznamu</text>
    </name>
    <questiontext format="html">
      <text><![CDATA[<p>Co je uloženo v každém prvku jednosměrného spojového seznamu (minimálně).<br></p>]]></text>
    </questiontext>
    <generalfeedback format="html">
      <text></text>
    </generalfeedback>
    <defaultgrade>2.0000000</defaultgrade>
    <penalty>0.3333333</penalty>
    <hidden>0</hidden>
    <idnumber></idnumber>
    <single>false</single>
    <shuffleanswers>true</shuffleanswers>
    <answernumbering>abc</answernumbering>
    <showstandardinstruction>1</showstandardinstruction>
    <correctfeedback format="html">
      <text>Vaše odpověď je správná.</text>
    </correctfeedback>
    <partiallycorrectfeedback format="html">
      <text>Vaše odpověď je částečně správná.</text>
    </partiallycorrectfeedback>
    <incorrectfeedback format="html">
      <text>Vaše odpověď je chybná.</text>
    </incorrectfeedback>
    <shownumcorrect/>
    <answer fraction="50" format="html">
      <text><![CDATA[<p>Uložená data<br></p>]]></text>
      <feedback format="html">
        <text></text>
      </feedback>
    </answer>
    <answer fraction="50" format="html">
      <text><![CDATA[<p>Jedna adresa prvku<br></p>]]></text>
      <feedback format="html">
        <text></text>
      </feedback>
    </answer>
    <answer fraction="-50" format="html">
      <text><![CDATA[<p>Adresa prvního prvku v seznamu<br></p>]]></text>
      <feedback format="html">
        <text></text>
      </feedback>
    </answer>
    <answer fraction="-50" format="html">
      <text><![CDATA[<p>Adresa posledního prvku v seznamu<br></p>]]></text>
      <feedback format="html">
        <text></text>
      </feedback>
    </answer>
    <answer fraction="-50" format="html">
      <text><![CDATA[<p>Počet prvků v seznamu<br></p>]]></text>
      <feedback format="html">
        <text></text>
      </feedback>
    </answer>
    <answer fraction="-20" format="html">
      <text><![CDATA[<p>Dvě adresy prvků<br></p>]]></text>
      <feedback format="html">
        <text></text>
      </feedback>
    </answer>
    <tags>
      <tag><text>spojový seznam</text>
</tag>
      <tag><text>jednosměrný</text>
</tag>
      <tag><text>Dynamické datové struktury</text>
</tag>
    </tags>
  </question>

<!-- question: 7686  -->
  <question type="multichoice">
    <name>
      <text>Prvek v obousměrném spojovém seznamu</text>
    </name>
    <questiontext format="html">
      <text><![CDATA[<p>Co je uloženo v každém prvku obousměrného spojového seznamu (minimálně).<br></p>]]></text>
    </questiontext>
    <generalfeedback format="html">
      <text></text>
    </generalfeedback>
    <defaultgrade>2.0000000</defaultgrade>
    <penalty>0.3333333</penalty>
    <hidden>0</hidden>
    <idnumber></idnumber>
    <single>false</single>
    <shuffleanswers>true</shuffleanswers>
    <answernumbering>abc</answernumbering>
    <showstandardinstruction>1</showstandardinstruction>
    <correctfeedback format="html">
      <text>Vaše odpověď je správná.</text>
    </correctfeedback>
    <partiallycorrectfeedback format="html">
      <text>Vaše odpověď je částečně správná.</text>
    </partiallycorrectfeedback>
    <incorrectfeedback format="html">
      <text>Vaše odpověď je chybná.</text>
    </incorrectfeedback>
    <shownumcorrect/>
    <answer fraction="50" format="html">
      <text><![CDATA[<p>Uložená data<br></p>]]></text>
      <feedback format="html">
        <text></text>
      </feedback>
    </answer>
    <answer fraction="0" format="html">
      <text><![CDATA[<p>Jedna adresa prvku<br></p>]]></text>
      <feedback format="html">
        <text></text>
      </feedback>
    </answer>
    <answer fraction="-50" format="html">
      <text><![CDATA[<p>Adresa prvního prvku v seznamu<br></p>]]></text>
      <feedback format="html">
        <text></text>
      </feedback>
    </answer>
    <answer fraction="-50" format="html">
      <text><![CDATA[<p>Adresa posledního prvku v seznamu<br></p>]]></text>
      <feedback format="html">
        <text></text>
      </feedback>
    </answer>
    <answer fraction="-50" format="html">
      <text><![CDATA[<p>Počet prvků v seznamu<br></p>]]></text>
      <feedback format="html">
        <text></text>
      </feedback>
    </answer>
    <answer fraction="50" format="html">
      <text><![CDATA[<p>Dvě adresy prvků<br></p>]]></text>
      <feedback format="html">
        <text></text>
      </feedback>
    </answer>
    <tags>
      <tag><text>spojový seznam</text>
</tag>
      <tag><text>obousměrný</text>
</tag>
      <tag><text>Dynamické datové struktury</text>
</tag>
    </tags>
  </question>

<!-- question: 7687  -->
  <question type="multichoice">
    <name>
      <text>Zvětšování Dynamického pole</text>
    </name>
    <questiontext format="html">
      <text><![CDATA[<p>Pokud se pokusíme přidat další prvek do plného dynamického pole:<br></p>]]></text>
    </questiontext>
    <generalfeedback format="html">
      <text></text>
    </generalfeedback>
    <defaultgrade>1.0000000</defaultgrade>
    <penalty>0.5000000</penalty>
    <hidden>0</hidden>
    <idnumber></idnumber>
    <single>true</single>
    <shuffleanswers>true</shuffleanswers>
    <answernumbering>abc</answernumbering>
    <showstandardinstruction>1</showstandardinstruction>
    <correctfeedback format="html">
      <text>Vaše odpověď je správná.</text>
    </correctfeedback>
    <partiallycorrectfeedback format="html">
      <text>Vaše odpověď je částečně správná.</text>
    </partiallycorrectfeedback>
    <incorrectfeedback format="html">
      <text>Vaše odpověď je chybná.</text>
    </incorrectfeedback>
    <shownumcorrect/>
    <answer fraction="100" format="html">
      <text><![CDATA[<p>Pole se zvětší na dvojnásobnou velikost a prvek se vloží.<br></p>]]></text>
      <feedback format="html">
        <text></text>
      </feedback>
    </answer>
    <answer fraction="0" format="html">
      <text><![CDATA[<p>Pole se zvětší o jedno místo a prvek se vloží.<br></p>]]></text>
      <feedback format="html">
        <text></text>
      </feedback>
    </answer>
    <answer fraction="0" format="html">
      <text><![CDATA[<p>Pole se zvětší o 10 míst a prvek se vloží<br></p>]]></text>
      <feedback format="html">
        <text></text>
      </feedback>
    </answer>
    <answer fraction="0" format="html">
      <text><![CDATA[<p>Prvek nejde vložit, pokud je pole plné.<br></p>]]></text>
      <feedback format="html">
        <text></text>
      </feedback>
    </answer>
    <answer fraction="0" format="html">
      <text><![CDATA[<p>Nastane tzv. "Modrá smrt"<br></p>]]></text>
      <feedback format="html">
        <text></text>
      </feedback>
    </answer>
    <tags>
      <tag><text>Dynamické datové struktury</text>
</tag>
      <tag><text>Dynamické pole</text>
</tag>
    </tags>
  </question>

<!-- question: 7688  -->
  <question type="numerical">
    <name>
      <text>Kolik ukazatelů v jednosměrném seznamu</text>
    </name>
    <questiontext format="html">
      <text><![CDATA[<p>Kolik ukazatelů (šipek) si pamatuje každý prvek v <b>jednosměrném</b> spojovém seznamu?<br></p>]]></text>
    </questiontext>
    <generalfeedback format="html">
      <text></text>
    </generalfeedback>
    <defaultgrade>1.0000000</defaultgrade>
    <penalty>0.5000000</penalty>
    <hidden>0</hidden>
    <idnumber></idnumber>
    <answer fraction="100" format="moodle_auto_format">
      <text>1</text>
      <feedback format="html">
        <text></text>
      </feedback>
      <tolerance>0</tolerance>
    </answer>
    <unitgradingtype>0</unitgradingtype>
    <unitpenalty>0.1000000</unitpenalty>
    <showunits>3</showunits>
    <unitsleft>0</unitsleft>
    <tags>
      <tag><text>spojový seznam</text>
</tag>
      <tag><text>jednosměrný</text>
</tag>
      <tag><text>Dynamické datové struktury</text>
</tag>
    </tags>
  </question>

<!-- question: 7689  -->
  <question type="numerical">
    <name>
      <text>Kolik ukazatelů v obousměrném seznamu</text>
    </name>
    <questiontext format="html">
      <text><![CDATA[<p>Kolik ukazatelů (šipek) si pamatuje každý prvek v <b>obousměrném</b> spojovém seznamu?<br></p>]]></text>
    </questiontext>
    <generalfeedback format="html">
      <text></text>
    </generalfeedback>
    <defaultgrade>1.0000000</defaultgrade>
    <penalty>0.5000000</penalty>
    <hidden>0</hidden>
    <idnumber></idnumber>
    <answer fraction="100" format="moodle_auto_format">
      <text>2</text>
      <feedback format="html">
        <text></text>
      </feedback>
      <tolerance>0</tolerance>
    </answer>
    <unitgradingtype>0</unitgradingtype>
    <unitpenalty>0.1000000</unitpenalty>
    <showunits>3</showunits>
    <unitsleft>0</unitsleft>
    <tags>
      <tag><text>spojový seznam</text>
</tag>
      <tag><text>obousměrný</text>
</tag>
      <tag><text>Dynamické datové struktury</text>
</tag>
    </tags>
  </question>

<!-- question: 7690  -->
  <question type="numerical">
    <name>
      <text>Kolik zbyde prvků v zásobníku</text>
    </name>
    <questiontext format="html">
      <text><![CDATA[<p>Máme prázdný zásobník "pismenka". Kolik bude v tomto zásobníku prvků, po provedení následujících operací v pořadí shora dolů:</p><p>pismenka.odeber()<br></p><p>pismenka.pridej("A")</p><p>pismenka.pridej("B")</p><p>pismenka.pridej("A")</p><p>pismenka.odeber()</p><p>pismenka.pridej("C")<br></p>]]></text>
    </questiontext>
    <generalfeedback format="html">
      <text></text>
    </generalfeedback>
    <defaultgrade>2.0000000</defaultgrade>
    <penalty>0.5000000</penalty>
    <hidden>0</hidden>
    <idnumber></idnumber>
    <answer fraction="100" format="moodle_auto_format">
      <text>3</text>
      <feedback format="html">
        <text></text>
      </feedback>
      <tolerance>0</tolerance>
    </answer>
    <unitgradingtype>0</unitgradingtype>
    <unitpenalty>0.1000000</unitpenalty>
    <showunits>3</showunits>
    <unitsleft>0</unitsleft>
    <tags>
      <tag><text>zásobník</text>
</tag>
      <tag><text>Dynamické datové struktury</text>
</tag>
    </tags>
  </question>

<!-- question: 7691  -->
  <question type="numerical">
    <name>
      <text>Kolik zbyde prvků ve frontě</text>
    </name>
    <questiontext format="html">
      <text><![CDATA[<p>Máme prázdnou frontu "pismenka". Kolik bude v této frontě prvků, po provedení následujících operací v pořadí shora dolů:</p><p>pismenka.odeber()<br></p><p>pismenka.pridej("A")</p><p>pismenka.pridej("B")</p><p>pismenka.pridej("A")</p><p>pismenka.odeber()</p><p>pismenka.pridej("C")<br></p>]]></text>
    </questiontext>
    <generalfeedback format="html">
      <text></text>
    </generalfeedback>
    <defaultgrade>2.0000000</defaultgrade>
    <penalty>0.5000000</penalty>
    <hidden>0</hidden>
    <idnumber></idnumber>
    <answer fraction="100" format="moodle_auto_format">
      <text>3</text>
      <feedback format="html">
        <text></text>
      </feedback>
      <tolerance>0</tolerance>
    </answer>
    <unitgradingtype>0</unitgradingtype>
    <unitpenalty>0.1000000</unitpenalty>
    <showunits>3</showunits>
    <unitsleft>0</unitsleft>
    <tags>
      <tag><text>Dynamické datové struktury</text>
</tag>
      <tag><text>fronta</text>
</tag>
    </tags>
  </question>

<!-- question: 7692  -->
  <question type="numerical">
    <name>
      <text>Míra zvětšování dynamického pole</text>
    </name>
    <questiontext format="html">
      <text><![CDATA[<p>O kolik / Kolikrát, se obvykle zvětší počet prvků v dynamickém poli ve chvíli, kdy přidáme prvek do plného pole.<br></p>]]></text>
    </questiontext>
    <generalfeedback format="html">
      <text></text>
    </generalfeedback>
    <defaultgrade>2.0000000</defaultgrade>
    <penalty>0.2500000</penalty>
    <hidden>0</hidden>
    <idnumber></idnumber>
    <answer fraction="100" format="moodle_auto_format">
      <text>2</text>
      <feedback format="html">
        <text></text>
      </feedback>
      <tolerance>0</tolerance>
    </answer>
    <unitgradingtype>0</unitgradingtype>
    <unitpenalty>0.1000000</unitpenalty>
    <showunits>3</showunits>
    <unitsleft>0</unitsleft>
    <tags>
      <tag><text>Dynamické datové struktury</text>
</tag>
      <tag><text>Dynamické pole</text>
</tag>
    </tags>
  </question>

<!-- question: 7693  -->
  <question type="shortanswer">
    <name>
      <text>Obsah fronty</text>
    </name>
    <questiontext format="html">
      <text><![CDATA[<p>Máme prázdnou frontu "pismenka". Zapište v jakém pořadí budou ve frontě prvky po provedení následujících operací:</p><p>pismenka.pridej("A")<br></p><p></p><p>pismenka.odeber()<br></p><p>pismenka.pridej("A")</p><p>pismenka.pridej("B")</p><p>pismenka.pridej("A")</p><p>pismenka.odeber()</p><p>pismenka.pridej("C")</p><p><br></p><p>PS.: Zapisujte písmenka bez mezer - tady např. AAA, ABCDE, WXYZ apd.<br></p><br><p></p>]]></text>
    </questiontext>
    <generalfeedback format="html">
      <text></text>
    </generalfeedback>
    <defaultgrade>2.0000000</defaultgrade>
    <penalty>0.5000000</penalty>
    <hidden>0</hidden>
    <idnumber></idnumber>
    <usecase>0</usecase>
    <answer fraction="100" format="moodle_auto_format">
      <text>CAB</text>
      <feedback format="html">
        <text></text>
      </feedback>
    </answer>
    <answer fraction="100" format="moodle_auto_format">
      <text>BAC</text>
      <feedback format="html">
        <text></text>
      </feedback>
    </answer>
    <tags>
      <tag><text>fronta</text>
</tag>
      <tag><text>Dynamické datové struktury</text>
</tag>
    </tags>
  </question>

<!-- question: 7694  -->
  <question type="shortanswer">
    <name>
      <text>Obsah zásobníku</text>
    </name>
    <questiontext format="html">
      <text><![CDATA[<p>Máme prázdný zásobník "pismenka". Zapište v jakém pořadí budou v zásobníku prvky po provedení následujících operací:</p><p>pismenka.pridej("A")<br></p><p></p><p>pismenka.odeber()<br></p><p>pismenka.pridej("A")</p><p>pismenka.pridej("B")</p><p>pismenka.pridej("A")</p><p>pismenka.odeber()</p><p>pismenka.pridej("C")</p><p><br></p><p>PS.: Zapisujte písmenka bez mezer - tady např. AAA, ABCDE, WXYZ apd.<br></p><br><p></p>]]></text>
    </questiontext>
    <generalfeedback format="html">
      <text></text>
    </generalfeedback>
    <defaultgrade>2.0000000</defaultgrade>
    <penalty>0.5000000</penalty>
    <hidden>0</hidden>
    <idnumber></idnumber>
    <usecase>0</usecase>
    <answer fraction="100" format="moodle_auto_format">
      <text>CBA</text>
      <feedback format="html">
        <text></text>
      </feedback>
    </answer>
    <answer fraction="100" format="moodle_auto_format">
      <text>ABC</text>
      <feedback format="html">
        <text></text>
      </feedback>
    </answer>
    <tags>
      <tag><text>zásobník</text>
</tag>
      <tag><text>Dynamické datové struktury</text>
</tag>
    </tags>
  </question>

<!-- question: 7695  -->
  <question type="truefalse">
    <name>
      <text>Ukazatelů na spojový seznam</text>
    </name>
    <questiontext format="html">
      <text><![CDATA[<p>Abych mohl pracovat se spojovým seznamem (ukládat, číst, mazat) stačí mi jedna proměnná ( pro adresu jednoho uloženého prvku ) v objektu "spojový seznam".<br></p>]]></text>
    </questiontext>
    <generalfeedback format="html">
      <text></text>
    </generalfeedback>
    <defaultgrade>1.0000000</defaultgrade>
    <penalty>1.0000000</penalty>
    <hidden>0</hidden>
    <idnumber></idnumber>
    <answer fraction="100" format="moodle_auto_format">
      <text>true</text>
      <feedback format="html">
        <text></text>
      </feedback>
    </answer>
    <answer fraction="0" format="moodle_auto_format">
      <text>false</text>
      <feedback format="html">
        <text></text>
      </feedback>
    </answer>
    <tags>
      <tag><text>Dynamické datové struktury</text>
</tag>
      <tag><text>spojový seznam</text>
</tag>
    </tags>
  </question>

<!-- question: 7696  -->
  <question type="truefalse">
    <name>
      <text>Vnitřní realizace fronty</text>
    </name>
    <questiontext format="html">
      <text><![CDATA[<p>Frontu můžeme realizovat pouze pomocí obousměrně spojového seznamu.<br></p>]]></text>
    </questiontext>
    <generalfeedback format="html">
      <text></text>
    </generalfeedback>
    <defaultgrade>1.0000000</defaultgrade>
    <penalty>1.0000000</penalty>
    <hidden>0</hidden>
    <idnumber></idnumber>
    <answer fraction="0" format="moodle_auto_format">
      <text>true</text>
      <feedback format="html">
        <text></text>
      </feedback>
    </answer>
    <answer fraction="100" format="moodle_auto_format">
      <text>false</text>
      <feedback format="html">
        <text></text>
      </feedback>
    </answer>
    <tags>
      <tag><text>fronta</text>
</tag>
      <tag><text>Dynamické datové struktury</text>
</tag>
    </tags>
  </question>

<!-- question: 7697  -->
  <question type="truefalse">
    <name>
      <text>Vnitřní realizace zásobníku</text>
    </name>
    <questiontext format="html">
      <text><![CDATA[<p>Zásobník můžeme realizovat pouze pomocí obousměrně spojového seznamu.<br></p>]]></text>
    </questiontext>
    <generalfeedback format="html">
      <text></text>
    </generalfeedback>
    <defaultgrade>1.0000000</defaultgrade>
    <penalty>1.0000000</penalty>
    <hidden>0</hidden>
    <idnumber></idnumber>
    <answer fraction="0" format="moodle_auto_format">
      <text>true</text>
      <feedback format="html">
        <text></text>
      </feedback>
    </answer>
    <answer fraction="100" format="moodle_auto_format">
      <text>false</text>
      <feedback format="html">
        <text></text>
      </feedback>
    </answer>
    <tags>
      <tag><text>Dynamické datové struktury</text>
</tag>
      <tag><text>zásobník</text>
</tag>
    </tags>
  </question>

<!-- question: 7698  -->
  <question type="truefalse">
    <name>
      <text>Vyjmutí prvku z Fronty</text>
    </name>
    <questiontext format="html">
      <text><![CDATA[<p>Pokud vyjmeme prvek z Fronty, je to ten, který jsme do ní vložili naposledy.<br></p>]]></text>
    </questiontext>
    <generalfeedback format="html">
      <text></text>
    </generalfeedback>
    <defaultgrade>1.0000000</defaultgrade>
    <penalty>1.0000000</penalty>
    <hidden>0</hidden>
    <idnumber></idnumber>
    <answer fraction="0" format="moodle_auto_format">
      <text>true</text>
      <feedback format="html">
        <text></text>
      </feedback>
    </answer>
    <answer fraction="100" format="moodle_auto_format">
      <text>false</text>
      <feedback format="html">
        <text></text>
      </feedback>
    </answer>
    <tags>
      <tag><text>Dynamické datové struktury</text>
</tag>
      <tag><text>fronta</text>
</tag>
    </tags>
  </question>

<!-- question: 7699  -->
  <question type="truefalse">
    <name>
      <text>Vyjmutí prvku ze Zásobníku</text>
    </name>
    <questiontext format="html">
      <text><![CDATA[<p>Pokud vyjmeme prvek ze Zásobníku, je to ten, který jsme vložili naposledy<br></p>]]></text>
    </questiontext>
    <generalfeedback format="html">
      <text></text>
    </generalfeedback>
    <defaultgrade>1.0000000</defaultgrade>
    <penalty>1.0000000</penalty>
    <hidden>0</hidden>
    <idnumber></idnumber>
    <answer fraction="100" format="moodle_auto_format">
      <text>true</text>
      <feedback format="html">
        <text></text>
      </feedback>
    </answer>
    <answer fraction="0" format="moodle_auto_format">
      <text>false</text>
      <feedback format="html">
        <text></text>
      </feedback>
    </answer>
    <tags>
      <tag><text>zásobník</text>
</tag>
      <tag><text>Dynamické datové struktury</text>
</tag>
    </tags>
  </question>

<!-- question: 0  -->
  <question type="category">
    <category>
      <text>$course$/top/JaroslavHoleček/Algoritmizace/Algoritmus</text>
    </category>
    <info format="html">
      <text></text>
    </info>
    <idnumber></idnumber>
  </question>

<!-- question: 7794  -->
  <question type="matching">
    <name>
      <text>Prvky vývojového diagramu</text>
    </name>
    <questiontext format="html">
      <text><![CDATA[<p dir="ltr" style="text-align: left;">Přiřaďte grafické prvky vývojového diagramu k jejich významu<br></p>]]></text>
    </questiontext>
    <generalfeedback format="html">
      <text></text>
    </generalfeedback>
    <defaultgrade>2.0000000</defaultgrade>
    <penalty>0.5000000</penalty>
    <hidden>0</hidden>
    <idnumber></idnumber>
    <shuffleanswers>true</shuffleanswers>
    <correctfeedback format="html">
      <text>Vaše odpověď je správná.</text>
    </correctfeedback>
    <partiallycorrectfeedback format="html">
      <text>Vaše odpověď je částečně správná.</text>
    </partiallycorrectfeedback>
    <incorrectfeedback format="html">
      <text>Vaše odpověď je chybná.</text>
    </incorrectfeedback>
    <shownumcorrect/>
    <subquestion format="html">
      <text><![CDATA[<p dir="ltr" style="text-align: left;">Krok algoritmu<br></p>]]></text>
      <answer>
        <text>Obdélník</text>
      </answer>
    </subquestion>
    <subquestion format="html">
      <text><![CDATA[<p dir="ltr" style="text-align: left;">Větvení algoritmu (na základě podmínky)<br></p>]]></text>
      <answer>
        <text>Kosočtverec</text>
      </answer>
    </subquestion>
    <subquestion format="html">
      <text><![CDATA[<p dir="ltr" style="text-align: left;">Směr průběhu algoritmu<br></p>]]></text>
      <answer>
        <text>Šipka</text>
      </answer>
    </subquestion>
    <subquestion format="html">
      <text><![CDATA[<p dir="ltr" style="text-align: left;">Začátek a konec algoritmu<br></p>]]></text>
      <answer>
        <text>Ovál</text>
      </answer>
    </subquestion>
    <tags>
      <tag><text>algoritmizace</text>
</tag>
      <tag><text>algoritmus</text>
</tag>
      <tag><text>vývojový diagram</text>
</tag>
    </tags>
  </question>

<!-- question: 7796  -->
  <question type="multichoice">
    <name>
      <text>Determinismus</text>
    </name>
    <questiontext format="html">
      <text><![CDATA[<p dir="ltr" style="text-align: left;">Co znamená, že je algoritmus determinovaný?<br>POZOR - neplést s deterministickými algoritmy.<br></p>]]></text>
    </questiontext>
    <generalfeedback format="html">
      <text></text>
    </generalfeedback>
    <defaultgrade>1.0000000</defaultgrade>
    <penalty>0.5000000</penalty>
    <hidden>0</hidden>
    <idnumber></idnumber>
    <single>true</single>
    <shuffleanswers>true</shuffleanswers>
    <answernumbering>abc</answernumbering>
    <showstandardinstruction>0</showstandardinstruction>
    <correctfeedback format="html">
      <text>Vaše odpověď je správná.</text>
    </correctfeedback>
    <partiallycorrectfeedback format="html">
      <text>Vaše odpověď je částečně správná.</text>
    </partiallycorrectfeedback>
    <incorrectfeedback format="html">
      <text>Vaše odpověď je chybná.</text>
    </incorrectfeedback>
    <shownumcorrect/>
    <answer fraction="100" format="html">
      <text><![CDATA[<p dir="ltr" style="text-align: left;">Každý krok algoritmu je jednoznačně a jasně definovaný<br></p>]]></text>
      <feedback format="html">
        <text></text>
      </feedback>
    </answer>
    <answer fraction="0" format="html">
      <text><![CDATA[<p dir="ltr" style="text-align: left;">Algoritmus dává vždy stejný výsledek.<br></p>]]></text>
      <feedback format="html">
        <text></text>
      </feedback>
    </answer>
    <answer fraction="0" format="html">
      <text><![CDATA[<p dir="ltr" style="text-align: left;">Počítá determinant<br></p>]]></text>
      <feedback format="html">
        <text></text>
      </feedback>
    </answer>
    <tags>
      <tag><text>algoritmizace</text>
</tag>
      <tag><text>algoritmus</text>
</tag>
      <tag><text>determinismus</text>
</tag>
    </tags>
  </question>

<!-- question: 7799  -->
  <question type="multichoice">
    <name>
      <text>Elementárnost</text>
    </name>
    <questiontext format="html">
      <text><![CDATA[<p dir="ltr" style="text-align: left;">Co znamená elementárnost algoritmu?<br></p>]]></text>
    </questiontext>
    <generalfeedback format="html">
      <text></text>
    </generalfeedback>
    <defaultgrade>2.0000000</defaultgrade>
    <penalty>0.5000000</penalty>
    <hidden>0</hidden>
    <idnumber></idnumber>
    <single>true</single>
    <shuffleanswers>true</shuffleanswers>
    <answernumbering>abc</answernumbering>
    <showstandardinstruction>0</showstandardinstruction>
    <correctfeedback format="html">
      <text>Vaše odpověď je správná.</text>
    </correctfeedback>
    <partiallycorrectfeedback format="html">
      <text>Vaše odpověď je částečně správná.</text>
    </partiallycorrectfeedback>
    <incorrectfeedback format="html">
      <text>Vaše odpověď je chybná.</text>
    </incorrectfeedback>
    <shownumcorrect/>
    <answer fraction="100" format="html">
      <text><![CDATA[<p dir="ltr" style="text-align: left;">Skládá se z jednoduchých, jasných kroků.<br></p>]]></text>
      <feedback format="html">
        <text></text>
      </feedback>
    </answer>
    <answer fraction="0" format="html">
      <text><![CDATA[<p dir="ltr" style="text-align: left;">Řeší pouze jednoduché (elementární) úlohy<br></p>]]></text>
      <feedback format="html">
        <text></text>
      </feedback>
    </answer>
    <answer fraction="0" format="html">
      <text><![CDATA[<p dir="ltr" style="text-align: left;">Používá k řešení více růzých typů příkazů, kroků (elementů).<br></p>]]></text>
      <feedback format="html">
        <text></text>
      </feedback>
    </answer>
    <tags>
      <tag><text>algoritmizace</text>
</tag>
      <tag><text>algoritmus</text>
</tag>
      <tag><text>elementárnost</text>
</tag>
    </tags>
  </question>

<!-- question: 7793  -->
  <question type="multichoice">
    <name>
      <text>Jak zapsat algoritmus?</text>
    </name>
    <questiontext format="html">
      <text><![CDATA[<p dir="ltr" style="text-align: left;">Algoritmus lze zapsat (možno i více odpovědí):<br></p>]]></text>
    </questiontext>
    <generalfeedback format="html">
      <text></text>
    </generalfeedback>
    <defaultgrade>2.0000000</defaultgrade>
    <penalty>0.2000000</penalty>
    <hidden>0</hidden>
    <idnumber></idnumber>
    <single>false</single>
    <shuffleanswers>true</shuffleanswers>
    <answernumbering>abc</answernumbering>
    <showstandardinstruction>0</showstandardinstruction>
    <correctfeedback format="html">
      <text>Vaše odpověď je správná.</text>
    </correctfeedback>
    <partiallycorrectfeedback format="html">
      <text>Vaše odpověď je částečně správná.</text>
    </partiallycorrectfeedback>
    <incorrectfeedback format="html">
      <text>Vaše odpověď je chybná.</text>
    </incorrectfeedback>
    <shownumcorrect/>
    <answer fraction="20" format="html">
      <text><![CDATA[<p dir="ltr" style="text-align: left;">Vývojovým diagramem<br></p>]]></text>
      <feedback format="html">
        <text></text>
      </feedback>
    </answer>
    <answer fraction="20" format="html">
      <text><![CDATA[<p dir="ltr" style="text-align: left;">Slovním popisem<br></p>]]></text>
      <feedback format="html">
        <text></text>
      </feedback>
    </answer>
    <answer fraction="20" format="html">
      <text><![CDATA[<p dir="ltr" style="text-align: left;">Pseudokódem<br></p>]]></text>
      <feedback format="html">
        <text></text>
      </feedback>
    </answer>
    <answer fraction="20" format="html">
      <text><![CDATA[<p dir="ltr" style="text-align: left;">Obrázkem<br></p>]]></text>
      <feedback format="html">
        <text></text>
      </feedback>
    </answer>
    <answer fraction="20" format="html">
      <text><![CDATA[<p dir="ltr" style="text-align: left;">Seznamem kroků<br></p>]]></text>
      <feedback format="html">
        <text></text>
      </feedback>
    </answer>
    <tags>
      <tag><text>algoritmizace</text>
</tag>
      <tag><text>algoritmus</text>
</tag>
      <tag><text>Zápis</text>
</tag>
    </tags>
  </question>

<!-- question: 7798  -->
  <question type="multichoice">
    <name>
      <text>Konečnost</text>
    </name>
    <questiontext format="html">
      <text><![CDATA[<p dir="ltr" style="text-align: left;">Co znamená konečnost algoritmu?<br></p>]]></text>
    </questiontext>
    <generalfeedback format="html">
      <text></text>
    </generalfeedback>
    <defaultgrade>2.0000000</defaultgrade>
    <penalty>0.5000000</penalty>
    <hidden>0</hidden>
    <idnumber></idnumber>
    <single>true</single>
    <shuffleanswers>true</shuffleanswers>
    <answernumbering>abc</answernumbering>
    <showstandardinstruction>0</showstandardinstruction>
    <correctfeedback format="html">
      <text>Vaše odpověď je správná.</text>
    </correctfeedback>
    <partiallycorrectfeedback format="html">
      <text>Vaše odpověď je částečně správná.</text>
    </partiallycorrectfeedback>
    <incorrectfeedback format="html">
      <text>Vaše odpověď je chybná.</text>
    </incorrectfeedback>
    <shownumcorrect/>
    <answer fraction="100" format="html">
      <text><![CDATA[<p dir="ltr" style="text-align: left;">Algoritmus vždy skončí po konečném počtu kroků<br></p>]]></text>
      <feedback format="html">
        <text></text>
      </feedback>
    </answer>
    <answer fraction="0" format="html">
      <text><![CDATA[<p dir="ltr" style="text-align: left;">Algoritmus alespoň někdy skončí po konečném počtu kroků<br></p>]]></text>
      <feedback format="html">
        <text></text>
      </feedback>
    </answer>
    <answer fraction="0" format="html">
      <text><![CDATA[<p dir="ltr" style="text-align: left;">Algoritmus má konečný zápis - "vejde se na papír, obrazovku, do souboru..."<br></p>]]></text>
      <feedback format="html">
        <text></text>
      </feedback>
    </answer>
    <tags>
      <tag><text>algoritmizace</text>
</tag>
      <tag><text>algoritmus</text>
</tag>
      <tag><text>konečnost</text>
</tag>
    </tags>
  </question>

<!-- question: 7797  -->
  <question type="multichoice">
    <name>
      <text>Obecnost</text>
    </name>
    <questiontext format="html">
      <text><![CDATA[<p dir="ltr" style="text-align: left;">Co znamená, že je algoritmus obecný?<br></p>]]></text>
    </questiontext>
    <generalfeedback format="html">
      <text></text>
    </generalfeedback>
    <defaultgrade>2.0000000</defaultgrade>
    <penalty>0.5000000</penalty>
    <hidden>0</hidden>
    <idnumber></idnumber>
    <single>true</single>
    <shuffleanswers>true</shuffleanswers>
    <answernumbering>abc</answernumbering>
    <showstandardinstruction>0</showstandardinstruction>
    <correctfeedback format="html">
      <text>Vaše odpověď je správná.</text>
    </correctfeedback>
    <partiallycorrectfeedback format="html">
      <text>Vaše odpověď je částečně správná.</text>
    </partiallycorrectfeedback>
    <incorrectfeedback format="html">
      <text>Vaše odpověď je chybná.</text>
    </incorrectfeedback>
    <shownumcorrect/>
    <answer fraction="100" format="html">
      <text><![CDATA[<p dir="ltr" style="text-align: left;">Řeší úlohu pro (ideálně) všechny smysluplné vstupy.<br></p>]]></text>
      <feedback format="html">
        <text></text>
      </feedback>
    </answer>
    <answer fraction="0" format="html">
      <text><![CDATA[<p dir="ltr" style="text-align: left;">Řeší jakoukoliv úlohu mu zadáme.<br></p>]]></text>
      <feedback format="html">
        <text></text>
      </feedback>
    </answer>
    <answer fraction="0" format="html">
      <text><![CDATA[<p dir="ltr" style="text-align: left;">Je to pouze obecný princip algoritmu (tedy neřeší žádnou konrétní úlohu).<br></p>]]></text>
      <feedback format="html">
        <text></text>
      </feedback>
    </answer>
    <tags>
      <tag><text>algoritmizace</text>
</tag>
      <tag><text>algoritmus</text>
</tag>
      <tag><text>obecnost</text>
</tag>
    </tags>
  </question>

<!-- question: 7800  -->
  <question type="truefalse">
    <name>
      <text>Algoritmus v programování</text>
    </name>
    <questiontext format="html">
      <text><![CDATA[<p dir="ltr" style="text-align: left;">Poslední fází zápisu algoritmu v programování je jeho zápis v programovacím jazyce == program.<br></p>]]></text>
    </questiontext>
    <generalfeedback format="html">
      <text></text>
    </generalfeedback>
    <defaultgrade>1.0000000</defaultgrade>
    <penalty>1.0000000</penalty>
    <hidden>0</hidden>
    <idnumber></idnumber>
    <answer fraction="100" format="moodle_auto_format">
      <text>true</text>
      <feedback format="html">
        <text></text>
      </feedback>
    </answer>
    <answer fraction="0" format="moodle_auto_format">
      <text>false</text>
      <feedback format="html">
        <text></text>
      </feedback>
    </answer>
    <tags>
      <tag><text>algoritmizace</text>
</tag>
      <tag><text>algoritmus</text>
</tag>
      <tag><text>program</text>
</tag>
    </tags>
  </question>

<!-- question: 7792  -->
  <question type="truefalse">
    <name>
      <text>Co je algoritmus?</text>
    </name>
    <questiontext format="html">
      <text><![CDATA[<p dir="ltr" style="text-align: left;">Algoritmus je přesný popis postupu, jak vyřešit danou úlohu.<br></p>]]></text>
    </questiontext>
    <generalfeedback format="html">
      <text></text>
    </generalfeedback>
    <defaultgrade>1.0000000</defaultgrade>
    <penalty>1.0000000</penalty>
    <hidden>0</hidden>
    <idnumber></idnumber>
    <answer fraction="100" format="moodle_auto_format">
      <text>true</text>
      <feedback format="html">
        <text></text>
      </feedback>
    </answer>
    <answer fraction="0" format="moodle_auto_format">
      <text>false</text>
      <feedback format="html">
        <text></text>
      </feedback>
    </answer>
    <tags>
      <tag><text>algoritmizace</text>
</tag>
      <tag><text>algoritmus</text>
</tag>
    </tags>
  </question>

<!-- question: 7801  -->
  <question type="truefalse">
    <name>
      <text>Další prvky vývojového diagramu</text>
    </name>
    <questiontext format="html">
      <text><![CDATA[<p dir="ltr" style="text-align: left;">Ve vývojovém diagramu se používají pouze prvky - ovál (start, konec), obdélník (krok), kosočtverec (větvení, podmínka), šipka (směr průchodu).<br></p>]]></text>
    </questiontext>
    <generalfeedback format="html">
      <text></text>
    </generalfeedback>
    <defaultgrade>1.0000000</defaultgrade>
    <penalty>1.0000000</penalty>
    <hidden>0</hidden>
    <idnumber></idnumber>
    <answer fraction="0" format="moodle_auto_format">
      <text>true</text>
      <feedback format="html">
        <text></text>
      </feedback>
    </answer>
    <answer fraction="100" format="moodle_auto_format">
      <text>false</text>
      <feedback format="html">
        <text></text>
      </feedback>
    </answer>
    <tags>
      <tag><text>algoritmizace</text>
</tag>
      <tag><text>algoritmus</text>
</tag>
      <tag><text>vývojový diagram</text>
</tag>
    </tags>
  </question>

<!-- question: 7795  -->
  <question type="truefalse">
    <name>
      <text>Jen matematické algoritmy?</text>
    </name>
    <questiontext format="html">
      <text><![CDATA[<p dir="ltr" style="text-align: left;">Pojem algoritmus úzce souvisí s programování/matematikou - nikde jinde se v zásadě nevyskytuje.<br></p>]]></text>
    </questiontext>
    <generalfeedback format="html">
      <text></text>
    </generalfeedback>
    <defaultgrade>1.0000000</defaultgrade>
    <penalty>1.0000000</penalty>
    <hidden>0</hidden>
    <idnumber></idnumber>
    <answer fraction="0" format="moodle_auto_format">
      <text>true</text>
      <feedback format="html">
        <text></text>
      </feedback>
    </answer>
    <answer fraction="100" format="moodle_auto_format">
      <text>false</text>
      <feedback format="html">
        <text></text>
      </feedback>
    </answer>
    <tags>
      <tag><text>algoritmizace</text>
</tag>
      <tag><text>algoritmus</text>
</tag>
    </tags>
  </question>

<!-- question: 0  -->
  <question type="category">
    <category>
      <text>$course$/top/JaroslavHoleček/Algoritmizace/Kvadratická rovnice</text>
    </category>
    <info format="html">
      <text></text>
    </info>
    <idnumber></idnumber>
  </question>

<!-- question: 7840  -->
  <question type="matching">
    <name>
      <text>Počty řešení</text>
    </name>
    <questiontext format="html">
      <text><![CDATA[<p dir="ltr" style="text-align: left;"></p><p dir="ltr">Máme rovnici: a*x**2 + b*x + c == 0<br></p><p dir="ltr">Přiřaďte počet řešení v reálných číslech k hodnotě výrazu: b**2 - 4*a*c</p><br><p></p>]]></text>
    </questiontext>
    <generalfeedback format="html">
      <text></text>
    </generalfeedback>
    <defaultgrade>2.0000000</defaultgrade>
    <penalty>0.2500000</penalty>
    <hidden>0</hidden>
    <idnumber></idnumber>
    <shuffleanswers>true</shuffleanswers>
    <correctfeedback format="html">
      <text>Vaše odpověď je správná.</text>
    </correctfeedback>
    <partiallycorrectfeedback format="html">
      <text>Vaše odpověď je částečně správná.</text>
    </partiallycorrectfeedback>
    <incorrectfeedback format="html">
      <text>Vaše odpověď je chybná.</text>
    </incorrectfeedback>
    <shownumcorrect/>
    <subquestion format="html">
      <text><![CDATA[<p dir="ltr" style="text-align: left;">Hodnota výrazu: -5<br></p>]]></text>
      <answer>
        <text>Počet řešení: 0</text>
      </answer>
    </subquestion>
    <subquestion format="html">
      <text><![CDATA[<p dir="ltr" style="text-align: left;">Hodnota výrazu: 0<br></p>]]></text>
      <answer>
        <text>Počet řešení: 1</text>
      </answer>
    </subquestion>
    <subquestion format="html">
      <text><![CDATA[<p dir="ltr" style="text-align: left;">Hodnota výrazu: 25<br></p>]]></text>
      <answer>
        <text>Počet řešení: 2</text>
      </answer>
    </subquestion>
    <subquestion format="html">
      <text></text>
      <answer>
        <text>Počet řešení: 3</text>
      </answer>
    </subquestion>
    <subquestion format="html">
      <text></text>
      <answer>
        <text>Počet řešení: 4</text>
      </answer>
    </subquestion>
    <subquestion format="html">
      <text></text>
      <answer>
        <text>Počet řešení: -1</text>
      </answer>
    </subquestion>
    <tags>
      <tag><text>algoritmizace</text>
</tag>
      <tag><text>kvadratická fce</text>
</tag>
    </tags>
  </question>

<!-- question: 7841  -->
  <question type="multichoice">
    <name>
      <text>Co je kořen kvadratické fce</text>
    </name>
    <questiontext format="html">
      <text><![CDATA[<p dir="ltr" style="text-align: left;">Kořen kvadratické fce v R: f(x) = a*x**2 + b*x + c</p><p dir="ltr" style="text-align: left;">je:<br></p>]]></text>
    </questiontext>
    <generalfeedback format="html">
      <text></text>
    </generalfeedback>
    <defaultgrade>2.0000000</defaultgrade>
    <penalty>0.3333333</penalty>
    <hidden>0</hidden>
    <idnumber></idnumber>
    <single>false</single>
    <shuffleanswers>true</shuffleanswers>
    <answernumbering>abc</answernumbering>
    <showstandardinstruction>0</showstandardinstruction>
    <correctfeedback format="html">
      <text>Vaše odpověď je správná.</text>
    </correctfeedback>
    <partiallycorrectfeedback format="html">
      <text>Vaše odpověď je částečně správná.</text>
    </partiallycorrectfeedback>
    <incorrectfeedback format="html">
      <text>Vaše odpověď je chybná.</text>
    </incorrectfeedback>
    <shownumcorrect/>
    <answer fraction="50" format="html">
      <text><![CDATA[<p dir="ltr" style="text-align: left;">Hodnota proměnné x, pro kterou je funkční hodnota f(x) rovna nule.<br></p>]]></text>
      <feedback format="html">
        <text></text>
      </feedback>
    </answer>
    <answer fraction="50" format="html">
      <text><![CDATA[<p dir="ltr" style="text-align: left;">Hodnota proměnné x, pro kterou graf funkce protíná osu x.<br></p>]]></text>
      <feedback format="html">
        <text></text>
      </feedback>
    </answer>
    <answer fraction="-33.33333" format="html">
      <text><![CDATA[<p dir="ltr" style="text-align: left;">Hodnota proměnné x, pro kterou graf funkce protíná osu y.<br></p>]]></text>
      <feedback format="html">
        <text></text>
      </feedback>
    </answer>
    <answer fraction="-33.33333" format="html">
      <text><![CDATA[<p dir="ltr" style="text-align: left;">Bod na funkci, kde je hodnota proměnné x rovna nule.<br></p>]]></text>
      <feedback format="html">
        <text></text>
      </feedback>
    </answer>
    <answer fraction="-33.33333" format="html">
      <text><![CDATA[<p dir="ltr" style="text-align: left;">Hodnota koeficientu a<br></p>]]></text>
      <feedback format="html">
        <text></text>
      </feedback>
    </answer>
    <tags>
      <tag><text>algoritmizace</text>
</tag>
      <tag><text>kvadratická fce</text>
</tag>
    </tags>
  </question>

<!-- question: 7832  -->
  <question type="multichoice">
    <name>
      <text>Co řeší kvadratická rce</text>
    </name>
    <questiontext format="html">
      <text><![CDATA[<p dir="ltr" style="text-align: left;">Kvadratická rovnice řeší situaci, kdy:<br></p>]]></text>
    </questiontext>
    <generalfeedback format="html">
      <text></text>
    </generalfeedback>
    <defaultgrade>2.0000000</defaultgrade>
    <penalty>0.2500000</penalty>
    <hidden>0</hidden>
    <idnumber></idnumber>
    <single>false</single>
    <shuffleanswers>true</shuffleanswers>
    <answernumbering>abc</answernumbering>
    <showstandardinstruction>0</showstandardinstruction>
    <correctfeedback format="html">
      <text>Vaše odpověď je správná.</text>
    </correctfeedback>
    <partiallycorrectfeedback format="html">
      <text>Vaše odpověď je částečně správná.</text>
    </partiallycorrectfeedback>
    <incorrectfeedback format="html">
      <text>Vaše odpověď je chybná.</text>
    </incorrectfeedback>
    <shownumcorrect/>
    <answer fraction="50" format="html">
      <text><![CDATA[<p dir="ltr" style="text-align: left;">Je funkční hodnota kvadratické funkce rovna 0<br></p>]]></text>
      <feedback format="html">
        <text></text>
      </feedback>
    </answer>
    <answer fraction="50" format="html">
      <text><![CDATA[<p dir="ltr" style="text-align: left;">Kvadratická funkce protíná osu x<br></p>]]></text>
      <feedback format="html">
        <text></text>
      </feedback>
    </answer>
    <answer fraction="-50" format="html">
      <text><![CDATA[<p dir="ltr" style="text-align: left;">Je hodnota kvadratické funkce nejnižší/nejvyšší<br></p>]]></text>
      <feedback format="html">
        <text></text>
      </feedback>
    </answer>
    <answer fraction="-50" format="html">
      <text><![CDATA[<p dir="ltr" style="text-align: left;">S kvadratickou funkcí nijak nesouvisí<br></p>]]></text>
      <feedback format="html">
        <text></text>
      </feedback>
    </answer>
    <tags>
      <tag><text>algoritmizace</text>
</tag>
      <tag><text>kvadratická fce</text>
</tag>
    </tags>
  </question>

<!-- question: 7836  -->
  <question type="multichoice">
    <name>
      <text>Determinant</text>
    </name>
    <questiontext format="html">
      <text><![CDATA[<p dir="ltr" style="text-align: left;">Při řešení kvadratické rovnice můžeme v obecném případě použít výpočet pomocí:<br></p>]]></text>
    </questiontext>
    <generalfeedback format="html">
      <text></text>
    </generalfeedback>
    <defaultgrade>2.0000000</defaultgrade>
    <penalty>0.5000000</penalty>
    <hidden>0</hidden>
    <idnumber></idnumber>
    <single>true</single>
    <shuffleanswers>true</shuffleanswers>
    <answernumbering>abc</answernumbering>
    <showstandardinstruction>0</showstandardinstruction>
    <correctfeedback format="html">
      <text>Vaše odpověď je správná.</text>
    </correctfeedback>
    <partiallycorrectfeedback format="html">
      <text>Vaše odpověď je částečně správná.</text>
    </partiallycorrectfeedback>
    <incorrectfeedback format="html">
      <text>Vaše odpověď je chybná.</text>
    </incorrectfeedback>
    <shownumcorrect/>
    <answer fraction="100" format="html">
      <text><![CDATA[<p dir="ltr" style="text-align: left;">diskriminantu<br></p>]]></text>
      <feedback format="html">
        <text></text>
      </feedback>
    </answer>
    <answer fraction="0" format="html">
      <text><![CDATA[<p dir="ltr" style="text-align: left;">determinantu<br></p>]]></text>
      <feedback format="html">
        <text></text>
      </feedback>
    </answer>
    <answer fraction="0" format="html">
      <text><![CDATA[<p dir="ltr" style="text-align: left;">terminátoru<br></p>]]></text>
      <feedback format="html">
        <text></text>
      </feedback>
    </answer>
    <answer fraction="0" format="html">
      <text><![CDATA[<p dir="ltr" style="text-align: left;">Terminátora<br></p>]]></text>
      <feedback format="html">
        <text></text>
      </feedback>
    </answer>
    <answer fraction="0" format="html">
      <text><![CDATA[<p dir="ltr" style="text-align: left;">deratizátoru<br></p>]]></text>
      <feedback format="html">
        <text></text>
      </feedback>
    </answer>
    <tags>
      <tag><text>algoritmizace</text>
</tag>
      <tag><text>kvadratická fce</text>
</tag>
    </tags>
  </question>

<!-- question: 7833  -->
  <question type="multichoice">
    <name>
      <text>Počet řešení</text>
    </name>
    <questiontext format="html">
      <text><![CDATA[<p dir="ltr" style="text-align: left;">Kvadratická rovnice může mít počet řešení v R:<br></p>]]></text>
    </questiontext>
    <generalfeedback format="html">
      <text></text>
    </generalfeedback>
    <defaultgrade>2.0000000</defaultgrade>
    <penalty>0.2500000</penalty>
    <hidden>0</hidden>
    <idnumber></idnumber>
    <single>false</single>
    <shuffleanswers>true</shuffleanswers>
    <answernumbering>abc</answernumbering>
    <showstandardinstruction>0</showstandardinstruction>
    <correctfeedback format="html">
      <text>Vaše odpověď je správná.</text>
    </correctfeedback>
    <partiallycorrectfeedback format="html">
      <text>Vaše odpověď je částečně správná.</text>
    </partiallycorrectfeedback>
    <incorrectfeedback format="html">
      <text>Vaše odpověď je chybná.</text>
    </incorrectfeedback>
    <shownumcorrect/>
    <answer fraction="33.33333" format="html">
      <text><![CDATA[<p dir="ltr" style="text-align: left;">0<br></p>]]></text>
      <feedback format="html">
        <text></text>
      </feedback>
    </answer>
    <answer fraction="33.33333" format="html">
      <text><![CDATA[<p dir="ltr" style="text-align: left;">1<br></p>]]></text>
      <feedback format="html">
        <text></text>
      </feedback>
    </answer>
    <answer fraction="33.33333" format="html">
      <text><![CDATA[<p dir="ltr" style="text-align: left;">2<br></p>]]></text>
      <feedback format="html">
        <text></text>
      </feedback>
    </answer>
    <answer fraction="-50" format="html">
      <text><![CDATA[<p dir="ltr" style="text-align: left;">3<br></p>]]></text>
      <feedback format="html">
        <text></text>
      </feedback>
    </answer>
    <answer fraction="-50" format="html">
      <text><![CDATA[<p dir="ltr" style="text-align: left;">4<br></p>]]></text>
      <feedback format="html">
        <text></text>
      </feedback>
    </answer>
    <tags>
      <tag><text>algoritmizace</text>
</tag>
      <tag><text>kvadratická fce</text>
</tag>
    </tags>
  </question>

<!-- question: 7838  -->
  <question type="numerical">
    <name>
      <text>Kladný diskriminant</text>
    </name>
    <questiontext format="html">
      <text><![CDATA[<p dir="ltr" style="text-align: left;"></p><p dir="ltr">Máme rovnici v R: a*x**2 + b*x + c == 0<br></p><p dir="ltr">Pokud je hodnota: b**2 - 4*a*c větší než nula, rovnice má počet řešení:</p><br><p></p>]]></text>
    </questiontext>
    <generalfeedback format="html">
      <text></text>
    </generalfeedback>
    <defaultgrade>1.0000000</defaultgrade>
    <penalty>0.5000000</penalty>
    <hidden>0</hidden>
    <idnumber></idnumber>
    <answer fraction="100" format="moodle_auto_format">
      <text>2</text>
      <feedback format="html">
        <text></text>
      </feedback>
      <tolerance>0</tolerance>
    </answer>
    <unitgradingtype>0</unitgradingtype>
    <unitpenalty>0.1000000</unitpenalty>
    <showunits>3</showunits>
    <unitsleft>0</unitsleft>
    <tags>
      <tag><text>algoritmizace</text>
</tag>
      <tag><text>kvadratická fce</text>
</tag>
    </tags>
  </question>

<!-- question: 7835  -->
  <question type="numerical">
    <name>
      <text>Maximální počet řešení</text>
    </name>
    <questiontext format="html">
      <text><![CDATA[<p dir="ltr" style="text-align: left;">Maximální počet řešení kvadratické rovnice může být:<br></p>]]></text>
    </questiontext>
    <generalfeedback format="html">
      <text></text>
    </generalfeedback>
    <defaultgrade>1.0000000</defaultgrade>
    <penalty>0.5000000</penalty>
    <hidden>0</hidden>
    <idnumber></idnumber>
    <answer fraction="100" format="moodle_auto_format">
      <text>2</text>
      <feedback format="html">
        <text></text>
      </feedback>
      <tolerance>0</tolerance>
    </answer>
    <unitgradingtype>0</unitgradingtype>
    <unitpenalty>0.1000000</unitpenalty>
    <showunits>3</showunits>
    <unitsleft>0</unitsleft>
    <tags>
      <tag><text>algoritmizace</text>
</tag>
      <tag><text>kvadratická fce</text>
</tag>
    </tags>
  </question>

<!-- question: 7839  -->
  <question type="numerical">
    <name>
      <text>Nulový diskriminant</text>
    </name>
    <questiontext format="html">
      <text><![CDATA[<p dir="ltr" style="text-align: left;"></p><p dir="ltr">Máme rovnici v R: a*x**2 + b*x + c == 0</p><p dir="ltr">Koeficient a je různý od 0.<br></p><p dir="ltr">Pokud je hodnota: b**2 - 4*a*c nula, rovnice má počet řešení:</p><br><p></p>]]></text>
    </questiontext>
    <generalfeedback format="html">
      <text></text>
    </generalfeedback>
    <defaultgrade>1.0000000</defaultgrade>
    <penalty>0.5000000</penalty>
    <hidden>0</hidden>
    <idnumber></idnumber>
    <answer fraction="100" format="moodle_auto_format">
      <text>1</text>
      <feedback format="html">
        <text></text>
      </feedback>
      <tolerance>0</tolerance>
    </answer>
    <unitgradingtype>0</unitgradingtype>
    <unitpenalty>0.1000000</unitpenalty>
    <showunits>3</showunits>
    <unitsleft>0</unitsleft>
    <tags>
      <tag><text>algoritmizace</text>
</tag>
      <tag><text>kvadratická fce</text>
</tag>
    </tags>
  </question>

<!-- question: 7834  -->
  <question type="truefalse">
    <name>
      <text>Minimální počet řešení</text>
    </name>
    <questiontext format="html">
      <text><![CDATA[<p dir="ltr" style="text-align: left;">Kvadratická rovnice nemusí mít žádné řešení v R (počet řešení může být 0).<br></p>]]></text>
    </questiontext>
    <generalfeedback format="html">
      <text></text>
    </generalfeedback>
    <defaultgrade>1.0000000</defaultgrade>
    <penalty>1.0000000</penalty>
    <hidden>0</hidden>
    <idnumber></idnumber>
    <answer fraction="100" format="moodle_auto_format">
      <text>true</text>
      <feedback format="html">
        <text></text>
      </feedback>
    </answer>
    <answer fraction="0" format="moodle_auto_format">
      <text>false</text>
      <feedback format="html">
        <text></text>
      </feedback>
    </answer>
    <tags>
      <tag><text>algoritmizace</text>
</tag>
      <tag><text>kvadratická fce</text>
</tag>
    </tags>
  </question>

<!-- question: 7837  -->
  <question type="truefalse">
    <name>
      <text>Záporný diskriminant</text>
    </name>
    <questiontext format="html">
      <text><![CDATA[<p dir="ltr" style="text-align: left;">Máme rovnici v R: a*x**2 + b*x + c == 0</p><p dir="ltr" style="text-align: left;">Pokud je hodnota: b**2 - 4*a*c záporná, rovnice nemá řešení v reálných číslech.<br></p>]]></text>
    </questiontext>
    <generalfeedback format="html">
      <text></text>
    </generalfeedback>
    <defaultgrade>1.0000000</defaultgrade>
    <penalty>1.0000000</penalty>
    <hidden>0</hidden>
    <idnumber></idnumber>
    <answer fraction="100" format="moodle_auto_format">
      <text>true</text>
      <feedback format="html">
        <text></text>
      </feedback>
    </answer>
    <answer fraction="0" format="moodle_auto_format">
      <text>false</text>
      <feedback format="html">
        <text></text>
      </feedback>
    </answer>
    <tags>
      <tag><text>algoritmizace</text>
</tag>
      <tag><text>kvadratická fce</text>
</tag>
    </tags>
  </question>

<!-- question: 0  -->
  <question type="category">
    <category>
      <text>$course$/top/JaroslavHoleček/Algoritmizace/Euklidův algoritmus</text>
    </category>
    <info format="html">
      <text></text>
    </info>
    <idnumber></idnumber>
  </question>

<!-- question: 7886  -->
  <question type="multichoice">
    <name>
      <text>Vstup Euklidova alg.</text>
    </name>
    <questiontext format="html">
      <text><![CDATA[<p dir="ltr" style="text-align: left;">Kolik čísel je vstupem Euklidova alg.<br></p>]]></text>
    </questiontext>
    <generalfeedback format="html">
      <text></text>
    </generalfeedback>
    <defaultgrade>2.0000000</defaultgrade>
    <penalty>0.5000000</penalty>
    <hidden>0</hidden>
    <idnumber></idnumber>
    <single>true</single>
    <shuffleanswers>true</shuffleanswers>
    <answernumbering>abc</answernumbering>
    <showstandardinstruction>0</showstandardinstruction>
    <correctfeedback format="html">
      <text>Vaše odpověď je správná.</text>
    </correctfeedback>
    <partiallycorrectfeedback format="html">
      <text>Vaše odpověď je částečně správná.</text>
    </partiallycorrectfeedback>
    <incorrectfeedback format="html">
      <text>Vaše odpověď je chybná.</text>
    </incorrectfeedback>
    <shownumcorrect/>
    <answer fraction="100" format="html">
      <text><![CDATA[<p dir="ltr" style="text-align: left;">dvě<br></p>]]></text>
      <feedback format="html">
        <text></text>
      </feedback>
    </answer>
    <answer fraction="0" format="html">
      <text><![CDATA[<p dir="ltr" style="text-align: left;">jedno<br></p>]]></text>
      <feedback format="html">
        <text></text>
      </feedback>
    </answer>
    <answer fraction="0" format="html">
      <text><![CDATA[<p dir="ltr" style="text-align: left;">žádné<br></p>]]></text>
      <feedback format="html">
        <text></text>
      </feedback>
    </answer>
    <answer fraction="0" format="html">
      <text><![CDATA[<p dir="ltr" style="text-align: left;">dvě a více<br></p>]]></text>
      <feedback format="html">
        <text></text>
      </feedback>
    </answer>
    <tags>
      <tag><text>algoritmizace</text>
</tag>
      <tag><text>euklidův</text>
</tag>
    </tags>
  </question>

<!-- question: 7885  -->
  <question type="multichoice">
    <name>
      <text>Výsledek Euklidova alg.</text>
    </name>
    <questiontext format="html">
      <text><![CDATA[<p dir="ltr" style="text-align: left;">Co je výsledek Euklidova algoritmu?<br></p>]]></text>
    </questiontext>
    <generalfeedback format="html">
      <text></text>
    </generalfeedback>
    <defaultgrade>2.0000000</defaultgrade>
    <penalty>0.5000000</penalty>
    <hidden>0</hidden>
    <idnumber></idnumber>
    <single>true</single>
    <shuffleanswers>true</shuffleanswers>
    <answernumbering>abc</answernumbering>
    <showstandardinstruction>0</showstandardinstruction>
    <correctfeedback format="html">
      <text>Vaše odpověď je správná.</text>
    </correctfeedback>
    <partiallycorrectfeedback format="html">
      <text>Vaše odpověď je částečně správná.</text>
    </partiallycorrectfeedback>
    <incorrectfeedback format="html">
      <text>Vaše odpověď je chybná.</text>
    </incorrectfeedback>
    <shownumcorrect/>
    <answer fraction="100" format="html">
      <text><![CDATA[<p dir="ltr" style="text-align: left;">Největší společný dělitel dvou čísel<br></p>]]></text>
      <feedback format="html">
        <text></text>
      </feedback>
    </answer>
    <answer fraction="0" format="html">
      <text><![CDATA[<p dir="ltr" style="text-align: left;">Největší společný dělitel libovolného počtu čísel<br></p>]]></text>
      <feedback format="html">
        <text></text>
      </feedback>
    </answer>
    <answer fraction="0" format="html">
      <text><![CDATA[<p dir="ltr" style="text-align: left;">Nejmenší společný násobek dvou čísel<br></p>]]></text>
      <feedback format="html">
        <text></text>
      </feedback>
    </answer>
    <answer fraction="0" format="html">
      <text><![CDATA[<p dir="ltr" style="text-align: left;">Nejmenší společný násobek libovolného počtu čísel<br></p>]]></text>
      <feedback format="html">
        <text></text>
      </feedback>
    </answer>
    <tags>
      <tag><text>algoritmizace</text>
</tag>
      <tag><text>euklidův</text>
</tag>
    </tags>
  </question>

<!-- question: 7887  -->
  <question type="numerical">
    <name>
      <text>Výsledek výpočtu I</text>
    </name>
    <questiontext format="html">
      <text><![CDATA[<p dir="ltr" style="text-align: left;">Jaký je výsledek Euklidova alg. pro vstup: Euklid( 35, 25 )<br></p>]]></text>
    </questiontext>
    <generalfeedback format="html">
      <text></text>
    </generalfeedback>
    <defaultgrade>2.0000000</defaultgrade>
    <penalty>0.5000000</penalty>
    <hidden>0</hidden>
    <idnumber></idnumber>
    <answer fraction="100" format="moodle_auto_format">
      <text>5</text>
      <feedback format="html">
        <text></text>
      </feedback>
      <tolerance>0</tolerance>
    </answer>
    <unitgradingtype>0</unitgradingtype>
    <unitpenalty>0.1000000</unitpenalty>
    <showunits>3</showunits>
    <unitsleft>0</unitsleft>
    <tags>
      <tag><text>algoritmizace</text>
</tag>
      <tag><text>euklidův</text>
</tag>
    </tags>
  </question>

<!-- question: 7894  -->
  <question type="numerical">
    <name>
      <text>Výsledek výpočtu II</text>
    </name>
    <questiontext format="html">
      <text><![CDATA[<p dir="ltr" style="text-align: left;">Jaký je výsledek Euklidova alg. pro vstup: Euklid( 18, 3 )<br></p>]]></text>
    </questiontext>
    <generalfeedback format="html">
      <text></text>
    </generalfeedback>
    <defaultgrade>3.0000000</defaultgrade>
    <penalty>0.5000000</penalty>
    <hidden>0</hidden>
    <idnumber></idnumber>
    <answer fraction="100" format="moodle_auto_format">
      <text>3</text>
      <feedback format="html">
        <text></text>
      </feedback>
      <tolerance>0</tolerance>
    </answer>
    <unitgradingtype>0</unitgradingtype>
    <unitpenalty>0.1000000</unitpenalty>
    <showunits>3</showunits>
    <unitsleft>0</unitsleft>
    <tags>
      <tag><text>algoritmizace</text>
</tag>
      <tag><text>euklidův</text>
</tag>
    </tags>
  </question>

<!-- question: 7892  -->
  <question type="numerical">
    <name>
      <text>Výsledek výpočtu III</text>
    </name>
    <questiontext format="html">
      <text><![CDATA[<p dir="ltr" style="text-align: left;">Jaký je výsledek Euklidova alg. pro vstup: Euklid( 21, 14 )<br></p>]]></text>
    </questiontext>
    <generalfeedback format="html">
      <text></text>
    </generalfeedback>
    <defaultgrade>2.0000000</defaultgrade>
    <penalty>0.5000000</penalty>
    <hidden>0</hidden>
    <idnumber></idnumber>
    <answer fraction="100" format="moodle_auto_format">
      <text>7</text>
      <feedback format="html">
        <text></text>
      </feedback>
      <tolerance>0</tolerance>
    </answer>
    <unitgradingtype>0</unitgradingtype>
    <unitpenalty>0.1000000</unitpenalty>
    <showunits>3</showunits>
    <unitsleft>0</unitsleft>
    <tags>
      <tag><text>algoritmizace</text>
</tag>
      <tag><text>euklidův</text>
</tag>
    </tags>
  </question>

<!-- question: 7890  -->
  <question type="truefalse">
    <name>
      <text>Euklid, cyklus</text>
    </name>
    <questiontext format="html">
      <text><![CDATA[<p dir="ltr" style="text-align: left;">U Euklidova alg. nemusíme použít cyklus.</p><p dir="ltr" style="text-align: left;">Tedy lze výsledek vypočíst z libovolného vstupu na předem daný maximální počet kroků.<br></p>]]></text>
    </questiontext>
    <generalfeedback format="html">
      <text></text>
    </generalfeedback>
    <defaultgrade>2.0000000</defaultgrade>
    <penalty>1.0000000</penalty>
    <hidden>0</hidden>
    <idnumber></idnumber>
    <answer fraction="0" format="moodle_auto_format">
      <text>true</text>
      <feedback format="html">
        <text></text>
      </feedback>
    </answer>
    <answer fraction="100" format="moodle_auto_format">
      <text>false</text>
      <feedback format="html">
        <text></text>
      </feedback>
    </answer>
    <tags>
      <tag><text>algoritmizace</text>
</tag>
      <tag><text>euklidův</text>
</tag>
    </tags>
  </question>

<!-- question: 7893  -->
  <question type="truefalse">
    <name>
      <text>Euklid, vstup nula</text>
    </name>
    <questiontext format="html">
      <text><![CDATA[<p dir="ltr" style="text-align: left;">Vstupem Euklidova alg. může být nula<br></p>]]></text>
    </questiontext>
    <generalfeedback format="html">
      <text></text>
    </generalfeedback>
    <defaultgrade>1.0000000</defaultgrade>
    <penalty>1.0000000</penalty>
    <hidden>0</hidden>
    <idnumber></idnumber>
    <answer fraction="0" format="moodle_auto_format">
      <text>true</text>
      <feedback format="html">
        <text></text>
      </feedback>
    </answer>
    <answer fraction="100" format="moodle_auto_format">
      <text>false</text>
      <feedback format="html">
        <text></text>
      </feedback>
    </answer>
    <tags>
      <tag><text>algoritmizace</text>
</tag>
      <tag><text>euklidův</text>
</tag>
    </tags>
  </question>

<!-- question: 7891  -->
  <question type="truefalse">
    <name>
      <text>Euklid, výsledek nula</text>
    </name>
    <questiontext format="html">
      <text><![CDATA[<p dir="ltr" style="text-align: left;">Výsledkem Euklidova alg. může být nula.<br></p>]]></text>
    </questiontext>
    <generalfeedback format="html">
      <text></text>
    </generalfeedback>
    <defaultgrade>1.0000000</defaultgrade>
    <penalty>1.0000000</penalty>
    <hidden>0</hidden>
    <idnumber></idnumber>
    <answer fraction="0" format="moodle_auto_format">
      <text>true</text>
      <feedback format="html">
        <text></text>
      </feedback>
    </answer>
    <answer fraction="100" format="moodle_auto_format">
      <text>false</text>
      <feedback format="html">
        <text></text>
      </feedback>
    </answer>
    <tags>
      <tag><text>algoritmizace</text>
</tag>
      <tag><text>euklidův</text>
</tag>
    </tags>
  </question>

<!-- question: 7888  -->
  <question type="truefalse">
    <name>
      <text>Záporný vstup</text>
    </name>
    <questiontext format="html">
      <text><![CDATA[<p dir="ltr" style="text-align: left;">Do Euklidova alg. (implementovaného pomocí modula) mohou vstupovat i záporná čísla.<br></p>]]></text>
    </questiontext>
    <generalfeedback format="html">
      <text></text>
    </generalfeedback>
    <defaultgrade>1.0000000</defaultgrade>
    <penalty>1.0000000</penalty>
    <hidden>0</hidden>
    <idnumber></idnumber>
    <answer fraction="100" format="moodle_auto_format">
      <text>true</text>
      <feedback format="html">
        <text></text>
      </feedback>
    </answer>
    <answer fraction="0" format="moodle_auto_format">
      <text>false</text>
      <feedback format="html">
        <text></text>
      </feedback>
    </answer>
    <tags>
      <tag><text>algoritmizace</text>
</tag>
      <tag><text>euklidův</text>
</tag>
    </tags>
  </question>

<!-- question: 7889  -->
  <question type="truefalse">
    <name>
      <text>Záporný vstup odečítání</text>
    </name>
    <questiontext format="html">
      <text><![CDATA[<p dir="ltr" style="text-align: left;">Do Euklidova alg. (implementovaného pomocí odečítání) mohou vstupovat záporná čísla.<br></p>]]></text>
    </questiontext>
    <generalfeedback format="html">
      <text></text>
    </generalfeedback>
    <defaultgrade>1.0000000</defaultgrade>
    <penalty>1.0000000</penalty>
    <hidden>0</hidden>
    <idnumber></idnumber>
    <answer fraction="0" format="moodle_auto_format">
      <text>true</text>
      <feedback format="html">
        <text></text>
      </feedback>
    </answer>
    <answer fraction="100" format="moodle_auto_format">
      <text>false</text>
      <feedback format="html">
        <text></text>
      </feedback>
    </answer>
    <tags>
      <tag><text>algoritmizace</text>
</tag>
      <tag><text>euklidův</text>
</tag>
    </tags>
  </question>

<!-- question: 0  -->
  <question type="category">
    <category>
      <text>$course$/top/JaroslavHoleček/Algoritmizace/Min, max, Fibonnaci, Složitost</text>
    </category>
    <info format="html">
      <text></text>
    </info>
    <idnumber></idnumber>
  </question>

<!-- question: 7941  -->
  <question type="multichoice">
    <name>
      <text>Co je časová složitost</text>
    </name>
    <questiontext format="html">
      <text><![CDATA[<p dir="ltr" style="text-align: left;">Co určuje časová složitost?<br></p>]]></text>
    </questiontext>
    <generalfeedback format="html">
      <text></text>
    </generalfeedback>
    <defaultgrade>2.0000000</defaultgrade>
    <penalty>0.5000000</penalty>
    <hidden>0</hidden>
    <idnumber></idnumber>
    <single>true</single>
    <shuffleanswers>true</shuffleanswers>
    <answernumbering>abc</answernumbering>
    <showstandardinstruction>0</showstandardinstruction>
    <correctfeedback format="html">
      <text>Vaše odpověď je správná.</text>
    </correctfeedback>
    <partiallycorrectfeedback format="html">
      <text>Vaše odpověď je částečně správná.</text>
    </partiallycorrectfeedback>
    <incorrectfeedback format="html">
      <text>Vaše odpověď je chybná.</text>
    </incorrectfeedback>
    <shownumcorrect/>
    <answer fraction="100" format="html">
      <text><![CDATA[<p dir="ltr" style="text-align: left;">Časová složitost určuje funkční vztah (<strong>bez konkrétních konstant</strong>) mezi velikostí vstupu (např. počtem vstupních hodnot) a počtem kroků potřebných pro získání výsledku.<br></p>]]></text>
      <feedback format="html">
        <text></text>
      </feedback>
    </answer>
    <answer fraction="0" format="html">
      <text><![CDATA[<p dir="ltr">Časová
 složitost určuje <strong>přesný</strong> funkční vztah mezi 
velikostí vstupu (např. počtem vstupních hodnot) a počtem kroků 
potřebných pro získání výsledku.<br></p>]]></text>
      <feedback format="html">
        <text></text>
      </feedback>
    </answer>
    <answer fraction="0" format="html">
      <text><![CDATA[<p dir="ltr" style="text-align: left;">Určuje jak dlouho (v sekundách) bude algoritmus pracovat vzhledem k velikosti vstupu (např. počtu vstupních hodnot)<br></p>]]></text>
      <feedback format="html">
        <text></text>
      </feedback>
    </answer>
    <answer fraction="0" format="html">
      <text><![CDATA[<p dir="ltr" style="text-align: left;">Určuje jak dlouho (v sekundách) bude algoritmus pracovat bez ohledu na velikost vstupu (např. počet vstupních hodnot)<br></p>]]></text>
      <feedback format="html">
        <text></text>
      </feedback>
    </answer>
    <tags>
      <tag><text>algoritmizace</text>
</tag>
      <tag><text>časová složitost</text>
</tag>
    </tags>
  </question>

<!-- question: 7942  -->
  <question type="multichoice">
    <name>
      <text>Co je paměťová složitost</text>
    </name>
    <questiontext format="html">
      <text><![CDATA[<p dir="ltr" style="text-align: left;">Co určuje paměťová složitost?<br></p>]]></text>
    </questiontext>
    <generalfeedback format="html">
      <text></text>
    </generalfeedback>
    <defaultgrade>2.0000000</defaultgrade>
    <penalty>0.5000000</penalty>
    <hidden>0</hidden>
    <idnumber></idnumber>
    <single>true</single>
    <shuffleanswers>true</shuffleanswers>
    <answernumbering>abc</answernumbering>
    <showstandardinstruction>0</showstandardinstruction>
    <correctfeedback format="html">
      <text>Vaše odpověď je správná.</text>
    </correctfeedback>
    <partiallycorrectfeedback format="html">
      <text>Vaše odpověď je částečně správná.</text>
    </partiallycorrectfeedback>
    <incorrectfeedback format="html">
      <text>Vaše odpověď je chybná.</text>
    </incorrectfeedback>
    <shownumcorrect/>
    <answer fraction="100" format="html">
      <text><![CDATA[<p dir="ltr" style="text-align: left;">Paměťová složitost určuje funkční vztah (<strong>bez konkrétních konstant</strong>) mezi velikostí vstupu (např. počtem vstupních hodnot) a velikostí paměti potřebné pro výpočet (pro získání výsledku).<br></p>]]></text>
      <feedback format="html">
        <text></text>
      </feedback>
    </answer>
    <answer fraction="0" format="html">
      <text><![CDATA[<p dir="ltr">Paměťová složitost určuje <strong>přesný</strong> funkční vztah mezi 
velikostí vstupu (např. počtem vstupních hodnot) a velikostí paměti
potřebné pro výpočet (pro získání výsledku).<br></p>]]></text>
      <feedback format="html">
        <text></text>
      </feedback>
    </answer>
    <answer fraction="0" format="html">
      <text><![CDATA[<p dir="ltr" style="text-align: left;">Určuje kolik paměti (v bajtech) bude algoritmus při výpočtu potřebovat vzhledem k velikosti vstupu (např. počtu vstupních hodnot)<br></p>]]></text>
      <feedback format="html">
        <text></text>
      </feedback>
    </answer>
    <answer fraction="0" format="html">
      <text><![CDATA[<p dir="ltr" style="text-align: left;">Určuje kolik paměti (v bajtech) bude algoritmus při výpočtu potřebovat, bez ohledu na velikost vstupu (např. počet vstupních hodnot)<br></p>]]></text>
      <feedback format="html">
        <text></text>
      </feedback>
    </answer>
    <tags>
      <tag><text>algoritmizace</text>
</tag>
      <tag><text>paměťová složitost</text>
</tag>
    </tags>
  </question>

<!-- question: 7943  -->
  <question type="multichoice">
    <name>
      <text>Fibonnaciho posloupnost - určující prvky</text>
    </name>
    <questiontext format="html">
      <text><![CDATA[<p dir="ltr" style="text-align: left;">Které prvky Fibonnaciho posloupnosti jednoznačně určují následující prvek (n-tý prvek)?<br>Respektive - ze kterých prvků můžeme přímo na jeden výpočet získat další prvek (s pořadovým číslem n)?</p><p dir="ltr" style="text-align: left;">Poznámka.: V odpovědích jsou pořadová čísla prvků, první prvek má pořadové číslo 0.<br></p>]]></text>
    </questiontext>
    <generalfeedback format="html">
      <text></text>
    </generalfeedback>
    <defaultgrade>2.0000000</defaultgrade>
    <penalty>0.2500000</penalty>
    <hidden>0</hidden>
    <idnumber></idnumber>
    <single>false</single>
    <shuffleanswers>true</shuffleanswers>
    <answernumbering>abc</answernumbering>
    <showstandardinstruction>0</showstandardinstruction>
    <correctfeedback format="html">
      <text>Vaše odpověď je správná.</text>
    </correctfeedback>
    <partiallycorrectfeedback format="html">
      <text>Vaše odpověď je částečně správná.</text>
    </partiallycorrectfeedback>
    <incorrectfeedback format="html">
      <text>Vaše odpověď je chybná.</text>
    </incorrectfeedback>
    <shownumcorrect/>
    <answer fraction="50" format="html">
      <text><![CDATA[<p dir="ltr" style="text-align: left;">n-1 <br></p>]]></text>
      <feedback format="html">
        <text></text>
      </feedback>
    </answer>
    <answer fraction="50" format="html">
      <text><![CDATA[<p dir="ltr" style="text-align: left;">n-2<br></p>]]></text>
      <feedback format="html">
        <text></text>
      </feedback>
    </answer>
    <answer fraction="-20" format="html">
      <text><![CDATA[<p dir="ltr" style="text-align: left;">n<br></p>]]></text>
      <feedback format="html">
        <text></text>
      </feedback>
    </answer>
    <answer fraction="-20" format="html">
      <text><![CDATA[<p dir="ltr" style="text-align: left;">n+1<br></p>]]></text>
      <feedback format="html">
        <text></text>
      </feedback>
    </answer>
    <answer fraction="-20" format="html">
      <text><![CDATA[<p dir="ltr" style="text-align: left;">n+2<br></p>]]></text>
      <feedback format="html">
        <text></text>
      </feedback>
    </answer>
    <answer fraction="-20" format="html">
      <text><![CDATA[<p dir="ltr" style="text-align: left;">první prvek (s indexem 0)<br></p>]]></text>
      <feedback format="html">
        <text></text>
      </feedback>
    </answer>
    <answer fraction="-20" format="html">
      <text><![CDATA[<p dir="ltr" style="text-align: left;">druhý prvek (s indexem 1)<br></p>]]></text>
      <feedback format="html">
        <text></text>
      </feedback>
    </answer>
    <tags>
      <tag><text>algoritmizace</text>
</tag>
      <tag><text>fibonnaci</text>
</tag>
    </tags>
  </question>

<!-- question: 7940  -->
  <question type="multichoice">
    <name>
      <text>Postup hledání maxima</text>
    </name>
    <questiontext format="html">
      <text><![CDATA[<p dir="ltr" style="text-align: left;">Při hledání maxima ze zadaných hodnot postupujeme:<br></p>]]></text>
    </questiontext>
    <generalfeedback format="html">
      <text></text>
    </generalfeedback>
    <defaultgrade>2.0000000</defaultgrade>
    <penalty>0.5000000</penalty>
    <hidden>0</hidden>
    <idnumber></idnumber>
    <single>true</single>
    <shuffleanswers>true</shuffleanswers>
    <answernumbering>abc</answernumbering>
    <showstandardinstruction>0</showstandardinstruction>
    <correctfeedback format="html">
      <text>Vaše odpověď je správná.</text>
    </correctfeedback>
    <partiallycorrectfeedback format="html">
      <text>Vaše odpověď je částečně správná.</text>
    </partiallycorrectfeedback>
    <incorrectfeedback format="html">
      <text>Vaše odpověď je chybná.</text>
    </incorrectfeedback>
    <shownumcorrect/>
    <answer fraction="0" format="html">
      <text><![CDATA[<p dir="ltr" style="text-align: left;">Procházíme všechny hodnoty a porovnáme je s doposud <strong>nejmenší</strong> nalezenou hodnotou - pokud jsme nalezli novou <strong>nejmenší</strong> hodnotu, tak si ji zapamatujeme.<br></p>]]></text>
      <feedback format="html">
        <text></text>
      </feedback>
    </answer>
    <answer fraction="100" format="html">
      <text><![CDATA[<p dir="ltr">Procházíme všechny hodnoty a porovnáme je s doposud <strong>největší</strong> nalezenou hodnotou - pokud jsme nalezli novou <strong>největší</strong> hodnotu, tak si ji zapamatujeme.</p>]]></text>
      <feedback format="html">
        <text></text>
      </feedback>
    </answer>
    <answer fraction="0" format="html">
      <text><![CDATA[<p dir="ltr">Procházíme všechny hodnoty a porovnáme je s doposud <strong>nejmenší</strong> nalezenou hodnotou - pokud jsme nalezli novou <strong>největší</strong> hodnotu, tak si ji zapamatujeme.</p>]]></text>
      <feedback format="html">
        <text></text>
      </feedback>
    </answer>
    <answer fraction="0" format="html">
      <text><![CDATA[<p dir="ltr">Procházíme všechny hodnoty a porovnáme je s doposud <strong>největší</strong> nalezenou hodnotou - pokud jsme nalezli novou <strong>nejmenší</strong> hodnotu, tak si ji zapamatujeme.</p>]]></text>
      <feedback format="html">
        <text></text>
      </feedback>
    </answer>
    <answer fraction="0" format="html">
      <text><![CDATA[<p dir="ltr" style="text-align: left;">Stačí pouze jednoduše ukázat na <strong>největší</strong> hodnotu.</p>]]></text>
      <feedback format="html">
        <text></text>
      </feedback>
    </answer>
    <tags>
      <tag><text>algoritmizace</text>
</tag>
      <tag><text>maximum</text>
</tag>
    </tags>
  </question>

<!-- question: 7939  -->
  <question type="multichoice">
    <name>
      <text>Postup hledání minima</text>
    </name>
    <questiontext format="html">
      <text><![CDATA[<p dir="ltr" style="text-align: left;">Při hledání minima ze zadaných hodnot postupujeme:<br></p>]]></text>
    </questiontext>
    <generalfeedback format="html">
      <text></text>
    </generalfeedback>
    <defaultgrade>2.0000000</defaultgrade>
    <penalty>0.5000000</penalty>
    <hidden>0</hidden>
    <idnumber></idnumber>
    <single>true</single>
    <shuffleanswers>true</shuffleanswers>
    <answernumbering>abc</answernumbering>
    <showstandardinstruction>0</showstandardinstruction>
    <correctfeedback format="html">
      <text>Vaše odpověď je správná.</text>
    </correctfeedback>
    <partiallycorrectfeedback format="html">
      <text>Vaše odpověď je částečně správná.</text>
    </partiallycorrectfeedback>
    <incorrectfeedback format="html">
      <text>Vaše odpověď je chybná.</text>
    </incorrectfeedback>
    <shownumcorrect/>
    <answer fraction="100" format="html">
      <text><![CDATA[<p dir="ltr" style="text-align: left;">Procházíme všechny hodnoty a porovnáme je s doposud <strong>nejmenší</strong> nalezenou hodnotou - pokud jsme nalezli novou <strong>nejmenší</strong> hodnotu, tak si ji zapamatujeme.<br></p>]]></text>
      <feedback format="html">
        <text></text>
      </feedback>
    </answer>
    <answer fraction="0" format="html">
      <text><![CDATA[<p dir="ltr">Procházíme všechny hodnoty a porovnáme je s doposud <strong>největší</strong> nalezenou hodnotou - pokud jsme nalezli novou <strong>největší</strong> hodnotu, tak si ji zapamatujeme.</p>]]></text>
      <feedback format="html">
        <text></text>
      </feedback>
    </answer>
    <answer fraction="0" format="html">
      <text><![CDATA[<p dir="ltr">Procházíme všechny hodnoty a porovnáme je s doposud <strong>nejmenší</strong> nalezenou hodnotou - pokud jsme nalezli novou <strong>největší</strong> hodnotu, tak si ji zapamatujeme.</p>]]></text>
      <feedback format="html">
        <text></text>
      </feedback>
    </answer>
    <answer fraction="0" format="html">
      <text><![CDATA[<p dir="ltr">Procházíme všechny hodnoty a porovnáme je s doposud <strong>největší</strong> nalezenou hodnotou - pokud jsme nalezli novou <strong>nejmenší</strong> hodnotu, tak si ji zapamatujeme.</p>]]></text>
      <feedback format="html">
        <text></text>
      </feedback>
    </answer>
    <answer fraction="0" format="html">
      <text><![CDATA[<p dir="ltr" style="text-align: left;">Stačí pouze jednoduše ukázat na <strong>nejmenší</strong> hodnotu.</p>]]></text>
      <feedback format="html">
        <text></text>
      </feedback>
    </answer>
    <tags>
      <tag><text>algoritmizace</text>
</tag>
      <tag><text>minimum</text>
</tag>
    </tags>
  </question>

<!-- question: 7938  -->
  <question type="shortanswer">
    <name>
      <text>Paměť pro nalezení maxima</text>
    </name>
    <questiontext format="html">
      <text><![CDATA[<p dir="ltr" style="text-align: left;">Kolik paměti <strong>navíc</strong> (mimo samotného vstupu velikosti N) potřebujeme při hledání maxima ze zadaných hodnot?<br>Odpověď pište <strong>bez jednotek</strong> - tedy v případě, že hledáme maximum z desetinných čísel a potřebovali bychom místo pro 10 desetinných čísel navíc - odpověď bude pouze "10". V případě, že bychom potřebovali navíc dvojnásobné množství paměti, oproti velikosti vstupu - odpověď bude "2N", atp<br></p>]]></text>
    </questiontext>
    <generalfeedback format="html">
      <text></text>
    </generalfeedback>
    <defaultgrade>2.0000000</defaultgrade>
    <penalty>0.5000000</penalty>
    <hidden>0</hidden>
    <idnumber></idnumber>
    <usecase>0</usecase>
    <answer fraction="100" format="moodle_auto_format">
      <text>1</text>
      <feedback format="html">
        <text></text>
      </feedback>
    </answer>
    <answer fraction="100" format="moodle_auto_format">
      <text><![CDATA["1"]]></text>
      <feedback format="html">
        <text></text>
      </feedback>
    </answer>
    <tags>
      <tag><text>algoritmizace</text>
</tag>
      <tag><text>paměť</text>
</tag>
      <tag><text>maximum</text>
</tag>
    </tags>
  </question>

<!-- question: 7937  -->
  <question type="shortanswer">
    <name>
      <text>Paměť pro nalezení minima</text>
    </name>
    <questiontext format="html">
      <text><![CDATA[<p dir="ltr" style="text-align: left;">Kolik paměti <strong>navíc</strong> (mimo samotného vstupu velikosti N) potřebujeme při hledání minima ze zadaných hodnot?<br>Odpověď pište <strong>bez jednotek</strong> - tedy v případě, že hledáme minimum z desetinných čísel a potřebovali bychom místo pro 10 desetinných čísel navíc - odpověď bude pouze "10". V případě, že bychom potřebovali navíc dvojnásobné množství paměti, oproti velikosti vstupu - odpověď bude "2N", atp<br></p>]]></text>
    </questiontext>
    <generalfeedback format="html">
      <text></text>
    </generalfeedback>
    <defaultgrade>2.0000000</defaultgrade>
    <penalty>0.5000000</penalty>
    <hidden>0</hidden>
    <idnumber></idnumber>
    <usecase>0</usecase>
    <answer fraction="100" format="moodle_auto_format">
      <text>1</text>
      <feedback format="html">
        <text></text>
      </feedback>
    </answer>
    <answer fraction="100" format="moodle_auto_format">
      <text><![CDATA["1"]]></text>
      <feedback format="html">
        <text></text>
      </feedback>
    </answer>
    <tags>
      <tag><text>algoritmizace</text>
</tag>
      <tag><text>minimum</text>
</tag>
      <tag><text>paměť</text>
</tag>
    </tags>
  </question>

<!-- question: 7945  -->
  <question type="truefalse">
    <name>
      <text>Jednoznačnost Fibonnaciho posloupnosti</text>
    </name>
    <questiontext format="html">
      <text><![CDATA[<p dir="ltr" style="text-align: left;">Fibonnaciho posloupnost (všechny její členy) je jednoznačně určená dvěma prvními členy.<br></p>]]></text>
    </questiontext>
    <generalfeedback format="html">
      <text></text>
    </generalfeedback>
    <defaultgrade>1.0000000</defaultgrade>
    <penalty>1.0000000</penalty>
    <hidden>0</hidden>
    <idnumber></idnumber>
    <answer fraction="100" format="moodle_auto_format">
      <text>true</text>
      <feedback format="html">
        <text></text>
      </feedback>
    </answer>
    <answer fraction="0" format="moodle_auto_format">
      <text>false</text>
      <feedback format="html">
        <text></text>
      </feedback>
    </answer>
    <tags>
      <tag><text>algoritmizace</text>
</tag>
      <tag><text>fibonnaci</text>
</tag>
    </tags>
  </question>

<!-- question: 7946  -->
  <question type="truefalse">
    <name>
      <text>Omikron notace</text>
    </name>
    <questiontext format="html">
      <text><![CDATA[<p dir="ltr" style="text-align: left;">Paměťovou a časovou složitost zapisujeme pomocí Omikrón (případně Velké O) notace.<br></p>]]></text>
    </questiontext>
    <generalfeedback format="html">
      <text></text>
    </generalfeedback>
    <defaultgrade>1.0000000</defaultgrade>
    <penalty>1.0000000</penalty>
    <hidden>0</hidden>
    <idnumber></idnumber>
    <answer fraction="100" format="moodle_auto_format">
      <text>true</text>
      <feedback format="html">
        <text></text>
      </feedback>
    </answer>
    <answer fraction="0" format="moodle_auto_format">
      <text>false</text>
      <feedback format="html">
        <text></text>
      </feedback>
    </answer>
    <tags>
      <tag><text>algoritmizace</text>
</tag>
      <tag><text>časová složitost</text>
</tag>
      <tag><text>paměťová složitost</text>
</tag>
    </tags>
  </question>

<!-- question: 7944  -->
  <question type="truefalse">
    <name>
      <text>Počet prvků Fibonnaciho posloupnosti</text>
    </name>
    <questiontext format="html">
      <text><![CDATA[<p dir="ltr" style="text-align: left;">Fibonnaciho posloupnost má konečný počet prvků.<br></p>]]></text>
    </questiontext>
    <generalfeedback format="html">
      <text></text>
    </generalfeedback>
    <defaultgrade>1.0000000</defaultgrade>
    <penalty>1.0000000</penalty>
    <hidden>0</hidden>
    <idnumber></idnumber>
    <answer fraction="0" format="moodle_auto_format">
      <text>true</text>
      <feedback format="html">
        <text></text>
      </feedback>
    </answer>
    <answer fraction="100" format="moodle_auto_format">
      <text>false</text>
      <feedback format="html">
        <text></text>
      </feedback>
    </answer>
    <tags>
      <tag><text>algoritmizace</text>
</tag>
      <tag><text>fibonnaci</text>
</tag>
    </tags>
  </question>

<!-- question: 0  -->
  <question type="category">
    <category>
      <text>$course$/top/JaroslavHoleček/Algoritmizace/Hornerovo schéma, faktoriál</text>
    </category>
    <info format="html">
      <text></text>
    </info>
    <idnumber></idnumber>
  </question>

<!-- question: 7998  -->
  <question type="multichoice">
    <name>
      <text>Co je faktoriál?</text>
    </name>
    <questiontext format="html">
      <text><![CDATA[<p dir="ltr" style="text-align: left;">Co počítá faktoriál?<br></p>]]></text>
    </questiontext>
    <generalfeedback format="html">
      <text></text>
    </generalfeedback>
    <defaultgrade>2.0000000</defaultgrade>
    <penalty>0.5000000</penalty>
    <hidden>0</hidden>
    <idnumber></idnumber>
    <single>true</single>
    <shuffleanswers>true</shuffleanswers>
    <answernumbering>abc</answernumbering>
    <showstandardinstruction>0</showstandardinstruction>
    <correctfeedback format="html">
      <text>Vaše odpověď je správná.</text>
    </correctfeedback>
    <partiallycorrectfeedback format="html">
      <text>Vaše odpověď je částečně správná.</text>
    </partiallycorrectfeedback>
    <incorrectfeedback format="html">
      <text>Vaše odpověď je chybná.</text>
    </incorrectfeedback>
    <shownumcorrect/>
    <answer fraction="100" format="html">
      <text><![CDATA[<p dir="ltr" style="text-align: left;"><strong>Součin</strong> všech přirozených čísel (mimo 0) <strong>menších</strong> než zadané číslo<br></p>]]></text>
      <feedback format="html">
        <text></text>
      </feedback>
    </answer>
    <answer fraction="-25" format="html">
      <text><![CDATA[<p dir="ltr" style="text-align: left;"><strong>Součin</strong> všech přirozených čísel (mimo 0) <strong>větších</strong> než zadané číslo<br></p>]]></text>
      <feedback format="html">
        <text></text>
      </feedback>
    </answer>
    <answer fraction="-25" format="html">
      <text><![CDATA[<p dir="ltr" style="text-align: left;"><strong>Součet</strong> všech přirozených čísel (mimo 0) <strong>větších</strong> než zadané číslo<br></p>]]></text>
      <feedback format="html">
        <text></text>
      </feedback>
    </answer>
    <answer fraction="-25" format="html">
      <text><![CDATA[<p dir="ltr" style="text-align: left;"><strong>Součet</strong> všech přirozených čísel (mimo 0) <strong>menších</strong> než zadané číslo<br></p>]]></text>
      <feedback format="html">
        <text></text>
      </feedback>
    </answer>
    <answer fraction="-25" format="html">
      <text><![CDATA[<p dir="ltr" style="text-align: left;">Speciální operace, kterou nelze snadno popsat.<br></p>]]></text>
      <feedback format="html">
        <text></text>
      </feedback>
    </answer>
    <tags>
      <tag><text>algoritmizace</text>
</tag>
      <tag><text>faktoriál</text>
</tag>
    </tags>
  </question>

<!-- question: 7990  -->
  <question type="multichoice">
    <name>
      <text>Co počítá Hornerovo schema</text>
    </name>
    <questiontext format="html">
      <text><![CDATA[<p dir="ltr" style="text-align: left;">Co spočítáme pomocí Hornerova schéma?<br></p>]]></text>
    </questiontext>
    <generalfeedback format="html">
      <text></text>
    </generalfeedback>
    <defaultgrade>2.0000000</defaultgrade>
    <penalty>0.5000000</penalty>
    <hidden>0</hidden>
    <idnumber></idnumber>
    <single>true</single>
    <shuffleanswers>true</shuffleanswers>
    <answernumbering>abc</answernumbering>
    <showstandardinstruction>0</showstandardinstruction>
    <correctfeedback format="html">
      <text>Vaše odpověď je správná.</text>
    </correctfeedback>
    <partiallycorrectfeedback format="html">
      <text>Vaše odpověď je částečně správná.</text>
    </partiallycorrectfeedback>
    <incorrectfeedback format="html">
      <text>Vaše odpověď je chybná.</text>
    </incorrectfeedback>
    <shownumcorrect/>
    <answer fraction="100" format="html">
      <text><![CDATA[<p dir="ltr" style="text-align: left;">Hodnotu polynomu v daném bodě.<br></p>]]></text>
      <feedback format="html">
        <text></text>
      </feedback>
    </answer>
    <answer fraction="-33.33333" format="html">
      <text><![CDATA[<p dir="ltr" style="text-align: left;">Hodnoty polynomu ve všech bodech<br></p>]]></text>
      <feedback format="html">
        <text></text>
      </feedback>
    </answer>
    <answer fraction="-33.33333" format="html">
      <text><![CDATA[<p dir="ltr" style="text-align: left;">Věk pana Hornera<br></p>]]></text>
      <feedback format="html">
        <text></text>
      </feedback>
    </answer>
    <answer fraction="-33.33333" format="html">
      <text><![CDATA[<p dir="ltr" style="text-align: left;">Horní odhad hodnoty funkce<br></p>]]></text>
      <feedback format="html">
        <text></text>
      </feedback>
    </answer>
    <tags>
      <tag><text>algoritmizace</text>
</tag>
      <tag><text>Hornerovo schema</text>
</tag>
    </tags>
  </question>

<!-- question: 7991  -->
  <question type="multichoice">
    <name>
      <text>Co šetří Hornerovo schema</text>
    </name>
    <questiontext format="html">
      <text><![CDATA[<p dir="ltr" style="text-align: left;">Kterou výpočetní operaci nám ušetří (musíme ji počítat méně) použití Hornerova schematu, oproti přímému výpočtu?<br></p>]]></text>
    </questiontext>
    <generalfeedback format="html">
      <text></text>
    </generalfeedback>
    <defaultgrade>2.0000000</defaultgrade>
    <penalty>0.5000000</penalty>
    <hidden>0</hidden>
    <idnumber></idnumber>
    <single>true</single>
    <shuffleanswers>true</shuffleanswers>
    <answernumbering>abc</answernumbering>
    <showstandardinstruction>0</showstandardinstruction>
    <correctfeedback format="html">
      <text>Vaše odpověď je správná.</text>
    </correctfeedback>
    <partiallycorrectfeedback format="html">
      <text>Vaše odpověď je částečně správná.</text>
    </partiallycorrectfeedback>
    <incorrectfeedback format="html">
      <text>Vaše odpověď je chybná.</text>
    </incorrectfeedback>
    <shownumcorrect/>
    <answer fraction="100" format="html">
      <text><![CDATA[<p dir="ltr" style="text-align: left;">Násobení/mocnění<br></p>]]></text>
      <feedback format="html">
        <text></text>
      </feedback>
    </answer>
    <answer fraction="-50" format="html">
      <text><![CDATA[<p dir="ltr" style="text-align: left;">Sčítání<br></p>]]></text>
      <feedback format="html">
        <text></text>
      </feedback>
    </answer>
    <answer fraction="-50" format="html">
      <text><![CDATA[<p dir="ltr" style="text-align: left;">Porovnávání<br></p>]]></text>
      <feedback format="html">
        <text></text>
      </feedback>
    </answer>
    <tags>
      <tag><text>algoritmizace</text>
</tag>
      <tag><text>Hornerovo schema</text>
</tag>
    </tags>
  </question>

<!-- question: 7993  -->
  <question type="multichoice">
    <name>
      <text>Podstata Hornerova schématu</text>
    </name>
    <questiontext format="html">
      <text><![CDATA[<p dir="ltr" style="text-align: left;">Podstata Hornerova schématu spočívá v:<br></p>]]></text>
    </questiontext>
    <generalfeedback format="html">
      <text></text>
    </generalfeedback>
    <defaultgrade>2.0000000</defaultgrade>
    <penalty>0.5000000</penalty>
    <hidden>0</hidden>
    <idnumber></idnumber>
    <single>true</single>
    <shuffleanswers>true</shuffleanswers>
    <answernumbering>abc</answernumbering>
    <showstandardinstruction>0</showstandardinstruction>
    <correctfeedback format="html">
      <text>Vaše odpověď je správná.</text>
    </correctfeedback>
    <partiallycorrectfeedback format="html">
      <text>Vaše odpověď je částečně správná.</text>
    </partiallycorrectfeedback>
    <incorrectfeedback format="html">
      <text>Vaše odpověď je chybná.</text>
    </incorrectfeedback>
    <shownumcorrect/>
    <answer fraction="100" format="html">
      <text><![CDATA[<p dir="ltr" style="text-align: left;">Opakovaném vytýkání proměnné (obvykle x) z co nejvetšího počtu členů.<br></p>]]></text>
      <feedback format="html">
        <text></text>
      </feedback>
    </answer>
    <answer fraction="-33.33333" format="html">
      <text><![CDATA[<p dir="ltr" style="text-align: left;">Jednom vytknutí proměnné (obvykle x) z co nejvetšího počtu členů.<br></p>]]></text>
      <feedback format="html">
        <text></text>
      </feedback>
    </answer>
    <answer fraction="-33.33333" format="html">
      <text><![CDATA[<p dir="ltr" style="text-align: left;">V rychlejším výpočtu násobení<br></p>]]></text>
      <feedback format="html">
        <text></text>
      </feedback>
    </answer>
    <answer fraction="-33.33333" format="html">
      <text><![CDATA[<p dir="ltr" style="text-align: left;">V rychlejším výpočtu mocnění<br></p>]]></text>
      <feedback format="html">
        <text></text>
      </feedback>
    </answer>
    <tags>
      <tag><text>algoritmizace</text>
</tag>
      <tag><text>Hornerovo schema</text>
</tag>
    </tags>
  </question>

<!-- question: 7995  -->
  <question type="numerical">
    <name>
      <text>Počet násobení při výpočtu faktoriálu</text>
    </name>
    <questiontext format="html">
      <text><![CDATA[<p dir="ltr" style="text-align: left;">Kolik násobení musíme provést při přímém výpočtu faktorálu pěti?</p><p dir="ltr" style="text-align: left;">Pozn.: Násobení jedničkou neuvažujeme do výpočtu.<br></p>]]></text>
    </questiontext>
    <generalfeedback format="html">
      <text></text>
    </generalfeedback>
    <defaultgrade>2.0000000</defaultgrade>
    <penalty>0.5000000</penalty>
    <hidden>0</hidden>
    <idnumber></idnumber>
    <answer fraction="100" format="moodle_auto_format">
      <text>3</text>
      <feedback format="html">
        <text></text>
      </feedback>
      <tolerance>0</tolerance>
    </answer>
    <unitgradingtype>0</unitgradingtype>
    <unitpenalty>0.1000000</unitpenalty>
    <showunits>3</showunits>
    <unitsleft>0</unitsleft>
    <tags>
      <tag><text>algoritmizace</text>
</tag>
      <tag><text>faktoriál</text>
</tag>
    </tags>
  </question>

<!-- question: 7996  -->
  <question type="numerical">
    <name>
      <text>Výpočet faktoriálu - hodnota I</text>
    </name>
    <questiontext format="html">
      <text><![CDATA[<p dir="ltr" style="text-align: left;">Kolik je faktoriál 4 ?<br></p>]]></text>
    </questiontext>
    <generalfeedback format="html">
      <text></text>
    </generalfeedback>
    <defaultgrade>2.0000000</defaultgrade>
    <penalty>0.5000000</penalty>
    <hidden>0</hidden>
    <idnumber></idnumber>
    <answer fraction="100" format="moodle_auto_format">
      <text>24</text>
      <feedback format="html">
        <text></text>
      </feedback>
      <tolerance>0</tolerance>
    </answer>
    <unitgradingtype>0</unitgradingtype>
    <unitpenalty>0.1000000</unitpenalty>
    <showunits>3</showunits>
    <unitsleft>0</unitsleft>
    <tags>
      <tag><text>algoritmizace</text>
</tag>
      <tag><text>faktoriál</text>
</tag>
    </tags>
  </question>

<!-- question: 7997  -->
  <question type="numerical">
    <name>
      <text>Výpočet faktoriálu - hodnota II</text>
    </name>
    <questiontext format="html">
      <text><![CDATA[<p dir="ltr" style="text-align: left;">Kolik je faktoriál 6 ?<br></p>]]></text>
    </questiontext>
    <generalfeedback format="html">
      <text></text>
    </generalfeedback>
    <defaultgrade>2.0000000</defaultgrade>
    <penalty>0.5000000</penalty>
    <hidden>0</hidden>
    <idnumber></idnumber>
    <answer fraction="100" format="moodle_auto_format">
      <text>720</text>
      <feedback format="html">
        <text></text>
      </feedback>
      <tolerance>0</tolerance>
    </answer>
    <unitgradingtype>0</unitgradingtype>
    <unitpenalty>0.1000000</unitpenalty>
    <showunits>3</showunits>
    <unitsleft>0</unitsleft>
    <tags>
      <tag><text>algoritmizace</text>
</tag>
      <tag><text>faktoriál</text>
</tag>
    </tags>
  </question>

<!-- question: 7994  -->
  <question type="shortanswer">
    <name>
      <text>Značka faktoriálu</text>
    </name>
    <questiontext format="html">
      <text><![CDATA[<p dir="ltr" style="text-align: left;">Jaký znak používáme (v matematice) k označní faktoriálu?</p><p dir="ltr" style="text-align: left;">Pozn.: Pište pouze znak faktoriálu (bez čísla).<br></p>]]></text>
    </questiontext>
    <generalfeedback format="html">
      <text></text>
    </generalfeedback>
    <defaultgrade>2.0000000</defaultgrade>
    <penalty>0.5000000</penalty>
    <hidden>0</hidden>
    <idnumber></idnumber>
    <usecase>0</usecase>
    <answer fraction="100" format="moodle_auto_format">
      <text>!</text>
      <feedback format="html">
        <text></text>
      </feedback>
    </answer>
    <answer fraction="100" format="moodle_auto_format">
      <text>!</text>
      <feedback format="html">
        <text></text>
      </feedback>
    </answer>
    <answer fraction="100" format="moodle_auto_format">
      <text>!</text>
      <feedback format="html">
        <text></text>
      </feedback>
    </answer>
    <tags>
      <tag><text>algoritmizace</text>
</tag>
      <tag><text>faktoriál</text>
</tag>
    </tags>
  </question>

<!-- question: 7999  -->
  <question type="truefalse">
    <name>
      <text>Kořen polynomu</text>
    </name>
    <questiontext format="html">
      <text><![CDATA[<p dir="ltr" style="text-align: left;">Kořen polynomu je hodnota proměnné, pro kterou má polynom hodnotu 0.<br></p>]]></text>
    </questiontext>
    <generalfeedback format="html">
      <text></text>
    </generalfeedback>
    <defaultgrade>1.0000000</defaultgrade>
    <penalty>1.0000000</penalty>
    <hidden>0</hidden>
    <idnumber></idnumber>
    <answer fraction="100" format="moodle_auto_format">
      <text>true</text>
      <feedback format="html">
        <text></text>
      </feedback>
    </answer>
    <answer fraction="0" format="moodle_auto_format">
      <text>false</text>
      <feedback format="html">
        <text></text>
      </feedback>
    </answer>
    <tags>
      <tag><text>algoritmizace</text>
</tag>
      <tag><text>Hornerovo schema</text>
</tag>
    </tags>
  </question>

<!-- question: 7992  -->
  <question type="truefalse">
    <name>
      <text>Rychlejší výpočet Hornerem</text>
    </name>
    <questiontext format="html">
      <text><![CDATA[<p dir="ltr" style="text-align: left;">Pomocí Hornerova schéma spočítáme výsledek rychleji, než přímým výpočtem.<br></p>]]></text>
    </questiontext>
    <generalfeedback format="html">
      <text></text>
    </generalfeedback>
    <defaultgrade>1.0000000</defaultgrade>
    <penalty>1.0000000</penalty>
    <hidden>0</hidden>
    <idnumber></idnumber>
    <answer fraction="100" format="moodle_auto_format">
      <text>true</text>
      <feedback format="html">
        <text></text>
      </feedback>
    </answer>
    <answer fraction="0" format="moodle_auto_format">
      <text>false</text>
      <feedback format="html">
        <text></text>
      </feedback>
    </answer>
    <tags>
      <tag><text>algoritmizace</text>
</tag>
      <tag><text>Hornerovo schema</text>
</tag>
    </tags>
  </question>

<!-- question: 0  -->
  <question type="category">
    <category>
      <text>$course$/top/JaroslavHoleček/Algoritmizace/Caesarova šifra</text>
    </category>
    <info format="html">
      <text></text>
    </info>
    <idnumber></idnumber>
  </question>

<!-- question: 8049  -->
  <question type="matching">
    <name>
      <text>Šifrování x kódování</text>
    </name>
    <questiontext format="html">
      <text><![CDATA[<p dir="ltr" style="text-align: left;">Přiřaďte termínům význam:<br></p>]]></text>
    </questiontext>
    <generalfeedback format="html">
      <text></text>
    </generalfeedback>
    <defaultgrade>3.0000000</defaultgrade>
    <penalty>0.3333333</penalty>
    <hidden>0</hidden>
    <idnumber></idnumber>
    <shuffleanswers>true</shuffleanswers>
    <correctfeedback format="html">
      <text>Vaše odpověď je správná.</text>
    </correctfeedback>
    <partiallycorrectfeedback format="html">
      <text>Vaše odpověď je částečně správná.</text>
    </partiallycorrectfeedback>
    <incorrectfeedback format="html">
      <text>Vaše odpověď je chybná.</text>
    </incorrectfeedback>
    <shownumcorrect/>
    <subquestion format="html">
      <text><![CDATA[Zpracovává vstupní data tak, aby byla čitelná (po zpětné operaci) pouze adresátovi. Tedy, aby byla pro cizího čtenáře nečitelná.<br>]]></text>
      <answer>
        <text>Šifrování</text>
      </answer>
    </subquestion>
    <subquestion format="html">
      <text><![CDATA[<p dir="ltr" style="text-align: left;">Zpracovává vstupní data veřejně známým způsobem (včetně všech potřebných informací) a tedy jde pouze o domluvený způsob přenosu informací. Cílem není data uchránit před cizím čtenářem.<br></p>]]></text>
      <answer>
        <text>Kódování</text>
      </answer>
    </subquestion>
    <subquestion format="html">
      <text></text>
      <answer>
        <text>Opisování</text>
      </answer>
    </subquestion>
    <tags>
      <tag><text>algoritmizace</text>
</tag>
      <tag><text>šifra</text>
</tag>
    </tags>
  </question>

<!-- question: 8042  -->
  <question type="multichoice">
    <name>
      <text>Co šifruje Caesarova šifra</text>
    </name>
    <questiontext format="html">
      <text><![CDATA[<p dir="ltr" style="text-align: left;">Caesarova šifra šifruje:<br></p>]]></text>
    </questiontext>
    <generalfeedback format="html">
      <text></text>
    </generalfeedback>
    <defaultgrade>1.0000000</defaultgrade>
    <penalty>0.5000000</penalty>
    <hidden>0</hidden>
    <idnumber></idnumber>
    <single>true</single>
    <shuffleanswers>true</shuffleanswers>
    <answernumbering>abc</answernumbering>
    <showstandardinstruction>0</showstandardinstruction>
    <correctfeedback format="html">
      <text>Vaše odpověď je správná.</text>
    </correctfeedback>
    <partiallycorrectfeedback format="html">
      <text>Vaše odpověď je částečně správná.</text>
    </partiallycorrectfeedback>
    <incorrectfeedback format="html">
      <text>Vaše odpověď je chybná.</text>
    </incorrectfeedback>
    <shownumcorrect/>
    <answer fraction="100" format="html">
      <text><![CDATA[<p dir="ltr" style="text-align: left;">Libovolný text<br></p>]]></text>
      <feedback format="html">
        <text></text>
      </feedback>
    </answer>
    <answer fraction="0" format="html">
      <text><![CDATA[<p dir="ltr" style="text-align: left;">Caesarovo jméno (celé)<br></p>]]></text>
      <feedback format="html">
        <text></text>
      </feedback>
    </answer>
    <answer fraction="0" format="html">
      <text><![CDATA[<p dir="ltr" style="text-align: left;">Data a místa Caesarových bitev<br></p>]]></text>
      <feedback format="html">
        <text></text>
      </feedback>
    </answer>
    <answer fraction="0" format="html">
      <text><![CDATA[<p dir="ltr" style="text-align: left;">Jména Caesarových milenek a milenců<br></p>]]></text>
      <feedback format="html">
        <text></text>
      </feedback>
    </answer>
    <tags>
      <tag><text>algoritmizace</text>
</tag>
      <tag><text>Caesarova</text>
</tag>
      <tag><text>šifra</text>
</tag>
    </tags>
  </question>

<!-- question: 8044  -->
  <question type="multichoice">
    <name>
      <text>Klíč v obecné transpoziční šifře</text>
    </name>
    <questiontext format="html">
      <text><![CDATA[<p dir="ltr" style="text-align: left;">Jaká je hodnota klíče v obecné Caesarově šifře (aka prostá transpoziční čifra)?<br></p>]]></text>
    </questiontext>
    <generalfeedback format="html">
      <text></text>
    </generalfeedback>
    <defaultgrade>3.0000000</defaultgrade>
    <penalty>0.5000000</penalty>
    <hidden>0</hidden>
    <idnumber></idnumber>
    <single>true</single>
    <shuffleanswers>true</shuffleanswers>
    <answernumbering>abc</answernumbering>
    <showstandardinstruction>0</showstandardinstruction>
    <correctfeedback format="html">
      <text>Vaše odpověď je správná.</text>
    </correctfeedback>
    <partiallycorrectfeedback format="html">
      <text>Vaše odpověď je částečně správná.</text>
    </partiallycorrectfeedback>
    <incorrectfeedback format="html">
      <text>Vaše odpověď je chybná.</text>
    </incorrectfeedback>
    <shownumcorrect/>
    <answer fraction="100" format="html">
      <text><![CDATA[<p dir="ltr" style="text-align: left;">Libovolné celé číslo<br></p>]]></text>
      <feedback format="html">
        <text></text>
      </feedback>
    </answer>
    <answer fraction="0" format="html">
      <text><![CDATA[<p dir="ltr" style="text-align: left;">3<br></p>]]></text>
      <feedback format="html">
        <text></text>
      </feedback>
    </answer>
    <answer fraction="0" format="html">
      <text><![CDATA[<p dir="ltr" style="text-align: left;">Libovolné celé číslo nebo písmeno/a<br></p>]]></text>
      <feedback format="html">
        <text></text>
      </feedback>
    </answer>
    <answer fraction="0" format="html">
      <text><![CDATA[<p dir="ltr" style="text-align: left;">Jedno, dvě, nebo tři písmena<br></p>]]></text>
      <feedback format="html">
        <text></text>
      </feedback>
    </answer>
    <tags>
      <tag><text>algoritmizace</text>
</tag>
      <tag><text>Caesarova</text>
</tag>
      <tag><text>šifra</text>
</tag>
    </tags>
  </question>

<!-- question: 8051  -->
  <question type="multichoice">
    <name>
      <text>Význam transpozice</text>
    </name>
    <questiontext format="html">
      <text><![CDATA[<p dir="ltr" style="text-align: left;">Transpozice znamená:<br></p>]]></text>
    </questiontext>
    <generalfeedback format="html">
      <text></text>
    </generalfeedback>
    <defaultgrade>2.0000000</defaultgrade>
    <penalty>0.5000000</penalty>
    <hidden>0</hidden>
    <idnumber></idnumber>
    <single>true</single>
    <shuffleanswers>true</shuffleanswers>
    <answernumbering>abc</answernumbering>
    <showstandardinstruction>0</showstandardinstruction>
    <correctfeedback format="html">
      <text>Vaše odpověď je správná.</text>
    </correctfeedback>
    <partiallycorrectfeedback format="html">
      <text>Vaše odpověď je částečně správná.</text>
    </partiallycorrectfeedback>
    <incorrectfeedback format="html">
      <text>Vaše odpověď je chybná.</text>
    </incorrectfeedback>
    <shownumcorrect/>
    <answer fraction="100" format="html">
      <text><![CDATA[<p dir="ltr" style="text-align: left;">Posun<br></p>]]></text>
      <feedback format="html">
        <text></text>
      </feedback>
    </answer>
    <answer fraction="0" format="html">
      <text><![CDATA[<p dir="ltr" style="text-align: left;">Otočení<br></p>]]></text>
      <feedback format="html">
        <text></text>
      </feedback>
    </answer>
    <answer fraction="0" format="html">
      <text><![CDATA[<p dir="ltr" style="text-align: left;">Zvětšení<br></p>]]></text>
      <feedback format="html">
        <text></text>
      </feedback>
    </answer>
    <answer fraction="0" format="html">
      <text><![CDATA[<p dir="ltr" style="text-align: left;">Převrácení (zrcadlení)<br></p>]]></text>
      <feedback format="html">
        <text></text>
      </feedback>
    </answer>
    <answer fraction="0" format="html">
      <text><![CDATA[<p dir="ltr" style="text-align: left;">Ukrytí<br></p>]]></text>
      <feedback format="html">
        <text></text>
      </feedback>
    </answer>
    <tags>
      <tag><text>algoritmizace</text>
</tag>
      <tag><text>Caesarova</text>
</tag>
      <tag><text>šifra</text>
</tag>
    </tags>
  </question>

<!-- question: 8043  -->
  <question type="numerical">
    <name>
      <text>Klíč v originání Caesarově šifře</text>
    </name>
    <questiontext format="html">
      <text><![CDATA[<p dir="ltr" style="text-align: left;">Jakou hodnotu měl (má) klíč v originální Caesarově šifře (klíč, který používal Caesar)?<br></p>]]></text>
    </questiontext>
    <generalfeedback format="html">
      <text></text>
    </generalfeedback>
    <defaultgrade>1.0000000</defaultgrade>
    <penalty>0.5000000</penalty>
    <hidden>0</hidden>
    <idnumber></idnumber>
    <answer fraction="100" format="moodle_auto_format">
      <text>3</text>
      <feedback format="html">
        <text></text>
      </feedback>
      <tolerance>0</tolerance>
    </answer>
    <unitgradingtype>0</unitgradingtype>
    <unitpenalty>0.1000000</unitpenalty>
    <showunits>3</showunits>
    <unitsleft>0</unitsleft>
    <tags>
      <tag><text>algoritmizace</text>
</tag>
      <tag><text>Caesarova</text>
</tag>
      <tag><text>šifra</text>
</tag>
    </tags>
  </question>

<!-- question: 8047  -->
  <question type="shortanswer">
    <name>
      <text>Název ASCII tabulky</text>
    </name>
    <questiontext format="html">
      <text><![CDATA[<p dir="ltr" style="text-align: left;">V počítačích všeobecně užívaná tabulka, která kóduje znaky (A-Za-z0-9,.-;*/+ a spoustu dalších) na číselnou hodnotu má zkratku:<br></p>]]></text>
    </questiontext>
    <generalfeedback format="html">
      <text></text>
    </generalfeedback>
    <defaultgrade>2.0000000</defaultgrade>
    <penalty>0.3333333</penalty>
    <hidden>0</hidden>
    <idnumber></idnumber>
    <usecase>0</usecase>
    <answer fraction="100" format="moodle_auto_format">
      <text>ASCII</text>
      <feedback format="html">
        <text></text>
      </feedback>
    </answer>
    <answer fraction="100" format="moodle_auto_format">
      <text>ASCII tabulka</text>
      <feedback format="html">
        <text></text>
      </feedback>
    </answer>
    <tags>
      <tag><text>algoritmizace</text>
</tag>
      <tag><text>ascii</text>
</tag>
    </tags>
  </question>

<!-- question: 8048  -->
  <question type="truefalse">
    <name>
      <text>Posunutí v abecedě</text>
    </name>
    <questiontext format="html">
      <text><![CDATA[<p dir="ltr" style="text-align: left;">Počítač umí provést libovolnou operaci s písmeny přímo v (lidské) abecedě.<br></p>]]></text>
    </questiontext>
    <generalfeedback format="html">
      <text></text>
    </generalfeedback>
    <defaultgrade>1.0000000</defaultgrade>
    <penalty>1.0000000</penalty>
    <hidden>0</hidden>
    <idnumber></idnumber>
    <answer fraction="0" format="moodle_auto_format">
      <text>true</text>
      <feedback format="html">
        <text></text>
      </feedback>
    </answer>
    <answer fraction="100" format="moodle_auto_format">
      <text>false</text>
      <feedback format="html">
        <text></text>
      </feedback>
    </answer>
    <tags>
      <tag><text>algoritmizace</text>
</tag>
      <tag><text>Caesarova</text>
</tag>
      <tag><text>šifra</text>
</tag>
    </tags>
  </question>

<!-- question: 8046  -->
  <question type="truefalse">
    <name>
      <text>Použití v současnosti</text>
    </name>
    <questiontext format="html">
      <text><![CDATA[<p dir="ltr" style="text-align: left;">V současnosti se Caesarova šifra hojně používá k šifrování v počítačích (https, šifrování databází, pevných disků)<br></p>]]></text>
    </questiontext>
    <generalfeedback format="html">
      <text></text>
    </generalfeedback>
    <defaultgrade>1.0000000</defaultgrade>
    <penalty>1.0000000</penalty>
    <hidden>0</hidden>
    <idnumber></idnumber>
    <answer fraction="0" format="moodle_auto_format">
      <text>true</text>
      <feedback format="html">
        <text></text>
      </feedback>
    </answer>
    <answer fraction="100" format="moodle_auto_format">
      <text>false</text>
      <feedback format="html">
        <text></text>
      </feedback>
    </answer>
    <tags>
      <tag><text>algoritmizace</text>
</tag>
      <tag><text>Caesarova</text>
</tag>
      <tag><text>šifra</text>
</tag>
    </tags>
  </question>

<!-- question: 8045  -->
  <question type="truefalse">
    <name>
      <text>Řešení frekvenční analýzou</text>
    </name>
    <questiontext format="html">
      <text><![CDATA[<p dir="ltr" style="text-align: left;">Transpoziční šifru lze snadno vyluštit pomocí frekvenční analýzy.<br></p>]]></text>
    </questiontext>
    <generalfeedback format="html">
      <text></text>
    </generalfeedback>
    <defaultgrade>1.0000000</defaultgrade>
    <penalty>1.0000000</penalty>
    <hidden>0</hidden>
    <idnumber></idnumber>
    <answer fraction="100" format="moodle_auto_format">
      <text>true</text>
      <feedback format="html">
        <text></text>
      </feedback>
    </answer>
    <answer fraction="0" format="moodle_auto_format">
      <text>false</text>
      <feedback format="html">
        <text></text>
      </feedback>
    </answer>
    <tags>
      <tag><text>algoritmizace</text>
</tag>
      <tag><text>Caesarova</text>
</tag>
      <tag><text>šifra</text>
</tag>
    </tags>
  </question>

<!-- question: 8050  -->
  <question type="truefalse">
    <name>
      <text>Typ Caesarovy šifry</text>
    </name>
    <questiontext format="html">
      <text><![CDATA[<p dir="ltr" style="text-align: left;">Caesarova šifra je transpoziční šifra.<br></p>]]></text>
    </questiontext>
    <generalfeedback format="html">
      <text></text>
    </generalfeedback>
    <defaultgrade>1.0000000</defaultgrade>
    <penalty>1.0000000</penalty>
    <hidden>0</hidden>
    <idnumber></idnumber>
    <answer fraction="100" format="moodle_auto_format">
      <text>true</text>
      <feedback format="html">
        <text></text>
      </feedback>
    </answer>
    <answer fraction="0" format="moodle_auto_format">
      <text>false</text>
      <feedback format="html">
        <text></text>
      </feedback>
    </answer>
    <tags>
      <tag><text>algoritmizace</text>
</tag>
      <tag><text>Caesarova</text>
</tag>
      <tag><text>šifra</text>
</tag>
    </tags>
  </question>

<!-- question: 0  -->
  <question type="category">
    <category>
      <text>$course$/top/JaroslavHoleček/Algoritmizace/Bubble sort</text>
    </category>
    <info format="html">
      <text></text>
    </info>
    <idnumber></idnumber>
  </question>

<!-- question: 11800  -->
  <question type="matching">
    <name>
      <text>Seřaď kroky !</text>
    </name>
    <questiontext format="html">
      <text><![CDATA[<p dir="ltr" style="text-align: left;">Mějme funkci, která realizuje Bubble sort a navíc po každém zpracování všech čísel zobrazí jejich aktuální pořadí.<br>Označte, jak budou seřazeny výpisy programu.</p><p dir="ltr" style="text-align: left;">Funkci voláme na vstup [5, 4, 7, 8, 6, 2, 1, 3] a řadíme sestupně.<br></p>]]></text>
    </questiontext>
    <generalfeedback format="html">
      <text></text>
    </generalfeedback>
    <defaultgrade>3.0000000</defaultgrade>
    <penalty>0.5000000</penalty>
    <hidden>0</hidden>
    <idnumber></idnumber>
    <shuffleanswers>false</shuffleanswers>
    <correctfeedback format="html">
      <text>Vaše odpověď je správná.</text>
    </correctfeedback>
    <partiallycorrectfeedback format="html">
      <text>Vaše odpověď je částečně správná.</text>
    </partiallycorrectfeedback>
    <incorrectfeedback format="html">
      <text>Vaše odpověď je chybná.</text>
    </incorrectfeedback>
    <shownumcorrect/>
    <subquestion format="html">
      <text><![CDATA[<p dir="ltr" style="text-align: left;">1<br></p>]]></text>
      <answer>
        <text>[5, 7, 8, 6, 4, 2, 3, 1]</text>
      </answer>
    </subquestion>
    <subquestion format="html">
      <text><![CDATA[<p dir="ltr" style="text-align: left;">2<br></p>]]></text>
      <answer>
        <text>[7, 8, 6, 5, 4, 3, 2, 1]</text>
      </answer>
    </subquestion>
    <subquestion format="html">
      <text><![CDATA[<p dir="ltr" style="text-align: left;">3<br></p>]]></text>
      <answer>
        <text>[8, 7, 6, 5, 4, 3, 2, 1]</text>
      </answer>
    </subquestion>
    <tags>
      <tag><text>algoritmus</text>
</tag>
      <tag><text>bubble</text>
</tag>
      <tag><text>sort</text>
</tag>
    </tags>
  </question>

<!-- question: 11798  -->
  <question type="multichoice">
    <name>
      <text>Časová složitost Bubble sort</text>
    </name>
    <questiontext format="html">
      <text><![CDATA[<p dir="ltr" style="text-align: left;">Jaká je časová složitost Bubble sort?<br></p>]]></text>
    </questiontext>
    <generalfeedback format="html">
      <text></text>
    </generalfeedback>
    <defaultgrade>2.0000000</defaultgrade>
    <penalty>0.5000000</penalty>
    <hidden>0</hidden>
    <idnumber></idnumber>
    <single>true</single>
    <shuffleanswers>true</shuffleanswers>
    <answernumbering>abc</answernumbering>
    <showstandardinstruction>0</showstandardinstruction>
    <correctfeedback format="html">
      <text>Vaše odpověď je správná.</text>
    </correctfeedback>
    <partiallycorrectfeedback format="html">
      <text>Vaše odpověď je částečně správná.</text>
    </partiallycorrectfeedback>
    <incorrectfeedback format="html">
      <text>Vaše odpověď je chybná.</text>
    </incorrectfeedback>
    <shownumcorrect/>
    <answer fraction="100" format="html">
      <text><![CDATA[<p dir="ltr" style="text-align: left;">O(n<sup>2</sup>)<br></p>]]></text>
      <feedback format="html">
        <text></text>
      </feedback>
    </answer>
    <answer fraction="0" format="html">
      <text><![CDATA[<p dir="ltr" style="text-align: left;">O(n)<br></p>]]></text>
      <feedback format="html">
        <text></text>
      </feedback>
    </answer>
    <answer fraction="0" format="html">
      <text><![CDATA[<p dir="ltr" style="text-align: left;">O(n<sup>3</sup>)<br></p>]]></text>
      <feedback format="html">
        <text></text>
      </feedback>
    </answer>
    <answer fraction="0" format="html">
      <text><![CDATA[<p dir="ltr" style="text-align: left;">O(n*log(n))<br></p>]]></text>
      <feedback format="html">
        <text></text>
      </feedback>
    </answer>
    <answer fraction="0" format="html">
      <text><![CDATA[<p dir="ltr" style="text-align: left;">O(log(n))<br></p>]]></text>
      <feedback format="html">
        <text></text>
      </feedback>
    </answer>
    <tags>
      <tag><text>algoritmus</text>
</tag>
      <tag><text>časová složitost</text>
</tag>
      <tag><text>bubble</text>
</tag>
      <tag><text>sort</text>
</tag>
    </tags>
  </question>

<!-- question: 11795  -->
  <question type="multichoice">
    <name>
      <text>Co je Bubble sort</text>
    </name>
    <questiontext format="html">
      <text><![CDATA[<p dir="ltr" style="text-align: left;">Co je to Bubble sort?<br></p>]]></text>
    </questiontext>
    <generalfeedback format="html">
      <text></text>
    </generalfeedback>
    <defaultgrade>2.0000000</defaultgrade>
    <penalty>0.5000000</penalty>
    <hidden>0</hidden>
    <idnumber></idnumber>
    <single>true</single>
    <shuffleanswers>true</shuffleanswers>
    <answernumbering>abc</answernumbering>
    <showstandardinstruction>0</showstandardinstruction>
    <correctfeedback format="html">
      <text>Vaše odpověď je správná.</text>
    </correctfeedback>
    <partiallycorrectfeedback format="html">
      <text>Vaše odpověď je částečně správná.</text>
    </partiallycorrectfeedback>
    <incorrectfeedback format="html">
      <text>Vaše odpověď je chybná.</text>
    </incorrectfeedback>
    <shownumcorrect/>
    <answer fraction="100" format="html">
      <text><![CDATA[<p dir="ltr" style="text-align: left;">Třídící (řadící) algoritmus<br></p>]]></text>
      <feedback format="html">
        <text></text>
      </feedback>
    </answer>
    <answer fraction="0" format="html">
      <text><![CDATA[<p dir="ltr" style="text-align: left;">Nápoj<br></p>]]></text>
      <feedback format="html">
        <text></text>
      </feedback>
    </answer>
    <answer fraction="0" format="html">
      <text><![CDATA[<p dir="ltr" style="text-align: left;">Algoritmus pro vyhledávání<br></p>]]></text>
      <feedback format="html">
        <text></text>
      </feedback>
    </answer>
    <answer fraction="0" format="html">
      <text><![CDATA[<p dir="ltr" style="text-align: left;">Hra<br></p>]]></text>
      <feedback format="html">
        <text></text>
      </feedback>
    </answer>
    <tags>
      <tag><text>algoritmus</text>
</tag>
      <tag><text>bubble</text>
</tag>
      <tag><text>sort</text>
</tag>
    </tags>
  </question>

<!-- question: 11804  -->
  <question type="multichoice">
    <name>
      <text>Která čísla Bubble sort porovnává</text>
    </name>
    <questiontext format="html">
      <text><![CDATA[<p dir="ltr" style="text-align: left;">Pro správné zařazení jednoho čísla porovnává (hledá) Bubble sort toto číslo:<br></p>]]></text>
    </questiontext>
    <generalfeedback format="html">
      <text></text>
    </generalfeedback>
    <defaultgrade>2.0000000</defaultgrade>
    <penalty>0.5000000</penalty>
    <hidden>0</hidden>
    <idnumber></idnumber>
    <single>true</single>
    <shuffleanswers>true</shuffleanswers>
    <answernumbering>abc</answernumbering>
    <showstandardinstruction>0</showstandardinstruction>
    <correctfeedback format="html">
      <text>Vaše odpověď je správná.</text>
    </correctfeedback>
    <partiallycorrectfeedback format="html">
      <text>Vaše odpověď je částečně správná.</text>
    </partiallycorrectfeedback>
    <incorrectfeedback format="html">
      <text>Vaše odpověď je chybná.</text>
    </incorrectfeedback>
    <shownumcorrect/>
    <answer fraction="100" format="html">
      <text><![CDATA[<p dir="ltr" style="text-align: left;">Mezi všemi doposud neseřazenými čísly<br></p>]]></text>
      <feedback format="html">
        <text></text>
      </feedback>
    </answer>
    <answer fraction="0" format="html">
      <text><![CDATA[<p dir="ltr" style="text-align: left;">Mezi polovinou čísel.<br></p>]]></text>
      <feedback format="html">
        <text></text>
      </feedback>
    </answer>
    <answer fraction="0" format="html">
      <text><![CDATA[Nemusí ho nijak hledat<br>]]></text>
      <feedback format="html">
        <text></text>
      </feedback>
    </answer>
    <answer fraction="0" format="html">
      <text><![CDATA[<p dir="ltr" style="text-align: left;">Mezi všemi již seřazenými čísly<br></p>]]></text>
      <feedback format="html">
        <text></text>
      </feedback>
    </answer>
    <tags>
      <tag><text>algoritmus</text>
</tag>
      <tag><text>bubble</text>
</tag>
      <tag><text>sort</text>
</tag>
    </tags>
  </question>

<!-- question: 11796  -->
  <question type="multichoice">
    <name>
      <text>Vstup Bubble sort</text>
    </name>
    <questiontext format="html">
      <text><![CDATA[<p dir="ltr" style="text-align: left;">Co je vstupem Bubble sortu?<br></p>]]></text>
    </questiontext>
    <generalfeedback format="html">
      <text></text>
    </generalfeedback>
    <defaultgrade>2.0000000</defaultgrade>
    <penalty>0.5000000</penalty>
    <hidden>0</hidden>
    <idnumber></idnumber>
    <single>true</single>
    <shuffleanswers>true</shuffleanswers>
    <answernumbering>abc</answernumbering>
    <showstandardinstruction>0</showstandardinstruction>
    <correctfeedback format="html">
      <text>Vaše odpověď je správná.</text>
    </correctfeedback>
    <partiallycorrectfeedback format="html">
      <text>Vaše odpověď je částečně správná.</text>
    </partiallycorrectfeedback>
    <incorrectfeedback format="html">
      <text>Vaše odpověď je chybná.</text>
    </incorrectfeedback>
    <shownumcorrect/>
    <answer fraction="100" format="html">
      <text><![CDATA[<p dir="ltr" style="text-align: left;">Řada libovolných prvků, u kterých lze určit, který je menší a který větší<br></p>]]></text>
      <feedback format="html">
        <text></text>
      </feedback>
    </answer>
    <answer fraction="0" format="html">
      <text><![CDATA[<p dir="ltr" style="text-align: left;">Pouze řada čísel (celá i desetinná čísla)<br></p>]]></text>
      <feedback format="html">
        <text></text>
      </feedback>
    </answer>
    <answer fraction="0" format="html">
      <text><![CDATA[<p dir="ltr" style="text-align: left;">Pouze řada čísel (pouze celá čísla)<br></p>]]></text>
      <feedback format="html">
        <text></text>
      </feedback>
    </answer>
    <answer fraction="0" format="html">
      <text><![CDATA[<p dir="ltr" style="text-align: left;">Pouze řada čísel (pouze desetinná čísla)<br></p>]]></text>
      <feedback format="html">
        <text></text>
      </feedback>
    </answer>
    <answer fraction="0" format="html">
      <text><![CDATA[<p dir="ltr" style="text-align: left;">Pouze řada nápisů<br></p>]]></text>
      <feedback format="html">
        <text></text>
      </feedback>
    </answer>
    <answer fraction="0" format="html">
      <text><![CDATA[<p dir="ltr" style="text-align: left;">Jeden dlouhý nápis - string<br></p>]]></text>
      <feedback format="html">
        <text></text>
      </feedback>
    </answer>
    <tags>
      <tag><text>algoritmus</text>
</tag>
      <tag><text>bubble</text>
</tag>
      <tag><text>sort</text>
</tag>
    </tags>
  </question>

<!-- question: 11797  -->
  <question type="multichoice">
    <name>
      <text>Výstup Bubble sort</text>
    </name>
    <questiontext format="html">
      <text><![CDATA[<p dir="ltr" style="text-align: left;">Co je výstupem (výsledkem) Bubble sortu?<br></p>]]></text>
    </questiontext>
    <generalfeedback format="html">
      <text></text>
    </generalfeedback>
    <defaultgrade>2.0000000</defaultgrade>
    <penalty>0.5000000</penalty>
    <hidden>0</hidden>
    <idnumber></idnumber>
    <single>true</single>
    <shuffleanswers>true</shuffleanswers>
    <answernumbering>abc</answernumbering>
    <showstandardinstruction>0</showstandardinstruction>
    <correctfeedback format="html">
      <text>Vaše odpověď je správná.</text>
    </correctfeedback>
    <partiallycorrectfeedback format="html">
      <text>Vaše odpověď je částečně správná.</text>
    </partiallycorrectfeedback>
    <incorrectfeedback format="html">
      <text>Vaše odpověď je chybná.</text>
    </incorrectfeedback>
    <shownumcorrect/>
    <answer fraction="100" format="html">
      <text><![CDATA[<p dir="ltr" style="text-align: left;">Vstupní prvky seřazené podle velikosti<br></p>]]></text>
      <feedback format="html">
        <text></text>
      </feedback>
    </answer>
    <answer fraction="0" format="html">
      <text><![CDATA[<p dir="ltr" style="text-align: left;">Náhodně seřazené vstupní prvky<br></p>]]></text>
      <feedback format="html">
        <text></text>
      </feedback>
    </answer>
    <answer fraction="0" format="html">
      <text><![CDATA[<p dir="ltr" style="text-align: left;">Polovina vstupních prvků (ty větší)<br></p>]]></text>
      <feedback format="html">
        <text></text>
      </feedback>
    </answer>
    <answer fraction="0" format="html">
      <text><![CDATA[<p dir="ltr" style="text-align: left;">Největší ze vstupních prvků<br></p>]]></text>
      <feedback format="html">
        <text></text>
      </feedback>
    </answer>
    <answer fraction="0" format="html">
      <text><![CDATA[<p dir="ltr" style="text-align: left;">Nejmenší ze vstupních prvků<br></p>]]></text>
      <feedback format="html">
        <text></text>
      </feedback>
    </answer>
    <tags>
      <tag><text>algoritmus</text>
</tag>
      <tag><text>bubble</text>
</tag>
      <tag><text>sort</text>
</tag>
    </tags>
  </question>

<!-- question: 11801  -->
  <question type="numerical">
    <name>
      <text>Průběh řazení</text>
    </name>
    <questiontext format="html">
      <text><![CDATA[<p dir="ltr" style="text-align: left;">Po kolika průchodech všemi vstupními čísly, si můžeme být stoprocentně jistí, že máme správně seřazené 4 čísla?<br></p>]]></text>
    </questiontext>
    <generalfeedback format="html">
      <text></text>
    </generalfeedback>
    <defaultgrade>2.0000000</defaultgrade>
    <penalty>0.3333333</penalty>
    <hidden>0</hidden>
    <idnumber></idnumber>
    <answer fraction="100" format="moodle_auto_format">
      <text>4</text>
      <feedback format="html">
        <text></text>
      </feedback>
      <tolerance>0</tolerance>
    </answer>
    <unitgradingtype>0</unitgradingtype>
    <unitpenalty>0.1000000</unitpenalty>
    <showunits>3</showunits>
    <unitsleft>0</unitsleft>
    <tags>
      <tag><text>algoritmus</text>
</tag>
      <tag><text>bubble</text>
</tag>
      <tag><text>sort</text>
</tag>
    </tags>
  </question>

<!-- question: 11802  -->
  <question type="truefalse">
    <name>
      <text>Kontrola již seřazených čísel</text>
    </name>
    <questiontext format="html">
      <text><![CDATA[<p dir="ltr" style="text-align: left;">V Bubble sortu je nutné procházet i již správně seřazená čísla.<br></p>]]></text>
    </questiontext>
    <generalfeedback format="html">
      <text></text>
    </generalfeedback>
    <defaultgrade>1.0000000</defaultgrade>
    <penalty>1.0000000</penalty>
    <hidden>0</hidden>
    <idnumber></idnumber>
    <answer fraction="0" format="moodle_auto_format">
      <text>true</text>
      <feedback format="html">
        <text></text>
      </feedback>
    </answer>
    <answer fraction="100" format="moodle_auto_format">
      <text>false</text>
      <feedback format="html">
        <text></text>
      </feedback>
    </answer>
    <tags>
      <tag><text>algoritmus</text>
</tag>
      <tag><text>bubble</text>
</tag>
      <tag><text>sort</text>
</tag>
    </tags>
  </question>

<!-- question: 11803  -->
  <question type="truefalse">
    <name>
      <text>Počet průchodů</text>
    </name>
    <questiontext format="html">
      <text><![CDATA[<p dir="ltr" style="text-align: left;">Mějme vstup složený z 10 čísel.</p><p dir="ltr" style="text-align: left;">Při řazení pomocí Bubble sort musí&nbsp;vždy algoritmus projít všechna čísla právě 9 krát (poslední číslo je správně zařazeno automaticky)<br></p>]]></text>
    </questiontext>
    <generalfeedback format="html">
      <text></text>
    </generalfeedback>
    <defaultgrade>1.0000000</defaultgrade>
    <penalty>1.0000000</penalty>
    <hidden>0</hidden>
    <idnumber></idnumber>
    <answer fraction="0" format="moodle_auto_format">
      <text>true</text>
      <feedback format="html">
        <text></text>
      </feedback>
    </answer>
    <answer fraction="100" format="moodle_auto_format">
      <text>false</text>
      <feedback format="html">
        <text></text>
      </feedback>
    </answer>
    <tags>
      <tag><text>algoritmus</text>
</tag>
      <tag><text>bubble</text>
</tag>
      <tag><text>sort</text>
</tag>
    </tags>
  </question>

<!-- question: 11799  -->
  <question type="truefalse">
    <name>
      <text>Vstup jen jeden prvek</text>
    </name>
    <questiontext format="html">
      <text><![CDATA[<p dir="ltr" style="text-align: left;">Do Bubble sort může být vstupem pouze jeden prvek.<br></p>]]></text>
    </questiontext>
    <generalfeedback format="html">
      <text></text>
    </generalfeedback>
    <defaultgrade>1.0000000</defaultgrade>
    <penalty>1.0000000</penalty>
    <hidden>0</hidden>
    <idnumber></idnumber>
    <answer fraction="100" format="moodle_auto_format">
      <text>true</text>
      <feedback format="html">
        <text></text>
      </feedback>
    </answer>
    <answer fraction="0" format="moodle_auto_format">
      <text>false</text>
      <feedback format="html">
        <text></text>
      </feedback>
    </answer>
    <tags>
      <tag><text>algoritmus</text>
</tag>
      <tag><text>bubble</text>
</tag>
      <tag><text>sort</text>
</tag>
    </tags>
  </question>

<!-- question: 0  -->
  <question type="category">
    <category>
      <text>$course$/top/JaroslavHoleček/Algoritmizace/Vyhledávání</text>
    </category>
    <info format="html">
      <text></text>
    </info>
    <idnumber></idnumber>
  </question>

<!-- question: 11806  -->
  <question type="multichoice">
    <name>
      <text>Časová složitost vyhledávání nesetříděné</text>
    </name>
    <questiontext format="html">
      <text><![CDATA[<p dir="ltr" style="text-align: left;">Jaká je časová složitost vyhledávání v nesetříděné posloupnosti?<br></p>]]></text>
    </questiontext>
    <generalfeedback format="html">
      <text></text>
    </generalfeedback>
    <defaultgrade>2.0000000</defaultgrade>
    <penalty>0.5000000</penalty>
    <hidden>0</hidden>
    <idnumber></idnumber>
    <single>true</single>
    <shuffleanswers>true</shuffleanswers>
    <answernumbering>abc</answernumbering>
    <showstandardinstruction>0</showstandardinstruction>
    <correctfeedback format="html">
      <text>Vaše odpověď je správná.</text>
    </correctfeedback>
    <partiallycorrectfeedback format="html">
      <text>Vaše odpověď je částečně správná.</text>
    </partiallycorrectfeedback>
    <incorrectfeedback format="html">
      <text>Vaše odpověď je chybná.</text>
    </incorrectfeedback>
    <shownumcorrect/>
    <answer fraction="100" format="html">
      <text><![CDATA[<p dir="ltr" style="text-align: left;">O(n)<br></p>]]></text>
      <feedback format="html">
        <text></text>
      </feedback>
    </answer>
    <answer fraction="0" format="html">
      <text><![CDATA[<p dir="ltr" style="text-align: left;">O(n<sup>2</sup>)<br></p>]]></text>
      <feedback format="html">
        <text></text>
      </feedback>
    </answer>
    <answer fraction="0" format="html">
      <text><![CDATA[<p dir="ltr" style="text-align: left;">O(n<sup>3</sup>)<br></p>]]></text>
      <feedback format="html">
        <text></text>
      </feedback>
    </answer>
    <answer fraction="0" format="html">
      <text><![CDATA[<p dir="ltr" style="text-align: left;">O(n*log(n))<br></p>]]></text>
      <feedback format="html">
        <text></text>
      </feedback>
    </answer>
    <answer fraction="0" format="html">
      <text><![CDATA[<p dir="ltr" style="text-align: left;">O(log(n))<br></p><p dir="ltr" style="text-align: left;">O(log(n))<br></p>]]></text>
      <feedback format="html">
        <text></text>
      </feedback>
    </answer>
    <tags>
      <tag><text>algoritmus</text>
</tag>
      <tag><text>časová složitost</text>
</tag>
      <tag><text>vyhledávání</text>
</tag>
      <tag><text>nesetříděná</text>
</tag>
    </tags>
  </question>

<!-- question: 11807  -->
  <question type="multichoice">
    <name>
      <text>Časová složitost vyhledávání setříděné</text>
    </name>
    <questiontext format="html">
      <text><![CDATA[<p dir="ltr" style="text-align: left;">Jaká je časová složitost vyhledávání v setříděné posloupnosti?<br></p>]]></text>
    </questiontext>
    <generalfeedback format="html">
      <text></text>
    </generalfeedback>
    <defaultgrade>2.0000000</defaultgrade>
    <penalty>0.5000000</penalty>
    <hidden>0</hidden>
    <idnumber></idnumber>
    <single>true</single>
    <shuffleanswers>true</shuffleanswers>
    <answernumbering>abc</answernumbering>
    <showstandardinstruction>0</showstandardinstruction>
    <correctfeedback format="html">
      <text>Vaše odpověď je správná.</text>
    </correctfeedback>
    <partiallycorrectfeedback format="html">
      <text>Vaše odpověď je částečně správná.</text>
    </partiallycorrectfeedback>
    <incorrectfeedback format="html">
      <text>Vaše odpověď je chybná.</text>
    </incorrectfeedback>
    <shownumcorrect/>
    <answer fraction="100" format="html">
      <text><![CDATA[<p dir="ltr" style="text-align: left;">O(log(n))<br></p>]]></text>
      <feedback format="html">
        <text></text>
      </feedback>
    </answer>
    <answer fraction="0" format="html">
      <text><![CDATA[<p dir="ltr" style="text-align: left;">O(n<sup>2</sup>)<br></p>]]></text>
      <feedback format="html">
        <text></text>
      </feedback>
    </answer>
    <answer fraction="0" format="html">
      <text><![CDATA[<p dir="ltr" style="text-align: left;">O(n<sup>3</sup>)<br></p>]]></text>
      <feedback format="html">
        <text></text>
      </feedback>
    </answer>
    <answer fraction="0" format="html">
      <text><![CDATA[<p dir="ltr" style="text-align: left;">O(n*log(n))<br></p>]]></text>
      <feedback format="html">
        <text></text>
      </feedback>
    </answer>
    <answer fraction="0" format="html">
      <text><![CDATA[<p dir="ltr" style="text-align: left;">O(n)<br></p><p dir="ltr" style="text-align: left;">O(log(n))<br></p>]]></text>
      <feedback format="html">
        <text></text>
      </feedback>
    </answer>
    <tags>
      <tag><text>algoritmus</text>
</tag>
      <tag><text>časová složitost</text>
</tag>
      <tag><text>vyhledávání</text>
</tag>
      <tag><text>setříděná</text>
</tag>
    </tags>
  </question>

<!-- question: 11808  -->
  <question type="multichoice">
    <name>
      <text>Kde lze použít půlení intervalu</text>
    </name>
    <questiontext format="html">
      <text><![CDATA[<p dir="ltr" style="text-align: left;">V jakém případně můžeme použít k vyhledávání metodu půlení intervalu<br></p>]]></text>
    </questiontext>
    <generalfeedback format="html">
      <text></text>
    </generalfeedback>
    <defaultgrade>2.0000000</defaultgrade>
    <penalty>0.5000000</penalty>
    <hidden>0</hidden>
    <idnumber></idnumber>
    <single>true</single>
    <shuffleanswers>true</shuffleanswers>
    <answernumbering>abc</answernumbering>
    <showstandardinstruction>0</showstandardinstruction>
    <correctfeedback format="html">
      <text>Vaše odpověď je správná.</text>
    </correctfeedback>
    <partiallycorrectfeedback format="html">
      <text>Vaše odpověď je částečně správná.</text>
    </partiallycorrectfeedback>
    <incorrectfeedback format="html">
      <text>Vaše odpověď je chybná.</text>
    </incorrectfeedback>
    <shownumcorrect/>
    <answer fraction="100" format="html">
      <text><![CDATA[<p dir="ltr" style="text-align: left;">u setříděné posloupnosti<br></p>]]></text>
      <feedback format="html">
        <text></text>
      </feedback>
    </answer>
    <answer fraction="0" format="html">
      <text><![CDATA[<p dir="ltr" style="text-align: left;">u nesetříděné posloupnosti<br></p>]]></text>
      <feedback format="html">
        <text></text>
      </feedback>
    </answer>
    <answer fraction="0" format="html">
      <text><![CDATA[<p dir="ltr" style="text-align: left;">u libovolné posloupnosti<br></p>]]></text>
      <feedback format="html">
        <text></text>
      </feedback>
    </answer>
    <answer fraction="0" format="html">
      <text><![CDATA[<p dir="ltr" style="text-align: left;">ve fotbalu, protože se hraje na dvě poloviny<br></p>]]></text>
      <feedback format="html">
        <text></text>
      </feedback>
    </answer>
    <tags>
      <tag><text>algoritmus</text>
</tag>
      <tag><text>vyhledávání</text>
</tag>
      <tag><text>půlení intervalu</text>
</tag>
      <tag><text>setříděná</text>
</tag>
    </tags>
  </question>

<!-- question: 11814  -->
  <question type="multichoice">
    <name>
      <text>Obyčejné vyhledávání v setříděné</text>
    </name>
    <questiontext format="html">
      <text><![CDATA[<p dir="ltr" style="text-align: left;">Pokud máme algoritmus, který správně vyhledává v nesetříděné posloupnosti, bude tento algoritmus správně vyhledávat i v setříděné posloupnosti?<br></p>]]></text>
    </questiontext>
    <generalfeedback format="html">
      <text></text>
    </generalfeedback>
    <defaultgrade>2.0000000</defaultgrade>
    <penalty>0.5000000</penalty>
    <hidden>0</hidden>
    <idnumber></idnumber>
    <single>true</single>
    <shuffleanswers>true</shuffleanswers>
    <answernumbering>abc</answernumbering>
    <showstandardinstruction>0</showstandardinstruction>
    <correctfeedback format="html">
      <text>Vaše odpověď je správná.</text>
    </correctfeedback>
    <partiallycorrectfeedback format="html">
      <text>Vaše odpověď je částečně správná.</text>
    </partiallycorrectfeedback>
    <incorrectfeedback format="html">
      <text>Vaše odpověď je chybná.</text>
    </incorrectfeedback>
    <shownumcorrect/>
    <answer fraction="100" format="html">
      <text><![CDATA[<p dir="ltr" style="text-align: left;">Ano, a stejně rychle jako v nesetříděné<br></p>]]></text>
      <feedback format="html">
        <text></text>
      </feedback>
    </answer>
    <answer fraction="0" format="html">
      <text><![CDATA[<p dir="ltr" style="text-align: left;">Ano, ale pomaleji než v nesetříděné<br></p>]]></text>
      <feedback format="html">
        <text></text>
      </feedback>
    </answer>
    <answer fraction="0" format="html">
      <text><![CDATA[<p dir="ltr" style="text-align: left;">Ano, a rychleji než v nesetříděné<br></p>]]></text>
      <feedback format="html">
        <text></text>
      </feedback>
    </answer>
    <answer fraction="0" format="html">
      <text><![CDATA[<p dir="ltr" style="text-align: left;">Ne, musíme použít jiný typ algoritmu<br></p>]]></text>
      <feedback format="html">
        <text></text>
      </feedback>
    </answer>
    <tags>
      <tag><text>vyhledávání</text>
</tag>
      <tag><text>algoritmus</text>
</tag>
      <tag><text>nesetříděná</text>
</tag>
      <tag><text>setříděná</text>
</tag>
    </tags>
  </question>

<!-- question: 11810  -->
  <question type="numerical">
    <name>
      <text>Počet kroků nesetříděná</text>
    </name>
    <questiontext format="html">
      <text><![CDATA[<p dir="ltr" style="text-align: left;">Mějme setříděnou posloupnost o 15 prvcích (například 15 čísel seřazených podle velikosti: 144, 130, 95, 84, 70, ...).<br>V této posloupnosti chceme najít jedno konkrétní číslo.<br>Kolik kroků nám takové vyhledání může trvat v nejhorším případě?</p><p dir="ltr" style="text-align: left;">Pozn.: Krok bereme jako porovnání (zda už je to ono, nebo ne) našeho hledaného čísla s číslem z posloupnosti, na které zrovna "koukáme".</p><p dir="ltr" style="text-align: left;">Pozn.: Poslední testované číslo z posloupnosti chceme s naším porovnat také - naše hledané číslo by v posloupnosti nemuselo vůbec být.<br></p>]]></text>
    </questiontext>
    <generalfeedback format="html">
      <text></text>
    </generalfeedback>
    <defaultgrade>2.0000000</defaultgrade>
    <penalty>0.2500000</penalty>
    <hidden>0</hidden>
    <idnumber></idnumber>
    <answer fraction="100" format="moodle_auto_format">
      <text>15</text>
      <feedback format="html">
        <text></text>
      </feedback>
      <tolerance>0</tolerance>
    </answer>
    <unitgradingtype>0</unitgradingtype>
    <unitpenalty>0.1000000</unitpenalty>
    <showunits>3</showunits>
    <unitsleft>0</unitsleft>
    <tags>
      <tag><text>vyhledávání</text>
</tag>
      <tag><text>algoritmus</text>
</tag>
      <tag><text>nesetříděná</text>
</tag>
    </tags>
  </question>

<!-- question: 11809  -->
  <question type="numerical">
    <name>
      <text>Počet kroků setříděná</text>
    </name>
    <questiontext format="html">
      <text><![CDATA[<p dir="ltr" style="text-align: left;">Mějme setříděnou posloupnost o 15 prvcích (například 15 čísel seřazených podle velikosti: 144, 130, 95, 84, 70, ...).<br>V této posloupnosti chceme najít jedno konkrétní číslo.<br>Kolik kroků nám takové vyhledání může trvat v nejhorším případě?</p><p dir="ltr" style="text-align: left;">Pozn.: Krok bereme jako porovnání (zda už je to ono, nebo ne) našeho hledaného čísla s číslem z posloupnosti, na které zrovna "koukáme".</p><p dir="ltr" style="text-align: left;">Pozn.: Poslední testované číslo z posloupnosti chceme s naším porovnat také - naše hledané číslo by v posloupnosti nemuselo vůbec být.<br></p>]]></text>
    </questiontext>
    <generalfeedback format="html">
      <text></text>
    </generalfeedback>
    <defaultgrade>2.0000000</defaultgrade>
    <penalty>0.2500000</penalty>
    <hidden>0</hidden>
    <idnumber></idnumber>
    <answer fraction="100" format="moodle_auto_format">
      <text>4</text>
      <feedback format="html">
        <text></text>
      </feedback>
      <tolerance>0</tolerance>
    </answer>
    <unitgradingtype>0</unitgradingtype>
    <unitpenalty>0.1000000</unitpenalty>
    <showunits>3</showunits>
    <unitsleft>0</unitsleft>
    <tags>
      <tag><text>vyhledávání</text>
</tag>
      <tag><text>algoritmus</text>
</tag>
      <tag><text>setříděná</text>
</tag>
    </tags>
  </question>

<!-- question: 11813  -->
  <question type="truefalse">
    <name>
      <text>Každá posloupnost setříděná?</text>
    </name>
    <questiontext format="html">
      <text><![CDATA[<p dir="ltr" style="text-align: left;">V počítači je každá posloupnost automaticky setříděná.<br></p>]]></text>
    </questiontext>
    <generalfeedback format="html">
      <text></text>
    </generalfeedback>
    <defaultgrade>1.0000000</defaultgrade>
    <penalty>1.0000000</penalty>
    <hidden>0</hidden>
    <idnumber></idnumber>
    <answer fraction="0" format="moodle_auto_format">
      <text>true</text>
      <feedback format="html">
        <text></text>
      </feedback>
    </answer>
    <answer fraction="100" format="moodle_auto_format">
      <text>false</text>
      <feedback format="html">
        <text></text>
      </feedback>
    </answer>
    <tags>
      <tag><text>vyhledávání</text>
</tag>
      <tag><text>algoritmus</text>
</tag>
      <tag><text>nesetříděná</text>
</tag>
      <tag><text>setříděná</text>
</tag>
    </tags>
  </question>

<!-- question: 11812  -->
  <question type="truefalse">
    <name>
      <text>Náročnost vyhledávání</text>
    </name>
    <questiontext format="html">
      <text><![CDATA[<p dir="ltr" style="text-align: left;">Vyhledávání v setříděné posloupnosti je časově náročnější, než v nesetříděné.<br></p>]]></text>
    </questiontext>
    <generalfeedback format="html">
      <text></text>
    </generalfeedback>
    <defaultgrade>1.0000000</defaultgrade>
    <penalty>1.0000000</penalty>
    <hidden>0</hidden>
    <idnumber></idnumber>
    <answer fraction="0" format="moodle_auto_format">
      <text>true</text>
      <feedback format="html">
        <text></text>
      </feedback>
    </answer>
    <answer fraction="100" format="moodle_auto_format">
      <text>false</text>
      <feedback format="html">
        <text></text>
      </feedback>
    </answer>
    <tags>
      <tag><text>algoritmus</text>
</tag>
      <tag><text>nesetříděná</text>
</tag>
      <tag><text>setříděná</text>
</tag>
    </tags>
  </question>

<!-- question: 11811  -->
  <question type="truefalse">
    <name>
      <text>Uložení setříděné do paměti</text>
    </name>
    <questiontext format="html">
      <text><![CDATA[<p dir="ltr" style="text-align: left;">Setříděná posloupnost zabírá v paměti více místa, než nesetříděná.<br></p>]]></text>
    </questiontext>
    <generalfeedback format="html">
      <text></text>
    </generalfeedback>
    <defaultgrade>1.0000000</defaultgrade>
    <penalty>1.0000000</penalty>
    <hidden>0</hidden>
    <idnumber></idnumber>
    <answer fraction="0" format="moodle_auto_format">
      <text>true</text>
      <feedback format="html">
        <text></text>
      </feedback>
    </answer>
    <answer fraction="100" format="moodle_auto_format">
      <text>false</text>
      <feedback format="html">
        <text></text>
      </feedback>
    </answer>
    <tags>
      <tag><text>algoritmus</text>
</tag>
      <tag><text>setříděná</text>
</tag>
    </tags>
  </question>

<!-- question: 11805  -->
  <question type="truefalse">
    <name>
      <text>Vstup jen jeden prvek</text>
    </name>
    <questiontext format="html">
      <text><![CDATA[<p dir="ltr" style="text-align: left;">Vyhledávat metodou půlení intervalu můžeme i pouze v jednom prvku.<br></p>]]></text>
    </questiontext>
    <generalfeedback format="html">
      <text></text>
    </generalfeedback>
    <defaultgrade>1.0000000</defaultgrade>
    <penalty>1.0000000</penalty>
    <hidden>0</hidden>
    <idnumber></idnumber>
    <answer fraction="100" format="moodle_auto_format">
      <text>true</text>
      <feedback format="html">
        <text></text>
      </feedback>
    </answer>
    <answer fraction="0" format="moodle_auto_format">
      <text>false</text>
      <feedback format="html">
        <text></text>
      </feedback>
    </answer>
    <tags>
      <tag><text>algoritmus</text>
</tag>
      <tag><text>vyhledávání</text>
</tag>
      <tag><text>půlení intervalu</text>
</tag>
    </tags>
  </question>

<!-- question: 0  -->
  <question type="category">
    <category>
      <text>$course$/top/JaroslavHoleček/Algoritmizace/Quick sort</text>
    </category>
    <info format="html">
      <text></text>
    </info>
    <idnumber></idnumber>
  </question>

<!-- question: 11815  -->
  <question type="matching">
    <name>
      <text>Seřaď kroky I</text>
    </name>
    <questiontext format="html">
      <text><![CDATA[<p dir="ltr" style="text-align: left;">Mějme funkci, která realizuje Quick sort a navíc po každém zpracování všech čísel zobrazí jejich aktuální pořadí.<br>Označte, jak budou seřazeny výpisy programu.</p><p dir="ltr" style="text-align: left;">Funkci voláme na vstup [5 4 7 6 2 1 3], řadíme sestupně a jako pivot bereme vždy první číslo mezi právě zpracovávanými.</p><p dir="ltr" style="text-align: left;">Pozn.: znaky - - je vždy označen aktuální pivot (např.: -5- značí, že pivot je 5)<br>Pozn2.: v hranatých závorkách jsou zapsaná ještě nezpracovaná (právě zpracovávaná) čísla - tedy na začátku všechny, na konci žádné<br></p>]]></text>
    </questiontext>
    <generalfeedback format="html">
      <text></text>
    </generalfeedback>
    <defaultgrade>3.0000000</defaultgrade>
    <penalty>0.5000000</penalty>
    <hidden>0</hidden>
    <idnumber></idnumber>
    <shuffleanswers>false</shuffleanswers>
    <correctfeedback format="html">
      <text>Vaše odpověď je správná.</text>
    </correctfeedback>
    <partiallycorrectfeedback format="html">
      <text>Vaše odpověď je částečně správná.</text>
    </partiallycorrectfeedback>
    <incorrectfeedback format="html">
      <text>Vaše odpověď je chybná.</text>
    </incorrectfeedback>
    <shownumcorrect/>
    <subquestion format="html">
      <text><![CDATA[<p dir="ltr" style="text-align: left;">1<br></p>]]></text>
      <answer>
        <text>[4 2 1 3 -5- 7 6]</text>
      </answer>
    </subquestion>
    <subquestion format="html">
      <text><![CDATA[<p dir="ltr" style="text-align: left;">2<br></p>]]></text>
      <answer>
        <text>[2 1 3 -4-] 5 [6 -7-]</text>
      </answer>
    </subquestion>
    <subquestion format="html">
      <text><![CDATA[<p dir="ltr" style="text-align: left;">3<br></p>]]></text>
      <answer>
        <text>[1 -2- 3] 4 5 [6] 7</text>
      </answer>
    </subquestion>
    <subquestion format="html">
      <text><![CDATA[<p dir="ltr" style="text-align: left;">4<br></p>]]></text>
      <answer>
        <text>[1] 2 [3] 4 5 6 7</text>
      </answer>
    </subquestion>
    <subquestion format="html">
      <text><![CDATA[<p dir="ltr" style="text-align: left;">5<br></p>]]></text>
      <answer>
        <text>1 2 3 4 5 6 7</text>
      </answer>
    </subquestion>
    <tags>
      <tag><text>algoritmus</text>
</tag>
      <tag><text>sort</text>
</tag>
      <tag><text>quick</text>
</tag>
    </tags>
  </question>

<!-- question: 11816  -->
  <question type="multichoice">
    <name>
      <text>Časová složitost Quick sort</text>
    </name>
    <questiontext format="html">
      <text><![CDATA[<p dir="ltr" style="text-align: left;">Jaká je časová složitost Quick sort?<br></p>]]></text>
    </questiontext>
    <generalfeedback format="html">
      <text></text>
    </generalfeedback>
    <defaultgrade>2.0000000</defaultgrade>
    <penalty>0.5000000</penalty>
    <hidden>0</hidden>
    <idnumber></idnumber>
    <single>true</single>
    <shuffleanswers>true</shuffleanswers>
    <answernumbering>abc</answernumbering>
    <showstandardinstruction>0</showstandardinstruction>
    <correctfeedback format="html">
      <text>Vaše odpověď je správná.</text>
    </correctfeedback>
    <partiallycorrectfeedback format="html">
      <text>Vaše odpověď je částečně správná.</text>
    </partiallycorrectfeedback>
    <incorrectfeedback format="html">
      <text>Vaše odpověď je chybná.</text>
    </incorrectfeedback>
    <shownumcorrect/>
    <answer fraction="100" format="html">
      <text><![CDATA[<p dir="ltr" style="text-align: left;">O(n*log(n))<br></p>]]></text>
      <feedback format="html">
        <text></text>
      </feedback>
    </answer>
    <answer fraction="0" format="html">
      <text><![CDATA[<p dir="ltr" style="text-align: left;">O(n)<br></p>]]></text>
      <feedback format="html">
        <text></text>
      </feedback>
    </answer>
    <answer fraction="0" format="html">
      <text><![CDATA[<p dir="ltr" style="text-align: left;">O(n<sup>3</sup>)<br></p>]]></text>
      <feedback format="html">
        <text></text>
      </feedback>
    </answer>
    <answer fraction="0" format="html">
      <text><![CDATA[<p dir="ltr" style="text-align: left;">O(n<sup>2</sup>)<br></p>]]></text>
      <feedback format="html">
        <text></text>
      </feedback>
    </answer>
    <answer fraction="0" format="html">
      <text><![CDATA[<p dir="ltr" style="text-align: left;">O(log(n))<br></p>]]></text>
      <feedback format="html">
        <text></text>
      </feedback>
    </answer>
    <tags>
      <tag><text>algoritmus</text>
</tag>
      <tag><text>časová složitost</text>
</tag>
      <tag><text>sort</text>
</tag>
      <tag><text>quick</text>
</tag>
    </tags>
  </question>

<!-- question: 11817  -->
  <question type="multichoice">
    <name>
      <text>Co je Quick sort</text>
    </name>
    <questiontext format="html">
      <text><![CDATA[<p dir="ltr" style="text-align: left;">Co je to Quick sort?<br></p>]]></text>
    </questiontext>
    <generalfeedback format="html">
      <text></text>
    </generalfeedback>
    <defaultgrade>2.0000000</defaultgrade>
    <penalty>0.5000000</penalty>
    <hidden>0</hidden>
    <idnumber></idnumber>
    <single>true</single>
    <shuffleanswers>true</shuffleanswers>
    <answernumbering>abc</answernumbering>
    <showstandardinstruction>0</showstandardinstruction>
    <correctfeedback format="html">
      <text>Vaše odpověď je správná.</text>
    </correctfeedback>
    <partiallycorrectfeedback format="html">
      <text>Vaše odpověď je částečně správná.</text>
    </partiallycorrectfeedback>
    <incorrectfeedback format="html">
      <text>Vaše odpověď je chybná.</text>
    </incorrectfeedback>
    <shownumcorrect/>
    <answer fraction="100" format="html">
      <text><![CDATA[<p dir="ltr" style="text-align: left;">Třídící (řadící) algoritmus<br></p>]]></text>
      <feedback format="html">
        <text></text>
      </feedback>
    </answer>
    <answer fraction="0" format="html">
      <text><![CDATA[<p dir="ltr" style="text-align: left;">Rychlá pohádková postava<br></p>]]></text>
      <feedback format="html">
        <text></text>
      </feedback>
    </answer>
    <answer fraction="0" format="html">
      <text><![CDATA[<p dir="ltr" style="text-align: left;">Algoritmus pro vyhledávání<br></p>]]></text>
      <feedback format="html">
        <text></text>
      </feedback>
    </answer>
    <answer fraction="0" format="html">
      <text><![CDATA[<p dir="ltr" style="text-align: left;">Hra<br></p>]]></text>
      <feedback format="html">
        <text></text>
      </feedback>
    </answer>
    <tags>
      <tag><text>algoritmus</text>
</tag>
      <tag><text>sort</text>
</tag>
      <tag><text>quick</text>
</tag>
    </tags>
  </question>

<!-- question: 11821  -->
  <question type="multichoice">
    <name>
      <text>Co je to pivot</text>
    </name>
    <questiontext format="html">
      <text><![CDATA[<p dir="ltr" style="text-align: left;">Co je to v Quick sortu pivot?<br></p>]]></text>
    </questiontext>
    <generalfeedback format="html">
      <text></text>
    </generalfeedback>
    <defaultgrade>2.0000000</defaultgrade>
    <penalty>0.5000000</penalty>
    <hidden>0</hidden>
    <idnumber></idnumber>
    <single>true</single>
    <shuffleanswers>true</shuffleanswers>
    <answernumbering>abc</answernumbering>
    <showstandardinstruction>0</showstandardinstruction>
    <correctfeedback format="html">
      <text>Vaše odpověď je správná.</text>
    </correctfeedback>
    <partiallycorrectfeedback format="html">
      <text>Vaše odpověď je částečně správná.</text>
    </partiallycorrectfeedback>
    <incorrectfeedback format="html">
      <text>Vaše odpověď je chybná.</text>
    </incorrectfeedback>
    <shownumcorrect/>
    <answer fraction="100" format="html">
      <text><![CDATA[<p dir="ltr" style="text-align: left;">Vybraný prvek, se kterým porovnáváme další prvky a třídíme je tak na dvě "hromádky"<br></p>]]></text>
      <feedback format="html">
        <text></text>
      </feedback>
    </answer>
    <answer fraction="0" format="html">
      <text><![CDATA[<p dir="ltr" style="text-align: left;">Vybraný prvek, se kterým porovnáváme další prvky a rozhodujeme tak, zda je potřeba je seřadit nebo ne<br></p>]]></text>
      <feedback format="html">
        <text></text>
      </feedback>
    </answer>
    <answer fraction="0" format="html">
      <text><![CDATA[<p dir="ltr" style="text-align: left;">Největší ze všech prvků<br></p>]]></text>
      <feedback format="html">
        <text></text>
      </feedback>
    </answer>
    <answer fraction="0" format="html">
      <text><![CDATA[<p dir="ltr" style="text-align: left;">Nejmenší ze všech prvků<br></p>]]></text>
      <feedback format="html">
        <text></text>
      </feedback>
    </answer>
    <tags>
      <tag><text>algoritmus</text>
</tag>
      <tag><text>sort</text>
</tag>
      <tag><text>quick</text>
</tag>
      <tag><text>pivot</text>
</tag>
    </tags>
  </question>

<!-- question: 11818  -->
  <question type="multichoice">
    <name>
      <text>Která čísla Quick sort porovnává</text>
    </name>
    <questiontext format="html">
      <text><![CDATA[<p dir="ltr" style="text-align: left;">Pro správné zařazení jednoho čísla porovnává Quick sort toto číslo:<br></p>]]></text>
    </questiontext>
    <generalfeedback format="html">
      <text></text>
    </generalfeedback>
    <defaultgrade>2.0000000</defaultgrade>
    <penalty>0.5000000</penalty>
    <hidden>0</hidden>
    <idnumber></idnumber>
    <single>true</single>
    <shuffleanswers>true</shuffleanswers>
    <answernumbering>abc</answernumbering>
    <showstandardinstruction>0</showstandardinstruction>
    <correctfeedback format="html">
      <text>Vaše odpověď je správná.</text>
    </correctfeedback>
    <partiallycorrectfeedback format="html">
      <text>Vaše odpověď je částečně správná.</text>
    </partiallycorrectfeedback>
    <incorrectfeedback format="html">
      <text>Vaše odpověď je chybná.</text>
    </incorrectfeedback>
    <shownumcorrect/>
    <answer fraction="100" format="html">
      <text><![CDATA[<p dir="ltr" style="text-align: left;">S přibližně polovinou čísel z předešlého korku.<br></p>]]></text>
      <feedback format="html">
        <text></text>
      </feedback>
    </answer>
    <answer fraction="0" format="html">
      <text><![CDATA[<p dir="ltr" style="text-align: left;">Se všemi doposud neseřazenými čísly<br></p>]]></text>
      <feedback format="html">
        <text></text>
      </feedback>
    </answer>
    <answer fraction="0" format="html">
      <text><![CDATA[Nemusí ho nijak hledat<br>]]></text>
      <feedback format="html">
        <text></text>
      </feedback>
    </answer>
    <answer fraction="0" format="html">
      <text><![CDATA[<p dir="ltr" style="text-align: left;">Se všemi již seřazenými čísly<br></p>]]></text>
      <feedback format="html">
        <text></text>
      </feedback>
    </answer>
    <tags>
      <tag><text>algoritmus</text>
</tag>
      <tag><text>sort</text>
</tag>
      <tag><text>quick</text>
</tag>
    </tags>
  </question>

<!-- question: 11819  -->
  <question type="multichoice">
    <name>
      <text>Vstup Quick sort</text>
    </name>
    <questiontext format="html">
      <text><![CDATA[<p dir="ltr" style="text-align: left;">Co je vstupem Quick sortu?<br></p>]]></text>
    </questiontext>
    <generalfeedback format="html">
      <text></text>
    </generalfeedback>
    <defaultgrade>2.0000000</defaultgrade>
    <penalty>0.5000000</penalty>
    <hidden>0</hidden>
    <idnumber></idnumber>
    <single>true</single>
    <shuffleanswers>true</shuffleanswers>
    <answernumbering>abc</answernumbering>
    <showstandardinstruction>0</showstandardinstruction>
    <correctfeedback format="html">
      <text>Vaše odpověď je správná.</text>
    </correctfeedback>
    <partiallycorrectfeedback format="html">
      <text>Vaše odpověď je částečně správná.</text>
    </partiallycorrectfeedback>
    <incorrectfeedback format="html">
      <text>Vaše odpověď je chybná.</text>
    </incorrectfeedback>
    <shownumcorrect/>
    <answer fraction="100" format="html">
      <text><![CDATA[<p dir="ltr" style="text-align: left;">Řada libovolných prvků, u kterých lze určit, který je menší a který větší<br></p>]]></text>
      <feedback format="html">
        <text></text>
      </feedback>
    </answer>
    <answer fraction="0" format="html">
      <text><![CDATA[<p dir="ltr" style="text-align: left;">Pouze řada čísel (celá i desetinná čísla)<br></p>]]></text>
      <feedback format="html">
        <text></text>
      </feedback>
    </answer>
    <answer fraction="0" format="html">
      <text><![CDATA[<p dir="ltr" style="text-align: left;">Pouze řada čísel (pouze celá čísla)<br></p>]]></text>
      <feedback format="html">
        <text></text>
      </feedback>
    </answer>
    <answer fraction="0" format="html">
      <text><![CDATA[<p dir="ltr" style="text-align: left;">Pouze řada čísel (pouze desetinná čísla)<br></p>]]></text>
      <feedback format="html">
        <text></text>
      </feedback>
    </answer>
    <answer fraction="0" format="html">
      <text><![CDATA[<p dir="ltr" style="text-align: left;">Pouze řada nápisů<br></p>]]></text>
      <feedback format="html">
        <text></text>
      </feedback>
    </answer>
    <answer fraction="0" format="html">
      <text><![CDATA[<p dir="ltr" style="text-align: left;">Jeden dlouhý nápis - string<br></p>]]></text>
      <feedback format="html">
        <text></text>
      </feedback>
    </answer>
    <tags>
      <tag><text>algoritmus</text>
</tag>
      <tag><text>sort</text>
</tag>
      <tag><text>quick</text>
</tag>
    </tags>
  </question>

<!-- question: 11820  -->
  <question type="multichoice">
    <name>
      <text>Výstuple Quick sort</text>
    </name>
    <questiontext format="html">
      <text><![CDATA[<p dir="ltr" style="text-align: left;">Co je výstupem (výsledkem) Quick sortu?<br></p>]]></text>
    </questiontext>
    <generalfeedback format="html">
      <text></text>
    </generalfeedback>
    <defaultgrade>2.0000000</defaultgrade>
    <penalty>0.5000000</penalty>
    <hidden>0</hidden>
    <idnumber></idnumber>
    <single>true</single>
    <shuffleanswers>true</shuffleanswers>
    <answernumbering>abc</answernumbering>
    <showstandardinstruction>0</showstandardinstruction>
    <correctfeedback format="html">
      <text>Vaše odpověď je správná.</text>
    </correctfeedback>
    <partiallycorrectfeedback format="html">
      <text>Vaše odpověď je částečně správná.</text>
    </partiallycorrectfeedback>
    <incorrectfeedback format="html">
      <text>Vaše odpověď je chybná.</text>
    </incorrectfeedback>
    <shownumcorrect/>
    <answer fraction="100" format="html">
      <text><![CDATA[<p dir="ltr" style="text-align: left;">Vstupní prvky seřazené podle velikosti<br></p>]]></text>
      <feedback format="html">
        <text></text>
      </feedback>
    </answer>
    <answer fraction="0" format="html">
      <text><![CDATA[<p dir="ltr" style="text-align: left;">Náhodně seřazené vstupní prvky<br></p>]]></text>
      <feedback format="html">
        <text></text>
      </feedback>
    </answer>
    <answer fraction="0" format="html">
      <text><![CDATA[<p dir="ltr" style="text-align: left;">Polovina vstupních prvků (ty větší)<br></p>]]></text>
      <feedback format="html">
        <text></text>
      </feedback>
    </answer>
    <answer fraction="0" format="html">
      <text><![CDATA[<p dir="ltr" style="text-align: left;">Největší ze vstupních prvků<br></p>]]></text>
      <feedback format="html">
        <text></text>
      </feedback>
    </answer>
    <answer fraction="0" format="html">
      <text><![CDATA[<p dir="ltr" style="text-align: left;">Nejmenší ze vstupních prvků<br></p>]]></text>
      <feedback format="html">
        <text></text>
      </feedback>
    </answer>
    <tags>
      <tag><text>algoritmus</text>
</tag>
      <tag><text>sort</text>
</tag>
      <tag><text>quick</text>
</tag>
    </tags>
  </question>

<!-- question: 11823  -->
  <question type="numerical">
    <name>
      <text>Průběh řazení - počet pivotů</text>
    </name>
    <questiontext format="html">
      <text><![CDATA[<p dir="ltr" style="text-align: left;">Mějme posloupnost o 15 číslech, kterou chceme seřadit pomocí Quick sort.<br></p><p dir="ltr" style="text-align: left;">Kolik budeme za celou dobu (v ideálním případě) vybírat pivotů?</p><p dir="ltr" style="text-align: left;">Pozn.: Pokud máme "na hromádce" pouze jedno číslo, tak ho již jako pivota nepočítáme - v tu chvíli máme již tuto "hromádku" hotovou a nemusíme dělat nic.<br></p>]]></text>
    </questiontext>
    <generalfeedback format="html">
      <text></text>
    </generalfeedback>
    <defaultgrade>2.0000000</defaultgrade>
    <penalty>0.3333333</penalty>
    <hidden>0</hidden>
    <idnumber></idnumber>
    <answer fraction="100" format="moodle_auto_format">
      <text>7</text>
      <feedback format="html">
        <text></text>
      </feedback>
      <tolerance>0</tolerance>
    </answer>
    <unitgradingtype>0</unitgradingtype>
    <unitpenalty>0.1000000</unitpenalty>
    <showunits>3</showunits>
    <unitsleft>0</unitsleft>
    <tags>
      <tag><text>algoritmus</text>
</tag>
      <tag><text>sort</text>
</tag>
      <tag><text>quick</text>
</tag>
      <tag><text>pivot</text>
</tag>
    </tags>
  </question>

<!-- question: 11822  -->
  <question type="truefalse">
    <name>
      <text>Kontrola již seřazených čísel</text>
    </name>
    <questiontext format="html">
      <text><![CDATA[<p dir="ltr" style="text-align: left;">V Quick sortu se procházejí i již správně seřazená čísla.<br></p>]]></text>
    </questiontext>
    <generalfeedback format="html">
      <text></text>
    </generalfeedback>
    <defaultgrade>1.0000000</defaultgrade>
    <penalty>1.0000000</penalty>
    <hidden>0</hidden>
    <idnumber></idnumber>
    <answer fraction="0" format="moodle_auto_format">
      <text>true</text>
      <feedback format="html">
        <text></text>
      </feedback>
    </answer>
    <answer fraction="100" format="moodle_auto_format">
      <text>false</text>
      <feedback format="html">
        <text></text>
      </feedback>
    </answer>
    <tags>
      <tag><text>algoritmus</text>
</tag>
      <tag><text>sort</text>
</tag>
      <tag><text>quick</text>
</tag>
    </tags>
  </question>

<!-- question: 11824  -->
  <question type="truefalse">
    <name>
      <text>Vstup jen jeden prvek</text>
    </name>
    <questiontext format="html">
      <text><![CDATA[<p dir="ltr" style="text-align: left;">Do Quick sort může být vstupem pouze jeden prvek.<br></p>]]></text>
    </questiontext>
    <generalfeedback format="html">
      <text></text>
    </generalfeedback>
    <defaultgrade>1.0000000</defaultgrade>
    <penalty>1.0000000</penalty>
    <hidden>0</hidden>
    <idnumber></idnumber>
    <answer fraction="100" format="moodle_auto_format">
      <text>true</text>
      <feedback format="html">
        <text></text>
      </feedback>
    </answer>
    <answer fraction="0" format="moodle_auto_format">
      <text>false</text>
      <feedback format="html">
        <text></text>
      </feedback>
    </answer>
    <tags>
      <tag><text>algoritmus</text>
</tag>
      <tag><text>sort</text>
</tag>
      <tag><text>quick</text>
</tag>
    </tags>
  </question>

<!-- question: 0  -->
  <question type="category">
    <category>
      <text>$course$/top/JaroslavHoleček/Algoritmizace/Merge sort</text>
    </category>
    <info format="html">
      <text></text>
    </info>
    <idnumber></idnumber>
  </question>

<!-- question: 11825  -->
  <question type="matching">
    <name>
      <text>Seřaď kroky I</text>
    </name>
    <questiontext format="html">
      <text><![CDATA[<p dir="ltr" style="text-align: left;">Mějme funkci, která realizuje Merge sort a navíc po každém zpracování všech čísel zobrazí jejich aktuální pořadí.<br>Označte, jak budou seřazeny výpisy programu.</p><p dir="ltr" style="text-align: left;">Funkci voláme na vstup [5 4 7 6 2 1 3 8] a řadíme sestupně.</p><p dir="ltr" style="text-align: left;">Pozn.: v hranatých závorkách jsou zapsaná ještě nezpracovaná (právě zpracovávaná) čísla - tedy na začátku všechny, na konci žádné<br></p>]]></text>
    </questiontext>
    <generalfeedback format="html">
      <text></text>
    </generalfeedback>
    <defaultgrade>3.0000000</defaultgrade>
    <penalty>0.5000000</penalty>
    <hidden>0</hidden>
    <idnumber></idnumber>
    <shuffleanswers>false</shuffleanswers>
    <correctfeedback format="html">
      <text>Vaše odpověď je správná.</text>
    </correctfeedback>
    <partiallycorrectfeedback format="html">
      <text>Vaše odpověď je částečně správná.</text>
    </partiallycorrectfeedback>
    <incorrectfeedback format="html">
      <text>Vaše odpověď je chybná.</text>
    </incorrectfeedback>
    <shownumcorrect/>
    <subquestion format="html">
      <text><![CDATA[<p dir="ltr" style="text-align: left;">1<br></p>]]></text>
      <answer>
        <text>[5 4 7 6] [2 1 3 8]</text>
      </answer>
    </subquestion>
    <subquestion format="html">
      <text><![CDATA[<p dir="ltr" style="text-align: left;">2<br></p>]]></text>
      <answer>
        <text>[5 4] [7 6] [2 1] [3 8]</text>
      </answer>
    </subquestion>
    <subquestion format="html">
      <text><![CDATA[<p dir="ltr" style="text-align: left;">3<br></p>]]></text>
      <answer>
        <text>[5 4] [7 6] [2 1] [8 3]</text>
      </answer>
    </subquestion>
    <subquestion format="html">
      <text><![CDATA[<p dir="ltr" style="text-align: left;">4<br></p>]]></text>
      <answer>
        <text>[7 6 5 4] [8 3 2 1]</text>
      </answer>
    </subquestion>
    <subquestion format="html">
      <text><![CDATA[<p dir="ltr" style="text-align: left;">5<br></p>]]></text>
      <answer>
        <text>8 7 6 5 4 3 2 1</text>
      </answer>
    </subquestion>
    <tags>
      <tag><text>algoritmus</text>
</tag>
      <tag><text>sort</text>
</tag>
      <tag><text>merge</text>
</tag>
    </tags>
  </question>

<!-- question: 11826  -->
  <question type="multichoice">
    <name>
      <text>Časová složitost Merge sort</text>
    </name>
    <questiontext format="html">
      <text><![CDATA[<p dir="ltr" style="text-align: left;">Jaká je časová složitost Merge sort?<br></p>]]></text>
    </questiontext>
    <generalfeedback format="html">
      <text></text>
    </generalfeedback>
    <defaultgrade>2.0000000</defaultgrade>
    <penalty>0.5000000</penalty>
    <hidden>0</hidden>
    <idnumber></idnumber>
    <single>true</single>
    <shuffleanswers>true</shuffleanswers>
    <answernumbering>abc</answernumbering>
    <showstandardinstruction>0</showstandardinstruction>
    <correctfeedback format="html">
      <text>Vaše odpověď je správná.</text>
    </correctfeedback>
    <partiallycorrectfeedback format="html">
      <text>Vaše odpověď je částečně správná.</text>
    </partiallycorrectfeedback>
    <incorrectfeedback format="html">
      <text>Vaše odpověď je chybná.</text>
    </incorrectfeedback>
    <shownumcorrect/>
    <answer fraction="100" format="html">
      <text><![CDATA[<p dir="ltr" style="text-align: left;">O(n*log(n))<br></p>]]></text>
      <feedback format="html">
        <text></text>
      </feedback>
    </answer>
    <answer fraction="0" format="html">
      <text><![CDATA[<p dir="ltr" style="text-align: left;">O(n)<br></p>]]></text>
      <feedback format="html">
        <text></text>
      </feedback>
    </answer>
    <answer fraction="0" format="html">
      <text><![CDATA[<p dir="ltr" style="text-align: left;">O(n<sup>3</sup>)<br></p>]]></text>
      <feedback format="html">
        <text></text>
      </feedback>
    </answer>
    <answer fraction="0" format="html">
      <text><![CDATA[<p dir="ltr" style="text-align: left;">O(n<sup>2</sup>)<br></p>]]></text>
      <feedback format="html">
        <text></text>
      </feedback>
    </answer>
    <answer fraction="0" format="html">
      <text><![CDATA[<p dir="ltr" style="text-align: left;">O(log(n))<br></p>]]></text>
      <feedback format="html">
        <text></text>
      </feedback>
    </answer>
    <tags>
      <tag><text>algoritmus</text>
</tag>
      <tag><text>časová složitost</text>
</tag>
      <tag><text>sort</text>
</tag>
      <tag><text>merge</text>
</tag>
    </tags>
  </question>

<!-- question: 11827  -->
  <question type="multichoice">
    <name>
      <text>Co je Merge sort</text>
    </name>
    <questiontext format="html">
      <text><![CDATA[<p dir="ltr" style="text-align: left;">Co je to Merge sort?<br></p>]]></text>
    </questiontext>
    <generalfeedback format="html">
      <text></text>
    </generalfeedback>
    <defaultgrade>2.0000000</defaultgrade>
    <penalty>0.5000000</penalty>
    <hidden>0</hidden>
    <idnumber></idnumber>
    <single>true</single>
    <shuffleanswers>true</shuffleanswers>
    <answernumbering>abc</answernumbering>
    <showstandardinstruction>0</showstandardinstruction>
    <correctfeedback format="html">
      <text>Vaše odpověď je správná.</text>
    </correctfeedback>
    <partiallycorrectfeedback format="html">
      <text>Vaše odpověď je částečně správná.</text>
    </partiallycorrectfeedback>
    <incorrectfeedback format="html">
      <text>Vaše odpověď je chybná.</text>
    </incorrectfeedback>
    <shownumcorrect/>
    <answer fraction="100" format="html">
      <text><![CDATA[<p dir="ltr" style="text-align: left;">Třídící (řadící) algoritmus<br></p>]]></text>
      <feedback format="html">
        <text></text>
      </feedback>
    </answer>
    <answer fraction="0" format="html">
      <text><![CDATA[<p dir="ltr" style="text-align: left;">Celé jméno postavy ze Simpsonů<br></p>]]></text>
      <feedback format="html">
        <text></text>
      </feedback>
    </answer>
    <answer fraction="0" format="html">
      <text><![CDATA[<p dir="ltr" style="text-align: left;">Algoritmus pro vyhledávání<br></p>]]></text>
      <feedback format="html">
        <text></text>
      </feedback>
    </answer>
    <answer fraction="0" format="html">
      <text><![CDATA[<p dir="ltr" style="text-align: left;">Hra<br></p>]]></text>
      <feedback format="html">
        <text></text>
      </feedback>
    </answer>
    <tags>
      <tag><text>algoritmus</text>
</tag>
      <tag><text>sort</text>
</tag>
      <tag><text>merge</text>
</tag>
    </tags>
  </question>

<!-- question: 11989  -->
  <question type="multichoice">
    <name>
      <text>Co slučuje Merge sort</text>
    </name>
    <questiontext format="html">
      <text><![CDATA[<p dir="ltr" style="text-align: left;">Proč se Merge sort jmenuje Merge (sloučit)?<br></p>]]></text>
    </questiontext>
    <generalfeedback format="html">
      <text></text>
    </generalfeedback>
    <defaultgrade>2.0000000</defaultgrade>
    <penalty>0.5000000</penalty>
    <hidden>0</hidden>
    <idnumber></idnumber>
    <single>true</single>
    <shuffleanswers>true</shuffleanswers>
    <answernumbering>abc</answernumbering>
    <showstandardinstruction>0</showstandardinstruction>
    <correctfeedback format="html">
      <text>Vaše odpověď je správná.</text>
    </correctfeedback>
    <partiallycorrectfeedback format="html">
      <text>Vaše odpověď je částečně správná.</text>
    </partiallycorrectfeedback>
    <incorrectfeedback format="html">
      <text>Vaše odpověď je chybná.</text>
    </incorrectfeedback>
    <shownumcorrect/>
    <answer fraction="100" format="html">
      <text><![CDATA[<p dir="ltr" style="text-align: left;">Slučuje vždy dvě setříděná pole tak, aby vzniklo jedno velké - setříděné<br></p>]]></text>
      <feedback format="html">
        <text></text>
      </feedback>
    </answer>
    <answer fraction="0" format="html">
      <text><![CDATA[<p dir="ltr" style="text-align: left;">Hned od začátku svého běhu slučuje všechna čísla do jedné datové struktury<br></p>]]></text>
      <feedback format="html">
        <text></text>
      </feedback>
    </answer>
    <answer fraction="0" format="html">
      <text><![CDATA[Nic neslučuje - je to jen terminus technicus<br>]]></text>
      <feedback format="html">
        <text></text>
      </feedback>
    </answer>
    <answer fraction="0" format="html">
      <text><![CDATA[<p dir="ltr" style="text-align: left;">Slučuje vše, co se dá.<br></p>]]></text>
      <feedback format="html">
        <text></text>
      </feedback>
    </answer>
    <tags>
      <tag><text>algoritmus</text>
</tag>
      <tag><text>sort</text>
</tag>
      <tag><text>merge</text>
</tag>
    </tags>
  </question>

<!-- question: 11828  -->
  <question type="multichoice">
    <name>
      <text>Fáze Merge sort</text>
    </name>
    <questiontext format="html">
      <text><![CDATA[<p dir="ltr" style="text-align: left;">Jaké jsou dvě fáze Merge sortu?<br></p>]]></text>
    </questiontext>
    <generalfeedback format="html">
      <text></text>
    </generalfeedback>
    <defaultgrade>2.0000000</defaultgrade>
    <penalty>0.5000000</penalty>
    <hidden>0</hidden>
    <idnumber></idnumber>
    <single>false</single>
    <shuffleanswers>true</shuffleanswers>
    <answernumbering>abc</answernumbering>
    <showstandardinstruction>0</showstandardinstruction>
    <correctfeedback format="html">
      <text>Vaše odpověď je správná.</text>
    </correctfeedback>
    <partiallycorrectfeedback format="html">
      <text>Vaše odpověď je částečně správná.</text>
    </partiallycorrectfeedback>
    <incorrectfeedback format="html">
      <text>Vaše odpověď je chybná.</text>
    </incorrectfeedback>
    <shownumcorrect/>
    <answer fraction="50" format="html">
      <text><![CDATA[<p dir="ltr" style="text-align: left;">Rozdělení prvků na malé "hromádky" (jeden nebo dva prvky v každé)<br></p>]]></text>
      <feedback format="html">
        <text></text>
      </feedback>
    </answer>
    <answer fraction="50" format="html">
      <text><![CDATA[<p dir="ltr" style="text-align: left;">Slučování "hromádek" po dvojicích tak, aby byla výsledná "hromádka" správně seřazená<br></p>]]></text>
      <feedback format="html">
        <text></text>
      </feedback>
    </answer>
    <answer fraction="0" format="html">
      <text><![CDATA[<p dir="ltr" style="text-align: left;">Porovnávání "hromádky" čísel s pivotem<br></p>]]></text>
      <feedback format="html">
        <text></text>
      </feedback>
    </answer>
    <answer fraction="0" format="html">
      <text><![CDATA[<p dir="ltr" style="text-align: left;">Postupně odebírání čísel ze vstupní "hromádky"<br></p>]]></text>
      <feedback format="html">
        <text></text>
      </feedback>
    </answer>
    <tags>
      <tag><text>algoritmus</text>
</tag>
      <tag><text>sort</text>
</tag>
      <tag><text>merge</text>
</tag>
    </tags>
  </question>

<!-- question: 11990  -->
  <question type="multichoice">
    <name>
      <text>Vstup Merge sort</text>
    </name>
    <questiontext format="html">
      <text><![CDATA[<p dir="ltr" style="text-align: left;">Co je vstupem Merge sortu?<br></p>]]></text>
    </questiontext>
    <generalfeedback format="html">
      <text></text>
    </generalfeedback>
    <defaultgrade>2.0000000</defaultgrade>
    <penalty>0.5000000</penalty>
    <hidden>0</hidden>
    <idnumber></idnumber>
    <single>true</single>
    <shuffleanswers>true</shuffleanswers>
    <answernumbering>abc</answernumbering>
    <showstandardinstruction>0</showstandardinstruction>
    <correctfeedback format="html">
      <text>Vaše odpověď je správná.</text>
    </correctfeedback>
    <partiallycorrectfeedback format="html">
      <text>Vaše odpověď je částečně správná.</text>
    </partiallycorrectfeedback>
    <incorrectfeedback format="html">
      <text>Vaše odpověď je chybná.</text>
    </incorrectfeedback>
    <shownumcorrect/>
    <answer fraction="100" format="html">
      <text><![CDATA[<p dir="ltr" style="text-align: left;">Řada libovolných prvků, u kterých lze určit, který je menší a který větší<br></p>]]></text>
      <feedback format="html">
        <text></text>
      </feedback>
    </answer>
    <answer fraction="0" format="html">
      <text><![CDATA[<p dir="ltr" style="text-align: left;">Pouze řada čísel (celá i desetinná čísla)<br></p>]]></text>
      <feedback format="html">
        <text></text>
      </feedback>
    </answer>
    <answer fraction="0" format="html">
      <text><![CDATA[<p dir="ltr" style="text-align: left;">Pouze řada čísel (pouze celá čísla)<br></p>]]></text>
      <feedback format="html">
        <text></text>
      </feedback>
    </answer>
    <answer fraction="0" format="html">
      <text><![CDATA[<p dir="ltr" style="text-align: left;">Pouze řada čísel (pouze desetinná čísla)<br></p>]]></text>
      <feedback format="html">
        <text></text>
      </feedback>
    </answer>
    <answer fraction="0" format="html">
      <text><![CDATA[<p dir="ltr" style="text-align: left;">Pouze řada nápisů<br></p>]]></text>
      <feedback format="html">
        <text></text>
      </feedback>
    </answer>
    <answer fraction="0" format="html">
      <text><![CDATA[<p dir="ltr" style="text-align: left;">Jeden dlouhý nápis - string<br></p>]]></text>
      <feedback format="html">
        <text></text>
      </feedback>
    </answer>
    <tags>
      <tag><text>algoritmus</text>
</tag>
      <tag><text>sort</text>
</tag>
      <tag><text>merge</text>
</tag>
    </tags>
  </question>

<!-- question: 11991  -->
  <question type="multichoice">
    <name>
      <text>Výstuple Merge sort</text>
    </name>
    <questiontext format="html">
      <text><![CDATA[<p dir="ltr" style="text-align: left;">Co je výstupem (výsledkem) Merge sortu?<br></p>]]></text>
    </questiontext>
    <generalfeedback format="html">
      <text></text>
    </generalfeedback>
    <defaultgrade>2.0000000</defaultgrade>
    <penalty>0.5000000</penalty>
    <hidden>0</hidden>
    <idnumber></idnumber>
    <single>true</single>
    <shuffleanswers>true</shuffleanswers>
    <answernumbering>abc</answernumbering>
    <showstandardinstruction>0</showstandardinstruction>
    <correctfeedback format="html">
      <text>Vaše odpověď je správná.</text>
    </correctfeedback>
    <partiallycorrectfeedback format="html">
      <text>Vaše odpověď je částečně správná.</text>
    </partiallycorrectfeedback>
    <incorrectfeedback format="html">
      <text>Vaše odpověď je chybná.</text>
    </incorrectfeedback>
    <shownumcorrect/>
    <answer fraction="100" format="html">
      <text><![CDATA[<p dir="ltr" style="text-align: left;">Vstupní prvky seřazené podle velikosti<br></p>]]></text>
      <feedback format="html">
        <text></text>
      </feedback>
    </answer>
    <answer fraction="0" format="html">
      <text><![CDATA[<p dir="ltr" style="text-align: left;">Náhodně seřazené vstupní prvky<br></p>]]></text>
      <feedback format="html">
        <text></text>
      </feedback>
    </answer>
    <answer fraction="0" format="html">
      <text><![CDATA[<p dir="ltr" style="text-align: left;">Polovina vstupních prvků (ty větší)<br></p>]]></text>
      <feedback format="html">
        <text></text>
      </feedback>
    </answer>
    <answer fraction="0" format="html">
      <text><![CDATA[<p dir="ltr" style="text-align: left;">Největší ze vstupních prvků<br></p>]]></text>
      <feedback format="html">
        <text></text>
      </feedback>
    </answer>
    <answer fraction="0" format="html">
      <text><![CDATA[<p dir="ltr" style="text-align: left;">Nejmenší ze vstupních prvků<br></p>]]></text>
      <feedback format="html">
        <text></text>
      </feedback>
    </answer>
    <tags>
      <tag><text>algoritmus</text>
</tag>
      <tag><text>sort</text>
</tag>
      <tag><text>merge</text>
</tag>
    </tags>
  </question>

<!-- question: 11994  -->
  <question type="numerical">
    <name>
      <text>Délka automaticky seřazeného pole</text>
    </name>
    <questiontext format="html">
      <text><![CDATA[<p>Jak je maximálně dlouhé pole, které je automaticky (bez našeho zásahu) seřazené.</p><p>Pozn.: Pokud si myslíte, že takové pole neexistuje / otázka nedává smysl, odpovězte -9 (mínus devět)<br></p>]]></text>
    </questiontext>
    <generalfeedback format="html">
      <text></text>
    </generalfeedback>
    <defaultgrade>2.0000000</defaultgrade>
    <penalty>0.3333333</penalty>
    <hidden>0</hidden>
    <idnumber></idnumber>
    <answer fraction="100" format="moodle_auto_format">
      <text>1</text>
      <feedback format="html">
        <text></text>
      </feedback>
      <tolerance>0</tolerance>
    </answer>
    <unitgradingtype>0</unitgradingtype>
    <unitpenalty>0.1000000</unitpenalty>
    <showunits>3</showunits>
    <unitsleft>0</unitsleft>
    <tags>
      <tag><text>algoritmus</text>
</tag>
      <tag><text>sort</text>
</tag>
      <tag><text>merge</text>
</tag>
    </tags>
  </question>

<!-- question: 11992  -->
  <question type="truefalse">
    <name>
      <text>Kontrola již seřazených čísel</text>
    </name>
    <questiontext format="html">
      <text><![CDATA[<p dir="ltr" style="text-align: left;">V Merge sortu se procházejí i čísla, která již jednou (nebo vícekrát) byla seřazena. <br></p>]]></text>
    </questiontext>
    <generalfeedback format="html">
      <text></text>
    </generalfeedback>
    <defaultgrade>1.0000000</defaultgrade>
    <penalty>1.0000000</penalty>
    <hidden>0</hidden>
    <idnumber></idnumber>
    <answer fraction="100" format="moodle_auto_format">
      <text>true</text>
      <feedback format="html">
        <text></text>
      </feedback>
    </answer>
    <answer fraction="0" format="moodle_auto_format">
      <text>false</text>
      <feedback format="html">
        <text></text>
      </feedback>
    </answer>
    <tags>
      <tag><text>algoritmus</text>
</tag>
      <tag><text>sort</text>
</tag>
      <tag><text>merge</text>
</tag>
    </tags>
  </question>

<!-- question: 11993  -->
  <question type="truefalse">
    <name>
      <text>Vstup jen jeden prvek</text>
    </name>
    <questiontext format="html">
      <text><![CDATA[<p dir="ltr" style="text-align: left;">Do Merge sort může být vstupem pouze jeden prvek.<br></p>]]></text>
    </questiontext>
    <generalfeedback format="html">
      <text></text>
    </generalfeedback>
    <defaultgrade>1.0000000</defaultgrade>
    <penalty>1.0000000</penalty>
    <hidden>0</hidden>
    <idnumber></idnumber>
    <answer fraction="100" format="moodle_auto_format">
      <text>true</text>
      <feedback format="html">
        <text></text>
      </feedback>
    </answer>
    <answer fraction="0" format="moodle_auto_format">
      <text>false</text>
      <feedback format="html">
        <text></text>
      </feedback>
    </answer>
    <tags>
      <tag><text>algoritmus</text>
</tag>
      <tag><text>sort</text>
</tag>
      <tag><text>merge</text>
</tag>
    </tags>
  </question>

</quiz>