<?xml version="1.0" encoding="UTF-8"?>
<quiz>
<!-- question: 0  -->
  <question type="category">
    <category>
      <text>$course$/top/JaroslavHoleček</text>
    </category>
    <info format="html">
      <text><![CDATA[<div>V této kategorii si vytvářím úlohy do testů.</div><div>Jestli se Vám budou hodit, tak si je bez okolků zkopírujte (export a import) k sobě do kurzů<br></div><div>Úlohy mi zde, prosím, neupravujte (dělám si zálohy a pak by mi to nesedělo) - pokud naleznete chyby, tak mi můžete dát vědět.</div><div><br></div>]]></text>
    </info>
    <idnumber></idnumber>
  </question>

<!-- question: 0  -->
  <question type="category">
    <category>
      <text>$course$/top/JaroslavHoleček/Programování</text>
    </category>
    <info format="moodle_auto_format">
      <text></text>
    </info>
    <idnumber></idnumber>
  </question>

<!-- question: 0  -->
  <question type="category">
    <category>
      <text>$course$/top/JaroslavHoleček/Programování/Python</text>
    </category>
    <info format="moodle_auto_format">
      <text></text>
    </info>
    <idnumber></idnumber>
  </question>

<!-- question: 0  -->
  <question type="category">
    <category>
      <text>$course$/top/JaroslavHoleček/Programování/Python/Soubor</text>
    </category>
    <info format="moodle_auto_format">
      <text></text>
    </info>
    <idnumber></idnumber>
  </question>

<!-- question: 7757  -->
  <question type="ddmarker">
    <name>
      <text>Přečtení celého souboru</text>
    </name>
    <questiontext format="html">
      <text><![CDATA[<p>Doplňte kód tak, aby program zobrazil do konzole celý obsah souboru.<br></p>]]></text>
    </questiontext>
    <generalfeedback format="html">
      <text><![CDATA[<p><a href="https://www.w3schools.com/python/python_file_open.asp">https://www.w3schools.com/python/python_file_open.asp</a><br></p>]]></text>
    </generalfeedback>
    <defaultgrade>5.0000000</defaultgrade>
    <penalty>0.2500000</penalty>
    <hidden>0</hidden>
    <idnumber></idnumber>
    <shuffleanswers/>
    <correctfeedback format="html">
      <text>Vaše odpověď je správná.</text>
    </correctfeedback>
    <partiallycorrectfeedback format="html">
      <text>Vaše odpověď je částečně správná.</text>
    </partiallycorrectfeedback>
    <incorrectfeedback format="html">
      <text>Vaše odpověď je chybná.</text>
    </incorrectfeedback>
    <shownumcorrect/>
        <file name="SPS_Moodle_testy_soubor_cteni.png" encoding="base64">iVBORw0KGgoAAAANSUhEUgAAAL4AAAA4CAYAAABDnUJYAAAABmJLR0QA/wD/AP+gvaeTAAAACXBIWXMAAAsTAAALEwEAmpwYAAAAB3RJTUUH5AIJDTo0SgxWQQAACOhJREFUeNrtnWtQVOcZgJ9zWFhYUO4IVhFNUdR4bSpGTbCCl6qxBoOxManR2IvTNEnrtGmmk17STpNJx5mOMUnTmKhJTUymsZlYTdQk2ihe0XgDUQQBAREUWJbdZW/n9AcYRWUFFmTR9/nFMHNevnP2Oe/3nbPfy6sMHz5cRxDuMFS5BIKILwgiviCI+B0nYBAZv3mBjES5x1pDCZ/A/GcWMsgo18LHC8nIRc8za0iIZHz/J5B+908n9OjnnHW08RBDBMPnDyDWEES/aSkk91G69riOcqvHqZvJ21VAYvokolQR378xDmPs6AbyjlYhr9d8x11ygDNhExnd17vahutWJn0mMHP+HFL6hICznsq977BhewEuwNDnXmZk/YBhCaFo5jMc3rSOHSfr0NUkpvxqKYZ//4FtxR4ISGHmbx/C8tZf2VXddH9Fjl3E0sfHEKNUk//Z22zeX+495uVl0vLFGPdkE/KdSfQNN8GZ93nr/YNYbxNLAvrfTZKtgAN1on2n4DlHcUkYaUPi2VFW0WoyuUZ8I4OnZpFQ+AorVxXhNMbSP15BA1C/xfgFDxOX/worXyshMGUBjz38CNUrXue49WYLqhgGRH/O2hfXYYmfySM/XsS44pfIrk5oPaalechKJENHBPHBm89zzmagd0xvnLeNIwph8X0JqdlFjdaeD9dGRY4bu8eNLbeS+nq9a4/rsITdMU4PNVU1RPVLwEAFrrZmfF0DY2RfonuXc95cTWnxZf+GkRx3lsOri2jUdBrzv+R43bMMGRjE8RM3W3vZKNibzUWXBmU7+bp0OiO/HcFet5eYxy4veF0UZW/jnE0HXNRfvOR15RZ9/y9ZlNGPgGunwFPreW19Dg6/El/HGBKM5nTgbtdhTmqLnE0/l9d1/XEdPr3uGKeO0+FANYYQqIBLb5P4Dk5vWU3M9Ok88PR8wj3l5H66ls8OX0APCSPYbcHmaI6kW7DaVIJDg9swFis2a3NK0xuxWd2EhJpQvcZsVlRvoN7sauNJa9Tu/ydvHjVw7eOQ7rL6mfTNV9zeiBpkxAB4ZKHSKbNokNGI5mhsVfobZnytLpfdH+SyWwkkYsRCHs2cxV3H3qbA3kCjIRGTUQG3DkovQk0ajdZGQEPTVdTLaVYJIjDwKvWUUEyhatNHqwRjCjVgL7WieY155Q5Gb+tUpxI5/mcsntr/+oyf/y6r/nXQ7+RvuFCBPTWeKBXOa6JtJzw1ERUXRe35Cq+zaEvxlWDiU1JQynOprNfweDR0txuXDnptHmeqZzN20kDyt5cQmDKFEZEFZBc7Qa+httbEmH7RKIXVhAweS1Iw1HwT10Ty+InEFPwPS3wao/uXc/oTM5q3mB1Co3bfP3jjSM/J+J7SE5SYppEYoXC+xo8fXgwqU4eqqBVutl3Cf99ABSSSNKCBwj2VXsdouDZjmpLSmZG1hN5GcJkLOfLROoo9AOXs2/AhEVk/5am0UPT6Io58uJbj9TrQwMkvtnL3D5ezbFQVF8+WUXn1axftIiWXBjL3ucymtzpb3uZAlXaTmB1U32HB4uhBCcqRx+GjmaSPjOPAzgt+K5RiUBiTGIBm9rDtkv/eoIakcSQ37OGDcu/TpyK7M/1AqvAJZC1OIuf19yjy05vWEGtgxRiF93e62Of02wvJyB89Tf99f2PzKbuIL/hOUkoQS3DxQr7evjdQ/nqPiPjCnYhsWRBEfEEQ8QVBxBcEEV8QRPw7AqkiuxPEV4lN/x3PzBt63X4XX/5M58cUBMn4gtAuWnyBpSY+wKKFE4kwhROq2rDYXODOZ9vKtZy0gxoxgrTMhxg7KJoAe1nzluVKPL3GMPfJOVg3vMT2sw6U3vfw4M+/T917L7NTn+Y1ZpesTDq9iiyJjOVLiDxdSPhIqSK7HWixSU0r3cSaFzcTm/4cCyM2suqjk1f2iKsJpD66hORza1j9zgnsMWlkPvE4qWUvs6fqCFv/M5zF8x6k4NWthM3NJDLnDT4pcaDhJWaXIFVkQjvF9zo19LmHEXGnyF59DLMbqNzN4cJZ3Ds4kr1Vl7Cf+ogtg59l9rIhqI1fseHLEh/2dPhWSdWzq8gEvxJf7RVOWFAKGU/9mcmXf2fUsVQ1V2DpdkoPHsI5cTrWjfuo9imt+1JJ1dOryIRuFr+lcrqlnob6A2xb8V7z/vxrF9Z9SZ07Adv+HEzpCxie/wYnzLrXmN4yvi+VVD27ikzoJvF17FYrxsEJ9FLzqGtOctqFHHItT3Pf5INc3FlAA6FEDxpGeM0hii4FEP+9RYxzbGbtx/sxpf+a+fMmUbZ2V/PxN47pNeN3tJKqh1WRKdFpZD0xBcumv/DpSZkVulX8hhPbyRnzKEt/PwOP4yRb/76GPHsFe99dT9CDj/CTP8USpNmoK/uaXRsPEThgNnNSzex4NRuzpmPe8S6Hlv2CByYUsH53JVqrMVvPgh2vpOphVWQBJnpHx6IbFbGxu15nCsKdgnyBJYj4giDiC4KILwgiviCI+IIg4guCiN95+EWPqHb0VxJE/E6gtR5Rt7hSrB39lQQR33f8qEdUW/srCf6Pwd8HeKMeUS0rxZbyZEpnV4pdHxNoc38lQcT3dWF9wx5R3Vcp1rb+SoIsdXwWv709or6pFNt6DLNbw1m5m8OFMSQPjkRBb6oUO53C7GVPMSXsKza1q1KsZX8lQTJ+F6G3u0dU11aKta2/kiDi+yz+zXtE3cpKsbb1VxJkqeMzTT2ikkmMuK4Wq6mqKy6BXledRVOl2Cjum5xMWAAQEEp08ncZFK0Cgd9Uim36eD3/PRhF+rxJRKjeY17xvrm/0qlKebDt4QTExcX90b/Nr8EWkUFqRB5Hi1v+DxBnnYXgUXOZNWsGqff2p/7QEapdFspPVxE1fj6zM7NIS5vIXdFOKvJzqYudw4KZgex+ZyOldg8NpcUETniM1MDjnChtQG8tZnN6NwyawbTE03yx4wx2Mb9H0yMqsPyiR1Q7+isJIr4gyBpfEER8QehGDEajEYeje5urGo1G+SSEWyv+ZfFupfwiutDd/B9WLg5AOeI8cgAAAABJRU5ErkJggg==</file>

    <drag>
      <no>1</no>
      <text>open</text>
      <noofdrags>1</noofdrags>
    </drag>
    <drag>
      <no>2</no>
      <text>nazev_souboru</text>
      <noofdrags>1</noofdrags>
    </drag>
    <drag>
      <no>3</no>
      <text>r</text>
      <noofdrags>1</noofdrags>
    </drag>
    <drag>
      <no>4</no>
      <text>print</text>
      <noofdrags>1</noofdrags>
    </drag>
    <drag>
      <no>5</no>
      <text>read()</text>
      <noofdrags>1</noofdrags>
    </drag>
    <drop>
      <no>1</no>
      <shape>rectangle</shape>
      <coords>60,0;35,15</coords>
      <choice>1</choice>
    </drop>
    <drop>
      <no>2</no>
      <shape>rectangle</shape>
      <coords>100,0;35,15</coords>
      <choice>2</choice>
    </drop>
    <drop>
      <no>3</no>
      <shape>rectangle</shape>
      <coords>145,0;35,15</coords>
      <choice>3</choice>
    </drop>
    <drop>
      <no>4</no>
      <shape>rectangle</shape>
      <coords>100,20;35,15</coords>
      <choice>5</choice>
    </drop>
    <drop>
      <no>5</no>
      <shape>rectangle</shape>
      <coords>0,40;35,15</coords>
      <choice>4</choice>
    </drop>
    <hint format="html">
      <text></text>
      <shownumcorrect/>
    </hint>
    <hint format="html">
      <text></text>
      <shownumcorrect/>
      <options>1</options>
    </hint>
    <tags>
      <tag><text>Soubor</text>
</tag>
      <tag><text>Čtení</text>
</tag>
      <tag><text>Otevření</text>
</tag>
    </tags>
  </question>

<!-- question: 7758  -->
  <question type="matching">
    <name>
      <text>Bílé znaky - konec řádku, mezera, tabulátor</text>
    </name>
    <questiontext format="html">
      <text><![CDATA[<p>Vyberte z nabízených možností řetězec (string), který po zapsání do souboru, vypadá, tak, jak je zobrazeno (při otevření souboru v textovém editoru). <br></p>]]></text>
    </questiontext>
    <generalfeedback format="html">
      <text></text>
    </generalfeedback>
    <defaultgrade>6.0000000</defaultgrade>
    <penalty>0.2000000</penalty>
    <hidden>0</hidden>
    <idnumber></idnumber>
    <shuffleanswers>true</shuffleanswers>
    <correctfeedback format="html">
      <text>Vaše odpověď je správná.</text>
    </correctfeedback>
    <partiallycorrectfeedback format="html">
      <text>Vaše odpověď je částečně správná.</text>
    </partiallycorrectfeedback>
    <incorrectfeedback format="html">
      <text>Vaše odpověď je chybná.</text>
    </incorrectfeedback>
    <shownumcorrect/>
    <subquestion format="html">
      <text><![CDATA[<p>JednaDvaTri<br></p>]]></text>
      <answer>
        <text><![CDATA["JednaDvaTri"]]></text>
      </answer>
    </subquestion>
    <subquestion format="html">
      <text><![CDATA[<p>Jedna Dva Tri<br></p>]]></text>
      <answer>
        <text><![CDATA["Jedna" + " " + "Dva" + " " + "Tri"]]></text>
      </answer>
    </subquestion>
    <subquestion format="html">
      <text><![CDATA[<p>Jedna<br>Dva<br>Tri<br></p>]]></text>
      <answer>
        <text><![CDATA["Jedna\nDva\nTri"]]></text>
      </answer>
    </subquestion>
    <subquestion format="html">
      <text><![CDATA[<p>Jedna&nbsp;&nbsp;&nbsp;&nbsp;Dva&nbsp;&nbsp;&nbsp;&nbsp;Tri</p>]]></text>
      <answer>
        <text><![CDATA["Jedna\tDva\tTri"]]></text>
      </answer>
    </subquestion>
    <subquestion format="html">
      <text><![CDATA[<p>Jedna<br>&nbsp;&nbsp;&nbsp;&nbsp;Dva<br>&nbsp;&nbsp;&nbsp;&nbsp;&nbsp;&nbsp;&nbsp;&nbsp;Tri</p>]]></text>
      <answer>
        <text><![CDATA["Jedna\n\tDva\n\t\tTri"]]></text>
      </answer>
    </subquestion>
    <subquestion format="html">
      <text><![CDATA[<p>Jedna Dva&nbsp;&nbsp;&nbsp;&nbsp;Tri<br></p>]]></text>
      <answer>
        <text><![CDATA["Jedna Dva\tTri"]]></text>
      </answer>
    </subquestion>
    <hint format="html">
      <text></text>
      <shownumcorrect/>
    </hint>
    <hint format="html">
      <text></text>
      <shownumcorrect/>
    </hint>
    <tags>
      <tag><text>bílé znaky</text>
</tag>
      <tag><text>mezera</text>
</tag>
      <tag><text>nový řádek</text>
</tag>
      <tag><text>tabulátor</text>
</tag>
      <tag><text>\n</text>
</tag>
      <tag><text>\t</text>
</tag>
      <tag><text>Soubor</text>
</tag>
      <tag><text>Zápis</text>
</tag>
    </tags>
  </question>

<!-- question: 7759  -->
  <question type="matching">
    <name>
      <text>Parametry při otevírání souboru</text>
    </name>
    <questiontext format="html">
      <text><![CDATA[<p>Přiřaďte jednotlivé parametry k jejich významu při otevírání souboru.<br></p>]]></text>
    </questiontext>
    <generalfeedback format="html">
      <text><![CDATA[<p><a href="https://www.w3schools.com/python/python_file_handling.asp">https://www.w3schools.com/python/python_file_handling.asp</a><br></p>]]></text>
    </generalfeedback>
    <defaultgrade>3.0000000</defaultgrade>
    <penalty>0.3333333</penalty>
    <hidden>0</hidden>
    <idnumber></idnumber>
    <shuffleanswers>true</shuffleanswers>
    <correctfeedback format="html">
      <text>Vaše odpověď je správná.</text>
    </correctfeedback>
    <partiallycorrectfeedback format="html">
      <text>Vaše odpověď je částečně správná.</text>
    </partiallycorrectfeedback>
    <incorrectfeedback format="html">
      <text>Vaše odpověď je chybná.</text>
    </incorrectfeedback>
    <shownumcorrect/>
    <subquestion format="html">
      <text>Čtení</text>
      <answer>
        <text>r</text>
      </answer>
    </subquestion>
    <subquestion format="html">
      <text><![CDATA[<p>Zápis s vymazáním předchozího obsahu souboru<br></p>]]></text>
      <answer>
        <text>w</text>
      </answer>
    </subquestion>
    <subquestion format="html">
      <text><![CDATA[<p>Zápis na konec souboru (za předchozí obsah souboru)<br></p>]]></text>
      <answer>
        <text>a</text>
      </answer>
    </subquestion>
    <subquestion format="html">
      <text></text>
      <answer>
        <text>z</text>
      </answer>
    </subquestion>
    <subquestion format="html">
      <text></text>
      <answer>
        <text>c</text>
      </answer>
    </subquestion>
    <subquestion format="html">
      <text></text>
      <answer>
        <text>e</text>
      </answer>
    </subquestion>
    <tags>
      <tag><text>Soubor</text>
</tag>
      <tag><text>Čtení</text>
</tag>
      <tag><text>Zápis</text>
</tag>
      <tag><text>Otevření</text>
</tag>
    </tags>
  </question>

<!-- question: 11541  -->
  <question type="matching">
    <name>
      <text>Zachycení chyby při otevírání</text>
    </name>
    <questiontext format="html">
      <text><![CDATA[<p dir="ltr" style="text-align: left;">Přiřaďte k jednotlivým kódům, jak program skončí, pokud k souboru nemáme příslušná oprávnění (oprávnění k zápisu).<br></p>]]></text>
    </questiontext>
    <generalfeedback format="html">
      <text></text>
    </generalfeedback>
    <defaultgrade>3.0000000</defaultgrade>
    <penalty>0.5000000</penalty>
    <hidden>0</hidden>
    <idnumber></idnumber>
    <shuffleanswers>true</shuffleanswers>
    <correctfeedback format="html">
      <text>Vaše odpověď je správná.</text>
    </correctfeedback>
    <partiallycorrectfeedback format="html">
      <text>Vaše odpověď je částečně správná.</text>
    </partiallycorrectfeedback>
    <incorrectfeedback format="html">
      <text>Vaše odpověď je chybná.</text>
    </incorrectfeedback>
    <shownumcorrect/>
    <subquestion format="html">
      <text><![CDATA[<p dir="ltr" style="text-align: left;">try:<br>&nbsp;&nbsp;&nbsp; soubor = open("muj_soubor.txt", "w")<br>except Exception as ex:<br>&nbsp;&nbsp;&nbsp;&nbsp; print("Hláška")<br>else:<br>&nbsp;&nbsp;&nbsp; soubor.close()<br></p>]]></text>
      <answer>
        <text><![CDATA[Výpíše se "Hláška" a program korektně skončí ("nespadne")]]></text>
      </answer>
    </subquestion>
    <subquestion format="html">
      <text><![CDATA[<p dir="ltr" style="text-align: left;">soubor = open("muj_soubor.txt", "w")<br>soubor.close()<br></p>]]></text>
      <answer>
        <text><![CDATA[Program skončí chybou ("spadne")]]></text>
      </answer>
    </subquestion>
    <subquestion format="html">
      <text></text>
      <answer>
        <text>Tento program nepůjde ani spustit</text>
      </answer>
    </subquestion>
    <tags>
      <tag><text>Soubor</text>
</tag>
      <tag><text>python</text>
</tag>
    </tags>
  </question>

<!-- question: 11544  -->
  <question type="multichoice">
    <name>
      <text>Čtení pomocí for</text>
    </name>
    <questiontext format="html">
      <text><![CDATA[<p dir="ltr" style="text-align: left;"><p dir="ltr">Program (předpokládejme, že máme vytvořený soubor nazev.txt ve správné složce):</p><p dir="ltr">1 for x in open("nazev.txt"):<br>2&nbsp;&nbsp;&nbsp;&nbsp; print(x)</p><p dir="ltr">Pozn.: Pro trochu zmatení zde není funkce close() - což není správné!!!</p><br></p>]]></text>
    </questiontext>
    <generalfeedback format="html">
      <text></text>
    </generalfeedback>
    <defaultgrade>2.0000000</defaultgrade>
    <penalty>0.5000000</penalty>
    <hidden>0</hidden>
    <idnumber></idnumber>
    <single>true</single>
    <shuffleanswers>true</shuffleanswers>
    <answernumbering>abc</answernumbering>
    <showstandardinstruction>0</showstandardinstruction>
    <correctfeedback format="html">
      <text>Vaše odpověď je správná.</text>
    </correctfeedback>
    <partiallycorrectfeedback format="html">
      <text>Vaše odpověď je částečně správná.</text>
    </partiallycorrectfeedback>
    <incorrectfeedback format="html">
      <text>Vaše odpověď je chybná.</text>
    </incorrectfeedback>
    <shownumcorrect/>
    <answer fraction="100" format="html">
      <text><![CDATA[<p dir="ltr" style="text-align: left;">Vypíše celý soubor řádek po řádku.<br></p>]]></text>
      <feedback format="html">
        <text></text>
      </feedback>
    </answer>
    <answer fraction="0" format="html">
      <text><![CDATA[<p dir="ltr" style="text-align: left;">Vypíše celý soubor najednou (jako jeden dlouhý string)<br></p>]]></text>
      <feedback format="html">
        <text></text>
      </feedback>
    </answer>
    <answer fraction="0" format="html">
      <text><![CDATA[<p dir="ltr" style="text-align: left;">Vypíše znak "x" tolikrát, kolik je v "nazev.txt" řádků. <br></p>]]></text>
      <feedback format="html">
        <text></text>
      </feedback>
    </answer>
    <answer fraction="0" format="html">
      <text><![CDATA[<p dir="ltr" style="text-align: left;">Vypíše znak "x" tolikrát, kolik je v "nazev.txt" znaků.<br></p>]]></text>
      <feedback format="html">
        <text></text>
      </feedback>
    </answer>
    <tags>
      <tag><text>Soubor</text>
</tag>
      <tag><text>Čtení</text>
</tag>
      <tag><text>python</text>
</tag>
    </tags>
  </question>

<!-- question: 11543  -->
  <question type="multichoice">
    <name>
      <text>Čtení ze souboru - počet znaků</text>
    </name>
    <questiontext format="html">
      <text><![CDATA[<p dir="ltr" style="text-align: left;">Při čtení ze souboru můžeme funkci předat argument. Co tento argument udává?</p>]]></text>
    </questiontext>
    <generalfeedback format="html">
      <text></text>
    </generalfeedback>
    <defaultgrade>2.0000000</defaultgrade>
    <penalty>0.3333333</penalty>
    <hidden>0</hidden>
    <idnumber></idnumber>
    <single>true</single>
    <shuffleanswers>true</shuffleanswers>
    <answernumbering>abc</answernumbering>
    <showstandardinstruction>0</showstandardinstruction>
    <correctfeedback format="html">
      <text>Vaše odpověď je správná.</text>
    </correctfeedback>
    <partiallycorrectfeedback format="html">
      <text>Vaše odpověď je částečně správná.</text>
    </partiallycorrectfeedback>
    <incorrectfeedback format="html">
      <text>Vaše odpověď je chybná.</text>
    </incorrectfeedback>
    <shownumcorrect/>
    <answer fraction="100" format="html">
      <text><![CDATA[<p dir="ltr" style="text-align: left;">Kolik se má maximálně přečíst znaků.<br></p>]]></text>
      <feedback format="html">
        <text></text>
      </feedback>
    </answer>
    <answer fraction="0" format="html">
      <text><![CDATA[<p dir="ltr" style="text-align: left;">Kolik se má minimálně přečíst znaků.<br></p>]]></text>
      <feedback format="html">
        <text></text>
      </feedback>
    </answer>
    <answer fraction="0" format="html">
      <text><![CDATA[<p dir="ltr" style="text-align: left;">Kolik se má maximálně přečíst řádků.<br></p>]]></text>
      <feedback format="html">
        <text></text>
      </feedback>
    </answer>
    <answer fraction="0" format="html">
      <text><![CDATA[<p dir="ltr" style="text-align: left;">Funkcím pro čtení ze souboru nelze předat argument<br></p>]]></text>
      <feedback format="html">
        <text></text>
      </feedback>
    </answer>
    <tags>
      <tag><text>Soubor</text>
</tag>
      <tag><text>Čtení</text>
</tag>
      <tag><text>python</text>
</tag>
    </tags>
  </question>

<!-- question: 11546  -->
  <question type="multichoice">
    <name>
      <text>Kroky pro práci se souborem</text>
    </name>
    <questiontext format="html">
      <text><![CDATA[<p dir="ltr" style="text-align: left;">Předpokládejme, že chceme zapisovat do souboru.</p><p dir="ltr" style="text-align: left;">Jaké jsou kroky, které bychom vždy měli provést?</p><p dir="ltr" style="text-align: left;">Pozn.: Možnosti pro odpovědi se náhodně promíchávají, tedy nebudou (téměř jistě) jednotlivé kroky správně seřazeny. <br></p>]]></text>
    </questiontext>
    <generalfeedback format="html">
      <text></text>
    </generalfeedback>
    <defaultgrade>3.0000000</defaultgrade>
    <penalty>0.3333333</penalty>
    <hidden>0</hidden>
    <idnumber></idnumber>
    <single>false</single>
    <shuffleanswers>true</shuffleanswers>
    <answernumbering>abc</answernumbering>
    <showstandardinstruction>0</showstandardinstruction>
    <correctfeedback format="html">
      <text>Vaše odpověď je správná.</text>
    </correctfeedback>
    <partiallycorrectfeedback format="html">
      <text>Vaše odpověď je částečně správná.</text>
    </partiallycorrectfeedback>
    <incorrectfeedback format="html">
      <text>Vaše odpověď je chybná.</text>
    </incorrectfeedback>
    <shownumcorrect/>
    <answer fraction="33.33333" format="html">
      <text><![CDATA[<p dir="ltr" style="text-align: left;">Otevřít soubor<br></p>]]></text>
      <feedback format="html">
        <text></text>
      </feedback>
    </answer>
    <answer fraction="33.33333" format="html">
      <text><![CDATA[<p dir="ltr" style="text-align: left;">Zapsat požadovaná data do souboru<br></p>]]></text>
      <feedback format="html">
        <text></text>
      </feedback>
    </answer>
    <answer fraction="33.33333" format="html">
      <text><![CDATA[<p dir="ltr" style="text-align: left;">Zavřít soubor<br></p>]]></text>
      <feedback format="html">
        <text></text>
      </feedback>
    </answer>
    <answer fraction="-33.33333" format="html">
      <text><![CDATA[<p dir="ltr" style="text-align: left;">Smazat předchozí data ze souboru.<br></p>]]></text>
      <feedback format="html">
        <text></text>
      </feedback>
    </answer>
    <answer fraction="-33.33333" format="html">
      <text><![CDATA[<p dir="ltr" style="text-align: left;">Potvrdit (uložit) zapisované změny v souboru.<br></p>]]></text>
      <feedback format="html">
        <text></text>
      </feedback>
    </answer>
    <answer fraction="-33.33333" format="html">
      <text><![CDATA[<p dir="ltr" style="text-align: left;">Prohlédnout soubor v externím editoru<br></p>]]></text>
      <feedback format="html">
        <text></text>
      </feedback>
    </answer>
    <tags>
      <tag><text>Soubor</text>
</tag>
      <tag><text>Zápis</text>
</tag>
      <tag><text>python</text>
</tag>
    </tags>
  </question>

<!-- question: 11542  -->
  <question type="multichoice">
    <name>
      <text>Zápis do souboru</text>
    </name>
    <questiontext format="html">
      <text><![CDATA[<p dir="ltr" style="text-align: left;">Jakou funkci obvykle používáme pro zápis do souboru?</p><p dir="ltr" style="text-align: left;">Pozn.: Je myšleno funkci, kterou již umí Python "sám od sebe" - samozřejmě, že si můžeme vyrobit naší libovolnou funkci.<br></p>]]></text>
    </questiontext>
    <generalfeedback format="html">
      <text></text>
    </generalfeedback>
    <defaultgrade>2.0000000</defaultgrade>
    <penalty>0.5000000</penalty>
    <hidden>0</hidden>
    <idnumber></idnumber>
    <single>true</single>
    <shuffleanswers>true</shuffleanswers>
    <answernumbering>abc</answernumbering>
    <showstandardinstruction>0</showstandardinstruction>
    <correctfeedback format="html">
      <text>Vaše odpověď je správná.</text>
    </correctfeedback>
    <partiallycorrectfeedback format="html">
      <text>Vaše odpověď je částečně správná.</text>
    </partiallycorrectfeedback>
    <incorrectfeedback format="html">
      <text>Vaše odpověď je chybná.</text>
    </incorrectfeedback>
    <shownumcorrect/>
    <answer fraction="100" format="html">
      <text><![CDATA[<p dir="ltr" style="text-align: left;">write<br></p>]]></text>
      <feedback format="html">
        <text></text>
      </feedback>
    </answer>
    <answer fraction="0" format="html">
      <text><![CDATA[<p dir="ltr" style="text-align: left;">drive<br></p>]]></text>
      <feedback format="html">
        <text></text>
      </feedback>
    </answer>
    <answer fraction="0" format="html">
      <text><![CDATA[<p dir="ltr" style="text-align: left;">draw<br></p>]]></text>
      <feedback format="html">
        <text></text>
      </feedback>
    </answer>
    <answer fraction="0" format="html">
      <text><![CDATA[<p dir="ltr" style="text-align: left;">fileprint<br></p>]]></text>
      <feedback format="html">
        <text></text>
      </feedback>
    </answer>
    <answer fraction="0" format="html">
      <text><![CDATA[<p dir="ltr" style="text-align: left;">fprint<br></p>]]></text>
      <feedback format="html">
        <text></text>
      </feedback>
    </answer>
    <tags>
      <tag><text>Soubor</text>
</tag>
      <tag><text>Zápis</text>
</tag>
      <tag><text>python</text>
</tag>
    </tags>
  </question>

<!-- question: 7760  -->
  <question type="shortanswer">
    <name>
      <text>Přečtení celého souboru</text>
    </name>
    <questiontext format="html">
      <text><![CDATA[<p>Jakou funkci použijete pro přečtení celého souboru najednou?<br></p>]]></text>
    </questiontext>
    <generalfeedback format="html">
      <text><![CDATA[<p><a href="https://www.w3schools.com/python/python_file_open.asp">https://www.w3schools.com/python/python_file_open.asp</a><br></p>]]></text>
    </generalfeedback>
    <defaultgrade>2.0000000</defaultgrade>
    <penalty>0.2500000</penalty>
    <hidden>0</hidden>
    <idnumber></idnumber>
    <usecase>0</usecase>
    <answer fraction="100" format="moodle_auto_format">
      <text>read</text>
      <feedback format="html">
        <text></text>
      </feedback>
    </answer>
    <answer fraction="100" format="moodle_auto_format">
      <text>read()</text>
      <feedback format="html">
        <text></text>
      </feedback>
    </answer>
    <answer fraction="100" format="moodle_auto_format">
      <text>read(*)</text>
      <feedback format="html">
        <text></text>
      </feedback>
    </answer>
    <tags>
      <tag><text>Soubor</text>
</tag>
      <tag><text>Čtení</text>
</tag>
    </tags>
  </question>

<!-- question: 7761  -->
  <question type="shortanswer">
    <name>
      <text>Přečtení řádku ze souboru</text>
    </name>
    <questiontext format="html">
      <text><![CDATA[<p>Jakou funkci použijete, pro přečtení JEDNOHO řádku ze souboru.<br></p>]]></text>
    </questiontext>
    <generalfeedback format="html">
      <text><![CDATA[<p><a href="https://www.w3schools.com/python/ref_file_readline.asp">https://www.w3schools.com/python/ref_file_readline.asp</a><br></p>]]></text>
    </generalfeedback>
    <defaultgrade>2.0000000</defaultgrade>
    <penalty>0.2500000</penalty>
    <hidden>0</hidden>
    <idnumber></idnumber>
    <usecase>0</usecase>
    <answer fraction="100" format="moodle_auto_format">
      <text>readline</text>
      <feedback format="html">
        <text></text>
      </feedback>
    </answer>
    <answer fraction="100" format="moodle_auto_format">
      <text>readline()</text>
      <feedback format="html">
        <text></text>
      </feedback>
    </answer>
    <answer fraction="100" format="moodle_auto_format">
      <text>readline(*)</text>
      <feedback format="html">
        <text></text>
      </feedback>
    </answer>
    <tags>
      <tag><text>Soubor</text>
</tag>
      <tag><text>Čtení</text>
</tag>
      <tag><text>řádek</text>
</tag>
    </tags>
  </question>

<!-- question: 11545  -->
  <question type="truefalse">
    <name>
      <text>Čtení pomocí for</text>
    </name>
    <questiontext format="html">
      <text><![CDATA[<p dir="ltr" style="text-align: left;">Lze využít (elegantně == přehledný a krátký kód) k přečtení souboru cyklus for?<br></p>]]></text>
    </questiontext>
    <generalfeedback format="html">
      <text></text>
    </generalfeedback>
    <defaultgrade>1.0000000</defaultgrade>
    <penalty>1.0000000</penalty>
    <hidden>0</hidden>
    <idnumber></idnumber>
    <answer fraction="100" format="moodle_auto_format">
      <text>true</text>
      <feedback format="html">
        <text></text>
      </feedback>
    </answer>
    <answer fraction="0" format="moodle_auto_format">
      <text>false</text>
      <feedback format="html">
        <text></text>
      </feedback>
    </answer>
    <tags>
      <tag><text>Soubor</text>
</tag>
      <tag><text>Čtení</text>
</tag>
      <tag><text>python</text>
</tag>
    </tags>
  </question>

<!-- question: 7762  -->
  <question type="truefalse">
    <name>
      <text><![CDATA[Čtení ze souboru otevřeného s parametrem "w"]]></text>
    </name>
    <questiontext format="html">
      <text><![CDATA[<p>Pokud otevřeme soubor s parametrem "w", můžeme ze souboru číst.<br></p>]]></text>
    </questiontext>
    <generalfeedback format="html">
      <text><![CDATA[<p>https://www.w3schools.com/python/python_file_handling.asp<br></p>]]></text>
    </generalfeedback>
    <defaultgrade>1.0000000</defaultgrade>
    <penalty>1.0000000</penalty>
    <hidden>0</hidden>
    <idnumber></idnumber>
    <answer fraction="0" format="moodle_auto_format">
      <text>true</text>
      <feedback format="html">
        <text></text>
      </feedback>
    </answer>
    <answer fraction="100" format="moodle_auto_format">
      <text>false</text>
      <feedback format="html">
        <text></text>
      </feedback>
    </answer>
    <tags>
      <tag><text>Soubor</text>
</tag>
      <tag><text>Čtení</text>
</tag>
      <tag><text>Zápis</text>
</tag>
      <tag><text>Otevření</text>
</tag>
    </tags>
  </question>

<!-- question: 11548  -->
  <question type="truefalse">
    <name>
      <text>Jiné než textové soubory?</text>
    </name>
    <questiontext format="html">
      <text><![CDATA[<p dir="ltr" style="text-align: left;">Python umí pracovat pouze s textovým typem souborů.<br></p>]]></text>
    </questiontext>
    <generalfeedback format="html">
      <text></text>
    </generalfeedback>
    <defaultgrade>1.0000000</defaultgrade>
    <penalty>1.0000000</penalty>
    <hidden>0</hidden>
    <idnumber></idnumber>
    <answer fraction="0" format="moodle_auto_format">
      <text>true</text>
      <feedback format="html">
        <text></text>
      </feedback>
    </answer>
    <answer fraction="100" format="moodle_auto_format">
      <text>false</text>
      <feedback format="html">
        <text></text>
      </feedback>
    </answer>
    <tags>
      <tag><text>Soubor</text>
</tag>
      <tag><text>python</text>
</tag>
    </tags>
  </question>

<!-- question: 11547  -->
  <question type="truefalse">
    <name>
      <text>Otevření souboru read-write</text>
    </name>
    <questiontext format="html">
      <text><![CDATA[<p dir="ltr" style="text-align: left;">Soubor lze otevřít pro zápis i čtení zároveň<br></p>]]></text>
    </questiontext>
    <generalfeedback format="html">
      <text></text>
    </generalfeedback>
    <defaultgrade>1.0000000</defaultgrade>
    <penalty>1.0000000</penalty>
    <hidden>0</hidden>
    <idnumber></idnumber>
    <answer fraction="100" format="moodle_auto_format">
      <text>true</text>
      <feedback format="html">
        <text></text>
      </feedback>
    </answer>
    <answer fraction="0" format="moodle_auto_format">
      <text>false</text>
      <feedback format="html">
        <text></text>
      </feedback>
    </answer>
    <tags>
      <tag><text>Soubor</text>
</tag>
      <tag><text>Čtení</text>
</tag>
      <tag><text>Zápis</text>
</tag>
      <tag><text>python</text>
</tag>
    </tags>
  </question>

<!-- question: 7763  -->
  <question type="truefalse">
    <name>
      <text><![CDATA[Zápis do souboru otevřeného s parametrem "r"]]></text>
    </name>
    <questiontext format="html">
      <text><![CDATA[<p>Pokud otevřeme soubor s parametrem "r", můžeme do tohoto souboru zapisovat.<br></p>]]></text>
    </questiontext>
    <generalfeedback format="html">
      <text><![CDATA[<p><a href="https://www.w3schools.com/python/python_file_handling.asp">https://www.w3schools.com/python/python_file_handling.asp</a><br></p>]]></text>
    </generalfeedback>
    <defaultgrade>1.0000000</defaultgrade>
    <penalty>1.0000000</penalty>
    <hidden>0</hidden>
    <idnumber></idnumber>
    <answer fraction="0" format="moodle_auto_format">
      <text>true</text>
      <feedback format="html">
        <text></text>
      </feedback>
    </answer>
    <answer fraction="100" format="moodle_auto_format">
      <text>false</text>
      <feedback format="html">
        <text></text>
      </feedback>
    </answer>
    <tags>
      <tag><text>Soubor</text>
</tag>
      <tag><text>Čtení</text>
</tag>
      <tag><text>Zápis</text>
</tag>
      <tag><text>Otevření</text>
</tag>
    </tags>
  </question>

<!-- question: 0  -->
  <question type="category">
    <category>
      <text>$course$/top/JaroslavHoleček/Programování/Python/OOP</text>
    </category>
    <info format="moodle_auto_format">
      <text></text>
    </info>
    <idnumber></idnumber>
  </question>

<!-- question: 0  -->
  <question type="category">
    <category>
      <text>$course$/top/JaroslavHoleček/Programování/Python/OOP/Zapouzdření, dědičnost</text>
    </category>
    <info format="html">
      <text></text>
    </info>
    <idnumber></idnumber>
  </question>

<!-- question: 7776  -->
  <question type="matching">
    <name>
      <text>Zapouzdření - pojmy</text>
    </name>
    <questiontext format="html">
      <text><![CDATA[<p>Přiřaďte správně pojmy k jejich popisu.<br></p>]]></text>
    </questiontext>
    <generalfeedback format="html">
      <text></text>
    </generalfeedback>
    <defaultgrade>3.0000000</defaultgrade>
    <penalty>0.5000000</penalty>
    <hidden>0</hidden>
    <idnumber></idnumber>
    <shuffleanswers>true</shuffleanswers>
    <correctfeedback format="html">
      <text>Vaše odpověď je správná.</text>
    </correctfeedback>
    <partiallycorrectfeedback format="html">
      <text>Vaše odpověď je částečně správná.</text>
    </partiallycorrectfeedback>
    <incorrectfeedback format="html">
      <text>Vaše odpověď je chybná.</text>
    </incorrectfeedback>
    <shownumcorrect/>
    <subquestion format="html">
      <text><![CDATA[<p>Metoda, která hlídá (může hlídat) hodnoty, které ukládáme do atributu.<br></p>]]></text>
      <answer>
        <text>setter</text>
      </answer>
    </subquestion>
    <subquestion format="html">
      <text><![CDATA[<p>Metoda, která vrací hodnotu atributu<br></p>]]></text>
      <answer>
        <text>getter</text>
      </answer>
    </subquestion>
    <subquestion format="html">
      <text><![CDATA[<p>Celý proces "schování" atributů a vytvoření přístupových metod.<br></p>]]></text>
      <answer>
        <text>zapouzdření</text>
      </answer>
    </subquestion>
    <tags>
      <tag><text>OOP</text>
</tag>
      <tag><text>zapouzdření</text>
</tag>
      <tag><text>pojmy</text>
</tag>
      <tag><text>getter</text>
</tag>
      <tag><text>setter</text>
</tag>
    </tags>
  </question>

<!-- question: 7771  -->
  <question type="multichoice">
    <name>
      <text>Co je dědičnost</text>
    </name>
    <questiontext format="html">
      <text><![CDATA[<p>Dědičnost v programování znamená, že (používá se k):<br></p>]]></text>
    </questiontext>
    <generalfeedback format="html">
      <text></text>
    </generalfeedback>
    <defaultgrade>2.0000000</defaultgrade>
    <penalty>0.5000000</penalty>
    <hidden>0</hidden>
    <idnumber></idnumber>
    <single>true</single>
    <shuffleanswers>true</shuffleanswers>
    <answernumbering>abc</answernumbering>
    <showstandardinstruction>1</showstandardinstruction>
    <correctfeedback format="html">
      <text>Vaše odpověď je správná.</text>
    </correctfeedback>
    <partiallycorrectfeedback format="html">
      <text>Vaše odpověď je částečně správná.</text>
    </partiallycorrectfeedback>
    <incorrectfeedback format="html">
      <text>Vaše odpověď je chybná.</text>
    </incorrectfeedback>
    <shownumcorrect/>
    <answer fraction="100" format="html">
      <text><![CDATA[<p>Necháme jednu třídu přejmout vlastnosti (atributy a metody) jiné třídy.<br></p>]]></text>
      <feedback format="html">
        <text></text>
      </feedback>
    </answer>
    <answer fraction="0" format="html">
      <text><![CDATA[<p>Jedna verze kódu je starší než jiná.<br></p>]]></text>
      <feedback format="html">
        <text></text>
      </feedback>
    </answer>
    <answer fraction="0" format="html">
      <text><![CDATA[<p>Na jednom kódu spolupracují rodinní příslušníci napříč generacemi (např.: otec-syn)<br></p>]]></text>
      <feedback format="html">
        <text></text>
      </feedback>
    </answer>
    <tags>
      <tag><text>OOP</text>
</tag>
      <tag><text>dědičnost</text>
</tag>
    </tags>
  </question>

<!-- question: 7777  -->
  <question type="multichoice">
    <name>
      <text>Jen kladná čísla v atributu</text>
    </name>
    <questiontext format="html">
      <text><![CDATA[<p>Jakým způsobem zajistíme, aby byly v atributu pouze kladná čísla?<br></p>]]></text>
    </questiontext>
    <generalfeedback format="html">
      <text></text>
    </generalfeedback>
    <defaultgrade>1.0000000</defaultgrade>
    <penalty>0.5000000</penalty>
    <hidden>0</hidden>
    <idnumber></idnumber>
    <single>true</single>
    <shuffleanswers>true</shuffleanswers>
    <answernumbering>abc</answernumbering>
    <showstandardinstruction>1</showstandardinstruction>
    <correctfeedback format="html">
      <text>Vaše odpověď je správná.</text>
    </correctfeedback>
    <partiallycorrectfeedback format="html">
      <text>Vaše odpověď je částečně správná.</text>
    </partiallycorrectfeedback>
    <incorrectfeedback format="html">
      <text>Vaše odpověď je chybná.</text>
    </incorrectfeedback>
    <shownumcorrect/>
    <answer fraction="100" format="html">
      <text><![CDATA[<p>Do setteru zapíšeme podmínku (if-else)<br></p>]]></text>
      <feedback format="html">
        <text></text>
      </feedback>
    </answer>
    <answer fraction="0" format="html">
      <text><![CDATA[<p>Do setteru zapíšeme cyklus (for)<br></p>]]></text>
      <feedback format="html">
        <text></text>
      </feedback>
    </answer>
    <answer fraction="0" format="html">
      <text><![CDATA[<p>Nastavíme atribut na datový typ "int"<br></p>]]></text>
      <feedback format="html">
        <text></text>
      </feedback>
    </answer>
    <answer fraction="0" format="html">
      <text><![CDATA[<p>Za název atributu zapíšeme "+only"<br></p>]]></text>
      <feedback format="html">
        <text></text>
      </feedback>
    </answer>
    <tags>
      <tag><text>zapouzdření</text>
</tag>
      <tag><text>setter</text>
</tag>
      <tag><text>OOP</text>
</tag>
    </tags>
  </question>

<!-- question: 11559  -->
  <question type="multichoice">
    <name>
      <text>Pořadí tříd I</text>
    </name>
    <questiontext format="html">
      <text><![CDATA[<p dir="ltr" style="text-align: left;">V jakém vztahu jsou třídy Obdélník a Čtverec?</p><p dir="ltr" style="text-align: left;">Pozn.: Myšleno při jakém vztahu budeme muset psát méně kódu.<br></p>]]></text>
    </questiontext>
    <generalfeedback format="html">
      <text></text>
    </generalfeedback>
    <defaultgrade>2.0000000</defaultgrade>
    <penalty>0.5000000</penalty>
    <hidden>0</hidden>
    <idnumber></idnumber>
    <single>true</single>
    <shuffleanswers>true</shuffleanswers>
    <answernumbering>abc</answernumbering>
    <showstandardinstruction>0</showstandardinstruction>
    <correctfeedback format="html">
      <text>Vaše odpověď je správná.</text>
    </correctfeedback>
    <partiallycorrectfeedback format="html">
      <text>Vaše odpověď je částečně správná.</text>
    </partiallycorrectfeedback>
    <incorrectfeedback format="html">
      <text>Vaše odpověď je chybná.</text>
    </incorrectfeedback>
    <shownumcorrect/>
    <answer fraction="100" format="html">
      <text><![CDATA[<p dir="ltr" style="text-align: left;">Čtverec dědí od Obdélníku<br></p>]]></text>
      <feedback format="html">
        <text></text>
      </feedback>
    </answer>
    <answer fraction="0" format="html">
      <text><![CDATA[<p dir="ltr" style="text-align: left;">Obdélník dědí od Čtverce<br></p>]]></text>
      <feedback format="html">
        <text></text>
      </feedback>
    </answer>
    <answer fraction="0" format="html">
      <text><![CDATA[<p dir="ltr" style="text-align: left;">Nejsou ve vztahu ISA - tedy nedědí jeden od druhého<br></p>]]></text>
      <feedback format="html">
        <text></text>
      </feedback>
    </answer>
    <answer fraction="0" format="html">
      <text><![CDATA[<p dir="ltr" style="text-align: left;">Je to jedno - kód bude zhruba stejně dlouhý<br></p>]]></text>
      <feedback format="html">
        <text></text>
      </feedback>
    </answer>
    <tags>
      <tag><text>OOP</text>
</tag>
      <tag><text>dědičnost</text>
</tag>
      <tag><text>python</text>
</tag>
    </tags>
  </question>

<!-- question: 11560  -->
  <question type="multichoice">
    <name>
      <text>Pořadí tříd II</text>
    </name>
    <questiontext format="html">
      <text><![CDATA[<p dir="ltr" style="text-align: left;">V jakém vztahu jsou třídy Auto a Volant?</p><p dir="ltr" style="text-align: left;">Pozn.: Myšleno při jakém vztahu budeme muset psát méně kódu.<br></p>]]></text>
    </questiontext>
    <generalfeedback format="html">
      <text></text>
    </generalfeedback>
    <defaultgrade>2.0000000</defaultgrade>
    <penalty>0.5000000</penalty>
    <hidden>0</hidden>
    <idnumber></idnumber>
    <single>true</single>
    <shuffleanswers>true</shuffleanswers>
    <answernumbering>abc</answernumbering>
    <showstandardinstruction>0</showstandardinstruction>
    <correctfeedback format="html">
      <text>Vaše odpověď je správná.</text>
    </correctfeedback>
    <partiallycorrectfeedback format="html">
      <text>Vaše odpověď je částečně správná.</text>
    </partiallycorrectfeedback>
    <incorrectfeedback format="html">
      <text>Vaše odpověď je chybná.</text>
    </incorrectfeedback>
    <shownumcorrect/>
    <answer fraction="100" format="html">
      <text><![CDATA[<p dir="ltr" style="text-align: left;">Nejsou ve vztahu ISA - tedy nedědí jeden od druhého<br></p>]]></text>
      <feedback format="html">
        <text></text>
      </feedback>
    </answer>
    <answer fraction="0" format="html">
      <text><![CDATA[<p dir="ltr" style="text-align: left;">Volant dědí od Auto<br></p>]]></text>
      <feedback format="html">
        <text></text>
      </feedback>
    </answer>
    <answer fraction="0" format="html">
      <text><![CDATA[<p dir="ltr" style="text-align: left;">Auto dědí od Volant<br></p>]]></text>
      <feedback format="html">
        <text></text>
      </feedback>
    </answer>
    <answer fraction="0" format="html">
      <text><![CDATA[<p dir="ltr" style="text-align: left;">Je to jedno - kód bude zhruba stejně dlouhý<br></p>]]></text>
      <feedback format="html">
        <text></text>
      </feedback>
    </answer>
    <tags>
      <tag><text>dědičnost</text>
</tag>
      <tag><text>python</text>
</tag>
      <tag><text>OOP</text>
</tag>
    </tags>
  </question>

<!-- question: 11561  -->
  <question type="multichoice">
    <name>
      <text>Pořadí tříd III</text>
    </name>
    <questiontext format="html">
      <text><![CDATA[<p dir="ltr" style="text-align: left;">V jakém vztahu jsou třídy Kolo a SilnicniKolo?</p><p dir="ltr" style="text-align: left;">Pozn.: Myšleno při jakém vztahu budeme muset psát méně kódu.<br></p>]]></text>
    </questiontext>
    <generalfeedback format="html">
      <text></text>
    </generalfeedback>
    <defaultgrade>2.0000000</defaultgrade>
    <penalty>0.5000000</penalty>
    <hidden>0</hidden>
    <idnumber></idnumber>
    <single>true</single>
    <shuffleanswers>true</shuffleanswers>
    <answernumbering>abc</answernumbering>
    <showstandardinstruction>0</showstandardinstruction>
    <correctfeedback format="html">
      <text>Vaše odpověď je správná.</text>
    </correctfeedback>
    <partiallycorrectfeedback format="html">
      <text>Vaše odpověď je částečně správná.</text>
    </partiallycorrectfeedback>
    <incorrectfeedback format="html">
      <text>Vaše odpověď je chybná.</text>
    </incorrectfeedback>
    <shownumcorrect/>
    <answer fraction="100" format="html">
      <text><![CDATA[<p dir="ltr" style="text-align: left;">SilnicniKolo dědí od Kolo<br></p>]]></text>
      <feedback format="html">
        <text></text>
      </feedback>
    </answer>
    <answer fraction="0" format="html">
      <text><![CDATA[<p dir="ltr" style="text-align: left;">Nejsou ve vztahu ISA - tedy nedědí jeden od druhého<br></p>]]></text>
      <feedback format="html">
        <text></text>
      </feedback>
    </answer>
    <answer fraction="0" format="html">
      <text><![CDATA[<p dir="ltr" style="text-align: left;">Kolo dědí od SilnicniKolo<br></p>]]></text>
      <feedback format="html">
        <text></text>
      </feedback>
    </answer>
    <answer fraction="0" format="html">
      <text><![CDATA[<p dir="ltr" style="text-align: left;">Je to jedno - kód bude zhruba stejně dlouhý<br></p>]]></text>
      <feedback format="html">
        <text></text>
      </feedback>
    </answer>
    <tags>
      <tag><text>dědičnost</text>
</tag>
      <tag><text>python</text>
</tag>
      <tag><text>OOP</text>
</tag>
    </tags>
  </question>

<!-- question: 11562  -->
  <question type="multichoice">
    <name>
      <text>Pořadí tříd IV</text>
    </name>
    <questiontext format="html">
      <text><![CDATA[<p dir="ltr" style="text-align: left;">V jakém vztahu jsou třídy Divka a Chlapec?</p><p dir="ltr" style="text-align: left;">Pozn.: Myšleno při jakém vztahu budeme muset psát méně kódu.<br></p>]]></text>
    </questiontext>
    <generalfeedback format="html">
      <text></text>
    </generalfeedback>
    <defaultgrade>2.0000000</defaultgrade>
    <penalty>0.5000000</penalty>
    <hidden>0</hidden>
    <idnumber></idnumber>
    <single>true</single>
    <shuffleanswers>true</shuffleanswers>
    <answernumbering>abc</answernumbering>
    <showstandardinstruction>0</showstandardinstruction>
    <correctfeedback format="html">
      <text>Vaše odpověď je správná.</text>
    </correctfeedback>
    <partiallycorrectfeedback format="html">
      <text>Vaše odpověď je částečně správná.</text>
    </partiallycorrectfeedback>
    <incorrectfeedback format="html">
      <text>Vaše odpověď je chybná.</text>
    </incorrectfeedback>
    <shownumcorrect/>
    <answer fraction="100" format="html">
      <text><![CDATA[<p dir="ltr" style="text-align: left;">Nejsou ve vztahu ISA - tedy nedědí jeden od druhého<br></p>]]></text>
      <feedback format="html">
        <text></text>
      </feedback>
    </answer>
    <answer fraction="0" format="html">
      <text><![CDATA[<p dir="ltr" style="text-align: left;">Chlapec dědí od Divka<br></p>]]></text>
      <feedback format="html">
        <text></text>
      </feedback>
    </answer>
    <answer fraction="0" format="html">
      <text><![CDATA[<p dir="ltr" style="text-align: left;">Divka dědí od Chlapec<br></p>]]></text>
      <feedback format="html">
        <text></text>
      </feedback>
    </answer>
    <answer fraction="0" format="html">
      <text><![CDATA[<p dir="ltr" style="text-align: left;">Je to jedno - kód bude zhruba stejně dlouhý<br></p>]]></text>
      <feedback format="html">
        <text></text>
      </feedback>
    </answer>
    <tags>
      <tag><text>dědičnost</text>
</tag>
      <tag><text>python</text>
</tag>
      <tag><text>OOP</text>
</tag>
    </tags>
  </question>

<!-- question: 7778  -->
  <question type="multichoice">
    <name>
      <text>Proč zapouzdření</text>
    </name>
    <questiontext format="html">
      <text><![CDATA[<p>Zapouzdření provádíme protože:<br></p>]]></text>
    </questiontext>
    <generalfeedback format="html">
      <text></text>
    </generalfeedback>
    <defaultgrade>2.0000000</defaultgrade>
    <penalty>0.5000000</penalty>
    <hidden>0</hidden>
    <idnumber></idnumber>
    <single>true</single>
    <shuffleanswers>true</shuffleanswers>
    <answernumbering>abc</answernumbering>
    <showstandardinstruction>1</showstandardinstruction>
    <correctfeedback format="html">
      <text>Vaše odpověď je správná.</text>
    </correctfeedback>
    <partiallycorrectfeedback format="html">
      <text>Vaše odpověď je částečně správná.</text>
    </partiallycorrectfeedback>
    <incorrectfeedback format="html">
      <text>Vaše odpověď je chybná.</text>
    </incorrectfeedback>
    <shownumcorrect/>
    <answer fraction="100" format="html">
      <text><![CDATA[<p>Chceme zajistit, aby hodnoty atributů objektu byly omezené - nechceme, aby se v atributech vyskytovaly některé hodnoty.<br></p>]]></text>
      <feedback format="html">
        <text></text>
      </feedback>
    </answer>
    <answer fraction="0" format="html">
      <text><![CDATA[<p>Chceme umožnit zapsat do atributu jakoukoliv hodnotu.<br></p>]]></text>
      <feedback format="html">
        <text></text>
      </feedback>
    </answer>
    <answer fraction="0" format="html">
      <text><![CDATA[<p>Máme rádi pouzdra. <br></p>]]></text>
      <feedback format="html">
        <text></text>
      </feedback>
    </answer>
    <answer fraction="0" format="html">
      <text><![CDATA[<p>Chceme, aby náš kód obsahoval co nejvíc kódu je možné.<br></p>]]></text>
      <feedback format="html">
        <text></text>
      </feedback>
    </answer>
    <tags>
      <tag><text>OOP</text>
</tag>
      <tag><text>zapouzdření</text>
</tag>
    </tags>
  </question>

<!-- question: 7779  -->
  <question type="shortanswer">
    <name>
      <text>Vytvoření skryté proměnné</text>
    </name>
    <questiontext format="html">
      <text><![CDATA[<p>Co musíme zapsat před název atributu (proměnné), abychom z něj udělali skrytý atribut ("private") - schovali ho. Nebude tedy dostupný odjinud, než ze třídy (objektu), ve které(m) je uložený.<br></p>]]></text>
    </questiontext>
    <generalfeedback format="html">
      <text></text>
    </generalfeedback>
    <defaultgrade>2.0000000</defaultgrade>
    <penalty>0.5000000</penalty>
    <hidden>0</hidden>
    <idnumber></idnumber>
    <usecase>0</usecase>
    <answer fraction="100" format="moodle_auto_format">
      <text>__</text>
      <feedback format="html">
        <text></text>
      </feedback>
    </answer>
    <answer fraction="33.33333" format="moodle_auto_format">
      <text>_</text>
      <feedback format="html">
        <text></text>
      </feedback>
    </answer>
    <tags>
      <tag><text>zapouzdření</text>
</tag>
      <tag><text>private</text>
</tag>
      <tag><text>OOP</text>
</tag>
    </tags>
  </question>

<!-- question: 7772  -->
  <question type="truefalse">
    <name>
      <text>Co se dědí - atributy</text>
    </name>
    <questiontext format="html">
      <text><![CDATA[<p>Pokud vytvořím třídu jako potomka (podtřídu) jiné třídy, získává tato podtřída všechny viditelné atributy nadtřídy (rodiče).<br></p>]]></text>
    </questiontext>
    <generalfeedback format="html">
      <text></text>
    </generalfeedback>
    <defaultgrade>1.0000000</defaultgrade>
    <penalty>1.0000000</penalty>
    <hidden>0</hidden>
    <idnumber></idnumber>
    <answer fraction="100" format="moodle_auto_format">
      <text>true</text>
      <feedback format="html">
        <text></text>
      </feedback>
    </answer>
    <answer fraction="0" format="moodle_auto_format">
      <text>false</text>
      <feedback format="html">
        <text></text>
      </feedback>
    </answer>
    <tags>
      <tag><text>dědičnost</text>
</tag>
      <tag><text>atributy</text>
</tag>
      <tag><text>OOP</text>
</tag>
    </tags>
  </question>

<!-- question: 7773  -->
  <question type="truefalse">
    <name>
      <text>Co se dědí - metody</text>
    </name>
    <questiontext format="html">
      <text><![CDATA[<p>Pokud vytvořím třídu jako potomka (podtřídu) jiné třídy, získává tato podtřída všechny viditelné metody nadtřídy (rodiče).<br></p>]]></text>
    </questiontext>
    <generalfeedback format="html">
      <text></text>
    </generalfeedback>
    <defaultgrade>1.0000000</defaultgrade>
    <penalty>1.0000000</penalty>
    <hidden>0</hidden>
    <idnumber></idnumber>
    <answer fraction="100" format="moodle_auto_format">
      <text>true</text>
      <feedback format="html">
        <text></text>
      </feedback>
    </answer>
    <answer fraction="0" format="moodle_auto_format">
      <text>false</text>
      <feedback format="html">
        <text></text>
      </feedback>
    </answer>
    <tags>
      <tag><text>dědičnost</text>
</tag>
      <tag><text>metody</text>
</tag>
      <tag><text>OOP</text>
</tag>
    </tags>
  </question>

<!-- question: 7774  -->
  <question type="truefalse">
    <name>
      <text>Dědičnost - počet potomků</text>
    </name>
    <questiontext format="html">
      <text><![CDATA[<p>Od jedné třídy může dědit (může být podtřídou) vždy jen jedna jiná třída.<br></p>]]></text>
    </questiontext>
    <generalfeedback format="html">
      <text></text>
    </generalfeedback>
    <defaultgrade>1.0000000</defaultgrade>
    <penalty>1.0000000</penalty>
    <hidden>0</hidden>
    <idnumber></idnumber>
    <answer fraction="0" format="moodle_auto_format">
      <text>true</text>
      <feedback format="html">
        <text></text>
      </feedback>
    </answer>
    <answer fraction="100" format="moodle_auto_format">
      <text>false</text>
      <feedback format="html">
        <text></text>
      </feedback>
    </answer>
    <tags>
      <tag><text>OOP</text>
</tag>
      <tag><text>dědičnost</text>
</tag>
      <tag><text>podtřída</text>
</tag>
      <tag><text>nadtřída</text>
</tag>
    </tags>
  </question>

<!-- question: 11558  -->
  <question type="truefalse">
    <name>
      <text>Dědičnost - počet rodičů</text>
    </name>
    <questiontext format="html">
      <text><![CDATA[<p>Jedna třída může dědit (může být podtřídou) vždy jen jedné jiné třída.<br></p>]]></text>
    </questiontext>
    <generalfeedback format="html">
      <text></text>
    </generalfeedback>
    <defaultgrade>1.0000000</defaultgrade>
    <penalty>1.0000000</penalty>
    <hidden>0</hidden>
    <idnumber></idnumber>
    <answer fraction="0" format="moodle_auto_format">
      <text>true</text>
      <feedback format="html">
        <text></text>
      </feedback>
    </answer>
    <answer fraction="100" format="moodle_auto_format">
      <text>false</text>
      <feedback format="html">
        <text></text>
      </feedback>
    </answer>
    <tags>
      <tag><text>dědičnost</text>
</tag>
      <tag><text>podtřída</text>
</tag>
      <tag><text>nadtřída</text>
</tag>
      <tag><text>OOP</text>
</tag>
    </tags>
  </question>

<!-- question: 7775  -->
  <question type="truefalse">
    <name>
      <text>Kladná čísla</text>
    </name>
    <questiontext format="html">
      <text><![CDATA[<p>Tato část kódu zajistí, aby byli do __x uloženy pouze kladná čísla. nebo nula.</p><p><img src="@@PLUGINFILE@@/SPS_Moodle_Testy_Python_kladna_cisla.png" alt="" role="presentation" class="img-responsive atto_image_button_text-bottom" width="162" height="73"><br></p>]]></text>
<file name="SPS_Moodle_Testy_Python_kladna_cisla.png" path="/" encoding="base64">iVBORw0KGgoAAAANSUhEUgAAAKIAAABJCAYAAAC+cf1aAAAABHNCSVQICAgIfAhkiAAAABl0RVh0U29mdHdhcmUAZ25vbWUtc2NyZWVuc2hvdO8Dvz4AAA8oSURBVHic7Z15cBTnmYef7p5LMyOhawTCICRZAnEfxraMOQzCAhJzmUXGxkdsCIl3vUnF5fio2ri8qdQ62S3XpmwnNgSvcTBZjK+sMRDsWBAkQIAkZASSEDoQQqATnXP3dO8fCIOMNDOAjUain79UM93vfK3+zfv29/Wv3xHGjx+voqHRz4j9PQANDdCEqBEiaELUCAl6F6IgsHiWgSdtve+UmKzndwuMvL3QQFZ0oE9IZN5zvyEzUbqxkeoms+yV57k7WrixOBohia7XV1WV4kofpq7e9hD5QSrszXWzy/79Du77QcSW8RKrIz/hjY9L8fXnUCxjScxYQfzwCJS2E5zd8wF1Da7+HFG/0WdpPn3OR5nz6tcFvUAkKvW9vKdxLVixzVqNzbGDwo0vc7wsjJGZixjSe2oY9Fx12PHJep5NFrAY4chhD+82db8hCPwgXU+GBYboBZ6aJ+JRVXIKvPy1LdDHCISlLOGRVXMYZXVQvfttPso5gwzoht7DwpVLGRdvQWmvoHD7e+wpbUNFwJS4gKVZC0gKd3M+vxjfpa+NmMi8Z9cRXXYMKSGVuBgjTXs3BIwpJCzmidX3EmkegkVcyzNpXpDL+OL1TZQ6jYyc+xSZ6anEWnXIbZUU7djMnpILKNfwD5XCE0m7ay5TI47x4acFuPva0DCa2JEdNH76NW5ZwX18HxemrSR26Ge0113M00LMbFY8OZeuz/+Dv5V5r2EUA4+rhHi+yssvqwUWz9QTe+UbqsrOgx52mSVemiWwK1vmaLBnSIgieXgzf37tWRyJD/HkY4sYfWQ9JZ7bSF/1EHFlb/D6H2vQp63isYceoem1tyh2pjBn1XyEfb/jtbwOhmX+gseMMqeuiBlvLGbjW1vxDHuAp34aRMwz23n31R3flOY3ryzNgoRoL2Xvxj9zutmNedwjPL4qi4bfrue4I8BSq2BgSOKdTLv3PqakWmg5sZ/CA+V4/O0SHkeY0EyzfShx6ZPwlRTh6DQTGRkGdd3XRJKFSNtQBNPgvy6+SYXAQcXhg7R4Fagq5qxvCVERIoJvHKlx1RRurMKlqLjKsilue4ExSQZOtE4g2XSCr47U41Wg9kAutbPSr4jZSdWxkzhVoLGaet+kgDGLj/WZn0B1UHN47+XoZXlUuh7GFiVAn0IUMKcs4oGlcxkuV1B86FPe+6iUC64g7hHoDYiqF0U/kqFj78RdV4hTBklnuDykxl1sfGFX4FiDgJsjRNWF+5uTIyPLIqIIgsGKSe7E4e5+T+3E7hAxWUwILismRwf2Synryr8BVA9e76WYPny+wDHpu1ACemKnLmf+7EkMteoAHaZwJ/kBJvuSNY5Yq8yFkloazp+jIxgRAng9KIIe0XmYkncPg2BjRDr45MFdgvuiXy+NVWcXLl0CZqMAsgpCOBazgsvuQnV04TJaMF6qSoYwjEGsAPmL2ZOe5U6Ins0Pl46i8p1X2VZrR5HSWPTiavwXRZXOok28VRZH8rQ53PFP/8YCoYaSI7kcLSimvkvue8/ORpzqJMxDRGhWQLJhDnfgbHMEPshBSL8uaKutJVQ0JTNtZhImUSI8bR4To05x6rQHpb6YSncaY283AyJDJt7ByGCE6Cdm9xY47XaMcfGEX3n0BhMGXwtNTQ4URKxp95AaEdy1mepqpPLAh2x77SX+9HEBzhELyXpwOiZ/O3nKaa6NIG7yBIySAfO4WUR7i2luuJz2hZg5ZD3/7ywaqw9qHAOZnhlRFHlopo67DBBmFJCmGpigQHmplw11Kt+5O0KpI2/rNiJX/oSfzbGgdlRRtG0TxR0qUMm+D3JYsuJF1skOHA0tNHnDbjAmgErX8S/Jn/ooa19eiM9dyu7fv0tJQw7ZBWvJ/PmvmNHhwFlfw/m2a5kvA3jpqD7A3uoD7JOkALPtLppytmCZv4JpP34Utb2E2i920n5lEpXMRMTYUI2Df7IiaO4bjVBAu9esERJoQtQICTQhaoQEvQrRarXe7HFo3OJoGVEjJNCEqBESaELUCAkGpvtNSiYjaTrxogmz+whbakq52qOrwxZ9H/Nt8Zjp4kTt/5HnuNYFao2bxcAUoq+KryqqkCLm8qOoPrYRRzDFZqS0egtFnkEmwEHo7B60pVmQLJjpos07yEQ4SJ3d/T58yZjKrOFTSTIaEBQnza257GxqQAZE/QimD7uTsZZwJN8FKhtzyG1v9/+ciRDFlIT5TDAYMEsS96VkIat2yup2ke/8HkQZPpVlzyzBvvW3fFntRoiYzvJ/WUTbX/6T7Bp/trPrJAhn90Ckn4WoZ5TtTmz2v7OluhGvGM4wk9Btrohk0m2zGeXK4ZOTZ3EZ0rg/YRaTXDs46vZze1xtpajmQ77Wj2dpUgxFFfs4/X3eTe8sYven43lyxXJO/WE31mUPEpW/ns++DxESpLN7ANLvGVFVwaCPZIjuAs1yJ+e77XiCKYlUYz1Hz9TSqQLuck7YpzDFYqHI3fXdO4GuGxXnyY/ZOfoFHnh6DKJrH1uza+jbiQggEjP7FzwxfwTfdrbJJ7fwxy35fVt4g3B2D0T6WYheahr/QZRtInOT78KqtlLRmEtueztIYZjFeNKTV3Bn99aioGL3hKA3T3Vy5kgBnnsXYP8kj6aAFVKh9dAG/vS17irjreq1+/WRD1Znd79nRMVbR+G5OgqRCI+YweJhk0no2McZnxOHXMWByoPU9ZX+VBVVEAK4qG8C0nDuXjYDx6F8zBmrGF+2nuPt/nK2SFT6T3ny/pFXZ8Syzbz5/pE+xThYnd39fo0Ya41HcNXRLKsoqoKqqsiA4j5NhZzJtJgqWlsacGAk0nwbVm81Zz0XT7Lq7aDLMJRhulIq5OCLtRAzh5Vr5tG5/TfsKr3RTKJn2NwnuMu9g01/PYQ545dkrZjJ2U059O2rVWjNe5v1RdeRET3lNNc+SOLkCdTvLUPqdnaXNgzciQr0uxAFTObxzBw+G6soIHsbKDuf250BW/n67AH0w+5h5Zhw9KqHDmcNhfXV3+ytuEo51J7BfSmPcZ96jtyKv1MWzPn4Dp3P+lEPsOTudvb8YT/tikr7ns0UPP2vLJ5xii259X26tBV3J53XNZ8Jwtk9AOnVoW21WunqGrgzMI2Bx6Bd0NYYWPT7ZCUkEIczbt50bL1+LSVEgw+lt7YNqp2zR7KpbAudxaSBilaaNUKCXnOAJkKNm412jagREmhC1AgJNCFqhARBz5oFg8iPZ+oYoxeI7JB5Ls9HqzZZ1PiOCDojqh6FDdkeXjimMLBvr2uEIlpp1ggJrirNUpjIsok65sQI6L0Kh0pl3q9TA/jrQGeVeHyKxB1WAcGnUlMj89/lCp4gYt5KvaI1eqenEAWBzGk6JrfJ/Dpfocsi8fTdOjLbvewMsLQ4ZbREYovMc7kKbp1ASgQXb/gHE/MW6hWt0Ts9SrMYLjIjXGVHuUKzAq5OH3uaBSbbAnv+VBXCwgSGmUCVVcovXMx4wcS82Cv6n/mwyF/7c43BTI+MKBoFIiSBrJkGlne/JknQ1nWx0a+/SXJRmUz8GIk1s3TEqAp5pTJb6lS4gZgatw49hKi6ocOl8Jd/yJT2ZaRTQRGunuX4nAqfFyl8DsTG63h+ksTE8zLHgompccvTQ0++Th95bpElt4sMEUEQIT5WZLzl8jaqQ6XFIpLyrWd1Rg0VSTRdzHKyCqrvYg//YGLeSr2iNXqn52RFVflbgYxpgo5fZwqYUGluU9hefDmV+Tp9fHROx5oMI2sUhc3ZXnI8EB4lsXqSnmgdeFwK+4ovZcDAMW+lXtEavaP10NYICbQFbY2QQBOiRkigCVEjJNB6aGuEBFpG1AgJNCFqhASaEDVCgoEpRCmZjJQsHh39OOtGjcXS60Y6bNHzeXjMY6wZs5x088A81KsQE5n33G/ITAzip1r9oZvMslee5+7o0LiJMDAfsL/Ve2iHFCK2jJdYHfkJb3xc6r+br98og5TB20N7cNLvGVHroX09CISlLOGRVXMYZXVQvfttPso5gwzoht7DwpVLGRdvQWmvoHD7e+wpbUNFwJS4gKVZC0gKd3M+vxjfpTQkJjLv2XVElx1DSkglLsZI094NAWMKCYt5YvW9RJqHYBHX8kyaF+Qyvnh9E6VOIyPnPkVmeiqxVh1yWyVFOzazp+RCrx3SpLi4uFe+/aLBYMDjuRkmVT1J8feT4srmw5qDFLSepUOVsXvdqEQyOWE+yZ48ttfkUtglkTZ8Chb7Keq7lSgak5gS1sXx9uYrHuhyUd9eQnGnwsghHvIqdrLvwinOXUP/xGvC00BN8wgylo2h6WgdI1asJaX8f/issCXAD4dfJ0IkSTPmM1Y8zCcbNpJTY2PG8gl0HiygSbmNGWvWkVD+Fhs3fsDRC7eT8dB0XAX5NCopZKzLIiznv3jn/S9oSlzE7BSV6v37qXNdjJnc+Tn/u/kj8srNpGdNw5HnP2ZD00mKcrOpFCeT1rqFN9dv5eD+IpplQDASZTNyJvt9dn6+k2NtqWSsmoLjUAGNvTwN0u8ZUeuh3ZOAPbQBcFBx+CAtXgWqijnrW0JUhIjgG0dqXDWFG6twKSqusmyK215gTJKBE60TSDad4Ksj9XgVqD2QS+2s9CtidlJ17CROFWispt43KWDM4mN+Rqk6qDm893L0sjwqXQ9jixLAcfXZ03pofxfczB7aAKoLt+vSyZSRZRFRBMFgxSR34rj0qwtqJ3aHiMliQnBZMTk6sF8a25V/A6gevN5LMX34fIFj4nekemKnLmf+7EkMteoAHaZwJ/l9TPb7PSNqPbR7EqiHtj9UZxcuXQJmo3DRnSyEYzEruOwuVEcXLqOFbyyfhjCMQawA+YvZk55nQYiezQ+XjqLynVfZVmtHkdJY9OLqPs+V1kN7oPXQ9oPaWkJF0wNMm5lE2Zc16NPmMTHqFPtPe1AcxVS6f8TY281UlbsYMvEORkpQdQMxu7fAabdjHB1PuFhy+ZgNJgy+FpqaHCiIWNPuITVCoKSPz9F6aN8gN7+Hth+UOvK2biNy5U/42RwLakcVRds2UdyhApXs+yCHJSteZJ3swNHQQpM37AZjAqh0Hf+S/KmPsvblhfjcpez+/buUNOSQXbCWzJ//ihkdDpz1NZzv+5upNerUCA0G7YK2xsCi3ycrIYHWQ7vf0UqzRkig9dDWCAn+H3FfFIt/LJMbAAAAAElFTkSuQmCC</file>
    </questiontext>
    <generalfeedback format="html">
      <text></text>
    </generalfeedback>
    <defaultgrade>1.0000000</defaultgrade>
    <penalty>1.0000000</penalty>
    <hidden>0</hidden>
    <idnumber></idnumber>
    <answer fraction="100" format="moodle_auto_format">
      <text>true</text>
      <feedback format="html">
        <text></text>
      </feedback>
    </answer>
    <answer fraction="0" format="moodle_auto_format">
      <text>false</text>
      <feedback format="html">
        <text></text>
      </feedback>
    </answer>
    <tags>
      <tag><text>if</text>
</tag>
      <tag><text>else</text>
</tag>
    </tags>
  </question>

<!-- question: 7780  -->
  <question type="truefalse">
    <name>
      <text>Přístup k private</text>
    </name>
    <questiontext format="html">
      <text><![CDATA[<p>K "private" atributu (proměnné v objeku - např. __rychlost) můžeme PŘÍMO přistupovat odkudkoliv z programu.<br></p>]]></text>
    </questiontext>
    <generalfeedback format="html">
      <text></text>
    </generalfeedback>
    <defaultgrade>1.0000000</defaultgrade>
    <penalty>1.0000000</penalty>
    <hidden>0</hidden>
    <idnumber></idnumber>
    <answer fraction="0" format="moodle_auto_format">
      <text>true</text>
      <feedback format="html">
        <text></text>
      </feedback>
    </answer>
    <answer fraction="100" format="moodle_auto_format">
      <text>false</text>
      <feedback format="html">
        <text></text>
      </feedback>
    </answer>
    <tags>
      <tag><text>OOP</text>
</tag>
      <tag><text>zapouzdření</text>
</tag>
      <tag><text>private</text>
</tag>
      <tag><text>přístup</text>
</tag>
    </tags>
  </question>

<!-- question: 0  -->
  <question type="category">
    <category>
      <text>$course$/top/JaroslavHoleček/Programování/Python/Základní princip</text>
    </category>
    <info format="html">
      <text></text>
    </info>
    <idnumber></idnumber>
  </question>

<!-- question: 7818  -->
  <question type="matching">
    <name>
      <text>Používané znaky</text>
    </name>
    <questiontext format="html">
      <text><![CDATA[<p dir="ltr" style="text-align: left;">Přiřaďte k jednotlivým znakům jejich význam.<br></p>]]></text>
    </questiontext>
    <generalfeedback format="html">
      <text></text>
    </generalfeedback>
    <defaultgrade>2.0000000</defaultgrade>
    <penalty>0.5000000</penalty>
    <hidden>0</hidden>
    <idnumber></idnumber>
    <shuffleanswers>true</shuffleanswers>
    <correctfeedback format="html">
      <text>Vaše odpověď je správná.</text>
    </correctfeedback>
    <partiallycorrectfeedback format="html">
      <text>Vaše odpověď je částečně správná.</text>
    </partiallycorrectfeedback>
    <incorrectfeedback format="html">
      <text>Vaše odpověď je chybná.</text>
    </incorrectfeedback>
    <shownumcorrect/>
    <subquestion format="html">
      <text><![CDATA[<p dir="ltr" style="text-align: left;">Konec příkazu<br></p>]]></text>
      <answer>
        <text>Konec řádku</text>
      </answer>
    </subquestion>
    <subquestion format="html">
      <text><![CDATA[<p dir="ltr" style="text-align: left;">Vnoření<br></p>]]></text>
      <answer>
        <text>Dvojtečka a tabulátor</text>
      </answer>
    </subquestion>
    <subquestion format="html">
      <text><![CDATA[<p dir="ltr" style="text-align: left;">Oddělovač hodnot (případně proměnných)<br></p>]]></text>
      <answer>
        <text>Čárka</text>
      </answer>
    </subquestion>
    <tags>
      <tag><text>python</text>
</tag>
      <tag><text>znaky</text>
</tag>
    </tags>
  </question>

<!-- question: 7820  -->
  <question type="multichoice">
    <name>
      <text>Co je konzole</text>
    </name>
    <questiontext format="html">
      <text><![CDATA[<p dir="ltr" style="text-align: left;">Co je to v programování konzole?<br></p>]]></text>
    </questiontext>
    <generalfeedback format="html">
      <text></text>
    </generalfeedback>
    <defaultgrade>2.0000000</defaultgrade>
    <penalty>0.5000000</penalty>
    <hidden>0</hidden>
    <idnumber></idnumber>
    <single>true</single>
    <shuffleanswers>true</shuffleanswers>
    <answernumbering>abc</answernumbering>
    <showstandardinstruction>0</showstandardinstruction>
    <correctfeedback format="html">
      <text>Vaše odpověď je správná.</text>
    </correctfeedback>
    <partiallycorrectfeedback format="html">
      <text>Vaše odpověď je částečně správná.</text>
    </partiallycorrectfeedback>
    <incorrectfeedback format="html">
      <text>Vaše odpověď je chybná.</text>
    </incorrectfeedback>
    <shownumcorrect/>
    <answer fraction="100" format="html">
      <text><![CDATA[<p dir="ltr" style="text-align: left;">Okno pro textový vstup a výstup programu<br></p>]]></text>
      <feedback format="html">
        <text></text>
      </feedback>
    </answer>
    <answer fraction="0" format="html">
      <text><![CDATA[<p dir="ltr" style="text-align: left;">Ovladač pro hraní her<br></p>]]></text>
      <feedback format="html">
        <text></text>
      </feedback>
    </answer>
    <answer fraction="0" format="html">
      <text><![CDATA[<p dir="ltr" style="text-align: left;">Tyč na zavěšení záclon<br></p>]]></text>
      <feedback format="html">
        <text></text>
      </feedback>
    </answer>
    <answer fraction="0" format="html">
      <text><![CDATA[<p dir="ltr" style="text-align: left;">Téma konzultace<br></p>]]></text>
      <feedback format="html">
        <text></text>
      </feedback>
    </answer>
    <answer fraction="0" format="html">
      <text><![CDATA[<p dir="ltr" style="text-align: left;">Hlavní programátor<br></p>]]></text>
      <feedback format="html">
        <text></text>
      </feedback>
    </answer>
    <tags>
      <tag><text>python</text>
</tag>
      <tag><text>konzole</text>
</tag>
    </tags>
  </question>

<!-- question: 7821  -->
  <question type="multichoice">
    <name>
      <text>Co je Python</text>
    </name>
    <questiontext format="html">
      <text><![CDATA[<p dir="ltr" style="text-align: left;">Co je to v programování Python?<br></p>]]></text>
    </questiontext>
    <generalfeedback format="html">
      <text></text>
    </generalfeedback>
    <defaultgrade>3.0000000</defaultgrade>
    <penalty>0.2500000</penalty>
    <hidden>0</hidden>
    <idnumber></idnumber>
    <single>false</single>
    <shuffleanswers>true</shuffleanswers>
    <answernumbering>abc</answernumbering>
    <showstandardinstruction>0</showstandardinstruction>
    <correctfeedback format="html">
      <text>Vaše odpověď je správná.</text>
    </correctfeedback>
    <partiallycorrectfeedback format="html">
      <text>Vaše odpověď je částečně správná.</text>
    </partiallycorrectfeedback>
    <incorrectfeedback format="html">
      <text>Vaše odpověď je chybná.</text>
    </incorrectfeedback>
    <shownumcorrect/>
    <answer fraction="50" format="html">
      <text><![CDATA[<p dir="ltr" style="text-align: left;">Progamovací jazyk<br></p>]]></text>
      <feedback format="html">
        <text></text>
      </feedback>
    </answer>
    <answer fraction="50" format="html">
      <text><![CDATA[<p dir="ltr" style="text-align: left;">Interpret - program, který zpracovává zadané příkazy<br></p>]]></text>
      <feedback format="html">
        <text></text>
      </feedback>
    </answer>
    <answer fraction="-50" format="html">
      <text><![CDATA[<p dir="ltr" style="text-align: left;">Hlavní příkaz v programovacím jazyce<br></p>]]></text>
      <feedback format="html">
        <text></text>
      </feedback>
    </answer>
    <answer fraction="-50" format="html">
      <text><![CDATA[<p dir="ltr" style="text-align: left;">Knihovna pro tvorbu programů<br></p>]]></text>
      <feedback format="html">
        <text></text>
      </feedback>
    </answer>
    <tags>
      <tag><text>python</text>
</tag>
    </tags>
  </question>

<!-- question: 7827  -->
  <question type="multichoice">
    <name>
      <text>Název proměnné</text>
    </name>
    <questiontext format="html">
      <text><![CDATA[<p dir="ltr" style="text-align: left;">Název proměnné může být:<br></p>]]></text>
    </questiontext>
    <generalfeedback format="html">
      <text></text>
    </generalfeedback>
    <defaultgrade>2.0000000</defaultgrade>
    <penalty>0.5000000</penalty>
    <hidden>0</hidden>
    <idnumber></idnumber>
    <single>true</single>
    <shuffleanswers>true</shuffleanswers>
    <answernumbering>abc</answernumbering>
    <showstandardinstruction>0</showstandardinstruction>
    <correctfeedback format="html">
      <text>Vaše odpověď je správná.</text>
    </correctfeedback>
    <partiallycorrectfeedback format="html">
      <text>Vaše odpověď je částečně správná.</text>
    </partiallycorrectfeedback>
    <incorrectfeedback format="html">
      <text>Vaše odpověď je chybná.</text>
    </incorrectfeedback>
    <shownumcorrect/>
    <answer fraction="100" format="html">
      <text><![CDATA[<p dir="ltr" style="text-align: left;">V zásadě libovolný (až na několik pravidel)<br></p>]]></text>
      <feedback format="html">
        <text></text>
      </feedback>
    </answer>
    <answer fraction="0" format="html">
      <text><![CDATA[<p dir="ltr" style="text-align: left;">Pouze jedno písmeno<br></p>]]></text>
      <feedback format="html">
        <text></text>
      </feedback>
    </answer>
    <answer fraction="0" format="html">
      <text><![CDATA[<p dir="ltr" style="text-align: left;">Pouze jedno číslo<br></p>]]></text>
      <feedback format="html">
        <text></text>
      </feedback>
    </answer>
    <answer fraction="0" format="html">
      <text><![CDATA[<p dir="ltr" style="text-align: left;">Pouze kombinace písmen a číslic<br></p>]]></text>
      <feedback format="html">
        <text></text>
      </feedback>
    </answer>
    <tags>
      <tag><text>python</text>
</tag>
      <tag><text>proměnná</text>
</tag>
    </tags>
  </question>

<!-- question: 7831  -->
  <question type="multichoice">
    <name>
      <text>Pořadí příkazů</text>
    </name>
    <questiontext format="html">
      <text><![CDATA[<p dir="ltr" style="text-align: left;">Pokud nepoužijeme žádné řídící struktury, příkazy v programu se vykonávají:<br></p>]]></text>
    </questiontext>
    <generalfeedback format="html">
      <text></text>
    </generalfeedback>
    <defaultgrade>2.0000000</defaultgrade>
    <penalty>0.5000000</penalty>
    <hidden>0</hidden>
    <idnumber></idnumber>
    <single>true</single>
    <shuffleanswers>true</shuffleanswers>
    <answernumbering>abc</answernumbering>
    <showstandardinstruction>0</showstandardinstruction>
    <correctfeedback format="html">
      <text>Vaše odpověď je správná.</text>
    </correctfeedback>
    <partiallycorrectfeedback format="html">
      <text>Vaše odpověď je částečně správná.</text>
    </partiallycorrectfeedback>
    <incorrectfeedback format="html">
      <text>Vaše odpověď je chybná.</text>
    </incorrectfeedback>
    <shownumcorrect/>
    <answer fraction="100" format="html">
      <text><![CDATA[<p dir="ltr" style="text-align: left;">Od prvního řádku, tak, jak jsou napsané za sebou.<br></p>]]></text>
      <feedback format="html">
        <text></text>
      </feedback>
    </answer>
    <answer fraction="0" format="html">
      <text><![CDATA[<p dir="ltr" style="text-align: left;">Od druhého řádku tak, jak jsou napsané za sebou<br></p>]]></text>
      <feedback format="html">
        <text></text>
      </feedback>
    </answer>
    <answer fraction="0" format="html">
      <text><![CDATA[<p dir="ltr" style="text-align: left;">Podle pořadí, které je dané v samostatném souboru<br></p>]]></text>
      <feedback format="html">
        <text></text>
      </feedback>
    </answer>
    <answer fraction="0" format="html">
      <text><![CDATA[<p dir="ltr" style="text-align: left;">Pořadí prováděných řádků lze nastavit využitím jejich očíslování.<br></p>]]></text>
      <feedback format="html">
        <text></text>
      </feedback>
    </answer>
    <tags>
      <tag><text>python</text>
</tag>
      <tag><text>příkaz</text>
</tag>
    </tags>
  </question>

<!-- question: 7817  -->
  <question type="multichoice">
    <name>
      <text>Příkaz v Pythonu</text>
    </name>
    <questiontext format="html">
      <text><![CDATA[<p dir="ltr" style="text-align: left;">Čím je ukončen každý příkaz v Pythonu<br></p>]]></text>
    </questiontext>
    <generalfeedback format="html">
      <text></text>
    </generalfeedback>
    <defaultgrade>2.0000000</defaultgrade>
    <penalty>0.5000000</penalty>
    <hidden>0</hidden>
    <idnumber></idnumber>
    <single>true</single>
    <shuffleanswers>true</shuffleanswers>
    <answernumbering>abc</answernumbering>
    <showstandardinstruction>0</showstandardinstruction>
    <correctfeedback format="html">
      <text>Vaše odpověď je správná.</text>
    </correctfeedback>
    <partiallycorrectfeedback format="html">
      <text>Vaše odpověď je částečně správná.</text>
    </partiallycorrectfeedback>
    <incorrectfeedback format="html">
      <text>Vaše odpověď je chybná.</text>
    </incorrectfeedback>
    <shownumcorrect/>
    <answer fraction="100" format="html">
      <text><![CDATA[<p dir="ltr" style="text-align: left;">Koncem řádku<br></p>]]></text>
      <feedback format="html">
        <text></text>
      </feedback>
    </answer>
    <answer fraction="0" format="html">
      <text><![CDATA[<p dir="ltr" style="text-align: left;">Středníkem<br></p>]]></text>
      <feedback format="html">
        <text></text>
      </feedback>
    </answer>
    <answer fraction="0" format="html">
      <text><![CDATA[<p dir="ltr" style="text-align: left;">Mezerou<br></p>]]></text>
      <feedback format="html">
        <text></text>
      </feedback>
    </answer>
    <answer fraction="0" format="html">
      <text><![CDATA[<p dir="ltr" style="text-align: left;">Tabulátorem<br></p>]]></text>
      <feedback format="html">
        <text></text>
      </feedback>
    </answer>
    <tags>
      <tag><text>python</text>
</tag>
      <tag><text>příkaz</text>
</tag>
    </tags>
  </question>

<!-- question: 7823  -->
  <question type="numerical">
    <name>
      <text>Příkazů na řádek</text>
    </name>
    <questiontext format="html">
      <text><![CDATA[<p dir="ltr" style="text-align: left;">Kolik příkazů může být maximálně v Pythonu na jednom řádku?<br></p>]]></text>
    </questiontext>
    <generalfeedback format="html">
      <text></text>
    </generalfeedback>
    <defaultgrade>2.0000000</defaultgrade>
    <penalty>0.5000000</penalty>
    <hidden>0</hidden>
    <idnumber></idnumber>
    <answer fraction="100" format="moodle_auto_format">
      <text>1</text>
      <feedback format="html">
        <text></text>
      </feedback>
      <tolerance>0</tolerance>
    </answer>
    <unitgradingtype>0</unitgradingtype>
    <unitpenalty>0.1000000</unitpenalty>
    <showunits>3</showunits>
    <unitsleft>0</unitsleft>
    <tags>
      <tag><text>řádek</text>
</tag>
      <tag><text>python</text>
</tag>
    </tags>
  </question>

<!-- question: 7826  -->
  <question type="shortanswer">
    <name>
      <text>Komantář znak</text>
    </name>
    <questiontext format="html">
      <text><![CDATA[<p dir="ltr" style="text-align: left;">Pokud chceme zakomentovat jeden řádek pomocí jednoho znaku použijeme:<br></p>]]></text>
    </questiontext>
    <generalfeedback format="html">
      <text></text>
    </generalfeedback>
    <defaultgrade>1.0000000</defaultgrade>
    <penalty>0.5000000</penalty>
    <hidden>0</hidden>
    <idnumber></idnumber>
    <usecase>0</usecase>
    <answer fraction="100" format="moodle_auto_format">
      <text>#</text>
      <feedback format="html">
        <text></text>
      </feedback>
    </answer>
    <answer fraction="100" format="moodle_auto_format">
      <text>hashtag</text>
      <feedback format="html">
        <text></text>
      </feedback>
    </answer>
    <answer fraction="100" format="moodle_auto_format">
      <text>křížek</text>
      <feedback format="html">
        <text></text>
      </feedback>
    </answer>
    <answer fraction="100" format="moodle_auto_format">
      <text>#*</text>
      <feedback format="html">
        <text></text>
      </feedback>
    </answer>
    <tags>
      <tag><text>python</text>
</tag>
      <tag><text>komentář</text>
</tag>
    </tags>
  </question>

<!-- question: 7830  -->
  <question type="shortanswer">
    <name>
      <text>Symbol uložení</text>
    </name>
    <questiontext format="html">
      <text><![CDATA[<p dir="ltr" style="text-align: left;">Pomocí jakého symbolu uložíme hodnotu do proměnné<br></p>]]></text>
    </questiontext>
    <generalfeedback format="html">
      <text></text>
    </generalfeedback>
    <defaultgrade>2.0000000</defaultgrade>
    <penalty>0.3333333</penalty>
    <hidden>0</hidden>
    <idnumber></idnumber>
    <usecase>0</usecase>
    <answer fraction="100" format="moodle_auto_format">
      <text>=</text>
      <feedback format="html">
        <text></text>
      </feedback>
    </answer>
    <answer fraction="100" format="moodle_auto_format">
      <text>rovnítko</text>
      <feedback format="html">
        <text></text>
      </feedback>
    </answer>
    <tags>
      <tag><text>python</text>
</tag>
      <tag><text>uložení</text>
</tag>
    </tags>
  </question>

<!-- question: 7822  -->
  <question type="shortanswer">
    <name>
      <text>Textový vstup</text>
    </name>
    <questiontext format="html">
      <text><![CDATA[<p dir="ltr" style="text-align: left;">Jakou funkci použijeme pro textový vstup progamu od uživatele (z konzole)?<br></p>]]></text>
    </questiontext>
    <generalfeedback format="html">
      <text></text>
    </generalfeedback>
    <defaultgrade>3.0000000</defaultgrade>
    <penalty>0.2500000</penalty>
    <hidden>0</hidden>
    <idnumber></idnumber>
    <usecase>0</usecase>
    <answer fraction="100" format="moodle_auto_format">
      <text>input</text>
      <feedback format="html">
        <text></text>
      </feedback>
    </answer>
    <answer fraction="100" format="moodle_auto_format">
      <text>input()</text>
      <feedback format="html">
        <text></text>
      </feedback>
    </answer>
    <answer fraction="100" format="moodle_auto_format">
      <text><![CDATA[input("")]]></text>
      <feedback format="html">
        <text></text>
      </feedback>
    </answer>
    <answer fraction="100" format="moodle_auto_format">
      <text><![CDATA[input("*")]]></text>
      <feedback format="html">
        <text></text>
      </feedback>
    </answer>
    <tags>
      <tag><text>python</text>
</tag>
      <tag><text>input</text>
</tag>
    </tags>
  </question>

<!-- question: 7819  -->
  <question type="shortanswer">
    <name>
      <text>Tisk do konzole</text>
    </name>
    <questiontext format="html">
      <text><![CDATA[<p dir="ltr" style="text-align: left;">Pomocí které funkce vypíšeme text do konzole?<br></p>]]></text>
    </questiontext>
    <generalfeedback format="html">
      <text></text>
    </generalfeedback>
    <defaultgrade>3.0000000</defaultgrade>
    <penalty>0.2500000</penalty>
    <hidden>0</hidden>
    <idnumber></idnumber>
    <usecase>0</usecase>
    <answer fraction="100" format="moodle_auto_format">
      <text>print</text>
      <feedback format="html">
        <text></text>
      </feedback>
    </answer>
    <answer fraction="100" format="moodle_auto_format">
      <text>print()</text>
      <feedback format="html">
        <text></text>
      </feedback>
    </answer>
    <answer fraction="100" format="moodle_auto_format">
      <text><![CDATA[print("")]]></text>
      <feedback format="html">
        <text></text>
      </feedback>
    </answer>
    <answer fraction="100" format="moodle_auto_format">
      <text><![CDATA[print("*")]]></text>
      <feedback format="html">
        <text></text>
      </feedback>
    </answer>
    <tags>
      <tag><text>python</text>
</tag>
      <tag><text>print</text>
</tag>
    </tags>
  </question>

<!-- question: 7828  -->
  <question type="truefalse">
    <name>
      <text>Hodnota proměnné</text>
    </name>
    <questiontext format="html">
      <text><![CDATA[<p dir="ltr" style="text-align: left;">V proměnné může být uloženo více hodnot najednou.<br>Pozn.: Pole - List a podobné datové typy jsou jedna hodnota typu "pole - list" apd.<br></p>]]></text>
    </questiontext>
    <generalfeedback format="html">
      <text></text>
    </generalfeedback>
    <defaultgrade>1.0000000</defaultgrade>
    <penalty>1.0000000</penalty>
    <hidden>0</hidden>
    <idnumber></idnumber>
    <answer fraction="0" format="moodle_auto_format">
      <text>true</text>
      <feedback format="html">
        <text></text>
      </feedback>
    </answer>
    <answer fraction="100" format="moodle_auto_format">
      <text>false</text>
      <feedback format="html">
        <text></text>
      </feedback>
    </answer>
    <tags>
      <tag><text>python</text>
</tag>
      <tag><text>proměnná</text>
</tag>
    </tags>
  </question>

<!-- question: 7825  -->
  <question type="truefalse">
    <name>
      <text>Komentář - přehlednost</text>
    </name>
    <questiontext format="html">
      <text><![CDATA[<p dir="ltr" style="text-align: left;">Komentář má vliv na přehlednost programu (pro programátora).<br></p>]]></text>
    </questiontext>
    <generalfeedback format="html">
      <text></text>
    </generalfeedback>
    <defaultgrade>1.0000000</defaultgrade>
    <penalty>1.0000000</penalty>
    <hidden>0</hidden>
    <idnumber></idnumber>
    <answer fraction="100" format="moodle_auto_format">
      <text>true</text>
      <feedback format="html">
        <text></text>
      </feedback>
    </answer>
    <answer fraction="0" format="moodle_auto_format">
      <text>false</text>
      <feedback format="html">
        <text></text>
      </feedback>
    </answer>
    <tags>
      <tag><text>python</text>
</tag>
      <tag><text>komentář</text>
</tag>
    </tags>
  </question>

<!-- question: 7824  -->
  <question type="truefalse">
    <name>
      <text>Ovlivňuje komentář program</text>
    </name>
    <questiontext format="html">
      <text><![CDATA[Komentář má vliv na průběh programu.<br>]]></text>
    </questiontext>
    <generalfeedback format="html">
      <text></text>
    </generalfeedback>
    <defaultgrade>1.0000000</defaultgrade>
    <penalty>1.0000000</penalty>
    <hidden>0</hidden>
    <idnumber></idnumber>
    <answer fraction="0" format="moodle_auto_format">
      <text>true</text>
      <feedback format="html">
        <text></text>
      </feedback>
    </answer>
    <answer fraction="100" format="moodle_auto_format">
      <text>false</text>
      <feedback format="html">
        <text></text>
      </feedback>
    </answer>
    <tags>
      <tag><text>python</text>
</tag>
      <tag><text>komentář</text>
</tag>
    </tags>
  </question>

<!-- question: 7829  -->
  <question type="truefalse">
    <name>
      <text>Přepsání hodnoty v proměnné</text>
    </name>
    <questiontext format="html">
      <text><![CDATA[<p dir="ltr" style="text-align: left;">Pokud do proměnné uložíme hodnotu, stará (původní) hodnota se smaže (přepíše).<br></p>]]></text>
    </questiontext>
    <generalfeedback format="html">
      <text></text>
    </generalfeedback>
    <defaultgrade>1.0000000</defaultgrade>
    <penalty>1.0000000</penalty>
    <hidden>0</hidden>
    <idnumber></idnumber>
    <answer fraction="100" format="moodle_auto_format">
      <text>true</text>
      <feedback format="html">
        <text></text>
      </feedback>
    </answer>
    <answer fraction="0" format="moodle_auto_format">
      <text>false</text>
      <feedback format="html">
        <text></text>
      </feedback>
    </answer>
    <tags>
      <tag><text>python</text>
</tag>
      <tag><text>proměnná</text>
</tag>
    </tags>
  </question>

<!-- question: 0  -->
  <question type="category">
    <category>
      <text>$course$/top/JaroslavHoleček/Programování/Python/Základní operace a datové typy</text>
    </category>
    <info format="html">
      <text></text>
    </info>
    <idnumber></idnumber>
  </question>

<!-- question: 7844  -->
  <question type="matching">
    <name>
      <text>Datové typy</text>
    </name>
    <questiontext format="html">
      <text><![CDATA[<p dir="ltr" style="text-align: left;">Přiřaďte k datovým typům jejich význam.<br></p>]]></text>
    </questiontext>
    <generalfeedback format="html">
      <text></text>
    </generalfeedback>
    <defaultgrade>3.0000000</defaultgrade>
    <penalty>0.2000000</penalty>
    <hidden>0</hidden>
    <idnumber></idnumber>
    <shuffleanswers>true</shuffleanswers>
    <correctfeedback format="html">
      <text>Vaše odpověď je správná.</text>
    </correctfeedback>
    <partiallycorrectfeedback format="html">
      <text>Vaše odpověď je částečně správná.</text>
    </partiallycorrectfeedback>
    <incorrectfeedback format="html">
      <text>Vaše odpověď je chybná.</text>
    </incorrectfeedback>
    <shownumcorrect/>
    <subquestion format="html">
      <text><![CDATA[<p dir="ltr" style="text-align: left;">int<br></p>]]></text>
      <answer>
        <text>Celé číslo</text>
      </answer>
    </subquestion>
    <subquestion format="html">
      <text><![CDATA[<p dir="ltr" style="text-align: left;">float<br></p>]]></text>
      <answer>
        <text>číslo s desetinnou tečkou</text>
      </answer>
    </subquestion>
    <subquestion format="html">
      <text><![CDATA[<p dir="ltr" style="text-align: left;">string<br></p>]]></text>
      <answer>
        <text><![CDATA[řetězec ("nápis")]]></text>
      </answer>
    </subquestion>
    <subquestion format="html">
      <text><![CDATA[<p dir="ltr" style="text-align: left;">bool<br></p>]]></text>
      <answer>
        <text>Logická hodnota (Pravda-Nepravda, True-False)</text>
      </answer>
    </subquestion>
    <tags>
      <tag><text>python</text>
</tag>
      <tag><text>základní datové typy</text>
</tag>
    </tags>
  </question>

<!-- question: 7842  -->
  <question type="matching">
    <name>
      <text>Názvy operací</text>
    </name>
    <questiontext format="html">
      <text><![CDATA[<p dir="ltr" style="text-align: left;">Přiřaďte k jednotlilvým znakům názvy operací, které provádějí v Pythonu.<br></p>]]></text>
    </questiontext>
    <generalfeedback format="html">
      <text></text>
    </generalfeedback>
    <defaultgrade>4.0000000</defaultgrade>
    <penalty>0.2000000</penalty>
    <hidden>0</hidden>
    <idnumber></idnumber>
    <shuffleanswers>true</shuffleanswers>
    <correctfeedback format="html">
      <text>Vaše odpověď je správná.</text>
    </correctfeedback>
    <partiallycorrectfeedback format="html">
      <text>Vaše odpověď je částečně správná.</text>
    </partiallycorrectfeedback>
    <incorrectfeedback format="html">
      <text>Vaše odpověď je chybná.</text>
    </incorrectfeedback>
    <shownumcorrect/>
    <subquestion format="html">
      <text><![CDATA[<p dir="ltr" style="text-align: left;">+<br></p>]]></text>
      <answer>
        <text>Sčítání</text>
      </answer>
    </subquestion>
    <subquestion format="html">
      <text><![CDATA[<p dir="ltr" style="text-align: left;">-<br></p>]]></text>
      <answer>
        <text>Odčítání</text>
      </answer>
    </subquestion>
    <subquestion format="html">
      <text>*</text>
      <answer>
        <text>Násobení</text>
      </answer>
    </subquestion>
    <subquestion format="html">
      <text><![CDATA[<p dir="ltr" style="text-align: left;">**<br></p>]]></text>
      <answer>
        <text>Mocnění</text>
      </answer>
    </subquestion>
    <subquestion format="html">
      <text><![CDATA[<p dir="ltr" style="text-align: left;">/<br></p>]]></text>
      <answer>
        <text>Dělení</text>
      </answer>
    </subquestion>
    <subquestion format="html">
      <text><![CDATA[<p dir="ltr" style="text-align: left;">//<br></p>]]></text>
      <answer>
        <text>Celočíselné dělení</text>
      </answer>
    </subquestion>
    <subquestion format="html">
      <text><![CDATA[<p dir="ltr" style="text-align: left;">%<br></p>]]></text>
      <answer>
        <text>Modulo</text>
      </answer>
    </subquestion>
    <subquestion format="html">
      <text><![CDATA[<p dir="ltr" style="text-align: left;">=<br></p>]]></text>
      <answer>
        <text>Uložení</text>
      </answer>
    </subquestion>
    <subquestion format="html">
      <text><![CDATA[<p dir="ltr" style="text-align: left;">==<br></p>]]></text>
      <answer>
        <text>Porovnání na rovnost</text>
      </answer>
    </subquestion>
    <tags>
      <tag><text>python</text>
</tag>
      <tag><text>základní operace</text>
</tag>
    </tags>
  </question>

<!-- question: 7852  -->
  <question type="matching">
    <name>
      <text>Výsledky operací</text>
    </name>
    <questiontext format="html">
      <text><![CDATA[<p dir="ltr" style="text-align: left;">Přiřaďte příkazy k jejich výsledkům (hodnotám)<br></p>]]></text>
    </questiontext>
    <generalfeedback format="html">
      <text></text>
    </generalfeedback>
    <defaultgrade>3.0000000</defaultgrade>
    <penalty>0.2000000</penalty>
    <hidden>0</hidden>
    <idnumber></idnumber>
    <shuffleanswers>true</shuffleanswers>
    <correctfeedback format="html">
      <text>Vaše odpověď je správná.</text>
    </correctfeedback>
    <partiallycorrectfeedback format="html">
      <text>Vaše odpověď je částečně správná.</text>
    </partiallycorrectfeedback>
    <incorrectfeedback format="html">
      <text>Vaše odpověď je chybná.</text>
    </incorrectfeedback>
    <shownumcorrect/>
    <subquestion format="html">
      <text><![CDATA[<p dir="ltr" style="text-align: left;">8+4<br></p>]]></text>
      <answer>
        <text>12</text>
      </answer>
    </subquestion>
    <subquestion format="html">
      <text><![CDATA[<p dir="ltr" style="text-align: left;">8/4<br></p>]]></text>
      <answer>
        <text>2.0</text>
      </answer>
    </subquestion>
    <subquestion format="html">
      <text><![CDATA[<p dir="ltr" style="text-align: left;">8//4<br></p>]]></text>
      <answer>
        <text>2</text>
      </answer>
    </subquestion>
    <subquestion format="html">
      <text><![CDATA[<p dir="ltr" style="text-align: left;">8-4<br></p>]]></text>
      <answer>
        <text>4</text>
      </answer>
    </subquestion>
    <subquestion format="html">
      <text><![CDATA[<p dir="ltr" style="text-align: left;">8 == 4<br></p>]]></text>
      <answer>
        <text>False</text>
      </answer>
    </subquestion>
    <subquestion format="html">
      <text><![CDATA[<p dir="ltr" style="text-align: left;">8 * 4<br></p>]]></text>
      <answer>
        <text>32</text>
      </answer>
    </subquestion>
    <subquestion format="html">
      <text><![CDATA[<p dir="ltr" style="text-align: left;">8 ** 4<br></p>]]></text>
      <answer>
        <text>4096</text>
      </answer>
    </subquestion>
    <subquestion format="html">
      <text><![CDATA[<p dir="ltr" style="text-align: left;">"8"+"4"<br></p>]]></text>
      <answer>
        <text><![CDATA["84"]]></text>
      </answer>
    </subquestion>
    <subquestion format="html">
      <text><![CDATA[<p dir="ltr" style="text-align: left;">8 % 4<br></p>]]></text>
      <answer>
        <text>0</text>
      </answer>
    </subquestion>
    <subquestion format="html">
      <text><![CDATA[<p dir="ltr" style="text-align: left;">8 = 4<br></p>]]></text>
      <answer>
        <text>nelze - chyba</text>
      </answer>
    </subquestion>
    <tags>
      <tag><text>python</text>
</tag>
      <tag><text>základní operace</text>
</tag>
    </tags>
  </question>

<!-- question: 7843  -->
  <question type="matching">
    <name>
      <text>Výsledky základních operací</text>
    </name>
    <questiontext format="html">
      <text><![CDATA[<p dir="ltr" style="text-align: left;">Přiřaďte ke znakům, jaký je výsledek operace, kterou provadějí v Pythonu.<br></p>]]></text>
    </questiontext>
    <generalfeedback format="html">
      <text></text>
    </generalfeedback>
    <defaultgrade>4.0000000</defaultgrade>
    <penalty>0.2000000</penalty>
    <hidden>0</hidden>
    <idnumber></idnumber>
    <shuffleanswers>true</shuffleanswers>
    <correctfeedback format="html">
      <text>Vaše odpověď je správná.</text>
    </correctfeedback>
    <partiallycorrectfeedback format="html">
      <text>Vaše odpověď je částečně správná.</text>
    </partiallycorrectfeedback>
    <incorrectfeedback format="html">
      <text>Vaše odpověď je chybná.</text>
    </incorrectfeedback>
    <shownumcorrect/>
    <subquestion format="html">
      <text><![CDATA[<p dir="ltr" style="text-align: left;">cislo1 + cislo2<br></p>]]></text>
      <answer>
        <text>součet hodnot</text>
      </answer>
    </subquestion>
    <subquestion format="html">
      <text><![CDATA[<p dir="ltr" style="text-align: left;">cislo1 - cislo2<br></p>]]></text>
      <answer>
        <text>rozdíl hodnot</text>
      </answer>
    </subquestion>
    <subquestion format="html">
      <text><![CDATA[<p dir="ltr" style="text-align: left;">cislo1 * cislo2<br></p>]]></text>
      <answer>
        <text>součin hodnot</text>
      </answer>
    </subquestion>
    <subquestion format="html">
      <text><![CDATA[<p dir="ltr" style="text-align: left;">cislo1 ** cislo2<br></p>]]></text>
      <answer>
        <text>(hodnota cislo2)-tá mocnina (hodnoty cislo1)</text>
      </answer>
    </subquestion>
    <subquestion format="html">
      <text><![CDATA[<p dir="ltr" style="text-align: left;">cislo1 / cislo2<br></p>]]></text>
      <answer>
        <text>podíl hodnot (desetinné číslo)</text>
      </answer>
    </subquestion>
    <subquestion format="html">
      <text><![CDATA[<p dir="ltr" style="text-align: left;">cislo1 // cislo2<br></p>]]></text>
      <answer>
        <text>celočíselný podíl hodnot (celé číslo)</text>
      </answer>
    </subquestion>
    <subquestion format="html">
      <text><![CDATA[<p dir="ltr" style="text-align: left;">cislo1 % cislo2<br></p>]]></text>
      <answer>
        <text>zbytek po celočíselném dělení hodnoty cislo1 hodnotou cislo2 (celé číslo)</text>
      </answer>
    </subquestion>
    <subquestion format="html">
      <text><![CDATA[<p dir="ltr" style="text-align: left;">cislo1 = cislo2<br></p>]]></text>
      <answer>
        <text>uložení hodnoty cislo2 do proměnné cislo1</text>
      </answer>
    </subquestion>
    <subquestion format="html">
      <text><![CDATA[<p dir="ltr" style="text-align: left;">cislo1 == cislo2<br></p>]]></text>
      <answer>
        <text>Porovnání hodnot na rovnost (Pravda-Nepravda, True-False)</text>
      </answer>
    </subquestion>
    <tags>
      <tag><text>python</text>
</tag>
      <tag><text>základní operace</text>
</tag>
    </tags>
  </question>

<!-- question: 7855  -->
  <question type="multichoice">
    <name>
      <text>Přetížení operátorů</text>
    </name>
    <questiontext format="html">
      <text><![CDATA[<p dir="ltr" style="text-align: left;">Operátory ==, =, +, -, *, **, /, //, %</p><p dir="ltr" style="text-align: left;">provádí vždy stejnou operaci bez ohledu na datový typ vstupních proměnných.<br></p>]]></text>
    </questiontext>
    <generalfeedback format="html">
      <text></text>
    </generalfeedback>
    <defaultgrade>1.0000000</defaultgrade>
    <penalty>0.5000000</penalty>
    <hidden>0</hidden>
    <idnumber></idnumber>
    <single>true</single>
    <shuffleanswers>true</shuffleanswers>
    <answernumbering>abc</answernumbering>
    <showstandardinstruction>0</showstandardinstruction>
    <correctfeedback format="html">
      <text>Vaše odpověď je správná.</text>
    </correctfeedback>
    <partiallycorrectfeedback format="html">
      <text>Vaše odpověď je částečně správná.</text>
    </partiallycorrectfeedback>
    <incorrectfeedback format="html">
      <text>Vaše odpověď je chybná.</text>
    </incorrectfeedback>
    <shownumcorrect/>
    <answer fraction="100" format="html">
      <text><![CDATA[<p dir="ltr" style="text-align: left;">Některé provádí vždy stejnou, některé někdy různou.<br></p>]]></text>
      <feedback format="html">
        <text></text>
      </feedback>
    </answer>
    <answer fraction="0" format="html">
      <text><![CDATA[<p dir="ltr" style="text-align: left;">Všechny provádí stejnou operaci.<br></p>]]></text>
      <feedback format="html">
        <text></text>
      </feedback>
    </answer>
    <answer fraction="0" format="html">
      <text><![CDATA[<p dir="ltr" style="text-align: left;">Všechny provádí různou operaci.<br></p>]]></text>
      <feedback format="html">
        <text></text>
      </feedback>
    </answer>
    <tags>
      <tag><text>python</text>
</tag>
      <tag><text>základní operace</text>
</tag>
    </tags>
  </question>

<!-- question: 7848  -->
  <question type="multichoice">
    <name>
      <text>Výsledek / na int</text>
    </name>
    <questiontext format="html">
      <text><![CDATA[<p dir="ltr" style="text-align: left;">Výsledkem operace / na dvou proměnných typu int má datový typ:<br></p>]]></text>
    </questiontext>
    <generalfeedback format="html">
      <text></text>
    </generalfeedback>
    <defaultgrade>2.0000000</defaultgrade>
    <penalty>0.5000000</penalty>
    <hidden>0</hidden>
    <idnumber></idnumber>
    <single>true</single>
    <shuffleanswers>true</shuffleanswers>
    <answernumbering>abc</answernumbering>
    <showstandardinstruction>0</showstandardinstruction>
    <correctfeedback format="html">
      <text>Vaše odpověď je správná.</text>
    </correctfeedback>
    <partiallycorrectfeedback format="html">
      <text>Vaše odpověď je částečně správná.</text>
    </partiallycorrectfeedback>
    <incorrectfeedback format="html">
      <text>Vaše odpověď je chybná.</text>
    </incorrectfeedback>
    <shownumcorrect/>
    <answer fraction="100" format="html">
      <text><![CDATA[<p dir="ltr" style="text-align: left;">float<br></p>]]></text>
      <feedback format="html">
        <text></text>
      </feedback>
    </answer>
    <answer fraction="0" format="html">
      <text><![CDATA[<p dir="ltr" style="text-align: left;">int<br></p>]]></text>
      <feedback format="html">
        <text></text>
      </feedback>
    </answer>
    <answer fraction="0" format="html">
      <text><![CDATA[<p dir="ltr" style="text-align: left;">string<br></p>]]></text>
      <feedback format="html">
        <text></text>
      </feedback>
    </answer>
    <answer fraction="0" format="html">
      <text><![CDATA[<p dir="ltr" style="text-align: left;">bool<br></p>]]></text>
      <feedback format="html">
        <text></text>
      </feedback>
    </answer>
    <tags>
      <tag><text>python</text>
</tag>
      <tag><text>základní operace</text>
</tag>
      <tag><text>/</text>
</tag>
    </tags>
  </question>

<!-- question: 7853  -->
  <question type="shortanswer">
    <name>
      <text>Hodnot v bool</text>
    </name>
    <questiontext format="html">
      <text><![CDATA[Kolik možných hodnot má proměnná typu bool?<br>]]></text>
    </questiontext>
    <generalfeedback format="html">
      <text></text>
    </generalfeedback>
    <defaultgrade>1.0000000</defaultgrade>
    <penalty>0.3333333</penalty>
    <hidden>0</hidden>
    <idnumber></idnumber>
    <usecase>0</usecase>
    <answer fraction="100" format="moodle_auto_format">
      <text>2</text>
      <feedback format="html">
        <text></text>
      </feedback>
    </answer>
    <tags>
      <tag><text>python</text>
</tag>
      <tag><text>základní datové typy</text>
</tag>
      <tag><text>bool</text>
</tag>
    </tags>
  </question>

<!-- question: 7845  -->
  <question type="truefalse">
    <name>
      <text>+ na všech datových typech</text>
    </name>
    <questiontext format="html">
      <text><![CDATA[<p dir="ltr" style="text-align: left;">Operace + vrací vždy součet, bez ohledu na datový typ vstupních proměnných.<br></p>]]></text>
    </questiontext>
    <generalfeedback format="html">
      <text></text>
    </generalfeedback>
    <defaultgrade>1.0000000</defaultgrade>
    <penalty>1.0000000</penalty>
    <hidden>0</hidden>
    <idnumber></idnumber>
    <answer fraction="0" format="moodle_auto_format">
      <text>true</text>
      <feedback format="html">
        <text></text>
      </feedback>
    </answer>
    <answer fraction="100" format="moodle_auto_format">
      <text>false</text>
      <feedback format="html">
        <text></text>
      </feedback>
    </answer>
    <tags>
      <tag><text>python</text>
</tag>
      <tag><text>základní operace</text>
</tag>
      <tag><text>+</text>
</tag>
    </tags>
  </question>

<!-- question: 7847  -->
  <question type="truefalse">
    <name>
      <text>/ na int</text>
    </name>
    <questiontext format="html">
      <text><![CDATA[<p dir="ltr" style="text-align: left;">Operaci / můžeme provést na proměnných typu int<br></p>]]></text>
    </questiontext>
    <generalfeedback format="html">
      <text></text>
    </generalfeedback>
    <defaultgrade>1.0000000</defaultgrade>
    <penalty>1.0000000</penalty>
    <hidden>0</hidden>
    <idnumber></idnumber>
    <answer fraction="100" format="moodle_auto_format">
      <text>true</text>
      <feedback format="html">
        <text></text>
      </feedback>
    </answer>
    <answer fraction="0" format="moodle_auto_format">
      <text>false</text>
      <feedback format="html">
        <text></text>
      </feedback>
    </answer>
    <tags>
      <tag><text>python</text>
</tag>
      <tag><text>základní datové typy</text>
</tag>
      <tag><text>/</text>
</tag>
    </tags>
  </question>

<!-- question: 7846  -->
  <question type="truefalse">
    <name>
      <text>// na float</text>
    </name>
    <questiontext format="html">
      <text><![CDATA[<p dir="ltr" style="text-align: left;">operaci // můžeme provést s čísly typu float<br></p>]]></text>
    </questiontext>
    <generalfeedback format="html">
      <text></text>
    </generalfeedback>
    <defaultgrade>1.0000000</defaultgrade>
    <penalty>1.0000000</penalty>
    <hidden>0</hidden>
    <idnumber></idnumber>
    <answer fraction="0" format="moodle_auto_format">
      <text>true</text>
      <feedback format="html">
        <text></text>
      </feedback>
    </answer>
    <answer fraction="100" format="moodle_auto_format">
      <text>false</text>
      <feedback format="html">
        <text></text>
      </feedback>
    </answer>
    <tags>
      <tag><text>python</text>
</tag>
      <tag><text>základní operace</text>
</tag>
      <tag><text>//</text>
</tag>
    </tags>
  </question>

<!-- question: 7850  -->
  <question type="truefalse">
    <name>
      <text>= stejné s ==</text>
    </name>
    <questiontext format="html">
      <text><![CDATA[<p dir="ltr" style="text-align: left;">Příkazy = a == provádí stejnou operaci<br></p>]]></text>
    </questiontext>
    <generalfeedback format="html">
      <text></text>
    </generalfeedback>
    <defaultgrade>1.0000000</defaultgrade>
    <penalty>1.0000000</penalty>
    <hidden>0</hidden>
    <idnumber></idnumber>
    <answer fraction="0" format="moodle_auto_format">
      <text>true</text>
      <feedback format="html">
        <text></text>
      </feedback>
    </answer>
    <answer fraction="100" format="moodle_auto_format">
      <text>false</text>
      <feedback format="html">
        <text></text>
      </feedback>
    </answer>
    <tags>
      <tag><text>python</text>
</tag>
      <tag><text>základní operace</text>
</tag>
    </tags>
  </question>

<!-- question: 7856  -->
  <question type="truefalse">
    <name>
      <text>Datový typ proměnné</text>
    </name>
    <questiontext format="html">
      <text><![CDATA[<p dir="ltr" style="text-align: left;">Každá proměnná má přiřazený datový typ.<br></p>]]></text>
    </questiontext>
    <generalfeedback format="html">
      <text></text>
    </generalfeedback>
    <defaultgrade>1.0000000</defaultgrade>
    <penalty>1.0000000</penalty>
    <hidden>0</hidden>
    <idnumber></idnumber>
    <answer fraction="100" format="moodle_auto_format">
      <text>true</text>
      <feedback format="html">
        <text></text>
      </feedback>
    </answer>
    <answer fraction="0" format="moodle_auto_format">
      <text>false</text>
      <feedback format="html">
        <text></text>
      </feedback>
    </answer>
    <tags>
      <tag><text>python</text>
</tag>
      <tag><text>základní datové typy</text>
</tag>
    </tags>
  </question>

<!-- question: 7854  -->
  <question type="truefalse">
    <name>
      <text>Počet hodnot v proměnné</text>
    </name>
    <questiontext format="html">
      <text><![CDATA[<p dir="ltr" style="text-align: left;">V každé proměnné datového typu int, float, bool nebo string může být vždy maximálně jenda hodnota<br></p>]]></text>
    </questiontext>
    <generalfeedback format="html">
      <text></text>
    </generalfeedback>
    <defaultgrade>1.0000000</defaultgrade>
    <penalty>1.0000000</penalty>
    <hidden>0</hidden>
    <idnumber></idnumber>
    <answer fraction="100" format="moodle_auto_format">
      <text>true</text>
      <feedback format="html">
        <text></text>
      </feedback>
    </answer>
    <answer fraction="0" format="moodle_auto_format">
      <text>false</text>
      <feedback format="html">
        <text></text>
      </feedback>
    </answer>
    <tags>
      <tag><text>python</text>
</tag>
      <tag><text>základní datové typy</text>
</tag>
    </tags>
  </question>

<!-- question: 7849  -->
  <question type="truefalse">
    <name>
      <text>Přetypování</text>
    </name>
    <questiontext format="html">
      <text><![CDATA[<p dir="ltr" style="text-align: left;">V Pythonu je možné jednoduše (jedním příkazem) změnit datový typ proměnné. <br></p>]]></text>
    </questiontext>
    <generalfeedback format="html">
      <text></text>
    </generalfeedback>
    <defaultgrade>1.0000000</defaultgrade>
    <penalty>1.0000000</penalty>
    <hidden>0</hidden>
    <idnumber></idnumber>
    <answer fraction="100" format="moodle_auto_format">
      <text>true</text>
      <feedback format="html">
        <text></text>
      </feedback>
    </answer>
    <answer fraction="0" format="moodle_auto_format">
      <text>false</text>
      <feedback format="html">
        <text></text>
      </feedback>
    </answer>
    <tags>
      <tag><text>python</text>
</tag>
      <tag><text>základní datové typy</text>
</tag>
      <tag><text>přetypování</text>
</tag>
    </tags>
  </question>

<!-- question: 7851  -->
  <question type="truefalse">
    <name>
      <text><![CDATA[Rozdíl 5 "5"]]></text>
    </name>
    <questiontext format="html">
      <text><![CDATA[<p dir="ltr" style="text-align: left;">5 je v Pythonu číslo - typu int</p><p dir="ltr" style="text-align: left;">"5" je v Pythonu číslovka ("obrázek čísla") - typu string<br></p>]]></text>
    </questiontext>
    <generalfeedback format="html">
      <text></text>
    </generalfeedback>
    <defaultgrade>1.0000000</defaultgrade>
    <penalty>1.0000000</penalty>
    <hidden>0</hidden>
    <idnumber></idnumber>
    <answer fraction="100" format="moodle_auto_format">
      <text>true</text>
      <feedback format="html">
        <text></text>
      </feedback>
    </answer>
    <answer fraction="0" format="moodle_auto_format">
      <text>false</text>
      <feedback format="html">
        <text></text>
      </feedback>
    </answer>
    <tags>
      <tag><text>python</text>
</tag>
      <tag><text>základní datové typy</text>
</tag>
    </tags>
  </question>

<!-- question: 0  -->
  <question type="category">
    <category>
      <text>$course$/top/JaroslavHoleček/Programování/Python/Uložení, porovnání, větvení</text>
    </category>
    <info format="html">
      <text></text>
    </info>
    <idnumber></idnumber>
  </question>

<!-- question: 7902  -->
  <question type="matching">
    <name>
      <text>Základní operátory</text>
    </name>
    <questiontext format="html">
      <text><![CDATA[<p dir="ltr" style="text-align: left;">K jednotlivým operátorům přiřaďte jejich význam.<br></p>]]></text>
    </questiontext>
    <generalfeedback format="html">
      <text></text>
    </generalfeedback>
    <defaultgrade>4.0000000</defaultgrade>
    <penalty>0.3333333</penalty>
    <hidden>0</hidden>
    <idnumber></idnumber>
    <shuffleanswers>true</shuffleanswers>
    <correctfeedback format="html">
      <text>Vaše odpověď je správná.</text>
    </correctfeedback>
    <partiallycorrectfeedback format="html">
      <text>Vaše odpověď je částečně správná.</text>
    </partiallycorrectfeedback>
    <incorrectfeedback format="html">
      <text>Vaše odpověď je chybná.</text>
    </incorrectfeedback>
    <shownumcorrect/>
    <subquestion format="html">
      <text><![CDATA[<p dir="ltr" style="text-align: left;">=<br></p>]]></text>
      <answer>
        <text>uložení</text>
      </answer>
    </subquestion>
    <subquestion format="html">
      <text><![CDATA[<p dir="ltr" style="text-align: left;">==<br></p>]]></text>
      <answer>
        <text>porovnání na rovnost</text>
      </answer>
    </subquestion>
    <subquestion format="html">
      <text><![CDATA[<p dir="ltr" style="text-align: left;">&lt;<br></p>]]></text>
      <answer>
        <text>porovnání - menší než</text>
      </answer>
    </subquestion>
    <subquestion format="html">
      <text><![CDATA[<p dir="ltr" style="text-align: left;">&gt;<br></p>]]></text>
      <answer>
        <text>porovnání - větší než</text>
      </answer>
    </subquestion>
    <subquestion format="html">
      <text><![CDATA[<p dir="ltr" style="text-align: left;">&lt;=<br></p>]]></text>
      <answer>
        <text>porovnání - menší nebo rovno než</text>
      </answer>
    </subquestion>
    <subquestion format="html">
      <text><![CDATA[<p dir="ltr" style="text-align: left;">&gt;=<br></p>]]></text>
      <answer>
        <text>porovnání - větší nebo rovno než</text>
      </answer>
    </subquestion>
    <subquestion format="html">
      <text><![CDATA[<p dir="ltr" style="text-align: left;">!=<br></p>]]></text>
      <answer>
        <text>porovnání na nerovnost</text>
      </answer>
    </subquestion>
    <subquestion format="html">
      <text><![CDATA[<p dir="ltr" style="text-align: left;">+=<br></p>]]></text>
      <answer>
        <text>zvětšení hodnoty o</text>
      </answer>
    </subquestion>
    <subquestion format="html">
      <text><![CDATA[<p dir="ltr" style="text-align: left;">+<br></p>]]></text>
      <answer>
        <text>sčítání</text>
      </answer>
    </subquestion>
    <tags>
      <tag><text>python</text>
</tag>
      <tag><text>základní operace</text>
</tag>
      <tag><text>operátory</text>
</tag>
    </tags>
  </question>

<!-- question: 7900  -->
  <question type="multichoice">
    <name>
      <text>Hodnota ==</text>
    </name>
    <questiontext format="html">
      <text><![CDATA[<p dir="ltr" style="text-align: left;">Jakou hodnotu/y nám může vrátit operátor ==<br></p>]]></text>
    </questiontext>
    <generalfeedback format="html">
      <text></text>
    </generalfeedback>
    <defaultgrade>2.0000000</defaultgrade>
    <penalty>0.5000000</penalty>
    <hidden>0</hidden>
    <idnumber></idnumber>
    <single>false</single>
    <shuffleanswers>true</shuffleanswers>
    <answernumbering>abc</answernumbering>
    <showstandardinstruction>0</showstandardinstruction>
    <correctfeedback format="html">
      <text>Vaše odpověď je správná.</text>
    </correctfeedback>
    <partiallycorrectfeedback format="html">
      <text>Vaše odpověď je částečně správná.</text>
    </partiallycorrectfeedback>
    <incorrectfeedback format="html">
      <text>Vaše odpověď je chybná.</text>
    </incorrectfeedback>
    <shownumcorrect/>
    <answer fraction="50" format="html">
      <text><![CDATA[<p dir="ltr" style="text-align: left;">True<br></p>]]></text>
      <feedback format="html">
        <text></text>
      </feedback>
    </answer>
    <answer fraction="50" format="html">
      <text><![CDATA[<p dir="ltr" style="text-align: left;">False<br></p>]]></text>
      <feedback format="html">
        <text></text>
      </feedback>
    </answer>
    <answer fraction="-50" format="html">
      <text><![CDATA[<p dir="ltr" style="text-align: left;">None<br></p>]]></text>
      <feedback format="html">
        <text></text>
      </feedback>
    </answer>
    <answer fraction="-50" format="html">
      <text><![CDATA[<p dir="ltr" style="text-align: left;">Nevrací žádnou hodnotu<br></p>]]></text>
      <feedback format="html">
        <text></text>
      </feedback>
    </answer>
    <answer fraction="-50" format="html">
      <text><![CDATA[<p dir="ltr" style="text-align: left;">5<br></p>]]></text>
      <feedback format="html">
        <text></text>
      </feedback>
    </answer>
    <tags>
      <tag><text>python</text>
</tag>
      <tag><text>porovnání</text>
</tag>
    </tags>
  </question>

<!-- question: 7906  -->
  <question type="multichoice">
    <name>
      <text>K čemu elif</text>
    </name>
    <questiontext format="html">
      <text><![CDATA[<p dir="ltr" style="text-align: left;">K čemu slouží řídící struktura elif ?<br></p>]]></text>
    </questiontext>
    <generalfeedback format="html">
      <text></text>
    </generalfeedback>
    <defaultgrade>2.0000000</defaultgrade>
    <penalty>0.5000000</penalty>
    <hidden>0</hidden>
    <idnumber></idnumber>
    <single>true</single>
    <shuffleanswers>true</shuffleanswers>
    <answernumbering>abc</answernumbering>
    <showstandardinstruction>0</showstandardinstruction>
    <correctfeedback format="html">
      <text>Vaše odpověď je správná.</text>
    </correctfeedback>
    <partiallycorrectfeedback format="html">
      <text>Vaše odpověď je částečně správná.</text>
    </partiallycorrectfeedback>
    <incorrectfeedback format="html">
      <text>Vaše odpověď je chybná.</text>
    </incorrectfeedback>
    <shownumcorrect/>
    <answer fraction="100" format="html">
      <text><![CDATA[<p dir="ltr" style="text-align: left;">K rozvětvení programu do více než dvou větví (přidání další podmínky).<br></p>]]></text>
      <feedback format="html">
        <text></text>
      </feedback>
    </answer>
    <answer fraction="0" format="html">
      <text><![CDATA[<p dir="ltr" style="text-align: left;">Příkazy v elif se provedou vždy.<br></p>]]></text>
      <feedback format="html">
        <text></text>
      </feedback>
    </answer>
    <answer fraction="0" format="html">
      <text><![CDATA[<p dir="ltr" style="text-align: left;">Podmínka v elif je nadřazena podmínce v if<br></p>]]></text>
      <feedback format="html">
        <text></text>
      </feedback>
    </answer>
    <answer fraction="0" format="html">
      <text><![CDATA[<p dir="ltr" style="text-align: left;">Kontroluje se ve chvíli, kdy podmínka v if není ani splněna, ani nesplněna<br></p>]]></text>
      <feedback format="html">
        <text></text>
      </feedback>
    </answer>
    <tags>
      <tag><text>python</text>
</tag>
      <tag><text>elif</text>
</tag>
    </tags>
  </question>

<!-- question: 7905  -->
  <question type="multichoice">
    <name>
      <text>K čemu else?</text>
    </name>
    <questiontext format="html">
      <text><![CDATA[<p dir="ltr" style="text-align: left;">K čemu slouží řídící struktura else?<br></p>]]></text>
    </questiontext>
    <generalfeedback format="html">
      <text></text>
    </generalfeedback>
    <defaultgrade>2.0000000</defaultgrade>
    <penalty>0.5000000</penalty>
    <hidden>0</hidden>
    <idnumber></idnumber>
    <single>true</single>
    <shuffleanswers>true</shuffleanswers>
    <answernumbering>abc</answernumbering>
    <showstandardinstruction>0</showstandardinstruction>
    <correctfeedback format="html">
      <text>Vaše odpověď je správná.</text>
    </correctfeedback>
    <partiallycorrectfeedback format="html">
      <text>Vaše odpověď je částečně správná.</text>
    </partiallycorrectfeedback>
    <incorrectfeedback format="html">
      <text>Vaše odpověď je chybná.</text>
    </incorrectfeedback>
    <shownumcorrect/>
    <answer fraction="100" format="html">
      <text><![CDATA[<p dir="ltr" style="text-align: left;">Příkazy uvnitř else se provedou jen při nesplnění podmínky v souvisejícím if<br></p>]]></text>
      <feedback format="html">
        <text></text>
      </feedback>
    </answer>
    <answer fraction="0" format="html">
      <text><![CDATA[<p dir="ltr" style="text-align: left;">Příkazy uvnitř else se provedou jen při splnění podmínky v souvisejícím if<br></p>]]></text>
      <feedback format="html">
        <text></text>
      </feedback>
    </answer>
    <answer fraction="0" format="html">
      <text><![CDATA[<p dir="ltr" style="text-align: left;">Příkazy uvnítř else se provedou vždy.<br></p>]]></text>
      <feedback format="html">
        <text></text>
      </feedback>
    </answer>
    <tags>
      <tag><text>python</text>
</tag>
      <tag><text>else</text>
</tag>
    </tags>
  </question>

<!-- question: 7904  -->
  <question type="multichoice">
    <name>
      <text>K čemu if</text>
    </name>
    <questiontext format="html">
      <text><![CDATA[<p dir="ltr" style="text-align: left;">K čemu slouží řídící struktura if ?<br></p>]]></text>
    </questiontext>
    <generalfeedback format="html">
      <text></text>
    </generalfeedback>
    <defaultgrade>2.0000000</defaultgrade>
    <penalty>0.5000000</penalty>
    <hidden>0</hidden>
    <idnumber></idnumber>
    <single>true</single>
    <shuffleanswers>true</shuffleanswers>
    <answernumbering>abc</answernumbering>
    <showstandardinstruction>0</showstandardinstruction>
    <correctfeedback format="html">
      <text>Vaše odpověď je správná.</text>
    </correctfeedback>
    <partiallycorrectfeedback format="html">
      <text>Vaše odpověď je částečně správná.</text>
    </partiallycorrectfeedback>
    <incorrectfeedback format="html">
      <text>Vaše odpověď je chybná.</text>
    </incorrectfeedback>
    <shownumcorrect/>
    <answer fraction="100" format="html">
      <text><![CDATA[<p dir="ltr" style="text-align: left;">Řádky uvnitř if se provedou jen při splnění zadané podmínky<br></p>]]></text>
      <feedback format="html">
        <text></text>
      </feedback>
    </answer>
    <answer fraction="0" format="html">
      <text><![CDATA[<p dir="ltr" style="text-align: left;">Řádky uvnitř if se provedou jen při nesplnění zadané podmínky<br></p>]]></text>
      <feedback format="html">
        <text></text>
      </feedback>
    </answer>
    <answer fraction="0" format="html">
      <text><![CDATA[<p dir="ltr" style="text-align: left;">Program se spustí, jen pokud je uživateli více než 18 let.<br></p>]]></text>
      <feedback format="html">
        <text></text>
      </feedback>
    </answer>
    <answer fraction="0" format="html">
      <text><![CDATA[<p dir="ltr" style="text-align: left;">Pro zesložitění kódu<br></p>]]></text>
      <feedback format="html">
        <text></text>
      </feedback>
    </answer>
    <tags>
      <tag><text>python</text>
</tag>
      <tag><text>if</text>
</tag>
    </tags>
  </question>

<!-- question: 7899  -->
  <question type="multichoice">
    <name>
      <text>Operátor porovnání na rovnost</text>
    </name>
    <questiontext format="html">
      <text><![CDATA[<p dir="ltr" style="text-align: left;">Jakým operátorem zjistíme, zda jsou dvě hodnoty stejné?<br></p>]]></text>
    </questiontext>
    <generalfeedback format="html">
      <text></text>
    </generalfeedback>
    <defaultgrade>2.0000000</defaultgrade>
    <penalty>0.5000000</penalty>
    <hidden>0</hidden>
    <idnumber></idnumber>
    <single>true</single>
    <shuffleanswers>true</shuffleanswers>
    <answernumbering>abc</answernumbering>
    <showstandardinstruction>0</showstandardinstruction>
    <correctfeedback format="html">
      <text>Vaše odpověď je správná.</text>
    </correctfeedback>
    <partiallycorrectfeedback format="html">
      <text>Vaše odpověď je částečně správná.</text>
    </partiallycorrectfeedback>
    <incorrectfeedback format="html">
      <text>Vaše odpověď je chybná.</text>
    </incorrectfeedback>
    <shownumcorrect/>
    <answer fraction="100" format="html">
      <text><![CDATA[<p dir="ltr" style="text-align: left;">==<br></p>]]></text>
      <feedback format="html">
        <text></text>
      </feedback>
    </answer>
    <answer fraction="0" format="html">
      <text><![CDATA[<p dir="ltr" style="text-align: left;">=<br></p>]]></text>
      <feedback format="html">
        <text></text>
      </feedback>
    </answer>
    <answer fraction="0" format="html">
      <text><![CDATA[<p dir="ltr" style="text-align: left;">!=<br></p>]]></text>
      <feedback format="html">
        <text></text>
      </feedback>
    </answer>
    <answer fraction="0" format="html">
      <text><![CDATA[<p dir="ltr" style="text-align: left;">?<br></p>]]></text>
      <feedback format="html">
        <text></text>
      </feedback>
    </answer>
    <answer fraction="0" format="html">
      <text><![CDATA[<p dir="ltr" style="text-align: left;">same<br></p>]]></text>
      <feedback format="html">
        <text></text>
      </feedback>
    </answer>
    <tags>
      <tag><text>python</text>
</tag>
      <tag><text>porovnání</text>
</tag>
    </tags>
  </question>

<!-- question: 7897  -->
  <question type="multichoice">
    <name>
      <text>Operátor uložení</text>
    </name>
    <questiontext format="html">
      <text><![CDATA[<p dir="ltr" style="text-align: left;">Jakým operátorem uložíme do proměnné konkrétní zadanou hodnotu?<br></p>]]></text>
    </questiontext>
    <generalfeedback format="html">
      <text></text>
    </generalfeedback>
    <defaultgrade>2.0000000</defaultgrade>
    <penalty>0.5000000</penalty>
    <hidden>0</hidden>
    <idnumber></idnumber>
    <single>true</single>
    <shuffleanswers>true</shuffleanswers>
    <answernumbering>abc</answernumbering>
    <showstandardinstruction>0</showstandardinstruction>
    <correctfeedback format="html">
      <text>Vaše odpověď je správná.</text>
    </correctfeedback>
    <partiallycorrectfeedback format="html">
      <text>Vaše odpověď je částečně správná.</text>
    </partiallycorrectfeedback>
    <incorrectfeedback format="html">
      <text>Vaše odpověď je chybná.</text>
    </incorrectfeedback>
    <shownumcorrect/>
    <answer fraction="100" format="html">
      <text><![CDATA[<p dir="ltr" style="text-align: left;">=<br></p>]]></text>
      <feedback format="html">
        <text></text>
      </feedback>
    </answer>
    <answer fraction="0" format="html">
      <text><![CDATA[<p dir="ltr" style="text-align: left;">==<br></p>]]></text>
      <feedback format="html">
        <text></text>
      </feedback>
    </answer>
    <answer fraction="0" format="html">
      <text><![CDATA[<p dir="ltr" style="text-align: left;">!=<br></p>]]></text>
      <feedback format="html">
        <text></text>
      </feedback>
    </answer>
    <answer fraction="0" format="html">
      <text><![CDATA[<p dir="ltr" style="text-align: left;">&lt;-<br></p>]]></text>
      <feedback format="html">
        <text></text>
      </feedback>
    </answer>
    <answer fraction="0" format="html">
      <text><![CDATA[<p dir="ltr" style="text-align: left;">save<br></p>]]></text>
      <feedback format="html">
        <text></text>
      </feedback>
    </answer>
    <tags>
      <tag><text>python</text>
</tag>
      <tag><text>uložení</text>
</tag>
    </tags>
  </question>

<!-- question: 7901  -->
  <question type="multichoice">
    <name>
      <text>Přičtení hodnoty</text>
    </name>
    <questiontext format="html">
      <text><![CDATA[<p dir="ltr" style="text-align: left;">Jakým operátorem přičtete k hodnotě proměnné jinou hodnotu (přímo změníte hodnotu v proměnné)<br></p>]]></text>
    </questiontext>
    <generalfeedback format="html">
      <text></text>
    </generalfeedback>
    <defaultgrade>2.0000000</defaultgrade>
    <penalty>0.5000000</penalty>
    <hidden>0</hidden>
    <idnumber></idnumber>
    <single>true</single>
    <shuffleanswers>true</shuffleanswers>
    <answernumbering>abc</answernumbering>
    <showstandardinstruction>0</showstandardinstruction>
    <correctfeedback format="html">
      <text>Vaše odpověď je správná.</text>
    </correctfeedback>
    <partiallycorrectfeedback format="html">
      <text>Vaše odpověď je částečně správná.</text>
    </partiallycorrectfeedback>
    <incorrectfeedback format="html">
      <text>Vaše odpověď je chybná.</text>
    </incorrectfeedback>
    <shownumcorrect/>
    <answer fraction="100" format="html">
      <text><![CDATA[<p dir="ltr" style="text-align: left;">+=<br></p>]]></text>
      <feedback format="html">
        <text></text>
      </feedback>
    </answer>
    <answer fraction="0" format="html">
      <text><![CDATA[<p dir="ltr" style="text-align: left;">=+<br></p>]]></text>
      <feedback format="html">
        <text></text>
      </feedback>
    </answer>
    <answer fraction="0" format="html">
      <text><![CDATA[<p dir="ltr" style="text-align: left;">+<br></p>]]></text>
      <feedback format="html">
        <text></text>
      </feedback>
    </answer>
    <answer fraction="0" format="html">
      <text><![CDATA[<p dir="ltr" style="text-align: left;">=<br></p>]]></text>
      <feedback format="html">
        <text></text>
      </feedback>
    </answer>
    <tags>
      <tag><text>python</text>
</tag>
      <tag><text>+=</text>
</tag>
    </tags>
  </question>

<!-- question: 7896  -->
  <question type="multichoice">
    <name>
      <text>Význam =</text>
    </name>
    <questiontext format="html">
      <text><![CDATA[<p dir="ltr" style="text-align: left;">Jakou operaci prování operátor =<br></p>]]></text>
    </questiontext>
    <generalfeedback format="html">
      <text></text>
    </generalfeedback>
    <defaultgrade>2.0000000</defaultgrade>
    <penalty>0.5000000</penalty>
    <hidden>0</hidden>
    <idnumber></idnumber>
    <single>true</single>
    <shuffleanswers>true</shuffleanswers>
    <answernumbering>abc</answernumbering>
    <showstandardinstruction>0</showstandardinstruction>
    <correctfeedback format="html">
      <text>Vaše odpověď je správná.</text>
    </correctfeedback>
    <partiallycorrectfeedback format="html">
      <text>Vaše odpověď je částečně správná.</text>
    </partiallycorrectfeedback>
    <incorrectfeedback format="html">
      <text>Vaše odpověď je chybná.</text>
    </incorrectfeedback>
    <shownumcorrect/>
    <answer fraction="100" format="html">
      <text><![CDATA[<p dir="ltr" style="text-align: left;">uložení do proměnné<br></p>]]></text>
      <feedback format="html">
        <text></text>
      </feedback>
    </answer>
    <answer fraction="0" format="html">
      <text><![CDATA[<p dir="ltr" style="text-align: left;">Udává, čemu se proměnná rovná po celou dobu běhu programu<br></p>]]></text>
      <feedback format="html">
        <text></text>
      </feedback>
    </answer>
    <answer fraction="0" format="html">
      <text><![CDATA[<p dir="ltr" style="text-align: left;">Porovnává levou a pravou stranu<br></p>]]></text>
      <feedback format="html">
        <text></text>
      </feedback>
    </answer>
    <answer fraction="0" format="html">
      <text><![CDATA[<p dir="ltr" style="text-align: left;">Dvojité odčítání<br></p>]]></text>
      <feedback format="html">
        <text></text>
      </feedback>
    </answer>
    <tags>
      <tag><text>python</text>
</tag>
      <tag><text>uložení</text>
</tag>
    </tags>
  </question>

<!-- question: 7898  -->
  <question type="multichoice">
    <name>
      <text>Význam ==</text>
    </name>
    <questiontext format="html">
      <text><![CDATA[<p dir="ltr" style="text-align: left;">Jakou operaci provádí operátor ==<br></p>]]></text>
    </questiontext>
    <generalfeedback format="html">
      <text></text>
    </generalfeedback>
    <defaultgrade>2.0000000</defaultgrade>
    <penalty>0.5000000</penalty>
    <hidden>0</hidden>
    <idnumber></idnumber>
    <single>true</single>
    <shuffleanswers>true</shuffleanswers>
    <answernumbering>abc</answernumbering>
    <showstandardinstruction>0</showstandardinstruction>
    <correctfeedback format="html">
      <text>Vaše odpověď je správná.</text>
    </correctfeedback>
    <partiallycorrectfeedback format="html">
      <text>Vaše odpověď je částečně správná.</text>
    </partiallycorrectfeedback>
    <incorrectfeedback format="html">
      <text>Vaše odpověď je chybná.</text>
    </incorrectfeedback>
    <shownumcorrect/>
    <answer fraction="100" format="html">
      <text><![CDATA[<p dir="ltr" style="text-align: left;">Porovnání na rovnost<br></p>]]></text>
      <feedback format="html">
        <text></text>
      </feedback>
    </answer>
    <answer fraction="0" format="html">
      <text><![CDATA[<p dir="ltr" style="text-align: left;">uložení<br></p>]]></text>
      <feedback format="html">
        <text></text>
      </feedback>
    </answer>
    <answer fraction="0" format="html">
      <text><![CDATA[<p dir="ltr" style="text-align: left;">Určení hodnoty proměnné pro celou dobu běhu programu<br></p>]]></text>
      <feedback format="html">
        <text></text>
      </feedback>
    </answer>
    <answer fraction="0" format="html">
      <text><![CDATA[<p dir="ltr" style="text-align: left;">Uložení do dvou proměnných<br></p>]]></text>
      <feedback format="html">
        <text></text>
      </feedback>
    </answer>
    <tags>
      <tag><text>python</text>
</tag>
      <tag><text>porovnání</text>
</tag>
    </tags>
  </question>

<!-- question: 7907  -->
  <question type="multichoice">
    <name>
      <text>Za kterými strukturami podmínka</text>
    </name>
    <questiontext format="html">
      <text><![CDATA[<p dir="ltr" style="text-align: left;">Za kterými řídícími strukturami musíme zapsat podmínku (nebo odpovídající výraz).<br></p>]]></text>
    </questiontext>
    <generalfeedback format="html">
      <text></text>
    </generalfeedback>
    <defaultgrade>2.0000000</defaultgrade>
    <penalty>0.5000000</penalty>
    <hidden>0</hidden>
    <idnumber></idnumber>
    <single>false</single>
    <shuffleanswers>true</shuffleanswers>
    <answernumbering>abc</answernumbering>
    <showstandardinstruction>0</showstandardinstruction>
    <correctfeedback format="html">
      <text>Vaše odpověď je správná.</text>
    </correctfeedback>
    <partiallycorrectfeedback format="html">
      <text>Vaše odpověď je částečně správná.</text>
    </partiallycorrectfeedback>
    <incorrectfeedback format="html">
      <text>Vaše odpověď je chybná.</text>
    </incorrectfeedback>
    <shownumcorrect/>
    <answer fraction="50" format="html">
      <text><![CDATA[<p dir="ltr" style="text-align: left;">if<br></p>]]></text>
      <feedback format="html">
        <text></text>
      </feedback>
    </answer>
    <answer fraction="50" format="html">
      <text><![CDATA[<p dir="ltr" style="text-align: left;">elif<br></p>]]></text>
      <feedback format="html">
        <text></text>
      </feedback>
    </answer>
    <answer fraction="-50" format="html">
      <text><![CDATA[<p dir="ltr" style="text-align: left;">else<br></p>]]></text>
      <feedback format="html">
        <text></text>
      </feedback>
    </answer>
    <answer fraction="-50" format="html">
      <text><![CDATA[<p dir="ltr" style="text-align: left;">==<br></p>]]></text>
      <feedback format="html">
        <text></text>
      </feedback>
    </answer>
    <tags>
      <tag><text>python</text>
</tag>
      <tag><text>if</text>
</tag>
      <tag><text>else</text>
</tag>
      <tag><text>elif</text>
</tag>
    </tags>
  </question>

<!-- question: 7903  -->
  <question type="numerical">
    <name>
      <text>Kolik větví if-else</text>
    </name>
    <questiontext format="html">
      <text><![CDATA[<p dir="ltr" style="text-align: left;">Na kolik větví rozdělíme část programu obsaženou v bloku if-else<br></p>]]></text>
    </questiontext>
    <generalfeedback format="html">
      <text></text>
    </generalfeedback>
    <defaultgrade>2.0000000</defaultgrade>
    <penalty>0.5000000</penalty>
    <hidden>0</hidden>
    <idnumber></idnumber>
    <answer fraction="100" format="moodle_auto_format">
      <text>2</text>
      <feedback format="html">
        <text></text>
      </feedback>
      <tolerance>0</tolerance>
    </answer>
    <unitgradingtype>0</unitgradingtype>
    <unitpenalty>0.1000000</unitpenalty>
    <showunits>3</showunits>
    <unitsleft>0</unitsleft>
    <tags>
      <tag><text>python</text>
</tag>
      <tag><text>if</text>
</tag>
      <tag><text>else</text>
</tag>
    </tags>
  </question>

<!-- question: 7909  -->
  <question type="truefalse">
    <name>
      <text>Počet větví</text>
    </name>
    <questiontext format="html">
      <text><![CDATA[<p dir="ltr" style="text-align: left;">Program je možné rozvětvit pouze do 2 (if-else), případně 3 větví (if-elif-else)<br></p>]]></text>
    </questiontext>
    <generalfeedback format="html">
      <text></text>
    </generalfeedback>
    <defaultgrade>1.0000000</defaultgrade>
    <penalty>1.0000000</penalty>
    <hidden>0</hidden>
    <idnumber></idnumber>
    <answer fraction="0" format="moodle_auto_format">
      <text>true</text>
      <feedback format="html">
        <text></text>
      </feedback>
    </answer>
    <answer fraction="100" format="moodle_auto_format">
      <text>false</text>
      <feedback format="html">
        <text></text>
      </feedback>
    </answer>
    <tags>
      <tag><text>python</text>
</tag>
      <tag><text>if</text>
</tag>
      <tag><text>else</text>
</tag>
      <tag><text>elif</text>
</tag>
    </tags>
  </question>

<!-- question: 7908  -->
  <question type="truefalse">
    <name>
      <text>Přeskočení řádků</text>
    </name>
    <questiontext format="html">
      <text><![CDATA[<p dir="ltr" style="text-align: left;">V programu není možné přeskočit žádné řádky. Tedy se vždy provedou všechny řádky, které jsou v kódu zapsané.<br></p>]]></text>
    </questiontext>
    <generalfeedback format="html">
      <text></text>
    </generalfeedback>
    <defaultgrade>1.0000000</defaultgrade>
    <penalty>1.0000000</penalty>
    <hidden>0</hidden>
    <idnumber></idnumber>
    <answer fraction="0" format="moodle_auto_format">
      <text>true</text>
      <feedback format="html">
        <text></text>
      </feedback>
    </answer>
    <answer fraction="100" format="moodle_auto_format">
      <text>false</text>
      <feedback format="html">
        <text></text>
      </feedback>
    </answer>
    <tags>
      <tag><text>python</text>
</tag>
      <tag><text>if</text>
</tag>
    </tags>
  </question>

<!-- question: 7895  -->
  <question type="truefalse">
    <name>
      <text>Stejné = ? ==</text>
    </name>
    <questiontext format="html">
      <text><![CDATA[<p dir="ltr" style="text-align: left;">Operátory = a == provádí v stejnou operaci.<br></p>]]></text>
    </questiontext>
    <generalfeedback format="html">
      <text></text>
    </generalfeedback>
    <defaultgrade>1.0000000</defaultgrade>
    <penalty>1.0000000</penalty>
    <hidden>0</hidden>
    <idnumber></idnumber>
    <answer fraction="0" format="moodle_auto_format">
      <text>true</text>
      <feedback format="html">
        <text></text>
      </feedback>
    </answer>
    <answer fraction="100" format="moodle_auto_format">
      <text>false</text>
      <feedback format="html">
        <text></text>
      </feedback>
    </answer>
    <tags>
      <tag><text>python</text>
</tag>
      <tag><text>uložení</text>
</tag>
      <tag><text>porovnání</text>
</tag>
    </tags>
  </question>

<!-- question: 0  -->
  <question type="category">
    <category>
      <text>$course$/top/JaroslavHoleček/Programování/Python/Logické fce, list, tuple, set, slovník</text>
    </category>
    <info format="html">
      <text></text>
    </info>
    <idnumber></idnumber>
  </question>

<!-- question: 7975  -->
  <question type="matching">
    <name>
      <text>Logické fce - přiřazování</text>
    </name>
    <questiontext format="html">
      <text><![CDATA[<p dir="ltr" style="text-align: left;">Přiřaďte k logickým funkcím jejich název:<br></p>]]></text>
    </questiontext>
    <generalfeedback format="html">
      <text></text>
    </generalfeedback>
    <defaultgrade>3.0000000</defaultgrade>
    <penalty>0.5000000</penalty>
    <hidden>0</hidden>
    <idnumber></idnumber>
    <shuffleanswers>true</shuffleanswers>
    <correctfeedback format="html">
      <text>Vaše odpověď je správná.</text>
    </correctfeedback>
    <partiallycorrectfeedback format="html">
      <text>Vaše odpověď je částečně správná.</text>
    </partiallycorrectfeedback>
    <incorrectfeedback format="html">
      <text>Vaše odpověď je chybná.</text>
    </incorrectfeedback>
    <shownumcorrect/>
    <subquestion format="html">
      <text><![CDATA[<p dir="ltr" style="text-align: left;">and<br></p>]]></text>
      <answer>
        <text>logický součin</text>
      </answer>
    </subquestion>
    <subquestion format="html">
      <text><![CDATA[<p dir="ltr" style="text-align: left;">or<br></p>]]></text>
      <answer>
        <text>logický součet</text>
      </answer>
    </subquestion>
    <subquestion format="html">
      <text><![CDATA[<p dir="ltr" style="text-align: left;">not<br></p>]]></text>
      <answer>
        <text>logická inverze</text>
      </answer>
    </subquestion>
    <subquestion format="html">
      <text></text>
      <answer>
        <text>logické spojení</text>
      </answer>
    </subquestion>
    <subquestion format="html">
      <text></text>
      <answer>
        <text>logické vyloučení</text>
      </answer>
    </subquestion>
    <subquestion format="html">
      <text></text>
      <answer>
        <text>logické popření</text>
      </answer>
    </subquestion>
    <tags>
      <tag><text>python</text>
</tag>
      <tag><text>logická fce</text>
</tag>
      <tag><text>and</text>
</tag>
      <tag><text>or</text>
</tag>
      <tag><text>not</text>
</tag>
    </tags>
  </question>

<!-- question: 7976  -->
  <question type="matching">
    <name>
      <text>Logické fce - přiřazování význam</text>
    </name>
    <questiontext format="html">
      <text><![CDATA[<p dir="ltr" style="text-align: left;">Přiřaďte k logickým funkcím jejich význam:<br></p>]]></text>
    </questiontext>
    <generalfeedback format="html">
      <text></text>
    </generalfeedback>
    <defaultgrade>3.0000000</defaultgrade>
    <penalty>0.5000000</penalty>
    <hidden>0</hidden>
    <idnumber></idnumber>
    <shuffleanswers>true</shuffleanswers>
    <correctfeedback format="html">
      <text>Vaše odpověď je správná.</text>
    </correctfeedback>
    <partiallycorrectfeedback format="html">
      <text>Vaše odpověď je částečně správná.</text>
    </partiallycorrectfeedback>
    <incorrectfeedback format="html">
      <text>Vaše odpověď je chybná.</text>
    </incorrectfeedback>
    <shownumcorrect/>
    <subquestion format="html">
      <text><![CDATA[<p dir="ltr" style="text-align: left;">and<br></p>]]></text>
      <answer>
        <text>Vrací True (1), pokud všechny vstupní hodnoty jsou True (1)</text>
      </answer>
    </subquestion>
    <subquestion format="html">
      <text><![CDATA[<p dir="ltr" style="text-align: left;">or<br></p>]]></text>
      <answer>
        <text>Vrací True (1), pokud alespoň jedna vstupní hodnota je True (1)</text>
      </answer>
    </subquestion>
    <subquestion format="html">
      <text><![CDATA[<p dir="ltr" style="text-align: left;">not<br></p>]]></text>
      <answer>
        <text>Převrací vstupní hodnotu</text>
      </answer>
    </subquestion>
    <subquestion format="html">
      <text></text>
      <answer>
        <text>Spojí dvě hodnoty dohromady</text>
      </answer>
    </subquestion>
    <subquestion format="html">
      <text></text>
      <answer>
        <text>Vybere z hodnot tu vhodnější</text>
      </answer>
    </subquestion>
    <subquestion format="html">
      <text></text>
      <answer>
        <text>Neuzná hodnotu</text>
      </answer>
    </subquestion>
    <tags>
      <tag><text>python</text>
</tag>
      <tag><text>logická fce</text>
</tag>
      <tag><text>and</text>
</tag>
      <tag><text>or</text>
</tag>
      <tag><text>not</text>
</tag>
    </tags>
  </question>

<!-- question: 7985  -->
  <question type="matching">
    <name>
      <text>Tvorba list, tuple, set, dict</text>
    </name>
    <questiontext format="html">
      <text><![CDATA[<p dir="ltr" style="text-align: left;">Přiřaďte k datovým typům jejich znaky, pomocí kterých je vytvoříme:<br></p>]]></text>
    </questiontext>
    <generalfeedback format="html">
      <text></text>
    </generalfeedback>
    <defaultgrade>4.0000000</defaultgrade>
    <penalty>0.5000000</penalty>
    <hidden>0</hidden>
    <idnumber></idnumber>
    <shuffleanswers>true</shuffleanswers>
    <correctfeedback format="html">
      <text>Vaše odpověď je správná.</text>
    </correctfeedback>
    <partiallycorrectfeedback format="html">
      <text>Vaše odpověď je částečně správná.</text>
    </partiallycorrectfeedback>
    <incorrectfeedback format="html">
      <text>Vaše odpověď je chybná.</text>
    </incorrectfeedback>
    <shownumcorrect/>
    <subquestion format="html">
      <text><![CDATA[<p dir="ltr" style="text-align: left;">list<br></p>]]></text>
      <answer>
        <text>[ ]</text>
      </answer>
    </subquestion>
    <subquestion format="html">
      <text><![CDATA[<p dir="ltr" style="text-align: left;">tuple<br></p>]]></text>
      <answer>
        <text>( )</text>
      </answer>
    </subquestion>
    <subquestion format="html">
      <text><![CDATA[<p dir="ltr" style="text-align: left;">set<br></p>]]></text>
      <answer>
        <text>{ }</text>
      </answer>
    </subquestion>
    <subquestion format="html">
      <text><![CDATA[<p dir="ltr" style="text-align: left;">dict<br></p>]]></text>
      <answer>
        <text>{ : }</text>
      </answer>
    </subquestion>
    <tags>
      <tag><text>python</text>
</tag>
      <tag><text>list</text>
</tag>
      <tag><text>set</text>
</tag>
      <tag><text>tuple</text>
</tag>
      <tag><text>dict</text>
</tag>
    </tags>
  </question>

<!-- question: 7984  -->
  <question type="matching">
    <name>
      <text>Význam list, tuple, set, dict</text>
    </name>
    <questiontext format="html">
      <text><![CDATA[<p dir="ltr" style="text-align: left;">Přiřaďte k datovým typům jejich význam:<br></p>]]></text>
    </questiontext>
    <generalfeedback format="html">
      <text></text>
    </generalfeedback>
    <defaultgrade>4.0000000</defaultgrade>
    <penalty>0.5000000</penalty>
    <hidden>0</hidden>
    <idnumber></idnumber>
    <shuffleanswers>true</shuffleanswers>
    <correctfeedback format="html">
      <text>Vaše odpověď je správná.</text>
    </correctfeedback>
    <partiallycorrectfeedback format="html">
      <text>Vaše odpověď je částečně správná.</text>
    </partiallycorrectfeedback>
    <incorrectfeedback format="html">
      <text>Vaše odpověď je chybná.</text>
    </incorrectfeedback>
    <shownumcorrect/>
    <subquestion format="html">
      <text><![CDATA[<p dir="ltr" style="text-align: left;">list<br></p>]]></text>
      <answer>
        <text>Libovolný počet libovolných hodnot. Lze měnit.</text>
      </answer>
    </subquestion>
    <subquestion format="html">
      <text><![CDATA[<p dir="ltr" style="text-align: left;">tuple<br></p>]]></text>
      <answer>
        <text>Libovolný počet libovolných hodnot. Nelze měnit.</text>
      </answer>
    </subquestion>
    <subquestion format="html">
      <text><![CDATA[<p dir="ltr" style="text-align: left;">set<br></p>]]></text>
      <answer>
        <text>Libovolný počet různých hodnot. Lze měnit.</text>
      </answer>
    </subquestion>
    <subquestion format="html">
      <text><![CDATA[<p dir="ltr" style="text-align: left;">dict<br></p>]]></text>
      <answer>
        <text>Dvojice k sobě přiřazených hodnot.</text>
      </answer>
    </subquestion>
    <tags>
      <tag><text>python</text>
</tag>
      <tag><text>list</text>
</tag>
      <tag><text>set</text>
</tag>
      <tag><text>tuple</text>
</tag>
      <tag><text>dict</text>
</tag>
    </tags>
  </question>

<!-- question: 7987  -->
  <question type="multichoice">
    <name>
      <text>Části v dict</text>
    </name>
    <questiontext format="html">
      <text><![CDATA[<p dir="ltr" style="text-align: left;">Ve slovníku (dict) máme dvě části dat, které se nazývají:<br></p>]]></text>
    </questiontext>
    <generalfeedback format="html">
      <text></text>
    </generalfeedback>
    <defaultgrade>2.0000000</defaultgrade>
    <penalty>0.5000000</penalty>
    <hidden>0</hidden>
    <idnumber></idnumber>
    <single>false</single>
    <shuffleanswers>true</shuffleanswers>
    <answernumbering>abc</answernumbering>
    <showstandardinstruction>0</showstandardinstruction>
    <correctfeedback format="html">
      <text>Vaše odpověď je správná.</text>
    </correctfeedback>
    <partiallycorrectfeedback format="html">
      <text>Vaše odpověď je částečně správná.</text>
    </partiallycorrectfeedback>
    <incorrectfeedback format="html">
      <text>Vaše odpověď je chybná.</text>
    </incorrectfeedback>
    <shownumcorrect/>
    <answer fraction="50" format="html">
      <text><![CDATA[<p dir="ltr" style="text-align: left;">key (klíč)<br></p>]]></text>
      <feedback format="html">
        <text></text>
      </feedback>
    </answer>
    <answer fraction="50" format="html">
      <text><![CDATA[<p dir="ltr" style="text-align: left;">value (hodnota)<br></p>]]></text>
      <feedback format="html">
        <text></text>
      </feedback>
    </answer>
    <answer fraction="-33.33333" format="html">
      <text><![CDATA[<p dir="ltr" style="text-align: left;">id (identifikátor)<br></p>]]></text>
      <feedback format="html">
        <text></text>
      </feedback>
    </answer>
    <answer fraction="-33.33333" format="html">
      <text><![CDATA[<p dir="ltr" style="text-align: left;">data (data)<br></p>]]></text>
      <feedback format="html">
        <text></text>
      </feedback>
    </answer>
    <answer fraction="-33.33333" format="html">
      <text><![CDATA[<p dir="ltr" style="text-align: left;">stamp (známka)<br></p>]]></text>
      <feedback format="html">
        <text></text>
      </feedback>
    </answer>
    <tags>
      <tag><text>python</text>
</tag>
      <tag><text>dict</text>
</tag>
    </tags>
  </question>

<!-- question: 7977  -->
  <question type="numerical">
    <name>
      <text>Počet vstupů and</text>
    </name>
    <questiontext format="html">
      <text><![CDATA[<p dir="ltr" style="text-align: left;">Kolik vstupních hodnot vstupuje do logické funkce and?<br></p>]]></text>
    </questiontext>
    <generalfeedback format="html">
      <text></text>
    </generalfeedback>
    <defaultgrade>2.0000000</defaultgrade>
    <penalty>0.5000000</penalty>
    <hidden>0</hidden>
    <idnumber></idnumber>
    <answer fraction="100" format="moodle_auto_format">
      <text>2</text>
      <feedback format="html">
        <text></text>
      </feedback>
      <tolerance>0</tolerance>
    </answer>
    <unitgradingtype>0</unitgradingtype>
    <unitpenalty>0.1000000</unitpenalty>
    <showunits>3</showunits>
    <unitsleft>0</unitsleft>
    <tags>
      <tag><text>logická fce</text>
</tag>
      <tag><text>and</text>
</tag>
    </tags>
  </question>

<!-- question: 7979  -->
  <question type="numerical">
    <name>
      <text>Počet vstupů not</text>
    </name>
    <questiontext format="html">
      <text><![CDATA[<p dir="ltr" style="text-align: left;">Kolik vstupních hodnot vstupuje do logické funkce not?<br></p>]]></text>
    </questiontext>
    <generalfeedback format="html">
      <text></text>
    </generalfeedback>
    <defaultgrade>2.0000000</defaultgrade>
    <penalty>0.5000000</penalty>
    <hidden>0</hidden>
    <idnumber></idnumber>
    <answer fraction="100" format="moodle_auto_format">
      <text>1</text>
      <feedback format="html">
        <text></text>
      </feedback>
      <tolerance>0</tolerance>
    </answer>
    <unitgradingtype>0</unitgradingtype>
    <unitpenalty>0.1000000</unitpenalty>
    <showunits>3</showunits>
    <unitsleft>0</unitsleft>
    <tags>
      <tag><text>logická fce</text>
</tag>
      <tag><text>not</text>
</tag>
    </tags>
  </question>

<!-- question: 7978  -->
  <question type="numerical">
    <name>
      <text>Počet vstupů or</text>
    </name>
    <questiontext format="html">
      <text><![CDATA[<p dir="ltr" style="text-align: left;">Kolik vstupních hodnot vstupuje do logické funkce or?<br></p>]]></text>
    </questiontext>
    <generalfeedback format="html">
      <text></text>
    </generalfeedback>
    <defaultgrade>2.0000000</defaultgrade>
    <penalty>0.5000000</penalty>
    <hidden>0</hidden>
    <idnumber></idnumber>
    <answer fraction="100" format="moodle_auto_format">
      <text>2</text>
      <feedback format="html">
        <text></text>
      </feedback>
      <tolerance>0</tolerance>
    </answer>
    <unitgradingtype>0</unitgradingtype>
    <unitpenalty>0.1000000</unitpenalty>
    <showunits>3</showunits>
    <unitsleft>0</unitsleft>
    <tags>
      <tag><text>logická fce</text>
</tag>
      <tag><text>or</text>
</tag>
    </tags>
  </question>

<!-- question: 7980  -->
  <question type="numerical">
    <name>
      <text>Počet výstupů and</text>
    </name>
    <questiontext format="html">
      <text><![CDATA[<p dir="ltr" style="text-align: left;">Kolik výstupních hodnot vystupuje z logické fce and?<br></p>]]></text>
    </questiontext>
    <generalfeedback format="html">
      <text></text>
    </generalfeedback>
    <defaultgrade>2.0000000</defaultgrade>
    <penalty>0.5000000</penalty>
    <hidden>0</hidden>
    <idnumber></idnumber>
    <answer fraction="100" format="moodle_auto_format">
      <text>1</text>
      <feedback format="html">
        <text></text>
      </feedback>
      <tolerance>0</tolerance>
    </answer>
    <unitgradingtype>0</unitgradingtype>
    <unitpenalty>0.1000000</unitpenalty>
    <showunits>3</showunits>
    <unitsleft>0</unitsleft>
    <tags>
      <tag><text>logická fce</text>
</tag>
      <tag><text>and</text>
</tag>
    </tags>
  </question>

<!-- question: 7982  -->
  <question type="numerical">
    <name>
      <text>Počet výstupů not</text>
    </name>
    <questiontext format="html">
      <text><![CDATA[<p dir="ltr" style="text-align: left;">Kolik výstupních hodnot vystupuje z logické fce not?<br></p>]]></text>
    </questiontext>
    <generalfeedback format="html">
      <text></text>
    </generalfeedback>
    <defaultgrade>2.0000000</defaultgrade>
    <penalty>0.5000000</penalty>
    <hidden>0</hidden>
    <idnumber></idnumber>
    <answer fraction="100" format="moodle_auto_format">
      <text>1</text>
      <feedback format="html">
        <text></text>
      </feedback>
      <tolerance>0</tolerance>
    </answer>
    <unitgradingtype>0</unitgradingtype>
    <unitpenalty>0.1000000</unitpenalty>
    <showunits>3</showunits>
    <unitsleft>0</unitsleft>
    <tags>
      <tag><text>logická fce</text>
</tag>
      <tag><text>not</text>
</tag>
    </tags>
  </question>

<!-- question: 7981  -->
  <question type="numerical">
    <name>
      <text>Počet výstupů or</text>
    </name>
    <questiontext format="html">
      <text><![CDATA[<p dir="ltr" style="text-align: left;">Kolik výstupních hodnot vystupuje z logické fce or?<br></p>]]></text>
    </questiontext>
    <generalfeedback format="html">
      <text></text>
    </generalfeedback>
    <defaultgrade>2.0000000</defaultgrade>
    <penalty>0.5000000</penalty>
    <hidden>0</hidden>
    <idnumber></idnumber>
    <answer fraction="100" format="moodle_auto_format">
      <text>1</text>
      <feedback format="html">
        <text></text>
      </feedback>
      <tolerance>0</tolerance>
    </answer>
    <unitgradingtype>0</unitgradingtype>
    <unitpenalty>0.1000000</unitpenalty>
    <showunits>3</showunits>
    <unitsleft>0</unitsleft>
    <tags>
      <tag><text>logická fce</text>
</tag>
      <tag><text>or</text>
</tag>
    </tags>
  </question>

<!-- question: 7986  -->
  <question type="truefalse">
    <name>
      <text>Omezení počtu prvků v list</text>
    </name>
    <questiontext format="html">
      <text><![CDATA[<p dir="ltr" style="text-align: left;">Počet prvků v List je omezený (zadávame při deklaraci a inicializaci - vytváření)<br></p>]]></text>
    </questiontext>
    <generalfeedback format="html">
      <text></text>
    </generalfeedback>
    <defaultgrade>1.0000000</defaultgrade>
    <penalty>1.0000000</penalty>
    <hidden>0</hidden>
    <idnumber></idnumber>
    <answer fraction="0" format="moodle_auto_format">
      <text>true</text>
      <feedback format="html">
        <text></text>
      </feedback>
    </answer>
    <answer fraction="100" format="moodle_auto_format">
      <text>false</text>
      <feedback format="html">
        <text></text>
      </feedback>
    </answer>
    <tags>
      <tag><text>python</text>
</tag>
      <tag><text>list</text>
</tag>
    </tags>
  </question>

<!-- question: 7989  -->
  <question type="truefalse">
    <name>
      <text>Opakující se prvku v set</text>
    </name>
    <questiontext format="html">
      <text><![CDATA[<p dir="ltr" style="text-align: left;">V set mohou být libovolně se opakující se prvky - např.: {1, 2, 3, 1, 2, 3}<br></p>]]></text>
    </questiontext>
    <generalfeedback format="html">
      <text></text>
    </generalfeedback>
    <defaultgrade>1.0000000</defaultgrade>
    <penalty>1.0000000</penalty>
    <hidden>0</hidden>
    <idnumber></idnumber>
    <answer fraction="0" format="moodle_auto_format">
      <text>true</text>
      <feedback format="html">
        <text></text>
      </feedback>
    </answer>
    <answer fraction="100" format="moodle_auto_format">
      <text>false</text>
      <feedback format="html">
        <text></text>
      </feedback>
    </answer>
    <tags>
      <tag><text>python</text>
</tag>
      <tag><text>set</text>
</tag>
    </tags>
  </question>

<!-- question: 7983  -->
  <question type="truefalse">
    <name>
      <text>Pouze and, or, not</text>
    </name>
    <questiontext format="html">
      <text><![CDATA[<p dir="ltr" style="text-align: left;">Logické funce existují pouze: and, or, not.<br></p>]]></text>
    </questiontext>
    <generalfeedback format="html">
      <text></text>
    </generalfeedback>
    <defaultgrade>1.0000000</defaultgrade>
    <penalty>1.0000000</penalty>
    <hidden>0</hidden>
    <idnumber></idnumber>
    <answer fraction="0" format="moodle_auto_format">
      <text>true</text>
      <feedback format="html">
        <text></text>
      </feedback>
    </answer>
    <answer fraction="100" format="moodle_auto_format">
      <text>false</text>
      <feedback format="html">
        <text></text>
      </feedback>
    </answer>
    <tags>
      <tag><text>logická fce</text>
</tag>
      <tag><text>and</text>
</tag>
      <tag><text>or</text>
</tag>
      <tag><text>not</text>
</tag>
    </tags>
  </question>

<!-- question: 7988  -->
  <question type="truefalse">
    <name>
      <text>Změna tuple</text>
    </name>
    <questiontext format="html">
      <text><![CDATA[<p dir="ltr" style="text-align: left;">Jednou vytvořené tuple již nelze změnit (přidávat, ubírat, měnit prvky).<br></p>]]></text>
    </questiontext>
    <generalfeedback format="html">
      <text></text>
    </generalfeedback>
    <defaultgrade>1.0000000</defaultgrade>
    <penalty>1.0000000</penalty>
    <hidden>0</hidden>
    <idnumber></idnumber>
    <answer fraction="100" format="moodle_auto_format">
      <text>true</text>
      <feedback format="html">
        <text></text>
      </feedback>
    </answer>
    <answer fraction="0" format="moodle_auto_format">
      <text>false</text>
      <feedback format="html">
        <text></text>
      </feedback>
    </answer>
    <tags>
      <tag><text>python</text>
</tag>
      <tag><text>tuple</text>
</tag>
    </tags>
  </question>

<!-- question: 0  -->
  <question type="category">
    <category>
      <text>$course$/top/JaroslavHoleček/Programování/Python/String, operace se string</text>
    </category>
    <info format="html">
      <text></text>
    </info>
    <idnumber></idnumber>
  </question>

<!-- question: 8027  -->
  <question type="matching">
    <name>
      <text>Bílé znaky - konec řádku, mezera, tabulátor</text>
    </name>
    <questiontext format="html">
      <text><![CDATA[<p>Vyberte z nabízených možností řetězec (string), který po zobrazení (např. v konzoli), vypadá tak, jak je zobrazeno. <br></p>]]></text>
    </questiontext>
    <generalfeedback format="html">
      <text></text>
    </generalfeedback>
    <defaultgrade>6.0000000</defaultgrade>
    <penalty>0.2000000</penalty>
    <hidden>0</hidden>
    <idnumber></idnumber>
    <shuffleanswers>true</shuffleanswers>
    <correctfeedback format="html">
      <text>Vaše odpověď je správná.</text>
    </correctfeedback>
    <partiallycorrectfeedback format="html">
      <text>Vaše odpověď je částečně správná.</text>
    </partiallycorrectfeedback>
    <incorrectfeedback format="html">
      <text>Vaše odpověď je chybná.</text>
    </incorrectfeedback>
    <shownumcorrect/>
    <subquestion format="html">
      <text><![CDATA[<p>JednaDvaTri<br></p>]]></text>
      <answer>
        <text><![CDATA["JednaDvaTri"]]></text>
      </answer>
    </subquestion>
    <subquestion format="html">
      <text><![CDATA[<p>Jedna Dva Tri<br></p>]]></text>
      <answer>
        <text><![CDATA["Jedna" + " " + "Dva" + " " + "Tri"]]></text>
      </answer>
    </subquestion>
    <subquestion format="html">
      <text><![CDATA[<p>Jedna<br>Dva<br>Tri<br></p>]]></text>
      <answer>
        <text><![CDATA["Jedna\nDva\nTri"]]></text>
      </answer>
    </subquestion>
    <subquestion format="html">
      <text><![CDATA[<p>Jedna&nbsp;&nbsp;&nbsp;&nbsp;Dva&nbsp;&nbsp;&nbsp;&nbsp;Tri</p>]]></text>
      <answer>
        <text><![CDATA["Jedna\tDva\tTri"]]></text>
      </answer>
    </subquestion>
    <subquestion format="html">
      <text><![CDATA[<p>Jedna<br>&nbsp;&nbsp;&nbsp;&nbsp;Dva<br>&nbsp;&nbsp;&nbsp;&nbsp;&nbsp;&nbsp;&nbsp;&nbsp;Tri</p>]]></text>
      <answer>
        <text><![CDATA["Jedna\n\tDva\n\t\tTri"]]></text>
      </answer>
    </subquestion>
    <subquestion format="html">
      <text><![CDATA[<p>Jedna Dva&nbsp;&nbsp;&nbsp;&nbsp;Tri<br></p>]]></text>
      <answer>
        <text><![CDATA["Jedna Dva\tTri"]]></text>
      </answer>
    </subquestion>
    <hint format="html">
      <text></text>
      <shownumcorrect/>
    </hint>
    <hint format="html">
      <text></text>
      <shownumcorrect/>
    </hint>
    <tags>
      <tag><text>bílé znaky</text>
</tag>
      <tag><text>mezera</text>
</tag>
      <tag><text>nový řádek</text>
</tag>
      <tag><text>tabulátor</text>
</tag>
      <tag><text>\n</text>
</tag>
      <tag><text>\t</text>
</tag>
    </tags>
  </question>

<!-- question: 8036  -->
  <question type="matching">
    <name>
      <text>Bílé znaky - přiřazení</text>
    </name>
    <questiontext format="html">
      <text><![CDATA[<p dir="ltr" style="text-align: left;">Přířaďte ke znaku jeho význam<br></p>]]></text>
    </questiontext>
    <generalfeedback format="html">
      <text></text>
    </generalfeedback>
    <defaultgrade>2.0000000</defaultgrade>
    <penalty>0.5000000</penalty>
    <hidden>0</hidden>
    <idnumber></idnumber>
    <shuffleanswers>true</shuffleanswers>
    <correctfeedback format="html">
      <text>Vaše odpověď je správná.</text>
    </correctfeedback>
    <partiallycorrectfeedback format="html">
      <text>Vaše odpověď je částečně správná.</text>
    </partiallycorrectfeedback>
    <incorrectfeedback format="html">
      <text>Vaše odpověď je chybná.</text>
    </incorrectfeedback>
    <shownumcorrect/>
    <subquestion format="html">
      <text><![CDATA[<p dir="ltr" style="text-align: left;">" "<br></p>]]></text>
      <answer>
        <text>mezera</text>
      </answer>
    </subquestion>
    <subquestion format="html">
      <text><![CDATA[<p dir="ltr" style="text-align: left;">"\n"<br></p>]]></text>
      <answer>
        <text>konec řádku</text>
      </answer>
    </subquestion>
    <subquestion format="html">
      <text><![CDATA[<p dir="ltr" style="text-align: left;">"\t"<br></p>]]></text>
      <answer>
        <text>odsazení (tabulátor)</text>
      </answer>
    </subquestion>
    <subquestion format="html">
      <text></text>
      <answer>
        <text>díra</text>
      </answer>
    </subquestion>
    <subquestion format="html">
      <text></text>
      <answer>
        <text>návrat</text>
      </answer>
    </subquestion>
    <subquestion format="html">
      <text></text>
      <answer>
        <text>tabulka</text>
      </answer>
    </subquestion>
    <tags>
      <tag><text>bílé znaky</text>
</tag>
      <tag><text>python</text>
</tag>
      <tag><text>string</text>
</tag>
    </tags>
  </question>

<!-- question: 8037  -->
  <question type="matching">
    <name>
      <text>Operátory se string</text>
    </name>
    <questiontext format="html">
      <text><![CDATA[<p dir="ltr" style="text-align: left;">Přiřaďte k operátorům/funkcím jejich význam.<br></p>]]></text>
    </questiontext>
    <generalfeedback format="html">
      <text></text>
    </generalfeedback>
    <defaultgrade>4.0000000</defaultgrade>
    <penalty>0.5000000</penalty>
    <hidden>0</hidden>
    <idnumber></idnumber>
    <shuffleanswers>true</shuffleanswers>
    <correctfeedback format="html">
      <text>Vaše odpověď je správná.</text>
    </correctfeedback>
    <partiallycorrectfeedback format="html">
      <text>Vaše odpověď je částečně správná.</text>
    </partiallycorrectfeedback>
    <incorrectfeedback format="html">
      <text>Vaše odpověď je chybná.</text>
    </incorrectfeedback>
    <shownumcorrect/>
    <subquestion format="html">
      <text><![CDATA[<p dir="ltr" style="text-align: left;">split<br></p>]]></text>
      <answer>
        <text>rozdělení na části podle oddělovače</text>
      </answer>
    </subquestion>
    <subquestion format="html">
      <text><![CDATA[<p dir="ltr" style="text-align: left;">+<br></p>]]></text>
      <answer>
        <text>zřetězení (spojení za sebe)</text>
      </answer>
    </subquestion>
    <subquestion format="html">
      <text><![CDATA[<p dir="ltr" style="text-align: left;">format<br></p>]]></text>
      <answer>
        <text>vložení měnících se hodnot</text>
      </answer>
    </subquestion>
    <subquestion format="html">
      <text><![CDATA[<p dir="ltr" style="text-align: left;">len<br></p>]]></text>
      <answer>
        <text>zjištění počtu znaků</text>
      </answer>
    </subquestion>
    <subquestion format="html">
      <text><![CDATA[<p dir="ltr" style="text-align: left;">strip<br></p>]]></text>
      <answer>
        <text>odstranění okrajových bílých (nebo zadaných znaků)</text>
      </answer>
    </subquestion>
    <subquestion format="html">
      <text><![CDATA[<p dir="ltr" style="text-align: left;">in<br></p>]]></text>
      <answer>
        <text>existuje řetězec uvnitř jiného?</text>
      </answer>
    </subquestion>
    <tags>
      <tag><text>python</text>
</tag>
      <tag><text>operátory</text>
</tag>
      <tag><text>string</text>
</tag>
    </tags>
  </question>

<!-- question: 8028  -->
  <question type="multichoice">
    <name>
      <text>Co je to string</text>
    </name>
    <questiontext format="html">
      <text><![CDATA[<p dir="ltr" style="text-align: left;">Co je to string?<br></p>]]></text>
    </questiontext>
    <generalfeedback format="html">
      <text></text>
    </generalfeedback>
    <defaultgrade>2.0000000</defaultgrade>
    <penalty>0.5000000</penalty>
    <hidden>0</hidden>
    <idnumber></idnumber>
    <single>true</single>
    <shuffleanswers>true</shuffleanswers>
    <answernumbering>abc</answernumbering>
    <showstandardinstruction>0</showstandardinstruction>
    <correctfeedback format="html">
      <text>Vaše odpověď je správná.</text>
    </correctfeedback>
    <partiallycorrectfeedback format="html">
      <text>Vaše odpověď je částečně správná.</text>
    </partiallycorrectfeedback>
    <incorrectfeedback format="html">
      <text>Vaše odpověď je chybná.</text>
    </incorrectfeedback>
    <shownumcorrect/>
    <answer fraction="100" format="html">
      <text><![CDATA[<p dir="ltr" style="text-align: left;">Označení datového typu "řetězec znaků"<br></p>]]></text>
      <feedback format="html">
        <text></text>
      </feedback>
    </answer>
    <answer fraction="0" format="html">
      <text><![CDATA[<p dir="ltr" style="text-align: left;">Struna<br></p>]]></text>
      <feedback format="html">
        <text></text>
      </feedback>
    </answer>
    <answer fraction="0" format="html">
      <text><![CDATA[<p dir="ltr" style="text-align: left;">Dlouhý souvislý kód<br></p>]]></text>
      <feedback format="html">
        <text></text>
      </feedback>
    </answer>
    <tags>
      <tag><text>python</text>
</tag>
      <tag><text>string</text>
</tag>
    </tags>
  </question>

<!-- question: 8035  -->
  <question type="multichoice">
    <name>
      <text>Označení string</text>
    </name>
    <questiontext format="html">
      <text><![CDATA[<p dir="ltr" style="text-align: left;">Jakými všemi znaky můžeme označit string?</p><p dir="ltr" style="text-align: left;">Pozn.: třemi tečkami ... je naznačen obsah řetězce<br></p>]]></text>
    </questiontext>
    <generalfeedback format="html">
      <text></text>
    </generalfeedback>
    <defaultgrade>3.0000000</defaultgrade>
    <penalty>0.3333333</penalty>
    <hidden>0</hidden>
    <idnumber></idnumber>
    <single>false</single>
    <shuffleanswers>true</shuffleanswers>
    <answernumbering>abc</answernumbering>
    <showstandardinstruction>0</showstandardinstruction>
    <correctfeedback format="html">
      <text>Vaše odpověď je správná.</text>
    </correctfeedback>
    <partiallycorrectfeedback format="html">
      <text>Vaše odpověď je částečně správná.</text>
    </partiallycorrectfeedback>
    <incorrectfeedback format="html">
      <text>Vaše odpověď je chybná.</text>
    </incorrectfeedback>
    <shownumcorrect/>
    <answer fraction="25" format="html">
      <text><![CDATA[<p dir="ltr" style="text-align: left;">"..."<br></p>]]></text>
      <feedback format="html">
        <text></text>
      </feedback>
    </answer>
    <answer fraction="25" format="html">
      <text><![CDATA[<p dir="ltr" style="text-align: left;">"""..."""<br></p>]]></text>
      <feedback format="html">
        <text></text>
      </feedback>
    </answer>
    <answer fraction="25" format="html">
      <text><![CDATA[<p dir="ltr" style="text-align: left;">'...'<br></p>]]></text>
      <feedback format="html">
        <text></text>
      </feedback>
    </answer>
    <answer fraction="25" format="html">
      <text><![CDATA[<p dir="ltr" style="text-align: left;">'''...'''<br></p>]]></text>
      <feedback format="html">
        <text></text>
      </feedback>
    </answer>
    <answer fraction="-20" format="html">
      <text><![CDATA[<p dir="ltr" style="text-align: left;">*...*<br></p>]]></text>
      <feedback format="html">
        <text></text>
      </feedback>
    </answer>
    <answer fraction="-20" format="html">
      <text><![CDATA[<p dir="ltr" style="text-align: left;">***...***<br></p>]]></text>
      <feedback format="html">
        <text></text>
      </feedback>
    </answer>
    <answer fraction="-20" format="html">
      <text><![CDATA[<p dir="ltr" style="text-align: left;">...<br></p>]]></text>
      <feedback format="html">
        <text></text>
      </feedback>
    </answer>
    <answer fraction="-20" format="html">
      <text><![CDATA[<p dir="ltr" style="text-align: left;">(...)<br></p>]]></text>
      <feedback format="html">
        <text></text>
      </feedback>
    </answer>
    <answer fraction="-20" format="html">
      <text><![CDATA[<p dir="ltr" style="text-align: left;">[...]<br></p>]]></text>
      <feedback format="html">
        <text></text>
      </feedback>
    </answer>
    <tags>
      <tag><text>python</text>
</tag>
      <tag><text>string</text>
</tag>
    </tags>
  </question>

<!-- question: 8032  -->
  <question type="multichoice">
    <name>
      <text>String - funkce format</text>
    </name>
    <questiontext format="html">
      <text><![CDATA[<p dir="ltr" style="text-align: left;">Co za operaci provádí funkce format?<br></p>]]></text>
    </questiontext>
    <generalfeedback format="html">
      <text></text>
    </generalfeedback>
    <defaultgrade>2.0000000</defaultgrade>
    <penalty>0.5000000</penalty>
    <hidden>0</hidden>
    <idnumber></idnumber>
    <single>true</single>
    <shuffleanswers>true</shuffleanswers>
    <answernumbering>abc</answernumbering>
    <showstandardinstruction>0</showstandardinstruction>
    <correctfeedback format="html">
      <text>Vaše odpověď je správná.</text>
    </correctfeedback>
    <partiallycorrectfeedback format="html">
      <text>Vaše odpověď je částečně správná.</text>
    </partiallycorrectfeedback>
    <incorrectfeedback format="html">
      <text>Vaše odpověď je chybná.</text>
    </incorrectfeedback>
    <shownumcorrect/>
    <answer fraction="100" format="html">
      <text><![CDATA[Lze pomocí ní přehledně vložit měnící se hodnoty do řetězce<br>]]></text>
      <feedback format="html">
        <text></text>
      </feedback>
    </answer>
    <answer fraction="0" format="html">
      <text><![CDATA[<p dir="ltr" style="text-align: left;">Upraví velikost a barvu písma<br></p>]]></text>
      <feedback format="html">
        <text></text>
      </feedback>
    </answer>
    <answer fraction="0" format="html">
      <text><![CDATA[<p dir="ltr" style="text-align: left;">Zformátuje zadaný text (podobně jako se formátuje flash-disk)<br></p>]]></text>
      <feedback format="html">
        <text></text>
      </feedback>
    </answer>
    <tags>
      <tag><text>python</text>
</tag>
      <tag><text>string</text>
</tag>
      <tag><text>format</text>
</tag>
    </tags>
  </question>

<!-- question: 8033  -->
  <question type="multichoice">
    <name>
      <text>String - funkce len</text>
    </name>
    <questiontext format="html">
      <text><![CDATA[<p dir="ltr" style="text-align: left;">Co za operaci provádí funkce len?<br></p>]]></text>
    </questiontext>
    <generalfeedback format="html">
      <text></text>
    </generalfeedback>
    <defaultgrade>2.0000000</defaultgrade>
    <penalty>0.5000000</penalty>
    <hidden>0</hidden>
    <idnumber></idnumber>
    <single>true</single>
    <shuffleanswers>true</shuffleanswers>
    <answernumbering>abc</answernumbering>
    <showstandardinstruction>0</showstandardinstruction>
    <correctfeedback format="html">
      <text>Vaše odpověď je správná.</text>
    </correctfeedback>
    <partiallycorrectfeedback format="html">
      <text>Vaše odpověď je částečně správná.</text>
    </partiallycorrectfeedback>
    <incorrectfeedback format="html">
      <text>Vaše odpověď je chybná.</text>
    </incorrectfeedback>
    <shownumcorrect/>
    <answer fraction="100" format="html">
      <text><![CDATA[Zjistí délku řetězce (počet znaků)<br>]]></text>
      <feedback format="html">
        <text></text>
      </feedback>
    </answer>
    <answer fraction="0" format="html">
      <text><![CDATA[<p dir="ltr" style="text-align: left;">Je to zkratka Less-thEN: tedy menší než.<br></p>]]></text>
      <feedback format="html">
        <text></text>
      </feedback>
    </answer>
    <answer fraction="0" format="html">
      <text><![CDATA[Vrátí délku zdrojového kódu (obvykle počet řádků)<br>]]></text>
      <feedback format="html">
        <text></text>
      </feedback>
    </answer>
    <tags>
      <tag><text>python</text>
</tag>
      <tag><text>string</text>
</tag>
      <tag><text>len</text>
</tag>
    </tags>
  </question>

<!-- question: 8030  -->
  <question type="multichoice">
    <name>
      <text>String - funkce split</text>
    </name>
    <questiontext format="html">
      <text><![CDATA[<p dir="ltr" style="text-align: left;">Co za operaci provádí funkce split?<br></p>]]></text>
    </questiontext>
    <generalfeedback format="html">
      <text></text>
    </generalfeedback>
    <defaultgrade>2.0000000</defaultgrade>
    <penalty>0.5000000</penalty>
    <hidden>0</hidden>
    <idnumber></idnumber>
    <single>true</single>
    <shuffleanswers>true</shuffleanswers>
    <answernumbering>abc</answernumbering>
    <showstandardinstruction>0</showstandardinstruction>
    <correctfeedback format="html">
      <text>Vaše odpověď je správná.</text>
    </correctfeedback>
    <partiallycorrectfeedback format="html">
      <text>Vaše odpověď je částečně správná.</text>
    </partiallycorrectfeedback>
    <incorrectfeedback format="html">
      <text>Vaše odpověď je chybná.</text>
    </incorrectfeedback>
    <shownumcorrect/>
    <answer fraction="100" format="html">
      <text><![CDATA[<p dir="ltr" style="text-align: left;">Rozdělí, na zadaných znacích, řetězec do více řatězců<br></p>]]></text>
      <feedback format="html">
        <text></text>
      </feedback>
    </answer>
    <answer fraction="0" format="html">
      <text><![CDATA[<p dir="ltr" style="text-align: left;">Rozdělí řetězec na půl<br></p>]]></text>
      <feedback format="html">
        <text></text>
      </feedback>
    </answer>
    <answer fraction="0" format="html">
      <text><![CDATA[<p dir="ltr" style="text-align: left;">Rozdělí řetězec na dva, lze upravit velikost prvního kusu (a tím i druhého)<br></p>]]></text>
      <feedback format="html">
        <text></text>
      </feedback>
    </answer>
    <answer fraction="0" format="html">
      <text><![CDATA[<p dir="ltr" style="text-align: left;">Rozdělí kód do dvou přehlednějších souborů<br></p>]]></text>
      <feedback format="html">
        <text></text>
      </feedback>
    </answer>
    <tags>
      <tag><text>python</text>
</tag>
      <tag><text>string</text>
</tag>
      <tag><text>split</text>
</tag>
    </tags>
  </question>

<!-- question: 8031  -->
  <question type="multichoice">
    <name>
      <text>String - funkce strip</text>
    </name>
    <questiontext format="html">
      <text><![CDATA[<p dir="ltr" style="text-align: left;">Co za operaci provádí funkce strip?<br></p>]]></text>
    </questiontext>
    <generalfeedback format="html">
      <text></text>
    </generalfeedback>
    <defaultgrade>2.0000000</defaultgrade>
    <penalty>0.5000000</penalty>
    <hidden>0</hidden>
    <idnumber></idnumber>
    <single>true</single>
    <shuffleanswers>true</shuffleanswers>
    <answernumbering>abc</answernumbering>
    <showstandardinstruction>0</showstandardinstruction>
    <correctfeedback format="html">
      <text>Vaše odpověď je správná.</text>
    </correctfeedback>
    <partiallycorrectfeedback format="html">
      <text>Vaše odpověď je částečně správná.</text>
    </partiallycorrectfeedback>
    <incorrectfeedback format="html">
      <text>Vaše odpověď je chybná.</text>
    </incorrectfeedback>
    <shownumcorrect/>
    <answer fraction="100" format="html">
      <text><![CDATA[<p dir="ltr" style="text-align: left;">Odřízne z řetězce počáteční a koncové bílé znaky (případně jiné zadané znaky)<br></p>]]></text>
      <feedback format="html">
        <text></text>
      </feedback>
    </answer>
    <answer fraction="0" format="html">
      <text><![CDATA[<p dir="ltr" style="text-align: left;">Zobrazí zdrojový kód<br></p>]]></text>
      <feedback format="html">
        <text></text>
      </feedback>
    </answer>
    <answer fraction="0" format="html">
      <text><![CDATA[<p dir="ltr" style="text-align: left;">Rozdělí řetzec na více kusů - dle zadaného oddělovače<br></p>]]></text>
      <feedback format="html">
        <text></text>
      </feedback>
    </answer>
    <tags>
      <tag><text>python</text>
</tag>
      <tag><text>string</text>
</tag>
      <tag><text>strip</text>
</tag>
    </tags>
  </question>

<!-- question: 8029  -->
  <question type="multichoice">
    <name>
      <text>String - operátor +</text>
    </name>
    <questiontext format="html">
      <text><![CDATA[<p dir="ltr" style="text-align: left;">Co za operaci provede operátor + , pokud jej použijeme na datový typ string?<br></p>]]></text>
    </questiontext>
    <generalfeedback format="html">
      <text></text>
    </generalfeedback>
    <defaultgrade>2.0000000</defaultgrade>
    <penalty>0.5000000</penalty>
    <hidden>0</hidden>
    <idnumber></idnumber>
    <single>true</single>
    <shuffleanswers>true</shuffleanswers>
    <answernumbering>abc</answernumbering>
    <showstandardinstruction>0</showstandardinstruction>
    <correctfeedback format="html">
      <text>Vaše odpověď je správná.</text>
    </correctfeedback>
    <partiallycorrectfeedback format="html">
      <text>Vaše odpověď je částečně správná.</text>
    </partiallycorrectfeedback>
    <incorrectfeedback format="html">
      <text>Vaše odpověď je chybná.</text>
    </incorrectfeedback>
    <shownumcorrect/>
    <answer fraction="100" format="html">
      <text><![CDATA[<p dir="ltr" style="text-align: left;">Spojí dva řetezce za sebe<br></p>]]></text>
      <feedback format="html">
        <text></text>
      </feedback>
    </answer>
    <answer fraction="0" format="html">
      <text><![CDATA[<p dir="ltr" style="text-align: left;">Sečte hodnoty v řetezcích<br></p>]]></text>
      <feedback format="html">
        <text></text>
      </feedback>
    </answer>
    <answer fraction="0" format="html">
      <text><![CDATA[<p dir="ltr" style="text-align: left;">Sečte pouze číslené hodnoty v řetězcích<br></p>]]></text>
      <feedback format="html">
        <text></text>
      </feedback>
    </answer>
    <answer fraction="0" format="html">
      <text><![CDATA[<p dir="ltr" style="text-align: left;">Prodlouží řetězec o zadaný počet znaků<br></p>]]></text>
      <feedback format="html">
        <text></text>
      </feedback>
    </answer>
    <tags>
      <tag><text>python</text>
</tag>
      <tag><text>+</text>
</tag>
      <tag><text>string</text>
</tag>
    </tags>
  </question>

<!-- question: 8034  -->
  <question type="multichoice">
    <name>
      <text>String - operátor in</text>
    </name>
    <questiontext format="html">
      <text><![CDATA[<p dir="ltr" style="text-align: left;">Co za operaci provede operátor in , pokud jej použijeme na datový typ string?<br></p>]]></text>
    </questiontext>
    <generalfeedback format="html">
      <text></text>
    </generalfeedback>
    <defaultgrade>2.0000000</defaultgrade>
    <penalty>0.5000000</penalty>
    <hidden>0</hidden>
    <idnumber></idnumber>
    <single>true</single>
    <shuffleanswers>true</shuffleanswers>
    <answernumbering>abc</answernumbering>
    <showstandardinstruction>0</showstandardinstruction>
    <correctfeedback format="html">
      <text>Vaše odpověď je správná.</text>
    </correctfeedback>
    <partiallycorrectfeedback format="html">
      <text>Vaše odpověď je částečně správná.</text>
    </partiallycorrectfeedback>
    <incorrectfeedback format="html">
      <text>Vaše odpověď je chybná.</text>
    </incorrectfeedback>
    <shownumcorrect/>
    <answer fraction="100" format="html">
      <text><![CDATA[<p dir="ltr" style="text-align: left;">Zjistí, zda je jeden řetězec podřetězec jiného (jeden uvnitř druhého)<br></p>]]></text>
      <feedback format="html">
        <text></text>
      </feedback>
    </answer>
    <answer fraction="0" format="html">
      <text><![CDATA[<p dir="ltr" style="text-align: left;">Uloží jeden řetězec do jiného<br></p>]]></text>
      <feedback format="html">
        <text></text>
      </feedback>
    </answer>
    <answer fraction="0" format="html">
      <text><![CDATA[<p dir="ltr" style="text-align: left;">"Vykrojí" vnitřní část řetězce<br></p>]]></text>
      <feedback format="html">
        <text></text>
      </feedback>
    </answer>
    <tags>
      <tag><text>python</text>
</tag>
      <tag><text>string</text>
</tag>
      <tag><text>in</text>
</tag>
    </tags>
  </question>

<!-- question: 8040  -->
  <question type="truefalse">
    <name>
      <text>Co je to délka string</text>
    </name>
    <questiontext format="html">
      <text><![CDATA[<p dir="ltr" style="text-align: left;">Délka string znamená, kolik místa (defaultně v pixelech) zabere řetězec na obrazovce.<br></p>]]></text>
    </questiontext>
    <generalfeedback format="html">
      <text></text>
    </generalfeedback>
    <defaultgrade>1.0000000</defaultgrade>
    <penalty>1.0000000</penalty>
    <hidden>0</hidden>
    <idnumber></idnumber>
    <answer fraction="0" format="moodle_auto_format">
      <text>true</text>
      <feedback format="html">
        <text></text>
      </feedback>
    </answer>
    <answer fraction="100" format="moodle_auto_format">
      <text>false</text>
      <feedback format="html">
        <text></text>
      </feedback>
    </answer>
    <tags>
      <tag><text>python</text>
</tag>
      <tag><text>string</text>
</tag>
      <tag><text>len</text>
</tag>
    </tags>
  </question>

<!-- question: 8038  -->
  <question type="truefalse">
    <name>
      <text>Co jsou bílé znaky</text>
    </name>
    <questiontext format="html">
      <text><![CDATA[<p dir="ltr" style="text-align: left;">Bílé znkay jsou takové, které se na monitoru (papíru) zobrazují vždy bílou barvou.<br></p>]]></text>
    </questiontext>
    <generalfeedback format="html">
      <text></text>
    </generalfeedback>
    <defaultgrade>1.0000000</defaultgrade>
    <penalty>1.0000000</penalty>
    <hidden>0</hidden>
    <idnumber></idnumber>
    <answer fraction="0" format="moodle_auto_format">
      <text>true</text>
      <feedback format="html">
        <text></text>
      </feedback>
    </answer>
    <answer fraction="100" format="moodle_auto_format">
      <text>false</text>
      <feedback format="html">
        <text></text>
      </feedback>
    </answer>
    <tags>
      <tag><text>bílé znaky</text>
</tag>
      <tag><text>python</text>
</tag>
      <tag><text>string</text>
</tag>
    </tags>
  </question>

<!-- question: 8039  -->
  <question type="truefalse">
    <name>
      <text>Připravené funkce pro string</text>
    </name>
    <questiontext format="html">
      <text><![CDATA[<p dir="ltr" style="text-align: left;">Pro práci se string je v Pythonu připraveno málo funkcí (méně než 20)<br></p>]]></text>
    </questiontext>
    <generalfeedback format="html">
      <text></text>
    </generalfeedback>
    <defaultgrade>1.0000000</defaultgrade>
    <penalty>1.0000000</penalty>
    <hidden>0</hidden>
    <idnumber></idnumber>
    <answer fraction="0" format="moodle_auto_format">
      <text>true</text>
      <feedback format="html">
        <text></text>
      </feedback>
    </answer>
    <answer fraction="100" format="moodle_auto_format">
      <text>false</text>
      <feedback format="html">
        <text></text>
      </feedback>
    </answer>
    <tags>
      <tag><text>python</text>
</tag>
      <tag><text>string</text>
</tag>
    </tags>
  </question>

<!-- question: 8041  -->
  <question type="truefalse">
    <name>
      <text>Vložení hodnoty do string</text>
    </name>
    <questiontext format="html">
      <text><![CDATA[<p dir="ltr" style="text-align: left;">Do string není možné vložit hodnotu za běhu (tedy jinou hodnoty, než která je zapsaná ve zdrojovém kódu)<br></p>]]></text>
    </questiontext>
    <generalfeedback format="html">
      <text></text>
    </generalfeedback>
    <defaultgrade>1.0000000</defaultgrade>
    <penalty>1.0000000</penalty>
    <hidden>0</hidden>
    <idnumber></idnumber>
    <answer fraction="0" format="moodle_auto_format">
      <text>true</text>
      <feedback format="html">
        <text></text>
      </feedback>
    </answer>
    <answer fraction="100" format="moodle_auto_format">
      <text>false</text>
      <feedback format="html">
        <text></text>
      </feedback>
    </answer>
    <tags>
      <tag><text>python</text>
</tag>
      <tag><text>string</text>
</tag>
      <tag><text>format</text>
</tag>
    </tags>
  </question>

<!-- question: 0  -->
  <question type="category">
    <category>
      <text>$course$/top/JaroslavHoleček/Programování/Python/Cykly, for, while, break, continue</text>
    </category>
    <info format="html">
      <text></text>
    </info>
    <idnumber></idnumber>
  </question>

<!-- question: 8113  -->
  <question type="matching">
    <name>
      <text>Continue, break</text>
    </name>
    <questiontext format="html">
      <text><![CDATA[<p dir="ltr" style="text-align: left;">Přiřaďte situaci ke klíčovému slovu, které použijeme v kódu<br></p>]]></text>
    </questiontext>
    <generalfeedback format="html">
      <text></text>
    </generalfeedback>
    <defaultgrade>2.0000000</defaultgrade>
    <penalty>0.5000000</penalty>
    <hidden>0</hidden>
    <idnumber></idnumber>
    <shuffleanswers>true</shuffleanswers>
    <correctfeedback format="html">
      <text>Vaše odpověď je správná.</text>
    </correctfeedback>
    <partiallycorrectfeedback format="html">
      <text>Vaše odpověď je částečně správná.</text>
    </partiallycorrectfeedback>
    <incorrectfeedback format="html">
      <text>Vaše odpověď je chybná.</text>
    </incorrectfeedback>
    <shownumcorrect/>
    <subquestion format="html">
      <text><![CDATA[<p dir="ltr" style="text-align: left;">Chceme ukončit průběh celého cyklu<br></p>]]></text>
      <answer>
        <text>break</text>
      </answer>
    </subquestion>
    <subquestion format="html">
      <text><![CDATA[<p dir="ltr" style="text-align: left;">Chceme ukončit aktuální průchod cyklem, ale chceme v cyklu dále pokračovat od jeho prvního řádku<br></p>]]></text>
      <answer>
        <text>continue</text>
      </answer>
    </subquestion>
    <subquestion format="html">
      <text></text>
      <answer>
        <text>stop</text>
      </answer>
    </subquestion>
    <subquestion format="html">
      <text></text>
      <answer>
        <text>repeat</text>
      </answer>
    </subquestion>
    <subquestion format="html">
      <text></text>
      <answer>
        <text>restart</text>
      </answer>
    </subquestion>
    <subquestion format="html">
      <text></text>
      <answer>
        <text>exit</text>
      </answer>
    </subquestion>
    <tags>
      <tag><text>python</text>
</tag>
      <tag><text>cyklus</text>
</tag>
      <tag><text>break</text>
</tag>
      <tag><text>continue</text>
</tag>
    </tags>
  </question>

<!-- question: 8106  -->
  <question type="multichoice">
    <name>
      <text>Co může být podmínka u while</text>
    </name>
    <questiontext format="html">
      <text><![CDATA[<p dir="ltr" style="text-align: left;">Co může být použito jako podmínka ve while?<br></p>]]></text>
    </questiontext>
    <generalfeedback format="html">
      <text></text>
    </generalfeedback>
    <defaultgrade>3.0000000</defaultgrade>
    <penalty>0.2000000</penalty>
    <hidden>0</hidden>
    <idnumber></idnumber>
    <single>false</single>
    <shuffleanswers>true</shuffleanswers>
    <answernumbering>abc</answernumbering>
    <showstandardinstruction>0</showstandardinstruction>
    <correctfeedback format="html">
      <text>Vaše odpověď je správná.</text>
    </correctfeedback>
    <partiallycorrectfeedback format="html">
      <text>Vaše odpověď je částečně správná.</text>
    </partiallycorrectfeedback>
    <incorrectfeedback format="html">
      <text>Vaše odpověď je chybná.</text>
    </incorrectfeedback>
    <shownumcorrect/>
    <answer fraction="20" format="html">
      <text><![CDATA[<p dir="ltr" style="text-align: left;">porovnání na rovnost: == <br></p>]]></text>
      <feedback format="html">
        <text></text>
      </feedback>
    </answer>
    <answer fraction="20" format="html">
      <text><![CDATA[<p dir="ltr" style="text-align: left;">porovnání velikosti: &lt; , &gt; , &lt;= , &gt;=<br></p>]]></text>
      <feedback format="html">
        <text></text>
      </feedback>
    </answer>
    <answer fraction="20" format="html">
      <text><![CDATA[<p dir="ltr" style="text-align: left;">porovnání na nerovnost: != <br></p>]]></text>
      <feedback format="html">
        <text></text>
      </feedback>
    </answer>
    <answer fraction="20" format="html">
      <text><![CDATA[<p dir="ltr" style="text-align: left;">logická hodnota: True, False<br></p>]]></text>
      <feedback format="html">
        <text></text>
      </feedback>
    </answer>
    <answer fraction="20" format="html">
      <text><![CDATA[<p dir="ltr" style="text-align: left;">číslo (int, float), řetězec (string)<br></p>]]></text>
      <feedback format="html">
        <text></text>
      </feedback>
    </answer>
    <tags>
      <tag><text>python</text>
</tag>
      <tag><text>while</text>
</tag>
    </tags>
  </question>

<!-- question: 8111  -->
  <question type="multichoice">
    <name>
      <text>Kam skočí program po break</text>
    </name>
    <questiontext format="html">
      <text><![CDATA[<p dir="ltr" style="text-align: left;">Pokud program dorazí na příkaz break uvnitř cyklu, pokračuje:<br></p>]]></text>
    </questiontext>
    <generalfeedback format="html">
      <text></text>
    </generalfeedback>
    <defaultgrade>2.0000000</defaultgrade>
    <penalty>0.5000000</penalty>
    <hidden>0</hidden>
    <idnumber></idnumber>
    <single>true</single>
    <shuffleanswers>true</shuffleanswers>
    <answernumbering>abc</answernumbering>
    <showstandardinstruction>0</showstandardinstruction>
    <correctfeedback format="html">
      <text>Vaše odpověď je správná.</text>
    </correctfeedback>
    <partiallycorrectfeedback format="html">
      <text>Vaše odpověď je částečně správná.</text>
    </partiallycorrectfeedback>
    <incorrectfeedback format="html">
      <text>Vaše odpověď je chybná.</text>
    </incorrectfeedback>
    <shownumcorrect/>
    <answer fraction="100" format="html">
      <text><![CDATA[<p dir="ltr" style="text-align: left;">Na prvním řádku, který následuje po konci cyklu<br></p>]]></text>
      <feedback format="html">
        <text></text>
      </feedback>
    </answer>
    <answer fraction="0" format="html">
      <text><![CDATA[Na prvním řádku programu<br>]]></text>
      <feedback format="html">
        <text></text>
      </feedback>
    </answer>
    <answer fraction="0" format="html">
      <text><![CDATA[<p dir="ltr" style="text-align: left;">Nepokračuje - program se přeruší a skončí.<br></p>]]></text>
      <feedback format="html">
        <text></text>
      </feedback>
    </answer>
    <answer fraction="0" format="html">
      <text><![CDATA[<p dir="ltr" style="text-align: left;">Na prvním řádku daného cyklu<br></p>]]></text>
      <feedback format="html">
        <text></text>
      </feedback>
    </answer>
    <tags>
      <tag><text>python</text>
</tag>
      <tag><text>cyklus</text>
</tag>
      <tag><text>break</text>
</tag>
    </tags>
  </question>

<!-- question: 8112  -->
  <question type="multichoice">
    <name>
      <text>Kam skočí program po continue</text>
    </name>
    <questiontext format="html">
      <text><![CDATA[<p dir="ltr" style="text-align: left;">Pokud program dorazí na příkaz continue uvnitř cyklu, pokračuje:<br></p>]]></text>
    </questiontext>
    <generalfeedback format="html">
      <text></text>
    </generalfeedback>
    <defaultgrade>2.0000000</defaultgrade>
    <penalty>0.5000000</penalty>
    <hidden>0</hidden>
    <idnumber></idnumber>
    <single>true</single>
    <shuffleanswers>true</shuffleanswers>
    <answernumbering>abc</answernumbering>
    <showstandardinstruction>0</showstandardinstruction>
    <correctfeedback format="html">
      <text>Vaše odpověď je správná.</text>
    </correctfeedback>
    <partiallycorrectfeedback format="html">
      <text>Vaše odpověď je částečně správná.</text>
    </partiallycorrectfeedback>
    <incorrectfeedback format="html">
      <text>Vaše odpověď je chybná.</text>
    </incorrectfeedback>
    <shownumcorrect/>
    <answer fraction="100" format="html">
      <text><![CDATA[<p dir="ltr" style="text-align: left;">Na prvním řádku daného cyklu<br></p>]]></text>
      <feedback format="html">
        <text></text>
      </feedback>
    </answer>
    <answer fraction="0" format="html">
      <text><![CDATA[Na prvním řádku programu<br>]]></text>
      <feedback format="html">
        <text></text>
      </feedback>
    </answer>
    <answer fraction="0" format="html">
      <text><![CDATA[<p dir="ltr" style="text-align: left;">Nepokračuje - program se přeruší a skončí.<br></p>]]></text>
      <feedback format="html">
        <text></text>
      </feedback>
    </answer>
    <answer fraction="0" format="html">
      <text><![CDATA[<p dir="ltr" style="text-align: left;">Na prvním řádku, který následuje po konci cyklu<br></p>]]></text>
      <feedback format="html">
        <text></text>
      </feedback>
    </answer>
    <tags>
      <tag><text>python</text>
</tag>
      <tag><text>cyklus</text>
</tag>
      <tag><text>continue</text>
</tag>
    </tags>
  </question>

<!-- question: 8105  -->
  <question type="multichoice">
    <name>
      <text>Princip for</text>
    </name>
    <questiontext format="html">
      <text><![CDATA[<p dir="ltr" style="text-align: left;">For cyklus pracuje:<br></p>]]></text>
    </questiontext>
    <generalfeedback format="html">
      <text></text>
    </generalfeedback>
    <defaultgrade>3.0000000</defaultgrade>
    <penalty>0.5000000</penalty>
    <hidden>0</hidden>
    <idnumber></idnumber>
    <single>true</single>
    <shuffleanswers>true</shuffleanswers>
    <answernumbering>abc</answernumbering>
    <showstandardinstruction>0</showstandardinstruction>
    <correctfeedback format="html">
      <text>Vaše odpověď je správná.</text>
    </correctfeedback>
    <partiallycorrectfeedback format="html">
      <text>Vaše odpověď je částečně správná.</text>
    </partiallycorrectfeedback>
    <incorrectfeedback format="html">
      <text>Vaše odpověď je chybná.</text>
    </incorrectfeedback>
    <shownumcorrect/>
    <answer fraction="100" format="html">
      <text><![CDATA[<p dir="ltr" style="text-align: left;">Prochází postupně všechny prvky libovolného "seznamu" - čehokoliv co se skládá z více prvků<br></p>]]></text>
      <feedback format="html">
        <text></text>
      </feedback>
    </answer>
    <answer fraction="0" format="html">
      <text><![CDATA[<p dir="ltr" style="text-align: left;">Provádí příkazy ve svém těle, dokud NENÍ při kontrole podmínka splněna (vrací True)<br></p>]]></text>
      <feedback format="html">
        <text></text>
      </feedback>
    </answer>
    <answer fraction="0" format="html">
      <text><![CDATA[<p dir="ltr" style="text-align: left;">Provádí příkazy ve svém těle, dokud JE při kontrole podmínka splněna (vrací False)<br></p>]]></text>
      <feedback format="html">
        <text></text>
      </feedback>
    </answer>
    <answer fraction="0" format="html">
      <text><![CDATA[<p dir="ltr" style="text-align: left;">Provádí příkazy ve svém těle, dokud NENÍ při kontrole podmínka splněna (vrací False)<br></p>]]></text>
      <feedback format="html">
        <text></text>
      </feedback>
    </answer>
    <answer fraction="0" format="html">
      <text><![CDATA[<p dir="ltr" style="text-align: left;">Provádí příkazy ve svém těle, dokud JE při kontrole podmínka splněna (vrací True)<br></p>]]></text>
      <feedback format="html">
        <text></text>
      </feedback>
    </answer>
    <tags>
      <tag><text>for</text>
</tag>
      <tag><text>python</text>
</tag>
      <tag><text>cyklus</text>
</tag>
    </tags>
  </question>

<!-- question: 8104  -->
  <question type="multichoice">
    <name>
      <text>Princip while</text>
    </name>
    <questiontext format="html">
      <text><![CDATA[<p dir="ltr" style="text-align: left;">While cyklus pracuje:<br></p>]]></text>
    </questiontext>
    <generalfeedback format="html">
      <text></text>
    </generalfeedback>
    <defaultgrade>3.0000000</defaultgrade>
    <penalty>0.5000000</penalty>
    <hidden>0</hidden>
    <idnumber></idnumber>
    <single>true</single>
    <shuffleanswers>true</shuffleanswers>
    <answernumbering>abc</answernumbering>
    <showstandardinstruction>0</showstandardinstruction>
    <correctfeedback format="html">
      <text>Vaše odpověď je správná.</text>
    </correctfeedback>
    <partiallycorrectfeedback format="html">
      <text>Vaše odpověď je částečně správná.</text>
    </partiallycorrectfeedback>
    <incorrectfeedback format="html">
      <text>Vaše odpověď je chybná.</text>
    </incorrectfeedback>
    <shownumcorrect/>
    <answer fraction="100" format="html">
      <text><![CDATA[<p dir="ltr" style="text-align: left;">Provádí příkazy ve svém těle, dokud JE při kontrole podmínka splněna (vrací True)<br></p>]]></text>
      <feedback format="html">
        <text></text>
      </feedback>
    </answer>
    <answer fraction="0" format="html">
      <text><![CDATA[<p dir="ltr" style="text-align: left;">Provádí příkazy ve svém těle, dokud NENÍ při kontrole podmínka splněna (vrací True)<br></p>]]></text>
      <feedback format="html">
        <text></text>
      </feedback>
    </answer>
    <answer fraction="0" format="html">
      <text><![CDATA[<p dir="ltr" style="text-align: left;">Provádí příkazy ve svém těle, dokud JE při kontrole podmínka splněna (vrací False)<br></p>]]></text>
      <feedback format="html">
        <text></text>
      </feedback>
    </answer>
    <answer fraction="0" format="html">
      <text><![CDATA[<p dir="ltr" style="text-align: left;">Provádí příkazy ve svém těle, dokud NENÍ při kontrole podmínka splněna (vrací False)<br></p>]]></text>
      <feedback format="html">
        <text></text>
      </feedback>
    </answer>
    <answer fraction="0" format="html">
      <text><![CDATA[<p dir="ltr" style="text-align: left;">Prochází postupně všechny prvky libovolného "seznamu" - čehokoliv co se skládá z více prvků <br></p>]]></text>
      <feedback format="html">
        <text></text>
      </feedback>
    </answer>
    <tags>
      <tag><text>python</text>
</tag>
      <tag><text>cyklus</text>
</tag>
      <tag><text>while</text>
</tag>
    </tags>
  </question>

<!-- question: 8107  -->
  <question type="multichoice">
    <name>
      <text>Seznam ve for</text>
    </name>
    <questiontext format="html">
      <text><![CDATA[<p dir="ltr" style="text-align: left;">Co může být procházeným "seznamem" ve for?<br></p>]]></text>
    </questiontext>
    <generalfeedback format="html">
      <text></text>
    </generalfeedback>
    <defaultgrade>2.0000000</defaultgrade>
    <penalty>0.2500000</penalty>
    <hidden>0</hidden>
    <idnumber></idnumber>
    <single>false</single>
    <shuffleanswers>true</shuffleanswers>
    <answernumbering>abc</answernumbering>
    <showstandardinstruction>0</showstandardinstruction>
    <correctfeedback format="html">
      <text>Vaše odpověď je správná.</text>
    </correctfeedback>
    <partiallycorrectfeedback format="html">
      <text>Vaše odpověď je částečně správná.</text>
    </partiallycorrectfeedback>
    <incorrectfeedback format="html">
      <text>Vaše odpověď je chybná.</text>
    </incorrectfeedback>
    <shownumcorrect/>
    <answer fraction="25" format="html">
      <text><![CDATA[<p dir="ltr" style="text-align: left;">Řetězec: string<br></p>]]></text>
      <feedback format="html">
        <text></text>
      </feedback>
    </answer>
    <answer fraction="25" format="html">
      <text><![CDATA[<p dir="ltr" style="text-align: left;">Soubor (seznam řádků): file<br></p>]]></text>
      <feedback format="html">
        <text></text>
      </feedback>
    </answer>
    <answer fraction="25" format="html">
      <text><![CDATA[<p dir="ltr" style="text-align: left;">Číselný rozsah: range<br></p>]]></text>
      <feedback format="html">
        <text></text>
      </feedback>
    </answer>
    <answer fraction="25" format="html">
      <text><![CDATA[<p dir="ltr" style="text-align: left;">Pole (seznam libovolných hodnot): List<br></p>]]></text>
      <feedback format="html">
        <text></text>
      </feedback>
    </answer>
    <tags>
      <tag><text>for</text>
</tag>
      <tag><text>python</text>
</tag>
      <tag><text>cyklus</text>
</tag>
    </tags>
  </question>

<!-- question: 8103  -->
  <question type="multichoice">
    <name>
      <text>Typy cyklů</text>
    </name>
    <questiontext format="html">
      <text><![CDATA[<p dir="ltr" style="text-align: left;">Zaškrtněte typy cyklů v Pythonu<br></p>]]></text>
    </questiontext>
    <generalfeedback format="html">
      <text></text>
    </generalfeedback>
    <defaultgrade>2.0000000</defaultgrade>
    <penalty>0.5000000</penalty>
    <hidden>0</hidden>
    <idnumber></idnumber>
    <single>false</single>
    <shuffleanswers>true</shuffleanswers>
    <answernumbering>abc</answernumbering>
    <showstandardinstruction>0</showstandardinstruction>
    <correctfeedback format="html">
      <text>Vaše odpověď je správná.</text>
    </correctfeedback>
    <partiallycorrectfeedback format="html">
      <text>Vaše odpověď je částečně správná.</text>
    </partiallycorrectfeedback>
    <incorrectfeedback format="html">
      <text>Vaše odpověď je chybná.</text>
    </incorrectfeedback>
    <shownumcorrect/>
    <answer fraction="50" format="html">
      <text><![CDATA[<p dir="ltr" style="text-align: left;">for<br></p>]]></text>
      <feedback format="html">
        <text></text>
      </feedback>
    </answer>
    <answer fraction="50" format="html">
      <text><![CDATA[<p dir="ltr" style="text-align: left;">while<br></p>]]></text>
      <feedback format="html">
        <text></text>
      </feedback>
    </answer>
    <answer fraction="-33.33333" format="html">
      <text><![CDATA[<p dir="ltr" style="text-align: left;">where<br></p>]]></text>
      <feedback format="html">
        <text></text>
      </feedback>
    </answer>
    <answer fraction="-33.33333" format="html">
      <text><![CDATA[<p dir="ltr" style="text-align: left;">cycle<br></p>]]></text>
      <feedback format="html">
        <text></text>
      </feedback>
    </answer>
    <answer fraction="-33.33333" format="html">
      <text><![CDATA[<p dir="ltr" style="text-align: left;">round<br></p>]]></text>
      <feedback format="html">
        <text></text>
      </feedback>
    </answer>
    <tags>
      <tag><text>python</text>
</tag>
      <tag><text>cyklus</text>
</tag>
      <tag><text>while</text>
</tag>
      <tag><text>for</text>
</tag>
    </tags>
  </question>

<!-- question: 8110  -->
  <question type="truefalse">
    <name>
      <text><![CDATA[Automatický "restart" programu]]></text>
    </name>
    <questiontext format="html">
      <text><![CDATA[<p dir="ltr" style="text-align: left;">Pro automatické "znovu spuštění programu" je vhodnější použít while cyklus oproti for cyklu.</p><p dir="ltr" style="text-align: left;">Pozn.: Program se samozřejmě nespustí znovu - pouze běží stále dokola (od úvodní obrazovky/výpisu) a uživatel ho může využívat, dokud jej úmyslně nevypne. <br></p>]]></text>
    </questiontext>
    <generalfeedback format="html">
      <text></text>
    </generalfeedback>
    <defaultgrade>1.0000000</defaultgrade>
    <penalty>1.0000000</penalty>
    <hidden>0</hidden>
    <idnumber></idnumber>
    <answer fraction="100" format="moodle_auto_format">
      <text>true</text>
      <feedback format="html">
        <text></text>
      </feedback>
    </answer>
    <answer fraction="0" format="moodle_auto_format">
      <text>false</text>
      <feedback format="html">
        <text></text>
      </feedback>
    </answer>
    <tags>
      <tag><text>python</text>
</tag>
      <tag><text>cyklus</text>
</tag>
      <tag><text>while</text>
</tag>
    </tags>
  </question>

<!-- question: 8115  -->
  <question type="truefalse">
    <name>
      <text>Nekonečný cyklus</text>
    </name>
    <questiontext format="html">
      <text><![CDATA[<p dir="ltr" style="text-align: left;">Každý cyklus v programu někdy skončí. <br>Tedy není možné napsat cyklus, který by běžel "donekonečna" (dokud bychom "násilně" neukončili program)<br></p>]]></text>
    </questiontext>
    <generalfeedback format="html">
      <text></text>
    </generalfeedback>
    <defaultgrade>1.0000000</defaultgrade>
    <penalty>1.0000000</penalty>
    <hidden>0</hidden>
    <idnumber></idnumber>
    <answer fraction="0" format="moodle_auto_format">
      <text>true</text>
      <feedback format="html">
        <text></text>
      </feedback>
    </answer>
    <answer fraction="100" format="moodle_auto_format">
      <text>false</text>
      <feedback format="html">
        <text></text>
      </feedback>
    </answer>
    <tags>
      <tag><text>python</text>
</tag>
      <tag><text>cyklus</text>
</tag>
    </tags>
  </question>

<!-- question: 8101  -->
  <question type="truefalse">
    <name>
      <text>Opakování řádků</text>
    </name>
    <questiontext format="html">
      <text><![CDATA[<p dir="ltr" style="text-align: left;">V programu je možné provést stejný příkaz několikrát pouze tak, že jej několikrát zapíšeme pod sebe.<br></p>]]></text>
    </questiontext>
    <generalfeedback format="html">
      <text></text>
    </generalfeedback>
    <defaultgrade>1.0000000</defaultgrade>
    <penalty>1.0000000</penalty>
    <hidden>0</hidden>
    <idnumber></idnumber>
    <answer fraction="0" format="moodle_auto_format">
      <text>true</text>
      <feedback format="html">
        <text></text>
      </feedback>
    </answer>
    <answer fraction="100" format="moodle_auto_format">
      <text>false</text>
      <feedback format="html">
        <text></text>
      </feedback>
    </answer>
    <tags>
      <tag><text>python</text>
</tag>
      <tag><text>cyklus</text>
</tag>
    </tags>
  </question>

<!-- question: 8102  -->
  <question type="truefalse">
    <name>
      <text>Opakování řádků jen funkce?</text>
    </name>
    <questiontext format="html">
      <text><![CDATA[<p dir="ltr" style="text-align: left;">V programu je možné provést stejný příkaz několikrát pouze dvěma způsoby: tak, že jej několikrát zapíšeme pod sebe, nebo příkaz/y zapíšeme do funkce, kterou několikrát zavoláme.<br></p>]]></text>
    </questiontext>
    <generalfeedback format="html">
      <text></text>
    </generalfeedback>
    <defaultgrade>1.0000000</defaultgrade>
    <penalty>1.0000000</penalty>
    <hidden>0</hidden>
    <idnumber></idnumber>
    <answer fraction="0" format="moodle_auto_format">
      <text>true</text>
      <feedback format="html">
        <text></text>
      </feedback>
    </answer>
    <answer fraction="100" format="moodle_auto_format">
      <text>false</text>
      <feedback format="html">
        <text></text>
      </feedback>
    </answer>
    <tags>
      <tag><text>python</text>
</tag>
      <tag><text>cyklus</text>
</tag>
    </tags>
  </question>

<!-- question: 8108  -->
  <question type="truefalse">
    <name>
      <text>Stejné while a for?</text>
    </name>
    <questiontext format="html">
      <text><![CDATA[<p dir="ltr" style="text-align: left;">V Pythonu je while a for v podstatě to samé, jen mají trochu jiný syntax.<br></p>]]></text>
    </questiontext>
    <generalfeedback format="html">
      <text></text>
    </generalfeedback>
    <defaultgrade>1.0000000</defaultgrade>
    <penalty>1.0000000</penalty>
    <hidden>0</hidden>
    <idnumber></idnumber>
    <answer fraction="0" format="moodle_auto_format">
      <text>true</text>
      <feedback format="html">
        <text></text>
      </feedback>
    </answer>
    <answer fraction="100" format="moodle_auto_format">
      <text>false</text>
      <feedback format="html">
        <text></text>
      </feedback>
    </answer>
    <tags>
      <tag><text>for</text>
</tag>
      <tag><text>python</text>
</tag>
      <tag><text>cyklus</text>
</tag>
      <tag><text>while</text>
</tag>
    </tags>
  </question>

<!-- question: 8114  -->
  <question type="truefalse">
    <name>
      <text>Více break/continue v cyklu</text>
    </name>
    <questiontext format="html">
      <text><![CDATA[<p dir="ltr" style="text-align: left;">V jednom cyklu může být pouze jedno break/continue.<br></p>]]></text>
    </questiontext>
    <generalfeedback format="html">
      <text></text>
    </generalfeedback>
    <defaultgrade>1.0000000</defaultgrade>
    <penalty>1.0000000</penalty>
    <hidden>0</hidden>
    <idnumber></idnumber>
    <answer fraction="0" format="moodle_auto_format">
      <text>true</text>
      <feedback format="html">
        <text></text>
      </feedback>
    </answer>
    <answer fraction="100" format="moodle_auto_format">
      <text>false</text>
      <feedback format="html">
        <text></text>
      </feedback>
    </answer>
    <tags>
      <tag><text>python</text>
</tag>
      <tag><text>cyklus</text>
</tag>
      <tag><text>break</text>
</tag>
      <tag><text>continue</text>
</tag>
    </tags>
  </question>

<!-- question: 8109  -->
  <question type="truefalse">
    <name>
      <text>Vypsání písmenek</text>
    </name>
    <questiontext format="html">
      <text><![CDATA[<p dir="ltr" style="text-align: left;">Pro vypsání nápisu písmenko po písmenku je vhodnější (kratší kód) for cyklus oproti while cyklu.<br></p>]]></text>
    </questiontext>
    <generalfeedback format="html">
      <text></text>
    </generalfeedback>
    <defaultgrade>1.0000000</defaultgrade>
    <penalty>1.0000000</penalty>
    <hidden>0</hidden>
    <idnumber></idnumber>
    <answer fraction="100" format="moodle_auto_format">
      <text>true</text>
      <feedback format="html">
        <text></text>
      </feedback>
    </answer>
    <answer fraction="0" format="moodle_auto_format">
      <text>false</text>
      <feedback format="html">
        <text></text>
      </feedback>
    </answer>
    <tags>
      <tag><text>for</text>
</tag>
      <tag><text>python</text>
</tag>
      <tag><text>cyklus</text>
</tag>
    </tags>
  </question>

<!-- question: 0  -->
  <question type="category">
    <category>
      <text>$course$/top/JaroslavHoleček/Programování/Python/Funkce</text>
    </category>
    <info format="html">
      <text></text>
    </info>
    <idnumber></idnumber>
  </question>

<!-- question: 8562  -->
  <question type="gapselect">
    <name>
      <text>Syntaxe funkce</text>
    </name>
    <questiontext format="html">
      <text><![CDATA[<p dir="ltr" style="text-align: left;">Doplňte následující pole tak, abyste vytvořili funkci, která počítá a vrací součet tří čísel.</p><p dir="ltr" style="text-align: left;">[[1]] [[2]] [[3]] cislo1, cislo2, cislo3 [[4]] [[5]]<br>&nbsp;&nbsp;&nbsp;&nbsp;&nbsp; [[6]] cislo1 + cislo2 + cislo3<br></p>]]></text>
    </questiontext>
    <generalfeedback format="html">
      <text></text>
    </generalfeedback>
    <defaultgrade>4.0000000</defaultgrade>
    <penalty>0.2500000</penalty>
    <hidden>0</hidden>
    <idnumber></idnumber>
    <shuffleanswers>1</shuffleanswers>
    <correctfeedback format="html">
      <text>Vaše odpověď je správná.</text>
    </correctfeedback>
    <partiallycorrectfeedback format="html">
      <text>Vaše odpověď je částečně správná.</text>
    </partiallycorrectfeedback>
    <incorrectfeedback format="html">
      <text>Vaše odpověď je chybná.</text>
    </incorrectfeedback>
    <shownumcorrect/>
    <selectoption>
      <text>def</text>
      <group>1</group>
    </selectoption>
    <selectoption>
      <text>nazev_funkce</text>
      <group>1</group>
    </selectoption>
    <selectoption>
      <text>(</text>
      <group>1</group>
    </selectoption>
    <selectoption>
      <text>)</text>
      <group>1</group>
    </selectoption>
    <selectoption>
      <text>:</text>
      <group>1</group>
    </selectoption>
    <selectoption>
      <text>return</text>
      <group>1</group>
    </selectoption>
    <selectoption>
      <text>function</text>
      <group>1</group>
    </selectoption>
    <selectoption>
      <text>[</text>
      <group>1</group>
    </selectoption>
    <selectoption>
      <text>]</text>
      <group>1</group>
    </selectoption>
    <selectoption>
      <text>{</text>
      <group>1</group>
    </selectoption>
    <selectoption>
      <text>}</text>
      <group>1</group>
    </selectoption>
    <selectoption>
      <text>compute</text>
      <group>1</group>
    </selectoption>
    <selectoption>
      <text>create</text>
      <group>1</group>
    </selectoption>
    <selectoption>
      <text>result</text>
      <group>1</group>
    </selectoption>
    <selectoption>
      <text>-</text>
      <group>1</group>
    </selectoption>
    <tags>
      <tag><text>funkce</text>
</tag>
      <tag><text>python</text>
</tag>
      <tag><text>syntax</text>
</tag>
    </tags>
  </question>

<!-- question: 8571  -->
  <question type="matching">
    <name>
      <text>Funkce - pojmy</text>
    </name>
    <questiontext format="html">
      <text><![CDATA[<p dir="ltr" style="text-align: left;">Přiřaďte k sobě pojem a jeho vysvětlení<br></p>]]></text>
    </questiontext>
    <generalfeedback format="html">
      <text></text>
    </generalfeedback>
    <defaultgrade>3.0000000</defaultgrade>
    <penalty>0.3333333</penalty>
    <hidden>0</hidden>
    <idnumber></idnumber>
    <shuffleanswers>true</shuffleanswers>
    <correctfeedback format="html">
      <text>Vaše odpověď je správná.</text>
    </correctfeedback>
    <partiallycorrectfeedback format="html">
      <text>Vaše odpověď je částečně správná.</text>
    </partiallycorrectfeedback>
    <incorrectfeedback format="html">
      <text>Vaše odpověď je chybná.</text>
    </incorrectfeedback>
    <shownumcorrect/>
    <subquestion format="html">
      <text><![CDATA[<p dir="ltr" style="text-align: left;">Funkce (z programátorského hlediska)<br></p>]]></text>
      <answer>
        <text>Vyčleněná část kódů, kterou lze spustit pomocí jejícho názvu</text>
      </answer>
    </subquestion>
    <subquestion format="html">
      <text><![CDATA[<p dir="ltr" style="text-align: left;">Hlavička<br></p>]]></text>
      <answer>
        <text>První řádek funkce, kde určujeme její název, argumenty, případně i návratový datový typ</text>
      </answer>
    </subquestion>
    <subquestion format="html">
      <text><![CDATA[<p dir="ltr" style="text-align: left;">Tělo<br></p>]]></text>
      <answer>
        <text>Příkazy, které se spustí po zavolání funkce</text>
      </answer>
    </subquestion>
    <subquestion format="html">
      <text><![CDATA[<p dir="ltr" style="text-align: left;">return<br></p>]]></text>
      <answer>
        <text>Klíčové slovo pro ukončení funkce a vrácení výsledné hodnoty</text>
      </answer>
    </subquestion>
    <subquestion format="html">
      <text><![CDATA[<p dir="ltr" style="text-align: left;">Argument<br></p>]]></text>
      <answer>
        <text>Proměnná, do které se uloží vstupní hodnoty při volání funkce</text>
      </answer>
    </subquestion>
    <subquestion format="html">
      <text></text>
      <answer>
        <text>Např.: goniometrické - sinus, kosinus, tangens</text>
      </answer>
    </subquestion>
    <subquestion format="html">
      <text></text>
      <answer>
        <text>Několik prvních řádků funkce</text>
      </answer>
    </subquestion>
    <subquestion format="html">
      <text></text>
      <answer>
        <text>Všechny příkazy v programu</text>
      </answer>
    </subquestion>
    <subquestion format="html">
      <text></text>
      <answer>
        <text>klíčové slovo pro vrázení výpočtu na začátek - tedy na první řádek funkce.</text>
      </answer>
    </subquestion>
    <subquestion format="html">
      <text></text>
      <answer>
        <text>Příkaz, který přesvědčivě spouští funkci</text>
      </answer>
    </subquestion>
    <tags>
      <tag><text>funkce</text>
</tag>
      <tag><text>python</text>
</tag>
      <tag><text>hlavička</text>
</tag>
      <tag><text>argument</text>
</tag>
      <tag><text>return</text>
</tag>
      <tag><text>tělo</text>
</tag>
    </tags>
  </question>

<!-- question: 8574  -->
  <question type="multichoice">
    <name>
      <text>Argumentů ve funkci?</text>
    </name>
    <questiontext format="html">
      <text><![CDATA[<p dir="ltr" style="text-align: left;">Kolik argumentů může být maximálně ve funkci?<br></p>]]></text>
    </questiontext>
    <generalfeedback format="html">
      <text></text>
    </generalfeedback>
    <defaultgrade>1.0000000</defaultgrade>
    <penalty>0.5000000</penalty>
    <hidden>0</hidden>
    <idnumber></idnumber>
    <single>true</single>
    <shuffleanswers>true</shuffleanswers>
    <answernumbering>abc</answernumbering>
    <showstandardinstruction>0</showstandardinstruction>
    <correctfeedback format="html">
      <text>Vaše odpověď je správná.</text>
    </correctfeedback>
    <partiallycorrectfeedback format="html">
      <text>Vaše odpověď je částečně správná.</text>
    </partiallycorrectfeedback>
    <incorrectfeedback format="html">
      <text>Vaše odpověď je chybná.</text>
    </incorrectfeedback>
    <shownumcorrect/>
    <answer fraction="100" format="html">
      <text><![CDATA[<p dir="ltr" style="text-align: left;">Neomezeně<br></p>]]></text>
      <feedback format="html">
        <text></text>
      </feedback>
    </answer>
    <answer fraction="0" format="html">
      <text><![CDATA[<p dir="ltr" style="text-align: left;">256<br></p>]]></text>
      <feedback format="html">
        <text></text>
      </feedback>
    </answer>
    <answer fraction="0" format="html">
      <text><![CDATA[<p dir="ltr" style="text-align: left;">1<br></p>]]></text>
      <feedback format="html">
        <text></text>
      </feedback>
    </answer>
    <answer fraction="0" format="html">
      <text><![CDATA[<p dir="ltr" style="text-align: left;">Otázka nedává smysl - funkce nemá s argumenty nic společného<br></p>]]></text>
      <feedback format="html">
        <text></text>
      </feedback>
    </answer>
    <tags>
      <tag><text>funkce</text>
</tag>
      <tag><text>python</text>
</tag>
      <tag><text>argument</text>
</tag>
    </tags>
  </question>

<!-- question: 8577  -->
  <question type="multichoice">
    <name>
      <text>Break ve funkci</text>
    </name>
    <questiontext format="html">
      <text><![CDATA[<p dir="ltr" style="text-align: left;">Co se stane, pokud ve funkci zavoláme příkaz break (patřící k této funkci)<br></p>]]></text>
    </questiontext>
    <generalfeedback format="html">
      <text></text>
    </generalfeedback>
    <defaultgrade>2.0000000</defaultgrade>
    <penalty>0.5000000</penalty>
    <hidden>0</hidden>
    <idnumber></idnumber>
    <single>true</single>
    <shuffleanswers>true</shuffleanswers>
    <answernumbering>abc</answernumbering>
    <showstandardinstruction>0</showstandardinstruction>
    <correctfeedback format="html">
      <text>Vaše odpověď je správná.</text>
    </correctfeedback>
    <partiallycorrectfeedback format="html">
      <text>Vaše odpověď je částečně správná.</text>
    </partiallycorrectfeedback>
    <incorrectfeedback format="html">
      <text>Vaše odpověď je chybná.</text>
    </incorrectfeedback>
    <shownumcorrect/>
    <answer fraction="100" format="html">
      <text><![CDATA[<p dir="ltr" style="text-align: left;">break nemůže patřit k funkci<br></p>]]></text>
      <feedback format="html">
        <text></text>
      </feedback>
    </answer>
    <answer fraction="0" format="html">
      <text><![CDATA[<p dir="ltr" style="text-align: left;">ukončí se průběh funkce a přejde se na první řádek za ní (za místo, kde jsme ji zavolali)<br></p>]]></text>
      <feedback format="html">
        <text></text>
      </feedback>
    </answer>
    <answer fraction="0" format="html">
      <text><![CDATA[<p dir="ltr" style="text-align: left;">ukončí se aktuální průběh funkce a přejde se znovu na její první řádek<br></p>]]></text>
      <feedback format="html">
        <text></text>
      </feedback>
    </answer>
    <tags>
      <tag><text>funkce</text>
</tag>
      <tag><text>python</text>
</tag>
    </tags>
  </question>

<!-- question: 8578  -->
  <question type="multichoice">
    <name>
      <text>Continue ve funkci</text>
    </name>
    <questiontext format="html">
      <text><![CDATA[<p dir="ltr" style="text-align: left;">Co se stane, pokud ve funkci zavoláme příkaz continue (patřící k této funkci)<br></p>]]></text>
    </questiontext>
    <generalfeedback format="html">
      <text></text>
    </generalfeedback>
    <defaultgrade>2.0000000</defaultgrade>
    <penalty>0.5000000</penalty>
    <hidden>0</hidden>
    <idnumber></idnumber>
    <single>true</single>
    <shuffleanswers>true</shuffleanswers>
    <answernumbering>abc</answernumbering>
    <showstandardinstruction>0</showstandardinstruction>
    <correctfeedback format="html">
      <text>Vaše odpověď je správná.</text>
    </correctfeedback>
    <partiallycorrectfeedback format="html">
      <text>Vaše odpověď je částečně správná.</text>
    </partiallycorrectfeedback>
    <incorrectfeedback format="html">
      <text>Vaše odpověď je chybná.</text>
    </incorrectfeedback>
    <shownumcorrect/>
    <answer fraction="100" format="html">
      <text><![CDATA[<p dir="ltr" style="text-align: left;">continue nemůže patřit k funkci</p>]]></text>
      <feedback format="html">
        <text></text>
      </feedback>
    </answer>
    <answer fraction="0" format="html">
      <text><![CDATA[<p dir="ltr" style="text-align: left;">ukončí se průběh funkce a přejde se na první řádek za ní (za místo, kde jsme ji zavolali)<br></p>]]></text>
      <feedback format="html">
        <text></text>
      </feedback>
    </answer>
    <answer fraction="0" format="html">
      <text><![CDATA[<p dir="ltr" style="text-align: left;">ukončí se aktuální průběh funkce a přejde se znovu na její první řádek<br></p>]]></text>
      <feedback format="html">
        <text></text>
      </feedback>
    </answer>
    <tags>
      <tag><text>funkce</text>
</tag>
      <tag><text>python</text>
</tag>
    </tags>
  </question>

<!-- question: 8568  -->
  <question type="multichoice">
    <name>
      <text>Hlavička funkce</text>
    </name>
    <questiontext format="html">
      <text><![CDATA[<p dir="ltr" style="text-align: left;">Co je to hlavička funkce?<br></p>]]></text>
    </questiontext>
    <generalfeedback format="html">
      <text></text>
    </generalfeedback>
    <defaultgrade>2.0000000</defaultgrade>
    <penalty>0.5000000</penalty>
    <hidden>0</hidden>
    <idnumber></idnumber>
    <single>true</single>
    <shuffleanswers>true</shuffleanswers>
    <answernumbering>abc</answernumbering>
    <showstandardinstruction>0</showstandardinstruction>
    <correctfeedback format="html">
      <text>Vaše odpověď je správná.</text>
    </correctfeedback>
    <partiallycorrectfeedback format="html">
      <text>Vaše odpověď je částečně správná.</text>
    </partiallycorrectfeedback>
    <incorrectfeedback format="html">
      <text>Vaše odpověď je chybná.</text>
    </incorrectfeedback>
    <shownumcorrect/>
    <answer fraction="100" format="html">
      <text><![CDATA[<p dir="ltr" style="text-align: left;">Řádek, na kterém určujeme: název funkce, počet a názvy vstupních argumentů, volitelně i datový typ návratové hodnoty<br></p>]]></text>
      <feedback format="html">
        <text></text>
      </feedback>
    </answer>
    <answer fraction="0" format="html">
      <text><![CDATA[<p dir="ltr" style="text-align: left;">Řádek, na kterém určujeme pouze název funkce<br></p>]]></text>
      <feedback format="html">
        <text></text>
      </feedback>
    </answer>
    <answer fraction="0" format="html">
      <text><![CDATA[<p dir="ltr" style="text-align: left;">Řádek na kterém určujeme pouze počet a názvy vstupních argumentů<br></p>]]></text>
      <feedback format="html">
        <text></text>
      </feedback>
    </answer>
    <answer fraction="0" format="html">
      <text><![CDATA[<p dir="ltr" style="text-align: left;">Několik prvních příkazů ve funkci, ze kterých již jde obvykle poznat, co přibližně funkce dělá.<br></p>]]></text>
      <feedback format="html">
        <text></text>
      </feedback>
    </answer>
    <tags>
      <tag><text>funkce</text>
</tag>
      <tag><text>python</text>
</tag>
      <tag><text>hlavička</text>
</tag>
    </tags>
  </question>

<!-- question: 8575  -->
  <question type="multichoice">
    <name>
      <text>Návratových hodnot ve funkci?</text>
    </name>
    <questiontext format="html">
      <text><![CDATA[<p dir="ltr" style="text-align: left;">Kolik návratových hodnot může být maximálně ve funkci?<br></p>]]></text>
    </questiontext>
    <generalfeedback format="html">
      <text></text>
    </generalfeedback>
    <defaultgrade>1.0000000</defaultgrade>
    <penalty>0.5000000</penalty>
    <hidden>0</hidden>
    <idnumber></idnumber>
    <single>true</single>
    <shuffleanswers>true</shuffleanswers>
    <answernumbering>abc</answernumbering>
    <showstandardinstruction>0</showstandardinstruction>
    <correctfeedback format="html">
      <text>Vaše odpověď je správná.</text>
    </correctfeedback>
    <partiallycorrectfeedback format="html">
      <text>Vaše odpověď je částečně správná.</text>
    </partiallycorrectfeedback>
    <incorrectfeedback format="html">
      <text>Vaše odpověď je chybná.</text>
    </incorrectfeedback>
    <shownumcorrect/>
    <answer fraction="100" format="html">
      <text><![CDATA[<p dir="ltr" style="text-align: left;">Neomezeně<br></p>]]></text>
      <feedback format="html">
        <text></text>
      </feedback>
    </answer>
    <answer fraction="0" format="html">
      <text><![CDATA[<p dir="ltr" style="text-align: left;">256<br></p>]]></text>
      <feedback format="html">
        <text></text>
      </feedback>
    </answer>
    <answer fraction="0" format="html">
      <text><![CDATA[<p dir="ltr" style="text-align: left;">1<br></p>]]></text>
      <feedback format="html">
        <text></text>
      </feedback>
    </answer>
    <answer fraction="0" format="html">
      <text><![CDATA[<p dir="ltr" style="text-align: left;">Otázka nedává smysl - funkce nemá s návratovou hodnotou nic společného<br></p>]]></text>
      <feedback format="html">
        <text></text>
      </feedback>
    </answer>
    <tags>
      <tag><text>funkce</text>
</tag>
      <tag><text>python</text>
</tag>
      <tag><text>return</text>
</tag>
    </tags>
  </question>

<!-- question: 8580  -->
  <question type="multichoice">
    <name>
      <text>Popiš funkci - název</text>
    </name>
    <questiontext format="html">
      <text><![CDATA[<p dir="ltr" style="text-align: left;">Jaký název má následující funkce?</p><p dir="ltr" style="text-align: left;">def spocitej_hodnotu ( x, y, z ):<br>&nbsp;&nbsp;&nbsp;&nbsp; mezivysledek = x*y<br>&nbsp;&nbsp;&nbsp;&nbsp; mezivysledek = mezivysledek + 2*z<br>&nbsp;&nbsp;&nbsp;&nbsp; vysledek = mezivysledek + 1<br>&nbsp;&nbsp;&nbsp;&nbsp; return vysledek<br></p>]]></text>
    </questiontext>
    <generalfeedback format="html">
      <text></text>
    </generalfeedback>
    <defaultgrade>2.0000000</defaultgrade>
    <penalty>0.5000000</penalty>
    <hidden>0</hidden>
    <idnumber></idnumber>
    <single>true</single>
    <shuffleanswers>true</shuffleanswers>
    <answernumbering>abc</answernumbering>
    <showstandardinstruction>0</showstandardinstruction>
    <correctfeedback format="html">
      <text>Vaše odpověď je správná.</text>
    </correctfeedback>
    <partiallycorrectfeedback format="html">
      <text>Vaše odpověď je částečně správná.</text>
    </partiallycorrectfeedback>
    <incorrectfeedback format="html">
      <text>Vaše odpověď je chybná.</text>
    </incorrectfeedback>
    <shownumcorrect/>
    <answer fraction="100" format="html">
      <text><![CDATA[<p dir="ltr" style="text-align: left;">spocitej_hodnotu<br></p>]]></text>
      <feedback format="html">
        <text></text>
      </feedback>
    </answer>
    <answer fraction="0" format="html">
      <text><![CDATA[<p dir="ltr" style="text-align: left;">spočítej hodnotu <br></p>]]></text>
      <feedback format="html">
        <text></text>
      </feedback>
    </answer>
    <answer fraction="0" format="html">
      <text><![CDATA[<p dir="ltr" style="text-align: left;">def<br></p>]]></text>
      <feedback format="html">
        <text></text>
      </feedback>
    </answer>
    <answer fraction="0" format="html">
      <text><![CDATA[<p dir="ltr" style="text-align: left;">def spocitej_hodnotu ( x, y, z ):<br></p>]]></text>
      <feedback format="html">
        <text></text>
      </feedback>
    </answer>
    <answer fraction="0" format="html">
      <text><![CDATA[<p dir="ltr" style="text-align: left;">vysledek<br></p>]]></text>
      <feedback format="html">
        <text></text>
      </feedback>
    </answer>
    <tags>
      <tag><text>funkce</text>
</tag>
      <tag><text>python</text>
</tag>
      <tag><text>hlavička</text>
</tag>
    </tags>
  </question>

<!-- question: 8564  -->
  <question type="multichoice">
    <name>
      <text>Použití funkce</text>
    </name>
    <questiontext format="html">
      <text><![CDATA[<p dir="ltr" style="text-align: left;">Ve kterých případech můžeme (je vhodné použít) funkci?<br></p>]]></text>
    </questiontext>
    <generalfeedback format="html">
      <text></text>
    </generalfeedback>
    <defaultgrade>3.0000000</defaultgrade>
    <penalty>0.2500000</penalty>
    <hidden>0</hidden>
    <idnumber></idnumber>
    <single>false</single>
    <shuffleanswers>true</shuffleanswers>
    <answernumbering>abc</answernumbering>
    <showstandardinstruction>0</showstandardinstruction>
    <correctfeedback format="html">
      <text>Vaše odpověď je správná.</text>
    </correctfeedback>
    <partiallycorrectfeedback format="html">
      <text>Vaše odpověď je částečně správná.</text>
    </partiallycorrectfeedback>
    <incorrectfeedback format="html">
      <text>Vaše odpověď je chybná.</text>
    </incorrectfeedback>
    <shownumcorrect/>
    <answer fraction="33.33333" format="html">
      <text><![CDATA[<p dir="ltr" style="text-align: left;">Chceme "pojmenovat" skupinu příkazů.<br></p>]]></text>
      <feedback format="html">
        <text></text>
      </feedback>
    </answer>
    <answer fraction="33.33333" format="html">
      <text><![CDATA[<p dir="ltr" style="text-align: left;">Chceme stejnou skupinu příkazů použít na různých vstupních datech.<br></p>]]></text>
      <feedback format="html">
        <text></text>
      </feedback>
    </answer>
    <answer fraction="33.33333" format="html">
      <text><![CDATA[<p dir="ltr" style="text-align: left;">Chceme zopakovat stejnou skupinu příkazů na různých místech v kódu.<br></p>]]></text>
      <feedback format="html">
        <text></text>
      </feedback>
    </answer>
    <tags>
      <tag><text>funkce</text>
</tag>
      <tag><text>python</text>
</tag>
    </tags>
  </question>

<!-- question: 8573  -->
  <question type="multichoice">
    <name>
      <text>Příkazů ve funkci?</text>
    </name>
    <questiontext format="html">
      <text><![CDATA[<p dir="ltr" style="text-align: left;">Kolik příkazů může být maximálně ve funkci?<br></p>]]></text>
    </questiontext>
    <generalfeedback format="html">
      <text></text>
    </generalfeedback>
    <defaultgrade>1.0000000</defaultgrade>
    <penalty>0.5000000</penalty>
    <hidden>0</hidden>
    <idnumber></idnumber>
    <single>true</single>
    <shuffleanswers>true</shuffleanswers>
    <answernumbering>abc</answernumbering>
    <showstandardinstruction>0</showstandardinstruction>
    <correctfeedback format="html">
      <text>Vaše odpověď je správná.</text>
    </correctfeedback>
    <partiallycorrectfeedback format="html">
      <text>Vaše odpověď je částečně správná.</text>
    </partiallycorrectfeedback>
    <incorrectfeedback format="html">
      <text>Vaše odpověď je chybná.</text>
    </incorrectfeedback>
    <shownumcorrect/>
    <answer fraction="100" format="html">
      <text><![CDATA[<p dir="ltr" style="text-align: left;">Neomezeně<br></p>]]></text>
      <feedback format="html">
        <text></text>
      </feedback>
    </answer>
    <answer fraction="0" format="html">
      <text><![CDATA[<p dir="ltr" style="text-align: left;">256<br></p>]]></text>
      <feedback format="html">
        <text></text>
      </feedback>
    </answer>
    <answer fraction="0" format="html">
      <text><![CDATA[<p dir="ltr" style="text-align: left;">1<br></p>]]></text>
      <feedback format="html">
        <text></text>
      </feedback>
    </answer>
    <answer fraction="0" format="html">
      <text><![CDATA[<p dir="ltr" style="text-align: left;">Otázka nedává smysl - funkce nemá s příkazy nic společného<br></p>]]></text>
      <feedback format="html">
        <text></text>
      </feedback>
    </answer>
    <tags>
      <tag><text>funkce</text>
</tag>
      <tag><text>python</text>
</tag>
      <tag><text>tělo</text>
</tag>
    </tags>
  </question>

<!-- question: 8581  -->
  <question type="numerical">
    <name>
      <text>Popiš funkci - argumenty</text>
    </name>
    <questiontext format="html">
      <text><![CDATA[<p dir="ltr" style="text-align: left;"><p dir="ltr">Kolik argumentů má následující funkce?</p><p dir="ltr">def spocitej_hodnotu ( x, y, z ):<br>&nbsp;&nbsp;&nbsp;&nbsp; mezivysledek = x*y<br>&nbsp;&nbsp;&nbsp;&nbsp; mezivysledek = mezivysledek + 2*z<br>&nbsp;&nbsp;&nbsp;&nbsp; vysledek = mezivysledek + 1<br>&nbsp;&nbsp;&nbsp;&nbsp; return vysledek</p><br></p>]]></text>
    </questiontext>
    <generalfeedback format="html">
      <text></text>
    </generalfeedback>
    <defaultgrade>2.0000000</defaultgrade>
    <penalty>0.5000000</penalty>
    <hidden>0</hidden>
    <idnumber></idnumber>
    <answer fraction="100" format="moodle_auto_format">
      <text>3</text>
      <feedback format="html">
        <text></text>
      </feedback>
      <tolerance>0</tolerance>
    </answer>
    <unitgradingtype>0</unitgradingtype>
    <unitpenalty>0.1000000</unitpenalty>
    <showunits>3</showunits>
    <unitsleft>0</unitsleft>
    <tags>
      <tag><text>funkce</text>
</tag>
      <tag><text>python</text>
</tag>
      <tag><text>hlavička</text>
</tag>
      <tag><text>argument</text>
</tag>
    </tags>
  </question>

<!-- question: 8582  -->
  <question type="numerical">
    <name>
      <text>Popiš funkci - výsledek I</text>
    </name>
    <questiontext format="html">
      <text><![CDATA[<p dir="ltr" style="text-align: left;"></p><p dir="ltr">Máme následující funkci:</p><p dir="ltr">def spocitej_hodnotu ( x, y, z ):<br>&nbsp;&nbsp;&nbsp;&nbsp; mezivysledek = x*y<br>&nbsp;&nbsp;&nbsp;&nbsp; mezivysledek = mezivysledek + 2*z<br>&nbsp;&nbsp;&nbsp;&nbsp; vysledek = mezivysledek + 1<br>&nbsp;&nbsp;&nbsp;&nbsp; return vysledek</p><p dir="ltr">Co vypíše následující řádek v kódu?</p><p dir="ltr">print( spocitej_hodnotu (1, 2, 3) )<br></p><br><p></p>]]></text>
    </questiontext>
    <generalfeedback format="html">
      <text></text>
    </generalfeedback>
    <defaultgrade>2.0000000</defaultgrade>
    <penalty>0.5000000</penalty>
    <hidden>0</hidden>
    <idnumber></idnumber>
    <answer fraction="100" format="moodle_auto_format">
      <text>9</text>
      <feedback format="html">
        <text></text>
      </feedback>
      <tolerance>0</tolerance>
    </answer>
    <unitgradingtype>0</unitgradingtype>
    <unitpenalty>0.1000000</unitpenalty>
    <showunits>3</showunits>
    <unitsleft>0</unitsleft>
    <tags>
      <tag><text>funkce</text>
</tag>
      <tag><text>python</text>
</tag>
    </tags>
  </question>

<!-- question: 8584  -->
  <question type="numerical">
    <name>
      <text>Popiš funkci - výsledek II</text>
    </name>
    <questiontext format="html">
      <text><![CDATA[<p dir="ltr" style="text-align: left;"></p><p dir="ltr">Máme funkci:</p><p dir="ltr">def spocitej_hodnotu ( x, y, z ):<br>&nbsp;&nbsp;&nbsp;&nbsp; mezivysledek = x*y<br>&nbsp;&nbsp;&nbsp;&nbsp; mezivysledek = mezivysledek + 2*z<br>&nbsp;&nbsp;&nbsp;&nbsp; vysledek = mezivysledek + 1<br>&nbsp;&nbsp;&nbsp;&nbsp; return vysledek</p><p dir="ltr">Co vypíše následující kód?</p><p dir="ltr">a = spocitej_hodnotu (1, 2, 3)<br>print( a )<br></p><br><p></p>]]></text>
    </questiontext>
    <generalfeedback format="html">
      <text></text>
    </generalfeedback>
    <defaultgrade>2.0000000</defaultgrade>
    <penalty>0.5000000</penalty>
    <hidden>0</hidden>
    <idnumber></idnumber>
    <answer fraction="100" format="moodle_auto_format">
      <text>9</text>
      <feedback format="html">
        <text></text>
      </feedback>
      <tolerance>0</tolerance>
    </answer>
    <unitgradingtype>0</unitgradingtype>
    <unitpenalty>0.1000000</unitpenalty>
    <showunits>3</showunits>
    <unitsleft>0</unitsleft>
    <tags>
      <tag><text>funkce</text>
</tag>
      <tag><text>python</text>
</tag>
    </tags>
  </question>

<!-- question: 8585  -->
  <question type="truefalse">
    <name>
      <text>Počet funkcí v kódu</text>
    </name>
    <questiontext format="html">
      <text><![CDATA[<p dir="ltr" style="text-align: left;">V programu můžeme mít neomezený počet funkcí.<br></p>]]></text>
    </questiontext>
    <generalfeedback format="html">
      <text></text>
    </generalfeedback>
    <defaultgrade>1.0000000</defaultgrade>
    <penalty>1.0000000</penalty>
    <hidden>0</hidden>
    <idnumber></idnumber>
    <answer fraction="100" format="moodle_auto_format">
      <text>true</text>
      <feedback format="html">
        <text></text>
      </feedback>
    </answer>
    <answer fraction="0" format="moodle_auto_format">
      <text>false</text>
      <feedback format="html">
        <text></text>
      </feedback>
    </answer>
    <tags>
      <tag><text>funkce</text>
</tag>
      <tag><text>python</text>
</tag>
    </tags>
  </question>

<!-- question: 8566  -->
  <question type="truefalse">
    <name>
      <text>Tělo funkce</text>
    </name>
    <questiontext format="html">
      <text><![CDATA[<p dir="ltr" style="text-align: left;">Tělo funkce je v Pythonu určeno odsazením - všechny odsazené řádky pod hlavičkou funkce jsou tělo této funkce.<br></p>]]></text>
    </questiontext>
    <generalfeedback format="html">
      <text></text>
    </generalfeedback>
    <defaultgrade>1.0000000</defaultgrade>
    <penalty>1.0000000</penalty>
    <hidden>0</hidden>
    <idnumber></idnumber>
    <answer fraction="100" format="moodle_auto_format">
      <text>true</text>
      <feedback format="html">
        <text></text>
      </feedback>
    </answer>
    <answer fraction="0" format="moodle_auto_format">
      <text>false</text>
      <feedback format="html">
        <text></text>
      </feedback>
    </answer>
    <tags>
      <tag><text>funkce</text>
</tag>
      <tag><text>python</text>
</tag>
      <tag><text>tělo</text>
</tag>
    </tags>
  </question>

<!-- question: 0  -->
  <question type="category">
    <category>
      <text>$course$/top/JaroslavHoleček/Programování/Python/Scope, Try-except, import</text>
    </category>
    <info format="html">
      <text></text>
    </info>
    <idnumber></idnumber>
  </question>

<!-- question: 11348  -->
  <question type="multichoice">
    <name>
      <text>K čemu import</text>
    </name>
    <questiontext format="html">
      <text><![CDATA[<p dir="ltr" style="text-align: left;">K čemu používáme klíčové slovo "import", případně "from ... import"? Označte všechny správné odpovědi.<br></p>]]></text>
    </questiontext>
    <generalfeedback format="html">
      <text></text>
    </generalfeedback>
    <defaultgrade>2.0000000</defaultgrade>
    <penalty>0.2500000</penalty>
    <hidden>0</hidden>
    <idnumber></idnumber>
    <single>false</single>
    <shuffleanswers>true</shuffleanswers>
    <answernumbering>abc</answernumbering>
    <showstandardinstruction>0</showstandardinstruction>
    <correctfeedback format="html">
      <text>Vaše odpověď je správná.</text>
    </correctfeedback>
    <partiallycorrectfeedback format="html">
      <text>Vaše odpověď je částečně správná.</text>
    </partiallycorrectfeedback>
    <incorrectfeedback format="html">
      <text>Vaše odpověď je chybná.</text>
    </incorrectfeedback>
    <shownumcorrect/>
    <answer fraction="50" format="html">
      <text><![CDATA[<p dir="ltr" style="text-align: left;">K načtení funkcí, které chceme používat, ale jsou uloženy v jiném souboru<br></p>]]></text>
      <feedback format="html">
        <text></text>
      </feedback>
    </answer>
    <answer fraction="50" format="html">
      <text><![CDATA[<p dir="ltr" style="text-align: left;">K načtení modulu - celé knihovny<br></p>]]></text>
      <feedback format="html">
        <text></text>
      </feedback>
    </answer>
    <answer fraction="-33.33333" format="html">
      <text><![CDATA[<p dir="ltr" style="text-align: left;">Ke stažení modulů (knihoven) z internetových repozitářů<br></p>]]></text>
      <feedback format="html">
        <text></text>
      </feedback>
    </answer>
    <answer fraction="-33.33333" format="html">
      <text><![CDATA[<p dir="ltr" style="text-align: left;">K načtení vstupu od uživatele (z konzole)<br></p>]]></text>
      <feedback format="html">
        <text></text>
      </feedback>
    </answer>
    <answer fraction="-33.33333" format="html">
      <text><![CDATA[<p dir="ltr" style="text-align: left;">K importování programu do již existující aplikace (například stažení nového vzhledu apd.)<br></p>]]></text>
      <feedback format="html">
        <text></text>
      </feedback>
    </answer>
    <tags>
      <tag><text>python</text>
</tag>
      <tag><text>import</text>
</tag>
    </tags>
  </question>

<!-- question: 11334  -->
  <question type="multichoice">
    <name>
      <text>K čemu try-except</text>
    </name>
    <questiontext format="html">
      <text><![CDATA[<p dir="ltr" style="text-align: left;">K čemu slouží blok try-except?<br></p>]]></text>
    </questiontext>
    <generalfeedback format="html">
      <text></text>
    </generalfeedback>
    <defaultgrade>2.0000000</defaultgrade>
    <penalty>0.5000000</penalty>
    <hidden>0</hidden>
    <idnumber></idnumber>
    <single>true</single>
    <shuffleanswers>true</shuffleanswers>
    <answernumbering>abc</answernumbering>
    <showstandardinstruction>0</showstandardinstruction>
    <correctfeedback format="html">
      <text>Vaše odpověď je správná.</text>
    </correctfeedback>
    <partiallycorrectfeedback format="html">
      <text>Vaše odpověď je částečně správná.</text>
    </partiallycorrectfeedback>
    <incorrectfeedback format="html">
      <text>Vaše odpověď je chybná.</text>
    </incorrectfeedback>
    <shownumcorrect/>
    <answer fraction="100" format="html">
      <text><![CDATA[<p dir="ltr" style="text-align: left;">Zachycení a zpracování výjimky ("chyby") při běhu programu<br></p>]]></text>
      <feedback format="html">
        <text></text>
      </feedback>
    </answer>
    <answer fraction="0" format="html">
      <text><![CDATA[<p dir="ltr" style="text-align: left;">Zachycení a zpracování výjimky ("chyby") před spuštěním programu<br></p>]]></text>
      <feedback format="html">
        <text></text>
      </feedback>
    </answer>
    <answer fraction="0" format="html">
      <text><![CDATA[<p dir="ltr" style="text-align: left;">Kontrola, zda je kód napsán správně syntakticky (správné odsazení, čárky, dvojtečky,...)<br></p>]]></text>
      <feedback format="html">
        <text></text>
      </feedback>
    </answer>
    <answer fraction="0" format="html">
      <text><![CDATA[<p dir="ltr" style="text-align: left;">Pro zkušební běh programu<br></p>]]></text>
      <feedback format="html">
        <text></text>
      </feedback>
    </answer>
    <answer fraction="0" format="html">
      <text><![CDATA[<p dir="ltr" style="text-align: left;">Pro rychlé odzkoušení nových funkcí programu<br></p>]]></text>
      <feedback format="html">
        <text></text>
      </feedback>
    </answer>
    <tags>
      <tag><text>python</text>
</tag>
      <tag><text>try-except</text>
</tag>
    </tags>
  </question>

<!-- question: 11335  -->
  <question type="multichoice">
    <name>
      <text>Klíčová slova try-except</text>
    </name>
    <questiontext format="html">
      <text><![CDATA[<p dir="ltr" style="text-align: left;">Jaká klíčová slova můžeme použít při vytváření bloku try-except?</p><p dir="ltr" style="text-align: left;">Pozn.: Není myšleno uvnitř tohoto bloku, ale přímo pro jeho tvorbu.<br></p>]]></text>
    </questiontext>
    <generalfeedback format="html">
      <text></text>
    </generalfeedback>
    <defaultgrade>2.0000000</defaultgrade>
    <penalty>0.2500000</penalty>
    <hidden>0</hidden>
    <idnumber></idnumber>
    <single>false</single>
    <shuffleanswers>true</shuffleanswers>
    <answernumbering>abc</answernumbering>
    <showstandardinstruction>0</showstandardinstruction>
    <correctfeedback format="html">
      <text>Vaše odpověď je správná.</text>
    </correctfeedback>
    <partiallycorrectfeedback format="html">
      <text>Vaše odpověď je částečně správná.</text>
    </partiallycorrectfeedback>
    <incorrectfeedback format="html">
      <text>Vaše odpověď je chybná.</text>
    </incorrectfeedback>
    <shownumcorrect/>
    <answer fraction="25" format="html">
      <text><![CDATA[<p dir="ltr" style="text-align: left;">try<br></p>]]></text>
      <feedback format="html">
        <text></text>
      </feedback>
    </answer>
    <answer fraction="25" format="html">
      <text><![CDATA[<p dir="ltr" style="text-align: left;">except<br></p>]]></text>
      <feedback format="html">
        <text></text>
      </feedback>
    </answer>
    <answer fraction="25" format="html">
      <text><![CDATA[<p dir="ltr" style="text-align: left;">finally<br></p>]]></text>
      <feedback format="html">
        <text></text>
      </feedback>
    </answer>
    <answer fraction="25" format="html">
      <text><![CDATA[<p dir="ltr" style="text-align: left;">else<br></p>]]></text>
      <feedback format="html">
        <text></text>
      </feedback>
    </answer>
    <answer fraction="-25" format="html">
      <text><![CDATA[<p dir="ltr" style="text-align: left;">if<br></p>]]></text>
      <feedback format="html">
        <text></text>
      </feedback>
    </answer>
    <answer fraction="-25" format="html">
      <text><![CDATA[<p dir="ltr" style="text-align: left;">for<br></p>]]></text>
      <feedback format="html">
        <text></text>
      </feedback>
    </answer>
    <answer fraction="-25" format="html">
      <text><![CDATA[<p dir="ltr" style="text-align: left;">while<br></p>]]></text>
      <feedback format="html">
        <text></text>
      </feedback>
    </answer>
    <answer fraction="-25" format="html">
      <text><![CDATA[<p dir="ltr" style="text-align: left;">catch<br></p>]]></text>
      <feedback format="html">
        <text></text>
      </feedback>
    </answer>
    <tags>
      <tag><text>python</text>
</tag>
      <tag><text>try-except</text>
</tag>
    </tags>
  </question>

<!-- question: 11336  -->
  <question type="multichoice">
    <name>
      <text>try-except kód I</text>
    </name>
    <questiontext format="html">
      <text><![CDATA[<p dir="ltr" style="text-align: left;"><p dir="ltr">Co zobrazí do konzole následující program? <br></p><p dir="ltr">1 try:<br>2&nbsp; &nbsp;&nbsp; x = y + 5<br>3 except:<br>4&nbsp;&nbsp;&nbsp; print ( 1 )<br>5 else:<br>6&nbsp;&nbsp;&nbsp;&nbsp; print ( 2 )<br></p></p>]]></text>
    </questiontext>
    <generalfeedback format="html">
      <text></text>
    </generalfeedback>
    <defaultgrade>3.0000000</defaultgrade>
    <penalty>0.5000000</penalty>
    <hidden>0</hidden>
    <idnumber></idnumber>
    <single>true</single>
    <shuffleanswers>true</shuffleanswers>
    <answernumbering>abc</answernumbering>
    <showstandardinstruction>0</showstandardinstruction>
    <correctfeedback format="html">
      <text>Vaše odpověď je správná.</text>
    </correctfeedback>
    <partiallycorrectfeedback format="html">
      <text>Vaše odpověď je částečně správná.</text>
    </partiallycorrectfeedback>
    <incorrectfeedback format="html">
      <text>Vaše odpověď je chybná.</text>
    </incorrectfeedback>
    <shownumcorrect/>
    <answer fraction="100" format="html">
      <text><![CDATA[<p dir="ltr" style="text-align: left;">1<br></p>]]></text>
      <feedback format="html">
        <text></text>
      </feedback>
    </answer>
    <answer fraction="0" format="html">
      <text><![CDATA[<p dir="ltr" style="text-align: left;">2<br></p>]]></text>
      <feedback format="html">
        <text></text>
      </feedback>
    </answer>
    <answer fraction="0" format="html">
      <text><![CDATA[<p dir="ltr" style="text-align: left;">1<br>2<br></p>]]></text>
      <feedback format="html">
        <text></text>
      </feedback>
    </answer>
    <answer fraction="0" format="html">
      <text><![CDATA[<p dir="ltr" style="text-align: left;">Program skončí chybou.<br></p>]]></text>
      <feedback format="html">
        <text></text>
      </feedback>
    </answer>
    <tags>
      <tag><text>python</text>
</tag>
      <tag><text>try-except</text>
</tag>
    </tags>
  </question>

<!-- question: 11337  -->
  <question type="multichoice">
    <name>
      <text>try-except kód II</text>
    </name>
    <questiontext format="html">
      <text><![CDATA[<p dir="ltr" style="text-align: left;"></p><p dir="ltr">Co zobrazí do konzole následující program? <br></p><p dir="ltr">1 try:<br>2&nbsp; &nbsp;&nbsp; x = y + 5<br>3 except:<br>4&nbsp;&nbsp;&nbsp; print ( 1 )<br>5 finally:<br>6&nbsp;&nbsp;&nbsp;&nbsp; print ( 2 )<br></p><p></p>]]></text>
    </questiontext>
    <generalfeedback format="html">
      <text></text>
    </generalfeedback>
    <defaultgrade>3.0000000</defaultgrade>
    <penalty>0.5000000</penalty>
    <hidden>0</hidden>
    <idnumber></idnumber>
    <single>true</single>
    <shuffleanswers>true</shuffleanswers>
    <answernumbering>abc</answernumbering>
    <showstandardinstruction>0</showstandardinstruction>
    <correctfeedback format="html">
      <text>Vaše odpověď je správná.</text>
    </correctfeedback>
    <partiallycorrectfeedback format="html">
      <text>Vaše odpověď je částečně správná.</text>
    </partiallycorrectfeedback>
    <incorrectfeedback format="html">
      <text>Vaše odpověď je chybná.</text>
    </incorrectfeedback>
    <shownumcorrect/>
    <answer fraction="100" format="html">
      <text><![CDATA[<p dir="ltr" style="text-align: left;">1<br>2<br></p>]]></text>
      <feedback format="html">
        <text></text>
      </feedback>
    </answer>
    <answer fraction="0" format="html">
      <text><![CDATA[<p dir="ltr" style="text-align: left;">2<br></p>]]></text>
      <feedback format="html">
        <text></text>
      </feedback>
    </answer>
    <answer fraction="0" format="html">
      <text><![CDATA[<p dir="ltr" style="text-align: left;">1<br>2<br></p>]]></text>
      <feedback format="html">
        <text></text>
      </feedback>
    </answer>
    <answer fraction="0" format="html">
      <text><![CDATA[<p dir="ltr" style="text-align: left;">Program skončí chybou.<br></p>]]></text>
      <feedback format="html">
        <text></text>
      </feedback>
    </answer>
    <tags>
      <tag><text>python</text>
</tag>
      <tag><text>try-except</text>
</tag>
    </tags>
  </question>

<!-- question: 11338  -->
  <question type="multichoice">
    <name>
      <text>try-except kód III</text>
    </name>
    <questiontext format="html">
      <text><![CDATA[<p dir="ltr" style="text-align: left;"></p><p dir="ltr">Co zobrazí do konzole následující program? <br></p><p dir="ltr">1 try:<br>2&nbsp; &nbsp;&nbsp; x = 10 + 5<br>3 except:<br>4&nbsp;&nbsp;&nbsp; print ( 1 )<br>5 finally:<br>6&nbsp;&nbsp;&nbsp;&nbsp; print ( 2 )<br></p><p></p>]]></text>
    </questiontext>
    <generalfeedback format="html">
      <text></text>
    </generalfeedback>
    <defaultgrade>3.0000000</defaultgrade>
    <penalty>0.5000000</penalty>
    <hidden>0</hidden>
    <idnumber></idnumber>
    <single>true</single>
    <shuffleanswers>true</shuffleanswers>
    <answernumbering>abc</answernumbering>
    <showstandardinstruction>0</showstandardinstruction>
    <correctfeedback format="html">
      <text>Vaše odpověď je správná.</text>
    </correctfeedback>
    <partiallycorrectfeedback format="html">
      <text>Vaše odpověď je částečně správná.</text>
    </partiallycorrectfeedback>
    <incorrectfeedback format="html">
      <text>Vaše odpověď je chybná.</text>
    </incorrectfeedback>
    <shownumcorrect/>
    <answer fraction="100" format="html">
      <text><![CDATA[<p dir="ltr" style="text-align: left;">2<br>2<br></p>]]></text>
      <feedback format="html">
        <text></text>
      </feedback>
    </answer>
    <answer fraction="0" format="html">
      <text><![CDATA[<p dir="ltr" style="text-align: left;">1<br></p>]]></text>
      <feedback format="html">
        <text></text>
      </feedback>
    </answer>
    <answer fraction="0" format="html">
      <text><![CDATA[<p dir="ltr" style="text-align: left;">1<br>2<br></p>]]></text>
      <feedback format="html">
        <text></text>
      </feedback>
    </answer>
    <answer fraction="0" format="html">
      <text><![CDATA[<p dir="ltr" style="text-align: left;">Program skončí chybou.<br></p>]]></text>
      <feedback format="html">
        <text></text>
      </feedback>
    </answer>
    <tags>
      <tag><text>python</text>
</tag>
      <tag><text>try-except</text>
</tag>
    </tags>
  </question>

<!-- question: 11332  -->
  <question type="numerical">
    <name>
      <text>Scope - kód III</text>
    </name>
    <questiontext format="html">
      <text><![CDATA[<p dir="ltr" style="text-align: left;"></p><p dir="ltr">Co za číslo vytiskne následující program? <br></p><p dir="ltr">1 def pricti(cislo):<br>2&nbsp; &nbsp;&nbsp; x = 5<br>3&nbsp; &nbsp;&nbsp; return cislo + x<br>4<br>5 x = 10<br>6 y = pricti ( x )<br>7 print( x )</p>Pozn.: Pokud myslíte, že program skončí chybou, odpovězte: 0<br><p></p>]]></text>
    </questiontext>
    <generalfeedback format="html">
      <text></text>
    </generalfeedback>
    <defaultgrade>2.0000000</defaultgrade>
    <penalty>0.5000000</penalty>
    <hidden>0</hidden>
    <idnumber></idnumber>
    <answer fraction="100" format="moodle_auto_format">
      <text>10</text>
      <feedback format="html">
        <text></text>
      </feedback>
      <tolerance>0</tolerance>
    </answer>
    <unitgradingtype>0</unitgradingtype>
    <unitpenalty>0.1000000</unitpenalty>
    <showunits>3</showunits>
    <unitsleft>0</unitsleft>
    <tags>
      <tag><text>python</text>
</tag>
      <tag><text>scope</text>
</tag>
    </tags>
  </question>

<!-- question: 11333  -->
  <question type="numerical">
    <name>
      <text>Scope - kód IV</text>
    </name>
    <questiontext format="html">
      <text><![CDATA[<p dir="ltr" style="text-align: left;"></p><p dir="ltr">Co za číslo vytiskne následující program? <br></p><p dir="ltr">1 def pricti(cislo):<br>2&nbsp; &nbsp;&nbsp; x = 5<br>3&nbsp; &nbsp;&nbsp; return cislo + x<br>4<br>5 y = pricti ( 10 )<br>6 print( x )</p>Pozn.: Pokud myslíte, že program skončí chybou, odpovězte: 0<br><p></p>]]></text>
    </questiontext>
    <generalfeedback format="html">
      <text></text>
    </generalfeedback>
    <defaultgrade>2.0000000</defaultgrade>
    <penalty>0.5000000</penalty>
    <hidden>0</hidden>
    <idnumber></idnumber>
    <answer fraction="100" format="moodle_auto_format">
      <text>0</text>
      <feedback format="html">
        <text></text>
      </feedback>
      <tolerance>0</tolerance>
    </answer>
    <unitgradingtype>0</unitgradingtype>
    <unitpenalty>0.1000000</unitpenalty>
    <showunits>3</showunits>
    <unitsleft>0</unitsleft>
    <tags>
      <tag><text>python</text>
</tag>
      <tag><text>scope</text>
</tag>
    </tags>
  </question>

<!-- question: 11350  -->
  <question type="numerical">
    <name>
      <text>Scope - kód V</text>
    </name>
    <questiontext format="html">
      <text><![CDATA[<p dir="ltr" style="text-align: left;"></p><p dir="ltr">Co za číslo vytiskne následující program? <br></p><p dir="ltr">1 def pricti(cislo):<br>2&nbsp; &nbsp;&nbsp; global x<br>3&nbsp;&nbsp;&nbsp;&nbsp; x = 10<br>4&nbsp; &nbsp;&nbsp; x *= 2<br>5&nbsp;&nbsp;&nbsp;&nbsp; return cislo + x<br>6<br>7 x = 5<br>8 y = pricti ( 10 )<br>9 print( x )<br></p>Pozn.: Pokud myslíte, že program skončí chybou, odpovězte: 0<br><p></p>]]></text>
    </questiontext>
    <generalfeedback format="html">
      <text></text>
    </generalfeedback>
    <defaultgrade>2.0000000</defaultgrade>
    <penalty>0.5000000</penalty>
    <hidden>0</hidden>
    <idnumber></idnumber>
    <answer fraction="100" format="moodle_auto_format">
      <text>20</text>
      <feedback format="html">
        <text></text>
      </feedback>
      <tolerance>0</tolerance>
    </answer>
    <unitgradingtype>0</unitgradingtype>
    <unitpenalty>0.1000000</unitpenalty>
    <showunits>3</showunits>
    <unitsleft>0</unitsleft>
    <tags>
      <tag><text>python</text>
</tag>
      <tag><text>scope</text>
</tag>
      <tag><text>global</text>
</tag>
    </tags>
  </question>

<!-- question: 11352  -->
  <question type="truefalse">
    <name>
      <text>Kdy se použije try-except</text>
    </name>
    <questiontext format="html">
      <text><![CDATA[<p dir="ltr" style="text-align: left;">Blok try-except (jeho funkcionalita - zachytávání výjimek) se spustí pouze při tvorbě programu (testovací verzi). V distribuční verzi - té která se dostane "k zákazníkům" již ideálně žádné výjimky nenastanou a tak se již try-except nevyužije. <br></p>]]></text>
    </questiontext>
    <generalfeedback format="html">
      <text></text>
    </generalfeedback>
    <defaultgrade>1.0000000</defaultgrade>
    <penalty>1.0000000</penalty>
    <hidden>0</hidden>
    <idnumber></idnumber>
    <answer fraction="0" format="moodle_auto_format">
      <text>true</text>
      <feedback format="html">
        <text></text>
      </feedback>
    </answer>
    <answer fraction="100" format="moodle_auto_format">
      <text>false</text>
      <feedback format="html">
        <text></text>
      </feedback>
    </answer>
    <tags>
      <tag><text>python</text>
</tag>
      <tag><text>try-except</text>
</tag>
    </tags>
  </question>

<!-- question: 11349  -->
  <question type="truefalse">
    <name>
      <text>Použití global</text>
    </name>
    <questiontext format="html">
      <text><![CDATA[<p dir="ltr" style="text-align: left;">Pomocí klíčového slova "global" můžeme propojit (ztotožnit) proměnnou uvnitř funkce s proměnnou mimo funkci.<br></p>]]></text>
    </questiontext>
    <generalfeedback format="html">
      <text></text>
    </generalfeedback>
    <defaultgrade>1.0000000</defaultgrade>
    <penalty>1.0000000</penalty>
    <hidden>0</hidden>
    <idnumber></idnumber>
    <answer fraction="100" format="moodle_auto_format">
      <text>true</text>
      <feedback format="html">
        <text></text>
      </feedback>
    </answer>
    <answer fraction="0" format="moodle_auto_format">
      <text>false</text>
      <feedback format="html">
        <text></text>
      </feedback>
    </answer>
    <tags>
      <tag><text>python</text>
</tag>
      <tag><text>global</text>
</tag>
    </tags>
  </question>

<!-- question: 11330  -->
  <question type="truefalse">
    <name>
      <text>Scope - kód I</text>
    </name>
    <questiontext format="html">
      <text><![CDATA[<p dir="ltr" style="text-align: left;">Můžeme použít proměnnou "x" na řádku 5?</p><p dir="ltr" style="text-align: left;">1 def pricti(cislo):<br>2&nbsp; &nbsp;&nbsp; x = 5<br>3&nbsp; &nbsp;&nbsp; return cislo + x<br>4<br>5 print( x )<br></p>]]></text>
    </questiontext>
    <generalfeedback format="html">
      <text></text>
    </generalfeedback>
    <defaultgrade>2.0000000</defaultgrade>
    <penalty>1.0000000</penalty>
    <hidden>0</hidden>
    <idnumber></idnumber>
    <answer fraction="0" format="moodle_auto_format">
      <text>true</text>
      <feedback format="html">
        <text></text>
      </feedback>
    </answer>
    <answer fraction="100" format="moodle_auto_format">
      <text>false</text>
      <feedback format="html">
        <text></text>
      </feedback>
    </answer>
    <tags>
      <tag><text>scope</text>
</tag>
      <tag><text>pyhon</text>
</tag>
    </tags>
  </question>

<!-- question: 11331  -->
  <question type="truefalse">
    <name>
      <text>Scope - kód II</text>
    </name>
    <questiontext format="html">
      <text><![CDATA[<p dir="ltr" style="text-align: left;">Můžeme použít proměnnou "x" na řádku 5?</p><p dir="ltr" style="text-align: left;">1 def pricti(cislo):<br>2&nbsp; &nbsp;&nbsp; x = 5<br>3&nbsp; &nbsp;&nbsp; return cislo + x<br>4<br>5 y = pricti ( 10 )<br>6 print( x )<br></p>]]></text>
    </questiontext>
    <generalfeedback format="html">
      <text></text>
    </generalfeedback>
    <defaultgrade>2.0000000</defaultgrade>
    <penalty>1.0000000</penalty>
    <hidden>0</hidden>
    <idnumber></idnumber>
    <answer fraction="0" format="moodle_auto_format">
      <text>true</text>
      <feedback format="html">
        <text></text>
      </feedback>
    </answer>
    <answer fraction="100" format="moodle_auto_format">
      <text>false</text>
      <feedback format="html">
        <text></text>
      </feedback>
    </answer>
    <tags>
      <tag><text>scope</text>
</tag>
      <tag><text>pyhon</text>
</tag>
    </tags>
  </question>

<!-- question: 11329  -->
  <question type="truefalse">
    <name>
      <text>Viditelné všechny proměnné</text>
    </name>
    <questiontext format="html">
      <text><![CDATA[<p dir="ltr" style="text-align: left;">V kódu jsou vždy (na každém řádku kód) použitelné všechny proměnné, které jsme vytvořili kdekoli jinde (v předcházejících řádcích kódu).<br></p>]]></text>
    </questiontext>
    <generalfeedback format="html">
      <text></text>
    </generalfeedback>
    <defaultgrade>1.0000000</defaultgrade>
    <penalty>1.0000000</penalty>
    <hidden>0</hidden>
    <idnumber></idnumber>
    <answer fraction="0" format="moodle_auto_format">
      <text>true</text>
      <feedback format="html">
        <text></text>
      </feedback>
    </answer>
    <answer fraction="100" format="moodle_auto_format">
      <text>false</text>
      <feedback format="html">
        <text></text>
      </feedback>
    </answer>
    <tags>
      <tag><text>python</text>
</tag>
      <tag><text>scope</text>
</tag>
    </tags>
  </question>

<!-- question: 11351  -->
  <question type="truefalse">
    <name>
      <text>Vlastní výjimka</text>
    </name>
    <questiontext format="html">
      <text><![CDATA[<p dir="ltr" style="text-align: left;">Pomocí bloku try-except lze zachytit pouze v Pythonu předpřipravené výjimky - tedy si nelze vytvořit vlastní.<br></p>]]></text>
    </questiontext>
    <generalfeedback format="html">
      <text></text>
    </generalfeedback>
    <defaultgrade>1.0000000</defaultgrade>
    <penalty>1.0000000</penalty>
    <hidden>0</hidden>
    <idnumber></idnumber>
    <answer fraction="0" format="moodle_auto_format">
      <text>true</text>
      <feedback format="html">
        <text></text>
      </feedback>
    </answer>
    <answer fraction="100" format="moodle_auto_format">
      <text>false</text>
      <feedback format="html">
        <text></text>
      </feedback>
    </answer>
    <tags>
      <tag><text>python</text>
</tag>
      <tag><text>try-except</text>
</tag>
    </tags>
  </question>

<!-- question: 0  -->
  <question type="category">
    <category>
      <text>$course$/top/JaroslavHoleček/Programování/Python/OOP/Třídy, objekty, atributy, funkce, self</text>
    </category>
    <info format="html">
      <text></text>
    </info>
    <idnumber></idnumber>
  </question>

<!-- question: 7751  -->
  <question type="gapselect">
    <name>
      <text>Popis OOP</text>
    </name>
    <questiontext format="html">
      <text><![CDATA[<p>OOP, což je zkratka pro [[1]], je založeno na vytvoření [[2]] (jaké si šablony), která určuje všechny vlastnosti (atributy) a "schopnosti" (metody, funkce). Veškeré [[3]] vytvořené od této [[2]] jsou tedy stejné (kód jsme pro všechny napsali pouze jednou). [[3]] se vzájemně liší [[4]] jejich atributů. Ty má každý své (tedy nezávislé na ostatních).<br></p>]]></text>
    </questiontext>
    <generalfeedback format="html">
      <text></text>
    </generalfeedback>
    <defaultgrade>5.0000000</defaultgrade>
    <penalty>0.2000000</penalty>
    <hidden>0</hidden>
    <idnumber></idnumber>
    <shuffleanswers>0</shuffleanswers>
    <correctfeedback format="html">
      <text>Vaše odpověď je správná.</text>
    </correctfeedback>
    <partiallycorrectfeedback format="html">
      <text>Vaše odpověď je částečně správná.</text>
    </partiallycorrectfeedback>
    <incorrectfeedback format="html">
      <text>Vaše odpověď je chybná.</text>
    </incorrectfeedback>
    <shownumcorrect/>
    <selectoption>
      <text>Objektově orientované programování</text>
      <group>1</group>
    </selectoption>
    <selectoption>
      <text>třídy</text>
      <group>2</group>
    </selectoption>
    <selectoption>
      <text>objekty</text>
      <group>3</group>
    </selectoption>
    <selectoption>
      <text>hodnotami</text>
      <group>4</group>
    </selectoption>
    <selectoption>
      <text>Otevírací okna programu</text>
      <group>1</group>
    </selectoption>
    <selectoption>
      <text>skupiny</text>
      <group>2</group>
    </selectoption>
    <selectoption>
      <text>grupy</text>
      <group>2</group>
    </selectoption>
    <selectoption>
      <text>předměty</text>
      <group>3</group>
    </selectoption>
    <selectoption>
      <text>kódy</text>
      <group>3</group>
    </selectoption>
    <selectoption>
      <text>Opravdu ošklivý program</text>
      <group>1</group>
    </selectoption>
    <selectoption>
      <text>schopnostmi</text>
      <group>4</group>
    </selectoption>
    <selectoption>
      <text>názvy</text>
      <group>4</group>
    </selectoption>
    <tags>
      <tag><text>popis</text>
</tag>
      <tag><text>OOP</text>
</tag>
    </tags>
  </question>

<!-- question: 11555  -->
  <question type="multichoice">
    <name>
      <text>Co znamená self</text>
    </name>
    <questiontext format="html">
      <text><![CDATA[<p dir="ltr" style="text-align: left;">K čemu je dobré / Co to je:&nbsp; self<br></p>]]></text>
    </questiontext>
    <generalfeedback format="html">
      <text></text>
    </generalfeedback>
    <defaultgrade>2.0000000</defaultgrade>
    <penalty>0.5000000</penalty>
    <hidden>0</hidden>
    <idnumber></idnumber>
    <single>true</single>
    <shuffleanswers>true</shuffleanswers>
    <answernumbering>abc</answernumbering>
    <showstandardinstruction>0</showstandardinstruction>
    <correctfeedback format="html">
      <text>Vaše odpověď je správná.</text>
    </correctfeedback>
    <partiallycorrectfeedback format="html">
      <text>Vaše odpověď je částečně správná.</text>
    </partiallycorrectfeedback>
    <incorrectfeedback format="html">
      <text>Vaše odpověď je chybná.</text>
    </incorrectfeedback>
    <shownumcorrect/>
    <answer fraction="100" format="html">
      <text><![CDATA[<p dir="ltr" style="text-align: left;">Je to proměnná, ve které je uložen objekt, se kterým právě metoda (funkce ve třídě) pracuje. <br></p>]]></text>
      <feedback format="html">
        <text></text>
      </feedback>
    </answer>
    <answer fraction="0" format="html">
      <text><![CDATA[<p dir="ltr" style="text-align: left;">Každý objekt má své "self". Pamatuje si v něm své umístění v paměti.<br></p>]]></text>
      <feedback format="html">
        <text></text>
      </feedback>
    </answer>
    <answer fraction="0" format="html">
      <text><![CDATA[<p dir="ltr" style="text-align: left;">Pokud objekt zavolá self, vytvoří svou vlastní kopii.<br></p>]]></text>
      <feedback format="html">
        <text></text>
      </feedback>
    </answer>
    <answer fraction="0" format="html">
      <text><![CDATA[<p dir="ltr" style="text-align: left;">Je to místo v paměti, kde je uložena třída v paměti<br></p>]]></text>
      <feedback format="html">
        <text></text>
      </feedback>
    </answer>
    <tags>
      <tag><text>OOP</text>
</tag>
      <tag><text>python</text>
</tag>
      <tag><text>self</text>
</tag>
    </tags>
  </question>

<!-- question: 7752  -->
  <question type="multichoice">
    <name>
      <text>Funkce pro vytvoření objektu</text>
    </name>
    <questiontext format="html">
      <text><![CDATA[<p>Při vytváření objektu se provádí funkce: <br></p>]]></text>
    </questiontext>
    <generalfeedback format="html">
      <text></text>
    </generalfeedback>
    <defaultgrade>2.0000000</defaultgrade>
    <penalty>0.5000000</penalty>
    <hidden>0</hidden>
    <idnumber></idnumber>
    <single>true</single>
    <shuffleanswers>true</shuffleanswers>
    <answernumbering>abc</answernumbering>
    <showstandardinstruction>1</showstandardinstruction>
    <correctfeedback format="html">
      <text>Vaše odpověď je správná.</text>
    </correctfeedback>
    <partiallycorrectfeedback format="html">
      <text>Vaše odpověď je částečně správná.</text>
    </partiallycorrectfeedback>
    <incorrectfeedback format="html">
      <text>Vaše odpověď je chybná.</text>
    </incorrectfeedback>
    <shownumcorrect/>
    <answer fraction="100" format="html">
      <text><![CDATA[<p>__init__()<br></p>]]></text>
      <feedback format="html">
        <text></text>
      </feedback>
    </answer>
    <answer fraction="0" format="html">
      <text><![CDATA[<p>__start__()<br></p>]]></text>
      <feedback format="html">
        <text></text>
      </feedback>
    </answer>
    <answer fraction="0" format="html">
      <text><![CDATA[<p>__create__()<br></p>]]></text>
      <feedback format="html">
        <text></text>
      </feedback>
    </answer>
    <answer fraction="0" format="html">
      <text><![CDATA[<p>__vytvor__()<br></p>]]></text>
      <feedback format="html">
        <text></text>
      </feedback>
    </answer>
    <tags>
      <tag><text>vytvoření objektu</text>
</tag>
      <tag><text>__init__()</text>
</tag>
      <tag><text>OOP</text>
</tag>
    </tags>
  </question>

<!-- question: 11557  -->
  <question type="multichoice">
    <name>
      <text><![CDATA[Jak vytvořit "self"]]></text>
    </name>
    <questiontext format="html">
      <text><![CDATA[<p dir="ltr" style="text-align: left;">Kde je uloženo, se kterým objektem právě pracuje metoda (funkce ve třídě)? Tedy ten, na který zavoláme metodu pomocí tečky<br></p>]]></text>
    </questiontext>
    <generalfeedback format="html">
      <text></text>
    </generalfeedback>
    <defaultgrade>2.0000000</defaultgrade>
    <penalty>0.5000000</penalty>
    <hidden>0</hidden>
    <idnumber></idnumber>
    <single>true</single>
    <shuffleanswers>true</shuffleanswers>
    <answernumbering>abc</answernumbering>
    <showstandardinstruction>0</showstandardinstruction>
    <correctfeedback format="html">
      <text>Vaše odpověď je správná.</text>
    </correctfeedback>
    <partiallycorrectfeedback format="html">
      <text>Vaše odpověď je částečně správná.</text>
    </partiallycorrectfeedback>
    <incorrectfeedback format="html">
      <text>Vaše odpověď je chybná.</text>
    </incorrectfeedback>
    <shownumcorrect/>
    <answer fraction="100" format="html">
      <text><![CDATA[<p dir="ltr" style="text-align: left;">V prvním argumentu metody.<br></p>]]></text>
      <feedback format="html">
        <text></text>
      </feedback>
    </answer>
    <answer fraction="0" format="html">
      <text><![CDATA[Vždy v proměnné "self" - v jiné proměnné být nemůže.<br>]]></text>
      <feedback format="html">
        <text></text>
      </feedback>
    </answer>
    <answer fraction="0" format="html">
      <text><![CDATA[<p dir="ltr" style="text-align: left;">V argumentu metody, který je označený klíčovým slovem self.<br></p>]]></text>
      <feedback format="html">
        <text></text>
      </feedback>
    </answer>
    <answer fraction="0" format="html">
      <text><![CDATA[<p dir="ltr" style="text-align: left;">Nemusí být (a není) nikde uloženo.<br></p>]]></text>
      <feedback format="html">
        <text></text>
      </feedback>
    </answer>
    <tags>
      <tag><text>OOP</text>
</tag>
      <tag><text>python</text>
</tag>
      <tag><text>self</text>
</tag>
    </tags>
  </question>

<!-- question: 7753  -->
  <question type="multichoice">
    <name>
      <text>Operátor volání metody</text>
    </name>
    <questiontext format="html">
      <text><![CDATA[<p>Jakým operátorem voláme metodu na daném objektu, případně přistupujeme k atributu daného objektu?<br></p>]]></text>
    </questiontext>
    <generalfeedback format="html">
      <text></text>
    </generalfeedback>
    <defaultgrade>1.0000000</defaultgrade>
    <penalty>0.5000000</penalty>
    <hidden>0</hidden>
    <idnumber></idnumber>
    <single>true</single>
    <shuffleanswers>true</shuffleanswers>
    <answernumbering>abc</answernumbering>
    <showstandardinstruction>1</showstandardinstruction>
    <correctfeedback format="html">
      <text>Vaše odpověď je správná.</text>
    </correctfeedback>
    <partiallycorrectfeedback format="html">
      <text>Vaše odpověď je částečně správná.</text>
    </partiallycorrectfeedback>
    <incorrectfeedback format="html">
      <text>Vaše odpověď je chybná.</text>
    </incorrectfeedback>
    <shownumcorrect/>
    <answer fraction="100" format="html">
      <text><![CDATA[<p>Tečkou<br></p>]]></text>
      <feedback format="html">
        <text></text>
      </feedback>
    </answer>
    <answer fraction="0" format="html">
      <text><![CDATA[<p>Čárkou<br></p>]]></text>
      <feedback format="html">
        <text></text>
      </feedback>
    </answer>
    <answer fraction="0" format="html">
      <text><![CDATA[<p>Pomlčkou<br></p>]]></text>
      <feedback format="html">
        <text></text>
      </feedback>
    </answer>
    <answer fraction="0" format="html">
      <text><![CDATA[<p>funkcí call()<br></p>]]></text>
      <feedback format="html">
        <text></text>
      </feedback>
    </answer>
    <tags>
      <tag><text>změna hodnoty atributu</text>
</tag>
      <tag><text>volání metody</text>
</tag>
      <tag><text>OOP</text>
</tag>
    </tags>
  </question>

<!-- question: 11550  -->
  <question type="multichoice">
    <name>
      <text>Počet atributů v objektu</text>
    </name>
    <questiontext format="html">
      <text><![CDATA[<p dir="ltr" style="text-align: left;">V každém objektu může být maximálně atributů:<br></p>]]></text>
    </questiontext>
    <generalfeedback format="html">
      <text></text>
    </generalfeedback>
    <defaultgrade>2.0000000</defaultgrade>
    <penalty>0.5000000</penalty>
    <hidden>0</hidden>
    <idnumber></idnumber>
    <single>true</single>
    <shuffleanswers>true</shuffleanswers>
    <answernumbering>abc</answernumbering>
    <showstandardinstruction>0</showstandardinstruction>
    <correctfeedback format="html">
      <text>Vaše odpověď je správná.</text>
    </correctfeedback>
    <partiallycorrectfeedback format="html">
      <text>Vaše odpověď je částečně správná.</text>
    </partiallycorrectfeedback>
    <incorrectfeedback format="html">
      <text>Vaše odpověď je chybná.</text>
    </incorrectfeedback>
    <shownumcorrect/>
    <answer fraction="100" format="html">
      <text><![CDATA[<p dir="ltr" style="text-align: left;">Není omezeno<br></p>]]></text>
      <feedback format="html">
        <text></text>
      </feedback>
    </answer>
    <answer fraction="0" format="html">
      <text><![CDATA[<p dir="ltr" style="text-align: left;">0<br></p>]]></text>
      <feedback format="html">
        <text></text>
      </feedback>
    </answer>
    <answer fraction="0" format="html">
      <text><![CDATA[<p dir="ltr" style="text-align: left;">1<br></p>]]></text>
      <feedback format="html">
        <text></text>
      </feedback>
    </answer>
    <answer fraction="0" format="html">
      <text><![CDATA[<p dir="ltr" style="text-align: left;">5<br></p>]]></text>
      <feedback format="html">
        <text></text>
      </feedback>
    </answer>
    <tags>
      <tag><text>OOP</text>
</tag>
      <tag><text>atributy</text>
</tag>
      <tag><text>python</text>
</tag>
    </tags>
  </question>

<!-- question: 11551  -->
  <question type="multichoice">
    <name>
      <text>Počet objektů v programu</text>
    </name>
    <questiontext format="html">
      <text><![CDATA[<p dir="ltr" style="text-align: left;">V programu může být maximálně vytvořeno objektů:<br></p>]]></text>
    </questiontext>
    <generalfeedback format="html">
      <text></text>
    </generalfeedback>
    <defaultgrade>2.0000000</defaultgrade>
    <penalty>0.5000000</penalty>
    <hidden>0</hidden>
    <idnumber></idnumber>
    <single>true</single>
    <shuffleanswers>true</shuffleanswers>
    <answernumbering>abc</answernumbering>
    <showstandardinstruction>0</showstandardinstruction>
    <correctfeedback format="html">
      <text>Vaše odpověď je správná.</text>
    </correctfeedback>
    <partiallycorrectfeedback format="html">
      <text>Vaše odpověď je částečně správná.</text>
    </partiallycorrectfeedback>
    <incorrectfeedback format="html">
      <text>Vaše odpověď je chybná.</text>
    </incorrectfeedback>
    <shownumcorrect/>
    <answer fraction="100" format="html">
      <text><![CDATA[<p dir="ltr" style="text-align: left;">Není omezeno<br></p>]]></text>
      <feedback format="html">
        <text></text>
      </feedback>
    </answer>
    <answer fraction="0" format="html">
      <text><![CDATA[<p dir="ltr" style="text-align: left;">0<br></p>]]></text>
      <feedback format="html">
        <text></text>
      </feedback>
    </answer>
    <answer fraction="0" format="html">
      <text><![CDATA[<p dir="ltr" style="text-align: left;">1<br></p>]]></text>
      <feedback format="html">
        <text></text>
      </feedback>
    </answer>
    <answer fraction="0" format="html">
      <text><![CDATA[<p dir="ltr" style="text-align: left;">5<br></p>]]></text>
      <feedback format="html">
        <text></text>
      </feedback>
    </answer>
    <tags>
      <tag><text>python</text>
</tag>
      <tag><text>OOP</text>
</tag>
    </tags>
  </question>

<!-- question: 11552  -->
  <question type="multichoice">
    <name>
      <text>Počet tříd v programu</text>
    </name>
    <questiontext format="html">
      <text><![CDATA[<p dir="ltr" style="text-align: left;">V programu může být maximálně tříd:<br></p>]]></text>
    </questiontext>
    <generalfeedback format="html">
      <text></text>
    </generalfeedback>
    <defaultgrade>2.0000000</defaultgrade>
    <penalty>0.5000000</penalty>
    <hidden>0</hidden>
    <idnumber></idnumber>
    <single>true</single>
    <shuffleanswers>true</shuffleanswers>
    <answernumbering>abc</answernumbering>
    <showstandardinstruction>0</showstandardinstruction>
    <correctfeedback format="html">
      <text>Vaše odpověď je správná.</text>
    </correctfeedback>
    <partiallycorrectfeedback format="html">
      <text>Vaše odpověď je částečně správná.</text>
    </partiallycorrectfeedback>
    <incorrectfeedback format="html">
      <text>Vaše odpověď je chybná.</text>
    </incorrectfeedback>
    <shownumcorrect/>
    <answer fraction="100" format="html">
      <text><![CDATA[<p dir="ltr" style="text-align: left;">Není omezeno<br></p>]]></text>
      <feedback format="html">
        <text></text>
      </feedback>
    </answer>
    <answer fraction="0" format="html">
      <text><![CDATA[<p dir="ltr" style="text-align: left;">0<br></p>]]></text>
      <feedback format="html">
        <text></text>
      </feedback>
    </answer>
    <answer fraction="0" format="html">
      <text><![CDATA[<p dir="ltr" style="text-align: left;">1<br></p>]]></text>
      <feedback format="html">
        <text></text>
      </feedback>
    </answer>
    <answer fraction="0" format="html">
      <text><![CDATA[<p dir="ltr" style="text-align: left;">5<br></p>]]></text>
      <feedback format="html">
        <text></text>
      </feedback>
    </answer>
    <tags>
      <tag><text>python</text>
</tag>
      <tag><text>OOP</text>
</tag>
    </tags>
  </question>

<!-- question: 7754  -->
  <question type="multichoice">
    <name>
      <text>Volani funkce</text>
    </name>
    <questiontext format="html">
      <text><![CDATA[<p>Co uvidíme v konzoli po spuštění kódu:</p><p><img src="@@PLUGINFILE@@/SPS_Moodle_Testy_OOP_postarsi.png" alt="" role="presentation" class="img-responsive atto_image_button_text-bottom" width="292" height="487"><br></p>]]></text>
<file name="SPS_Moodle_Testy_OOP_postarsi.png" path="/" encoding="base64">iVBORw0KGgoAAAANSUhEUgAAASQAAAHnCAYAAAARhSD2AAAABHNCSVQICAgIfAhkiAAAABl0RVh0U29mdHdhcmUAZ25vbWUtc2NyZWVuc2hvdO8Dvz4AACAASURBVHic7N1pfBX13f//18ycJeRkDwkJhJAEQkIIIaCyKQRFNqFSUVCpu9X28vpXu1yXvapXr4db+++i19Wq1dpStQrWDcp1WcStiBJZFEIgkEWyQhKSkO2cnOTsM78bSSQsWSDLmSTf5x1IzpmZz0xmPuc7c+a8jzR9+nQNQRAEHTD09YmSSea+qwykGCXCbF7+bZ+PJj22ssAr+PaDNzIpIIigmnd59qVdtAxqnQYmr/sVS6y/Y+NHlaiDuShBGOH63JA0t8qfdroxxBp5PmEQK+orKZj4RetZetVMxgVptNbk8fmbL3Oo9iu2/eorlIzv8W8L/F2kIAgXo88NSV9kIq/6PjfPb+LjVx/lWL1EeFImkZK/6xIEoT8MaWlpAOTn53f8SmJqksItSTITDGBrUXk7x8tXjp5nlDzFyIZJErEmCbdTJTvfy5ZaDR9gCFK4I1PhsiAJyadRUeHlf75WcffyWLeUJC5fOIHyHS+QW9UKQF3B59T1ZYXHzWfFujWkxVpQrcXkvPdXPi1oRp58Kw+sdbHlma1UqwABpG54iitrnublnTVIYTPIWnsTs5MiURyVHNvxKh/k1OA7a+4S5kmruGXDNErfeJ7dFe0bTYpcxI13X439H7/kg0JPH6oUhNHJkJ+fT2dTAoiYaOD/S9B4c5+bvXYIjZCZ0IeRh+xW2bLfR6EdgmMM/EemgRM7PezzQOZUhYQGL/+WreIySEwJ4ZtrLT091h0pNJHxQacoONF2cWsrT2DeLTcTXfgcz75QgTH1Fm6/eQOnn3mRvIqDHDdsIHX8NqorVTCnkDqlkaJP6tDkWObddg/JJ19h42tHcYzNYu29dzG38jfs+aYLSpgmLmfdhnQq3nz2m2YEgGIhLGocUoAYwglCT+Szf5TIjJOpKvWx1w4a0NyocqwPx33RCR9H7eAFmupU8rwSEwLbH9M0GDNGIiYANK/G140aXnp/rDtSwBjMOHG5Lm5lpfA0kqPLyMkuxal6aSncSV5zCimJJvCWUlBgIjk9DhkwTp5NYnMuhfUq0rjLmRFdxBcfHsHqVXHXZJNTMpbkqeF0thhj7BLW3XM1tveeZ1fZ2RtMq9vBxp8+wDu5PY77BGHUM3QdHSFBmEmj0aFxsW9MjZ9gYH2SzERz+88WM+zsOFpzC73Epijcu9BApKayr8DL5qr2xtPTY93RXA5cBGA2A/a+1yiNCSLA20Kbq2PttBZa22QCLAGAlcq8PExrMon6qIaQ9GnYjn5AgwpycChBplSuffBJFnfMSzZrtNS1Twcy4clxNFZBQsZULMdyaNXjO5CCoHNnn7Jp0OyWSB4jIdFNU9JAlc4eWkmBCnelSxzZ7+a5ZvDJMrdfc+Z6uc+h8o9clX8AY2MNPJyhMOOUl0Nqz491R2uu4FTrKibGB7KvofXCT1JVNEk+q07NYcdpiCfQLIFXAykYS6CKs9XZXmdFDsfN60mJKyd0ajNFn9WiAVqLDbvtSz565g3KfecuyACo1Ge/xlu7w1n90AZWzCxha671opu6IIx2stncPqSRZRnQyK1UiUtSmBcEEhAaLpMWeGYCrU2jwSIzxXTmd5ICZp9GdSv4gNBomUzzmccnjZNJCGifn1cDzQeuPjzWLV8xB784ReLyW8mcEIzBGMTYlIWkxpxpP1pjLdaxU4gL6vK7pnyKTycx+6pEAmSF4NRrmBF+nOPlHadS3hIKC8aQtnolU2y5FJ5u74pq7QGOtcxk4eJkghRAsRCZfAVJkWfmraoqtB7h4235TLj+VtJDz1wvkiKzWP/w46ycZuxtzQRhVFOuuOKKx9xuN01NTQA4WjRKZYU1M4zcOlVhbigUn1Kp6jiH0twajQEyd84ycsNkmeYTKhUOaDAp3JxuYH6szHQDNJkkWk/5OOaEiRMN3D3DyLoUA1nhsPeYj887TrV6eqx7Gm0VR6k2pXPV9beyfMUSpsX4qDp6iJqOcyXNXoMtdBHX3XorWVkJtHx1gFqXjVPlLYxf9B1Wr7meyxPc5P/9dfZVOjpGMyotnmgWXJtJ6943+aK0oxCthaqv64iYt57Va9eRlXUlkyPdVBce43SbRMT0a0ly7SOnxIanvoTGcatZOdNB/uGTuAApOI35S2ahFXxIfs15QyxBEDpIS5cu1aqrq/1dhyAIAnJNTY2/a7ho02/KxBwSAIA5JEDXPwuC0HdKVFTUY/4u4mK5bA4Ss5K/+ffkvjJd/nw6f/g1e0HwJ2m4ftrfHBLAlGWpFH9UiMvm1OXPLpvT35tJEIaVYduQBEEYeeTenyIIgjA0REMSBEE3REMSBEE39NWQZJn7lxtZHtj7UzslJBn59XIzf1xhYn3E4JU2kkihC1j/w++QZO79uT1SklgyZT23Tb2D+ydNw3LBJxmIiriWW1Nu596UG5gXOBC7nEzUkkf54Y3TUAZgbsODgcnrnub+ZXEXPmilUDLu/DmrUsYMdWEDSl8N6WIZZK5Lhl3ZLr7/gZu3G/1ViMTkVZfzyW0RDNyHQwZjngBG4hYtx3L4E8ouMi3hPL5S/ln8Nn+rOUm395/LcWRGmSko28xfiv7OvraBCPnVaCn6kE9za0RkcCfNSv7u48QvuYqIYXxUD+PSQTJKhKFR00t4nNCFOY3ZmXbyD9cNyYd/JcVCIHaaPQPZOjSclQc4XNIkPsDchbfiS4qDriRz/PA9rC+QGDm0LBEK352pkGaGipMqXfMUlTEy355hICtSwuhR2V/gZVOVhleSuG6ekSUWCDVK3HONjFvT2H3Qw7bmwanTFBvLo3cmsmS8AcntpvCzQv71vWY8iYm8el8sEywmIuU0tqer4G3i6V8W8FGbwqwVaTy8KIzEEAlXo5VtW4p49rCzfUShhPCTx9Kw7DpF2LxYpocZ0IqOc8fOQJ75bnfz7N96KBPTSWg7zpfNZx/KijmZheNnkWg2IakO6puyef90LV5ANsZxecwVTLMEo/gaKanbTbbV2v2oCEAKJzP+WtJNJgIVhcVT1uPVWims2sEBx6U3J0PabXzvhnRMASGQ+xzPbinAB5hmP8BD11g4bR5PSPUXFCqXMSvOxt5XnubzCg9yd4mfcgLX/Ph+IgqPoMQnEx1p5vSuP/Hu7hN46T5h9FIboTKIyaT4TlJeEURWSgyfVlafVeNwSS09LzFySMkyazIV5FIPP6jQmJRi4mGDxhEASWLZbAMzm708cUDFblH4l7kGllk9vG/XeH+vmx2BCj9bKLFjZ89xJf2nkLV6CmlfH2bFr220BYxh1vj2ZEtfWRm3P1LO5FWX8VJ4Kas2NZ5pqpKEYm/kuWcLOVDrIyxjKi/fNYWi/zzK+52pKZKZpbNkHvz9fg7ZJcZFm7DV1XY/z36RCIoZz5jG3TSetb2MTIq6gqjWT9hcVodHDiYmQOrYocPImLCISc7dbC2qxGlKZWn8QjKc2znk6uGw1JrIrXiHw8bprEmMJLf4c8oHYDjjzd/EH/Jlopb8jO+Enb1uiuMQ//vipyz56XoC3nycjeN+wC0Z8WSfbGNud4mf9YAUTqw5j40vvok7ZjX3fH8lU796iXx3Dwmjl/hVNr7BTCbFR2NdIxFxsRioPnufGSappX4d2ykhMukGlU9Parg1KC73UdxxoMjBMguCNbZ/rVKvgrPFx6f1EjOjJPyxSVUNgiOCmBSqgMPBwRJHz7nfAJqXA9lV7Knx4NZU6o7W8IUzkMlnfRuByr6dJzhk1wCV2jong3d/t4R5TACq23VeAJ6mgckYRqjBAGoLp9ps+AApIJFkcw2H6k7Soml4XF9zrDWYeIvFL3+H7ml4Gk9jczTQ3NJEQ70Da2MzAUFByL0mfrZQeqQIhwa+ujJqfJGEh8g9J4xeqkFMJgUNt8uFbB6D8Zw/znBJLTX4bXQESEYI9ICtowlpbg1rxwuPbJYIUSTWX2Xiho7nKwo029uzk4b22oGPXVuPkbQmnicfnUKsz877fy/kV/vbehm5yCTNSeLHS8cyNVgGZEJCvLzV9a0hzUNN81BdmtVwOZzIJjMG6HIa4KGi7jPCo2ZwddIcgrQmiuuyybZaQRlDoBzLvKQbuaJzrSSNVrf+sp00VQM0VFVFVUHTNCRF6SXxE9DceDyde5QPn09GlkEy9ZQweqnvCHgHMZlUwmQ2o7qceIbpxTW/nrJpbmhTILCjw0iK1P5/QHOBzanyxmdeCnTwVoqvsZE/v9LInyWZCbNT+NN3ErgyJ59dnR3pAjuAPHYC/3VLCF88e5CHyj34lHAe/UXKOSMLDa27nWfAdyoNe201jrkxRMhwqst2VT1V5FRXkYNCcMgCvhUzk3jb55zwOWjzlrKnZC9V3dapoUn+Gbn2RqKXxE85odtpe0sYvVSDl0yqEBEdQdOp6l5z6fXqnMTIoeVrUTnqk7kssn3HiYyVmSJ3PuZjn0vm+skyoTJIMsSOlZl+4ZtdBpekMC1jLGmhMrKm4fFqaB4fzm/2BA2r3Ysl1kJ0181oUgj0Oimp9eBDYuyMGBaF9nWh3cyzn3wnjlIRmEx8WNf2YWRsUDxRBgUJDVVT0TQvXkB1lVPsjWd25Lj2FwvJTJgliTjTmek1jw27aRwxhotsSQaZpTMMLO/4+w+WviR+XkivCaOXug6DlEyKEk/CJDslRTXnvZYNl9RSQ1xcHG1tbe0rOtRUlW25Pr47w8QTKRotdqjufGXQND446CUg3cATyyQC0KhvVnkvzx/DJYmwyRP52R1pjAsAV5OVrZsL+bLLy1DDoRO8NTeVN5+Ox+Ns4tdP5fPhqWp+vzeNhx+dwz1WD81VLeRfxPePX3Ce/XyXDVc+OYfXsiQjmi931XbsuBIBgdO5avwigmQJr6eWwlPZHSOiJg5X7sEYM591KcEYNTc2RwU5NWXfzFJ1FrDfuoTFU25nsVZNdvEnFPYhGFMySMyKV1CtPj5qGMRzDLWava9vxnTDBu5/PAqT2kZz5SF2bz3Yy3RV7HvzbcLWfY8HsyxotlJy336VPNuZWi9tHbyczMvDvCAL+4ev0dC5S/e5Tg1HwRZ2FD7Ct9bO58Sre7BqYEiYQ7J9D29VXeAYUQIJiYxCM+txHHuGSIwchaTQBay7O4EDL75BaX9vjuwHQ5SBZ2ZJ/G2Xh30Xda1VZtyyR7nZ8g7P/73QrzdHXvo6DDAplIw7HmLivt+yvWj43pg3LBMjhf7RrHt4+3f+bUYAcZEy1hNeDlzEgWwOCWD6uqtInByBtb4ek58SQfuzDoNCs3Lkr08M62YEoykPSbawfGU0ky/44ScJxQy+C91Xo3nI/aKKPY062EwjYR36ISQ+k+vuu48ko4an7QjbN7+NNCuBk/vKmDgvcUj/tVVa/b05RqTR05CEYW/6TZm6SQQVBocuGlJQUBB2+0V8Ba0gCCPS8P0UniAII45oSIIg6IZoSIIg6IZoSH0xqMmIIz39cKSvnzCQDP4uYFjwlfLP4lKUkKu5K7yb53RJRsx1X8yteh3ph+aRmn440tdPGEiiIQ2QS09G7Eg/HJSq9GCkr58wkEZdQ9JTMuJwTz/szUhfP2HgjbJrSJ3JiLvYXLiJV4o/4qtWx9nJiJ4DbC16nddPlGCJXkhGbx9G7EhG3FyeS523nF3Fb7OpeHufYlq9+Zv4wy8eYdOuqnMOmo70w99tpjpxDgF7nmLjZxozMuKR5dj29MOGLWx87EF+95f9BK+8i7mdkQAd6Yf/9+KTvLBxH8HXrmRqACB3pB8e/zPP/vxHvPSPBlJv3kB68OB92HKkr58w8EbdCOlMMmIj9d4WTnV8ev6bZMQTJ2nRANfXHGvNJNNiIddlH+JX2c70QxvNLU046h1Yjc0ExAQhj0trTxXceASrF6jJJqdkFfOnhrO3HrqmH1JXRo0voz390NeRfrixFKeq4SzcSV7zT0lJNJF3pLsPtclELvoRd14bd94FaW/RZl7YfOASY8r0sn6C3oyyhjR8khH1kX6o0rT/T/z5sOG8rB/N03rJmYn6WT9Bb0ZZQxreyYhDn34oEz7v+9y9dOL5I6TC13l+01cDeqjrMd1RGFqjrCEZGRsUi+Ssot7bmYyodUlGXMbsyFKaGmppw0xY4ASCPGVUuts71JlkxAKKvX0/iZMis1h37zW0vPcUOwr69/0h7amCD7Fw8VfU7zqOHQuRSWmENh6ktKn76drTD1cz+6pECj+uwNiRfvhFeU+5GSpN+/7IS7kDP0LqdolDun6C3oyyhuSfZMQBTesbxPTDC07maqFlKM94hnj9BH0Rn/b3O/2kHw6Okb5+wkAaZW/768c3CYRhscyZG02LvQWNoUs87PrzoFIimJjQnu7o91c+QfeU6Ojox/xdhMlkwu0eXef6qdcvZc63H2Lt0ixC6j+nQHXS2OwgMSuZk/vKSMxKxmUbmp9P5w9CjLEyhaX//hg3r1rMeNs/+WBHLs3D9bt5hCEjTtn8xN+JhyIBUdAj0ZAEQdANcQ1JEATdEA1JEATdEA1JEATdEA2pLwY1MfJiGZi87mnuXxan8z/ecKlT0BNDYGAgbW39/cL4EW5QEyMFQegkx8XFERgY6O86hr1LT4wUBKGTobKykoSEBAoLC1HVkX8w6SUxUpl8Kw+sdbHlma1UqwABpG54iitrnublnTVI3aUmnr1wzJNWccuGaZS+8Ty7Kwb+e92HS53CyGDoPF0bDc3oTGLkJ2wuq8MjBxMTIJ2dGOnczdaiSpymVJbGLyTDuZ1Drh5u1epIjDxsnM6axEhyiz+nvA93dvkqDnLcsIHU8duorlTBnELqlEaKPqlDk2OZd9s9JJ98hY2vHcUxNou1997F3MrfsKeucw4SponLWbchnYo3nx20g3y41CmMDKPs0/46Soz0llJQYGJFehy7Kk+gTJ5NYnMu2fUq0rjLu09NrLMCYIxdwrr507BteZJdZb1dA+xH8uOQ1imMdoa0tDR/1zCE9JQY6aUyLw/TmkyiPqohJH0atqMf0KDSS2qiFZAJT46jsQoSMqZiOZZDa48dsz/Jj0NZpzDaGfLz8xlNTUlPiZG+ihyOm9eTEldO6NRmij6rRaOX1EQMgEp99mu8tTuc1Q9tYMXMErbmWnsYxfUv+XHo6hRGu1F2yqazxEhvCYUFY1ixeiVjbLm8frr9Ol6PqYkN7ZOqqgqtR/h4Wyb33XQr6WUvkWftrqZ+Jj8OWZ3CaDfKTtn0lhjp5WReHuYFWdg/fI2GzvcV+pyaqOEo2MKOwkf41tr5nHh1D90d6/1Lfhy6OoXRTXzaXxAE3RB39QuCoBuiIQmCoBuiIQmCoBu6aEji+pEgCKCThiQIggCiIQmCoCOiIQmCoBuiIQmCoBuiIQmCoBuiIQmCoBuiIQmCoBuiIQmCoBuiIQmCoBuiIQmCoBuiIQmCoBuiIQmCoBuiIQmCoBuiIQmCoBuiIQmCoBuiIQmCoBuiIQmCoBuiIQmCoBuiIQmCoBuiIQmCoBuiIQmCoBv6akiyzP3LjSwP7PskCUlGfr3czB9XmFgfMXilAaBFc3Xpf3CDXRma6fpBCl3A+h9+hyRzP2ekJLFkynpum3oH90+ahuWCTzIQFXEtt6bczr0pNzAvsK+7lUzUkkf54Y3TGLot428GJq97mvuXxV344JNCybjz56xKGTPUhemCwd8F9ItB5rpk2JXtYkfrECxPauHrsR9jNqu9P7dP08lEn/4X7vF+yG9ji/ENWKFG4hYtx3L4Bcpc/ZyVr5R/FpeihFzNXeHdPEeOIzPKTEHZZnLdF7NtNFqKPuRTcw0XuUVHLs1K/u7jXLniKiKOf0zjKNsw+hohXSTJKBGGRo1jqJbooCrkIKVGbYimu0TmNGZn2sk/XMdQLFFSLARip9lzsUePhrPyAIdLmoakzuHCW/ElxUFXkjl+WB+el8SQlpYGQH5+vl8KsEQofHemQpoZKk6qeLo8poyR+fYMA1mREkaPyv4CL5uqNLySxHXzjCyxQKhR4p5rZNyaxu6DHrY1D0aVMlENd3JnQwyBXom8+F/z96CO8YwWx/KSWxgbXIjSlki0x0Rd5N/4W2Q1nh6mkx1LuL/yMsJ9wQRpN/OTFg9Ipbyf9C5H+3n+okxMJ6HtOF82n32YK+ZkFo6fRaLZhKQ6qG/K5v3TtXgB2RjH5TFXMM0SjOJrpKRuN9lWa8+jNimczPhrSTeZCFQUFk9Zj1drpbBqBwccPTcnQ9ptfO+GdEwBIZD7HM9uKcAHmGY/wEPXWDhtHk9I9RcUKpcxK87G3lee5vMKD3LYDLLW3sTspEgURyXHdrzKBzk1+OQErvnx/UQUHkGJTyY60szpXX/i3d0n8AKGcfNZsW4NabEWVGsxOe/9lU8Lmi+5ESqTb+WBtS62PLOVahUggNQNT3FlzdO8vLMGqbs6z96AmCet4pYN0yh943l2V3S8svpOUl4RRFZKDJ9WVp9VoxS5iBvvvhr7P37JB4UeRhrZX42ofekyazIV5DIPP/jQzTs+mamdJ5GSxLLZBma2enniQxc/2q8SPs3AsiBA03h/r5t/2+Oj1OPj5Z1ufvLPwWpGACqnI1/h6eS/sDvgQgdaKLG+r3k38Tn+J/4QIaezSFV7nk4d80/+mPw0f4msoSXsLZ6Z+ht+k9z/ZgQSQTHjGdNYc85w38ikqCuIat3F5sJNvFL8EV+1Ojp29jAyJixikucAW4te5/UTJViiF5JhlnpelNZEbsU7bC7Ppc5bzq7it9lUvL3XZgTgzd/EH37xCJt2VZ3TFCQUxyH+93ebqU6cQ8Cep9j4mcaMjHhkOZa5t91DcsMWNj72IL/7y36CV97F3OiOkYQUTqw5j/978Ule2LiP4GtXMjUAkCcw75abiT7+Z579+Y946R8NpN68gfTgXtavB76Kgxw3ZJDaOYoxp5A6pZGio3VovdXZsZ6mictZvyGdijf/cKYZtc+dxrpGIsbHnn9NRbEQFjWO4IBLr13P/DomVEJk0g0qn57UcGtQXO6juGNfloNlFgRrbP9apV4FZ4uPT+slZkZJ6O9P0UpxaAltgM9cSbUUTqTHX5tWwjwmANXtwnvOI5oGJmMYoQYDqC2carPhA6SARJLNNRyqO0mLpuFxfc2x1mDiLRY/bGsNT+NpbI4GmluaaKh3YG1sJiAoCHnc5cyILuKLD49g9aq4a7LJKRlL8tTwjjpbKD1ShEMDX10ZNb5IwkNkpPA0kqPLyMkuxal6aSncSV5zCimJpksv01tKQYGJ5PT2i9PGybNJbM6lsF5F6rVOMMYuYd09V2N773l2lbWdtw3cLheyeQzGc/4AWt0ONv70Ad7JdV967Tr2zSmbP0hGCPSAraMJaW4Na8fLpWyWCFEk1l9l4oaO5ysKNNtBAp1dc/Dg+WbH8eGTZD92eg2Xw4lsMmOALqcIHirqPiM8agZXJ80hSGuiuC6bbKsVlDEEyrHMS7qRKzqeLUsarW6jf9ZA1QANVVVRVdA0DUlRkINDCTKlcu2DT7K4s06zRktdQMeEbjyezj3Dh88nI8sgmYII8LbQ5up4TGuhtU0mwBIAXOpVfy+VeXmY1mQS9VENIenTsB39gAaVXuq0AjLhyXE0VkFCxlQsx3JoPWuHljCZzaguJx597eiDzpCfn4+/mpLmhjYFAjs6jKRI7f8HNBfYnCpvfOalYKS/06AN5DhEw15bjWNuDBEynOqy7VRPFTnVVeSgEByygG/FzCTe9jknfA7avKXsKdlLVXcHgKahSf4bnUqA1mLDbvuSj555g/JzL27JCd1OqznsOA3xBJol8GogBWMJVHG2OvtVk68ih+Pm9aTElRM6tZmiz2rReqsTA6BSn/0ab+0OZ/VDG1gxs4StudYuL7IKEdERNJ2qPm+UO9LJZnP7jSqyPPSv6b4WlaM+mcsi23e4yFiZKXLnYz72uWSunywTKoMkQ+xYmekXvhFmmNJwGByY3dGEDOAroe/EUSoCk4kP69o+jIwNiifKoCChoWoqmubFC6iucoq98cyOHNf+giCZCbMkEWc6M73msWE3jSPGcJEtySCzdIaB5R1/4/5Qaw9wrGUmCxcnE6QAioXI5CtIiux539Wa8ik+ncTsqxIJkBWCU69hRvhxjpd3Oe25lDq9JRQWjCFt9Uqm2HIpPK32uU5VVaH1CB9vy2fC9beSHtplqUo8CZPslBTVnHcmIEVmsf7hx1k5zT+j18FmiIuLo62trX0DDTVVZVuuj+/OMPFEikaLHao7X1E0jQ8OeglIN/DEMokANOqbVd7L80OdWhIrS29ihk8hwBuEXPUTkiUfFeP+yNshlzhdaCsaGvbg3eyz3sC/fr0In1zM9qR3OaL0szu58sk5vJYlGdF8uau2Y6eWCAiczlXjFxEkS3g9tRSeyu4YETVxuHIPxpj5rEsJxqi5sTkqyKkp+2aWqrOA/dYlLJ5yO4u1arKLP6GwDzdOSQaJWfEKqtXHRw39XC+1mr2vb8Z0wwbufzwKk9pGc+Uhdm892Mt0Vex7823C1n2PB7MsaLZSct9+lTzbmXourU4vJ/PyMC/Iwv7hazR07pp9rlPDUbCFHYWP8K218znx6h6sGhgS5pBs38NbVRfY15VAQiKj0Hp7w2GYkpYuXapVV1f7uw5hgEmhC1h3dwIHXnyD0v7eHNkPhigDz8yS+NsuD/vOuw4rM27Zo9xseYfn/17o15sje65zCEmhZNzxEBP3/ZbtRUN2g51uyDU1Nf6uQRgEmnUPb//Of80oLKz93Dp1vAFD+EyOB1q++f30mzIxhwSAEkHi5Ai8E6IxhbRfmDaHBJx5fAh+7hQXKWM94eWAv9+80qwc+esTo7IZAUjTp08fHdfxtWhm1Gcw7kJrKynIqg/1QqNgqY2KsL0cH6q7rIdLnb24554sdu7M55pr0s77991PrFx3330kGTU8bUfYvvltpFkJnNxXxsR5iUP6r63S6u9NJdJolwAAIABJREFUJXQxehqSMKTCwiysXXs5W7ceoLm59byfzSEBTFmWSvFHhbhsTr/9fOzdXH9vKqELXTSkoKAg7Ha7v8sQBMHPRt+n9wRB0C3RkARB0A3RkARB0A3RkPpCpCb2w0hfP2EgDe/EyKEiUhP7YaSvnzCQREMaIP1OTRyUqvRgpK+fMJBGXUMSqYkDl5rYm5G+fsLAG2XXkERq4kCmJo729RMG3qgbIZ1JTWyk3tvCqY6wvm9SE0+cpEUDXF9zrDWTTIuFXJd9iF9lO1MTbTS3NOGod2A1NhMQE4Q8Lq09jXDjEaxeoCabnJJVzJ8azt566JqaSF0ZNb6M9tREX0dq4sZSnKqGs3Anec0/JSXRRN6R7j7wJhO56EfceW3ceRekvUWbeWHzgUuMN9PL+gl6M8oakkhNvLjURJWm/X/iz4cN52UEaZ7WS85a1M/6CXozyhqSSE28uNREmfB53+fupRPPHyEVvs7zm74a0ENdj6mQwtAaZQ3JyNigWCRnFfXeztRErUtq4jJmR5bS1FBLG2bCAicQ5Cmj0t3eoc6kJhZQ7O37SZwUmcW6e6+h5b2n2FHQv6+uaU8jfIiFi7+iftdx7FiITEojtPEgpU3dT9eemria2VclUvhxBcaO1MQvynvK21Bp2vdHXsod+BFSt0sc0vUT9GaUNST/pCYOaMrfIKYmXnAyVwstQ3nGM8TrJ+iL+LS/3+knNXFwjPT1EwbSKHvbXz++STAMi2XO3Gha7C1oDH1i4rnJiQNOiWBiQgTW+npxP5DQKyU6OvoxfxdhMplwu0fXuX7q9UuZ8+2HWLs0i5D6zylQnTQ2O0jMSubkvjISs5Jx2Ybm59P5gxBjrExh6b8/xs2rFjPe9k8+2JFL82j7Th/hoolTNj/RS2Ji58+CoAeiIQmCoBviGpIgCLohGpIgCLohGpIgCLohGlJfDGpi5MUyMHnd09y/LE7nf7zhUqegJ4bAwEDa2tr8XYe+DWpipCAIneS4uDgCAwP9Xcewd+mJkYIgdDJUVlaSkJBAYWEhqjryDya9JEYqk2/lgbUutjyzlWoVIIDUDU9xZc3TvLyzBqm71MSzF4550ipu2TCN0jeeZ3fFwH8f/HCpUxgZDJ2na6OhGZ1JjPyEzWV1eORgYgKksxMjnbvZWlSJ05TK0viFZDi3c8jVw61aHYmRh43TWZMYSW7x55T34c4uX8VBjhs2kDp+G9WVKphTSJ3SSNEndWhyLPNuu4fkk6+w8bWjOMZmsfbeu5hb+Rv21HXOQcI0cTnrNqRT8eazg3aQD5c6hZFhlH3aX0eJkd5SCgpMrEiPY1flCZTJs0lsziW7XkUad3n3qYl1VgCMsUtYN38ati1Psqust2uA/Uh+HNI6hdHOkJaW5u8ahpCeEiO9VOblYVqTSdRHNYSkT8N29AMaVHpJTbQCMuHJcTRWQULGVCzHcmjtsWP2J/lxKOsURjtDfn4+o6kp6Skx0leRw3HzelLiygmd2kzRZ7Vo9JKaiAFQqc9+jbd2h7P6oQ2smFnC1lxrD6O4/iU/Dl2dwmg3yk7ZdJYY6S2hsGAMK1avZIwtl9dPt1/H6zE1saF9UlVVofUIH2/L5L6bbiW97CXyrN3V1M/kxyGrUxjtRtkpm94SI72czMvDvCAL+4ev0dD5vkKfUxM1HAVb2FH4CN9aO58Tr+6hu2O9f8mPQ1enMLqJT/sLgqAb4q5+QRB0QzQkQRB0QzQkQRB0QxcNSVw/EgQBdNKQBEEQQDQkQRB0RDQkQRB0QzQkQRB0QzQkQRB0QzQkQRB0QzQkQRB0QzQkQRB0QzQkQRB0QzQkQRB0QzQkQRB0QzQkQRB0QzQkQRB0QzQkQRB0QzQkQRB0QzQkQRB0QzQkQRB0QzQkQRB0QzQkQRB0QzQkQRB0QzQkQRB0Q18NSZa5f7mR5YF9nyQhycivl5v54woT6yMGr7TRQgpdwPoffockcz9npCSxZMp6bpt6B/dPmoblgk8yEBVxLbem3M69KTcwL3AgdkeZqCWP8sMbp6EMwNyGBwOT1z3N/cviLnxAS6Fk3PlzVqWMGerCLprB3wX0i0HmumTYle1iR6u/ixloEpNXXcZL4aWs3NSIZ0iWaSRu0XIsh1+gzNXPWflK+WdxKUrI1dwV3s1z5Dgyo8wUlG0m1632c4GdNFqKPuRTcw0DNcdhT7OSv/s4V664iojjH9Oo4w2jrxHSRZKMEmFo1Dj8XckIYU5jdqad/MN1aEOwOEmxEIidZs9AHiEazsoDHC5pGpJ1GC68FV9SHHQlmeP1fcgb0tLSAMjPz/dLAZYIhe/OVEgzQ8VJ9ayRgDJG5tszDGRFShg9KvsLvGyq0vBKEtfNM7LEAqFGiXuukXFrGrsPetjWPEiFSkZmX5vMT5ZEMiUQmqpq+e8/H+ejRg2UEH7yWBqWXacImxfL9DADWtFxvvOXWprDI3ngO1O4KTkAk8POjq0F/Gp/G24UZq1I4+FFYSSGSLgarWzbUsSzh52QmMir98UywWIiUk5je7oK3iae/mUBH7WBEtHdPPtHmZhOQttxvmw++1BWzMksHD+LRLMJSXVQ35TN+6dr8QKyMY7LY65gmiUYxddISd1usq1WfD1uy3Ay468l3WQiUFFYPGU9Xq2VwqodHHBcenMypN3G925IxxQQArnP8eyWAnyAafYDPHSNhdPm8YRUf0Ghchmz4mzsfeVpPq/wIIfNIGvtTcxOikRxVHJsx6t8kFODT07gmh/fT0ThEZT4ZKIjzZze9Sfe3X0CL2AYN58V69aQFmtBtRaT895f+bSg+ZIboTL5Vh5Y62LLM1upVgECSN3wFFfWPM3LO2uQuqvz7I2LedIqbtkwjdI3nmd3Rcerte8k5RVBZKXE8Gll9Vk1SpGLuPHuq7H/45d8UDg0Y/HuGPLz8+lsSkNOllmTqSCXevhBhcakFBMPGzSOAEgSy2YbmNns5YkDKnaLwr/MNbDM6uF9u8b7e93sCFT42UKJHTu9HBrUYajEuPnT+J8sL7/9/V7eP6UydspYJnd9sZHMLJ0l8+Dv93PILjEu2kSrZOH2+9NYVJ7PrX9spDlqAr99aBq3VeTwcq2EYm/kuWcLOVDrIyxjKi/fNYWi/zzK+2Vl3P5I+TenbKu6nrLJPcyzpj9jAomgmPGMadx9zpDeyKSoK4hq/YTNZXV45GBiAqSOHTqMjAmLmOTczdaiSpymVJbGLyTDuZ1Drh5q0ZrIrXiHw8bprEmMJLf4c8oHYDjjzd/EH/Jlopb8jO+Enb1uiuMQ//vipyz56XoC3nycjeN+wC0Z8WSfbGPubfeQfPIVNr52FMfYLNbeexdzK3/DnnpACifWnMfGF9/EHbOae76/kqlfvUS+ewLzbrmZ6MLnePaFCoypt3D7zRs4/cyL5LVc2sr4Kg5y3LCB1PHbqK5UwZxC6pRGij6pQ5NjmdddnXVn1tM0cTnrNqRT8eazZ5pR+9xprGskIi4WA9VnXwJQLIRFjUMKkC6p7oHk1/GbEiKTblD59KSGW4Pich/FHQeDHCyzIFhj+9cq9So4W3x8Wi8xM0piyDebZGLxvHCKPynh/VNeVFTqiuvYW991x1PZt/MEh+waoFJb58Q9PprVMU385X8bqPZotFVX83bhGBZNNyNrXg5kV7GnxoNbU6k7WsMXzkAmR/a8dnJP8+zfSmIeE4DqduE95xFNA5MxjFCDAdQWTrXZ8AFSQCLJ5hoO1Z2kRdPwuL7mWGsw8RbL0P+NeqThaTyNzdFAc0sTDfUOrI3NBAQFIY+7nBnRRXzx4RGsXhV3TTY5JWNJnhresQ4tlB4pwqGBr66MGl8k4SEyUngaydFl5GSX4lS9tBTuJK85hZRE06WX6S2loMBEcnr7xWnj5NkkNudSWK8i9VonGGOXsO6eq7G99zy7ytrO2wZulwvZPAbjOX8crW4HG3/6AO/k9neM3X8Gv42OAMkIgR6wdTQhza1h7TjGZbNEiCKx/ioTN3Q8X1Gg2Q4SDO31AclIVIhKTaOn+wulmoea5rMfVUJMRJrC+fEj8/jXjt8ZzBqnaxRAJmlOEj9eOpapwTIgExLi5a1e3hrqeZ79oeFyOJFNZgzQ5TTAQ0XdZ4RHzeDqpDkEaU0U12WTbbWCMoZAOZZ5STdyRcezZUmj1W3sZy0DT1M1QENVVVQVNE1DUhTk4FCCTKlc++CTLO54rmzWaKkL6JjQjcfTubf58PlkZBkkUxAB3hbaOkeCWgutbTIBlgDgUt8R8FKZl4dpTSZRH9UQkj4N29EPaFDppU4rIBOeHEdjFSRkTMVyLIfWsw4SCZPZjOpy4tHxxTW/nrJpbmhTILCjw0iK1P5/QHOBzanyxmdeCvz9roDm4bRNZlaEERlXN01JQzvnD63a3DRYa/nN41/z5TnDDnnsRP7rlhC+ePYgD5V78CnhPPqLlLNHFhfYcXqaZ/9o2GurccyNIUKGU11WUvVUkVNdRQ4KwSEL+FbMTOJtn3PC56DNW8qekr1UdbeTaxqa5IdRbR9IgNZiw277ko+eeYPycy98yQndTqs57DgN8QSaJfBqIAVjCVRxtjr7VZOvIofj5vWkxJUTOrWZos9q0XqrEwOgUp/9Gm/tDmf1QxtYMbOErbnWLruQQkR0BE2nqs8bAeuJbDa333Aiy0N/9uZrUTnqk7kssn3niIyVmSJ3PuZjn0vm+skyoTJIMsSOlZl+4RtaBpfm5rP9TSRfO5nrYhRkZCKTopg3tufDzFddxw7rWO5fHsZYA0gGIwnTxjE/SgKTQqDXSUmtBx8SY2fEsCj0rIVitXuxxFqIlvs4z37ynThKRWAy8WFd52VkbFA8UQYFCQ1VU9E0L15AdZVT7I1nduS49hcSyUyYJYk405npNY8Nu2kcMYaLrM8gs3SGgeUd+8ZgUWsPcKxlJgsXJxOkAIqFyOQrSIrs+XjQmvIpPp3E7KsSCZAVglOvYUb4cY6XdzntuZR18JZQWDCGtNUrmWLLpfC02uc6VVWF1iN8vC2fCdffSnpol6Uq8SRMslNSVHPe65wUmcX6hx9n5TT/j2wNcXFxtLW1ta/MUFNVtuX6+O4ME0+kaLTYobqz+2saHxz0EpBu4IllEgFo1DervJfnj+GSRs2eAn4cNJWf/OhKfj5Go6mqjv/ZWN/zZGorf/3T1wRumMo7/z2GQNVLdflp/vRGHeqpan6/N42HH53DPVYPzVUt5Dedvas0HDrBW3NTefPpeDzOJn79VD4ftnU/z35z5ZNzeC1LMqL5cldtx44rERA4navGLyJIlvB6aik8ld0xImricOUejDHzWZcSjFFzY3NUkFNTdmYTOAvYb13C4im3s1irJrv4Ewp7fAuunWSQmBWvoFp9fNQwiOcYajV7X9+M6YYN3P94FCa1jebKQ+zeerCX6arY9+bbhK37Hg9mWdBspeS+/Sp5tjO1Xto6eDmZl4d5QRb2D1+joXN373OdGo6CLewofIRvrZ3PiVf3YNXAkDCHZPse3qq6wPGjBBISGYVm9v84Vlq6dKlWXV3t7zoEnZBCF7Du7gQOvPgGpf29ObIfDFEGnpkl8bddHvZd1LVWmXHLHuVmyzs8//dCv94ceenrMMCkUDLueIiJ+37L9iJ937Qn19TU+LsGQUc06x7e/p1/mxFAXKSM9YSXA308kM0h7RehzWGxzJkbTYu9Ba3j99Nvyjzz+BD8fKnrMGg0K0f++oTumxGANH36dB1fcx9AsoXlK6OZfME3oyQUM/gudO+M5iH3iyr2NOp8M4309evF9HUrSUi+jswwBUfVLnJqvyYnu4yJ8xI5uW9o/z32bq6/N8ewNXoakjCimUMCmLIsleKPCnHZnH7/Wbg0umhIQUFB2O12f5chCIKf6fuTdoIgjCqiIQmCoBuiIQmCoBuiIfXFoKYfjvSEw5G+fsJAGt6JkUNlUNMPR3rC4UhfP2EgiYY0QC49/bAj4XBQqtKDkb5+wkAadQ1JT+mHwz3hsDcjff2EgTfKriF1ph/uYnPhJl4p/oivWh1npx96DrC16HVeP1GCJXohGb194LAj/XBzeS513nJ2Fb/NpuLtfYpi9eZv4g+/eIRNu6rOOWg6Eg5/t5nqxDkE7HmKjZ9pzMiIR5Zj2xMOG7aw8bEH+d1f9hO88i7mdkYCdCQc/t+LT/LCxn0EX7uSqQGA3JFwePzPPPvzH/HSPxpIvXkD6cGD94HKkb5+wsAbdSOkM+mHjdR7WzjVEaz3TfrhiZO0aIDra461ZpJpsZDrsg/xq2xnwqGN5pYmHPUOrMZmAmKCkMeltScHbjyC1QvUZJNTsor5U8PZWw9dEw6pK6PGl9GecOjrSDjcWIpT1XAW7iSv+aekJJrIO9LdB9dkIhf9iDuvjTvvgrS3aDMvbD5wiVFkelk/QW9GWUMaPumH+kg4VGna/yf+fNhwXp6P5mm95FxE/ayfoDejrCEN7/TDoU84lAmf933uXjrx/BFS4es8v+mrAT3U9ZjgKAytUdaQjIwNikVyVlHv7Uw/1LqkHy5jdmQpTQ21tGEmLHACQZ4yKt3tHepM+mEBxd6+n8RJkVmsu/caWt57ih0F/fuamfbkwIdYuPgr6ncdx46FyKQ0QhsPUtrU/XTtCYermX1VIoUfV2DsSDj8orynbAyVpn1/5KXcgR8hdbvEIV0/QW9GWUPyT/rhgCbyDWLC4QUnc7XQMpRnPEO8foK+iE/7+51+Eg4Hx0hfP2EgjbK3/fVDjwmHg0KJYGJCBNb6enE/kNArJTo6+jF/F2EymXC7R9e5fur1S5nz7YdYuzSLkPrPKVCdNDY7SMxK5uS+MhKzknHZhubn0/mDEGOsTGHpvz/GzasWM972Tz7YkUuznr9/R9AFccrmJ/5ONBQJh4IeiYYkCIJuiGtIgiDohmhIgiDohmhIgiDohmhIfTGoiZEXy8DkdU9z/7I4nf/xhkudgp4YAgMDaWtr83cd+jaoiZGCIHSS4+LiCAwM9Hcdw96lJ0YKgtDJUFlZSUJCAoWFhajqyD+Y9JIYqUy+lQfWutjyzFaqVYAAUjc8xZU1T/Pyzhqk7lITz1445kmruGXDNErfeJ7dFQP/3e3DpU5hZDB0nq6NhmZ0JjHyEzaX1eGRg4kJkM5OjHTuZmtRJU5TKkvjF5Lh3M4hVw+3anUkRh42TmdNYiS5xZ9T3oc7u3wVBzlu2EDq+G1UV6pgTiF1SiNFn9ShybHMu+0ekk++wsbXjuIYm8Xae+9ibuVv2FPXOQcJ08TlrNuQTsWbzw7aQT5c6hRGhlH2aX8dJUZ6SykoMLEiPY5dlSdQJs8msTmX7HoVadzl3acm1lkBMMYuYd38adi2PMmust6uAfYj+XFI6xRGO0NaWpq/axhCekqM9FKZl4dpTSZRH9UQkj4N29EPaFDpJTXRCsiEJ8fRWAUJGVOxHMuhtceO2Z/kx6GsUxjtDPn5+YympqSnxEhfRQ7HzetJiSsndGozRZ/VotFLaiIGQKU++zXe2h3O6oc2sGJmCVtzrT2M4vqX/Dh0dQqj3Sg7ZdNZYqS3hMKCMaxYvZIxtlxeP91+Ha/H1MSG9klVVYXWI3y8LZP7brqV9LKXyLN2V1M/kx+HrE5htBtlp2x6S4z0cjIvD/OCLOwfvkZD5/sKfU5N1HAUbGFH4SN8a+18Try6h+6O9f4lPw5dncLoJj7tLwiCboi7+gVB0A3RkARB0A3RkARB0A1dNCRx/UgQBNBJQxIEQQDRkARB0BHRkARB0A3RkARB0A3RkARB0A3RkARB0A3RkARB0A3RkARB0A3RkARB0A3RkARB0A3RkARB0A3RkARB0A3RkARB0A3RkARB0A3RkARB0A3RkARB0A3RkARB0A3RkARB0A3RkARB0A3RkARB0A3RkARB0A0lOjr6MX8X8Q1Z5v5lBsaeUinx9G2ShCQjP5tj5KZkhcBGH8ccg1uibsgW7ntkDt9qqOKz0+d/+bAUuoD1/7IIx6E8mvrydd/dUZJYMnkpV469jHlBbgqt9Zz/pzEQFXENa+KvZO7YyZgdX1Pp0UAKJePOh7nc+RXHG7z9KEIYLQz+LqBfDDLXJcOubBc7Wv1ZiMTkVZfxUngpKzc1XuCAHQSaiy8+LMVSc6FvQjcSt2g5lsMvUObq53J8pfyzuBQl5GruCu/mOXIcmVFmCso2k+tWu9RoJX/3ca5ccRURxz+mUe1mekHoMKxP2SSjRBgaNaNlVNSV5iX/wCm+arxAQzKnMTvTTv7hOi7UrgaapFgIxE6z5/yO4634kuKgK8kcP6x3NWGIGNLS0gDIz8/3SwGWCIXvzlRIM0PFSfWs0YUyRubbMwxkRUoYPSr7C7xsqtLwShLXzTOyxAKhRol7rpFxaxq7D3rY1tzDwpRQHn5iOpNLbJhjxhAxRuPIBwU8+UUrLsA8Pob/uD2J5RON+JqaefftQp7Lc6ECpthYHr0zkSXjDUhuN4WfFfKv7zXjSUzk1ftimWAxESmnsT1dBW8TT/+ygI/aFGatSOPhRWEkhki4Gq1s21LEs4ed+ACUEH7yWBqWXacImxfL9DADWtFxvvOXWlpiLrw8JxKJ12bwwrVBhIZIfPj8Hh7PP7sRKBPTSWg7zpfNZ7cjxZzMwvGzSDSbkFQH9U3ZvH+6Fi8gG+O4POYKplmCUXyNlNTtJttqpcezPSmczPhrSTeZCFQUFk9Zj1drpbBqBwccHTX5TlJeEURWSgyfVlaf1SClyEXcePfV2P/xSz4oHJJxpaBzhvz8fDqb0pCTZdZkKsilHn5QoTEpxcTDBo0jAJLEstkGZjZ7eeKAit2i8C9zDSyzenjfrvH+Xjc7AhV+tlBix04vh/p6OiCbSFJrWPf/19MSMZ7n/iOFm48f4rX6QO64O5mpeUdY8dsWAmYk85e7p1LyWB7/sClkrZ5C2teHWfFrG20BY5g1HlTAV1bG7Y+Uf3PKtqrrKZskodgbee7ZQg7U+gjLmMrLd02h6D+P8n7nKaZkZuksmQd/v59Ddolx0SZate6XBxplnxxm5U4L9/0sk/HnraBEUMx4xjTuPucUycikqCuIav2EzWV1eORgYgKkjgYRRsaERUxy7mZrUSVOUypL4xeS4dzOIVcPYyytidyKdzhsnM6axEhyiz+n/Lyn+2isayQiLhYD1WefzioWwqLGIQVIffzjCSOdX8fRSohMukHl05Mabg2Ky30UdxxEcrDMgmCN7V+r1KvgbPHxab3EzCiJfu2+mpe9Bxpp1sDXeJqPTwazcJoRJTKCRTE23t1pxaaq1OVV8l5jOIuTFQBUDYIjgpgUqoDDwcESB+4+LOtAdhV7ajy4NZW6ozV84QxkcmTXNVDZt/MEh+waoFJb58R5qcsDQMI8JgDV7eLcy8iaBiZjGKEGA6gtnGqz4QOkgESSzTUcqjtJi6bhcX3NsdZg4i2W/m3r9qXidrmQzWMwnjMzrW4HG3/6AO/k9m3NhJHP4LfRESAZIdADto4mpLk1rB2vsLJZIkSRWH+ViRs6nq8o0GwHCS792ojmxdbWMbXmw+bQCA0yIgcaCfF6aHR2Ps9Do10iNEhBws2urcdIWhPPk49OIdZn5/2/F/Kr/W29XMCWSZqTxI+XjmVqsAzIhIR4eUvpWo+HmuZzh3e+S1wegIbL4UQ2mTFAl1MuDxV1nxEeNYOrk+YQpDVRXJdNttUKyhgC5VjmJd3IFZ2VSxqtbmOvS+udhMlsRnU58QzFBS1hWPPrKZvmhjYFAjs6jKRI7f8HNBfYnCpvfOalYCDfnZGMjA2RAR9IBiKDJWytXtQ2DzZDMBEBgL39eRHBGla7Dw3wNTby51ca+bMkM2F2Cn/6TgJX5uSzq7NDXOBgk8dO4L9uCeGLZw/yULkHnxLOo79IOWfUoaFdYNpel9ctDXttNY65MUTIcKrLtlM9VeRUV5GDQnDIAr4VM5N42+ec8Dlo85ayp2QvVd01DU1Dky5ldKoQER1B06nq80ZsgnAu2Ww2t/9HHvqzN1+LylGfzGWR7aOeyFiZKXLnYz72uWSunywTKoMkQ+xYmemWfi5UMnDloliSTBJBCRNYE28nu9CNr6GJ7NpQbromhBBZIjo9jtURzWQX+0BSmJYxlrRQGVnT8Hg1NI8P5zcHr4bV7sUSayG662Y0KQR6nZTUevAhMXZGDItC+1Jjb8vrme/EUSoCk4kP69o+jIwNiifKoCChoWoqmubFC6iucoq98cyOHNf+giCZCbMkEWc6M73msWE3jSPGcJEtSYknYZKdkqKa83q2FJnF+ocfZ+W0gRiJCSOBIS4ujra2NlTVDzeJqCrbcn18d4aJJ1I0WuxQ3XmOoWl8cNBLQLqBJ5ZJBKBR36zyXl4/61SdHDwdwq9+mcQkycHOLfn8rUYD7Pz1leOMvz2dD5cZ8TVb2fZqIe9ZAUkibPJEfnZHGuMCwNVkZevmQr7s8pLfcOgEb81N5c2n4/E4m/j1U/l8eKqa3+9N4+FH53CP1UNzVQv5TX3pKj0szxDOTx6ZxvJAiaBQE8q987jSo5Lz94P8bL+n/aB35ZNzeC1LMqL5cldtRyOQCAiczlXjFxEkS3g9tRSeyu4YETVxuHIPxpj5rEsJxqi5sTkqyKkp67LZCthvXcLiKbezWKsmu/gTCvtww6UhYQ7J9j28VXWBv5sSSEhkFJpZXNQW2klLly7Vqqur/V3H0FBCefjxVLx/+ZL/LhvZFzSk0AWsuzuBAy++QWl/b4689CLIuOMhJu77LduLRuPNYsLFkmtqavxdw5BSFJmx18zEHBIAwP9r787jo6rv/Y+/zpnJzGQy2XdIQggEwr6IskpUkEVwQ0DB3Vq7/G5Le+/v5631Z6u293bTe3utt1ZLXatFe6X21yKKVlBW2bcsEBII2ffMJJnJbOf8/kgCBEIS1hyTz/Px8CGTme91BiU4AAAgAElEQVSc75kz532+3zNnPmONsDFm6cR+c7uD7tzGe7/uwzBq6wQH33hWwkj0mik+Pv7pvu7E1RKRGse87Hic/zhC7eTheF0ehmZnUrLjOEOzM7/yt2tyB9bBRfQ/ypgxY/r33OUMY5ZO5NiGfLyuVqwRNobPy+pXt72u1p5fBCEMzBCB5HA4aG5u7utuCCH6mHzjUQhhGBJIQgjDkEASQhjGV7tA29ViymDO0Ckkqzbs3l28XZzHufXgzMTH3MDc+GTsNJNT8ld2uK/ExaZmhi37OXOcv2b1hlKk5pnoT8x2ux23293X/TC2S6ma2K+p2DLvYNikMUTERqPl/Y6dm45elaJwon9SU1JSsNvtfd2Pr7zuqiYaihJF+tSpDLosNYh09NYyanf9iePHmi7D84mBzlxaWkp6ejr5+fl98322q6xPqiZ21Y9hK/j2Ei/vP7+Wcg3ARtbKnzKz8jle/awSJWoc2UuWMjkjFpOnlJz1r/PR3sqz+qJgHbKIe1aOouidF9lc3IsrotUYhs+eTVPBTsov+bIlHW/Jl1RhIjJVkzOS4pKZO6ZrAyGM+q5q4rmCxXsoMK8ka9AHlJdqYB1J1vB6jnxaja4mM+2+R8gseY3Vbx7GE5fNkq89xNTSX7KtuuMZFCyp81m2cizFa17oXRgJYXAD7qT26aqJ9dQGmqhoP312qmriyRKadMB7lJyWiUwMC2O/t/nynxcJFJGXZ2HB2BQ2lZ7ENGwyQxv3s6VWQ0mcwriEI2xdfRBnAKjcwt7CRUwfEc32aicAIclzWDZ9FK73f8Km4z2dA1SJnf19HpybggkTITYL2vf/g9k6BI68w5qS2ayYm4LprFaBI2/z27d305dfhxMDS59WjLz6+qpqYlcClB46hOX2icRvqCRi7Chchz+iTgM1PBKHJYu53/0JN3T0xarTVG0DnIBKdGYK9WWQPn4EYTl7aek2MTUavnyF3x8wo5jSuP7rt9C85mX2Nero/hZagvlt953VSve3SBiJq6pvi/z3gb6pmti1YPFeCqzLGZlygsgRjRz5vK12kd7kotm1kw3Pv8OJc05gmQGN2i1v8u7maBavWsmCCYWs3e/sdhSneZto8gKmaLxagNamBlxOHVCJzV7FwzennjtCyn+LF/+4S0JJXDUDbMoWQpwjGaW1jNpAR9VE/YyqifOYHFtEQ10VbqxE2Qfj8B+n1Ne2q5+umpjHsUDvJ3FKbDbLvnYTTX/7KevzzqhBGygkPy+UBYsXEuraz1s1befxtKrd5DSt4vobdlG7qYBmwojNGE1k/R6K6tqaapoGLQf55IOJfH3pCsYef5lDzouZWGo07PgdL++/yBGSYkJVzaiq0vZvkxlNC3RZlleIngywKVvfVE08f2XEACWHDmGdkU3zx29S1/G5glbO9rfexnLnSh57Jh6L5qaxdB+b1+45q72OJ+991uf/kFuXTOfk69voMZOCRXz6q191+tOp0dMFU7CO/SbXZme2h9k3mDEmQOOmZzl02HUxTygGOPm2vxDCMOTKESGEYUggCSEMQwJJCGEYhggkOX8khACDBJIQQoAEkhDCQCSQhBCGIYEkhDAMCSQhhGFIIAkhDEMCSQhhGBJIQgjDkEASQhiGBJIQwjAkkIQQhiGBJIQwDAkkIYRhSCAJIQxDAkkIYRgSSEIIw5BAEkIYhgSSEMIwJJCEEIYhgSSEMAwJJCGEYRgrkFSVx+aHMN/e+ybpGSH8Yr6V3y2wsDzmkhbOzAdm8T+3OjBdytNcRUrkDJZ/714yrJf4RKYM5gxfzn0jHuCxIaMI6/JBZuJj5rJi5P18beSdTLOrHZ1g/INPsWhk6CV2Qggw93UHLolZ5ZZM2LTFy/qWvu7M1RZCyuz5hB34Lce9l/hUwSL+cawIU8SNPBR9nseoKUyMt5J3/G32+7TTf9ed5G4uYOaCWcQUfEK9dp72QvSCsUZIF0gJUYhCp9LT1z3pA9bRTJ7YTO6BavSrsDjFFIadZhr95yZOoHgnxxwzmTjoK/12EgZgHj16NAC5ubl90oGwGBOPTjAx2grFJRr+M+4zharcMc5MdqxCiF/jy7wAfyzTCSgKt0wLYU4YRIYoPHKTik/X2bzHzweN3SxMDWfVj8dgefNLflWogzmap/5tONUv7Oblss4PdWSk8+KjMWxffZBXinQmLhjN47OjGBqh4K138sH7R3jhQCtBVLLvn8qPx7XvjKqJqLAmnntyP+/Udx8VluRknnxwKHMGmVF8PvI/z+d//a2RVsAUE8u37x3O0kwbFk8z69fm8fMv3fg6XpvUsaS7C9jZ2HkZJmsm1w+axFCrBUXzUNuwhQ9rqggAakgKU5KuZVRYOKZgPYXVm9nidBLsrpNKNBPT5jLWYsFuMnHD8OUE9Bbyy9az29MeTsESThQ7yB6ZxMbS8k4BqcTO5q6Hb6T57//OR/n+LhchRAdzbm4uHaF01akqt080oRb5+U6xzpCRFh436xwEUBTmTTYzoTHAs7s1msNMfGuqmXlOPx8263y43cd6u4knrldY/1mAfZdxqhCWPoT/fDSW3a8e4JWiALpixtRcz29eyGd3VZCo8SN49aHhHPm/h/mwRePzt7ZzEwAmxtw6iV8PrWZLY0/jFhPZi4cz+ugBFvzChdsWyqRBoAGoYdz/2Ghmn8hlxe/qaYwfzK9WjeK+4r28WqkDCo6kQYTWbz5rihTCkPhriW/5lLePV+NXw0myKe0BEcX4wbMZ0rqZtUdKabVkcXPa9YxvXcc+bzd91RvYX/xnDoSM4fahsew/9gUnznl4kPrqemJSkjFT3umggimMqPhEFJvS8wsvBrw+HWObIlTGmjU2luj4dDh2Isix9h1MDVeZEa6z7qhGrQatTUE21ipMiFe4km9tW2oq//lPg6n680H++1igbWfWA+zeUsa2Sj8+XaP6cCVbW+0Mi+3ck4hRw/i36R6ee6Ock70ISE2H8BgHQyJN4PGwp9CDD1AHJbA4qYE//LWOcr+Ou7yc9/JDmT3G2r7BFKyhNjSfl8BZz6nrYAmJItJsBq2JCreLIKDYhpJprWRfdQlNuo7fe5SclnDSwsIuw+up4/N6Ua2hhJz1ZHr1elb/67f5835f102FOIO5z0ZHgBICdj+42nde3afjbD/6qlaFCJPC8lkW7mx/vMkEjc2gwBU6b6KQmuXg5Em49pooYvbXUKcDqGRcl8E/3xzHiHAVUImICPDuGR/HqZEJ/PD+aL58aw8bnL3pXZBNa3PIuD2Nnzw5nORgMx/+JZ+ff+mGCAuxlmj++YfT+F/tjzZbdWoqOxao4/W0olqsmOGMKZef4urPiY4fx40Z1+HQGzhWvYUtTieYQrGryUzLuItrO/qs6LT4Qi7xNQNQsFitaN5W/FfjhJbot/p0yqb7wG0Ce3vCKCal7d+A7gVXq8Y7nwfIu4zTsaCmYD4VJCZCO+2POkWf5fPdT638+MkRPDHFyeO7fBA3mB/dE8HWF/aw6oSfoCmaJ/9t5OmRhRrKXQ8OZ8iOwzycF+h1WAbr6/n9a/X8XlEZPHkkr9ybzsy9uWx2+ahzVvHLZ46y8+whUHs/m6vK8UxNIkaFijNeH81fxt7yMvZiIjxiBrcmTSDN9QUngx7cgSK2FW6n7Hwd1HV05WJGoCZiEmJoqCg/Z8QmxIVQrda2i1hU9erP3oJNGoeDKtfEto16YpNVhqsd9wXZ4VW5bZhKpAqKCslxKmO6vkimd/RWSurMjBpiQwWix8Rz7VmXzwSDOnpzLc//qYGxy0dwS5QCFhP2QCuFVX6CKMSNS2J2ZEcLlawFo3nMdJIfrnPR2tu+KCZGjY9jdKSKquv4Azq6P0irDsHyatY743hsfhRxZlDMIaSPSmR6/OmoCJ48TLE9k7SoM+MjhDhHGvFmEwo6mq6h6wECgOY9wbFAGpNjE9tCX7ESFZZBiuV0e93votmSSJL5AiPJlEb6kGYKj1SeE8ZKbDbLH3+GhaMux0hM9HfmlJQU3G43mtYHF5BoGh/sD/LoOAvPjtRpaobyjvmHrvPRngC2sWaenadgQ6e2UeNvhy6hn7qfTz88yS1fm8Rfr/VQdKyZ/KauH9p46Bj/fngKz9ybxJ6Xyvmv7aN5/MnreMTpp7GsidyGjrllKNdPDic20c5bzw1t+1vQyX/+9BDvd3tiWyFqWCpPPDCaRBt4G5ysfTu/fUTUwhuvHMW+cgR//o9Q7FqA8hM1vPJO9enm3lz2HljCnPEJ7NxU1R4ECjb7GGYNmo1DVQj4q8iv2NI+ImrgQOk2QpKms2xkOCG6D5enmL2Vx089pdaax5fOOdww/H5u0MvZcuxT8rv9CK6NOf06Mpu38W5ZF9vGZCciNh7dKie1Rc+Um2++WS8vL+/rfoiLoETOYNnD6ex+6R2KLvXiyIvvBOMfWEXqjl+x7shAvCBMXE6msLCwp3V94JyJtEbYyLp1LK7SRoLewBW/fUV5S8jZcYiGXoxirmAnqDrwOQV1cvZIXDplzJgxAyaNIlIiSZ02lJIdx6/8/6cPJ8Vdz7Cuvhin+9m/tYxtPVw4KcRAM6ACaczSiRzbkI/X1Yo1wsbweVlX9LbX1etT3EIIDBJIDoeD5ubmvu6GEKKPybchhRCGIYEkhDAMCSQhhGGYEhISnu7rTlgsFny+r8CXL5Vkxt7yIzKaN1LafPkuJFUiZ7D8W7Px7LvEj/BNGcwZdjMz465hmsNHvrOWcwt+mImPuYnb02YyNW4YVs9RSnv1BTSV+Dk/5LHJtezKq70qNZhEL13R7X6hzAxb9kuWpeSyr9B17vtEiWT8g48zpXVXl5eKqHb7BdSLHeh0JxU5H3DcdSGpoRI57kmWTB11nuFoR+XHTy9T5cf3+FNlyflrHJ1R+fEPR/7CDndvg1Wn6cjHbNxfyVeyKKQ5ijHLhxBvtpAyL4vMxMtw5fiVeM6LcUW3+2XWXmE0bc4sYrrYIdSUlBQklHrLTV3xNqpaLuORxUCVH7un01q6mwOFDTI6+gq6+O1++XVXYdRcWlpKeno6+fn5ffN9tqtJHc6U2x4lsuY4pogEbJYgtYdf48vCirYji5rB5MUPE3J0K9aMWcSG2qHqT6zfsgfrqO9w46gUrDaF4o0/YEdF+3BTSWfS4scILz+IKS6TSIcVZ84rfJF/Ei3uVuZdPxOHJZJQ5VHuGOyHYD571r9OcfsM1VCVH8/DPPo+vnHnWCy2CNj/G154P48gYJn8bVbdFEaNdRAR5VvJN13DpBQX2197ji+K/ahR48hespTJGbGYPKXkrH+dj/ZWElTTuemfHyMm/yCmtEwSYq3UbHqF/9l8kgBgTpzOgmW3Mzo5DM15jL1/e4ONeY1XNggdMYy+IQ7f3gKOlfdd5Bplu5uGreDbS7y8//xayjUAG1krf8rMyud49bNKlPNt284LxzpkEfesHEXROy+yubj9q0XdVBg1u91ugP4fRh2USCL1HaxbfwBf2PXcuOB+RlQ/R15T+/or0aSlWfj8H09R7TVjD48ggEZr3n/xQX4yYxd+H8c5zxlNjPkQ6z9egz9qMQvmLSSl8GWKa//Gx39ZR+S4J5hjX8sHX+adNd0xWuXHrgVy/8h/56rEz3mCe6M699/k2cdfX9rInH9djm3NM6xO/A73jE9jS4mbqfc9QmbJa6x+8zCeuGyWfO0hppb+km21ba9ZsvUQq19agy9pMY98cyEjdr1Mrm8w0+65m4T83/DCb4sJybqH++9eSc3zL3Go6RKCIuimfHcATzCAO6cSl6vzcymqGVuElbYKc71cTg/PeeGMs92DxXsoMK8ka9AHlJdqYB1J1vB6jnxaja4mM+182/bU978VLKnzWbZyLMVrXjgdRm3Pft4KowPvUza9hYoTOXgBvWUfxQ2pDE4OP+MBfirzN1Dt1QE/7qa6XtT4aaLi5BG8gOY6Tn0wlnB7b15ao1V+vFA6/voaXJ46GpsaqKv14KxvxOZwoCZOYVzCEbZ+fBBnQMNXuYW9hXFkjohu72cTRQeP4NEhWH2cymAs0REqSvRoMhOOs3dLEa1agKb8zzjUOJKRQy2X2FUfDUXNtOoaLWWNuM76HrDuqmbvO4fILb6AA3MPz3lR3TTKdg8UkZdnIXNsCioQMmwyQxv3k1+rofS4bSEkeQ7LHrkR199eZNNx99lred4Ko31aMbJvePD5Og4Rrfj9GhZrGArO9nK1zbS4L7AYve4jEOh4ziC6rqL06l1itMqPF07XdEBH0zQ0DXRdRzGZUMMjcViymPvdn3BDRz+tOk3VtvaGPvz+069ZMKiiqqBYHNgCTbg7jvp6Ey1uFVuYDeirkgZXi5G2e4DSQ4ew3D6R+A2VRIwdhevwR9Rp9LBtnYBKdGYK9WWQPn4EYTl76Xza9fwVRvu2yH9fUBzYQk207f5h2Kwqfq/7jEG6zmUvkKsDXR7HjFb58fJQAL3JRbNrJxuef4cTZ5/kUNPP21b3NNNqTsNuVSCggxJOmF2jtWVgfC/QSNs9WLyXAutyRqacIHJEI0c+b6u71e22xQxo1G55k3c3R7N41UoWTChk7X7nGXvV+SuMDrwpG6EMzpxJpFkhJG42GTFllFW6ruDydHzeFiyRyafK857JSJUfL2d1R61qNzlNE7j+hkwcJsAURmzmtWTEdv+W0xtyOVaTweRZQ7GpJsKzbmJcdAEFJ864Ts2scvM4M/Nju475i+KIZcxtI8gcfBlj/IL7abDtHigkPy+U0YsXMty1n/yatiNmb7atpmnQcpBPPshl8G0rGBt5Rp+6qTA68KZseh1VzRnMuuNOwpUaSva+yhFXD+cN1JFMXvgQ6VYzIbYIlFk/ZVAwQPW+X7DlRI8LxFPyCUeG3sfCpQvQAnnsXvcaxR3TRgNVfrys1R21cra/9TaWO1fy2DPxWDQ3jaX72Lx2Tw/tytix5j2iln2D72aHobuK2P/e6xw644SxYlaYlGZCcwbZUHd5RrOKasLqsKKbL99PSFx4P4223QOUHDqEdUY2zR+/SV3HbtLrbavjyXuf9fk/5NYl0zn5+jacevcVRgfWt/3V4Uy59QG0rU+zt9Y4nyoaovJjj1QS5z3J3WF/5sW/5PfpxZHmeDPPT1L40yY/Owx8gf9XpZ9XVQ8VRs190CVxFt25jfd+va2vu9E9Uwyp6TE4DfC1kZRYFedJP7sNvpN/Vfp5VelODr7xbNuPwXZBAkl0zzScm//lu0yJVvAUf8Jfdtf1eSCdyPfxoz7uQ298VfppJANryiaEMDRDfMomYSSEAIMEkhBCgASSEMJAJJCEEIYhgSSEMAwJJCGEYUggCSEMQwJJCGEYEkhCCMOQQBJCGIYEkhDCMCSQhBCGIYEkhDAMCSQhhGFIIAkhDEMCSQhhGBJIQgjDkEASQhiGBJIQwjAkkIQQhiGBJIQwDAkkIYRhXHwgmSdwx9OPMzXmMv4W+pVmv5Y7fvBzVj39Ik9+8wbCr3jXzQxb9hyPzUvp9oVWImew/Hv3kmG9zIs3RZC1dBgpjsv8vH1JiWT8g0+xaGRoX/dEXAH984cilXDSZi/n5lkTSHTotFQe4os1r7Kvahcf/HwXpvHf4H/P6OtOdgghZfZ8wg78luNn/oy2OYoxSyKpXluB9aYMQg8coaDq9E/oqUmDuW5ODL4DR9l32Htlf7yxh75cOBVb5h0MmzSGiNhotLzfsXPTUXRASVjE5KU3Yz8zwfUWqv7+I44WB0F3kru5gJkLZhFT8An1xvlFdHEZ9MNAUomd9U3unt7AJ68/SU6tQnTGRGKNOpCzjmbyxGZy/7v6AkJFwTHYgeIOYB8UjjXHS2uf/9znhdDRW8uo3XWQuuH3M+TMe6rXs/flDXRsLiV+PhMXRlBbETz1mEDxTo45HmDioH/wWakkUn9yViBZSb3xEeZNyyTOYSbQWMj+dW+xMbceDQVb+nxuXz6foeFeKnYfIqj23M48+dusuimMGusgIsq3km+6hkkpLra/9hxfFPsv/xqZMphy/WBOrP8t+8taAKjO+4LqXjQ1J05nwbLbGZ0chuY8xt6/vcHGvEbUYSv49hIv7z+/lnINwEbWyp8ys/I5Xv2sEiVqHNlLljI5IxaTp5Sc9a/z0d5Kgp2eXcE6ZBH3rBxF0TsvsrnY09bd1LGkuwvY2XgBiaLYiE020ZBTg3VSBNG2Wio87esQH8/I6QlE24I0FzWhnQpilcgxqQzLDMNuUwi2uKnaV8rxUj/q0HSmjTHREmLD2lBPrRpJUkyA0k1FFNdeiR1ex1vyJVWYiEzVzjpxoKEHtfZwNhMxfALq8T/T6DvjIcESThQ7yB6ZxMbS8j7/aW9x+XQ+taGYUFvy2LT6KZ77v//MKx82kHXPckbbFTAPJ/ueuShbfsHzP36Wz7zppFmVntuhYPLs46+/fpvyoddh2/ZTVn+uM2582hU5o65EDmWQo4KSk+4La6gOZto9d5NQ8HteeOr7vPz3OrLuXsnYcIVg8R4KzOPJGtTeY+tIsobXc+RwNbqazNT7HiGz7n1WP/1dfv2HLwlf+BBTE85cOwVL6nyWrxxL8Zr/PhVGoOBIGkRofeW5U4+gm/LddTQFAzTkVFLlOr3bKRHhRNvdNJxsosEVSmxy+3HFFMaQGfEo+cfY9ucCigKhRIac7gOtzRz/7Ajb1uSyd5+fuOmDiLe03+tzkv9hGU3xUZiPFLAvDxKG2NpGKt305YoKySRxONQdKaTzyxOkvrqemEHJ/XGIP6B13p66m+Kdm07dbMrfQWHrCuKjFVR1LBm2HP6xqxK/BiXbtlBy/bQe2x1Fx19fg8vjorGpAU+tB2dII7YkB+efRanEzv4+D85NwXTWPYEjb/Pbt3fj7bIdKLZQrLTiPd8DztcuejSZCcfZu7qIVk2nNf8zDjX+KyOHWjh0sIi8PAsLxqawqfQkpmGTGdq4ny21GkriFMYlHGHr6oM4A0DlFvYWLmL6iGi2VzsBCEmew7Lpo3C9/xM2HT8zKBWsoTY0n5fA2R3SfTQUtQ8Lyho73WUdFI690YnT68VSFSB1sANzUSPBqHBiQpooKvSi6eA60oAzK6q9VRBnYd2p5/CWN1DvH4zdoVAHaC0+fL4Ara1+Ak0arWY/IVFmFEDvpi9XjoJ5yLXEePeRUxU86z4dn9eLag0lRAG/DJH6jbMOMCHETbqTubPHk+gwA2Zs4R52m0CxObC5XbR0vDfO/Hc37QB0TQd0NE1D00DXdRTT2VFzJo2GL1/h9wfM54SW7m85bxgB6F4PXmxYrUBzb16CNkqoA1ugCbe3/d2tN9HiVrGF2QAnpYcOYbl9IvEbKokYOwrX4Y+o00ANj8RhyWLud3/CDe3PpVp1mqrb2oFKdGYK9WWQPn4EYTl7aTm1A+l4Pa2oFitm4OzdruuOhhAzKBRPRRleXcdX2YI2I5xIcyP1FjMmXwBfx3DC58d/6klV7OmJZIyKIMzWNnINsWmUt7/AutbWH13T0XVA10HpyxNvDmKzsvAVvEDLObNGBYvViuZtlTDqZzoFkhIzm0W3D6HwDz/jvZIWNFMWC39wb9tR0t1MqzWMjlkallCspp7bnU/3b3WV6Gnf5OGbU88dIeW/xYt/3HXeUNIbi6loWURqmp0ddS1dP0jT0BW105RR9zTTak7DblUgoIMSTphdo7WlFYBg8V4KrMsZmXKCyBGNHPm8Ch3Qm1w0u3ay4fl3OHFOopgBjdotb/Lu5mgWr1rJggmFrN3vbD/vodNcVY5nahIxKlT05nSN1UFMvEpYYiazxrb9SVEDxMYr1HsDBMwmzAqgAyYTpo6VdMQwYoqd+o3HyKkLoqsOMm8f3IsF9pHwiSQkV1G9uaqLc0QmYhJiaKgoP3dkKb7SOo+QLDYswTpqatxoqDiyppMZoZALaJWHKPQ+xKhhdoqOthI57hpSTVDUQ7uLo9Gw43e8vP/CR0gEj7FnawUPz1/BxOp3OVytE5UxiTjnVvIr2/Z4vb4KZ9xwUhybcDa1/60hl2M1i5k8ayj5nxQTknUT46IL2HqifaoSKCQ/L5QFixcS6trPWzVt7bSq3eQ0reL6G3ZRu6mAZsKIzRhNZP0eitpnSJqmQctBPvlgIl9fuoKxx1/mkLNtNwuePEyxfR5pUQoV9T0f7s2J4UR66zj4/8poDAKYScweSfpgO+xroiGQQlyiiYYKDVtaJJEqNAKKWUXVfLS4gugoWAZFExMKNb3aHj11SuXmUSpqeYANdfTuJLNiQlXNqKrS9m+TGU0LtI3OULGPuBZH9Zcc7ep8lSmN9CHNFG6rlBPa/UynQNKrNvPZnkeZt+opZrjceCqLqWhsP2wHCvni3c3cdtcPeCzgxl1VR40/tOd2F0nzNtF0geeB2ltS8/nv+LO6nDkP/xuLHNBScZDP12w9/YiKz/nswLe49YkXuTWQw/pf/pYDzWXsWPMeUcu+wXezw9BdRex/73UOndohApQcOoR1RjbNH79JXcfqaeVsf+ttLHeu5LFn4rFobhpL97F57Z6z+qXjyXuf9fk/5NYl0zn5+jacOuDNZe+BJcwZn8DOTV2NBs6kEjnYQbDsJK5To7EA9aUtDB8TjmNPJcXb6xl53XCuCQbxO324g21jTL2xnhNFaQxbmEmaJ4i/0UPTeQaQF0oxK0xKM6E5g2yo601EKFjHfpNrszPbDzjfYMaYAI2bnuXQYReog0kYGYdr7wG8XTydOf06Mpu38W6ZfOTf3yhjxoyRg0wfUyJnsOzhdHa/9A5FFxXCfcscb+b5SQp/2uRnh6/nx18SJZLxD6widcevWHfE0/PjxVfKOZ+8R0WF8cgj2URFhcntq3T74btC2PD6XynyGqM/F3r72zeF01wVwm7fVVheZIApps/ZWqV2ul/0D6aEhISnO25ERYWxZMkUPvssl1tumUBDg5tbbpkgt+V2tzrLEwsAABYeSURBVLc/2lJH1MyJ1PVhfxobL/C6M2FInaZsd945hY0b82hsbDkVTmvX7pbbctvwt0X/IOeQhBCGIfWQhBCGIYEkhDAMCSQhhGF0DiRTBnMff5a5af00pwZaxcj+SCpG9mtXqXqDSvycJ7g3ai2/eT+vd18ivRT9uWJkSDRjl6YSawJ0nYDbQ11OGQVHPZf4uirYxw5nvL2CL3c2d75i/CpWjGxbXiIJM+4iLXMoVrMHT8FfOLxxHz4dqRjZz/XDcjIDoGKk7uHEumOcdCpY4hMYfUMqqbUFnOjFd+GM4fwVI8FC5LRHGBp3gIK//JGmViu2SBPaGasmFSP7ry4CSSV68oM8+tAk4pQa8j96lXVfluEH1O4qI5oymPsvD2PdtpXQa2YxKNIOx/7Ea1uSWHrvTKLskYSpj/JPWX4I5LPhhdfJuxJX/g+EipEAOuiahrfaRaMnDnu4AvU6ij2cIVOTSU6woPpaqdlfwrHj3rYCZ6qdjMWpmI/WYx4aQ7jdBJXl7M+3Mur6aEItIYQoaVw3WINgC0UflVBzRb4K0k3FSHMmiSN8lH/wEfXtwx//2dc8SsXIfuvcQFLjGBL7Ka//7A2akm5h5dcf5LoTP2drTWJbZcSS11j95mE8cdks+dpDTC39Jduq249SSjSjxll49/dPUeI2ExEXQWvtLl772bpTU7YXr/CUraNiZN7FVozM/w0v/LaYkKx7uP/uldQ8/xKHivdQYF5J1qAPKC/VTleM/LStYuS0874up3qFJXU+y1aOpXjNC11UjNx8noqRATzBAO6cSlxdVmlUsCREEG1rpaZRB8VKyvWpxNaVsu+LJvzhMYy6MZXBdYWUnGofQlyqSs5nR3B6FazhIfibGtn/QfWpKdvOs6dsverL5aFEDCZMq8Ob+ShTxg0jxF9B3e4/U5hTdsb7pr1iZEoyZsq5AoWQRR85N5B0NwXbt1Lr16B0E/tOzmf88Ci2q91VRqxrfwP7Kdq6gRK3Dvhx1dad8/S9IxUju6sYiRJK+uJxpAPoQVw5xVQ4dZToKBIiWjj5mYvWINBYT0VVIimDQihxdQx1dBqO1OD0tv3b29SLIdDVrBgZYsMUOprY0D9y+I1XCcbPZ8ziFQyu/A9OniqxIBUj+6suAqkFd0eJPr0Vd0uA0DA7pm4rI3a0bcblvBzHK6kY2S3dw4m/H6O4EcwREWTMTmWEs4C8VjMWs4OMhSPbwgpQzDo+p0pHzTYI4HUbeA8O+tD0Cqr3H6bVr0HFdqprZxOb7IA6V/uDpGJkf3VuIClh2MNUIAiKDXuYGc/JFrRuKyN20GmvsHUevT2zLBUje0cn4HJRVZHMmGQ7al4An6eRwr+X0W05qvNuIr33m+gK0ZtqaQ2e2UG9vb9ndkwqRvZX514eo9jJnDaTuBAFa0o2E1PLOFbgJFi1m5ymCVx/QyYOE2AKIzbzWjJie3PNko6npQVrQjLhvbrEqb1i5K9+zEtn/ffK2gO9qhg5dP4KJg4OxxziIG7k9WQlnV7w6YqRZ/ytIZdjNRlMnjUUm2oivL1iZMFZFSNHL17IcNd+8jtVjOz+dTldMTKXwbetYGzk6Z2rrWJkJmlRF5gECiiKgjk8nLgkM95mH1qjk2pPBGmjw7CogGrCnhRFdK8uuNIJeIOYImynyxT3llnl5nFm5sdeQJ61V4k8s2KkogC+Auoq4kgYNxKLScWcMJX4uBqcFU2n23ZUjDwiFSP7m07lR1CjyZg+Em+JzsSlDzNnciSl699g41EXmt5E2dFqYqYtZ/GSZWRnz2RYrI/y/Bxq3Hpb2xkT4fAmipznvk18jU3YJtzBokULmDo9Fdee/dR0c3jTgz583la8Z/3n8/c0sdFxFx+m3DKWWbetYP6COYxKClJ2eB+V7XMlvbkSV+RsblmxguzsdJp27abK66LiRBODZt/L4ttvY0q6j9y/vMWOUk/7m16jyZ/AjLkTadm+hq1F7fPBbl8XhZgxc8nw7mBvoQt/bSH1iYtZOMFD7oGStmAN1uOOmsvUqFwOnOjFt9ZNoSSMiWXQyESGjE9g8FA7VFZTcLAJXzBAU6WP0MxBjLgumfRRMUSH6zSXNdHiA5QQokdEQkkdDV18whl0BzEPSWLEpHgGjwjFW+TC3Yt5pGJRuWuSmYQGje3Onh8PCtZx32La0rtJTLBhSphC6rU3EeHeQXW1C3dFNbbRd5I5ezGDh9pw7VhD8UnXqfAxZyxgXtpR/rHxGB5JpH5Fvu1vAFIx8gJIxch+TQJJXLL0LAuP4OfZfF3O6YhLIoEkhDCMfvotWiHEV5EEkhDCMCSQhBCGIYEkhDAMCSQhhGFIIAkhDEMCSQhhGBJIQgjDkEASQhiGBJIQwjAkkIQQhiGBJIQwDAkkIYRhSCAJIQxDAkkIYRgSSEIIw5BAEkIYhgSSEMIwJJCEEIYhgSSEMAwJJCGEYUggCSEMQwJJCGEYFx9I5gnc8fTjTI250B+CH4DUZGat+iWLR5i7vFuJnMHy791LhrXTHxn/4FMsGhl6dfoohAEMwBGSSvycJ/neXaMwXa1F6k4KN33A4epgF3eGkDJ7PmEHPuW4t3Ob3M0FpM2ZRcwA3EpiYJK3+tWgu6k4sI0TjV38SLB1NJMnNpN7oJqz7w0U7+SYYyYTB8lmEgPDWXMIK6k3PsK8aZnEOcwEGgvZv+4tNubWo6FgS5/P7cvnMzTcS8XuQwTVntuZJ3+bVTeFUWMdRET5VvJN1zApxcX2157ji2L/+XtmGs68//Mo8SeOY05IIMwWpGzja6zbVUEAMCdOZ8Gy2xmdHIbmPMbev73BxrxGdMCUOINblt9GVmIo+FxUbn+TNZ8UEEy7lQfvnUmUPZIw9VH+KcsPgXw2vPA6eZ7u1h0wZTD3Xx7Gum0rodfMYlCkHY79iT/8aRetCV0vz49K3PXfYcXsFELDFXJf/QF/PxrovJqpY0l3F7Czq7AKlnCi2EH2yCQ2lpafE1hC9DedA0kxobbksWn1m5yo9WIfvZIH7llO1c9f5rBvONn3zEX54hc8v8NF0rzvc781QEEP7Y6iYPLs468vbWTOvy7HtuYZVid+h3vGp7GluLBtZz8fNZI4fQev/OYA3qjrufs79zPl+HPsqE9m2j13k5D/G174bTEhWfdw/90rqXn+JQ41WRhx8zKSC3/DCy8W4bPGk5qkoAHayb/x2s/WET/nCe6NWsuL7+dxahLV3bq726NAiWbUOAvv/v4pStxmIuIi8OnW8y4PNGo3/xe/2ZrMrO98n6hzVlDBkTSI0PrN1Hf5QgSpr64nJiUZM+V0E99C9Aud5wK6m+KdmyisaSGoB2jK30FhayLx0Qpq8lgybDns3VWJX3NTsm0LJYGe24GOv74Gl6eOxqYG6mo9OOsbsTkc9Hg6XG+h6EAOHh20xn3klaUyPDMcJXo0mQnH2buliFYtQFP+ZxxqHMnIoZa2ZhpYowcRG2GF1hpOnqimq7M3vV330/wUbd1AiVsH/Lhq6/Bf7PIAULCG2tB8XgJd3q/j83pRraGEyGcHYgA4a8oWQtykO5k7ezyJDjNgxhbuYbcJFJsDm9tFS8eedua/u2kHoGs6oKNpGpoGuq6jmHpxSln30OppH53orbS2aoTaw1BDHdgCTbi9Hfc10eJWsYXZACdHP1xN3Pz53LpqOZHBMnLWv85He6t6CInu16FtOc24nGePU7wXuTwAHa+nFdVixQxdPF7BYrWieVvxy3xNDACdAkmJmc2i24dQ+Ief8V5JC5opi4U/uBcF0N3NtFrDsHYcqS2hWE09tzufXh3wFQcOhwkIghJGmEOl1eNG8zTTak7DblUgoIMSTphdo7WlFQCtMYct7+awRQkhaty93LdkEcMOvkrn0zede9C7ddBBPzcZere8rug0V5XjmZpEjAoV50zbTMQkxNBQUX6eEZQQ/UvnKZvFhiVYR02NGw0VR9Z0MiPadkmt8hCF3ixGDbMDKpHjriHV1HO73lBis1n++DMsHBVy1h2hDJs2k7gQBWvqbCYMLuNYgQu9IZdjNRlMnjUUm2oiPOsmxkUXUHDCB4qNpFETSY4IQdE1gkENPeA7Y4Sh42lpwZqQTPiZa3+x69Dj8roXPHmYYnsmaVFdLMuURvqQZgqPVMoJbTEgdBoh6VWb+WzPo8xb9RQzXG48lcVUNLYftgOFfPHuZm676wc8FnDjrqqjxh/ac7veMNmJiI1Ht561U2p1FNdncOcTdxKr1JC/7lV21WhAGTvWvEfUsm/w3ewwdFcR+997nUMuHRQVe/ocFix7hAgr+J2F7H//DU6cmg/pNB/+hN2T7uPRHy0g6M3j41+/Ru5Fr0M3yzONZO6qhxgTasYaHoG64qcMCwQ4+eEv+Mu+prbm3lz2HljCnPEJ7NxU1Sl4zOnXkdm8jXfLLuC1FOIrTBkzZowxD76m4cz7Pw+gvfM0n57s3zukEjmDZQ+ns/uldyjynvoj4x9YReqOX7HuiKcvuyfEVdP1dxnEVaU7t/Her7ed/UcOvvEsB/umS0L0CbkEWAhhGMadsgkhBhwZIQkhDEMCSQhhGBJIQgjDkEASQhiGVIy8GqRipBC9MgBHSFIxUgijkrf61SAVI4XoFakYKRUjhTAMqRjZm3WXipFCXBVSMbIX636aVIwU4kqSipG9WPfT/ZGKkUJcSVIxshfrfppUjBTiSpKKkb1Y9+47LxUjhbhcpGKkVIwUwjCMW35EKkZKxUgx4EjFSAOQipFCtJFLgIUQhmHcKZsQYsCREZIQwjAkkIQQhiGBJIQwDAkkIYRhSCAJIQxDAkkIYRgSSEIIw5BAEkIYhgSSEMIwJJCEEIYhgSSEMAwJJCGEYUggCSEMQwJJCGEYEkhCCMOQQBJCGIYEkhDCMCSQhBCGIYEkhDAMCSQhhGFIIAkhDEMCSQhhGBcfSOYJ3PH040yN6eI36a84M8OWPcdj81K+MomqRM5g+ffuJcPa6Y+Mf/ApFo0M7bN+CWEkX5X9+SsuhJTZ8wk78CnHvWf8WXeSu7mAtDmziJEtIYQE0lVhHc3kic3kHqjm7F/lDBTv5JhjJhMHyaYQwtz5ppXUGx9h3rRM4hxmAo2F7F/3Fhtz69FQsKXP5/bl8xka7qVi9yGCas/tzJO/zaqbwqixDiKifCv5pmuYlOJi+2vP8UWx//w9U9O56Z8fxfw/P2bDiSCYsrjlB0tp+sO/s7nyzAcqWIcs4p6Voyh650U2F2vdrEMII5Y+w6JR7autWLHbS9jw8+fZ1dj9D/iaEmdwy/LbyEoMBZ+Lyu1vsuaTAvyAGjWO7CVLmZwRi8lTSs761/lobyXBjrapY0l3F7Czq2UESzhR7CB7ZBIbS8vPCSwhBpLOgaSYUFvy2LT6TU7UerGPXskD9yyn6ucvc9g3nOx75qJ88Que3+Eiad73ud8aoKCHdkdRMHn28deXNjLnX5djW/MMqxO/wz3j09hSXIh2Sd1XsKTOZ9nKsRSveYHNxR5Q7OdfB7efo//zQ44CYGHQvP/NstRdFLp6igErI25eRnLhb3jhxSJ81nhSk5S2vqvJTL3vETJLXmP1m4fxxGWz5GsPMbX0l2yr1gAFR9IgQus3U9/lygapr64nJiUZM+V0E9FC9Hud5wm6m+KdmyisaSGoB2jK30FhayLx0Qpq8lgybDns3VWJX3NTsm0LJYGe24GOv74Gl6eOxqYG6mo9OOsbsTkcXOrp8JDkOSx75EZcf3uRTcfdvehLBwVb5l3cfk01n/z5i/MERWe6BtboQcRGWKG1hpMnqgkCSuIUxiUcYevHB3EGNHyVW9hbGEfmiOj29VOwhtrQfF4CXT8zPq8X1RpKSF98PiCEgZw1ZQshbtKdzJ09nkSHGTBjC/ew2wSKzYHN7aKlYx5y5r+7aQegazqgo2kamga6rqOYTJfYdZXozBTqyyB9/AjCcvbSovfcFwAlYjILl2Zx/H9+QW6PoyMAL0c/XE3c/Pncumo5kcGy9mlZFYRH4rBkMfe7P+GGjp5ZdZqqbe23dLyeVlSLFTOcmsad0RssViuatxW/zNfEANcpkJSY2Sy6fQiFf/gZ75W0oJmyWPiDe1EA3d1MqzUMa8dR3BKK1dRzu/PpeTCgoekqakeQKBZCOg0hNGq3vMm7m6NZvGolCyYUsna/E3rqixrPpGXLidnzEm8WuHt+hTqW1pjDlndz2KKEEDXuXu5bsohhB1/lWJOLZtdONjz/DifOTRtAp7mqHM/UJGJUqDhnNGYiJiGGhory84yghBg4Ok/ZLDYswTpqatxoqDiyppMZ0bYra5WHKPRmMWqYHVCJHHcNqaae2/WGEpvN8sefYeGokNN/1OtpaLCTlBKLgoJ9xGTSbZ3baZoGLQf55INcBt+2grGRSg99CSHphke43vQxf/3Hid6fr1FsJI2aSHJECIquEQxq6AEffh20qt3kNE3g+hsycZgAUxixmdeSEXv6pQ2ePEyxPZO0qC5eE1Ma6UOaKTxSKSe0xYDXaYSkV23msz2PMm/VU8xwufFUFlPR2H5IDxTyxbubue2uH/BYwI27qo4af2jP7XrDZCciNh7desYOqzeT94+PGbviX/jWhGpqj5dS2dLVLqvjyXuf9fk/5NYl0zn5Rjd9UeMYPj4dR3wSD//41lPr9el//Tf7nN3FgYo9fQ4Llj1ChBX8zkL2v/9G+4ionO1vvY3lzpU89kw8Fs1NY+k+Nq/dc7q5N5e9B5YwZ3wCOzdVdQoec/p1ZDZv492ySzu9L0R/oIwZM0YOzFeBEjmDZQ+ns/uldyjynvoj4x9YReqOX7HuiKcvuyeEIUggCSEMw9zzQwYAdRCjb5pCfFcXS+stlO76jMIeLpwUQlw6GSEJIQxDvkAlhDAMCSQhhGFIIAkhDEMCSQhhGJ0DyZTB3MefZW6a0XNKKkYK0R9dpf1ZJX7Ok3zvrlFc6ldqv5qkYqQQvSG7wdUgFSOF6JUuLoxUiZ78II8+NIk4pYb8j15l3ZdlPVdGNGUw918exrptK6HXzGJQpB2O/YnXtiSx9N6ZRNkjCVMf5Z+y/BDIZ8MLr5PX3bclpGKkEAPOuYGkxjEk9lNe/9kbNCXdwsqvP8h1J37O1prEHiojAko0o8ZZePf3T1HiNhMRF0Fr7S5e+9k64uc8wb1Ra3nx/bwuagJdLKkYKUR/cu48QXdTsH0rtX4Nb+km9p1MZtjwKNQeKyMC+CnauoEStw74cdXWXdEdTCpGCtG/nDtC0ltwt7TvoXor7pYAoWF2TD1WRgT0ZlzOq3WMl4qRQvQ35waSEoY9TAWCoNiwh5nxnGxB67EyIoAOend71YUMAaRipBADzblTNsVO5rSZxIUoWFOymZhaxrECJ8FeVEY8Px1PSwvWhGTCu3i4VIyUipFCQFcjJK2W4rqh3PHEkrZP2T58lZ3VGr2qjHheOs2HP2H3pPt49EcLCHrz+PjXr5Hrad8FpWKkVIwUAik/ctVIxUgheiaBJIQwDKkYCVIxUgiDkBGSEMIw5AtUQgjDkEASQhiGBJIQwjAkkIQQhvH/Ae+B6I7LhkFoAAAAAElFTkSuQmCC</file>
    </questiontext>
    <generalfeedback format="html">
      <text></text>
    </generalfeedback>
    <defaultgrade>2.0000000</defaultgrade>
    <penalty>0.5000000</penalty>
    <hidden>0</hidden>
    <idnumber></idnumber>
    <single>true</single>
    <shuffleanswers>true</shuffleanswers>
    <answernumbering>abc</answernumbering>
    <showstandardinstruction>1</showstandardinstruction>
    <correctfeedback format="html">
      <text>Vaše odpověď je správná.</text>
    </correctfeedback>
    <partiallycorrectfeedback format="html">
      <text>Vaše odpověď je částečně správná.</text>
    </partiallycorrectfeedback>
    <incorrectfeedback format="html">
      <text>Vaše odpověď je chybná.</text>
    </incorrectfeedback>
    <shownumcorrect/>
    <answer fraction="100" format="html">
      <text><![CDATA[<p><br>Adam : 19<br>Bert : 16</p>]]></text>
      <feedback format="html">
        <text></text>
      </feedback>
    </answer>
    <answer fraction="0" format="html">
      <text><![CDATA[<p><br>Adam : 18<br>Bert : 17<br></p>]]></text>
      <feedback format="html">
        <text></text>
      </feedback>
    </answer>
    <answer fraction="0" format="html">
      <text><![CDATA[<p><br>Adam : 17<br>Bert : 18<br></p>]]></text>
      <feedback format="html">
        <text></text>
      </feedback>
    </answer>
    <answer fraction="0" format="html">
      <text><![CDATA[<p><br>Chybu<br></p>]]></text>
      <feedback format="html">
        <text></text>
      </feedback>
    </answer>
    <tags>
      <tag><text>funkce</text>
</tag>
      <tag><text>OOP</text>
</tag>
    </tags>
  </question>

<!-- question: 7755  -->
  <question type="numerical">
    <name>
      <text>Tvorba objektů</text>
    </name>
    <questiontext format="html">
      <text><![CDATA[<p>Kolik objektů je vytvořeno v tomto programu?</p><p><img src="@@PLUGINFILE@@/SPS_Moodle_Testy_OOP_vytvor_objekty.png" alt="" role="presentation" class="img-responsive atto_image_button_text-bottom" width="294" height="413"><br></p>]]></text>
<file name="SPS_Moodle_Testy_OOP_vytvor_objekty.png" path="/" encoding="base64">iVBORw0KGgoAAAANSUhEUgAAASYAAAGdCAYAAAC/yd5sAAAABHNCSVQICAgIfAhkiAAAABl0RVh0U29mdHdhcmUAZ25vbWUtc2NyZWVuc2hvdO8Dvz4AACAASURBVHic7N15fBRVvv//V1X1Rjp7SEgghCQQEkIIAZVNISiyKSMjCirj7ujM9f5GZ7nXuaN37sNt5jeL3uuoo6PDqKPguMFwr6MoOogSWRRCIJBFskISkhCSdKeT7k53V33/SCJhyUK2riTn+Y823VV1TqXq06dOV79bmj59uoYgCIKOyP5ugCAIwrkMvXmRZJK59woDyUaJULuXf9vro0GP46yAy/juAzcwyRJIYPV7PPvSTpoGtZ0GJq/9DUtsz7BhewXqYG5KEEaRXhUmrVXl5R2tGGKMPB8/yC3qDSmIuEXrWHrFTMYFajRX5/LFW69wsOZrtv7ma5T0H/BvC/zdSEEQ+qpXhUlfZCKu+CE3zW/gk9ce4WidRFhiBhGSv9slCMJAMaSmppKXl9f+UGJqosLNiTITDGBvUnkn28vXzu5XkjTFyPpJEjEmiVaXSlael801Gj7AEKhwe4bCJYESkk+jvNzL/3yj0trDc11SErl04QTKtr1ATmUzALX5X1Dbm86Om8+KtatJjbGi2orIfv+vfJbfiDz5Fu5f42bz01uoUgEspKx/ksurn+KVHdVIoTPIXHMjsxMjUJwVHN32Gh9lV+M7a+0S5knXcvP6aZS8+Ty7ytt2mhSxiBvuuhLHP37NRwWeXrRSEISzRkzhEw38f/Eab+1tZY8DQsJlJvRiJCK3qmze56PAAUHRBv4jw8DxHR72eiBjqkL8aS//lqXiNkhMCebbuZjunuuKFJLA+MCT5B9vubieyhOYd/NNRBU8x7MvlGNMuZnbblrPqadfJLf8AMcM60kZv5WqChXMyaRMqafw01o0OYZ5t95N0olX2fD6EZxjM1lzz53Mrfgdu7+thhKmictZuz6N8ree/bYoAaBYCY0ch2QRQzpB6K1On8pJZMTKVJb42OMADWisVznai/O/8LiPIw7wAg21KrleiQkBbc9pGowZIxFtAc2r8U29hpeen+uKZBmDGRdu98V1VApLJSmqlOysElyql6aCHeQ2JpOcYAJvCfn5JpLSYpEB4+TZJDTmUFCnIo27lBlRhXz58WFsXpXW6iyyi8eSNDWMjlJjjFnC2ruvxP7+8+wsPXuHabXb2PDz+3k3p9txoCAInZwZMUkQatKod2pc7AdZ4ycYWJcoM9Hc9thqhh3tZ21OgZeYZIV7FhqI0FT25nvZVNlWgLp7riua24kbC2Yz4Oh9G6UxgVi8TbS423unNdHcImOxWgAbFbm5mFZnELm9muC0adiPfMRpFeSgEAJNKVz9wBMsbl+XbNZoqm1bDmTCkmKpr4T49KlYj2bTrMdPLAVhGDlTmDRobJVIGiMh0UVx0kCVzr75SQpQuDNN4vC+Vp5rBJ8sc9tVZ1brc6r8I0flH8DYGAMPpSvMOOnloNr9c13RGss52XwtE+MC2Hu6+cIvUlU0ST6rnZrTgcsQR4BZAq8GUhDWABVXs6utneXZHDOvIzm2jJCpjRR+XoMGaE12HPav2P70m5T5zt2QAVCpy3qdt3eFserB9ayYWcyWHNtFF3dBEM6QAWRZBjRyKlRiExXmBYIEhITJpAacebHWonHaKjPFdObfJAXMPo2qZvABIVEyGeYzz08aJxNvaVufVwPNB+5ePNclXxEHvjxJwvJbyJgQhMEYyNjkhaREnylDWn0NtrFTiA3s9G8NeRSdSmT2FQlYZIWglKuYEXaMY2Xtl1jeYgryx5C6aiVT7DkUnGqrjmrNfo42zWTh4iQCFUCxEpF0GYkRZ9atqio0H+aTrXlMuO4W0kLOzCdJEZmse+gxVk4z9tQzQRDaKQkJCY82NDQA4GzSKJEVVs8wcstUhbkhUHRSpbL92kpr1ai3yNwxy8j1k2Uaj6uUO+G0SeGmNAPzY2SmG6DBJNF80sdRF0ycaOCuGUbWJhvIDIM9R3180X4J1t1zXdNoKT9ClSmNK667heUrljAt2kflkYNUt19DaY5q7CGLuOaWW8jMjKfp6/3UuO2cLGti/KLvsWr1dVwa30re399gb4WzfXSj0uSJYsHVGTTveYsvS9obojVR+U0t4fPWsWrNWjIzL2dyRCtVBUc51SIRPv1qEt17yS6246krpn7cKlbOdJJ36ARuQApKZf6SWWj5H5NXfd6QSxCEC5DEd+UEQdCbYfdduek3ZmAOtgBgDrbo+rEgCH2jREVFPervRlwMt91JQmbSt/89sbdUl49P5VX7e1cJwrA1LC/lzMEWpixLoWh7AW67S5eP3XaXv3eTIAxbw7IwCYIwsg27OSZBEEY+UZgEQdAdUZgEQdAd/RQmWea+5UaWB/T80g7xiUZ+u9zMn1aYWBc+eE0bSaSQBaz78fdINPf82m4piSyZso5bp97OfZOmYb3giwxEhl/NLcm3cU/y9cwLGIjDTSZyySP8+IZpKAOwtuHBwOS1T3HfstgLn7BSCOl3/JJrk8cMdcMGjX4K08UyyFyTBDuz3Pzwo1beqfdXQyQmX3spn94azsB96WQw1glgJHbRcqyHPqX0ItMZzuMr4Z9F7/C36hN0eT+7HEtGpJn80k38pfDv7G0ZiPBhjabCj/ksp1pEGXfQbOTtOkbckisIH75n9FmGbTcko0QoGtU9hNgJnZhTmZ3hIO9Q7ZB8yVhSrATgoNEzkCVEw1Wxn0PFDeKL0p14y7+iKPByMsYP21P6LOckWA4ta7jC92cqpJqh/IRK53xHZYzMd2cYyIyQMHpU9uV72Vip4ZUkrplnZIkVQowSd18l06pp7DrgYWvj4LTTFBPDI3cksGS8Aam1lYLPC/jX9xvxJCTw2r0xTLCaiJBT+SBNBW8DT/06n+0tCrNWpPLQolASgiXc9Ta2bi7k2UOuthGGEszPHk3FuvMkofNimB5qQCs8xu07Anj6+12ts3/9UCamEd9yjK8azz6lFXMSC8fPIsFsQlKd1DVk8eGpGryAbIzl0ujLmGYNQvHVU1y7iyybretREoAURkbc1aSZTAQoCounrMOrNVNQuY39zr4XKUPqrfzg+jRMlmDIeY5nN+fjA0yz7+fBq6ycMo8nuOpLCpRLmBVrZ8+rT/FFuQe5qwRSOZ6rfnof4QWHUeKSiIowc2rny7y36zheuk487WtBVAYxKRXfCcrKA8lMjuaziqqz2jgcU1T9l/kty6zOUJBLPPyoXGNSsomHDBqHASSJZbMNzGz08vh+FYdV4V/mGlhm8/ChQ+PDPa1sC1D4xUKJbTu6j0npP4XMVVNI/eYQK35rp8Uyhlnj25I2faWl3PZwGZOvvYSXwkq4dmP9meIqSSiOep57toD9NT5C06fyyp1TKPzPI3zYkdYimVk6S+aBP+zjoENiXJQJe21N1+vsF4nA6PGMqd9F/Vn7y8ikyMuIbP6UTaW1eOQgoi1S+4EdSvqERUxy7WJLYQUuUwpL4xaS7vqAg+5uTk+tgZzydzlknM7qhAhyir6gbACGN968jfwxTyZyyS/4XujZfVOcB/nfFz9jyc/XYXnrMTaM+xE3p8eRdaKFuV0lkNYBUhgx5lw2vPgWrdGruPuHK5n69UvktXaTeNrHn97xDWZSKj7qa+sJj43BQNXZx8wwTFH127hPCZZJM6h8dkKjVYOiMh9F7SeMHCSzIEjjg29U6lRwNfn4rE5iZqSEP3atqkFQeCCTQhRwOjlQ7Ow+lxxA87I/q5Ld1R5aNZXaI9V86Qpg8lm/mqCyd8dxDjo0QKWm1sXg3S8uYR5jQW11nxfEp2lgMoYSYjCA2sTJFjs+QLIkkGSu5mDtCZo0DY/7G442BxFntfrl79A1DU/9KezO0zQ2NXC6zomtvhFLYCByjwmkTZQcLsSpga+2lGpfBGHBcveJp301iEmpoNHqdiObx2A8548zHFNU/TZikowQ4AF7ezHSWjVs7W9EslkiWJFYd4WJ69tfryjQ6GjLbhrauQUfO7ccJXF1HE88MoUYn4MP/17Ab/a19DCSkUmck8hPl45lapAMyAQHe3m780dJmofqxqGawtVwO13IJjMG6HR54KG89nPCImdwZeIcArUGimqzyLLZQBlDgBzDvMQbuKyjV5JGc6v+sqU0VQM0VFVFVUHTNCRF6SGBFNBa8Xg6jigfPp+MLINk6i7xtK+fHHgHMSlVwmQ2o7pdeEbA5JvfCpPWCi0KBLRXGkmR2v4f0Nxgd6m8+bmXfB189OKrr+fPr9bzZ0lmwuxkXv5ePJdn57GzozJd4ECQx07gv24O5stnD/BgmQefEsYjv0o+Z6ShoXV1EA34waXhqKnCOTeacBlOdtqvqqeS7KpKslEICl7Ad6JnEmf/guM+Jy3eEnYX76Gyy3ZqaJJ/RrI9keghgVSO73LZnhJP+2rwklIVwqPCaThZ1WNu/nDQKcFyaPmaVI74ZC6JaDuAImJkpsgdz/nY65a5brJMiAySDDFjZaZf+GaZwSUpTEsfS2qIjKxpeLwamseH69sjQsPm8GKNsRLVeTeaFAK8LoprPPiQGDsjmkUhvd1oF+vsJ9/xI5QHJBEX2rmMGBkbGEekQUFCQ9VUNM2LF1DdZRR545gdMa7tTUMyE2pNJNZ0ZnnNY8dhGke04SJLk0Fm6QwDy9v//oOlNwmkF9Jj4mlf+zBISakoccRPclBcWH3ee9pwTFE1tLS0tHV4qKkqW3N8fH+GiceTNZocUNXxTqFpfHTAiyXNwOPLJCxo1DWqvJ/rj+GTROjkifzi9lTGWcDdYGPLpgK+6vS2dPrgcd6em8JbT8XhcTXw2yfz+PhkFX/Yk8pDj8zhbpuHxsom8i7id9UvuM5+fiqHO4/sQ2tYkh7FVztr2g9gCUvAdK4Yv4hAWcLrqaHgZFb7CKmBQxW7MUbPZ21yEEatFbuznOzq0m9Xqbry2WdbwuIpt7FYqyKr6FMKehHUKRkkZsUpqDYf208P4rWHWsWeNzZhun499z0WiUltobHiILu2HOhhuUr2vvUOoWt/wAOZVjR7CTnvvEau/Uxb+9YHLydyczEvyMTx8euc7jike91ODWf+ZrYVPMx31szn+Gu7sWlgiJ9DkmM3b1de4BxRAgiOiEQz63Fce2EiXWCUkUIWsPauePa/+CYl/b3Jsh8MkQaeniXxt50e9l7UnKzMuGWPcJP1XZ7/e4Ffb7Lsex8GmBRC+u0PMnHv7/mgcGTc2Dcy7sYSek2z7eadZ/xblABiI2Rsx73sv4gT2hxsYfraK0iYHI6trg6TnxJK+9OHQaHZOPzXx0dMUYLRMmKSrSxfGcXkC365SkIxg+9C9+VoHnK+rGR3vQ520UjoQz8Ex2Vwzb33kmjU8LQc5oNN7yDNiufE3lImzksY0v/aK2z+3h0j3ugoTMKwN/3GDN0klAqDz++FKTAwEIfjIn5SVxCEEU/MMQmCoDuiMAmCoDuiMAmCoDuiMPVkUJMaR3oa40jvnzBY/Bd7Mlz4SvhnUQlK8JXcGdbFazolNea0Xswtf+1pjOaRmsY40vsnDBZRmAZA35Ma29MYB6VVejDS+ycMllFVmPSU1Djc0xh7MtL7JwyuUTTH1JHUuJNNBRt5tWg7Xzc7z05q9OxnS+EbvHG8GGvUQtJ7+tJje1LjprIcar1l7Cx6h41FH/QqPtabt5E//uphNu6sPOfkaU9jfGYTVQlzsOx+kg2fa8xIj0OWY9rSGE9vZsOjD/DMX/YRtPJO5nZEELSnMf7fi0/wwoa9BF29kqkWQG5PYzz2Z5795U946R+nSblpPWlBg/elzpHeP2FwjaoR05mkxnrqvE2cbP+2/rdJjcdP0KQB7m842pxBhtVKjtsxxO+6HWmMdhqbGnDWObEZG7FEByKPS21LOdxwGJsXqM4iu/ha5k8NY08ddE5jpLaUal96Wxqjrz2NcUMJLlXDVbCD3Mafk5xgIvdwV1+ak4lY9BPuuDr2vIlrb+EmXti0v49xaXrpn6Bno6gwDZ+kRn2kMao07HuZPx8ynJc1pHma+5zhqJ/+CXo2igrT8E5qHPo0RpmweT/krqUTzx8xFbzB8xu/HtBTXo9pk4L/jKLCZGRsYAySq5I6b0dSo9YpqXEZsyNKaDhdQwtmQgMmEOgppaK1rVKdSWrMp8jb+4s7KSKTtfdcRdP7T7Itv3+/d9KWcvggCxd/Td3OYziwEpGYSkj9AUoaul6uLY1xFbOvSKDgk3KM7WmMX5Z1l9eh0rD3T7yUM/Ajpi63OKT9E/RsFBUm/yQ1Dmh64CCmMV5wMXcTTUN5JTTE/RP0S6QL+JV+0hgHx0jvnzBYRtHtAvrxbSJiaAxz5kbR5GhCY+gSGDs/HlRKOBPj29ImxdhFuBhKVFTUo/5sgMlkorV1dM0FpFy3lDnffZA1SzMJrvuCfNVFfaOThMwkTuwtJSEzCbd9aB6fyqse+A4qU1j6749y07WLGW//Jx9ty6FxJPymkDBkxKWcH/g7gVEkMgp6JwqTIAi6I+aYBEHQHVGYBEHQHVGYBEHQHVGYejKoCZYXy8DktU9x37JYnf/hhks7Bb0aRXd+99GgJlgKgnAhckBAgL/bMOz1PcFSEIQLMcTHx1NQUICqjvyTSi8JlsrkW7h/jZvNT2+hSgWwkLL+SS6vfopXdlQjdZXiePbGMU+6lpvXT6PkzefZVT7wv1s/XNopjDwGYFQUpTMJlp+yqbQWjxxEtEU6O8HStYsthRW4TCksjVtIuusDDrq7uc2rPcHykHE6qxMiyCn6grJe3BXmKz/AMcN6UsZvpapCBXMyKVPqKfy0Fk2OYd6td5N04lU2vH4E59hM1txzJ3Mrfsfu2o41SJgmLmft+jTK33p20E724dJOYeQZVXNMukmw9JaQn29iRVosOyuOo0yeTUJjDll1KtK4S7tOcay1AWCMWcLa+dOwb36CnaUtPWysH0mUQ9pOQThjFBUmPSVYeqnIzcW0OoPI7dUEp03DfuQjTqv0kOJoA2TCkmKpr4T49KlYj2bT3G3l7E8S5VC2UxDOGEWFSV8Jlr7ybI6Z15EcW0bI1EYKP69Bo4cURwyASl3W67y9K4xVD65nxcxituTYuhnV9S+JcujaKQhnjKLCpLMES28xBfljWLFqJWPsObxxqm2er9sUx9Nti6qqCs2H+WRrBvfeeAtppS+Ra+uqTf1MohyydgrCGaOoMOktwdLLidxczAsycXz8Oqc7Pn/odYqjhjN/M9sKHuY7a+Zz/LXddHXO9y+JcujaKQgdRLqAIAi6I74xIAiC7ojCJAiC7ojCJAiC7vi9MIn5JUEQzuX3wiQIgnAuUZgEQdAdUZgEQdAdUZgEQdAdUZgEQdAdUZgEQdAdUZgEQdAdUZgEQdAdUZgEQdAdUZgEQdAdUZgEQdAdUZgEQdAdUZgEQdAdUZgEQdAdUZgEQdAdUZgEQdAdUZgEQdAdUZgEQdAdUZgEQdAdUZgEQdAdUZgEQdAd/RQmWea+5UaWB/R+kfhEI79dbuZPK0ysCx+8pgGgRXFlyX9wvUMZmuX6QQpZwLoff49Ecz9XpCSyZMo6bp16O/dNmob1gi8yEBl+Nbck38Y9ydczL6C3h5RM5JJH+PEN0xi6PeNvBiavfYr7lsVe+MSTQki/45dcmzxmqBumOwZ/N6DPDDLXJMHOLDfbmodge1IT34z9BLNZHaDlZKJO/Qt3ez/m9zFF+AasoUZiFy3HeugFSt39XJWvhH8WlaAEX8mdYV28Ro4lI9JMfukmclovZt9oNBV+zGfmai5yj45cmo28Xce4fMUVhB/7hPpRvGP0M2K6SJJRIhSNaudQbdFJZfABSozaEC3XR+ZUZmc4yDtUy1BsUVKsBOCg0XOxZ5GGq2I/h4obhqSdw4W3/CuKAi8nY/ywPTUHhCE1NZW8vDy/bNwarvD9mQqpZig/oeLp9JwyRua7MwxkRkgYPSr78r1srNTwShLXzDOyxAohRom7r5Jp1TR2HfCwtXEwWikTefoO7jgdTYBXIjfut/w9sH18o8WyvPhmxgYVoLQkEOUxURvxN/4WUYWnm+Vk5xLuq7iEMF8QgdpN/KzJA1IJHya+x5F+XtcoE9OIbznGV41nn+6KOYmF42eRYDYhqU7qGrL48FQNXkA2xnJp9GVMswah+Ooprt1Fls3W/ShOCiMj7mrSTCYCFIXFU9bh1ZopqNzGfmf3RcqQeis/uD4NkyUYcp7j2c35+ADT7Pt58Corp8zjCa76kgLlEmbF2tnz6lN8Ue5BDp1B5pobmZ0YgeKs4Oi21/gouxqfHM9VP72P8ILDKHFJREWYObXzZd7bdRwvYBg3nxVrV5MaY0W1FZH9/l/5LL+xzwVRmXwL969xs/npLVSpABZS1j/J5dVP8cqOaqSu2nn2DsQ86VpuXj+NkjefZ1d5+zus7wRl5YFkJkfzWUXVWW2UIhZxw11X4vjHr/mowMNI5r+yLMuszlCQSz386ONW3vXJTO24sJQkls02MLPZy+Mfu/nJPpWwaQaWBQKaxod7Wvm33T5KPD5e2dHKz/45WEUJQOVUxKs8lfQXdlkudMKFEOP7hvcSnuN/4g4SfCqTFLX75dQx/+RPSU/xl4hqmkLf5umpv+N3Sf0vSiARGD2eMfXV51wGGJkUeRmRzTvZVLCRV4u283Wzs/2gDyV9wiImefazpfAN3jhejDVqIelmqftNaQ3klL/LprIcar1l7Cx6h41FH/RYlAC8eRv5468eZuPOynOKg4TiPMj/PrOJqoQ5WHY/yYbPNWakxyHLMcy99W6STm9mw6MP8Mxf9hG08k7mRrUfwlIYMeZc/u/FJ3hhw16Crl7JVAsgT2DezTcRdezPPPvLn/DSP06TctN60oJ66F83fOUHOGZIJ6VjVGNOJmVKPYVHatF6amd7P00Tl7NufRrlb/3xTFFqWzv1tfWEj485f55FsRIaOY4gS9/bPlz4rTApwTJpBpXPTmi0alBU5qOo/ZiWg2QWBGl88I1KnQquJh+f1UnMjJTQ35+kmaKQYloAn7mCKimMCI+/dquEeYwFtdWN95xnNA1MxlBCDAZQmzjZYscHSJYEkszVHKw9QZOm4XF/w9HmIOKsVj/saw1P/SnsztM0NjVwus6Jrb4RS2Ag8rhLmRFVyJcfH8bmVWmtziK7eCxJU8Pa29lEyeFCnBr4akup9kUQFiwjhaWSFFVKdlYJLtVLU8EOchuTSU4w9b2Z3hLy800kpbVNYhsnzyahMYeCOhWpx3aCMWYJa+++Evv7z7OztOW8fdDqdiObx2A85w+g1W5jw8/v592c1r63fZjw2+S3ZIQAD9jbi5HWqmFrf/uUzRLBisS6K0xc3/56RYFGB0igszkJD55vDyAfPkn24zBUw+10IZvMGKDTpYOH8trPCYucwZWJcwjUGiiqzSLLZgNlDAFyDPMSb+Cy9lfLkkZzq9E/PVA1QENVVVQVNE1DUhTkoBACTSlc/cATLO5op1mjqdbSvmArHk/HkeHD55ORZZBMgVi8TbS425/TmmhukbFYLUBfPx3wUpGbi2l1BpHbqwlOm4b9yEecVumhnTZAJiwplvpKiE+fivVoNs1nHdASJrMZ1e3Co68DfUj5rTBprdCiQEB7pZEUqe3/Ac0NdpfKm597yR/pn0xoAzku0XDUVOGcG024DCc77TvVU0l2VSXZKAQFL+A70TOJs3/BcZ+TFm8Ju4v3UNnViaBpaJL/RqsSoDXZcdi/YvvTb1J27uSXHN/lsprTgcsQR4BZAq8GUhDWABVXs6tfbfKVZ3PMvI7k2DJCpjZS+HkNWk/txACo1GW9ztu7wlj14HpWzCxmS46t05utQnhUOA0nq84b9Y4mMoAsD/17vK9J5YhP5pKItgMvIkZmitzxnI+9bpnrJsuEyCDJEDNWZvqFb6QZpjScBifm1iiCB/Cd0Xf8COUBScSFdi4jRsYGxhFpUJDQUDUVTfPiBVR3GUXeOGZHjGt7Y5DMhFoTiTWdWV7z2HGYxhFtuMjSZJBZOsPA8va/cX+oNfs52jSThYuTCFQAxUpE0mUkRnR/7GoNeRSdSmT2FQlYZIWglKuYEXaMY2WdLof60k5vMQX5Y0hdtZIp9hwKTqm9bqeqqtB8mE+25jHhultIC+m0VSWO+EkOigurz7sykCIyWffQY6yc5p/R7FAytLS0tO2ooaaqbM3x8f0ZJh5P1mhyQFXHO4ym8dEBL5Y0A48vk7CgUdeo8n6uH9qpJbKy5EZm+BQs3kDkyp+RJPkoH/cn3gnu43IhzWhoOIJ2sdd2Pf/6zSJ8chEfJL7HYaWfVcqdR/ahNSxJj+KrnTXtB7eEJWA6V4xfRKAs4fXUUHAyq32E1MChit0Yo+ezNjkIo9aK3VlOdnXpt6tUXfnssy1h8ZTbWKxVkVX0KQW9uPFKMkjMilNQbT62n+5nv9Qq9ryxCdP167nvsUhMaguNFQfZteVAD8tVsvetdwhd+wMeyLSi2UvIeec1cu1n2tO3dno5kZuLeUEmjo9f53THodnrdmo48zezreBhvrNmPsdf241NA0P8HJIcu3m78gLHuhJAcEQkWk8fTIwA0vTp00fxlezIJIUsYO1d8ex/8U1K+nuTZT8YIg08PUvibzs97D1vvlZm3LJHuMn6Ls//vcCvN1l2384hJIWQfvuDTNz7ez4oHLIb9HRpdN/FNUJptt2884z/ilJoaNs1d8p4A4awmRwLsH7779NvzMAcbAElnITJ4XgnRGEKbpvANgdbzjw/BI87xEbI2I572e/vD7s0G4f/+vioL0owWkZMWhQz6tIZd6GeSgqy6kO90OhYaqE8dA/Hhuqu7eHSzh7cfXcmO3bkcdVVqef9971PbVxz770kGjU8LYf5YNM7SLPiObG3lInzEob0v/YKm793ldCF0VGYhCEVGmplzZpL2bJlP42Nzec9NgdbmLIshaLtBbjtLr89Pvpejr93ldAFvxemwMBAHA6HP5sgCILOiDkmQRB0RxQmDwHE7wAAIABJREFUQRB0RxQmQRB0RxSmnogUx34Y6f0TBsvwTbAcKiLFsR9Gev+EwSIK0wDod4rjoLRKD0Z6/4TBMqoKk0hxHLgUx56M9P4Jg2sUzTGJFMeBTHEc7f0TBteoGjGdSXGsp87bxMn28MBvUxyPn6BJA9zfcLQ5gwyrlRy3Y4jfdTtSHO00NjXgrHNiMzZiiQ5EHpfalo644TA2L1CdRXbxtcyfGsaeOuic4khtKdW+9LYUR197iuOGElyqhqtgB7mNPyc5wUTu4a6+UCcTsegn3HF17HkT197CTbywaX8fY9b00j9Bz0ZRYRIpjheX4qjSsO9l/nzIcF5GkeZp7nP2o376J+jZKCpMIsXx4lIcZcLm/ZC7lk48f8RU8AbPb/x6QE95PaZUCv4zigqTkbGBMUiuSuq8HSmOWqcUx2XMjiih4XQNLZgJDZhAoKeUita2SnUmxTGfIm/vL+6kiEzW3nMVTe8/ybb8/v3kTls64oMsXPw1dTuP4cBKRGIqIfUHKGnoerm2FMdVzL4igYJPyjG2pzh+WdZdzodKw94/8VLOwI+YutzikPZP0LNRVJj8k+I4oKmDg5jieMHF3E00DeWV0BD3T9AvkS7gV/pJcRwcI71/wmAZRbcL6Me3iYqhMcyZG0WTowmNoU9wPDfJccAp4UyMD8dWVyfuJxIuihIVFfWoPxtgMplobR1dcwEp1y1lzncfZM3STILrviBfdVHf6CQhM4kTe0tJyEzCbR+ax6fyqge+g8oUlv77o9x07WLG2//JR9tyaBzNv0UkXDRxKecHeklw7HgsCHojCpMgCLoj5pgEQdAdUZgEQdAdUZgEQdAdUZh6MqgJlhfLwOS1T3Hfslid/+GGSzsFvRpFd3730aAmWAqCcCFyQECAv9sw7PU9wVIQhAsxxMfHU1BQgKqO/JNKLwmWyuRbuH+Nm81Pb6FKBbCQsv5JLq9+ild2VCN1leJ49sYxT7qWm9dPo+TN59lVPvC/dz9c2imMPAZgVBSlMwmWn7KptBaPHES0RTo7wdK1iy2FFbhMKSyNW0i66wMOuru5zas9wfKQcTqrEyLIKfqCsl7cFeYrP8Axw3pSxm+lqkIFczIpU+op/LQWTY5h3q13k3TiVTa8fgTn2EzW3HMncyt+x+7ajjVImCYuZ+36NMrfenbQTvbh0k5h5BlVc0y6SbD0lpCfb2JFWiw7K46jTJ5NQmMOWXUq0rhLu05xrLUBYIxZwtr507BvfoKdpS09bKwfSZRD2k5BOGMUFSY9JVh6qcjNxbQ6g8jt1QSnTcN+5CNOq/SQ4mgDZMKSYqmvhPj0qViPZtPcbeXsTxLlULZTEM4YRYVJXwmWvvJsjpnXkRxbRsjURgo/r0GjhxRHDIBKXdbrvL0rjFUPrmfFzGK25Ni6GdX1L4ly6NopCGeMosKkswRLbzEF+WNYsWolY+w5vHGqbZ6v2xTH022LqqoKzYf5ZGsG9954C2mlL5Fr66pN/UyiHLJ2CsIZo6gw6S3B0suJ3FzMCzJxfPw6pzs+f+h1iqOGM38z2woe5jtr5nP8td10dc73L4ly6NopCB1EuoAgCLojvjEgCILuiMIkCILuiMIkCILu+L0wifklQRDO5ffCJAiCcC5RmARB0B1RmARB0B1RmARB0B1RmARB0B1RmARB0B1RmARB0B1RmARB0B1RmARB0B1RmARB0B1RmARB0B1RmARB0B1RmARB0B1RmARB0B1RmARB0B1RmARB0B1RmARB0B1RmARB0B1RmARB0B1RmARB0B1RmARB0B39FCZZ5r7lRpYH9H6R+EQjv11u5k8rTKwLH7ymjRZSyALW/fh7JJr7uSIlkSVT1nHr1Nu5b9I0rBd8kYHI8Ku5Jfk27km+nnkBA3EoykQueYQf3zANZQDWNjwYmLz2Ke5bFnvhk1kKIf2OX3Jt8pihbli/GPzdgD4zyFyTBDuz3Gxr9ndjBprE5Gsv4aWwElZurMczJNs0ErtoOdZDL1Dq7ueqfCX8s6gEJfhK7gzr4jVyLBmRZvJLN5HTqvZzgx00mgo/5jNzNQO1xmFPs5G36xiXr7iC8GOfUD9Mdox+RkwXSTJKhKJR7fR3S0YIcyqzMxzkHapFG4LNSYqVABw0egbyTNFwVeznUHHDkPRhuPCWf0VR4OVkjB8+p7shNTWVvLw8v2zcGq7w/ZkKqWYoP6GeNTJQxsh8d4aBzAgJo0dlX76XjZUaXknimnlGllghxChx91UyrZrGrgMetjYOUkMlI7OvTuJnSyKYEgANlTX895+Psb1eAyWYnz2ainXnSULnxTA91IBWeIzv/aWGxrAI7v/eFG5MsmByOti2JZ/f7GuhFYVZK1J5aFEoCcES7nobWzcX8uwhFyQk8Nq9MUywmoiQU/kgTQVvA0/9Op/tLaCEd7XO/lEmphHfcoyvGs8+pRVzEgvHzyLBbEJSndQ1ZPHhqRq8gGyM5dLoy5hmDULx1VNcu4ssmw1ft/syjIy4q0kzmQhQFBZPWYdXa6agchv7nX0vUobUW/nB9WmYLMGQ8xzPbs7HB5hm38+DV1k5ZR5PcNWXFCiXMCvWzp5Xn+KLcg9y6Awy19zI7MQIFGcFR7e9xkfZ1fjkeK766X2EFxxGiUsiKsLMqZ0v896u43gBw7j5rFi7mtQYK6qtiOz3/8pn+Y19LojK5Fu4f42bzU9voUoFsJCy/kkur36KV3ZUI3XVzrN3LuZJ13Lz+mmUvPk8u8rb37V9JygrDyQzOZrPKqrOaqMUsYgb7roSxz9+zUcFQzM27w3/XcrJMqszFOQSDz8q15iUbOIhg8ZhAEli2WwDMxu9PL5fxWFV+Je5BpbZPHzo0PhwTyvbAhR+sVBi2w4vBwd1eCoxbv40/ifTy+//sIcPT6qMnTKWyZ3ffCQzS2fJPPCHfRx0SIyLMtEsWbntvlQWleVxy5/qaYycwO8fnMat5dm8UiOhOOp57tkC9tf4CE2fyit3TqHwP4/wYWkptz1c9u2l3LWdL+XkbtZZ3Z8xgkRg9HjG1O86Z6hvZFLkZUQ2f8qm0lo8chDRFqn9wA4lfcIiJrl2saWwApcphaVxC0l3fcBBdzdt0RrIKX+XQ8bprE6IIKfoC8oGYHjjzdvIH/NkIpf8gu+Fnt03xXmQ/33xM5b8fB2Wtx5jw7gfcXN6HFknWph7690knXiVDa8fwTk2kzX33Mncit+xuw6Qwogx57LhxbdojV7F3T9cydSvXyKvdQLzbr6JqILnePaFcowpN3PbTes59fSL5Db1rTO+8gMcM6wnZfxWqipUMCeTMqWewk9r0eQY5nXVztoz/TRNXM7a9WmUv/XsmaLUtnbqa+sJj43BQNXZUwOKldDIcUgWqU/tHix+G9spwTJpBpXPTmi0alBU5qOo/aSQg2QWBGl88I1KnQquJh+f1UnMjJQY8t0nmVg8L4yiT4v58KQXFZXaolr21HU+AFX27jjOQYcGqNTUumgdH8Wq6Ab+8r+nqfJotFRV8U7BGBZNNyNrXvZnVbK72kOrplJ7pJovXQFMjui+d3J36+xfJzGPsaC2uvGe84ymgckYSojBAGoTJ1vs+ADJkkCSuZqDtSdo0jQ87m842hxEnNU69H+jbml46k9hd56msamB03VObPWNWAIDkcddyoyoQr78+DA2r0prdRbZxWNJmhrW3ocmSg4X4tTAV1tKtS+CsGAZKSyVpKhSsrNKcKlemgp2kNuYTHKCqe/N9JaQn28iKa1tEts4eTYJjTkU1KlIPbYTjDFLWHv3ldjff56dpS3n7YNWtxvZPAbjOX8crXYbG35+P+/m9HfMPbD8NmKSjBDgAXt7MdJaNWzt57pslghWJNZdYeL69tcrCjQ6QIKhnT+QjEQGq1TXe7qeUNU8VDee/awSbCLCFMZPH57Hv7b/m8GscapaAWQS5yTy06VjmRokAzLBwV7e7uGjpO7X2R8abqcL2WTGAJ0uDzyU135OWOQMrkycQ6DWQFFtFlk2GyhjCJBjmJd4A5e1v1qWNJpbjf1sy8DTVA3QUFUVVQVN05AUBTkohEBTClc/8ASL218rmzWaai3tC7bi8XQcbT58PhlZBskUiMXbREvHyFBrorlFxmK1AH395MBLRW4uptUZRG6vJjhtGvYjH3FapYd22gCZsKRY6ishPn0q1qPZNJ91kkiYzGZUtwvPMJl881th0lqhRYGA9kojKVLb/wOaG+wulTc/95Lv708RNA+n7DKzwo3IuLsoThraOX9w1d7KaVsNv3vsG746Zxgij53If90czJfPHuDBMg8+JYxHfpV89kjjAgdQd+vsHw1HTRXOudGEy3CyUydVTyXZVZVkoxAUvIDvRM8kzv4Fx31OWrwl7C7eQ2VXB7umoUl+GOX2ggRoTXYc9q/Y/vSblJ07MSbHd7ms5nTgMsQRYJbAq4EUhDVAxdXs6lebfOXZHDOvIzm2jJCpjRR+XoPWUzsxACp1Wa/z9q4wVj24nhUzi9mSY+t0CCmER4XTcLLqvBGxXskAsjz0V3S+JpUjPplLItoOkogYmSlyx3M+9rplrpssEyKDJEPMWJnpF74hZnBprXy+r4GkqydzTbSCjExEYiTzxnZ/uvmqatlmG8t9y0MZawDJYCR+2jjmR0pgUgjwuiiu8eBDYuyMaBaFnLVRbA4v1hgrUXIv19lPvuNHKA9IIi6087qMjA2MI9KgIKGhaiqa5sULqO4yirxxzI4Y1/aGIpkJtSYSazqzvOax4zCNI9pwke0zyCydYWB5+7ExWNSa/RxtmsnCxUkEKoBiJSLpMhIjuj8ftIY8ik4lMvuKBCyyQlDKVcwIO8axsk6XQ33pg7eYgvwxpK5ayRR7DgWn1F63U1VVaD7MJ1vzmHDdLaSFdNqqEkf8JAfFhdXnvd9JEZmse+gxVk7T10jX0NLS0tapoaaqbM3x8f0ZJh5P1mhyQFXHu4Gm8dEBL5Y0A48vk7CgUdeo8n6uP4ZPGtW78/lp4FR+9pPL+eUYjYbKWv5nQ133i6nN/PXlbwhYP5V3/3sMAaqXqrJTvPxmLerJKv6wJ5WHHpnD3TYPjZVN5DWcfcicPnict+em8NZTcXhcDfz2yTw+bul6nf3mziP70BqWpEfx1c6a9gNYwhIwnSvGLyJQlvB6aig4mdU+QmrgUMVujNHzWZschFFrxe4sJ7u69MwucOWzz7aExVNuY7FWRVbRpxR0+5FdG8kgMStOQbX52H56EK891Cr2vLEJ0/Xrue+xSExqC40VB9m15UAPy1Wy9613CF37Ax7ItKLZS8h55zVy7Wfa2rc+eDmRm4t5QSaOj1/ndMfh3ut2ajjzN7Ot4GG+s2Y+x1/bjU0DQ/wckhy7ebvyAuePEkBwRCSaWV/jWmn69OnD5KpTGGxSyALW3hXP/hffpKS/N1n2gyHSwNOzJP6208Pei5qTlRm37BFusr7L838v8OtNln3vwwCTQki//UEm7v09HxQOn5v+hs8dV8Kg02y7eecZ/xYlgNgIGdtxL/t7eUKbg9smq82hMcyZG0WTowmt/d+n35hx5vkheNzXPgwazcbhvz4+rIoSjJYRk2xl+cooJl/wwysJxQy+C917o3nI+bKS3fU630UjvX89mL52JfFJ15ARquCs3El2zTdkZ5UycV4CJ/YO7X+Pvpfj790xIoyOwiSMaOZgC1OWpVC0vQC33eX3x0L/+b0wBQYG4nA4/NkEQRB0RswxCYKgO6IwCYKgO6IwCYKgO6Iw9WRQ0xhHeuLiSO+fMFiGb4LlUBnUNMaRnrg40vsnDBZRmAZA39MY2xMXB6VVejDS+ycMllFVmPSUxjjcExd7MtL7JwyuUTTH1JHGuJNNBRt5tWg7Xzc7z05j9OxnS+EbvHG8GGvUQtJ7+mJjexrjprIcar1l7Cx6h41FH/QqItabt5E//uphNu6sPOfkaU9cfGYTVQlzsOx+kg2fa8xIj0OWY9oSF09vZsOjD/DMX/YRtPJO5nZEELQnLv7fi0/wwoa9BF29kqkWQG5PXDz2Z5795U946R+nSblpPWlBg/fFzZHeP2FwjaoR05k0xnrqvE2cbA/6+zaN8fgJmjTA/Q1HmzPIsFrJcTuG+F23I3HRTmNTA846JzZjI5boQORxqW1JhhsOY/MC1VlkF1/L/Klh7KmDzomL1JZS7UtvS1z0tScubijBpWq4CnaQ2/hzkhNM5B7u6otxMhGLfsIdV8eeN3HtLdzEC5v29zESTS/9E/RsFBWm4ZPGqI/ERZWGfS/z50OG8/KENE9zn3Ma9dM/Qc9GUWEa3mmMQ5+4KBM274fctXTi+SOmgjd4fuPXA3rK6zFRUvCfUVSYjIwNjEFyVVLn7Uhj1DqlMS5jdkQJDadraMFMaMAEAj2lVLS2VaozaYz5FHl7f3EnRWSy9p6raHr/Sbbl9+/ncdqSDB9k4eKvqdt5DAdWIhJTCak/QElD18u1JS6uYvYVCRR8Uo6xPXHxy7LuMjlUGvb+iZdyBn7E1OUWh7R/gp6NosLknzTGAU0IHMTExQsu5m6iaSivhIa4f4J+iXQBv9JP4uLgGOn9EwbLKLpdQD/0mLg4KJRwJsaHY6urE/cTCRdFiYqKetSfDTCZTLS2jq65gJTrljLnuw+yZmkmwXVfkK+6qG90kpCZxIm9pSRkJuG2D83jU3nVA99BZQpL//1Rbrp2MePt/+SjbTk0DpffDRJ0QVzK+YG/ExZF4qKgd6IwCYKgO2KOSRAE3RGFSRAE3RGFSRAE3RGFqSeDmmB5sQxMXvsU9y2L1fkfbri0U9CrUXTndx8NaoKlIAgXIgcEBPi7DcNe3xMsBUG4EEN8fDwFBQWo6sg/qfSSYKlMvoX717jZ/PQWqlQACynrn+Ty6qd4ZUc1UlcpjmdvHPOka7l5/TRK3nyeXeUD/9v0w6WdwshjAEZFUTqTYPkpm0pr8chBRFuksxMsXbvYUliBy5TC0riFpLs+4KC7m9u82hMsDxmnszohgpyiLyjrxV1hvvIDHDOsJ2X8VqoqVDAnkzKlnsJPa9HkGObdejdJJ15lw+tHcI7NZM09dzK34nfsru1Yg4Rp4nLWrk+j/K1nB+1kHy7tFEaeUTXHpJsES28J+fkmVqTFsrPiOMrk2SQ05pBVpyKNu7TrFMdaGwDGmCWsnT8N++Yn2Fna0sPG+pFEOaTtFIQzRlFh0lOCpZeK3FxMqzOI3F5NcNo07Ec+4rRKDymONkAmLCmW+kqIT5+K9Wg2zd1Wzv4kUQ5lOwXhjFFUmPSVYOkrz+aYeR3JsWWETG2k8PMaNHpIccQAqNRlvc7bu8JY9eB6VswsZkuOrZtRXf+SKIeunYJwxigqTDpLsPQWU5A/hhWrVjLGnsMbp9rm+bpNcTzdtqiqqtB8mE+2ZnDvjbeQVvoSubau2tTPJMoha6cgnDGKCpPeEiy9nMjNxbwgE8fHr3O64/OHXqc4ajjzN7Ot4GG+s2Y+x1/bTVfnfP+SKIeunYLQQaQLCIKgO+IbA4Ig6I4oTIIg6I4oTIIg6I7fC5OYXxIE4Vx+L0yCIAjnEoVJEATdEYVJEATdEYVJEATdEYVJEATdEYVJEATdEYVJEATdEYVJEATdEYVJEATdEYVJEATdEYVJEATdEYVJEATdEYVJEATdEYVJEATdEYVJEATdEYVJEATdEYVJEATdEYVJEATdEYVJEATdEYVJEATdEYVJEATdUaKioh71dyMAkGXuW2Zg7EmVYk/vFolPNPKLOUZuTFIIqPdx1Dm4TdQN2cq9D8/hO6cr+fzU+T+kLIUsYN2/LMJ5MJeG3vyMeVeURJZMXsrlYy9hXmArBbY6zv/TGIgMv4rVcZczd+xkzM5vqPBoIIWQfsdDXOr6mmOnvf1ohDAaGfzdgD4zyFyTBDuz3Gxr9mdDJCZfewkvhZWwcmP9BU7cQaC5+fLjEqzVF/p1dyOxi5ZjPfQCpe5+bsdXwj+LSlCCr+TOsC5eI8eSEWkmv3QTOa1qpzbayNt1jMtXXEH4sU+oV7tYXhAuYNheyklGiVA0qkfLKKkzzUve/pN8XX+BwmROZXaGg7xDtVyobA00SbESgINGz/mVx1v+FUWBl5MxftgeZoKfGFJTU8nLy/PLxq3hCt+fqZBqhvIT6lmjDWWMzHdnGMiMkDB6VPble9lYqeGVJK6ZZ2SJFUKMEndfJdOqaew64GFrYzcbU0J46PHpTC62Y44eQ/gYjcMf5fPEl824AfP4aP7jtkSWTzTia2jkvXcKeC7XjQqYYmJ45I4Elow3ILW2UvB5Af/6fiOehAReuzeGCVYTEXIqH6Sp4G3gqV/ns71FYdaKVB5aFEpCsIS73sbWzYU8e8iFD0AJ5mePpmLdeZLQeTFMDzWgFR7je3+poSn6wttzIZFwdTovXB1ISLDEx8/v5rG8swuCMjGN+JZjfNV4dllSzEksHD+LBLMJSXVS15DFh6dq8AKyMZZLoy9jmjUIxVdPce0usmw2ur0KlMLIiLuaNJOJAEVh8ZR1eLVmCiq3sd/Z3ibfCcrKA8lMjuaziqqzCqUUsYgb7roSxz9+zUcFQzLOFIYR/13KyTKrMxTkEg8/KteYlGziIYPGYQBJYtlsAzMbvTy+X8VhVfiXuQaW2Tx86ND4cE8r2wIUfrFQYtsOLwd7e5kgm0hUq1n7/9fRFD6e5/4jmZuOHeT1ugBuvyuJqbmHWfH7JiwzkvjLXVMpfjSXf9gVMldNIfWbQ6z4rZ0WyxhmjQcV8JWWctvDZd9eyl3b+VJOklAc9Tz3bAH7a3yEpk/llTunUPifR/iw49JTMrN0lswDf9jHQYfEuCgTzVrX2wON0k8PsXKHlXt/kcH48zooERg9njH1u865dDIyKfIyIps/ZVNpLR45iGiL1F4oQkmfsIhJrl1sKazAZUphadxC0l0fcNDdzZhLayCn/F0OGaezOiGCnKIvKDvv5T7qa+sJj43BQNXZl7mKldDIcUgWqZd/PGE08dsYWwmWSTOofHZCo1WDojIfRe0nkxwksyBI44NvVOpUcDX5+KxOYmakRL8OY83Lnv31NGrgqz/FJyeCWDjNiBIRzqJoO+/tsGFXVWpzK3i/PozFSQoAqgZB4YFMClHA6eRAsZPWXmxrf1Ylu6s9tGoqtUeq+dIVwOSIzj1Q2bvjOAcdGqBSU+vC1dftASBhHmNBbXVz7nSzpoHJGEqIwQBqEydb7PgAyZJAkrmag7UnaNI0PO5vONocRJzV2r993bZVWt1uZPMYjOesTKvdxoaf38+7Ob3rmTC6+G3EJBkhwAP29mKktWrY2t9xZbNEsCKx7goT17e/XlGg0QES9H3uRPNib2lfWvNhd2qEBBqRA4wEez3Uuzpe56HeIRESqCDRys4tR0lcHccTj0whxufgw78X8Jt9LT1MdMskzknkp0vHMjVIBmSCg728rXRuj4fqxnOHe74+bg9Aw+10IZvMGKDTpZiH8trPCYucwZWJcwjUGiiqzSLLZgNlDAFyDPMSb+CyjpZLGs2txh631jMJk9mM6nbhGYoJL2HE8Fth0lqhRYGA9kojKVLb/wOaG+wulTc/95I/kJ/mSEbGBsuADyQDEUES9mYvaosHuyGIcAvgaHtdeJCGzeFDA3z19fz51Xr+LMlMmJ3My9+L5/LsPHZ2VIoLnHTy2An8183BfPnsAR4s8+BTwnjkV8nnjEI0tAss2+P2uqThqKnCOTeacBlOdtp3qqeS7KpKslEICl7Ad6JnEmf/guM+Jy3eEnYX76Gyq+KhaWhSX0arCuFR4TScrDpvBCcI3ZEBZHnor+h8TSpHfDKXRLSNgiJiZKbIHc/52OuWuW6yTIgMkgwxY2WmW/u5UcnA5YtiSDRJBMZPYHWcg6yCVnynG8iqCeHGq4IJliWi0mJZFd5IVpEPJIVp6WNJDZGRNQ2PV0Pz+HB9exJr2BxerDFWojrvRpNCgNdFcY0HHxJjZ0SzKKQ3bexpe93zHT9CeUAScaGdy4iRsYFxRBoUJDRUTUXTvHgB1V1GkTeO2RHj2t4YJDOh1kRiTWeW1zx2HKZxRBsusjQpccRPclBcWH1e7ZYiMln30GOsnDYQIzNhpDG0tLSgqn64yURV2Zrj4/szTDyerNHkgKqOaw9N46MDXixpBh5fJmFBo65R5f3cfrZTdXHgVDC/+XUikyQnOzbn8bdqDXDw11ePMf62ND5eZsTXaGPrawW8bwMkidDJE/nF7amMs4C7wcaWTQV81WkIcPrgcd6em8JbT8XhcTXw2yfz+PhkFX/Yk8pDj8zhbpuHxsom8hp6U1262Z4hjJ89PI3lARKBISaUe+ZxuUcl++8H+MU+T9vJ784j+9AalqRH8dXOmvaCIGEJmM4V4xcRKEt4PTUUnMxqHyE1cKhiN8bo+axNDsKotWJ3lpNdXdppt+Wzz7aExVNuY7FWRVbRpxT04sZNQ/wckhy7ebvyAn83JYDgiEg0s5j8Fs4nTZ8+fXRc/SshPPRYCt6/fMV/l47sLkshC1h7Vzz7X3yTkv7eZNn3RpB++4NM3Pt7PigcjTebCf0xqu58UxSZsVfNxBxsAcAcbGH6jRkj5nEHzbabd57xY1FqawSH//q4KEpCn+jnu3KDLHjiWJZlRmL7ZyF1s6fgtjtJyEzixN5SEjKThv3jU3nV/t7FgjBgRs2l3PQbMyjaXoDb7sIcbGHKspQR9dhtd/W8EwRhmPB7YQoMDMThcPizCYIg6MyommMSBGF4EIVJEATdEYVJEATdGb5BcUNFSWRJwqXEyBYC3F+zqTyf83PpDESGL+bqyBgCcHD0xP+yt2Uwblo1MHntb1hie4YN2/9fe3ceH1V973/8dc5MZibJZF8gZCEJ2RMQKMoim6ICirVSQcGlalu73F/19v7uo/dWb3urbe+ji97ba61Wa611K61X5P6sYtFxi3MdAAAgAElEQVQKCrIJIRBCErJAyB6yzUySyWzn/P5IgBCSkISEDObzfDx8CMmcM9/MmfOe7zk5500N0r0mPq8kmC7mUlocP9dULOlfYsacXEKjItCKf8v+HccvSzmd+PxTg4KCJnoMV7yhWhz9ihJO8vz5TBuTDiQdvbuW5s/+xIlyxxisT4hzjMnJyZSUlEzM/XKX2YS0OA40jhkb+PZaF289tZk6DcBC1safcG3Dk7z0UQNK+EyWrb2DualRGJw1FG19mffzG/qNRcE8/Rbu2phN5RvPsLNqGFdYq5GkLV2Ko2w/dZd82ZOOq3ofjRgIS9TkbKUYU0ZgUoTSxLU4XshXdZAy40aypm2hrkYDcyZZaa2UftiErsax4J4HSa/+Ay++chRn9DLWfvV+5tf8gt1NZ9agYEpcybqNeVRtenp4oSTEFWRSnWM61+LYSrPXQX1Xz9fPtjieqsahA67jFHXOZnZwMAWujrE/b+KtpLjYxKq8BHbUnMIwYy4p7QXsatZQpsxjZmwpn754BJsXaNhFfsUtLMyIYE+TDYCAuBWsW5iN/a0fs+NE10WeTCVq6Xf5yg0JGDAQYDGhffc/WaqDt/QNNlUvZcMNCRj6LeUtfZ1nXz/ARN5uJyavSRRME9XiOBAvNYWFmG6bTcy2BkLzsrEffZ8WDdSQMKymLG54+McsPzMWs46jyQLYAJWI9ARaayF5VgbBRfl0DpmcGm37XuB3h40ohiSWfP1mOjY9z6F2Hd3TSaevpOd7/ZbSPZ0SSmLCTKJgmqgWx4H5qvIpM68nM+EkYRntlH7c052kO+x02Pez7ak3OHnBCS4joNG86xX+vDOCNY9sZNVVFWwusA05q9NcDhwuwBCBS/PS7WjDbtMBlahlj/DAjYkXzphKXuWZ1z6TcBITYhIFUwDR1jiU7lqavWdaHPU+LY43MTeqkraWRrowEx4Uj9Vzghp3zy5/rsWxmHLv8A/ulKhlrPvq9Tje+Qlbi/t043orKCkOZNWa1QTaC3j1dM95Pq3xAEWOR1iy/DOad5TRQTBRqTmEtR6ksqVnUU3ToPMIH2yZzdfv2EDeiecptI3mgFOjbe9veb5glDMmxYCqGlFVpefPBiOa5h2wLliIkZhEwTQxLY6DNzV6qS4sxLxoGR1/e4WWM79/0OrY8+rrmG7fyEOPx2DSumivOcTOzQf7La/jLH6LrSWPcuvahZx6eTcXzSZfJR/+8pfnfensbGrEFMx53+TqZem9ofYNFuV6ad/xBIVH7aNZoRBnSbuAEMLvyNUnQgi/I8EkhPA7EkxCCL8z4cEk55eEEP1NeDAJIUR/EkxCCL8jwSSE8DsSTEIIvyPBJITwOxJMQgi/I8EkhPA7EkxCCL8jwSSE8DsSTEIIvyPBJITwOxJMQgi/I8EkhPA7EkxCCL8jwSSE8DsSTEIIvyPBJITwOxJMQgi/I8EkhPA7EkxCCL8jwSSE8Dv+E0yqykMrA1gZNPxFklMD+PlKM79dZWJ95CU9Odfet5j/udWK4VJWcxkpYYtY/493k2q+xBUZUlmRtp57Mu7joenZBA/4ICMxkTewIfNevpp5OwuC1DODYNZXfsAtmYGXOAghzmec6AGMmlHl5nTYscvF1s6JHszlFkDC0pUEH36WE65LXJWvkr+XV2IIvY77IwZ5jJrA7BgzxSdep8Ctnfu6buPYzjKuXbWYyLIPaNUGWV6IEfKfGdMIKQEK4eg0OCd6JBPAnMPc2R0cO9yEfhmeTjEEE0QH7Z4Lk8dbtZ9y67XMnnbFvpWEHzLm5ORw7NixCXny4EgDX7vKQI4Zqqo1PH2+ZwhU+dJMI8uiFAI8GvuKvbxWq+NVFG5eEMCKYAgLUHjwehW3rrPzoIct7UM8mRrCI/+ei+mVffyyQgdjBD/4aRpNTx/g+drzH2pNTeaZr0Wy58UjvFCpM3tVDt9bGk5KqIKr1caWt0p5+nA3PlSW3Tuff5/Zu1OqBsKDHTz5WAFvtA4dGaa4OB77SgorphlR3G5KPi7hH95ppxswREbx7bvTuCPdgsnZwdbNxfxsXxfuM69NYh7JXWXsbz//OQzmdJZMm0OK2YSiOWlu28V7pxvxAmpAAvOmXk12cAgGXysVTTvZZbPhG2qQSgSzk24gz2QiyGBgedp6vHonJbVbOeDsDSlfNSerrCzLnMr2mrrzglKJWsqXH7iOjr/+B++XeAZ8CiEGMnGHcqrKbbMNqJUevlOlMz3TxPeMOkcAFIWb5hq5qt3LEwc0OoINfGu+kZtsHt7r0Hlvj5utQQa+v0Rh60deDo3hIURw8nT+62tRHHjpMC9UetEVI4aOVn79dAkHGn2Ez8rgpfvTKP23o7zXqfHxq3u4HgADubfO4VcpTexqv9g8xsCyNWnkHD/Mqp/b6bIEMmcaaABqMPc+lMPSk8fY8NtW2mPi+eUj2dxTlc9LDTqgYJ06jcDWnf0OnQKYHnM1MZ0f8vqJJjxqCFMtSm9QhDMrfinTu3eyubSGblMWNyYtYVb3uxxyDTFWvY2Cqjc5HJDLbSlRFJR/wskLHu6jtamVyIQ4jNSd9+GCIZjwmCkoFuXiL7wQfUzY/NsQqpJn1NherePWofykj/LeHU0NUVkUovPucY1mDbodPrY3K1wVozCeb3FLYiL/9X/iaXzzCL8p9/bs1LqXA7tq2d3gwa1rNB1t4NPuIGZEnT+S0OwZ/HShkyf/WMepYQSlpkNIpJXpYQZwOjlY4cQNqNNiWTO1jd//bwt1Hp2uujr+UhLI0lxz78ZSMAda0NwuvP3WqetgCggnzGgEzUF9lx0foFhSSDc3cKipGoeu43Edp6gzhKTg4DF4PXXcLheqOZCAfivTm7by4r98mzcL3AMvKsQgJmzGpARAkAfsvTux7tax9X4aq2aFUIPC+sUmbu99vMEA7R2gwDidV1FIzLJy6hRc/YVwIgtO06IDqKRek8o/3RhNRogKqISGevlzn1/fqWGxPHpvBPtePcg223BG52PH5iJSb0vix4+lEefr4L23S/jZvi4INRFliuCfHl3AP/Q+2mjWOd1w5gl1XM5uVJMZI/Q5FPNQ1fQxETEzuS71Gqx6G+VNu9hls4EhkCA1jgWpX+bqM2NWdDrdAZf4mgEomMxmNFc3nstxwktMChMWTLobugwQ1Js0ikHp+TOgu8DerfHGx16Kx/AwzacpGM8GioHA8/ZLncqPSnj4QzP//lgG359n43ufuSE6nh/eFcqnTx/kkZMefIYIHvtp5rmZhhrIl7+SxvS9R3mg2Dvs0PS1tvK7P7TyO0Ulfm4mL9ydzLX5x9hpd9Nia+QXjx9nf/8pUe84OxrrcM6fSqQK9X1eH81TS35dLfkYCAldxK1TryLJ/gmnfE66vJXsrthD7WAD1HV0ZTQzUgORsZG01dddMIMTYrRUAFW9/Ed0PofGUZ/KF6J6ZkFRcSpp6pnv+djrUvniDJUwFRQV4qJVcge+yGZ49G6qW4xkT7egAhG5MVzd7/Ibn09H72jmqT+1kbc+g5vDFTAZCPJ2U9HowYdC9MypLA07s4RK1qocHjKc4tF37XQPdyyKgexZ0eSEqai6jsero3t8dOvgq2tiqy2ah1aGE20ExRhAcvYUFsaciwzfqaNUBaWTFN43RgKItiYRYzSgoKPpGrruxQtorpOUe5OYGzWlJ/wVM+HBqSSYzi2ve+x0mKYw1TjCaDIkkTy9g4rShgtCWYlaxvrvPc7q7LGYmYnJxNjV1YWmTcAFKJrGlgIfX5tp4olMHUcH1J05LtF13j/oxZJn5ImbFCzoNLdrvFN4CePUPXz43ilu/uoc/vdqJ5XlHZQ4Bn5oe2E5/3F0Ho/fPZWDz9Xx33ty+N5j1/CgzUN7rYNjbWeOOQNZMjeEqClBvPpkSs/XfDb+6yeFvDXkCXCF8BmJfP++HKZYwNVmY/PrJb0zpE7++MJxgjZm8OZ/BhKkeak7eZoX3mg6t7jrGPmH17JiViz7dzT2BoKCJSiXxdOWYlUVvJ5GSup39c6Q2jhcs5uAqQtZlxlCgO7G7qwiv+HE2VVq3cXss61gedq9LNfr2FX+ISVD/squhzH5GtI7dvPn2gG2jSGI0KgYdLOc/BYjo+Tm5sqZgSuQEraIdQ8kc+C5N6i81IssRz8IZt33CIl7f8m7pZPxgjIxXgyxsbE/muhBXC7mUAtZt+Zhr2nH5/KO+9/Hlauaor2FtA1jVjOOg6Dx8MeUtcjZJTG2Js2MKTQhjMQFKVTvPTH+/1+YRkJXKzMGuvFO91DwaS27L3IBphCT2aQJptw7ZlO+rQSXvRtzqIW0m7LG9e8u+7BPhQsh+pnwYLJarXR0dEzkEIQQfkbuvBRC+B0JJiGE35FgEkL4nQm/XMBkMuF2XwE3eSpx5N38Q1I7tlPTMXYXpCphi1j/raU4D13ir/4NqayYcSPXRn+BBVY3JbZmLiwaMRITeT23JV3L/OgZmJ3HqRnWDW4qMSse5aG5zXxW3HxZOqDEMI3rdh8pIzPW/YJ1Ccc4VGG/8H2ihDHrK99jXvdnF73ERGZMw6XbqC/awgn7SNJDJWzmY6ydnz3IC32mifLDMWqi/At/aqgevGOpTxPl70vfZm/XcANWx1H6N7YXNHBFllQaw8ldP50Yo4mEm7JInzIGV6KPxzpHY1y3+xjrbTxNWrGYyIskjxoUNIKS7Umti5aq3TR2juEnjR81UQ5Np7vmAIcr2mS2dAUa/XYfe8NtPDUmJydTUlIyMffLXU5qGvO++DXCTp/AEBqLxeSj+egf2FdR3/NJo6Yyd80DBBz/FHPqYqICg6DxT2zddRBz9ne4LjsBs0Whavu/sre+dxqqJDNnzUOE1B3BEJ1OmNWMregFPik5hRZ9KzctuRarKYxA5Wt8Kd4DvhIObn2Zqt4jV79qohyEMecevnF7HiZLKBT8mqffKsYHmOZ+m0euD+a0eRqhdZ9SYvgCcxLs7PnDk3xS5UENn8mytXcwNzUKg7OGoq0v835+Az41mev/6SEiS45gSEonNsrM6R0v8D87T+EFjFMWsmrdbeTEBaPZysl/549sL24f30C0RpKzPBp3fhnldRMXvf6y3Q0zNvDttS7eemozdRqAhayNP+Hahid56aMGlMG27flPjnn6Ldy1MZvKN55hZ1XvLUtDNJ72ZQQ+/6F0hhJGmL6Xd7cexh28hOtW3UtG05MUO3p/fiWCpCQTH//9BzS5jASFhOJFo7v4v9lSEkfe6u9ivWCdEUQaC9n6t014wtew6qbVJFQ8T1XzO/zt7XcJm/l9VgRtZsu+4n6HQf7WRDkw77HX+M0xlZgV3+fu8PPHb3Ae4n+f286Kf1mPZdPjvDjlO9w1K4ld1V3Mv+dB0qv/wIuvHMUZvYy1X72f+TW/YHdzz2sWZy7kxec24Z66hge/uZqMz57nmDueBXfdSWzJr3n62SoCsu7i3js3cvqp5yh0XEJg+LqoO+DF6fPSVdSA3X7+uhTViCXUTE/T3TCf5yLrHDn/2e6+qoOUGTeSNW0LdTUamDPJSmul9MMmdDWOBYNt27P3mSuYEleybmMeVZuePhdKPWsfvPG0j8l1jknvpP5kES5A7zxEVVsi8XEhfR7goaFkG00uHfDQ5WgZRseQg/pTpbgAzX6CVl8UIUHDeVn9rYlypHQ8raexO1tod7TR0uzE1tqOxWpFnTKPmbGlfPq3I9i8Gu6GXeRXRJOeEdE7TgeVR0px6uBrOkGDL4qIUBUlIof02BPk76qkW/PiKPmIwvZMMlNMlzhUN22VHXTrGp217dj73W+s25vIf6OQY1Uj+IC+yDpHNUx/2e7eSoqLTaTnJaACATPmktJeQEmzhnLRbQsBcStY9+B12N95hh0nuvr/lIM2nvZ15f7zTaPixO0+85HRjcejYTIHo2DrrdHtoLNrhKX5uhuv98w6fei6ijKsd4u/NVGOnK7pgI6maWga6LqOYjCghoRhNWVxw8M/ZvmZcZp1HE2W3gXdeDznXjOfT0VVQTFZsXgddJ2ZBegOOrtULMEWYKIqFC4Xf9ruXmoKCzHdNpuYbQ2E5mVjP/o+LRoX2bY2QCUiPYHWWkielUFwUT7nn5YdXuPp5AomxYol0EBPDARjMat4XF19Ju86Y17cqwMDfq75WxPl2FAA3WGnw76fbU+9wcn+J0HU5EGX1Z0ddBuTCDIr4NVBCSE4SKO7c3Lcd+hP291XlU+ZeT2ZCScJy2in9OOe3q8hty1GQKN51yv8eWcEax7ZyKqrKthcYOuzVw2v8XRyHcoRSHz6tYQZFQKil5IaWUttg30cn0/H7erEFBZ3tja4L39qohzLtkmt8QBFjqtYsjwdqwEwBBOVfjWpUUO/3fS2Y5SfTmXu4hQsqoGQrOuZGVFG2ck+17kZVW6caWRl1MBxPyrWKHK/mEF6/BjG+YjH6Wfb3VtBSXEgOWtWk2YvoOR0zyfncLatpmnQeYQPthwj/osbyAvrM6YhGk/7mlwzJr2Fxo5UFn/pdkKU01Tnv0Sp/SLnFdRM5q6+n2SzkQBLKMrinzDN56Xp0M/ZdfKiT4iz+gNKU+5h9R2r0LzFHHj3D1SdOZz0oybKMW2b1OrY8+rrmG7fyEOPx2DSumivOcTOzQcvslwtezf9hfB13+DhZcHo9koK/vIyhX1OLCtGhTlJBjSbj20tYzO7VVQDZqsZ3Th2/9TFyMfpb9vdS3VhIeZFy+j42yu0nNlNhr1tdZzFb7G15FFuXbuQUy/vxqZfpPG076sxadoF1DTm3Xof2qc/Ir/Zf34L6RdNlBelMuWmx7gz+E2eebtkQi+yNMYYeWqOwp92eNjrxzcMXCnjvKxG0Hg6uWZMfki37eYvv9o90cMYmiGSxORIbH5wO0pClIrtlIcDfr6zXynjvKx0G0f++ETPP2p7ERJMYnCGNG78vw8zL0LBWfUBbx9omfBgOlni5ocTPIbhuFLG6a8mz6GcEOKKMeG/lZNQEkL0N+HBJIQQ/UkwCSH8jgSTEMLvSDAJIfyOBJMQwu9IMAkh/I4EkxDC70gwCSH8jgSTEMLvSDAJIfyOBJMQwu9IMAkh/I4EkxDC70gwCSH8jgSTEMLvSDAJIfyOBJMQwu9IMAkh/I4EkxDC70gwCSH8jgSTEMLvSDAJIfyOBJMQwu9IMAkh/I4EkxDC70gwCSH8jgSTEMLvSDAJIfyOBJMQwu9IMAkh/I4EkxDC70gwCSH8jgSTEMLvSDAJIfyOBJMQwu9IMAkh/I4EkxDC70gwCSH8jgSTEMLv+GcwBV3Nl/71Zzzyo2d47JvLCVHG+wmNzFj3JA/dlDDkC6KELWL9P95NqnmMn94QStYdM0iwjvF6J5ISxqyv/IBbMgMneiTiCmTs/wVD+t1856EldGx9nN9/VI8+ns+uhJC0dD03Lr6KKVadzoZCPtn0EocaP2PLzz7DMOsb/POi8RzASASQsHQlwYef5YSrz5eN4eSuDaNpcz3m61MJPFxKWeO5V02dGs81KyJxHz7OoaOu8X09LzKWkVOxpH+JGXNyCY2KQCv+Lft3HEcHlNhbmHvHjQT1TXK9k8a//pDjVT7QbRzbWca1qxYTWfYBrdol/mxiUukXTAamZWWj2uxEZeUStr2e9nHbk1SiFn+TOxe28cHLj1HUrBCROpuocZ8djZI5h7mzOzj2m6YRhIuCNd6K0uUlaFoI5iIX3eOaTGNNR++upfmzI7Sk3cv0vt9p2kr+89s4s7mUmJXMXh1Kc73v7GO8Vfspt97H7Gl/56MaSSYxfOcHkxpPWqaFEx9tw3rzTGaE/J2D9nHakwypzFsSz8mtz1JQ2wlAU/EnNA1jUeOUhaxadxs5ccFotnLy3/kj24vbUWds4NtrXbz11GbqNAALWRt/wrUNT/LSRw0o4TNZtvYO5qZGYXDWULT1Zd7Pb8B33toVzNNv4a6N2VS+8Qw7q5w9w03MI7mrjP0jSWrFQlScgbai05jnhBJhaabe2fszxMSQuTCWCIuPjkoH2tlAVgnLTWRGejBBFgVfZxeNh2o4UeNBTUlmQa6BzgAL5rZWmtUwpkZ6qdlRSVXzeOz4Oq7qfTRiICxR63fgr6H7tN6QNhKadhXqiTdpd/d5iK+ak1VWlmVOZXtN3fjOFsXnynlvNSUmj7Swk1QcOcqJ08mkZ4zfSQ8lLIVp1nqqT3WNbEE1ngV33Uls2e94+gff5fm/tpB150byQhR8VQcpM84ia1rvj2XOJCutldKjTehqHPPveZD0lrd48UcP86vf7yNk9f3Mj+37EiiYEleyfmMeVZt+czaUQME6dRqBrQ0XHpL4uqg70ILD56WtqIHGPkGuhIYQEdRF2ykHbfZAouJ6PwcMwUxfFINSUs7uN8uo9AYSFnBuDHR3cOKjUnZvOkb+IQ/RC6cRY+r9rttGyXu1OGLCMZaWcagYYqdbemYuQ4xlXAWkMyUNWkorOP/l8dHa1ErktLgLzxkIMYQ+7xeF8MyZRNUfoKqzkZAKBwuzM7EcOED3oIurRC39Ll+5IQFDv+94S1/n2dcP4BpwOVAsgZjpxjXYAwZbLiKH9NgT5L9YSbem013yEYXt/0JmionCI5UUF5tYlZfAjppTGGbMJaW9gF3NGsqUecyMLeXTF49g8wINu8ivuIWFGRHsabIBEBC3gnULs7G/9WN2nOgbmArmQAua24W3/4B0N22VvdOE2vbzvmWeFkJQuw2by4Wp0UtivBVjZTu+8BAiAxxUVrjQdLCXtmHLCu9dyoetouXsOlx1bbR64gmyKrQAWqcbt9tLd7cHr0Oj2+ghINyIAuhDjGX8KBinX02k6xBFjb5+39Nxu1yo5kACFPDIlEkM07lgUsJIzU6ktew17LqPzvIyfHfNYrr5AKWDhodG274X+N1hI/1PDemezkFDCUB3OXFhwWwGOoY/YCXQisXroMvV+y7XHXR2qViCLYCNmsJCTLfNJmZbA6F52diPvk+LBmpIGFZTFjc8/GOW965LNes4mnqWA5WI9ARaayF5VgbBRfl0nt2RdFzOblSTGSPQf/cbeKABRE4LxFlfi0vXcTd0oi0KIczYTqvJiMHtxX1meuH24Dm7UpWg5CmkZocSbFEAhQCLRl3vC6xrPePRNR1dB3QdlIk8MWclKisLd9nTdF5wNKlgMpvRXN0SSmJEzgVTcA7pSSZiU/+NR1cAKCiqg/TpAZQe9wyyuErEgm/ywI2JF86YSl7lmdc+GzSc9PYq6jtvITEpiL0tnQM/SNPQFfW8403d2UG3MYkgswJeHZQQgoM0ujt75nW+qnzKzOvJTDhJWEY7pR83ogO6w06HfT/bnnqDkxckixHQaN71Cn/eGcGaRzay6qoKNhfYes+L6HQ01uGcP5VIFeqHczrHbCUyRiV4SjqL83q+pKheomIUWl1evEYDRgXQAYMBw5kf0hpJxrwgWreXU9TiQ1etpN8WP4wnnCAhs4mNa6RpZ+MA55AMRMZG0lZfd+FMU4ghnA0m84yZJHZt57Wf/4mTXkCxMuv+n7I8OxnD8bJBZgkabXt/y/MFI58x4Svn4Kf1PLByA7Ob/szRJp3w1DlE2z6lpKFnz9dbG7FFp5Fg3YHN0fu1tmOUn17D3MUplHxQRUDW9cyMKOPTk72HMN4KSooDWbVmNYH2Al493bOc1niAIscjLFn+Gc07yuggmKjUHMJaD1LZe+SkaRp0HuGDLbP5+h0byDvxPIW2nt3Nd+ooVUE3kRSuUN968Y9/45QQwlwtHPl/tbT7el7qKcsySY4PgkMO2rwJRE8x0FavYUkKI0yFdkAxqqiam067Dx0F07QIIgPh9EWfcRiMKjdmq6h1Xra1MLyT0YoBVTWiqkrPnw1GNM3bM1tDJSjjaqxN+zg+0PksQxLJ0zuo2N0gJ77FiJwNpunZGXhKXqTmzEeb3knF0XJWXzeTKWpZ72+5LqS5HDhGeJ6od0lOf/xb3lTXs+KBn3KLFTrrj/Dxpk/PPaL+Yz46/C1u/f4z3OotYusvnuVwRy17N/2F8HXf4OFlwej2Sgr+8jKFZ3cML9WFhZgXLaPjb6/QcmbcWh17Xn0d0+0beejxGExaF+01h9i5+WC/cek4i99ia8mj3Lp2Iade3o1NB1zHyD+8lhWzYtm/Y6DZQV8qYfFWfLWnsJ9NdC+tNZ2k5YZgPdhA1Z5WMq9J4ws+Hx6bmy5fz5xTb2/lZGUSM1ank+T04Wl34hhkQjlSilFhTpIBzeZjW8twokLBnPdNrl6W3vvB8w0W5Xpp3/EEhUftoMYTmxmNPf8wrgFWZ0y+hvSO3fy5Vi4VECOj5ObmyofZMClhi1j3QDIHnnuDylGF8cQyxhh5ao7Cn3Z42Ou++OMviRLGrPseIXHvL3m31HnxxwvRhwTTJJKcZeJBPDxRoss5H+HXJJiEEH7HP2/iFUJMahJMQgi/I8EkhPA7EkxCCL8jwSSE8Dv+GUyTrcHy80gaLMUlOHevnGUBd/7oq2QaQde9uNtPUbL9Dd7fUzXgVb1j4vPcYBkQQd4diUQZAF3H2+WkpaiWsuPO4d0EPCiFoLw0ZgXVs29/x/lXoF/GBsue55tC7KIvk5SegtnoxFn2Nke3H8KtIw2W4pKcX5Pjq2bH0//BrkYDwcmrWffAAyyqeoLt43JLwSRosNSdnHy3nFM2BVNMLDnLE0lsLuPkMO618w+DN1iCibAFD5ISfZiyt1/D0W3GEmZA6/OjSYOlGK1+/V06uqah+bw4ThRQZb+B6Ggj1I7D/QuTocESQAdd03A12Wl3RhMUokCrjhIUwvT5ccTFmlDd3ZwuqKb8hKunaE0NInVNIsbjrRhTIgkJMkBDHQUlZrKXRBBoCiBASeKaeA18nVS+X83pcbnFZIgGS2M6UzLc1G15n9be6ZCnf+efNFiKURq4WFAxYk2ZQ0pIDccaxufmhTMNli6ehmsAAAWYSURBVMWjbbAs+TVPP1tFQNZd3HvnRk4/9RyFVQcpM24ka9oW6mq0cw2WH/Y0WC6450HSq//Ai68cxRm9jLVfvZ/5Nb9g99k07GmwXLcxj6pNTw/QYLlzkAZLL06fl66iBuwDtkYqmGJDibB0c7pdB8VMwpJEolpqOPSJA09IJNnXJRLfUkH12eUDiE5UKfqoFJtLwRwSgMfRTsGWprOHcvv7H8oNayxjQwmNJ1hrwZX+NebNnEGAp56WA29SUVTbJ+h7GywT4jBSx2DlOUL0d34wGZK47p+f5zpA1zqp2/4c+U1DTcGlwXKoBkuUQJLXzCQZQPdhL6qi3qajRIQTG9rJqY/sdPuA9lbqG6eQMC2AavuZqY9OW+lpbK6eP7scw5gSXc4GywALhsAcogJf4+gfX8IXs5LcNRuIb/hPTp2tdJAGSzE6/c4xnWL7r37KzkYVS8xV3HDf17m18ce8mW8bZHFpsByS7uTkX8upagdjaCipSxPJsJVR3G3EZLSSujqzJ7QAxajjtqmc6Y4DL64uP96TfW40vZ6mgqN0ezSo30NT81Ki4qzQYu99kDRYitEZ+FBO99LdVMDh0i9zV8Z0DPlHBtkZpcFyeHS8djuN9XHkxgWhFntxO9up+Gst7UOta9CdWeeCT4LLTHc00+3rO0C9d7x9ByYNlmJ0+gWTgqKqqKoBU0Q2Oemh2I+2DXHSUhosL0oBRVEwWEOInmrEVe1Ga3fT5EwhKaedrmOduDEQFBuCudNGm+Ni69bxunwY4iyYlY6R/Tt1Y9lg6S6jpf5LxM/MpGl3KVr0fGKiT9P2iePcstJgKUbJEBsb+yMAjAnkXb+cedeuYckNq5k/NwW9/B3e21aIY4hjF93nxu3qxtXvP7fnYgc8Ol1VR6kz5bH4ixtYuWoF2VN91B49REPvMZTe0YA9bCk3b9jAsmXJOD47QKPLTv1JB9OW3s2a277IvGQ3x95+lb01zt43v4bDE8uiG2bTuWcTn1b2HifqDmqPNxG5YD1r1q5j2bJrmRHlpq6kiNNdCpG5N5Dq2kt+hR1PcwWtU9aw+ionxw5X9wSsr5Wu8BuYH36MwyeHUSlpCCQ2N4ppmVOYPiuW+JQgaGii7IgDt8+Lo8FNYPo0Mq6JIzk7kogQnY5aB51uQAkgIiMMqltoG6Bjzdflwzh9KhlzYojPCMRVaadrGMeXiknly3OMxLZp7Bns6Pz8JTDP/BYL7riTKbEWDLHzSLz6ekK79tLUZKervglLzu2kL11DfIoF+95NVJ2ynw0hY+oqbko6zt+3l+OUZBIjIH1MIyANliMgDZbiEkgwTSLSYCmuFBJMQgi/45838QohJjUJJiGE35FgEkL4HQkmIYTfkWASQvgd/wwmabC88kmDpbgE59+SMmij5DiVfEmD5ShIg6X4/OsTTJe7UVIaLP2fNFiKiXEumC6hUXJUpMFSGiyFGMTZYBp1o+QoSYOlNFgKMZhzwTSqRklpsJQGS2mwFGPvbDCNrlFSGiyHJA2W0mApRuVcMA2nUfIC0mA5PNJgKW0GYiTO7fO9jZIpKzcwOz4EY4CV6MwlZE0d6sqe3gbLX/47z/X774XNh4fVYDnU851rsOzztbZjlJ9OZe7iFCyqgZDeBsuyfg2WOWtWk2YvoOS8BsurWLI8HasBMAQTlX41qVHn1n2uwfIY8V/cQF7YuZ2sp8EynaTwESZCb4OlMaS3wbLDjdZuo8kZSlJOMCYVUA0ETQ0nYlgXbPU2WIZaMI80nIwqN840sjJqBLnW21rZt8FSUQB3GS310cTOzMRkUDHG9jRY2uoHaLAslQZLMTLnGiyH0Sg5EGmwHOyVlQZLabAUoyV9TCMgDZYjIA2W4hJIME0i0mAprhQSTEIIv+OfN/EKISY1CSYhhN/5//1amHC+vnyaAAAAAElFTkSuQmCC</file>
    </questiontext>
    <generalfeedback format="html">
      <text></text>
    </generalfeedback>
    <defaultgrade>1.0000000</defaultgrade>
    <penalty>0.5000000</penalty>
    <hidden>0</hidden>
    <idnumber></idnumber>
    <answer fraction="100" format="moodle_auto_format">
      <text>3</text>
      <feedback format="html">
        <text></text>
      </feedback>
      <tolerance>0</tolerance>
    </answer>
    <unitgradingtype>0</unitgradingtype>
    <unitpenalty>0.1000000</unitpenalty>
    <showunits>3</showunits>
    <unitsleft>0</unitsleft>
    <tags>
      <tag><text>OOP</text>
</tag>
      <tag><text>vytvoření objektu</text>
</tag>
    </tags>
  </question>

<!-- question: 11556  -->
  <question type="truefalse">
    <name>
      <text><![CDATA[Musí to být "self"]]></text>
    </name>
    <questiontext format="html">
      <text><![CDATA[<p dir="ltr" style="text-align: left;">"self" je klíčové slovo a tedy ho nelze přejmenovat - musí to být vždy "self"<br></p>]]></text>
    </questiontext>
    <generalfeedback format="html">
      <text></text>
    </generalfeedback>
    <defaultgrade>1.0000000</defaultgrade>
    <penalty>1.0000000</penalty>
    <hidden>0</hidden>
    <idnumber></idnumber>
    <answer fraction="0" format="moodle_auto_format">
      <text>true</text>
      <feedback format="html">
        <text></text>
      </feedback>
    </answer>
    <answer fraction="100" format="moodle_auto_format">
      <text>false</text>
      <feedback format="html">
        <text></text>
      </feedback>
    </answer>
    <tags>
      <tag><text>OOP</text>
</tag>
      <tag><text>python</text>
</tag>
      <tag><text>self</text>
</tag>
    </tags>
  </question>

<!-- question: 11554  -->
  <question type="truefalse">
    <name>
      <text>Různé chování funkce</text>
    </name>
    <questiontext format="html">
      <text><![CDATA[<p dir="ltr" style="text-align: left;">Pro každý objekt můžeme vytvořit funkci se stejným názvem, ale jiným chováním, než mají ostatní objekty.<br></p>]]></text>
    </questiontext>
    <generalfeedback format="html">
      <text></text>
    </generalfeedback>
    <defaultgrade>1.0000000</defaultgrade>
    <penalty>1.0000000</penalty>
    <hidden>0</hidden>
    <idnumber></idnumber>
    <answer fraction="0" format="moodle_auto_format">
      <text>true</text>
      <feedback format="html">
        <text></text>
      </feedback>
    </answer>
    <answer fraction="100" format="moodle_auto_format">
      <text>false</text>
      <feedback format="html">
        <text></text>
      </feedback>
    </answer>
    <tags>
      <tag><text>OOP</text>
</tag>
      <tag><text>metody</text>
</tag>
      <tag><text>python</text>
</tag>
    </tags>
  </question>

<!-- question: 7756  -->
  <question type="truefalse">
    <name>
      <text>Třída - automatické vytvoření objektu</text>
    </name>
    <questiontext format="html">
      <text><![CDATA[Tím, že vytvoříme (napíšeme) třídu (class) máme automaticky vytvořený i jeden objekt této třídy.<br>]]></text>
    </questiontext>
    <generalfeedback format="html">
      <text></text>
    </generalfeedback>
    <defaultgrade>1.0000000</defaultgrade>
    <penalty>1.0000000</penalty>
    <hidden>0</hidden>
    <idnumber></idnumber>
    <answer fraction="0" format="moodle_auto_format">
      <text>true</text>
      <feedback format="html">
        <text></text>
      </feedback>
    </answer>
    <answer fraction="100" format="moodle_auto_format">
      <text>false</text>
      <feedback format="html">
        <text></text>
      </feedback>
    </answer>
    <tags>
      <tag><text>OOP</text>
</tag>
      <tag><text>třída</text>
</tag>
      <tag><text>vytvoření objektu</text>
</tag>
    </tags>
  </question>

<!-- question: 11553  -->
  <question type="truefalse">
    <name>
      <text>Třída jako atribut</text>
    </name>
    <questiontext format="html">
      <text><![CDATA[<p dir="ltr" style="text-align: left;">Třída (resp. její objekt) může být atributem jiné třídy.<br></p>]]></text>
    </questiontext>
    <generalfeedback format="html">
      <text></text>
    </generalfeedback>
    <defaultgrade>1.0000000</defaultgrade>
    <penalty>1.0000000</penalty>
    <hidden>0</hidden>
    <idnumber></idnumber>
    <answer fraction="100" format="moodle_auto_format">
      <text>true</text>
      <feedback format="html">
        <text></text>
      </feedback>
    </answer>
    <answer fraction="0" format="moodle_auto_format">
      <text>false</text>
      <feedback format="html">
        <text></text>
      </feedback>
    </answer>
    <tags>
      <tag><text>OOP</text>
</tag>
      <tag><text>python</text>
</tag>
    </tags>
  </question>

<!-- question: 11549  -->
  <question type="truefalse">
    <name>
      <text>Uložení objektů v paměti</text>
    </name>
    <questiontext format="html">
      <text><![CDATA[<p dir="ltr" style="text-align: left;">Všechny vytvořené objekty sdílí v paměti stejné místo.<br></p>]]></text>
    </questiontext>
    <generalfeedback format="html">
      <text></text>
    </generalfeedback>
    <defaultgrade>1.0000000</defaultgrade>
    <penalty>1.0000000</penalty>
    <hidden>0</hidden>
    <idnumber></idnumber>
    <answer fraction="0" format="moodle_auto_format">
      <text>true</text>
      <feedback format="html">
        <text></text>
      </feedback>
    </answer>
    <answer fraction="100" format="moodle_auto_format">
      <text>false</text>
      <feedback format="html">
        <text></text>
      </feedback>
    </answer>
    <tags>
      <tag><text>OOP</text>
</tag>
      <tag><text>python</text>
</tag>
    </tags>
  </question>

<!-- question: 0  -->
  <question type="category">
    <category>
      <text>$course$/top/JaroslavHoleček/Programování/Pro radost</text>
    </category>
    <info format="html">
      <text></text>
    </info>
    <idnumber></idnumber>
  </question>

<!-- question: 11563  -->
  <question type="multichoice">
    <name>
      <text>Polymorfismus</text>
    </name>
    <questiontext format="html">
      <text><![CDATA[<p dir="ltr" style="text-align: left;"></p><p dir="ltr">Podívejte se na:</p><p dir="ltr"><a href="https://cs.wikipedia.org/wiki/Polymorfismus_(programov%C3%A1n%C3%AD)" target="_blank">https://cs.wikipedia.org/wiki/Polymorfismus_(programov%C3%A1n%C3%AD)</a></p><p dir="ltr">a část</p><p dir="ltr"> <a href="https://cw.fel.cvut.cz/old/_media/courses/a0b36pr2/lectures/lecture01-handout.pdf" target="_blank">https://cw.fel.cvut.cz/old/_media/courses/a0b36pr2/lectures/lecture01-handout.pdf</a></p><p dir="ltr"> která se věnuje polymorfismu.</p><p dir="ltr">Rozumíte tomu?</p><br><p></p>]]></text>
    </questiontext>
    <generalfeedback format="html">
      <text></text>
    </generalfeedback>
    <defaultgrade>1.0000000</defaultgrade>
    <penalty>0.0000000</penalty>
    <hidden>0</hidden>
    <idnumber></idnumber>
    <single>true</single>
    <shuffleanswers>true</shuffleanswers>
    <answernumbering>abc</answernumbering>
    <showstandardinstruction>0</showstandardinstruction>
    <correctfeedback format="html">
      <text>Vaše odpověď je správná.</text>
    </correctfeedback>
    <partiallycorrectfeedback format="html">
      <text>Vaše odpověď je částečně správná.</text>
    </partiallycorrectfeedback>
    <incorrectfeedback format="html">
      <text>Vaše odpověď je chybná.</text>
    </incorrectfeedback>
    <shownumcorrect/>
    <answer fraction="100" format="html">
      <text><![CDATA[<p dir="ltr" style="text-align: left;">Ano<br></p>]]></text>
      <feedback format="html">
        <text></text>
      </feedback>
    </answer>
    <answer fraction="100" format="html">
      <text><![CDATA[<p dir="ltr" style="text-align: left;">Ne<br></p>]]></text>
      <feedback format="html">
        <text></text>
      </feedback>
    </answer>
    <answer fraction="100" format="html">
      <text><![CDATA[<p dir="ltr" style="text-align: left;">Trochu<br></p>]]></text>
      <feedback format="html">
        <text></text>
      </feedback>
    </answer>
    <answer fraction="100" format="html">
      <text><![CDATA[<p dir="ltr" style="text-align: left;">Neumím číst<br></p>]]></text>
      <feedback format="html">
        <text></text>
      </feedback>
    </answer>
    <answer fraction="100" format="html">
      <text><![CDATA[<p dir="ltr" style="text-align: left;">Neumím česky<br></p>]]></text>
      <feedback format="html">
        <text></text>
      </feedback>
    </answer>
    <tags>
      <tag><text>pro_radost</text>
</tag>
      <tag><text>polymorfismus</text>
</tag>
    </tags>
  </question>

<!-- question: 0  -->
  <question type="category">
    <category>
      <text>$course$/top/JaroslavHoleček/Programování/Python/Grafika</text>
    </category>
    <info format="html">
      <text></text>
    </info>
    <idnumber></idnumber>
  </question>

<!-- question: 0  -->
  <question type="category">
    <category>
      <text>$course$/top/JaroslavHoleček/Programování/Python/Grafika/PyQt</text>
    </category>
    <info format="html">
      <text></text>
    </info>
    <idnumber></idnumber>
  </question>

<!-- question: 0  -->
  <question type="category">
    <category>
      <text>$course$/top/JaroslavHoleček/Programování/Python/Grafika/PyQt/Okna, QLabel, QButton</text>
    </category>
    <info format="html">
      <text></text>
    </info>
    <idnumber></idnumber>
  </question>

<!-- question: 11700  -->
  <question type="matching">
    <name>
      <text>Základní prvky</text>
    </name>
    <questiontext format="html">
      <text><![CDATA[<p dir="ltr" style="text-align: left;">Přiřaďte jednotlivé QtWidgety k jejim významům.<br></p>]]></text>
    </questiontext>
    <generalfeedback format="html">
      <text></text>
    </generalfeedback>
    <defaultgrade>3.0000000</defaultgrade>
    <penalty>0.5000000</penalty>
    <hidden>0</hidden>
    <idnumber></idnumber>
    <shuffleanswers>true</shuffleanswers>
    <correctfeedback format="html">
      <text>Vaše odpověď je správná.</text>
    </correctfeedback>
    <partiallycorrectfeedback format="html">
      <text>Vaše odpověď je částečně správná.</text>
    </partiallycorrectfeedback>
    <incorrectfeedback format="html">
      <text>Vaše odpověď je chybná.</text>
    </incorrectfeedback>
    <shownumcorrect/>
    <subquestion format="html">
      <text><![CDATA[<p dir="ltr" style="text-align: left;">QLabel<br></p>]]></text>
      <answer>
        <text>Pole s nápisem</text>
      </answer>
    </subquestion>
    <subquestion format="html">
      <text><![CDATA[<p dir="ltr" style="text-align: left;">QPushButton<br></p>]]></text>
      <answer>
        <text>Tlačítko</text>
      </answer>
    </subquestion>
    <subquestion format="html">
      <text><![CDATA[<p dir="ltr" style="text-align: left;">QLineEdit<br></p>]]></text>
      <answer>
        <text>Vstupní (textové) pole</text>
      </answer>
    </subquestion>
    <subquestion format="html">
      <text><![CDATA[<p dir="ltr" style="text-align: left;">QHBoxLayout<br></p>]]></text>
      <answer>
        <text>Vodorovné rozložení prvků v okně</text>
      </answer>
    </subquestion>
    <tags>
      <tag><text>grafika</text>
</tag>
      <tag><text>python</text>
</tag>
      <tag><text>pyqt</text>
</tag>
    </tags>
  </question>

<!-- question: 11701  -->
  <question type="multichoice">
    <name>
      <text>Funkcionalita tlačítka</text>
    </name>
    <questiontext format="html">
      <text><![CDATA[<p dir="ltr" style="text-align: left;">To, co se stane po kliknutí na tlačítko v našem programu je dáno:<br></p>]]></text>
    </questiontext>
    <generalfeedback format="html">
      <text></text>
    </generalfeedback>
    <defaultgrade>2.0000000</defaultgrade>
    <penalty>0.5000000</penalty>
    <hidden>0</hidden>
    <idnumber></idnumber>
    <single>true</single>
    <shuffleanswers>true</shuffleanswers>
    <answernumbering>abc</answernumbering>
    <showstandardinstruction>0</showstandardinstruction>
    <correctfeedback format="html">
      <text>Vaše odpověď je správná.</text>
    </correctfeedback>
    <partiallycorrectfeedback format="html">
      <text>Vaše odpověď je částečně správná.</text>
    </partiallycorrectfeedback>
    <incorrectfeedback format="html">
      <text>Vaše odpověď je chybná.</text>
    </incorrectfeedback>
    <shownumcorrect/>
    <answer fraction="100" format="html">
      <text><![CDATA[<p dir="ltr" style="text-align: left;">Ve funkci, která je napojená na tlačítko.<br></p>]]></text>
      <feedback format="html">
        <text></text>
      </feedback>
    </answer>
    <answer fraction="0" format="html">
      <text><![CDATA[<p dir="ltr" style="text-align: left;">Typem tlačítka<br></p>]]></text>
      <feedback format="html">
        <text></text>
      </feedback>
    </answer>
    <answer fraction="0" format="html">
      <text><![CDATA[<p dir="ltr" style="text-align: left;">Automaticky při vytváření samotného tlačítka<br></p>]]></text>
      <feedback format="html">
        <text></text>
      </feedback>
    </answer>
    <answer fraction="0" format="html">
      <text><![CDATA[<p dir="ltr" style="text-align: left;">Nápisem na tlačítku (OK potvrzuje, Submit odesílá atp.)<br></p>]]></text>
      <feedback format="html">
        <text></text>
      </feedback>
    </answer>
    <tags>
      <tag><text>grafika</text>
</tag>
      <tag><text>python</text>
</tag>
      <tag><text>pyqt</text>
</tag>
    </tags>
  </question>

<!-- question: 11691  -->
  <question type="multichoice">
    <name>
      <text>Nadtřída grafických prvků</text>
    </name>
    <questiontext format="html">
      <text><![CDATA[<p dir="ltr" style="text-align: left;">V knihovně PyQt jsou všechny (které používáme ve škole) grafické prvky (okno, tlačítko, vstupní pole, ... ) k nalezení v části:<br></p>]]></text>
    </questiontext>
    <generalfeedback format="html">
      <text></text>
    </generalfeedback>
    <defaultgrade>2.0000000</defaultgrade>
    <penalty>0.5000000</penalty>
    <hidden>0</hidden>
    <idnumber></idnumber>
    <single>true</single>
    <shuffleanswers>true</shuffleanswers>
    <answernumbering>abc</answernumbering>
    <showstandardinstruction>0</showstandardinstruction>
    <correctfeedback format="html">
      <text>Vaše odpověď je správná.</text>
    </correctfeedback>
    <partiallycorrectfeedback format="html">
      <text>Vaše odpověď je částečně správná.</text>
    </partiallycorrectfeedback>
    <incorrectfeedback format="html">
      <text>Vaše odpověď je chybná.</text>
    </incorrectfeedback>
    <shownumcorrect/>
    <answer fraction="100" format="html">
      <text><![CDATA[<p dir="ltr" style="text-align: left;">QtWidgets<br></p>]]></text>
      <feedback format="html">
        <text></text>
      </feedback>
    </answer>
    <answer fraction="0" format="html">
      <text><![CDATA[<p dir="ltr" style="text-align: left;">PyQtGraphics<br></p>]]></text>
      <feedback format="html">
        <text></text>
      </feedback>
    </answer>
    <answer fraction="0" format="html">
      <text><![CDATA[<p dir="ltr" style="text-align: left;">Showable<br></p>]]></text>
      <feedback format="html">
        <text></text>
      </feedback>
    </answer>
    <answer fraction="0" format="html">
      <text><![CDATA[<p dir="ltr" style="text-align: left;">QtElements<br></p>]]></text>
      <feedback format="html">
        <text></text>
      </feedback>
    </answer>
    <tags>
      <tag><text>grafika</text>
</tag>
      <tag><text>python</text>
</tag>
      <tag><text>pyqt</text>
</tag>
    </tags>
  </question>

<!-- question: 11705  -->
  <question type="multichoice">
    <name>
      <text>Připojení funkce k tlačítku</text>
    </name>
    <questiontext format="html">
      <text><![CDATA[<p dir="ltr" style="text-align: left;">Při připojování funkce k tlačítku udáváme název funkce (to nepřekvapí...) s, nebo bez kulatých závorek?<br></p>]]></text>
    </questiontext>
    <generalfeedback format="html">
      <text></text>
    </generalfeedback>
    <defaultgrade>2.0000000</defaultgrade>
    <penalty>0.5000000</penalty>
    <hidden>0</hidden>
    <idnumber></idnumber>
    <single>true</single>
    <shuffleanswers>true</shuffleanswers>
    <answernumbering>abc</answernumbering>
    <showstandardinstruction>0</showstandardinstruction>
    <correctfeedback format="html">
      <text>Vaše odpověď je správná.</text>
    </correctfeedback>
    <partiallycorrectfeedback format="html">
      <text>Vaše odpověď je částečně správná.</text>
    </partiallycorrectfeedback>
    <incorrectfeedback format="html">
      <text>Vaše odpověď je chybná.</text>
    </incorrectfeedback>
    <shownumcorrect/>
    <answer fraction="100" format="html">
      <text><![CDATA[<p dir="ltr" style="text-align: left;">bez závorek<br></p>]]></text>
      <feedback format="html">
        <text></text>
      </feedback>
    </answer>
    <answer fraction="0" format="html">
      <text><![CDATA[<p dir="ltr" style="text-align: left;">se závorkami<br></p>]]></text>
      <feedback format="html">
        <text></text>
      </feedback>
    </answer>
    <tags>
      <tag><text>grafika</text>
</tag>
      <tag><text>python</text>
</tag>
      <tag><text>pyqt</text>
</tag>
    </tags>
  </question>

<!-- question: 11698  -->
  <question type="shortanswer">
    <name>
      <text>Spuštění aplikace</text>
    </name>
    <questiontext format="html">
      <text><![CDATA[<p dir="ltr" style="text-align: left;">Jakou funkcí spustíme grafickou aplikací?</p><p dir="ltr" style="text-align: left;">Pozn.: Zapisujte pouze název funkce bez argumentů a bez objektu, na který ji voláme - tedy např.: spustit()</p><p dir="ltr" style="text-align: left;">Tip.: "spustit()" to není...<br></p>]]></text>
    </questiontext>
    <generalfeedback format="html">
      <text></text>
    </generalfeedback>
    <defaultgrade>3.0000000</defaultgrade>
    <penalty>0.3333333</penalty>
    <hidden>0</hidden>
    <idnumber></idnumber>
    <usecase>0</usecase>
    <answer fraction="100" format="moodle_auto_format">
      <text>exec()</text>
      <feedback format="html">
        <text></text>
      </feedback>
    </answer>
    <answer fraction="100" format="moodle_auto_format">
      <text>exec</text>
      <feedback format="html">
        <text></text>
      </feedback>
    </answer>
    <answer fraction="100" format="moodle_auto_format">
      <text>exec(*)</text>
      <feedback format="html">
        <text></text>
      </feedback>
    </answer>
    <tags>
      <tag><text>grafika</text>
</tag>
      <tag><text>python</text>
</tag>
      <tag><text>pyqt</text>
</tag>
    </tags>
  </question>

<!-- question: 11699  -->
  <question type="shortanswer">
    <name>
      <text>Zobrazení okna</text>
    </name>
    <questiontext format="html">
      <text><![CDATA[<p dir="ltr" style="text-align: left;">Jakou funkcí zobrazíme zvolené grafické okno?</p><p dir="ltr" style="text-align: left;">Pozn.: Zapisujte pouze název funkce bez argumentů a bez objektu, na který ji voláme - tedy např.: zobraz()</p><p dir="ltr" style="text-align: left;">Tip.: "zobraz()" to není...<br></p>]]></text>
    </questiontext>
    <generalfeedback format="html">
      <text></text>
    </generalfeedback>
    <defaultgrade>3.0000000</defaultgrade>
    <penalty>0.3333333</penalty>
    <hidden>0</hidden>
    <idnumber></idnumber>
    <usecase>0</usecase>
    <answer fraction="100" format="moodle_auto_format">
      <text>show()</text>
      <feedback format="html">
        <text></text>
      </feedback>
    </answer>
    <answer fraction="100" format="moodle_auto_format">
      <text>show</text>
      <feedback format="html">
        <text></text>
      </feedback>
    </answer>
    <answer fraction="100" format="moodle_auto_format">
      <text>show(*)</text>
      <feedback format="html">
        <text></text>
      </feedback>
    </answer>
    <tags>
      <tag><text>grafika</text>
</tag>
      <tag><text>python</text>
</tag>
      <tag><text>pyqt</text>
</tag>
    </tags>
  </question>

<!-- question: 11689  -->
  <question type="truefalse">
    <name>
      <text>Je okno aplikace</text>
    </name>
    <questiontext format="html">
      <text><![CDATA[<p dir="ltr" style="text-align: left;">Grafické okno je to samé jako aplikace (tedy vše se počítá, zobrazuje atd. v jednom hlavním grafickém okně.)<br></p>]]></text>
    </questiontext>
    <generalfeedback format="html">
      <text></text>
    </generalfeedback>
    <defaultgrade>1.0000000</defaultgrade>
    <penalty>1.0000000</penalty>
    <hidden>0</hidden>
    <idnumber></idnumber>
    <answer fraction="0" format="moodle_auto_format">
      <text>true</text>
      <feedback format="html">
        <text></text>
      </feedback>
    </answer>
    <answer fraction="100" format="moodle_auto_format">
      <text>false</text>
      <feedback format="html">
        <text></text>
      </feedback>
    </answer>
    <tags>
      <tag><text>grafika</text>
</tag>
      <tag><text>python</text>
</tag>
      <tag><text>pyqt</text>
</tag>
    </tags>
  </question>

<!-- question: 11702  -->
  <question type="truefalse">
    <name>
      <text>Počet funkcí na tlačítko</text>
    </name>
    <questiontext format="html">
      <text><![CDATA[<p dir="ltr" style="text-align: left;">Na každé tlačítko může být napojena pouze jedna funkce<br></p>]]></text>
    </questiontext>
    <generalfeedback format="html">
      <text></text>
    </generalfeedback>
    <defaultgrade>1.0000000</defaultgrade>
    <penalty>1.0000000</penalty>
    <hidden>0</hidden>
    <idnumber></idnumber>
    <answer fraction="0" format="moodle_auto_format">
      <text>true</text>
      <feedback format="html">
        <text></text>
      </feedback>
    </answer>
    <answer fraction="100" format="moodle_auto_format">
      <text>false</text>
      <feedback format="html">
        <text></text>
      </feedback>
    </answer>
    <tags>
      <tag><text>grafika</text>
</tag>
      <tag><text>python</text>
</tag>
      <tag><text>pyqt</text>
</tag>
    </tags>
  </question>

<!-- question: 11704  -->
  <question type="truefalse">
    <name>
      <text>Počet spuštěných oken</text>
    </name>
    <questiontext format="html">
      <text><![CDATA[<p dir="ltr" style="text-align: left;">V aplikaci může být spuštěné (viditelné) vždy jen jedno okno.<br></p>]]></text>
    </questiontext>
    <generalfeedback format="html">
      <text></text>
    </generalfeedback>
    <defaultgrade>1.0000000</defaultgrade>
    <penalty>1.0000000</penalty>
    <hidden>0</hidden>
    <idnumber></idnumber>
    <answer fraction="0" format="moodle_auto_format">
      <text>true</text>
      <feedback format="html">
        <text></text>
      </feedback>
    </answer>
    <answer fraction="100" format="moodle_auto_format">
      <text>false</text>
      <feedback format="html">
        <text></text>
      </feedback>
    </answer>
    <tags>
      <tag><text>grafika</text>
</tag>
      <tag><text>python</text>
</tag>
      <tag><text>pyqt</text>
</tag>
    </tags>
  </question>

<!-- question: 11703  -->
  <question type="truefalse">
    <name>
      <text>Počet tlačítek na funkci</text>
    </name>
    <questiontext format="html">
      <text><![CDATA[<p dir="ltr" style="text-align: left;">Každá funkce může být napojena pouze na jedno tlačítko<br></p>]]></text>
    </questiontext>
    <generalfeedback format="html">
      <text></text>
    </generalfeedback>
    <defaultgrade>1.0000000</defaultgrade>
    <penalty>1.0000000</penalty>
    <hidden>0</hidden>
    <idnumber></idnumber>
    <answer fraction="0" format="moodle_auto_format">
      <text>true</text>
      <feedback format="html">
        <text></text>
      </feedback>
    </answer>
    <answer fraction="100" format="moodle_auto_format">
      <text>false</text>
      <feedback format="html">
        <text></text>
      </feedback>
    </answer>
    <tags>
      <tag><text>grafika</text>
</tag>
      <tag><text>python</text>
</tag>
      <tag><text>pyqt</text>
</tag>
    </tags>
  </question>

<!-- question: 0  -->
  <question type="category">
    <category>
      <text>$course$/top/JaroslavHoleček/Programování/Python/Grafika/PyQt/QLineEdit</text>
    </category>
    <info format="html">
      <text></text>
    </info>
    <idnumber></idnumber>
  </question>

<!-- question: 11706  -->
  <question type="multichoice">
    <name>
      <text>Co je QLineEdit</text>
    </name>
    <questiontext format="html">
      <text><![CDATA[<p dir="ltr" style="text-align: left;">Co je to QLineEdit ?<br></p>]]></text>
    </questiontext>
    <generalfeedback format="html">
      <text></text>
    </generalfeedback>
    <defaultgrade>2.0000000</defaultgrade>
    <penalty>0.3333333</penalty>
    <hidden>0</hidden>
    <idnumber></idnumber>
    <single>true</single>
    <shuffleanswers>true</shuffleanswers>
    <answernumbering>abc</answernumbering>
    <showstandardinstruction>0</showstandardinstruction>
    <correctfeedback format="html">
      <text>Vaše odpověď je správná.</text>
    </correctfeedback>
    <partiallycorrectfeedback format="html">
      <text>Vaše odpověď je částečně správná.</text>
    </partiallycorrectfeedback>
    <incorrectfeedback format="html">
      <text>Vaše odpověď je chybná.</text>
    </incorrectfeedback>
    <shownumcorrect/>
    <answer fraction="100" format="html">
      <text><![CDATA[<p dir="ltr" style="text-align: left;">Typ prvku z QtWidget<br></p>]]></text>
      <feedback format="html">
        <text></text>
      </feedback>
    </answer>
    <answer fraction="0" format="html">
      <text><![CDATA[<p dir="ltr" style="text-align: left;">Podtřída Okna (Qwindow)<br></p>]]></text>
      <feedback format="html">
        <text></text>
      </feedback>
    </answer>
    <answer fraction="0" format="html">
      <text><![CDATA[<p dir="ltr" style="text-align: left;">Podtřída QEdit<br></p>]]></text>
      <feedback format="html">
        <text></text>
      </feedback>
    </answer>
    <answer fraction="0" format="html">
      <text><![CDATA[<p dir="ltr" style="text-align: left;">Nadtřída QLine<br></p>]]></text>
      <feedback format="html">
        <text></text>
      </feedback>
    </answer>
    <tags>
      <tag><text>grafika</text>
</tag>
      <tag><text>python</text>
</tag>
      <tag><text>pyqt</text>
</tag>
    </tags>
  </question>

<!-- question: 11710  -->
  <question type="multichoice">
    <name>
      <text>Jak přečíst vstupní text</text>
    </name>
    <questiontext format="html">
      <text><![CDATA[<p dir="ltr" style="text-align: left;">Pomocí které funkce můžeme v programu zjistit, co uživatel zadal do QLineEdit?<br></p>]]></text>
    </questiontext>
    <generalfeedback format="html">
      <text></text>
    </generalfeedback>
    <defaultgrade>2.0000000</defaultgrade>
    <penalty>0.5000000</penalty>
    <hidden>0</hidden>
    <idnumber></idnumber>
    <single>true</single>
    <shuffleanswers>true</shuffleanswers>
    <answernumbering>abc</answernumbering>
    <showstandardinstruction>0</showstandardinstruction>
    <correctfeedback format="html">
      <text>Vaše odpověď je správná.</text>
    </correctfeedback>
    <partiallycorrectfeedback format="html">
      <text>Vaše odpověď je částečně správná.</text>
    </partiallycorrectfeedback>
    <incorrectfeedback format="html">
      <text>Vaše odpověď je chybná.</text>
    </incorrectfeedback>
    <shownumcorrect/>
    <answer fraction="100" format="html">
      <text><![CDATA[<p dir="ltr" style="text-align: left;">text()<br></p>]]></text>
      <feedback format="html">
        <text></text>
      </feedback>
    </answer>
    <answer fraction="0" format="html">
      <text><![CDATA[<p dir="ltr" style="text-align: left;">get_text()<br></p>]]></text>
      <feedback format="html">
        <text></text>
      </feedback>
    </answer>
    <answer fraction="0" format="html">
      <text><![CDATA[<p dir="ltr" style="text-align: left;">read()<br></p>]]></text>
      <feedback format="html">
        <text></text>
      </feedback>
    </answer>
    <answer fraction="0" format="html">
      <text><![CDATA[<p dir="ltr" style="text-align: left;">load()<br></p>]]></text>
      <feedback format="html">
        <text></text>
      </feedback>
    </answer>
    <answer fraction="0" format="html">
      <text><![CDATA[<p dir="ltr" style="text-align: left;">input()<br></p>]]></text>
      <feedback format="html">
        <text></text>
      </feedback>
    </answer>
    <tags>
      <tag><text>grafika</text>
</tag>
      <tag><text>python</text>
</tag>
      <tag><text>pyqt</text>
</tag>
    </tags>
  </question>

<!-- question: 11715  -->
  <question type="multichoice">
    <name>
      <text>Je nutné přetypování?</text>
    </name>
    <questiontext format="html">
      <text><![CDATA[<p dir="ltr" style="text-align: left;">Je nutné přetypovat vstup od uživatele na číslo, pokud ho chceme dále v programu sčítat s jiným číslem?<br></p>]]></text>
    </questiontext>
    <generalfeedback format="html">
      <text></text>
    </generalfeedback>
    <defaultgrade>2.0000000</defaultgrade>
    <penalty>0.5000000</penalty>
    <hidden>0</hidden>
    <idnumber></idnumber>
    <single>true</single>
    <shuffleanswers>true</shuffleanswers>
    <answernumbering>abc</answernumbering>
    <showstandardinstruction>0</showstandardinstruction>
    <correctfeedback format="html">
      <text>Vaše odpověď je správná.</text>
    </correctfeedback>
    <partiallycorrectfeedback format="html">
      <text>Vaše odpověď je částečně správná.</text>
    </partiallycorrectfeedback>
    <incorrectfeedback format="html">
      <text>Vaše odpověď je chybná.</text>
    </incorrectfeedback>
    <shownumcorrect/>
    <answer fraction="100" format="html">
      <text><![CDATA[<p dir="ltr" style="text-align: left;">Ano, je to vždy nutné<br></p>]]></text>
      <feedback format="html">
        <text></text>
      </feedback>
    </answer>
    <answer fraction="0" format="html">
      <text><![CDATA[<p dir="ltr" style="text-align: left;">Ne, není to nikdy potřeba<br></p>]]></text>
      <feedback format="html">
        <text></text>
      </feedback>
    </answer>
    <answer fraction="0" format="html">
      <text><![CDATA[<p dir="ltr" style="text-align: left;">Není to nutné, pokud uživatel zadá hodnotu, kterou lze převést na číslo. Riskujeme ale, že uživatel zadá něco, co není číslo (např. "ahoj") a potom nám program při sčítání havaruje.<br></p>]]></text>
      <feedback format="html">
        <text></text>
      </feedback>
    </answer>
    <tags>
      <tag><text>grafika</text>
</tag>
      <tag><text>python</text>
</tag>
      <tag><text>pyqt</text>
</tag>
    </tags>
  </question>

<!-- question: 11707  -->
  <question type="multichoice">
    <name>
      <text>K čemu je QLineEdit</text>
    </name>
    <questiontext format="html">
      <text><![CDATA[<p dir="ltr" style="text-align: left;">K čemu QLineEdit ?<br></p>]]></text>
    </questiontext>
    <generalfeedback format="html">
      <text></text>
    </generalfeedback>
    <defaultgrade>2.0000000</defaultgrade>
    <penalty>0.3333333</penalty>
    <hidden>0</hidden>
    <idnumber></idnumber>
    <single>true</single>
    <shuffleanswers>true</shuffleanswers>
    <answernumbering>abc</answernumbering>
    <showstandardinstruction>0</showstandardinstruction>
    <correctfeedback format="html">
      <text>Vaše odpověď je správná.</text>
    </correctfeedback>
    <partiallycorrectfeedback format="html">
      <text>Vaše odpověď je částečně správná.</text>
    </partiallycorrectfeedback>
    <incorrectfeedback format="html">
      <text>Vaše odpověď je chybná.</text>
    </incorrectfeedback>
    <shownumcorrect/>
    <answer fraction="100" format="html">
      <text><![CDATA[<p dir="ltr" style="text-align: left;">Je to pole, do kterého může uživatel zadat text<br></p>]]></text>
      <feedback format="html">
        <text></text>
      </feedback>
    </answer>
    <answer fraction="0" format="html">
      <text><![CDATA[<p dir="ltr" style="text-align: left;">Je to prvek, který může měnit hodnotu v jiném prvku<br></p>]]></text>
      <feedback format="html">
        <text></text>
      </feedback>
    </answer>
    <answer fraction="0" format="html">
      <text><![CDATA[<p dir="ltr" style="text-align: left;">Slouží k rozložení prvků v okně do jedné přímky<br></p>]]></text>
      <feedback format="html">
        <text></text>
      </feedback>
    </answer>
    <answer fraction="0" format="html">
      <text><![CDATA[<p dir="ltr" style="text-align: left;">Je úplně k ničemu<br></p>]]></text>
      <feedback format="html">
        <text></text>
      </feedback>
    </answer>
    <tags>
      <tag><text>grafika</text>
</tag>
      <tag><text>python</text>
</tag>
      <tag><text>pyqt</text>
</tag>
    </tags>
  </question>

<!-- question: 11714  -->
  <question type="multichoice">
    <name>
      <text>Přetypování</text>
    </name>
    <questiontext format="html">
      <text><![CDATA[<p dir="ltr" style="text-align: left;">Pokud chceme string přetypovat na celé číslo (tedy z "25" chceme 25) provedeme to:<br></p>]]></text>
    </questiontext>
    <generalfeedback format="html">
      <text></text>
    </generalfeedback>
    <defaultgrade>2.0000000</defaultgrade>
    <penalty>0.3333333</penalty>
    <hidden>0</hidden>
    <idnumber></idnumber>
    <single>true</single>
    <shuffleanswers>true</shuffleanswers>
    <answernumbering>abc</answernumbering>
    <showstandardinstruction>0</showstandardinstruction>
    <correctfeedback format="html">
      <text>Vaše odpověď je správná.</text>
    </correctfeedback>
    <partiallycorrectfeedback format="html">
      <text>Vaše odpověď je částečně správná.</text>
    </partiallycorrectfeedback>
    <incorrectfeedback format="html">
      <text>Vaše odpověď je chybná.</text>
    </incorrectfeedback>
    <shownumcorrect/>
    <answer fraction="100" format="html">
      <text><![CDATA[<p dir="ltr" style="text-align: left;">int("25")<br></p>]]></text>
      <feedback format="html">
        <text></text>
      </feedback>
    </answer>
    <answer fraction="0" format="html">
      <text><![CDATA[<p dir="ltr" style="text-align: left;">float("25")<br></p>]]></text>
      <feedback format="html">
        <text></text>
      </feedback>
    </answer>
    <answer fraction="0" format="html">
      <text><![CDATA[<p dir="ltr" style="text-align: left;">"25".to_number()<br></p>]]></text>
      <feedback format="html">
        <text></text>
      </feedback>
    </answer>
    <answer fraction="0" format="html">
      <text><![CDATA[<p dir="ltr" style="text-align: left;">to_number("25")<br></p>]]></text>
      <feedback format="html">
        <text></text>
      </feedback>
    </answer>
    <answer fraction="0" format="html">
      <text><![CDATA[<p dir="ltr" style="text-align: left;">Python tento převod provede automaticky.<br></p>]]></text>
      <feedback format="html">
        <text></text>
      </feedback>
    </answer>
    <tags>
      <tag><text>grafika</text>
</tag>
      <tag><text>python</text>
</tag>
      <tag><text>pyqt</text>
</tag>
    </tags>
  </question>

<!-- question: 11709  -->
  <question type="multichoice">
    <name>
      <text>strip()</text>
    </name>
    <questiontext format="html">
      <text><![CDATA[<p dir="ltr" style="text-align: left;">Pomocí které funkce můžeme snadno (nejkratší kód) rozdělit nápis na více prvků (například "1 2 3 4" na ["1", "2", "3", "4"])?<br></p>]]></text>
    </questiontext>
    <generalfeedback format="html">
      <text></text>
    </generalfeedback>
    <defaultgrade>2.0000000</defaultgrade>
    <penalty>0.5000000</penalty>
    <hidden>0</hidden>
    <idnumber></idnumber>
    <single>true</single>
    <shuffleanswers>true</shuffleanswers>
    <answernumbering>abc</answernumbering>
    <showstandardinstruction>0</showstandardinstruction>
    <correctfeedback format="html">
      <text>Vaše odpověď je správná.</text>
    </correctfeedback>
    <partiallycorrectfeedback format="html">
      <text>Vaše odpověď je částečně správná.</text>
    </partiallycorrectfeedback>
    <incorrectfeedback format="html">
      <text>Vaše odpověď je chybná.</text>
    </incorrectfeedback>
    <shownumcorrect/>
    <answer fraction="100" format="html">
      <text><![CDATA[<p dir="ltr" style="text-align: left;">strip()<br></p>]]></text>
      <feedback format="html">
        <text></text>
      </feedback>
    </answer>
    <answer fraction="0" format="html">
      <text><![CDATA[<p dir="ltr" style="text-align: left;">slip()<br></p>]]></text>
      <feedback format="html">
        <text></text>
      </feedback>
    </answer>
    <answer fraction="0" format="html">
      <text><![CDATA[<p dir="ltr" style="text-align: left;">vtip()<br></p>]]></text>
      <feedback format="html">
        <text></text>
      </feedback>
    </answer>
    <answer fraction="0" format="html">
      <text><![CDATA[<p dir="ltr" style="text-align: left;">trh()<br></p>]]></text>
      <feedback format="html">
        <text></text>
      </feedback>
    </answer>
    <tags>
      <tag><text>grafika</text>
</tag>
      <tag><text>python</text>
</tag>
      <tag><text>pyqt</text>
</tag>
    </tags>
  </question>

<!-- question: 11712  -->
  <question type="truefalse">
    <name>
      <text>Jen jedna řádka</text>
    </name>
    <questiontext format="html">
      <text><![CDATA[<p dir="ltr" style="text-align: left;">Do QLineEdit lze zapsat pouze jednu řádku.<br></p>]]></text>
    </questiontext>
    <generalfeedback format="html">
      <text></text>
    </generalfeedback>
    <defaultgrade>1.0000000</defaultgrade>
    <penalty>1.0000000</penalty>
    <hidden>0</hidden>
    <idnumber></idnumber>
    <answer fraction="100" format="moodle_auto_format">
      <text>true</text>
      <feedback format="html">
        <text></text>
      </feedback>
    </answer>
    <answer fraction="0" format="moodle_auto_format">
      <text>false</text>
      <feedback format="html">
        <text></text>
      </feedback>
    </answer>
    <tags>
      <tag><text>grafika</text>
</tag>
      <tag><text>python</text>
</tag>
      <tag><text>pyqt</text>
</tag>
    </tags>
  </question>

<!-- question: 11713  -->
  <question type="truefalse">
    <name>
      <text>Pozice načteného textu</text>
    </name>
    <questiontext format="html">
      <text><![CDATA[<p dir="ltr" style="text-align: left;">Text načtený z QLineEdit se zobrazí vždy vedle tohoto pole.<br></p>]]></text>
    </questiontext>
    <generalfeedback format="html">
      <text></text>
    </generalfeedback>
    <defaultgrade>1.0000000</defaultgrade>
    <penalty>1.0000000</penalty>
    <hidden>0</hidden>
    <idnumber></idnumber>
    <answer fraction="0" format="moodle_auto_format">
      <text>true</text>
      <feedback format="html">
        <text></text>
      </feedback>
    </answer>
    <answer fraction="100" format="moodle_auto_format">
      <text>false</text>
      <feedback format="html">
        <text></text>
      </feedback>
    </answer>
    <tags>
      <tag><text>grafika</text>
</tag>
      <tag><text>python</text>
</tag>
      <tag><text>pyqt</text>
</tag>
    </tags>
  </question>

<!-- question: 11711  -->
  <question type="truefalse">
    <name>
      <text>Programový zápis do QLineEdit</text>
    </name>
    <questiontext format="html">
      <text><![CDATA[<p dir="ltr" style="text-align: left;">Uvnitř programu (v kódu) nelze zapsat text do QLineEdit.<br></p>]]></text>
    </questiontext>
    <generalfeedback format="html">
      <text></text>
    </generalfeedback>
    <defaultgrade>1.0000000</defaultgrade>
    <penalty>1.0000000</penalty>
    <hidden>0</hidden>
    <idnumber></idnumber>
    <answer fraction="0" format="moodle_auto_format">
      <text>true</text>
      <feedback format="html">
        <text></text>
      </feedback>
    </answer>
    <answer fraction="100" format="moodle_auto_format">
      <text>false</text>
      <feedback format="html">
        <text></text>
      </feedback>
    </answer>
    <tags>
      <tag><text>grafika</text>
</tag>
      <tag><text>python</text>
</tag>
      <tag><text>pyqt</text>
</tag>
    </tags>
  </question>

<!-- question: 11708  -->
  <question type="truefalse">
    <name>
      <text>QLineEdit jen na text</text>
    </name>
    <questiontext format="html">
      <text><![CDATA[<p dir="ltr" style="text-align: left;">Do QLineEdit lze vložit pouze text (resp. vše, co do něj zapíšeme se bere jako text)<br></p>]]></text>
    </questiontext>
    <generalfeedback format="html">
      <text></text>
    </generalfeedback>
    <defaultgrade>1.0000000</defaultgrade>
    <penalty>1.0000000</penalty>
    <hidden>0</hidden>
    <idnumber></idnumber>
    <answer fraction="100" format="moodle_auto_format">
      <text>true</text>
      <feedback format="html">
        <text></text>
      </feedback>
    </answer>
    <answer fraction="0" format="moodle_auto_format">
      <text>false</text>
      <feedback format="html">
        <text></text>
      </feedback>
    </answer>
    <tags>
      <tag><text>grafika</text>
</tag>
      <tag><text>python</text>
</tag>
      <tag><text>pyqt</text>
</tag>
    </tags>
  </question>

<!-- question: 0  -->
  <question type="category">
    <category>
      <text>$course$/top/JaroslavHoleček/Programování/Python/Grafika/PyQt/QLayout</text>
    </category>
    <info format="html">
      <text></text>
    </info>
    <idnumber></idnumber>
  </question>

<!-- question: 11716  -->
  <question type="matching">
    <name>
      <text>Typy QLayout</text>
    </name>
    <questiontext format="html">
      <text><![CDATA[<p dir="ltr" style="text-align: left;">Přiřaďte typy QLayout k jejich významu.<br></p>]]></text>
    </questiontext>
    <generalfeedback format="html">
      <text></text>
    </generalfeedback>
    <defaultgrade>3.0000000</defaultgrade>
    <penalty>0.5000000</penalty>
    <hidden>0</hidden>
    <idnumber></idnumber>
    <shuffleanswers>true</shuffleanswers>
    <correctfeedback format="html">
      <text>Vaše odpověď je správná.</text>
    </correctfeedback>
    <partiallycorrectfeedback format="html">
      <text>Vaše odpověď je částečně správná.</text>
    </partiallycorrectfeedback>
    <incorrectfeedback format="html">
      <text>Vaše odpověď je chybná.</text>
    </incorrectfeedback>
    <shownumcorrect/>
    <subquestion format="html">
      <text><![CDATA[<p dir="ltr" style="text-align: left;">QHBoxLayout<br></p>]]></text>
      <answer>
        <text>Vodorovné rozložení</text>
      </answer>
    </subquestion>
    <subquestion format="html">
      <text><![CDATA[<p dir="ltr" style="text-align: left;">QVBoxLayout<br></p>]]></text>
      <answer>
        <text>Svislé rozložení</text>
      </answer>
    </subquestion>
    <subquestion format="html">
      <text><![CDATA[<p dir="ltr" style="text-align: left;">QGridLayout<br></p>]]></text>
      <answer>
        <text>Rozložení do mřížky</text>
      </answer>
    </subquestion>
    <tags>
      <tag><text>grafika</text>
</tag>
      <tag><text>python</text>
</tag>
      <tag><text>pyqt</text>
</tag>
    </tags>
  </question>

<!-- question: 11717  -->
  <question type="multichoice">
    <name>
      <text>Bez použití QLayout</text>
    </name>
    <questiontext format="html">
      <text><![CDATA[<p dir="ltr" style="text-align: left;">Co se stane, pokud neurčíme pro okno QLayout?<br></p>]]></text>
    </questiontext>
    <generalfeedback format="html">
      <text></text>
    </generalfeedback>
    <defaultgrade>2.0000000</defaultgrade>
    <penalty>0.5000000</penalty>
    <hidden>0</hidden>
    <idnumber></idnumber>
    <single>true</single>
    <shuffleanswers>true</shuffleanswers>
    <answernumbering>abc</answernumbering>
    <showstandardinstruction>0</showstandardinstruction>
    <correctfeedback format="html">
      <text>Vaše odpověď je správná.</text>
    </correctfeedback>
    <partiallycorrectfeedback format="html">
      <text>Vaše odpověď je částečně správná.</text>
    </partiallycorrectfeedback>
    <incorrectfeedback format="html">
      <text>Vaše odpověď je chybná.</text>
    </incorrectfeedback>
    <shownumcorrect/>
    <answer fraction="100" format="html">
      <text><![CDATA[<p dir="ltr" style="text-align: left;">Použije se defaultní QLayout<br></p>]]></text>
      <feedback format="html">
        <text></text>
      </feedback>
    </answer>
    <answer fraction="0" format="html">
      <text><![CDATA[<p dir="ltr" style="text-align: left;">Program skončí chybou<br></p>]]></text>
      <feedback format="html">
        <text></text>
      </feedback>
    </answer>
    <answer fraction="0" format="html">
      <text><![CDATA[<p dir="ltr" style="text-align: left;">QLayout se zadává přímo při tvorbě okna - tedy nejde neurčit<br></p>]]></text>
      <feedback format="html">
        <text></text>
      </feedback>
    </answer>
    <tags>
      <tag><text>grafika</text>
</tag>
      <tag><text>python</text>
</tag>
      <tag><text>pyqt</text>
</tag>
    </tags>
  </question>

<!-- question: 11723  -->
  <question type="multichoice">
    <name>
      <text>Co je Grid v QGridLayout</text>
    </name>
    <questiontext format="html">
      <text><![CDATA[<p dir="ltr" style="text-align: left;">Co znamená Grid v QGridLayout?<br></p>]]></text>
    </questiontext>
    <generalfeedback format="html">
      <text></text>
    </generalfeedback>
    <defaultgrade>1.0000000</defaultgrade>
    <penalty>0.5000000</penalty>
    <hidden>0</hidden>
    <idnumber></idnumber>
    <single>true</single>
    <shuffleanswers>true</shuffleanswers>
    <answernumbering>abc</answernumbering>
    <showstandardinstruction>0</showstandardinstruction>
    <correctfeedback format="html">
      <text>Vaše odpověď je správná.</text>
    </correctfeedback>
    <partiallycorrectfeedback format="html">
      <text>Vaše odpověď je částečně správná.</text>
    </partiallycorrectfeedback>
    <incorrectfeedback format="html">
      <text>Vaše odpověď je chybná.</text>
    </incorrectfeedback>
    <shownumcorrect/>
    <answer fraction="100" format="html">
      <text><![CDATA[<p dir="ltr" style="text-align: left;">Mřížka<br></p>]]></text>
      <feedback format="html">
        <text></text>
      </feedback>
    </answer>
    <answer fraction="0" format="html">
      <text><![CDATA[<p dir="ltr" style="text-align: left;">Greedy<br></p>]]></text>
      <feedback format="html">
        <text></text>
      </feedback>
    </answer>
    <answer fraction="0" format="html">
      <text><![CDATA[<p dir="ltr" style="text-align: left;">Hladový<br></p>]]></text>
      <feedback format="html">
        <text></text>
      </feedback>
    </answer>
    <answer fraction="0" format="html">
      <text><![CDATA[<p dir="ltr" style="text-align: left;">Rukojeť<br></p>]]></text>
      <feedback format="html">
        <text></text>
      </feedback>
    </answer>
    <answer fraction="0" format="html">
      <text><![CDATA[<p dir="ltr" style="text-align: left;">Něco sprostýho<br></p>]]></text>
      <feedback format="html">
        <text></text>
      </feedback>
    </answer>
    <tags>
      <tag><text>grafika</text>
</tag>
      <tag><text>python</text>
</tag>
      <tag><text>pyqt</text>
</tag>
    </tags>
  </question>

<!-- question: 11721  -->
  <question type="multichoice">
    <name>
      <text>Co je H v QHBoxLayout</text>
    </name>
    <questiontext format="html">
      <text><![CDATA[<p dir="ltr" style="text-align: left;">Co znamená H v QHBoxLayout?<br></p>]]></text>
    </questiontext>
    <generalfeedback format="html">
      <text></text>
    </generalfeedback>
    <defaultgrade>1.0000000</defaultgrade>
    <penalty>0.5000000</penalty>
    <hidden>0</hidden>
    <idnumber></idnumber>
    <single>true</single>
    <shuffleanswers>true</shuffleanswers>
    <answernumbering>abc</answernumbering>
    <showstandardinstruction>0</showstandardinstruction>
    <correctfeedback format="html">
      <text>Vaše odpověď je správná.</text>
    </correctfeedback>
    <partiallycorrectfeedback format="html">
      <text>Vaše odpověď je částečně správná.</text>
    </partiallycorrectfeedback>
    <incorrectfeedback format="html">
      <text>Vaše odpověď je chybná.</text>
    </incorrectfeedback>
    <shownumcorrect/>
    <answer fraction="100" format="html">
      <text><![CDATA[<p dir="ltr" style="text-align: left;">Horizontal<br></p>]]></text>
      <feedback format="html">
        <text></text>
      </feedback>
    </answer>
    <answer fraction="0" format="html">
      <text><![CDATA[<p dir="ltr" style="text-align: left;">Hope<br></p>]]></text>
      <feedback format="html">
        <text></text>
      </feedback>
    </answer>
    <answer fraction="0" format="html">
      <text><![CDATA[<p dir="ltr" style="text-align: left;">Hodně<br></p>]]></text>
      <feedback format="html">
        <text></text>
      </feedback>
    </answer>
    <answer fraction="0" format="html">
      <text><![CDATA[<p dir="ltr" style="text-align: left;">Horní<br></p>]]></text>
      <feedback format="html">
        <text></text>
      </feedback>
    </answer>
    <answer fraction="0" format="html">
      <text><![CDATA[<p dir="ltr" style="text-align: left;">Heap<br></p>]]></text>
      <feedback format="html">
        <text></text>
      </feedback>
    </answer>
    <tags>
      <tag><text>grafika</text>
</tag>
      <tag><text>python</text>
</tag>
      <tag><text>pyqt</text>
</tag>
    </tags>
  </question>

<!-- question: 11722  -->
  <question type="multichoice">
    <name>
      <text>Co je V v QVBoxLayout</text>
    </name>
    <questiontext format="html">
      <text><![CDATA[<p dir="ltr" style="text-align: left;">Co znamená V v QVBoxLayout?<br></p>]]></text>
    </questiontext>
    <generalfeedback format="html">
      <text></text>
    </generalfeedback>
    <defaultgrade>1.0000000</defaultgrade>
    <penalty>0.5000000</penalty>
    <hidden>0</hidden>
    <idnumber></idnumber>
    <single>true</single>
    <shuffleanswers>true</shuffleanswers>
    <answernumbering>abc</answernumbering>
    <showstandardinstruction>0</showstandardinstruction>
    <correctfeedback format="html">
      <text>Vaše odpověď je správná.</text>
    </correctfeedback>
    <partiallycorrectfeedback format="html">
      <text>Vaše odpověď je částečně správná.</text>
    </partiallycorrectfeedback>
    <incorrectfeedback format="html">
      <text>Vaše odpověď je chybná.</text>
    </incorrectfeedback>
    <shownumcorrect/>
    <answer fraction="100" format="html">
      <text><![CDATA[<p dir="ltr" style="text-align: left;">Vertical<br></p>]]></text>
      <feedback format="html">
        <text></text>
      </feedback>
    </answer>
    <answer fraction="0" format="html">
      <text><![CDATA[<p dir="ltr" style="text-align: left;">Verify<br></p>]]></text>
      <feedback format="html">
        <text></text>
      </feedback>
    </answer>
    <answer fraction="0" format="html">
      <text><![CDATA[<p dir="ltr" style="text-align: left;">Vrchní<br></p>]]></text>
      <feedback format="html">
        <text></text>
      </feedback>
    </answer>
    <answer fraction="0" format="html">
      <text><![CDATA[<p dir="ltr" style="text-align: left;">Vedlejší<br></p>]]></text>
      <feedback format="html">
        <text></text>
      </feedback>
    </answer>
    <answer fraction="0" format="html">
      <text><![CDATA[<p dir="ltr" style="text-align: left;">Volume<br></p>]]></text>
      <feedback format="html">
        <text></text>
      </feedback>
    </answer>
    <tags>
      <tag><text>grafika</text>
</tag>
      <tag><text>python</text>
</tag>
      <tag><text>pyqt</text>
</tag>
    </tags>
  </question>

<!-- question: 11719  -->
  <question type="multichoice">
    <name>
      <text>Prvky rozložené do T</text>
    </name>
    <questiontext format="html">
      <text><![CDATA[<p dir="ltr" style="text-align: left;">Pokud chceme prvky rozložené do tvaru písmene T:</p><p dir="ltr" style="text-align: left;">prvek1 prvek2 prvek3<br>&nbsp;&nbsp;&nbsp;&nbsp;&nbsp;&nbsp;&nbsp;&nbsp;&nbsp;&nbsp;&nbsp;&nbsp; prvek4<br>&nbsp;&nbsp;&nbsp;&nbsp;&nbsp;&nbsp;&nbsp;&nbsp;&nbsp;&nbsp;&nbsp;&nbsp; prvek5</p><p dir="ltr" style="text-align: left;">nejsnáze (nejméně kódu) toho dosáhneme:<br></p>]]></text>
    </questiontext>
    <generalfeedback format="html">
      <text></text>
    </generalfeedback>
    <defaultgrade>3.0000000</defaultgrade>
    <penalty>0.5000000</penalty>
    <hidden>0</hidden>
    <idnumber></idnumber>
    <single>true</single>
    <shuffleanswers>true</shuffleanswers>
    <answernumbering>abc</answernumbering>
    <showstandardinstruction>0</showstandardinstruction>
    <correctfeedback format="html">
      <text>Vaše odpověď je správná.</text>
    </correctfeedback>
    <partiallycorrectfeedback format="html">
      <text>Vaše odpověď je částečně správná.</text>
    </partiallycorrectfeedback>
    <incorrectfeedback format="html">
      <text>Vaše odpověď je chybná.</text>
    </incorrectfeedback>
    <shownumcorrect/>
    <answer fraction="100" format="html">
      <text><![CDATA[<p dir="ltr" style="text-align: left;">Pomocí QGridLayout<br></p>]]></text>
      <feedback format="html">
        <text></text>
      </feedback>
    </answer>
    <answer fraction="100" format="html">
      <text><![CDATA[<p dir="ltr" style="text-align: left;">Vložením QHBoxLayout na první místo v QVBoxLayout<br></p>]]></text>
      <feedback format="html">
        <text></text>
      </feedback>
    </answer>
    <answer fraction="0" format="html">
      <text><![CDATA[<p dir="ltr" style="text-align: left;">Vložením QVBoxLayout na prostřední místo v QHBoxLayout<br></p>]]></text>
      <feedback format="html">
        <text></text>
      </feedback>
    </answer>
    <answer fraction="0" format="html">
      <text><![CDATA[<p dir="ltr" style="text-align: left;">Takové rozložení nejde snadno vytvořit<br></p>]]></text>
      <feedback format="html">
        <text></text>
      </feedback>
    </answer>
    <tags>
      <tag><text>grafika</text>
</tag>
      <tag><text>python</text>
</tag>
      <tag><text>pyqt</text>
</tag>
    </tags>
  </question>

<!-- question: 11720  -->
  <question type="truefalse">
    <name>
      <text>K čemu QLayout</text>
    </name>
    <questiontext format="html">
      <text><![CDATA[<p dir="ltr" style="text-align: left;">Pomocí QLayout můžeme určovat, jak budou rozloženy prvky v našem grafickém okně.<br></p>]]></text>
    </questiontext>
    <generalfeedback format="html">
      <text></text>
    </generalfeedback>
    <defaultgrade>1.0000000</defaultgrade>
    <penalty>1.0000000</penalty>
    <hidden>0</hidden>
    <idnumber></idnumber>
    <answer fraction="100" format="moodle_auto_format">
      <text>true</text>
      <feedback format="html">
        <text></text>
      </feedback>
    </answer>
    <answer fraction="0" format="moodle_auto_format">
      <text>false</text>
      <feedback format="html">
        <text></text>
      </feedback>
    </answer>
    <tags>
      <tag><text>grafika</text>
</tag>
      <tag><text>python</text>
</tag>
      <tag><text>pyqt</text>
</tag>
    </tags>
  </question>

<!-- question: 11725  -->
  <question type="truefalse">
    <name>
      <text>Počet QLayout v okně</text>
    </name>
    <questiontext format="html">
      <text><![CDATA[<p dir="ltr" style="text-align: left;">Každé grafické okno má přiřazený maximálně jeden QLayout.<br></p>]]></text>
    </questiontext>
    <generalfeedback format="html">
      <text></text>
    </generalfeedback>
    <defaultgrade>2.0000000</defaultgrade>
    <penalty>1.0000000</penalty>
    <hidden>0</hidden>
    <idnumber></idnumber>
    <answer fraction="100" format="moodle_auto_format">
      <text>true</text>
      <feedback format="html">
        <text></text>
      </feedback>
    </answer>
    <answer fraction="0" format="moodle_auto_format">
      <text>false</text>
      <feedback format="html">
        <text></text>
      </feedback>
    </answer>
    <tags>
      <tag><text>grafika</text>
</tag>
      <tag><text>python</text>
</tag>
      <tag><text>pyqt</text>
</tag>
    </tags>
  </question>

<!-- question: 11718  -->
  <question type="truefalse">
    <name>
      <text>Skládání QLayoutů</text>
    </name>
    <questiontext format="html">
      <text><![CDATA[<p dir="ltr" style="text-align: left;">Jedním z prvků obsažených v QLayout může být jiný QLayout.<br></p>]]></text>
    </questiontext>
    <generalfeedback format="html">
      <text></text>
    </generalfeedback>
    <defaultgrade>2.0000000</defaultgrade>
    <penalty>1.0000000</penalty>
    <hidden>0</hidden>
    <idnumber></idnumber>
    <answer fraction="100" format="moodle_auto_format">
      <text>true</text>
      <feedback format="html">
        <text></text>
      </feedback>
    </answer>
    <answer fraction="0" format="moodle_auto_format">
      <text>false</text>
      <feedback format="html">
        <text></text>
      </feedback>
    </answer>
    <tags>
      <tag><text>grafika</text>
</tag>
      <tag><text>python</text>
</tag>
      <tag><text>pyqt</text>
</tag>
    </tags>
  </question>

<!-- question: 11724  -->
  <question type="truefalse">
    <name>
      <text>Více typů QLayout</text>
    </name>
    <questiontext format="html">
      <text><![CDATA[<p dir="ltr" style="text-align: left;">QHBoxLayout, QVBoxLayout a QGridLayout jsou jedinné typy QLayoutů.<br></p>]]></text>
    </questiontext>
    <generalfeedback format="html">
      <text></text>
    </generalfeedback>
    <defaultgrade>1.0000000</defaultgrade>
    <penalty>1.0000000</penalty>
    <hidden>0</hidden>
    <idnumber></idnumber>
    <answer fraction="0" format="moodle_auto_format">
      <text>true</text>
      <feedback format="html">
        <text></text>
      </feedback>
    </answer>
    <answer fraction="100" format="moodle_auto_format">
      <text>false</text>
      <feedback format="html">
        <text></text>
      </feedback>
    </answer>
    <tags>
      <tag><text>grafika</text>
</tag>
      <tag><text>python</text>
</tag>
      <tag><text>pyqt</text>
</tag>
    </tags>
  </question>

<!-- question: 0  -->
  <question type="category">
    <category>
      <text>$course$/top/JaroslavHoleček/Programování/Python/Grafika/PyGame</text>
    </category>
    <info format="html">
      <text></text>
    </info>
    <idnumber></idnumber>
  </question>

<!-- question: 0  -->
  <question type="category">
    <category>
      <text>$course$/top/JaroslavHoleček/Programování/Python/Grafika/PyGame/Bitmap, souřadnice</text>
    </category>
    <info format="html">
      <text></text>
    </info>
    <idnumber></idnumber>
  </question>

<!-- question: 11772  -->
  <question type="matching">
    <name>
      <text>RGBA - význam I</text>
    </name>
    <questiontext format="html">
      <text><![CDATA[<p dir="ltr" style="text-align: left;">Přiřaď k jednotlivým písmenkům zkratky RGBA jejich význam.<br></p>]]></text>
    </questiontext>
    <generalfeedback format="html">
      <text></text>
    </generalfeedback>
    <defaultgrade>3.0000000</defaultgrade>
    <penalty>0.3333333</penalty>
    <hidden>0</hidden>
    <idnumber></idnumber>
    <shuffleanswers>true</shuffleanswers>
    <correctfeedback format="html">
      <text>Vaše odpověď je správná.</text>
    </correctfeedback>
    <partiallycorrectfeedback format="html">
      <text>Vaše odpověď je částečně správná.</text>
    </partiallycorrectfeedback>
    <incorrectfeedback format="html">
      <text>Vaše odpověď je chybná.</text>
    </incorrectfeedback>
    <shownumcorrect/>
    <subquestion format="html">
      <text><![CDATA[<p dir="ltr" style="text-align: left;">R<br></p>]]></text>
      <answer>
        <text>Červená</text>
      </answer>
    </subquestion>
    <subquestion format="html">
      <text><![CDATA[<p dir="ltr" style="text-align: left;">G<br></p>]]></text>
      <answer>
        <text>Zelená</text>
      </answer>
    </subquestion>
    <subquestion format="html">
      <text><![CDATA[<p dir="ltr" style="text-align: left;">B<br></p>]]></text>
      <answer>
        <text>Modrá</text>
      </answer>
    </subquestion>
    <subquestion format="html">
      <text><![CDATA[<p dir="ltr" style="text-align: left;">A<br></p>]]></text>
      <answer>
        <text>Průhlednost</text>
      </answer>
    </subquestion>
    <subquestion format="html">
      <text></text>
      <answer>
        <text>Saturace</text>
      </answer>
    </subquestion>
    <subquestion format="html">
      <text></text>
      <answer>
        <text>Odstín</text>
      </answer>
    </subquestion>
    <subquestion format="html">
      <text></text>
      <answer>
        <text>Barva</text>
      </answer>
    </subquestion>
    <tags>
      <tag><text>grafika</text>
</tag>
      <tag><text>python</text>
</tag>
      <tag><text>pygame</text>
</tag>
      <tag><text>barvy</text>
</tag>
    </tags>
  </question>

<!-- question: 11773  -->
  <question type="matching">
    <name>
      <text>RGBA - význam II</text>
    </name>
    <questiontext format="html">
      <text><![CDATA[<p dir="ltr" style="text-align: left;">Co zkracují jednotlivá písmenka zkratky RGBA.<br></p>]]></text>
    </questiontext>
    <generalfeedback format="html">
      <text></text>
    </generalfeedback>
    <defaultgrade>3.0000000</defaultgrade>
    <penalty>0.3333333</penalty>
    <hidden>0</hidden>
    <idnumber></idnumber>
    <shuffleanswers>true</shuffleanswers>
    <correctfeedback format="html">
      <text>Vaše odpověď je správná.</text>
    </correctfeedback>
    <partiallycorrectfeedback format="html">
      <text>Vaše odpověď je částečně správná.</text>
    </partiallycorrectfeedback>
    <incorrectfeedback format="html">
      <text>Vaše odpověď je chybná.</text>
    </incorrectfeedback>
    <shownumcorrect/>
    <subquestion format="html">
      <text><![CDATA[<p dir="ltr" style="text-align: left;">R<br></p>]]></text>
      <answer>
        <text>Red</text>
      </answer>
    </subquestion>
    <subquestion format="html">
      <text><![CDATA[<p dir="ltr" style="text-align: left;">G<br></p>]]></text>
      <answer>
        <text>Green</text>
      </answer>
    </subquestion>
    <subquestion format="html">
      <text><![CDATA[<p dir="ltr" style="text-align: left;">B<br></p>]]></text>
      <answer>
        <text>Blue</text>
      </answer>
    </subquestion>
    <subquestion format="html">
      <text><![CDATA[<p dir="ltr" style="text-align: left;">A<br></p>]]></text>
      <answer>
        <text>Alpha</text>
      </answer>
    </subquestion>
    <subquestion format="html">
      <text></text>
      <answer>
        <text>Rose</text>
      </answer>
    </subquestion>
    <subquestion format="html">
      <text></text>
      <answer>
        <text>Bulb</text>
      </answer>
    </subquestion>
    <subquestion format="html">
      <text></text>
      <answer>
        <text>Groovy</text>
      </answer>
    </subquestion>
    <subquestion format="html">
      <text></text>
      <answer>
        <text>Almond</text>
      </answer>
    </subquestion>
    <tags>
      <tag><text>grafika</text>
</tag>
      <tag><text>python</text>
</tag>
      <tag><text>pygame</text>
</tag>
      <tag><text>barvy</text>
</tag>
    </tags>
  </question>

<!-- question: 11779  -->
  <question type="matching">
    <name>
      <text>Směr souřadných os</text>
    </name>
    <questiontext format="html">
      <text><![CDATA[Jakým směrem vedou osy souřadnic (kterým směrem se čísla zvětšují)?<br>]]></text>
    </questiontext>
    <generalfeedback format="html">
      <text></text>
    </generalfeedback>
    <defaultgrade>3.0000000</defaultgrade>
    <penalty>0.3333333</penalty>
    <hidden>0</hidden>
    <idnumber></idnumber>
    <shuffleanswers>true</shuffleanswers>
    <correctfeedback format="html">
      <text>Vaše odpověď je správná.</text>
    </correctfeedback>
    <partiallycorrectfeedback format="html">
      <text>Vaše odpověď je částečně správná.</text>
    </partiallycorrectfeedback>
    <incorrectfeedback format="html">
      <text>Vaše odpověď je chybná.</text>
    </incorrectfeedback>
    <shownumcorrect/>
    <subquestion format="html">
      <text><![CDATA[<p dir="ltr" style="text-align: left;">Osa X (první v pořadí)<br></p>]]></text>
      <answer>
        <text>Shora dolů</text>
      </answer>
    </subquestion>
    <subquestion format="html">
      <text><![CDATA[<p dir="ltr" style="text-align: left;">Osa Y (druhá v pořadí)<br></p>]]></text>
      <answer>
        <text>Zleva doprava</text>
      </answer>
    </subquestion>
    <subquestion format="html">
      <text></text>
      <answer>
        <text>Zdola nahoru</text>
      </answer>
    </subquestion>
    <subquestion format="html">
      <text></text>
      <answer>
        <text>Zprava doleva</text>
      </answer>
    </subquestion>
    <subquestion format="html">
      <text></text>
      <answer>
        <text>Od středu ke krajům</text>
      </answer>
    </subquestion>
    <subquestion format="html">
      <text></text>
      <answer>
        <text>Od krajů ke středu</text>
      </answer>
    </subquestion>
    <subquestion format="html">
      <text></text>
      <answer>
        <text>Dokola</text>
      </answer>
    </subquestion>
    <tags>
      <tag><text>grafika</text>
</tag>
      <tag><text>python</text>
</tag>
      <tag><text>pygame</text>
</tag>
      <tag><text>souřadnice</text>
</tag>
    </tags>
  </question>

<!-- question: 11775  -->
  <question type="multichoice">
    <name>
      <text>Co znamená skládání</text>
    </name>
    <questiontext format="html">
      <text><![CDATA[<p dir="ltr" style="text-align: left;">Co to v počítači znamená, že se barvy skládají?<br></p>]]></text>
    </questiontext>
    <generalfeedback format="html">
      <text></text>
    </generalfeedback>
    <defaultgrade>2.0000000</defaultgrade>
    <penalty>0.5000000</penalty>
    <hidden>0</hidden>
    <idnumber></idnumber>
    <single>true</single>
    <shuffleanswers>true</shuffleanswers>
    <answernumbering>abc</answernumbering>
    <showstandardinstruction>0</showstandardinstruction>
    <correctfeedback format="html">
      <text>Vaše odpověď je správná.</text>
    </correctfeedback>
    <partiallycorrectfeedback format="html">
      <text>Vaše odpověď je částečně správná.</text>
    </partiallycorrectfeedback>
    <incorrectfeedback format="html">
      <text>Vaše odpověď je chybná.</text>
    </incorrectfeedback>
    <shownumcorrect/>
    <answer fraction="100" format="html">
      <text><![CDATA[<p dir="ltr" style="text-align: left;">Sčítají se<br></p>]]></text>
      <feedback format="html">
        <text></text>
      </feedback>
    </answer>
    <answer fraction="0" format="html">
      <text><![CDATA[<p dir="ltr" style="text-align: left;">Překrývají se<br></p>]]></text>
      <feedback format="html">
        <text></text>
      </feedback>
    </answer>
    <answer fraction="0" format="html">
      <text><![CDATA[<p dir="ltr" style="text-align: left;">Přepisují se<br></p>]]></text>
      <feedback format="html">
        <text></text>
      </feedback>
    </answer>
    <answer fraction="0" format="html">
      <text><![CDATA[<p dir="ltr" style="text-align: left;">Zapadají do sebe<br></p>]]></text>
      <feedback format="html">
        <text></text>
      </feedback>
    </answer>
    <tags>
      <tag><text>grafika</text>
</tag>
      <tag><text>python</text>
</tag>
      <tag><text>pygame</text>
</tag>
      <tag><text>barvy</text>
</tag>
    </tags>
  </question>

<!-- question: 11777  -->
  <question type="multichoice">
    <name>
      <text>Pozice na obrazovce</text>
    </name>
    <questiontext format="html">
      <text><![CDATA[<p dir="ltr" style="text-align: left;">Jakým způsobem je určena pozice nějakého objektu (např. okno, panáček, ukazatel myši) na obrazovce?<br></p>]]></text>
    </questiontext>
    <generalfeedback format="html">
      <text></text>
    </generalfeedback>
    <defaultgrade>2.0000000</defaultgrade>
    <penalty>0.3333333</penalty>
    <hidden>0</hidden>
    <idnumber></idnumber>
    <single>true</single>
    <shuffleanswers>true</shuffleanswers>
    <answernumbering>abc</answernumbering>
    <showstandardinstruction>0</showstandardinstruction>
    <correctfeedback format="html">
      <text>Vaše odpověď je správná.</text>
    </correctfeedback>
    <partiallycorrectfeedback format="html">
      <text>Vaše odpověď je částečně správná.</text>
    </partiallycorrectfeedback>
    <incorrectfeedback format="html">
      <text>Vaše odpověď je chybná.</text>
    </incorrectfeedback>
    <shownumcorrect/>
    <answer fraction="100" format="html">
      <text><![CDATA[<p dir="ltr" style="text-align: left;">Pomocí pravoúhlých souřadnic (v matematice známé jako kartézské souřadnice)<br></p>]]></text>
      <feedback format="html">
        <text></text>
      </feedback>
    </answer>
    <answer fraction="0" format="html">
      <text><![CDATA[<p dir="ltr" style="text-align: left;">Není nijak určeno.<br></p>]]></text>
      <feedback format="html">
        <text></text>
      </feedback>
    </answer>
    <answer fraction="0" format="html">
      <text><![CDATA[<p dir="ltr" style="text-align: left;">Pomocí vzdálenosti od středu obrazovky a směru. <br></p>]]></text>
      <feedback format="html">
        <text></text>
      </feedback>
    </answer>
    <answer fraction="0" format="html">
      <text><![CDATA[<p dir="ltr" style="text-align: left;">V paměti je uložen konkrétní pixel.<br></p>]]></text>
      <feedback format="html">
        <text></text>
      </feedback>
    </answer>
    <tags>
      <tag><text>grafika</text>
</tag>
      <tag><text>python</text>
</tag>
      <tag><text>pygame</text>
</tag>
      <tag><text>souřadnice</text>
</tag>
    </tags>
  </question>

<!-- question: 11778  -->
  <question type="multichoice">
    <name>
      <text>Pozice počátku souřadnic</text>
    </name>
    <questiontext format="html">
      <text><![CDATA[<p dir="ltr" style="text-align: left;">Kde je v okně / na obrazovce počátek (tedy pixel ( 0 , 0 ) )<br></p>]]></text>
    </questiontext>
    <generalfeedback format="html">
      <text></text>
    </generalfeedback>
    <defaultgrade>2.0000000</defaultgrade>
    <penalty>0.3333333</penalty>
    <hidden>0</hidden>
    <idnumber></idnumber>
    <single>true</single>
    <shuffleanswers>true</shuffleanswers>
    <answernumbering>abc</answernumbering>
    <showstandardinstruction>0</showstandardinstruction>
    <correctfeedback format="html">
      <text>Vaše odpověď je správná.</text>
    </correctfeedback>
    <partiallycorrectfeedback format="html">
      <text>Vaše odpověď je částečně správná.</text>
    </partiallycorrectfeedback>
    <incorrectfeedback format="html">
      <text>Vaše odpověď je chybná.</text>
    </incorrectfeedback>
    <shownumcorrect/>
    <answer fraction="100" format="html">
      <text><![CDATA[<p dir="ltr" style="text-align: left;">Levý horní roh<br></p>]]></text>
      <feedback format="html">
        <text></text>
      </feedback>
    </answer>
    <answer fraction="0" format="html">
      <text><![CDATA[<p dir="ltr" style="text-align: left;">Pravý horní roh<br></p>]]></text>
      <feedback format="html">
        <text></text>
      </feedback>
    </answer>
    <answer fraction="0" format="html">
      <text><![CDATA[<p dir="ltr" style="text-align: left;">Levý spodní roh<br></p>]]></text>
      <feedback format="html">
        <text></text>
      </feedback>
    </answer>
    <answer fraction="0" format="html">
      <text><![CDATA[<p dir="ltr" style="text-align: left;">Pravý spodní roh<br></p>]]></text>
      <feedback format="html">
        <text></text>
      </feedback>
    </answer>
    <answer fraction="0" format="html">
      <text><![CDATA[<p dir="ltr" style="text-align: left;">Střed okna/monitoru<br></p>]]></text>
      <feedback format="html">
        <text></text>
      </feedback>
    </answer>
    <tags>
      <tag><text>grafika</text>
</tag>
      <tag><text>python</text>
</tag>
      <tag><text>pygame</text>
</tag>
      <tag><text>souřadnice</text>
</tag>
    </tags>
  </question>

<!-- question: 7768  -->
  <question type="multichoice">
    <name>
      <text>Uložení Rectangle</text>
    </name>
    <questiontext format="html">
      <text><![CDATA[<p>Pomocí čeho je v PyGame uložen Rectangle (obdélník). Jde nám hlavně o ten, který ohraničuje grafické objekty.<br></p>]]></text>
    </questiontext>
    <generalfeedback format="html">
      <text></text>
    </generalfeedback>
    <defaultgrade>2.0000000</defaultgrade>
    <penalty>0.5000000</penalty>
    <hidden>0</hidden>
    <idnumber></idnumber>
    <single>true</single>
    <shuffleanswers>true</shuffleanswers>
    <answernumbering>abc</answernumbering>
    <showstandardinstruction>1</showstandardinstruction>
    <correctfeedback format="html">
      <text>Vaše odpověď je správná.</text>
    </correctfeedback>
    <partiallycorrectfeedback format="html">
      <text>Vaše odpověď je částečně správná.</text>
    </partiallycorrectfeedback>
    <incorrectfeedback format="html">
      <text>Vaše odpověď je chybná.</text>
    </incorrectfeedback>
    <shownumcorrect/>
    <answer fraction="100" format="html">
      <text><![CDATA[<p>Souřadnice levého horního rohu, výška a šířka<br></p>]]></text>
      <feedback format="html">
        <text></text>
      </feedback>
    </answer>
    <answer fraction="0" format="html">
      <text><![CDATA[<p>Souřadnice levého horního rohu, souřadnice pravého dolního rohu<br></p>]]></text>
      <feedback format="html">
        <text></text>
      </feedback>
    </answer>
    <answer fraction="0" format="html">
      <text><![CDATA[<p>Souřadnice levého horního rohu, souřadnice pravého horního rohu, výška<br></p>]]></text>
      <feedback format="html">
        <text></text>
      </feedback>
    </answer>
    <answer fraction="0" format="html">
      <text><![CDATA[<p>Souřadnice všech rohů<br></p>]]></text>
      <feedback format="html">
        <text></text>
      </feedback>
    </answer>
    <tags>
      <tag><text>grafika</text>
</tag>
      <tag><text>python</text>
</tag>
      <tag><text>pygame</text>
</tag>
      <tag><text>rectangle</text>
</tag>
      <tag><text>souřadnice</text>
</tag>
    </tags>
  </question>

<!-- question: 7769  -->
  <question type="numerical">
    <name>
      <text>Kolik čísel k rectangle?</text>
    </name>
    <questiontext format="html">
      <text><![CDATA[Kolika čísly (minimálně), je jednoznačně zadaný obdélník na monitoru (nebereme v úvahu jeho barvu a víme, že není otočen) <br>]]></text>
    </questiontext>
    <generalfeedback format="html">
      <text></text>
    </generalfeedback>
    <defaultgrade>1.0000000</defaultgrade>
    <penalty>0.3333333</penalty>
    <hidden>0</hidden>
    <idnumber></idnumber>
    <answer fraction="100" format="moodle_auto_format">
      <text>4</text>
      <feedback format="html">
        <text></text>
      </feedback>
      <tolerance>0</tolerance>
    </answer>
    <unitgradingtype>0</unitgradingtype>
    <unitpenalty>0.1000000</unitpenalty>
    <showunits>3</showunits>
    <unitsleft>0</unitsleft>
    <tags>
      <tag><text>grafika</text>
</tag>
      <tag><text>python</text>
</tag>
      <tag><text>pygame</text>
</tag>
      <tag><text>rectangle</text>
</tag>
      <tag><text>souřadnice</text>
</tag>
    </tags>
  </question>

<!-- question: 11774  -->
  <question type="numerical">
    <name>
      <text>Kolik složek barev v počítači</text>
    </name>
    <questiontext format="html">
      <text><![CDATA[<p dir="ltr" style="text-align: left;">Z kolika základních barev se skládají všechny barvy v počítači?<br></p>]]></text>
    </questiontext>
    <generalfeedback format="html">
      <text></text>
    </generalfeedback>
    <defaultgrade>2.0000000</defaultgrade>
    <penalty>0.3333333</penalty>
    <hidden>0</hidden>
    <idnumber></idnumber>
    <answer fraction="100" format="moodle_auto_format">
      <text>3</text>
      <feedback format="html">
        <text></text>
      </feedback>
      <tolerance>0</tolerance>
    </answer>
    <unitgradingtype>0</unitgradingtype>
    <unitpenalty>0.1000000</unitpenalty>
    <showunits>3</showunits>
    <unitsleft>0</unitsleft>
    <tags>
      <tag><text>grafika</text>
</tag>
      <tag><text>python</text>
</tag>
      <tag><text>pygame</text>
</tag>
      <tag><text>barvy</text>
</tag>
    </tags>
  </question>

<!-- question: 11776  -->
  <question type="numerical">
    <name>
      <text>Maximální hodnota barvy</text>
    </name>
    <questiontext format="html">
      <text><![CDATA[<p dir="ltr" style="text-align: left;">Jaká je maximální hodnota, kterou může mít jedna složka barvy, pokud máme obrázek s hloubkou 8bit.<br></p>]]></text>
    </questiontext>
    <generalfeedback format="html">
      <text></text>
    </generalfeedback>
    <defaultgrade>2.0000000</defaultgrade>
    <penalty>0.2500000</penalty>
    <hidden>0</hidden>
    <idnumber></idnumber>
    <answer fraction="100" format="moodle_auto_format">
      <text>255</text>
      <feedback format="html">
        <text></text>
      </feedback>
      <tolerance>0</tolerance>
    </answer>
    <unitgradingtype>0</unitgradingtype>
    <unitpenalty>0.1000000</unitpenalty>
    <showunits>3</showunits>
    <unitsleft>0</unitsleft>
    <tags>
      <tag><text>grafika</text>
</tag>
      <tag><text>python</text>
</tag>
      <tag><text>pygame</text>
</tag>
      <tag><text>barvy</text>
</tag>
    </tags>
  </question>

<!-- question: 0  -->
  <question type="category">
    <category>
      <text>$course$/top/JaroslavHoleček/Programování/Python/Grafika/PyGame/Animace, surface, Clock</text>
    </category>
    <info format="html">
      <text></text>
    </info>
    <idnumber></idnumber>
  </question>

<!-- question: 11784  -->
  <question type="multichoice">
    <name>
      <text>Čím je určeno surface</text>
    </name>
    <questiontext format="html">
      <text><![CDATA[<p dir="ltr" style="text-align: left;">Čím je určeno surface (nepočítáme jeho obsah).</p><p dir="ltr" style="text-align: left;">Pozn.: Zaškrtněte vše pravdivé.<br></p>]]></text>
    </questiontext>
    <generalfeedback format="html">
      <text></text>
    </generalfeedback>
    <defaultgrade>2.0000000</defaultgrade>
    <penalty>0.3333333</penalty>
    <hidden>0</hidden>
    <idnumber></idnumber>
    <single>false</single>
    <shuffleanswers>true</shuffleanswers>
    <answernumbering>abc</answernumbering>
    <showstandardinstruction>0</showstandardinstruction>
    <correctfeedback format="html">
      <text>Vaše odpověď je správná.</text>
    </correctfeedback>
    <partiallycorrectfeedback format="html">
      <text>Vaše odpověď je částečně správná.</text>
    </partiallycorrectfeedback>
    <incorrectfeedback format="html">
      <text>Vaše odpověď je chybná.</text>
    </incorrectfeedback>
    <shownumcorrect/>
    <answer fraction="50" format="html">
      <text><![CDATA[<p dir="ltr" style="text-align: left;">Výška<br></p>]]></text>
      <feedback format="html">
        <text></text>
      </feedback>
    </answer>
    <answer fraction="50" format="html">
      <text><![CDATA[<p dir="ltr" style="text-align: left;">Šířka<br></p>]]></text>
      <feedback format="html">
        <text></text>
      </feedback>
    </answer>
    <answer fraction="-33.33333" format="html">
      <text><![CDATA[<p dir="ltr" style="text-align: left;">Pozice levého horního rohu<br></p>]]></text>
      <feedback format="html">
        <text></text>
      </feedback>
    </answer>
    <answer fraction="-33.33333" format="html">
      <text><![CDATA[<p dir="ltr" style="text-align: left;">Pozice pravého dolního rohu<br></p>]]></text>
      <feedback format="html">
        <text></text>
      </feedback>
    </answer>
    <answer fraction="-33.33333" format="html">
      <text><![CDATA[<p dir="ltr" style="text-align: left;">Pozice středu<br></p>]]></text>
      <feedback format="html">
        <text></text>
      </feedback>
    </answer>
    <tags>
      <tag><text>grafika</text>
</tag>
      <tag><text>python</text>
</tag>
      <tag><text>pygame</text>
</tag>
      <tag><text>surface</text>
</tag>
    </tags>
  </question>

<!-- question: 11782  -->
  <question type="multichoice">
    <name>
      <text>Co je to surface</text>
    </name>
    <questiontext format="html">
      <text><![CDATA[<p dir="ltr" style="text-align: left;">Co je to v knihovně PyGame surface?<br></p>]]></text>
    </questiontext>
    <generalfeedback format="html">
      <text></text>
    </generalfeedback>
    <defaultgrade>2.0000000</defaultgrade>
    <penalty>0.5000000</penalty>
    <hidden>0</hidden>
    <idnumber></idnumber>
    <single>true</single>
    <shuffleanswers>true</shuffleanswers>
    <answernumbering>abc</answernumbering>
    <showstandardinstruction>0</showstandardinstruction>
    <correctfeedback format="html">
      <text>Vaše odpověď je správná.</text>
    </correctfeedback>
    <partiallycorrectfeedback format="html">
      <text>Vaše odpověď je částečně správná.</text>
    </partiallycorrectfeedback>
    <incorrectfeedback format="html">
      <text>Vaše odpověď je chybná.</text>
    </incorrectfeedback>
    <shownumcorrect/>
    <answer fraction="100" format="html">
      <text><![CDATA[<p dir="ltr" style="text-align: left;">Libovolný obrázek se kterým můžeme v programu manipulovat<br></p>]]></text>
      <feedback format="html">
        <text></text>
      </feedback>
    </answer>
    <answer fraction="0" format="html">
      <text><![CDATA[<p dir="ltr" style="text-align: left;">Zvlněný obrázek<br></p>]]></text>
      <feedback format="html">
        <text></text>
      </feedback>
    </answer>
    <answer fraction="0" format="html">
      <text><![CDATA[<p dir="ltr" style="text-align: left;">Obrázek ve tvaru surfu<br></p>]]></text>
      <feedback format="html">
        <text></text>
      </feedback>
    </answer>
    <answer fraction="0" format="html">
      <text><![CDATA[<p dir="ltr" style="text-align: left;">Hlavní okno, do kterého zobrazujeme vypočítané hodnoty<br></p>]]></text>
      <feedback format="html">
        <text></text>
      </feedback>
    </answer>
    <answer fraction="0" format="html">
      <text><![CDATA[<p dir="ltr" style="text-align: left;">Jakékoliv okno aplikace<br></p>]]></text>
      <feedback format="html">
        <text></text>
      </feedback>
    </answer>
    <tags>
      <tag><text>grafika</text>
</tag>
      <tag><text>python</text>
</tag>
      <tag><text>pygame</text>
</tag>
      <tag><text>surface</text>
</tag>
    </tags>
  </question>

<!-- question: 7766  -->
  <question type="multichoice">
    <name>
      <text>Grafika - pohyb</text>
    </name>
    <questiontext format="html">
      <text><![CDATA[<p>Jakým způsobem docílíme toho, že se grafické objekty v programu pohybují po obrazovce?<br></p>]]></text>
    </questiontext>
    <generalfeedback format="html">
      <text></text>
    </generalfeedback>
    <defaultgrade>2.0000000</defaultgrade>
    <penalty>0.5000000</penalty>
    <hidden>0</hidden>
    <idnumber></idnumber>
    <single>true</single>
    <shuffleanswers>true</shuffleanswers>
    <answernumbering>abc</answernumbering>
    <showstandardinstruction>1</showstandardinstruction>
    <correctfeedback format="html">
      <text>Vaše odpověď je správná.</text>
    </correctfeedback>
    <partiallycorrectfeedback format="html">
      <text>Vaše odpověď je částečně správná.</text>
    </partiallycorrectfeedback>
    <incorrectfeedback format="html">
      <text>Vaše odpověď je chybná.</text>
    </incorrectfeedback>
    <shownumcorrect/>
    <answer fraction="100" format="html">
      <text><![CDATA[<p>Obrázek objektu zobrazujeme vždy o trochu posunutý a starý mažeme.<br></p>]]></text>
      <feedback format="html">
        <text></text>
      </feedback>
    </answer>
    <answer fraction="0" format="html">
      <text><![CDATA[<p>Zavoláme na obrázek objektu metodu "move()"<br></p>]]></text>
      <feedback format="html">
        <text></text>
      </feedback>
    </answer>
    <answer fraction="0" format="html">
      <text><![CDATA[<p>Obrázky se umí hýbat sami od sebe - stačí na obrázek zavolat jednu z metod "up(), down(), left(), rigth()"<br></p>]]></text>
      <feedback format="html">
        <text></text>
      </feedback>
    </answer>
    <answer fraction="0" format="html">
      <text><![CDATA[<p>Posuneme celým monitorem.<br></p>]]></text>
      <feedback format="html">
        <text></text>
      </feedback>
    </answer>
    <tags>
      <tag><text>grafika</text>
</tag>
      <tag><text>pohyb</text>
</tag>
      <tag><text>python</text>
</tag>
      <tag><text>pygame</text>
</tag>
    </tags>
  </question>

<!-- question: 11781  -->
  <question type="multichoice">
    <name>
      <text>Pořadí operaci při překreslování</text>
    </name>
    <questiontext format="html">
      <text><![CDATA[<p dir="ltr" style="text-align: left;">Pokud překreslujeme grafický objekt, postupujeme v tomto pořadí:<br></p>]]></text>
    </questiontext>
    <generalfeedback format="html">
      <text></text>
    </generalfeedback>
    <defaultgrade>2.0000000</defaultgrade>
    <penalty>0.5000000</penalty>
    <hidden>0</hidden>
    <idnumber></idnumber>
    <single>true</single>
    <shuffleanswers>true</shuffleanswers>
    <answernumbering>abc</answernumbering>
    <showstandardinstruction>0</showstandardinstruction>
    <correctfeedback format="html">
      <text>Vaše odpověď je správná.</text>
    </correctfeedback>
    <partiallycorrectfeedback format="html">
      <text>Vaše odpověď je částečně správná.</text>
    </partiallycorrectfeedback>
    <incorrectfeedback format="html">
      <text>Vaše odpověď je chybná.</text>
    </incorrectfeedback>
    <shownumcorrect/>
    <answer fraction="100" format="html">
      <text><![CDATA[<p dir="ltr" style="text-align: left;">Nejprve smažeme starý a poté nakreslíme nový<br></p>]]></text>
      <feedback format="html">
        <text></text>
      </feedback>
    </answer>
    <answer fraction="0" format="html">
      <text><![CDATA[<p dir="ltr" style="text-align: left;">Nejprve nakreslíme nový a poté smažeme starý<br></p>]]></text>
      <feedback format="html">
        <text></text>
      </feedback>
    </answer>
    <answer fraction="0" format="html">
      <text><![CDATA[<p dir="ltr" style="text-align: left;">Na pořadí operací nezáleží<br></p>]]></text>
      <feedback format="html">
        <text></text>
      </feedback>
    </answer>
    <answer fraction="0" format="html">
      <text><![CDATA[<p dir="ltr" style="text-align: left;">V žádném programu se nikdy nic nepřekresluje<br></p>]]></text>
      <feedback format="html">
        <text></text>
      </feedback>
    </answer>
    <tags>
      <tag><text>grafika</text>
</tag>
      <tag><text>pohyb</text>
</tag>
      <tag><text>python</text>
</tag>
      <tag><text>pygame</text>
</tag>
    </tags>
  </question>

<!-- question: 11783  -->
  <question type="multichoice">
    <name>
      <text>Tvar surface</text>
    </name>
    <questiontext format="html">
      <text><![CDATA[<p dir="ltr" style="text-align: left;">Jaký tvar má surface?<br></p>]]></text>
    </questiontext>
    <generalfeedback format="html">
      <text></text>
    </generalfeedback>
    <defaultgrade>2.0000000</defaultgrade>
    <penalty>0.5000000</penalty>
    <hidden>0</hidden>
    <idnumber></idnumber>
    <single>true</single>
    <shuffleanswers>true</shuffleanswers>
    <answernumbering>abc</answernumbering>
    <showstandardinstruction>0</showstandardinstruction>
    <correctfeedback format="html">
      <text>Vaše odpověď je správná.</text>
    </correctfeedback>
    <partiallycorrectfeedback format="html">
      <text>Vaše odpověď je částečně správná.</text>
    </partiallycorrectfeedback>
    <incorrectfeedback format="html">
      <text>Vaše odpověď je chybná.</text>
    </incorrectfeedback>
    <shownumcorrect/>
    <answer fraction="100" format="html">
      <text><![CDATA[<p dir="ltr" style="text-align: left;">Vždy obdélník<br></p>]]></text>
      <feedback format="html">
        <text></text>
      </feedback>
    </answer>
    <answer fraction="0" format="html">
      <text><![CDATA[<p dir="ltr" style="text-align: left;">Vždy kruh<br></p>]]></text>
      <feedback format="html">
        <text></text>
      </feedback>
    </answer>
    <answer fraction="0" format="html">
      <text><![CDATA[<p dir="ltr" style="text-align: left;">Vždy tvar surfu<br></p>]]></text>
      <feedback format="html">
        <text></text>
      </feedback>
    </answer>
    <answer fraction="0" format="html">
      <text><![CDATA[<p dir="ltr" style="text-align: left;">Nemá pevný tvar - záleží co do surface uložíme<br></p>]]></text>
      <feedback format="html">
        <text></text>
      </feedback>
    </answer>
    <tags>
      <tag><text>grafika</text>
</tag>
      <tag><text>python</text>
</tag>
      <tag><text>pygame</text>
</tag>
      <tag><text>surface</text>
</tag>
    </tags>
  </question>

<!-- question: 11780  -->
  <question type="multichoice">
    <name>
      <text>Typ cyklu pro hlavní smyčku</text>
    </name>
    <questiontext format="html">
      <text><![CDATA[<p dir="ltr" style="text-align: left;">Jaký typ cyklu použijeme pro hlavní smyčku v grafickém programu?<br></p>]]></text>
    </questiontext>
    <generalfeedback format="html">
      <text></text>
    </generalfeedback>
    <defaultgrade>2.0000000</defaultgrade>
    <penalty>0.5000000</penalty>
    <hidden>0</hidden>
    <idnumber></idnumber>
    <single>true</single>
    <shuffleanswers>true</shuffleanswers>
    <answernumbering>abc</answernumbering>
    <showstandardinstruction>0</showstandardinstruction>
    <correctfeedback format="html">
      <text>Vaše odpověď je správná.</text>
    </correctfeedback>
    <partiallycorrectfeedback format="html">
      <text>Vaše odpověď je částečně správná.</text>
    </partiallycorrectfeedback>
    <incorrectfeedback format="html">
      <text>Vaše odpověď je chybná.</text>
    </incorrectfeedback>
    <shownumcorrect/>
    <answer fraction="100" format="html">
      <text><![CDATA[<p dir="ltr" style="text-align: left;">while<br></p>]]></text>
      <feedback format="html">
        <text></text>
      </feedback>
    </answer>
    <answer fraction="0" format="html">
      <text><![CDATA[<p dir="ltr" style="text-align: left;">for<br></p>]]></text>
      <feedback format="html">
        <text></text>
      </feedback>
    </answer>
    <answer fraction="0" format="html">
      <text><![CDATA[<p dir="ltr" style="text-align: left;">gcycle<br></p>]]></text>
      <feedback format="html">
        <text></text>
      </feedback>
    </answer>
    <answer fraction="0" format="html">
      <text><![CDATA[<p dir="ltr" style="text-align: left;">není potřeba žádný cyklus<br></p>]]></text>
      <feedback format="html">
        <text></text>
      </feedback>
    </answer>
    <tags>
      <tag><text>grafika</text>
</tag>
      <tag><text>hlavní smyčka</text>
</tag>
      <tag><text>pygame</text>
</tag>
      <tag><text>pytho</text>
</tag>
    </tags>
  </question>

<!-- question: 7770  -->
  <question type="truefalse">
    <name>
      <text>Hlavní smyčka</text>
    </name>
    <questiontext format="html">
      <text><![CDATA[<p>V interaktivních (ovladatelných za běhu) programech máme takzvanou "hlavní smyčku", která provádí stále dokola stejný kus programu.<br></p>]]></text>
    </questiontext>
    <generalfeedback format="html">
      <text></text>
    </generalfeedback>
    <defaultgrade>1.0000000</defaultgrade>
    <penalty>1.0000000</penalty>
    <hidden>0</hidden>
    <idnumber></idnumber>
    <answer fraction="100" format="moodle_auto_format">
      <text>true</text>
      <feedback format="html">
        <text></text>
      </feedback>
    </answer>
    <answer fraction="0" format="moodle_auto_format">
      <text>false</text>
      <feedback format="html">
        <text></text>
      </feedback>
    </answer>
    <tags>
      <tag><text>grafika</text>
</tag>
      <tag><text>hlavní smyčka</text>
</tag>
      <tag><text>python</text>
</tag>
      <tag><text>pygame</text>
</tag>
    </tags>
  </question>

<!-- question: 11786  -->
  <question type="truefalse">
    <name>
      <text>Omezení fps</text>
    </name>
    <questiontext format="html">
      <text><![CDATA[<p dir="ltr" style="text-align: left;">V PyGame lze snadno (na jeden řádek) omezit fps (frame per second / počet zobrazovaných snímků za vteřinu).<br></p>]]></text>
    </questiontext>
    <generalfeedback format="html">
      <text></text>
    </generalfeedback>
    <defaultgrade>1.0000000</defaultgrade>
    <penalty>1.0000000</penalty>
    <hidden>0</hidden>
    <idnumber></idnumber>
    <answer fraction="100" format="moodle_auto_format">
      <text>true</text>
      <feedback format="html">
        <text></text>
      </feedback>
    </answer>
    <answer fraction="0" format="moodle_auto_format">
      <text>false</text>
      <feedback format="html">
        <text></text>
      </feedback>
    </answer>
    <tags>
      <tag><text>grafika</text>
</tag>
      <tag><text>pohyb</text>
</tag>
      <tag><text>python</text>
</tag>
      <tag><text>pygame</text>
</tag>
    </tags>
  </question>

<!-- question: 11787  -->
  <question type="truefalse">
    <name>
      <text>Omezení fps - hodiny</text>
    </name>
    <questiontext format="html">
      <text><![CDATA[<p dir="ltr" style="text-align: left;">Pro omezení fps (frame per second / počet zobrazovaných snímků za vteřinu) musíme v našem programu měřit čas (nemusíme ho však zobrazovat).<br></p>]]></text>
    </questiontext>
    <generalfeedback format="html">
      <text></text>
    </generalfeedback>
    <defaultgrade>1.0000000</defaultgrade>
    <penalty>1.0000000</penalty>
    <hidden>0</hidden>
    <idnumber></idnumber>
    <answer fraction="100" format="moodle_auto_format">
      <text>true</text>
      <feedback format="html">
        <text></text>
      </feedback>
    </answer>
    <answer fraction="0" format="moodle_auto_format">
      <text>false</text>
      <feedback format="html">
        <text></text>
      </feedback>
    </answer>
    <tags>
      <tag><text>grafika</text>
</tag>
      <tag><text>pohyb</text>
</tag>
      <tag><text>python</text>
</tag>
      <tag><text>pygame</text>
</tag>
    </tags>
  </question>

<!-- question: 11785  -->
  <question type="truefalse">
    <name>
      <text>Úprava fps</text>
    </name>
    <questiontext format="html">
      <text><![CDATA[<p dir="ltr" style="text-align: left;">Při grafické aplikaci s pohybem je vhodné upravit fps (frame per second / počet zobrazených snímků za vteřinu).<br></p>]]></text>
    </questiontext>
    <generalfeedback format="html">
      <text></text>
    </generalfeedback>
    <defaultgrade>1.0000000</defaultgrade>
    <penalty>1.0000000</penalty>
    <hidden>0</hidden>
    <idnumber></idnumber>
    <answer fraction="100" format="moodle_auto_format">
      <text>true</text>
      <feedback format="html">
        <text></text>
      </feedback>
    </answer>
    <answer fraction="0" format="moodle_auto_format">
      <text>false</text>
      <feedback format="html">
        <text></text>
      </feedback>
    </answer>
    <tags>
      <tag><text>grafika</text>
</tag>
      <tag><text>pohyb</text>
</tag>
      <tag><text>python</text>
</tag>
      <tag><text>pygame</text>
</tag>
    </tags>
  </question>

<!-- question: 0  -->
  <question type="category">
    <category>
      <text>$course$/top/JaroslavHoleček/Programování/Python/Grafika/PyGame/Blit, Event</text>
    </category>
    <info format="html">
      <text></text>
    </info>
    <idnumber></idnumber>
  </question>

<!-- question: 7764  -->
  <question type="multichoice">
    <name>
      <text>Co dělá blit()</text>
    </name>
    <questiontext format="html">
      <text><![CDATA[<p>Co dělá funkce blit() v PyGame?<br></p>]]></text>
    </questiontext>
    <generalfeedback format="html">
      <text></text>
    </generalfeedback>
    <defaultgrade>2.0000000</defaultgrade>
    <penalty>0.5000000</penalty>
    <hidden>0</hidden>
    <idnumber></idnumber>
    <single>true</single>
    <shuffleanswers>true</shuffleanswers>
    <answernumbering>abc</answernumbering>
    <showstandardinstruction>1</showstandardinstruction>
    <correctfeedback format="html">
      <text>Vaše odpověď je správná.</text>
    </correctfeedback>
    <partiallycorrectfeedback format="html">
      <text>Vaše odpověď je částečně správná.</text>
    </partiallycorrectfeedback>
    <incorrectfeedback format="html">
      <text>Vaše odpověď je chybná.</text>
    </incorrectfeedback>
    <shownumcorrect/>
    <answer fraction="100" format="html">
      <text><![CDATA[<p>Kopíruje část jednoho surface (plátna) na druhé surface.<br></p>]]></text>
      <feedback format="html">
        <text></text>
      </feedback>
    </answer>
    <answer fraction="20" format="html">
      <text><![CDATA[<p>Kopíruje celé surface (plátno) na druhé surface.<br></p>]]></text>
      <feedback format="html">
        <text></text>
      </feedback>
    </answer>
    <answer fraction="0" format="html">
      <text><![CDATA[<p>Zobrazuje grafiku.<br></p>]]></text>
      <feedback format="html">
        <text></text>
      </feedback>
    </answer>
    <answer fraction="0" format="html">
      <text><![CDATA[<p>Posouvá obrázek po hlavním surface (plátnu).<br></p>]]></text>
      <feedback format="html">
        <text></text>
      </feedback>
    </answer>
    <tags>
      <tag><text>grafika</text>
</tag>
      <tag><text>python</text>
</tag>
      <tag><text>pygame</text>
</tag>
      <tag><text>blit</text>
</tag>
    </tags>
  </question>

<!-- question: 11791  -->
  <question type="multichoice">
    <name>
      <text>Co jsou Event</text>
    </name>
    <questiontext format="html">
      <text><![CDATA[<p>Zaškrtněte, co je v grafické aplikaci Event<br></p>]]></text>
    </questiontext>
    <generalfeedback format="html">
      <text></text>
    </generalfeedback>
    <defaultgrade>3.0000000</defaultgrade>
    <penalty>0.5000000</penalty>
    <hidden>0</hidden>
    <idnumber></idnumber>
    <single>false</single>
    <shuffleanswers>true</shuffleanswers>
    <answernumbering>abc</answernumbering>
    <showstandardinstruction>1</showstandardinstruction>
    <correctfeedback format="html">
      <text>Vaše odpověď je správná.</text>
    </correctfeedback>
    <partiallycorrectfeedback format="html">
      <text>Vaše odpověď je částečně správná.</text>
    </partiallycorrectfeedback>
    <incorrectfeedback format="html">
      <text>Vaše odpověď je chybná.</text>
    </incorrectfeedback>
    <shownumcorrect/>
    <answer fraction="16.66667" format="html">
      <text><![CDATA[<p>Zmáčknutí tlačítka myši<br></p>]]></text>
      <feedback format="html">
        <text></text>
      </feedback>
    </answer>
    <answer fraction="16.66667" format="html">
      <text><![CDATA[<p>Pohyb myši (kurzoru)<br></p>]]></text>
      <feedback format="html">
        <text></text>
      </feedback>
    </answer>
    <answer fraction="16.66667" format="html">
      <text><![CDATA[<p>Stisk klávesy<br></p>]]></text>
      <feedback format="html">
        <text></text>
      </feedback>
    </answer>
    <answer fraction="16.66667" format="html">
      <text><![CDATA[<p>Puštění klávesy<br></p>]]></text>
      <feedback format="html">
        <text></text>
      </feedback>
    </answer>
    <answer fraction="16.66667" format="html">
      <text><![CDATA[<p dir="ltr" style="text-align: left;">Puštění tlačítka myši<br></p>]]></text>
      <feedback format="html">
        <text></text>
      </feedback>
    </answer>
    <answer fraction="16.66667" format="html">
      <text><![CDATA[<p dir="ltr" style="text-align: left;">Stisk grafického tlačítka (například křížku na okně)<br></p>]]></text>
      <feedback format="html">
        <text></text>
      </feedback>
    </answer>
    <tags>
      <tag><text>grafika</text>
</tag>
      <tag><text>python</text>
</tag>
      <tag><text>pygame</text>
</tag>
      <tag><text>event</text>
</tag>
    </tags>
  </question>

<!-- question: 7765  -->
  <question type="multichoice">
    <name>
      <text>Co vkládá blit()</text>
    </name>
    <questiontext format="html">
      <text><![CDATA[<p>S čím manipuluje blit(). <br></p>]]></text>
    </questiontext>
    <generalfeedback format="html">
      <text></text>
    </generalfeedback>
    <defaultgrade>2.0000000</defaultgrade>
    <penalty>0.5000000</penalty>
    <hidden>0</hidden>
    <idnumber></idnumber>
    <single>true</single>
    <shuffleanswers>true</shuffleanswers>
    <answernumbering>abc</answernumbering>
    <showstandardinstruction>1</showstandardinstruction>
    <correctfeedback format="html">
      <text>Vaše odpověď je správná.</text>
    </correctfeedback>
    <partiallycorrectfeedback format="html">
      <text>Vaše odpověď je částečně správná.</text>
    </partiallycorrectfeedback>
    <incorrectfeedback format="html">
      <text>Vaše odpověď je chybná.</text>
    </incorrectfeedback>
    <shownumcorrect/>
    <answer fraction="100" format="html">
      <text><![CDATA[<p>S obdélníkovou částí vstupního surface (plátna), která je zadaná argumentem.<br></p>]]></text>
      <feedback format="html">
        <text></text>
      </feedback>
    </answer>
    <answer fraction="0" format="html">
      <text><![CDATA[<p>Vždy s celým vstupním surface (plátnem).<br></p>]]></text>
      <feedback format="html">
        <text></text>
      </feedback>
    </answer>
    <answer fraction="0" format="html">
      <text><![CDATA[<p>S "výstřižkem" ze vstupního surface (plátna), který je zadaný argumentem a může mít libovolný geometrický tvar.<br></p>]]></text>
      <feedback format="html">
        <text></text>
      </feedback>
    </answer>
    <answer fraction="0" format="html">
      <text><![CDATA[<p>S tím, co je zrovna na monitoru.<br></p>]]></text>
      <feedback format="html">
        <text></text>
      </feedback>
    </answer>
    <tags>
      <tag><text>grafika</text>
</tag>
      <tag><text>python</text>
</tag>
      <tag><text>pygame</text>
</tag>
      <tag><text>blit</text>
</tag>
    </tags>
  </question>

<!-- question: 7767  -->
  <question type="multichoice">
    <name>
      <text>Kam vkládá blit()</text>
    </name>
    <questiontext format="html">
      <text><![CDATA[<p>Na jaké místo vloží blit() obrázek, se kterým manipuluje?<br></p>]]></text>
    </questiontext>
    <generalfeedback format="html">
      <text></text>
    </generalfeedback>
    <defaultgrade>2.0000000</defaultgrade>
    <penalty>0.5000000</penalty>
    <hidden>0</hidden>
    <idnumber></idnumber>
    <single>true</single>
    <shuffleanswers>true</shuffleanswers>
    <answernumbering>abc</answernumbering>
    <showstandardinstruction>1</showstandardinstruction>
    <correctfeedback format="html">
      <text>Vaše odpověď je správná.</text>
    </correctfeedback>
    <partiallycorrectfeedback format="html">
      <text>Vaše odpověď je částečně správná.</text>
    </partiallycorrectfeedback>
    <incorrectfeedback format="html">
      <text>Vaše odpověď je chybná.</text>
    </incorrectfeedback>
    <shownumcorrect/>
    <answer fraction="100" format="html">
      <text><![CDATA[<p>Na místo určené argumentem.<br></p>]]></text>
      <feedback format="html">
        <text></text>
      </feedback>
    </answer>
    <answer fraction="0" format="html">
      <text><![CDATA[<p>Vždy na souřadnice ( 0 , 0 ).<br></p>]]></text>
      <feedback format="html">
        <text></text>
      </feedback>
    </answer>
    <answer fraction="0" format="html">
      <text><![CDATA[<p>Vždy do levého horního rohu.<br></p>]]></text>
      <feedback format="html">
        <text></text>
      </feedback>
    </answer>
    <answer fraction="0" format="html">
      <text><![CDATA[<p>Vždy na střed.<br></p>]]></text>
      <feedback format="html">
        <text></text>
      </feedback>
    </answer>
    <tags>
      <tag><text>grafika</text>
</tag>
      <tag><text>python</text>
</tag>
      <tag><text>pygame</text>
</tag>
      <tag><text>blit</text>
</tag>
    </tags>
  </question>

<!-- question: 11788  -->
  <question type="multichoice">
    <name>
      <text>Náročnost vykreslování</text>
    </name>
    <questiontext format="html">
      <text><![CDATA[<p dir="ltr" style="text-align: left;">Vykreslování na obrazovky je z pohledu časové náročnosti:<br></p>]]></text>
    </questiontext>
    <generalfeedback format="html">
      <text></text>
    </generalfeedback>
    <defaultgrade>2.0000000</defaultgrade>
    <penalty>0.5000000</penalty>
    <hidden>0</hidden>
    <idnumber></idnumber>
    <single>true</single>
    <shuffleanswers>true</shuffleanswers>
    <answernumbering>abc</answernumbering>
    <showstandardinstruction>0</showstandardinstruction>
    <correctfeedback format="html">
      <text>Vaše odpověď je správná.</text>
    </correctfeedback>
    <partiallycorrectfeedback format="html">
      <text>Vaše odpověď je částečně správná.</text>
    </partiallycorrectfeedback>
    <incorrectfeedback format="html">
      <text>Vaše odpověď je chybná.</text>
    </incorrectfeedback>
    <shownumcorrect/>
    <answer fraction="100" format="html">
      <text><![CDATA[<p dir="ltr" style="text-align: left;">Jedna z nejnáročnějších operací.<br></p>]]></text>
      <feedback format="html">
        <text></text>
      </feedback>
    </answer>
    <answer fraction="0" format="html">
      <text><![CDATA[<p dir="ltr" style="text-align: left;">Jedna z nejméně náročných operací.<br></p>]]></text>
      <feedback format="html">
        <text></text>
      </feedback>
    </answer>
    <answer fraction="0" format="html">
      <text><![CDATA[<p dir="ltr" style="text-align: left;">Operace srovnatelná například se sečtením dvou čísel.<br></p>]]></text>
      <feedback format="html">
        <text></text>
      </feedback>
    </answer>
    <answer fraction="0" format="html">
      <text><![CDATA[<p dir="ltr" style="text-align: left;">Operace přibližně dvakrát náročnější než sečtení dvou čísel.<br></p>]]></text>
      <feedback format="html">
        <text></text>
      </feedback>
    </answer>
    <tags>
      <tag><text>grafika</text>
</tag>
      <tag><text>python</text>
</tag>
      <tag><text>pygame</text>
</tag>
    </tags>
  </question>

<!-- question: 11789  -->
  <question type="truefalse">
    <name>
      <text>Kolik kreslíme I</text>
    </name>
    <questiontext format="html">
      <text><![CDATA[<p dir="ltr" style="text-align: left;">V našem programu se snažíme kreslit jen nejnutnější věci - typicky pouze změny oproti poslednímu obrázku.<br></p>]]></text>
    </questiontext>
    <generalfeedback format="html">
      <text></text>
    </generalfeedback>
    <defaultgrade>2.0000000</defaultgrade>
    <penalty>1.0000000</penalty>
    <hidden>0</hidden>
    <idnumber></idnumber>
    <answer fraction="100" format="moodle_auto_format">
      <text>true</text>
      <feedback format="html">
        <text></text>
      </feedback>
    </answer>
    <answer fraction="0" format="moodle_auto_format">
      <text>false</text>
      <feedback format="html">
        <text></text>
      </feedback>
    </answer>
    <tags>
      <tag><text>grafika</text>
</tag>
      <tag><text>python</text>
</tag>
      <tag><text>pygame</text>
</tag>
    </tags>
  </question>

<!-- question: 11790  -->
  <question type="truefalse">
    <name>
      <text>Kolik kreslíme II</text>
    </name>
    <questiontext format="html">
      <text><![CDATA[<p dir="ltr" style="text-align: left;">V grafickém programu je celkově výhodnější vždy překreslovat celou obrazovku, protože je pak kód přehlednější a jednodušší (kratší).<br></p>]]></text>
    </questiontext>
    <generalfeedback format="html">
      <text></text>
    </generalfeedback>
    <defaultgrade>2.0000000</defaultgrade>
    <penalty>1.0000000</penalty>
    <hidden>0</hidden>
    <idnumber></idnumber>
    <answer fraction="0" format="moodle_auto_format">
      <text>true</text>
      <feedback format="html">
        <text></text>
      </feedback>
    </answer>
    <answer fraction="100" format="moodle_auto_format">
      <text>false</text>
      <feedback format="html">
        <text></text>
      </feedback>
    </answer>
    <tags>
      <tag><text>grafika</text>
</tag>
      <tag><text>python</text>
</tag>
      <tag><text>pygame</text>
</tag>
    </tags>
  </question>

<!-- question: 11792  -->
  <question type="truefalse">
    <name>
      <text>Zpracování Event I</text>
    </name>
    <questiontext format="html">
      <text><![CDATA[<p dir="ltr" style="text-align: left;">V PyGame můžeme zpracovat všechny události najednou (na jednom řádku).<br></p>]]></text>
    </questiontext>
    <generalfeedback format="html">
      <text></text>
    </generalfeedback>
    <defaultgrade>1.0000000</defaultgrade>
    <penalty>1.0000000</penalty>
    <hidden>0</hidden>
    <idnumber></idnumber>
    <answer fraction="0" format="moodle_auto_format">
      <text>true</text>
      <feedback format="html">
        <text></text>
      </feedback>
    </answer>
    <answer fraction="100" format="moodle_auto_format">
      <text>false</text>
      <feedback format="html">
        <text></text>
      </feedback>
    </answer>
    <tags>
      <tag><text>grafika</text>
</tag>
      <tag><text>python</text>
</tag>
      <tag><text>pygame</text>
</tag>
      <tag><text>event</text>
</tag>
    </tags>
  </question>

<!-- question: 11793  -->
  <question type="truefalse">
    <name>
      <text>Zpracování Event II</text>
    </name>
    <questiontext format="html">
      <text><![CDATA[<p dir="ltr" style="text-align: left;">V PyGame zpracováváme každou událost zvlášť (např. pomocí for cyklu)<br></p>]]></text>
    </questiontext>
    <generalfeedback format="html">
      <text></text>
    </generalfeedback>
    <defaultgrade>1.0000000</defaultgrade>
    <penalty>1.0000000</penalty>
    <hidden>0</hidden>
    <idnumber></idnumber>
    <answer fraction="100" format="moodle_auto_format">
      <text>true</text>
      <feedback format="html">
        <text></text>
      </feedback>
    </answer>
    <answer fraction="0" format="moodle_auto_format">
      <text>false</text>
      <feedback format="html">
        <text></text>
      </feedback>
    </answer>
    <tags>
      <tag><text>grafika</text>
</tag>
      <tag><text>python</text>
</tag>
      <tag><text>pygame</text>
</tag>
      <tag><text>event</text>
</tag>
    </tags>
  </question>

<!-- question: 11794  -->
  <question type="truefalse">
    <name>
      <text>Zpracování Event III</text>
    </name>
    <questiontext format="html">
      <text><![CDATA[<p dir="ltr" style="text-align: left;">Na každou vzniklou událost (Event) je nutné zareagovat (provést v programu nějakou netriviální akci)<br></p>]]></text>
    </questiontext>
    <generalfeedback format="html">
      <text></text>
    </generalfeedback>
    <defaultgrade>1.0000000</defaultgrade>
    <penalty>1.0000000</penalty>
    <hidden>0</hidden>
    <idnumber></idnumber>
    <answer fraction="0" format="moodle_auto_format">
      <text>true</text>
      <feedback format="html">
        <text></text>
      </feedback>
    </answer>
    <answer fraction="100" format="moodle_auto_format">
      <text>false</text>
      <feedback format="html">
        <text></text>
      </feedback>
    </answer>
    <tags>
      <tag><text>grafika</text>
</tag>
      <tag><text>python</text>
</tag>
      <tag><text>pygame</text>
</tag>
      <tag><text>event</text>
</tag>
    </tags>
  </question>

</quiz>