<?xml version="1.0" encoding="UTF-8"?>
<quiz>
<!-- question: 0  -->
  <question type="category">
    <category>
      <text>$course$/top/JaroslavHoleček</text>
    </category>
    <info format="html">
      <text><![CDATA[<div>V této kategorii si vytvářím úlohy do testů.</div><div>Jestli se Vám budou hodit, tak si je bez okolků zkopírujte (export a import) k sobě do kurzů<br></div><div>Úlohy mi zde, prosím, neupravujte (dělám si zálohy a pak by mi to nesedělo) - pokud naleznete chyby, tak mi můžete dát vědět.</div><div><br></div>]]></text>
    </info>
    <idnumber></idnumber>
  </question>

<!-- question: 0  -->
  <question type="category">
    <category>
      <text>$course$/top/JaroslavHoleček/Web</text>
    </category>
    <info format="moodle_auto_format">
      <text></text>
    </info>
    <idnumber></idnumber>
  </question>

<!-- question: 0  -->
  <question type="category">
    <category>
      <text>$course$/top/JaroslavHoleček/Web/PHP</text>
    </category>
    <info format="moodle_auto_format">
      <text></text>
    </info>
    <idnumber></idnumber>
  </question>

<!-- question: 0  -->
  <question type="category">
    <category>
      <text>$course$/top/JaroslavHoleček/Web/PHP/Princip, syntax, echo</text>
    </category>
    <info format="html">
      <text></text>
    </info>
    <idnumber></idnumber>
  </question>

<!-- question: 7729  -->
  <question type="ddmarker">
    <name>
      <text>Schéma PHP požadavku</text>
    </name>
    <questiontext format="html">
      <text><![CDATA[<p>Obrázek znázorňuje schéma zpracování PHP souboru - požadavku.</p><p>Přetáhněte odpovídající popisky do šedých polí.<br></p>]]></text>
    </questiontext>
    <generalfeedback format="html">
      <text></text>
    </generalfeedback>
    <defaultgrade>6.0000000</defaultgrade>
    <penalty>0.2000000</penalty>
    <hidden>0</hidden>
    <idnumber></idnumber>
    <shuffleanswers/>
    <correctfeedback format="html">
      <text>Vaše odpověď je správná.</text>
    </correctfeedback>
    <partiallycorrectfeedback format="html">
      <text>Vaše odpověď je částečně správná.</text>
    </partiallycorrectfeedback>
    <incorrectfeedback format="html">
      <text>Vaše odpověď je chybná.</text>
    </incorrectfeedback>
    <shownumcorrect/>
        <file name="SPS_Moodle_Testy_PHP_schema_pozadavek_600x400.png" encoding="base64">iVBORw0KGgoAAAANSUhEUgAAAlgAAAF3CAYAAAB5dDWiAAAACXBIWXMAAA7EAAAOxAGVKw4bAAAgAElEQVR42u29edgmVXXou77qamiabgaRQZRJGuG0dGgUIzmgIkQkDFcgGhSMIlExcOKBJE+C5kaj3BvgJD6IiQNHhPgkoonJRUaxE6GRRkDhyCSCTE0PSsvY3dDd9Hj/+Ppt6tvfGveu963aVWs9z/d87/tW/XZV7WHtXWuvvfbYxo0bN8FmGRsbA4ts2rQJxsbGtvy3nF8VLYtJDGt9zmoaubNUWYW/O5sHS503SNNaf5x11tlm2Wrb1vatzraTLQYHKEUd/mESU3Gqf1wFxa6RylLnhb9x6eTIUucPvjubHysp9kE70aThrLPOto8NdYCl7TvbLDu2qfKL9W26ei72vXoD4Y1g54bXlP7HstXM4e5DytjcWKpMqTcsZ9vPhudWG7jFquyss86OnqXaeVXfS/2Ys+1ltwywqErBVZzY6avYqQ1uMBHDYiNRy3Rnjiw2yHS2G6y1vTnrrLPNspo0JSOCs+1ly8EPlJUphKumTo0VRWNtwkTy1UphuXMpK1sXWE0Zcdd0tn0s97bMKQzpus466+zwWYuVJLyGs+1nC6qjriYeXkhrGZJurqk3Cew/df/Y51zZcGCMpeFsXizniygN0p111tlmWe4cTR/nbLvZMmZwhIll3pka5Ye/ax4qluUGe11nw+/SOc62l63WBat/nrPOOts8OzgfmymijjubB1sMKkFYGaoVJUyIMqOF52KVTTKrSh78dbDhqkjK3NtVlso/Z/NksbRixVlnnR0tS1m0sbaPnetse9mxTeMy6WRuVaB0bvVCKSv8uPRGwXLp5MhyZcU1fmfbzXJpOeuss3mzkk53tr1sEcalqp5MdeTYVIZ2SXnIhf8xZ/rw/LrY8Fkt95wrG5ZR+NnZ/Fiq3YWMxofPWWedHT2LWa+pGSCsc3e2nWxBzTVilUDj88OtsKA6j/Dmw+nJYbLYwFAKApcra/VXc7b9LNduqXbsrLPOtoOVwiNhrgOSAcHZ9rBF9WQ0EqkwN1mtJJQDmMavRDN4GwZL+ZN1kcU+c1YSZ9vPYvUiZmrCWWedHT1LzfxYV7Y52062qCYihfSn3q7DG9HGoOIexCoxrJRJmuW5ObFhJQnPdzZvVrvwgVsh46yzzo6OpVbtW1wCnG0vW4YJhb5Y2MUks2doVQnnMi+//HJYu3Yt6zBP/YZV4hgWcxjXNIrc2VAxSEHzUtiZM2fCBz/4QbQOhJVX66TvLK+cNZGHuYUSzjrr7OhYqU8Lj2kGdc62hy25uA7YBbiLUp714W8rVqyANWvWkOlrolbXwWpXFWqulwM7atH64fn0QTzLWbckJe+ss842y4bpaHxqNf2ws+1gy1B5WwOqVSuVNMjBRnzSgIC6tzpY6l65kWzuLJZ/ljctCyvVH6z8tG+MzsplHioBbpsHZ511tjkWW7lP6X5KTzjbPrYYFDrnSI11CFRQUeqCFod3y/EYVhsBXbrXHNmwbKxWSwuLKRGpjlHnOysvCafKjAur4qyzzjbHYnz4OxWeyNn2s0WosLlpDG5Erg1Cyq2YwjoYbcgIC8t1XNhqSm34hFzYcODLRepPZalKSdUxrn44C6SCx+pBWP+lcB/OOuvsaFkqWnioW6vpUvre2faxJaXwsWmgmMCWsav7YsXKai1DXWIxK5TFQpbK9nFxwbBZTYBDbrGCs846O3qWsnRR/zm3DGfbxxbVsAxYiAZuzpg6NxzRaToGqnPGIqqmstiIkzqOPXeuLFWmUmiOWJZSLtX/mqCpzsos5WPITVU466yzzbKYnuV0A6WXnW0nW4TKWzuvrImHxZ0TDn6oKS7KPyyFDe9PclrERqY5slyZYuWeyoZ5TlllpGlpZ8fEARV3Pjcwc9ZZZ5tlsb5Kmi3SuBM42zxbcEpeM4qjVpNhFi6sQmGxfLDr18liz1Flq2l1jZWcp4fBSlOL4b07a2cpyyIVm4d6kXLWWWdHx2J9r6b/5Ba9ONsetuRGbdjUhDQY4zqK8Oawyik5AtfNUudxA8+cWUsaqSxVNlyYCcy/wVmZtQ5sudWmzjrr7GhYyQfLouudbR9bYh0yVkmqx7DzqN+wtDnhRvx1stV71XzuAktN/XGOm3WylAKqPlvo1+WszEr1X9MunHXW2eZYbDaG+o7pBmfbyZZaPxvuMzVCt4z+qOMaq5SV5Z5ZyosusVJ+pbJUPeEqMfWbs7rzLAo+VAzOOuvs6FlM14adOvei5Wx72UKz+g6ba7QMbCRPfGpVHLdaLoXlfLSqLPbMObPYsWGyVL5Tiw+wOuUsz2peKqRVic4662wzLDY44/rJUJxtN1uGIy6sgmj8dLDKRHUCXNqW31NY7bN2iQ3zjptCHQaLKRfK2hn+7iy9tyeluLE3L+rN21lnnR09y1lDJId4Z9vPllVFjXWInFDKnkpTGoxpK2MdbEzD6RorpVsXWz1H61OH1SNngW38sf4fzjrrbLMspVM5awrVTzvbHraUHNM5J3HJ8hV2yJI1RuPrUxdrYbTXzo3FBtXDYMNjVUuMZuGDszTLTTVofUecddbZZljJh1XSD862my05D3lLhxAqfO2bu8UzX/JFsbLS83GDyxxZTf7XzUoV1WrdcXbyuZTSx/5T047OOuvs6NmYfpZyrne2fWwpWSIk/yrqmHZwJc1rVtPCKnQqK/mTdY2VpvDqZFPux1kdS63g1TrVOuuss82xFmOEpB+cbR9bYIMrzmIRDmowqxHX4UoDOm7aUfocww44bq61a6xUznWx4XnVe+ZWQla/O8uzUtvijjvrrLPNspJOxVbgSy+5zraHLbAKELOCT7u80TKVJD1YXWzYSCwj1dxY7K3L4ohtZTE/MUoJVZ8p/OwszXKhPKrHuKkLZ511dvQsZRHDdCuWtrPtZotwIMJZqLQdKOUMppkaiZUUtq/SZH5rV6o6K7NVKxdl2aWUgrPOOtscyxk3pJXvzrafLTFFTSl3jfWJ8oeSfLeom+UepA7WYjXKnQ3zw+IvF8tivmPcylLJ78xZnRKQ2oqzzjrbPKvtX7mZA2fby5YWq5L1AlpfHu0gTNs5aVjLcSl/ch1ojeL61JJmyS+BWw7tLN+mrGEznHXW2WZY7TlciABn28sWlMUqTBib+sPmnzWj+KYbADcQxM7rChsjdUy9htPHWJ3D6pezMisFv6P+O+uss82zMTqXO+5su9iCU/KU1ah6nnQOdeGmOn2L1cYSoqILbEpe1VFGKXWjryzWJjX1wllnnW0Haz0vxh3G2WbYolo5uKX+1G9S8EOKT5neqouV5sm5/MiRbSqfsfujVpxyz+ws3o6wVU1U/QjTcNZZZ5tjNcckcba9bDmoIGEi2tAN4TnY6gjLA8T6SsWw0ptGzAi2zWwTwjl1UlGMpQCyzk5kKed4zX9nnXW2WTamv6X6BGfbxY5tUgzLYqeKKO7RRx+FjRs3gku3ZerUqbDPPvtMqA9SxaXqjrM0W+Wt/5111tnmWKldS/2rs+1mS0y5a5U6xUpWrFmzZqnSsWSAhe1zyH9KEVg6fguL1SXKGiOJs7a6r3HEdNZZZ5tjY1fGO5sHOyGSe2oQRGk1hVRBY519Y1ks81IaRw4slV7s4NbZZlnsTRiLx0Kl6ayzzjbHcrrdqiucbR87tnHjxk0UTEkdjtQaXy/OepLCSivtsIj2XWCpPKBM1s62n3Vxcclf+haLsS/shAGWddqJYsJO4rTTToPrr7/eW5GLCyNz5syBW2+9lWzU3EA71v/DWWedbY71l6RuS2kFOP+q8NjY2BicfvrpcOWVV3pOu7gIsmDBAjjiiCPg5ptvTjJbW89z1llnm2Pdh7i7bIEVusahFvOvGozK64j+7eLSZwlDM4SBRbGNZbHpQ+64s8462ywbtnlMD4SftQuKnG2eLbAKoIlEi1UOH1i5uKRLVTFTChvbLidsx9U2SQVDdNZZZ5tjw/hZ3N6/WNrOtpudMEWocbaVOgOfU3ZxqVeqVixpJWHY2EMFH7ZzZ511dvzzhg0b4Fe/+pUY26qanmYJv4bVxFqizukCO3PmTNhxxx1RHnNJ4gY2bWJLSlGHCWgGT1glcnFxsYvUYYRKSjvFj6XprLPOArz44oukv7C0upcTKxtzjdzZt7zlLfC7v/u7aPmE6Wl2bWkLW2oqhzbTwgtw506dOhVOPfVUcHHpo1xzzTXw/PPPq9qS1ocD+90aQNhZZ/vKWqKsayxVGlZzTDs71BUWyzdT7KkWsSVm8tKYwbCKpXHaG8j06dPhn/7pn6AJ0Y6uNfGncmZTGoCzaezcuXPZARb11qSNh2bZ2sNZZ53dZOpQ6x4Icv2v1jqUMxvbX2uMPk2yBVdRqM6ay9jwnGFISvoWllsx2UU2zCNnh8vW1QasVi2uPTvrbF9Z7BzOZaYuVgrcbdm5owuspbzazhbVB9Y8uCYjLQ7vWEchzZunstT2PlT62JtJjiyWT9R+gc4On5XahOa61Komqe0466yzE9mqbtX4bmG62cpq7s8yIOkCq9WPMTJqtgwfXrMNDXVxbrqQEm51hXQvKazGhEnNp+fKUvlE7efo7GhYqk1orxu2Cct/Z511Vp4GoqbmOauUhqV0ONfGJf2fO6sZM1jGJk2yRZiAZXCEXVyzggNjKd8vTUFa2bCzopbMVhtCF1gsvgfW6J0dPqsR7XW5uDzSf2eddXYTO0jg+rJUNsUHqausVh9i+d42tuAqgCYxLrJpbFh6633EstIbhNUZse1syvnOtpPl2q5GCTrrrLNpgbJT/S+77INkOaYZh1AGnLayEyK5x1QUyjfIkp52JF83K1WEugeebWA1FcjZfFhsShiLx0Kl6ayzzk5uX7FTR1Y2RmdbOvic2JSpwrayZcrKKalyav22tJYpLCJuDKtd6m6N3Nt2llryT8VvcXb4rLYxczF2LLFbJP8TZ53tK9uUWBaFhef3gQ0lJ7agKqNG6VOMduWUxr+KahApbHifkq9WV1jMIRSr/M4On9W2Mem6sf4m2IopZ53tOxvqWW3HG8ti/ZWUHhcbrwusJa9S8nkUbGEFOOuRJZJ7mLGaJbWaz5b0OWuC1BHmyMY2fmfbz8a8HDnrrLMT211T1+2Djoplc54SLbA3Ym5kX2cHrq1o1WXqVEOwsNYGhVnkcmS1x50dDZtShin+jrFt1lln+8ZyoRbqYjU+tVQA1a6xA07rp4XpwTaxhWapqlZSnHi5gopJV2K1sYi0jSsH1jo95exwWW2amnNi6rizzjo7kaOm96nZGY1rAMdKRgxuNqhrrDQgo9jw9zaxZQhUM4ILqBiew63g0DaKMKAiVUBUzJEYlnoWrOBzZ7lYLZKfl7P1s5Z2wV1Xs30VFUPNWWednTwgkmIOUkG162DD56D6ry6x3BhEKrc2swWm0LGTtXPOVmtT2CCkgKXc7xYWW3GnfaZc2UF+cANjZ0fHcm1Ce11NB4K1ZcrS5qyzfWapSPDY4IvrXK0s1T9R/RrXF+fIUv24ZjoVW/zWFrbARmPhyZLJj4paq53qkHxNqBFyLGu1tHWNxRq7s6NnJcWjva6lXjjrrLM0GxMTUhtry5pezPGusZTOjHGjaIItqEGL1pGaWj5uqWhaK5k0irSy0jHNtE6uLFfOzo6GldqE5bqjCozorLNdZrXHh91JV6VvqwwtabV9QFlwylt6c7a8Xdcpoyp4ylmxq2yYR84Ol62rDWisxprtKZx1ts8sdk6MhcvKStNRlp07usBayqvt7IS9CC3zjtI51nAC3H1QBRPLUqsDqPQ1KwtyYLF8oszrzg6fldqE5rqhX5627TjrrLMTWSxYKcVSutnKau4vJqxDzqxWP8bIqNkiVNaWhGLmTqnzKF8vqXOJZbHv1mm3nFnOoc/Z0bBSm9BcNwcl46yzXWPrCmCJ6Q5KH1iP5cpKeZfTFjtltcBj9xeqZpplObrkQB/eE3UNK6t5Tir0Qe6sZdCpZS+44AK48847oQ/yyU9+Eo488sjovIpRwJoyslyDWnXlrLPO2toqlWaK1BlhPjeWCmuhyds2smgcLCm+FZVB1lg/Ukwt7j/2gJb/IRfmQfV5pDzqAkstTZXYiy66CL7whS/As88+C32Qhx56CC677DI47LDDastnSulrWU6ZUYERuaXtzjrr7MS2SDGa+Hcaluu4YxbK5MhSeai5XlvZQlsBqfhWWBwMS2FwlZH7nsJSz4c9KxXXI0c2rBiY5dLKPvTQQ70ZXAEAPPzww/DMM89E5ZVVsWrKSPI74Ta4ddZZZ/nFXFIYImn7LCvL9a0WyZGNkaYsjVoW3SqH25OnWolS919rai6Vq/jcfefOYm8WXKevYV3S8xlrFylsV5WVs84Ok+WCOGv8lFNYKi3s/NgYiG1mY8+Vrts0W1AVrYnOUzLTWaLKc6z2XE2+dIXlVuXUpfC6LCn5rG0LnFKvQ5E566yzE79rVvSmsNS95OTIXQcb6jqLtNlaV8RmBtahaJ3PsYzVLKnVfLakz3V4UoXJkbUqnTrZvsmo8znWGdVZZ519pd01dd1c9EwTbJstVBJbcoMkzUa2WMJ1V3BspWIdbGzE+lxZLF80iwY4livbPffcE3KVNWvWwLJly4aaz9pGqqnv1noR02addbZvLGUsqJPVxIiiXDO6xlZ5zSAW04NtYktsuxvrfoIx52rEuirRwmpXcnGWuhzZGD+emHLYbrvt4LHHHoNnnnkGcpQf//jHcPLJJ48kr2LakWbqNnY60lln+8hiC1aw/rF6nPPbimGxz1rjQe6sNCCjWG7mrGkWDdMQVg6q8krhHKxbvFC7mocFRPmnxLDUs0gZnCPL+fVIo/EYf6IXX3wRrrjiCnG0rwnBMWr28ccfV9XblHy2tAuujDTbV2FhJMKOx1lnnQUynA+ld6ljsWz4HJQ+6xLLjUGkcmszW2AKHTtZO+ecGqpBisjO/W5hQ2ud9JxdYAf5IQXFtLDWQQKXPvUcTbBaSclnrk1oy0jTgWBtWYr746yzfWS5uFVVFmuXKSzVP1H9GtcX58hS/bhl+742sgVn2tMsy5difVg6X2kELAXC1LJWS1vXWKyxx7KWgUisNBlVWZKUfJbuWVtGlnrhrLPO0qwllEKYRgyrfR7t8a6xUtBYTtrAFtSgJcaRGjN5akRrJZNGkVZWOqaZ1smV5co5ha1DgXDnNMVayyE1r6xllOIr6ayzztqOD7uTTtFJubOWtNo+oCw45S29OVveruuUURU8NjffZTbMo6bCMuQUy6WpvJIsZ1S94NJx1tk+s9g5MRYuKytNR2lW7HWJtZRX29mi+sCWeUfpHIsVLPystUDEsqGfjJQ+52OTE4vlk7SxsJWtQ3KaThxGXlnKSNoehKonzjrr7ES2qlslllttZmE192cZkHSB1erHGBk1W4TK2pJQzNwpdR7l6yV1LrEs9t067ZYzyzn0Wdi+S0o+S21CU0Y5KBlnne0aW1cAS0x3UPrAeixXVsq7nCLVb7FgxQRExPYt1OxjiFU0zpyLORGmsJrn5EIf5MpW847LPwtrVUSWCPxtYDVtIDafuTyzlpHlGs466+xktq6NilNfPFNcbnJnu2a9K6oJcHsocR2rNm6TJmOpJbXYrumxLPV81Gdus+XcWGzVaAqrES5UAlZumlAcw2Y1z5SSz9p2IZURdj0sLW7jWWeddZaPsUhZlbmQBBpWozetK7ZzZak8tPQtbWNLbYXQdgbWwuBCQnDfU1gu/IS0/UjObPV4tYOWVqtxrKXBhGUn1bM2sFpFkJrPWLuwsFRIByz2DtWWnHW2z+zMmTPhIx/5CLiMXqZPnx7Ftd1ft8QsQ5o3eu4cbZykpuZSww5Lu69b7qykaGJYl/R8xtpFCttmheOss21iDz/8cFiyZEnX1FG28pnPfAY+8pGPmGcTNBbMJtiy7kqdIpIlwRJVvk6W+70rLGX5akvdaLuk5LO2LdS56bOzzvadffvb3w4//vGPGwtH4zJZzj77bJg2bRqceuqpaiZlFm3YbGHNgOqbOuXTol1lZnE81n62pM9Z2aTGmSPL5ZWl7FNZyk9K83mUbIqMOp9j/B6ddbbP7MqVK31w1TJZs2YNrF27dsJvda3YbIItwgjslPO0tvIOY+VBuM+UJbgpxlaPWWJ15c5qj6ew1LnSnmCUD0WTrKUh1bky0VJG1nanSctZZ/vAurRXpAV11HmaxXijZAtpJZV124E6p5A4a1kqq/EPo/IkVzZ2esrCcmlhmy9zn9vAjjKvLG1O005jFiI462yfWZd2iCbI9uAYF9KmabYMgWqFlHaV5nYHj9kMmNrVPGwolH9KDEs9S5jBVMPNieVWF2LTZ1pWEm73euo5mma1kpLPlnbBlZFm+yoqjISzzvaZdWmvcKGBpLBBbWFLTqFzAyiqs0gN1YClw0Vqj2WlpfvcM+XOhspHCrLHsRrhQkxUv2u2XRoVq5WUfObahLaMuJcb6T+mIJx1ti8sJTvttBMcfvjhvR/gDFOWL18O8+fPN/UbUl+HDXyaZkvqIGcdCTsDaoQXuyQdSz/8nMJyMbGoDq9rbEy+YWzsQMQiTUZVliQln6U2oS0jTjFQ96xRZs4623UWkwMPPBCuuuoq1YAOu552MDgK/dRWueeee+Dggw9W6ULL721jC66iSBJWHCrCuvaGJEuMdhSpZaVjmmmdXFkpuGgsqxGLc3xbWGs5pOaVtYxS/MacdbavbIrUec8WHcQdz5GVJOfnLTjlLa3W496uhymjWgIfTvd0nQ3zqCk/hZw29GwqrzShKLB6waXjrLN9ZjXnDPu6mvNiXrzbzKbkR9uft6hWjhgfK43vCydYR6G1QMSy1OoAKn3NyoIcWCyfKPN6LFuH5DSdOIy8spRRuPuCxXrnrLPOgumcYV23DfEJR8mmSE7PWwwqSPV/SgySaqXTCOW/IlXoVBb7bp12y5kNfYVi2b5LSj5LbUJTRl1XUM46O0y2jrafyuZksa+LTcm3nJ53iwWLWobICRYLwrIRsNasGnZiXPwJDat5Ti70Qa5sNe80u4FrWKsisUTgbwOraQOx+czlmbWMLNdw1llndWkO+56l86UXq66xUlq5PW9RTYCampA6Vm3cJq6ScdfGVimmsNTzUZ+xlXO5stgqzBTW2ki4LZa4eE+jZjXPlJLPFuXLlRF2PSwt6r+zzvaVtcgw71nSl9qOPldWqwtzfN5CWxGoiOhhZxA7OsVCQnDfU1jq+bBnxb7nyoaKAIu3ZGU1DUQKgsrFqWqK1T5XbD5L7UJbRpL/h/Ty4ayzfWW1fdMw7zlmUJEyIGkjmyJtf150qxzNNBB3TsybukVS51IpqxDVuLrCYkv/pcj3EuuSns9Yu0hhu6qsnHW262xVn2Cfu8p2Na8KqoI00XlKloSYyOUYqz1Xky9dYbnVMXUrjy5KSj5r20Kdmz4766yz+rRGdV2s/cfE0MuN7WpeFbEVj/Np0Vo4LI7H2s+W9LkOT7IY5MiOUulwLOUnpfk8SjZFRp3PKTF2nHW2j2yK1HnPfbBQ9ZUtQj8SynlaW4lStk/RTHMNvqew1WOWWF25s9rjKSx1LuWoz21l1DRraUh1rky0lJG13WnSctbZPrApUuc9S32ZZoFZzqw2f3N83kJaSWUN/1/n2wNnLUtlNf5hVJ7kysb68VhYLi1uHy7scxvYUeaVpc1p2mnsdKSzzvaVxWSY16WMGFyYFipcUa6slJc5P28ZAtWCpza1xM6hdjHXinZzXG6T2xiWepYwg6kGlBPL+fVg02daVqOgqE2QqedomrUq35h8trQLrow021dRYSScdbbPrNTuRnnPUigc7niOrKXfyPV5C6xiUR0Ud271t5RQDVJEdk2cIw0bLq2VnrML7CA/NDvDa1nrIIFLn9t2adSsVlLymWsT2jLSKHKsLVOWNmed7ROr1VvDumepbw37Nct2djmxmn4jx+ctsNGYFD8q7Ayo8AGxlRhLHzsey1otbV1jw3LjpiIlVitdjc+Sks/SPWvLyFIvnHXWWYhKcxT3HKvPcmQtujDX5y2oQYvWEQ0LgGippNUb0gQyrZOVjmmmdXJluXJOYYepvJpkY5RHSl5ZyyjFb8xZZ/vKpkid92zRQdzxHFlJcn7eglPe0puz5e26ThnVEnhqn7musmEeNbmJalNBaGMXU4w6rzShKLB6waXjrLN9ZjXnDPu6mvNiXrzbzKbkR9uft6hWDsu8o3SONZwAdx/YuSkstTqASl+zsiAHFssnyVRtZeuQnKYTh5FXljKStumg6omzzjort8FRXbcN8QlHyaZITs9bDCpI9X9KDJJqpdMIZi2Tphm5jTa1LPbdOu2WM8s59FnYvktKPkttQlNGXVdQzjo7TLaOtp/K5mSxr4tNybecnneLBcu6wgIAjwWhjXMRZjRnVg07MS7+hIbVPCcX+iBXtpp3mt3ANaxVkVgi8LeB1bSB2Hzm8sxaRpZrOOuss7o0h33P0vnSi1XXWCmt3J63qCbA7fqtiXJqjfWjmVLBVilSzvRalno+6jO32XJuLLZqNIW1NhJuiyUu3tOoWc0zpeSzRflyZYRdD0uL+u+ss31lLTLMe5b0pbajz5XV6sIcn7fQVgQqvhUWp8nSSYUdCRciQhvYTRtugopjIX3PlQ0VQRisssppWU0DkYKgUgqnSVb7XLH5LLULbRlJ/h/Sy4ezzvaV1fZNw7znmEFFyoCkjWyKtP150a1yNNNA3Dkxb+oWSZ1L5WJ3cfedO4st/Zci30usS3o+Y+0ihe2qsnLW2a6zVX2Cfe4q29W8KqgK0kTnKVkSLFHlOVZ7riZfusJyq2PqVh5dlJR81rYFzQazsf5xzjrbZ1ZKa1TXxdp/TAy93Niu5lURW/E4nxathcPieKz9bEmf6/Aki0GO7CiVDsdSflKaz6NkU2TU+ZwSY8dZZ/vIpkid99wHC1Vf2SL0I6Gcp7WVKGX7FM001+B7Cls9Zs0FRcMAACAASURBVInVlTurPZ7CUudKe3NRmzA3yVoaUp0rEy1lZG13mrScdbYPbIrUec9SX6ZZYJYzq83fHJ+3xLa7iVlabj3XUhFj0pVYy27q1jeONrMxfjwp5cCtPKRMrJgFtCl2lHllaUeaqdvY6Uhnne0rW5XVq1fDihUrwKUe2XnnnaOsfFyUAiwUU5vYUruDtHbAEjsY4nYmD8/DVmvFsNjxLrOYZYfKSyurlZRNWJtipTobk89S2tYy4lYeSkrMWWf7zmLy6KOPwnXXXScuBJJ0sMRadak0m9NW9txzz4Vp06ZF61zq2hpfqKbYQrtakLKKVE1jMfu4cT4yoUUtnMZMYalwA1jMrC6xmLIJ88vCWspa2zCl5xsVKzX2lHzWpq8tI0whWNufs872lY3VZ1a9EXM+phtyZnsVyT20/oRvxVLl4KaxNBlJdVBYB0OZ5KwsFUsKqwjhIC1nVjNYSmE15RwzuGiKtZw/jLzSlFGssnDWWWfruZY2kHDsfXZtRWddPljWfG6CZSO5Y87v2IDKGnwSu2kuyjYWUDGFxc6TKkYXWM4RPJYdlkKM9Z0bFsulF5PPmrQ1ZSQFAKbaddi+nXW2j6xWH0htV7pu3foxZ1arhykDj6RP28SWWEWwxFiiLhCz2g2zPmAPJm2BI7HhOVwcKG7Jf25smO9SUFkNG9uYJF8K7nhTLJdOSj5r2oSUj9TWHdxLkbPO9p3ldAHHarbK0bLWGIeccSFHVioD6bc2swXWGVNWEm5kxznLSx0JVkmx6RfJt0rLYlMwWNRsamuS3FkqDepPYjUVjtvOh9p2pmlWeq6UfNbmmaaMsDZFtTWpo3LW2b6wmr5JOh5rnab6Weu95Mj2SQrqDRlbMUDNQ1bToMI9WArD4r9SByuZcjlftJxYbpq0LhaTLu+PVXdeYedKscq0Ud6x484666zcDjldkrq3oDQwlAJP58YOQ9o6NVpS00+WRKlRfMy+axxPTQPGsNz9UZah3FksryRzu4Xtmwwrr6xl5E7NzjqbzlLtcJjxGLX6JcaPKze2i1Jg88Gc02742+Cz1c+kei0p/ABmSUthqeekKkv1GXNmKUUUWh8tbB8Vbx35bL1nqoywa2JtlGuDzjrrrC5N6z64Vt8jrH1rdVmOrEb3WcrIOgYZNltwmUUlxlWg2MBlVklh6wiUmSOLVVypcUhsirLKhdWml5LPXL5ybO4xcZx1tq1tnGub3EBLuyDFolc0z5kjW3dZWscgw2YLzFlPM5LTrGzSbO0SW8lTWGmKRbOvYY4sZvmTIg1LrEt6PmPtIoWNFWeddXYiS/23+MdqWCot7HyLg3kubIq0eTPogqpcTXSe2qWeMSNmbhWXZaTeVZZy1na/K33djc1nbVuoc9NnZ511lk8LCx5qaYPW1YJVPqdo5alsqsSEgBgVW8Rk5CBByt8kZipEs6RW89mSPtfhSRUmR7YOpVMHS61G1XweJZsio87nPsWWcdbZOtiUNlXnPftCBP35ubEFtj1OdcRtXX4ZuyUIx2J78aWw1WPWYKg5s9rjKSx1Lja9SZUpFjiwCdbSkOrIq5gysra7lCXszjrbJVaTtmWhD9VXpoQ0wHSA1uqSIyuVoZSXnOtSE2whBUyzLi+v00zIWctSWY1/GJUnubKxfjwWlkuL2ieQ+twGdpR5ZWlzmnaaEqfMWWf7yIbpcNvySPpDw0pGDE4ndYWVylDa2D78vU1swRV2OKUiBe1M2cxS4wBI7csWy2obYFfYcGNvLC9jWYvSipU2rTBKySvtAhJLGWHmbG2AQ2ed7TubogeG7bckueLkxqau1MMGO5qQNU2whUXZU2/rsZVYGtBx2+KkslL8LCxgWhfYQV5g044xrKWstUpFer5RsVJjT8lnbfraMuKUm7b9OetsX9lYfWbVGzHnY7ohZzbVfysnJ/4ifNsO/bGkyiEFVtRmvLSnITaQi2W5AJHYQK0rrGawlMJqyjlmcDFqdvWqVfDEL38JUwFgKgBMUVxrGHmlKaPUzsFZZ/vM1nGtcPYnZQ9EDZf7is66fLCs+dwEW4aVJNwweAByvj0xUdzDtLBBUTX98HopLHbvVOcopZUTyzmCx7KxCsO6P9eo2LUvvwy3z58PP7n1Vpi++bf1ALCucs68a6+FXy9cuOX7GX/8x7D11lub8lmbR9oy4hxsqVh3zjrbd1bbR2l0jtbJvQ79mDOrNbxwi9m4mYA2sSVWEWIjuIYV2LrajdprkNr2JpbFMkQTxiF3FmsQmoCxHBvbmDjWusF33ezal19+5fzNjWQKAIxt/n7l5ZfDps3fAQCWPfUUbD1t2pbjg/9z5s6F497zHvMLCFavtdGhsTYi7WXorLN9ZTldwLHUNaj74lhrjENuRV6OrFQG0m9tZktqmTr1VqCJfWXtSMJpSqrBUPdjZTGe+y/dd1dYbTmlRCWnlJGk4EbFTttmG3j7u94FUBRw+x13jDcSGJ8qBHhlUDX4vwkALr7oIqimOhhk7f/f/hssmD8fvc5zS5duGYhxeabJb00YD66+OOtsH1lN38Qdx2Z7tP2eVf/GWuXbyPZJSi5CtGZ0Xu0QsA5OW+GwDjLsbIbBalYCcM+fE4uVtVT2VhaT3Jwyp8+YAW+YMwdu2TzACqcIP/knfwJvetObtnz/s7POglWrV08YMG0CgId+8Qt4+Be/eCW/gutsg/y26KGH4Gtf+hKc+Sd/oioj6c1eanfOOussnZ5Gl0gDJatLA2Xx6go7DGnr1GhJTT9pK171e0wMLUvFpKYBY1ju/rA94LrAUgMnSllY2a7Kxs1/Azn8yCPhxBNP3JInO+28M6xft24S96ObboJL/+EfXsmvan7CuGWsOq0IAPDcsmVw8QUXwI9uuom8nwsuvhj22mefpCCmVFt21tm+sqFIszeW+4llrVObObNdlFKzsSxmyaKOWyqTxlmbW50Vy8aYZrvCYoqIW3UnsX1UvGE+v/u449AyOuTQQ+GEk09G+Y9+9KPwq8cegzGYPMha9tRTcP3VV0/y6Rr8/9WSJbDtjBmT0pwzdy5ccPHFk9qXpg1qf3fW2a6ymjSt++BaF7lo4gxqpj7byMbqV20ZVa/TFra0PBg3uLLeWEwm1sWmjLBzZrF805i3OTblXnJhubbA5dWuu+0Gu+y6K1qG02bMgJeQdA9585vhw6edBp/+0z8dZ6p1fvP3e+6+e8KAbCD33HUX6fMFAPAPl10Gc9/85uj2Kj2/s87mymqF87niXGokVtIrmufMka27LNtW98qw89SOuLlztKvMmpozHVybGlzEOIrnwGLlo3WMp1iX+HzeiKSzzYwZcPqZZ8LxJ51EXut9xx4LD1V8uwby0ksvwQP33osOvgAATjn+eNh62rRJvx8wezZ894YbvEN21tmApf5b/GM1LKZPYhfrtJUdlkj+4k2yZd0VM0W0Sz1jRswpLPd7V1itj5UPqnR115LPoUyfPh323HtvshH/1513wsYNGyZxty9YAO8/4QSgUv/NsmXo70sXL4Y9d9gBPfaFr3wF3vuBD7DKxaqcnHW2bSyWFrU6XXLwtq7wlp7Det+5sXXq3hRL2TDYMjYjNSbQlFG6dE4KW82U2KW8ObKjbEQD5fSJT3wCcpQFCxbA17/+9Wh+mPk8c+ZM9Nxjjj8ent+4kVTu7z/hBLh9wYJJ6W3csAFWLF8+nh5MtH599LTT4KOnnTZp0LYJAPbYYw+47b770Hucts02aPBVSkFpFZmzztbFxqQ9jHvu24AqxR+rbRYqiS25uFbURrZ1Zby2okkxrWJZ6xtF7iyWL5YAeRhLyYoVK2DHHXeErktKPmsVkeWtmZN/ve46NE7cQw8+CO879liUee6ZZ+DFlyZ7i40BwJLFi2HPHXecEJ5icAd/8dd/DR884wy83RcF7LHnnklv9M46m8pa0tZcQwooKp2n1QFdZqUy1OhB6hpNsCUWMM26b1DMudoKHpuuxGpXo2DWupxZbeiMusqh6zKMvIopI25wJ8kBs2fD/QsXor6TF3z2s3DDNdeg3Lq1a7fE+aoGXh0DgIvOPx/+1/nno9yMGTPg+7feih7bJVgYYMmjlLhszjqLpUMFFMViQEorvzUs9tniI5sLaylDbqUel/9tYEsuArt2dKc5zkm4JYg2MGgqix3vMhtWCsl3wML2TVLyShMw0VpG3C4HkhLj2E9//vPwqc99Du1slj31FJzx/vejaT/x6KPwq6VL0WMvvvgivO3gg9Fjp374w3Dq6aeT93z4EUcM9Xmd7SebqgdSdQgnnDN9Tiz2u0WoWRyNdawptrRsk0Idky4ipY11TNi0GBch3spSgzLtdkE5slheUfmlZfsqqfmsTV9bRhyrbX9Wdpddd4Xrbr4ZrXv//I1vwPevvRZl169bB/NuuAFd7XjlN78JV37zm5Pifw3kW1ddhaa59777whvnzBnq8zrbXdYqdfn2xOqenNnUeIY5+ZyVXFgGzTYqUkegyXhsU2auAwsVupXFCh0z80lWitxYqezCvLOyfZNh5ZWljGKVRYqC08gHzzgD/vCP/gh9S1+9ejX82Vlnodz999wDD9x776Q9Hwdy2kknTRh0DT6/813vgvedeip5P+899VSYOnVqK/PK2XYFEZauxe0SkroISXPNXFd0YvrNks8ha83nJtgyrCTU9AM3CAsHOlqRBmpcIaew2L1L8Tu6wFLR2VPYo48+Gm699VZ4/PHHoQ/yrne9C/bdd9/kfNYqGG0ZUdbk0LKLdQKjZqdPnw5f/ad/Quvyf914I/zXjTeS+fK1Sy6ZYNka5MrN//mfcPN//ifJPfXrX8M222wz6ff9Z8+GI48+urV55exwWW0fpdlPkLuuRbq+qtBieOGmGrkpvbawJVYRYmMscVG/pczG3nQpC1V4rpXFMkRjXs6dxRoENzDWsB/4wAegKAp46KGHoA9y4oknwoEHHqje+DrmBQSr11IZWbZWogZvbWB/95hj4Kh3v5tkdwjidQ0GWj+94w744Q9+MGnz7EEqn/v0pydFxQcA+K2DDoI7f/xjdFsiAIA/Pucc2H6HHTqXz11k16xZA1d87Wvwx+eco2a5Dp5jLYFHJVYbwxH73gVWKgPptzazJbdHn+RjQil4a0cS+hZRjU3jl6RhMd4SGK6rrLacJsVXIhydh33drrHVRmphNX5eXH3JiT3vb/4Gtd7e97Ofwe8ecwyZp5/71KdgzZo1r+Tx5v/333sv3Ld5ShLzCVu8aBHM3G67Sem9cc4c+MM/+qPO5nOO7KfPPRe++61vwZMLF8LrZ82Cj519dlK8QOk4t2rbwloipFufpY1sn6SkBkSSEx+2QXS1g9BUUqoya5d81sFqAqNatkVoM4uVtcbPztnhsNr2wF1XerO3KPqc2Tlz58KcuXMntfvB/1fvsgusW7t2Unq3L1gA//yNb4xzgDjVX3HF+HWD46/bYw/4MRFqAgDg05//POyx556dy+c2s7PnzIGVK1fCVy+5BHbddVfYuHEjfOKTnzS3P+x6msGENnaTdNwSJytHdhjS1qnRkpp+iukAtFOL4TnaiklNA8aw3P1hzvJdYDXb4Tg7GtaicKXrulOzLOF2P4P8e9uRR8Ixxx9Pcv/z4x+HZ55+eoLT/SYYD7L67c2rHaFybCCLn3wSttt++0npzT7wQPgrIj5Y38solf3wxz4GZVnCOWeeCcuWLYOLL7gAfnTTTfB7J5xABr3VtMNhxmOU2NgFLTmyXZQyzAxuzliKzGqtTBpnbSrWT/jdwsaYZrvCYkoMe1NzdristaOhrmvxx+PaYF/ZPfbcE163xx7kVNUuu+0GL1emFgdy+4IF8P/+9V+T+z4umD+f/B3brmggF3zxizDnoIO8jCLYsizh/R/6EMx6wxvg/nvugU+dey7ccPXVcM9dd0ExZQqc+uEPR3WS0kIVyd/I0i9y0eOxc3Jirbov5qU0ZkA7TLa0PJgU9j6X1RIpI+ycWSzfNOZtZ4fPcnWbY/scT2cU7FsOPRR9OZtz8MGs5esjp5wCj/7yl5N+X7F8Odx2yy0k9+H3vhe2nTFj0u/77b8/XPGv/+plJLDTpk2Dw97xDph7yCHjfll/+qfwq6VL4XPnnQdf/eIX4dOf/zz83gknRF+D87mS4mJp/LWsA7jc2brrQdvqbRl2CNoRtxSANCbaq7WSx7KDa1MdV4yjeA4sVj7WLRGcrZ/F2kUK2yYF01V2++23hzlz55LldO3NN6M+Xz+94w74ow98AHWoBwB44rHH0Os9/OCDMGfvvcn7ueR//+8t4Sa8jMa3Yzr9zDPh+JNOgn+5/HL4X+efD79Ztgz+xxlnwGVXXqnOK+q/xT9Ww2L6RDNzkxM7LKkr6Osw2LLuBpEi1Kj3u9/9LixZsgRc6pHZs2fDu9/97gn5rLWOUL5tzsaz2rag2WA21yCEXWN3e81r0ACUu7/udexqx1OOPx7uuO22Sb+vW7cOFj/5JMl98KSToEQCqe6x556w4N57e1lG22yzDey5997wZ3/1V7B27Vr44kUXwXPPPrslr55auZJNi1qdrm2DsS9JXY+DVbekzKINmy1jM1JjAk0ZpVfPWbduHbz88svsdiGxnzWVpEvsID/70nj7wvYptkzObFmWsN3225Md8I0V/6zq4Ozn998Pv/e2t5HXW/XSS7Bq1aqJ9QgAVtx/P+xYFBN+q97Z33/5y3gE/LEx2H7zfeZeRltttRX8zYUXwmcvuAD+/Oyz4Ztf/zqsWrUKpgPASgDYGNGm6rznPuq32Gu1zUIlsSUX14raX62ujLdWNOphJYd87Hdpv0Ktc3xubOiUZwmQF9YRZ9NYrSKq03KlScvZ9rGzDzwQFr3wAmkV+Z8f/zjcNG/epLQ2rF8PS5cu3bL6MZQ/O/ts+LOzz540XTlz5ky47b770PvbfocdJq2QzCWfv/CVr8D69evhpnnz4Klf/Qpmbn7ZXIHkD+e8rbmultW44kgLzLrCSmWo0YPUNZpgS6wDtu4bFHOuRqiRbooviqbApUFa7qw17yyrK5ytb9d4yznc4C7mes7mxX7x0kvRVaVP/frX8L5jjyXTXbJoEbzw/POTfl+5ciXM2WefSQOvTQBwxplnwhmf+ASZ5oGbV0G2Pa/++9y58PPNQWZnAsCLSDrUCyoWA1Ja+a1hsc8Wv89cWEsZciv1uPxvA1tyEdi1ozvNcU7CLUFio8dqrjHM9NrOUsoDK4dwGhjzJ3E2npXK2HpdbpcDSYk52132NbvvDrf+7GdkDMEvXnQRuvfjhvXrUV+wMQC44tJL4YpLLyWve93NN6O/7/6618HrZ81qTV6tAoB1AFDAuK/MTADYAABTRqzLrYvBKGNI21nsd2ufheW5xjrWFFtatv6gjkkXkdLGOibOkVi6rsRyVh2tWThHtpp31HYU0vZI3FYWzupZjTKxXJdjte3P2f6x5553Hpzzl385yVqzatUq+Nhpp6HpPvLQQ/DIww+jezcCABz/zneOXz/4/Zjjj0e3FxrI0ccdB2VZjjSvVm/+Px0ApsL4YGvVM8/ADVdfDc8vX85eqw7fnhjJnU0NQpuTYaPkwjJotgaROgJNxmObMte59QB2PWk1GNdh5spSx6j84Xx8nE1jtfVXum6sskhRcM52n50+fTp866qrUP1z/dVXw/Xf+x6ZxiDC/aB2Dj5//7rr4MbrriO5v//yl2H69OmTft9n1iw49LDDhvK8A1kFANtsvs9f/PzncOpJJ8Eee+0FRx53HOy+xx5k2w7bqDQ9ljLDE5NOm1hMv2l5jLXmcxNsGVYSavqBG4SFgyStSAO1uhoPdd2YgVrOLKcUsHyXFgk4G89qFYz2upRVF9tSB1sw4ayzWvb4E0+E4088kRz4b7/DDmidvv9nP4PbfvQjss7/+dlnv1LH4ZUB2pve8hZ8peNmOe2MM2DmzJlRz1uV1ZVrTgWAJU8+CTd///vwhtmzYc/Xvx523X13Vu9y17VI111XLIYXbqqRm9JrC1tiFSE2gqs0xcdlNjYfXR24Yb/HiNRpSb/nzGINghsYc787Wx+raRPSdSUHW+qenHW2bvaCiy9G+4ef3nEH/PDGG8mpxYsvvBBefvnlcRZeWdV3909/Cnf/9KfoSsgxAFi0cCE6qNvvgAPg99//ftsuCgCw6157wcdOPx0euOceuO7qq2HxE0/APvvtB0cccwzs8prXsPlC5SW38Ejqb7nvXWC5vlrzW5vZklvSL/mYUAre2pGEDu5YI08NvW/NQMtgMxeW2nPS4odnDZ7n7PAjuWv8vLjgh846Owr2kLe+dcLWQ+H/nXfdFdZuHmBV5e6f/AS+++1vv9I+guNfveQStF3s/frXw0/vuINsZ79euhT9fc+994bzPvtZmP/DH8IvH3kEHnnwQXj8kUdg06ZN8Opdd4U3/87vwA6vehXpIqDp96w6JXbhVxvZPkkpWTiozMI662oHESp+qcKFHQz2eZSFmLoqso2sdtms5GfgbD2stj1IFkjJrC21H2edbQM7CP0Q1usnHnuM3drm//7zP4fnnn12kmVs4eOPw1cvuWTCgKxqNVsH435XoWy9+f9Ou+wC7zj6aHjD7Nnw83vugScefRQWPvooPPub38AxJ5+8xWqm2aOUk5Q4WTmyw5C2To2W2HSSJpgo9j3GyhRbMesYXGk2tu4Sa2koWBlL5eusnrWUiXRdd+J2tsvs62fNgn323XdCe6i2gd123x1WB1HsAQDuuvNOuPjCCydMK1Zb0lTi+o888ACcdtJJsGLFCli2bBkAALzw3HNb2CceeQSu/+53Yetp0+CEU06BqVOnis+SGr4o1o8rJ7aLUmKrzCSn3bDCSNOIlFDRycPC0rDDkC47G2ILCqplRzlqO1sPqy1L6bpcLB1tvBpnnc2ZPfLoo9Gp+UMPPxyOquy5GsqffPSj6Obazz37LNxw9dXsPS56/HEAAPi3yy+HDwZBV6WAlFr9bZ2eaztr1X0xL6UxA9phsqXlwaSI4qNcLRFzPStvMZHmwHJlwFkRqYULztbHcu1CE6Jj1O3HWWfbzr5qp53g8COOIKfTixkzANvueQqMx8XSyJInn4R/ufRS+OCZZ4pxsTT+WhZf2y6wddeDttXbglqmq5lnl1Y2WaO9jlq0EbW7wmJ5L8VtqSoFjbXTWTuLlU0K2yYF46yzbWU3wPhGz+Hfm9/6VrjviSfg377/fTjsyCPF65xwyikTdC+1StDim8xZvi19QC5sigxjlqAutqy7UqdInW/ndTTAPliwBozWOkI5dDsbz2rbQp2bPjvrrLO4/Oyuu+DwuXNh48aNsGb16knH3/uhD8Hr9t57y/etp01D7yN2FXGft3CLkZRZtGGzZWxGakyglqkQzeaQ3HYhsZ81laRLbJ+2KegT26fYMs46WwcbSgHj+xHChg2wYvly2AQA5ZQpWwZQR7/nPTD7oIOSIpRj5/VRv8VeK2VboibYkotrJe2anZrx1opGPazkkI/9jmWedmCWMxsOtCwB8sI64mwaq1VEdVquUjY9d9bZLrEFjK8qnAkTt/WZtvXWsMtuu8G6detg1uzZcPhRR0W1ScrQYAlpgF2vy6xUhho9SF2jCbbEOuCYUbn1XI1QI90UXxRNgUuDtNxZa95ZVlc4W9+u8ZZztDHOtNdz1tkusosXLYIXnnsOAACK1athu+o5MO6D9aZDD4Ubbr4ZHnjgAbhu896J1OyMJeq9hsU+Sy9vObKWMuRW6nH53wa25CKwa0d3muOchFuCxEaP1VxjmOm1nQ3LVlqtxlUoZ9NYqYyt16V2XeCu5ayzfWEXP/kkLFq4EC6+8EL44Q9+MIFbv/n/Rhjfj3D1iHW5dTEYZQxpO4v9bu2zsDzXWMeaYkvL1h/UMekiUtpYx8Q5EkvXlVjOqsMdz52t5p3Wtw2rSM6msxplYrkux2rbn7POdold9tRTcPeddwIAwH985zvw//3rv06I9r5h8/9VYJe6fHtiJHe2T37AJRcITbM1iNQRaDK+GvJBszQ9dRWeJq4Q12HmylLHqPzhfHycTWO19Ve6bqyySFFwzjrbVvall16Ca/793wEA4N7/83/g0n/4hwnb4/zOYYfBPrNmAQDAd6+5Bp59/nnztbitsaTpsZQZnph02sRi+s2SzyFrzecm2DKsJNT0AzcI08bO4m6aioA9jPgZWr8kLqNzZDmlgOW7tEjA2XhWq2C016WsutiWOtiCCWedzZ392iWXwPPPPQcXnX/+hC1xxgDgkLe+FQ459FB436mnwpve8hYAALj94IPFAZZF73L3bJGuu65YDC/cVKN1l5cm2BKrCLERXKUpPi6zsfno6sAN+z1GpE5L+j1nFmsQmoCxzg6X1bQJ6bqSgy11T846mzv71S9+EZa/8AJc+LnPjTMwPvX3hv33h99///thEwC87Ygj4LB3vMO8wp26LnV/1DNxrNTfct+7wEplIP3WZrbklvRLPiaUgrd2JKGDO9bY6gxCagntHxtQso0sFR3c4odnDZ7nrD3QoJXV+HlxwQ+ddTZX9kt/93fwd+efDytXjm96s8OOO8JffuYzAACw9777wu+dcAK6Obom3JB0nHIR0PR7Vp0Su/CrjWyfpJQsHFRmYZ11tYPQVFKqMlvibQyrEFNXRbaR1S6blfwMnK2H1bYHyQIpmbWl9uOss7mys/bfH6ZutRUAAHzliitg2xkz4P/6/d8nXU5i9KmkjzV7lHKSEicrR3YY0tap0RKbTrKO7qmO3fq2bqmYdQyuNBtbd4m1NBSsjKXydVbPWspEuq47RDvbV/b3TjgBLrvySli9ahUc+573QJ0izd5YniU1fFGsH1dObBelxFaZSU67YYWJrYhUdPKwsDTsMKTLzobU2x3n++BsfaxFOXPX5WLpaOPVOOtszuyRRx8txsoaht9u2B6x79ZFLlJIHk7HlHgBdQAAIABJREFUt5216r6Yl9KYAe0w2cLyYFJE8di56FhJHVylhnvIjY1p0JylxNn6WE4ZcWyf4+k462xdrFY0Ay3tghTtM8QuOsuBrbssrWOQYbMFteRVM1cuVSRrtNdRizaidldYLO+luC1VJ06NtdNZO4uVTQobK8466+xk/Yj9p/wiY1kqLex8Sx+QC5siw5glqIstqMrVxOCnzrfzOhpgHyxYA4Yyq2uW3zqbxmrbAqfUY5SEs846S6dVNSJwRgPquhqWunaX42DVLSnO9cNmi5iMHCSoCdmgbRCa+ELD+KxpkF1i3WG2m2yfYss462wdbEqbqvOeXb/pz8+NLapTGoMD1RG3db/B2C1BNKxl00VtdO3qdTETLhUnLFc2PJ97I4uZAnbWdlzTluq0XGnSctbZPrCatLk9XqXrallNXD0qZETXWKkMpbzkXJeaYFEfLG3hYzdRp5lQ+7CWcyRH/ep3KQJvrqw176r+Rc7Wx1rrLneONsaZ9nrOOttHNkyH6h85nUy9xGKsZMTg9HdXWKkMMeNPWEbSYK4ptuQisGPbr0jLMFPjfWCd0y677DJUJ7m+yU477YQ6TnPRiaUNTZ21sVJ7sF6X2nWBu5azzjqbJnX4LVkXg1Xbfk4s9rtFLDNYbWFLy9Yf1DHpIlLaVR7bzuCoo46C+fPnw/Lly8ElXZYtWwbf+973PCNqkuOOOw7KskQbnWbbD6pRS9O+WBvCWG37c9bZvrJWkXY60bIxkjub6r+VkxN/yQVC02wNInUEmoyvmtqwpek/+MEP4OMf/zgsXrwYXFzaJl/+8pfhrLPOUrcRizKiLMupyiJWnHW2S2zMtbgVvlIol5QZnph02sRW8ysmn0PWms9NsAVWSbCVgtT0nXVARd00NbjbtGkTXHjhhT64cmmtnH322Wi9phYYWBQUxoZWXk4hSH4kzjrbZ1YSrQ+rdF2LdH2QazG8YKxmz922sCVWEWIjuFp3LMc6C2xvRBeXtgu3ilAbvJdrE9ro0NjgTtrL0Fln+8pSIrHUNaj74lhN/DzqexdYqQyk39rMFtjSf2yUTyn50LJlGRRhoQNi0nFxaVowR/dqPZbesrFGSrHhH9amqLYmdVTOOtsXlhPtQpRY6zT2P+Zect9RpOtSUG/ImBMfN6dajXyrXWlAFUZKdFUXl6YFq/t1R6TmLL/aazrrrLO6dmiN+xTqA0lfcPdqCXiaAzsMaevUaIENlKS3bKoDoN7iNZVLs9WIi0tbJQzQi7UFi5mZY8OOxJ2anXU2ncXaYdi2U/RC7LPUHaS4rWwXpdRsLEtN4WHHw2NSBeaWu0pz5vvuuy9cdtllXoouI5F//Md/hP/4j/8Q63Jd2xRRLNZWY5eoO+uss6BOU+Ofw8XE07R5yTles4qtjaxV98UEx46Zsh0mW1oeTIooHrNaIsVKNWPGDDjiiCPQtKzfYytUTiylbCQHUGfHv0uxw7hFHhZHWwvb53g6zjpbF6sVzcpdSX+n7nGoXXSWA1t3Wbat7qFb5WjMmpqVTdZor6OQqp8YdZ/cc+XMVn3jOIulszirrVfW62LtIoVtk4Jx1tmcWeo/5+cVw1JpYedbHMxzYVOkzZtBF1TlamLwk7oPoua7xteLG6l3laXM6s7G+U1Zrqutz3Vu+uyss87yaYV+lVSa1HWtqwWrfE7RylPZVEmZRRs2W8Rk5CBBab8hzVSI1BhSltRK6XMdnlRhcmTrUDrOtpPtU2wZZ52tg01pU3Xes+s3/fm5sUUYTycctVuXX8ZuCTKsQgvjdMXsDUfFBcuN1R531l6nU6fLY+/Z2nZSlrA762yXWE3alLFAc10taw0BobW65MhKZSjlJee61ARbSAHTrNN0dZoJ6xhwUfdkWY1iHQi2lY3143HWVu9GsZmrpp3GTkc662xf2TAdblue8FqUrxXHSkYMbjaoK6xUhly4DCwP28QWXGGHK5mkyK4p8T5i9zPUstISzD6w1TLGGgE32HbWphA015XakuWeMXO2NsChs872nY2VUfgtSa44ubEpKwQxF5lqmpIv8qjZUipkLlNTo7dSo8KYikux4dJYbLUktyQeG8DlymJ5ReWXszhraSfcdS31WXPPHKttf84621fWKlz8RgsbI7mzqTNTOTnxF2GnjQ1GuErMTWNZTIGpexpybLgTNraikLIWhNNuObNYAFlukOus3m/Ael2tMpLuOVZZOOuss/VcK5z9SfHl1HC5r+isywfLms9NsEVYSaonYs7v1I7hMRWI68AszsEcG8Ylkq6hOSdXFtshnqo8zuKspV5z19UoGM09S0EPJT8SZ53tM6tty9b9BC0s1vZjJQdW26dTBh5Jn7aJLbGKEBvBNWaKj9u01mIapljOV8W61UjuLJVn1tF8X9kYpaG5rqZNSPeMOdhSAUqpwZuzzvaN5Tp4jqWuQd0Xx1pjHHKGiRxZqQyk39rMlthcstaXh1Lw1o4knKa0WA1eeOEFuPvuu8HFZdiyePFisWGFdZpqT1IjtbAaPy8qPWed7SvLiWYhSvW6sdZpjV6Q2n5ubJ+k5EximtF5tUOgOhtNhcM6q/AzJitWrIC77rqr9oxJWX2SC9u3iMGp7LJly1TnctPRMe2Ba5/Sm70mP5x1tu+s1A41gwlKv1inFy3+nzmyw5C29ikFNf2kWVkYfg85y3LO2G1KUgqSa3TWPMiBdRluA+d8oyxlI7HSvpR1tQFnne0Ti7XDsG2n6IXYZ6k7SHFb2S5KQQU/oypa+Nvgs9XPpHotyuLVdCF1WcG44q2X1URtDvc3s1y3yko+HFgble7bWWf7zmrS1FioqPO1PslSu9b4iubCanSfpYxiBrTDZAsus6jEuAo0ynggqRKzMiRndhgKx9mJ53GrP2P26JRYLwtnnU1ntcK5YUiuMRoXDusALne27rKsI5BpnSy6VY5mJKdZ2aTZ2qVJ0Txjl1iX4dYlLCxIaBm2OrnHsLHirLPOTmSp/1yMyBiWSgs739IH5MKmSJs3gy6oytXE4KfOt/M6GmCXLVgu9dclzVLl2P3UuMUo3HetgnDW2T6zWFpY8FBLG9Sw1LX7tIAoVVKc64fNFjEZOUhQE7JB2yBSot9S6Wg+a67VJZbba9JZHWtpJ7HKKkXJWM9z1tk+siltqs57dp9W/fm5sQW2PU51xG3dbzB2S5CUQqN2wOZ+5zYElfaAy5nF/IS4fe6c1b19pk6XW9nYt3VNWs462wdWk7Zm8Qr1m5bVrBrnFph1iZXKUMpLznWpCbagth2wZEb13DrNhCkNJdZRv/pdisCbM6up/M7a9/2jtpSqo+5y52g2Y7dcz1ln+8iG6XDb8kj6Q8NKRgxuNqgrrFSG3Eo9LA/bxBZcYYdTKpLzdUq8j9j9DC3XqKPR5cxKSsjZeBYblFFvwNoFJBwrWTA19+2ss86mySj8liRXnNzY1JV62GBHE7KmCbawKHss0zSbIEppY4Wi3YJAO3CSYnlhLGcWzJGtfo/ZLsJZXTuplgU2dWtZSYix4QuJdRqfan/OOttX1ip1+fbESO4vqakGhpyc+IvwbTv0x5IqhxRYUZvx2Ft7HT5Z2DHOt0VjFsyVrZ4b08k7y7PcNG2sbyL15uSOsc46m87Wca1w9idlwZaGy31FZ10+WNZ8boItwkpSPRFzfuf2IIqNgopl+jBjaWk7Tm6lSI5sTIN31q5cOKd5i4KiWG5LHqy+cL4gzjrbZ7YNfUWKrsmR1ephysAj6dM2sSVWEWIjuIYV2DJSxVbKad7UY7fnCe9fs5w/d9Za2Z1NVzDVem1dGaVhKQdaaeNbrE4562zfWE4XcCx1Deq+OFYTP4/63gVWKgPptzazJbVMndonUBP7ytqRhNOU2GCLe6A6wvBTFUIz2MyFDRu6RuE4O7Guarhqnabak5SWhaVCdHDKngr94ayzfWE1fRN3vHrdWOu0Ri9IbT83tk9SUG/I2MBLspKEvlyxsUwso91hrjpsagf1YbG++m907LB9HzjLr/aazjrrrK4dWuM+WXRJSpysHNlhSFunRgtsoCSNyKkOIOQsyzk1W43EVN7YzLHmQQ6sy3AbOOcbZSkbiQ07EndqdtbZdBZrh2HbTtELsc9Sd5DitrJdlIIKfkZVtPC3wWern0n1WpSTfNOF1GUF44q3XlYTtTkMa2K5bmgh5q6JtVHpvp11tu+sJk2Lq4aGxdq81K4lf8+cWI3us5RRzIB2mGzBZRaVGFeBYuaim5I+b/bsU371s5xVSaOEKOXCsV4WzjqbzmqFW0kmrabXrCa2DuByZ+suyzoCmdbJolvlaEZympVNwwixMIzGEnM8R9ZluHUpjCWHxXWzOrnHsLHirLPOTmSp/5yfVwxLpYWdb+kDcmFTpM2bQRdU5Wpi8FPn23kdDbDLFiyX+uuSZqly7H5qWufd3IMQOutsEyyWFhY81NIGNSx17ZyilaeyqRITAmJUbBkb+4fjYgKsaZbdcg1Bs7Qd8yHjYkZRbxy5s1KoDWfHzEojtABj9V+raLl7xmL+cNYu6buzzvaVlfo3Lqi25rpa1qJrpGDfObAxg2YqXBSXj21gS+mBYjLJmoGpAeG0DYmaK5ZYKXJrzix2rrMQpZC14RSsgzaMlRo6p+C5Nu2ss31kuX6QOp97EZNe0rjzub5R6/vVVtY6KNMGL+f2bW2SLQYZhVmduDggVFwsbE9DTccU3kMdS0RDEy9mQaCWvGMruHJnsTnjqimcyytnbYJZsiy+iRwbriiUtnGQAjU662yfWaoNanQtt9uChsWui/luaYwbObCWAOLhZ82+rFSoqKbYklPw1ojYKaZATUZjgu2RKDUsbluFLrMx+2o5q5/mpiyL1HFNWhgr1XfqjVqzkbWzzvaN1egG7f8YlrpPbZ+YG2ux4GPWMMqir7GkjZotqgewB9RUBOptXzs4otKi7ovqjKi3fMxSUb0/7pwusWG+Y3GZnKVZqS5LjNWvkGMtbUd6+3LW2b6yWklJT+ME3xen9phYU6GV0LJTRtNsKTnLarcdiHFQt4z6JdH6H2H3q/HP6QIr5Y+zNlZKh2sjMe0Ce4PSLOwIj1sWhTjrbFdZqVPn2qTFcV7Sz1bLEGdhbzNr0anUWILyQZV0YlNsGeP8y2Vc7PRK7CpCaT5e0zGFGWfp1HJjKeXBlaOz9vqLsXW/9WoHfdRgzVln+86m9Evc9JCWtS58CZ8lN9bqg0XpVGyQih1rmi21Ky+4aUHKymIxBVrmtmPSwvxWpJWG1GAxV5ZTNlyaztqUT6pSt7KSj6R2MOmss31iLe1K+s/p5Rj/La59W/REjmyVp/rtallis25tYUvq4TXTGFxMHstyTOwhsO8UHxPATTMIpBwpc2W587iG4OyYyepkrcNUOtp71sQKohSXs872lZVEa32ynBtjwdJO2+XEavJeM16g9GZb2DJmGkrKdIsFS2oAmoGeZkUjVYCx/jC5spa8dVbPSn4f2noZtjntAhPrW7F1VaqzznaV5dqgxfpkZfri2F7VU9rn1sYP08RDa5ItuUqizZTQfGapQFQwxdgVV5gpj2tAGguaxiqUC0vlC2clczZemWi+c7zEhuZpSWFhz+2ss31ktW2ZszJppic5FusnY1/AcmE1wvlscTMNmG5ski01Sl8zJRXje0U5kVnja8Q453OZQxV0F1gpf5zVs1Q7SBVrGpQjJpUm9hLkrLN9ZCmhrGFcWtRsjMSmOLvnymryn5oR0IS/aQtbWjohS4Zrp0K41VJWH66YKUmLlatrLDVKdxZntRLrw4XxGp87SWmHxywK31lnu8xq9Khm6h9LV8vWOZWZExuTPqevNe5Go2bLsMAppz1K4WOmPKsPluW71BAsBWw1Q+fOavPXWb0ioJTCTfPmwU3z5sH/8/d/b07L0gaoNkYp9rAuOetsn1lLm6bapDTYSplh4XR8bqw1Dax8qwsZNCFxmmZLTQfDvSWnxvaocxWh1V/GuiIvd9ZleDLI8wcfeACOfdvbYN26dbBu3TqYOnUqfPaCC0ZmwbK0R2eddZZvg5o0KGtXXXGvpDafE2v1faOujw1+Bt/bxBbVg3VknDUjU32oNPehvUbXfwvzBKs8ztKsJD+//3447Ld+C15YvhzWrl0LH/roR7cMrmKsYZaOpHqMM1+H5zvrbJ9ZqT8J2xnlfM0d0x7HPkvHcmQtM1vh2EQzVmkTW1KZJi1BjHWK5yptzAhfE/uEazQalpvjz53FznUWTAp5DMYHV4cfdBBMnToVXrP77vDOo4+GL3zlK+SbsLZtUKxm5RLXfp111lm57XFtVrOqTrvsH5tywvpG6T7azlpmtqp9u8Ri99AGFp0i1IRckMyxWqE6wJi3/rBBYQEbMUdmzN9Ms8IxNxY7rnX6dhaXAgBmAGwZXB1/0klw+Xe+g6arncq2sOG53EsE11acdbavLNUGKV3LrZznnNyt05xU36sZtLWRjcn/ME0uwjo3TmmKLTWDHu0KipRtCTQZjQk296mpBJagdF1htdO3zurYKQAwHcYtWFOmTIETTj4ZvvHtb5NTAdYpCi6+GVffKcWtWYHlrLN9Y8M2/eILL8CC+fPh8ccfh8VPPDG5zwGA17z2tbDV1lurdLDGjSZmkVaubIwfFhapXztl2yRbcpmlNfFxc9FSBnKZSp3DdUZU4+EGKJSlq3o/XWC5PHVWz06B8UHVNjBuwVoHAO875RT4+re+xc7VW4LnSiz3xowxkoXYWWdzZBfMnw/Lly+HGFm1fPkEC8MYjL8wPXrvvXD8O985fs3Nv4f/jzruOJj7278N5dSpqn5OY9mKkdzY2MDNUh+v1bmjZksptoPk3IY1EG1HYhn1S6L1P8LuV+Of0wVWyh9nZXYKjA+spmz+vg4AVgHA17/1LdW1tPHhNO1Lo6yx49opC2edHQZ7909+Ag8/+OAracH4oGVCH6P87W8/8xlYsngxDHqaMeH86u+bAGDbzf8pdgw5BgDw5OOPwxsPPhimbrWV2KYl/Wy1DHFGjDazGn3M1S8sz7Q6sSm2jHH+5TLOYsGSMjR2kKZp6FQGaqZlcmbD86sMVY7OvjK4mrb5/6bNg6s1RJ3DrmsJJyKxMTHmqOd31lmOXbpkCVz97/8Odcn1V10Ft/3oR+P1GF4Z7Gy5h2q9B9yCRLFoWwrYMYLdBABrAeB1r30tvPe974VnnnkGnli4EE3zrW97G0zfdlty9kbTD6X4LVPXbDtr9cGidCo2SMWONc2W2pUX0tLwsIFqMxLLUOy/RahM0DjSU5WoCyynXDXOln1lly5aBI//8pfw9KJFUG5Wwhs3/99kuEZMHdaIZmqFqkPOdpP94kUXwctr1kysJ4NzhN9CWbRwIVz5zW/CMGRMuP4Yc94YAHzkzDNh1912i7r21772NXhq2bIJebEWAF47axb87cUXw/333w833HCDqp1yetnii6Vp3xY9kSNb5Tnncmpg0ya2pB5eM41BzVFaRuV1Bhq1dESaQSDlSJkry50nKY++sr9esgTm33gjLNrs7LoOAF6G8QEWVZetdZhKR3vPUtgO7q3a2faw//yNb8CD998Pdcg3vvpVeHntWtY6tOVeAbcEDYs97sQT4bB3vKOW5/yD006DV++8s2nafCDf+d734MnKAEvq46TVg1aLlbav1E7b5cRKogmLwK1UbAtbxkxDSZlusWBJ04qagZ5mRSNVgLH+MLmylrztO/vU0qVw0/XXw5InnwQAeXBlcdTVXF/DWlaWYu3O2Xj29gUL4J8vu4zWhzB5OouTH9100xZ/ojElE14LYy12VIzdb//94dzzzoO65E2//dtwwOzZaL2WOjqs3aWWL9cGLdYnK9MXx/ZqOWmfWxs/TBMPrUm25CqJNlNC85mlAmm2JJB4ymIgWXqwguf8mbrAUvnCWcn6xi5//nn44fXXw4srV8KvFy+GWQccAL91yCFw5113wYMPPWRSJprvHC+xoXlaUljYc/eFXbVqFXz8tNOgLlm8aBHc+7Of4foFJg+QtD5DsWz1nK//y7/A9G23reU5d3r1q+F3Dj9c1RFKq3LbVDc0IlmZNFO5HIvlUewLWC6sRjifLW6WAtONTbKlRulrpqRifK80QTU1BRHjnM9lDlXQXWCl/Ok7++LKlfC9K6+Ep5YuhU0A8Pr99oOjjj8edtxpJ/glEhMHawepYk1D8/Yv+em1lf3UOefA/ffcI64IY/XM5nPWr18Pd9x2m5iGxXIEDDtGnEdZtf7q/PO3DGSoVXSgfN7fOfxwKMtykg6P8Z3hBi251itJKGsYlxY1GyOxdQTpzo3V5D81IyAFmaX0cRNsaemELBmunQrhVktZfbhipiQtVq6usdQova/s2rVr4duXXQbP/uY3AACw1+tfD8ecfDJst/32YJEY/y+K1/jcSUo7PGZR+DHsFZdeCld87WtQhzz+6KPw4ksvjV8DJg4ysM9A/MaxwJzLsceecAJ86vOfh7pkr332ge2Zuib5kFotEE3UjbaxlrzSTPVrLFhUoOA6pjJzYmPS53S9xt1o1GyJNdwQkqakwt+tPliW71JDsBSw1QydO6vN3z6y37jkEnh59WpYsXw57LTLLvAHp58O5dSpsO2MGbUonTqtqmF5U2lQq83Ctv7wL34Bf3Dssew9Waw6y194AV5Yvpz0CaLS0/gRYYMjCI5RaWw3cyYsuO8+0Vl7DHRxmLadMQN2evWr1fmMlaeVjSlfZ8eidxnR+AZLg62UGRZOx+fGWtOgAmhjU8GUoaZpttR0TtxbcmpsjzpXEVpXa1lX5OXOuuBy+Ze+BE8/9RQAAGy3/fbwobPOgq222spUp+osE00bOPygg2DJokW1PP+GDRvgxRdfHL82dv/h/QE9XUedF06LUdNfm4LzvnPttXAo4f9jlbGxsQkWohTdFbu/nLPtZKk2qElDWr1YZ+R27DlzYq2+b9T1scHP4Hub2LJamYax2kLLpy5t11RkyUQsTSF1gY1ZMdpFdt26dbBxwwb41qWXwtPLlsHWW28NW2+zDfzxX/zFlvM3bNgA69au3ZLmhvXryfqn2a7jz886C/7929/eMngYdPXVgcjPbrkFdiwK1slZ+l2aCgs/F0XBTk1Z5ZzzzoNzzzuPnRqxrrYcBiuZ+p3tPmsZTHBpcfvTSaylfkur13JgLTNblJ7XuDS1gS2xSoQlZMkk69t6irOfJsaMZoAiBSWlrp07i53bdXb1qlVwzXe+AwsffXTLb6edeSZsPW0arHjhhS2Dj4WPPALfv+qqCQMaahiy9447Tq7bgFt6xpjv2oCLu7/2tROcmFNk/9mz4bs33MBO7Wt9UrCI8xpdInVKzjo7TJbrB6UpQK6v0S77x14Usb5Ruo+2s5aZrWrfLrHYPbSBRacINSEXJHOsVrioqVaLGqXkJSdozN9Ms8IxNxY7rnUY7wq7cvly+MHVV28ZXA0GQd/40pdQCxG2rQa2VYeG3WOPPWDHV70KAAAefvhhWB1E2gYAmLHttjBr1iyxrv/bDTfAbq95DbkkXooMHuYb1qaxc7B2xilgZ51tO0v1S5SulQKOUn2idZqT6ns1g7Y2sjH5H6bJRVjnxilNsaVm0KNdQRHrSKjNaEywuU9NJbAEpesKawms2FX2lw8+CL9GNocNnajHAGCb6dNh51133fL92WefheUrVqDXP0IRmfqc886Do979bhgbG4O5c+fCvffeO+mcNx9yCMyfP1+loKn6TiluzQosZ53tG6vRK9r/MSx1n9o+MTc2xg8L2xGBm5ZtC1tymaU18VEX0JphuUKzhF7gGg83QOGiAVNvKDmyXJ72hX3ToYfCpo0b4cnHH4clCxfC6lWrthwrigL2PeCALd9332MPOLQycLr++uvhNiSOEgDAtTffrK57lkCjYbug9sOi2o7WQuyss31ktZKSnsTmuiowNh9jr8XpUCrdptlSiu1AKXuqE6HCO2BiGfVLovU/wu5X49vTBVbKn76whxx2GBxy2GFw+/z58NzTT8NDDzwA69auhWLKFHjj3LlwwJw5ZiWgqa9aZSr5Clr2XcOOay1jzjrbZdYyELBMH0ntWerjLJHoc2I1upwrZyzPtDqxKbaMcRzmMs5iwZIyNHaQpmlwmtVoXWQp5SH57HSRHVintn/Vq+D2m2+GdevWwY1XXQUrly+HmdtvDwfMmWPelUATI0UbyZhjY2LMUXnnrLN9ZVP6JW56SMvG+i1T12w7a/XB4vxHqXTbxJbalRfctAtlZbGYA1PDPUhpaR3pqUrUBZZTNhpny66yhx91FEyZMgVeXrMG7rjlFvjh9dfDdjvsABs3boTZBx1kVj6pSt3KaqZHqDrkrLN9ZS3tSvrP6eUY/y2ufVv0RI5sleecy6mBTZvYknp4zTQGNUdpGZXXGWjU0mA0g0DKkTJXljuPawh9YA99xztgw4YNMGXKFLjtpptgxQsvwI/mzYNfLV4Me+6zD+w3e7a6LqfGdLP4a4UOmFinw71VO+tsX1lJrKsHrRYrbV+pnbbLidXkvWa8QOnNtrBlzDSUlOkWC5bUADQDPc2KRqoAY/1hcmUteds3tixLeOvb3w47vOpV8OzTT8Ptt9wCd912GzzxyCPmuk/VQ4sPloa1rCzF2p2zzvad5dqgxfpkZfri2F7VU9rn1sYP08RDa5ItuUqizZTQfGapQCFnHaSFFizMlMc1II0FTWMVyoWl8oWzkvWJnbrVVjDnzW+GVZs3GL7jllvg2d/8Bub/4Afw0oYNZmWi+c7xEhuapyWFhT23s872kdW2Zc7KpJme5Fisn4x9AcuF1Qjns8XNUmC6sUm21Ch9zZRUjO+VJqimpiBinPO5zKEKuguslD/Ojsv0bbeF337b22CfN7wBHr7/frj7jjtgIwBsCwBrAGAD0w5SxZoG5YhJpYm9BDnrbB9ZSihrGJcWNRsjsXUE6c6N1eQKCOZOAAAX3ElEQVQ/NSMgBZml9HETbGnphCwZrp0K4VZLWX24YqYkLVaurrHUKN3ZcXab6dNhz332gZ132QU2btwI9/zkJwAAMB0AVsHkQRZVD61+WBYfLmpwzVn1LArfWWe7zGr0qGbqH0tXy9Y5lZkTG5M+p6817kajZsuwwCmnPUrhY6Y8qw+W5bvUECwFbDVD585q89fZiZ+nz5gBRxxzDGzYsAHuv/tuKGB8kAUA8CJUttAxWB1T2kRY3lQa1AoqaaDurLN9YbVtUbty28rGSM4+WNbp2bB8qwsZNCFxmmZLTQfDvSWnxvaocxWhdbWWdUVe7qxLvGw9bRpsmjYNlsP44Grq5t9nAsAKgFrLJMWCZWmPzjrrLN8GNWlQ1q664l5JbT4n1ur7Rl0fG/wMvreJLaoH68g4a0am+lBp7kN7ja7/FuYJVnmcpdmBrAKAdfCK5Wp7ANhrhx1g5cqVaPoxCpVjqZWEg2Oc+To831ln+8xK/UnYzijna+6Y9jj2WTqWI2uZ2QrHJpqxSpvYAss0KTOlTBqkYY1YHTPC18Q+Cc+1LK0NuS6wmI+Qszp2IKtg3HK1AcYHWitWrIBDZ8+GRQsXwm+WLZtUv2Ni8XAsNQALV1Nx1l1nnXWWb3vVNib5O3L9ktYVhhqYaJz2c2CtM1sYSw1+qUCgTbJF2OFQbwZUBaI6A+qGsEIKHyB2mgvbToT6jDVCLI0usVjlryofLq+cxeUlGB9kzT7wQFi6dCn81j77wCnHHw+LFi4kfUQ0b0IcW/2rdiCSIsQ6I2ed7TtLtUGNrsWuq9XTVPgY6mVK0kc5sDG+2VLIhnCc0ia24BS85MhFVXJNx6QVzVw5NkALB3nYAI6zDFBTSTmzVP5o8spZuh6+BADzbr8d3vLWt8ImALjn7rvhzD/8Q3jk4YfRuhwzRcEpMEyZYc+IdT7OOttX1tL/aP5r2iylByx9JecikANrteBTAzRNdPWm2ZIaHIWVUzoPO651JEwdpGFLKKVzqv8xlnqDyZnl8tRZPYvJtttuC9++5ho45+Mfh2efeQaeeOwxuGnePNhv//0n1W1LoFGK1ZjfqSl3zdJxZ53tA8vJdtttB/vttx+41CNFUUTPTEl9vGT0aYotpdgOGn+skNd2JJqlrVaTLsdQjVKzrL8LrJQ/ztrYMJ2dd9kFvvW978EvH3oIbpo3Dz7xyU+SbSSmXWCdhLRCCTuuXd3krLNdZqVOfa+99oK99tqLDV0kXVfLUh07184xXZEjKw1uJEOD9bqjZEtNRy1lBNWBWFZOcY3E2hlpGhyVgdTzdIUNz68yVDk6a6u/bzjgAHjDAQeQbzvWxR8YGxNjjnp+Z53tK6uRYd4z14lTx6gBXG6sJt9yf96SG+VzFYWah7QMjqgMxf7HNAhuVaFmCTw1WMyV5Ro9l6azcUp4GEodE830CFWHnHW2r2xMuxrGPXNT/5SVLkwrN1ab97k/b0kpds00hsZcqslI7CGw7xRvtTKEBSg9Y5g3ubLceVwn7+yYyepkrcNUOtp7phQ25UwbTjU762wfWUoeffRROPfcc8FlePL000+rdDGlG7FzpCnIJtgyZhqK6xisFiypAWgGetw0oVSAsf4wubKWvHVWz0p+H9p6GbY57QITq+VXmppw1tm+sKEsXboULrnkEnBpTig9Sfl+tZUlt8qhLCFS5ba+LWDxRCyDtNCCRS2npDJMY0HTWIVyYal84axkztqVg+U7x0tsaJ6WFBb23M4620fWpb3ChdTgZhow3dgkW2qUvmZKKsb3SlptoS2IGOd8LnOogu4CK+WPs3qWagd1KRfr+doAi9hLkLPO9pF1aadwMwJSQFdKHzfBlppKZ/XHsixH51ZLWX24YqYkLVaurrHUKN1ZnLUoB6mea3mNzx1V/pRlThpMOutsX1iXdgrnMiSFlmoTW1YrYFW5c1NNVCXHpvu0Gan9LjUiS+FZzdC5s9r8dTZOCVusjiltIixvKg1qJZM0UHfW2b6wLu0VKoA2NhVMGWqaZkkfrOpn7i1ZG+RN00GkriK0NhrrirzcWZfhK4M6yiTFgmVpj84622f21ltvhTe+8Y2wePFiV2Atkb/927+FU089VSxfbPAz+N4mtqwq9LpiTlnS0k7laNLRRPKlGiN1XU1MsJzYmBWjzuoH71T6sXHhNFZkyVzNrUZ01tm+sjNnzoQnn3zSFMtKc90YltI7mnP7zGrGFE2yk+JgSaHwscEKlYZGuFDz2o5I0wilAQrHcnP8ubPYuc4CW4+4c6m2EFO3OVZSTpRDptSmnXXW2eZYqh8Np6mczYMtBsqaCuLGdUrYudWLWDqm8B5SlsdX/1OfqcZAndMFFlsQMDhPyitnbcJZyjTBQzm2+lf1C8DaKfWbs8462x6Wav9YXyuFMHC2PWzJKXit+ZP6vQ5fIGmQhs19ahyZLUHpusJagvY5aw9SSFkWqeOatDBWqu+U9VazAstZZ50dPUtZqSlXACxyvbPtY4vqgVCwETkXTTr8rB0cUWlR90V1RtRbPmapqN4fd06X2DDfw/xxlmeluiwxscFzMdbSdjQ+es466+zo2dASren7sKCqzraTLaXYDtzAC6swVHgHTDjLS6yzPMdQlgqNf04XWCl/nLWxUjpcG4lpF9gblGZhR3hcuzLLWWedHQ1bbffado7pHWfbxZYxzr/UYCtleoWrrNbOSFPxNSvKushiA2RpKstZe/3FWEs4EYnVWna5gZ6zzjrbLCu5fmDHuFV2zraLLbUrILhpQcrKErMsPdaCJaWF+a1IKw2pwWKuLNfoNbE/nLUp0pi6G8NqloRTdchZZ51tlsUWLGEzSVw/5mw72VIanHAdADYCty5Hxyoe9Z3irVaG6meOpZwSc2W587hO3tkxk9XJWoepdLT3LIXt4KYrnHXW2WZZzm+ZW5mI6Rpn28WWMdNQXMdgtWBJ04qagZ5mRSPVmcb6w+TKWvLWWT0r+V9o62XY5rQLTKyWX+uqVGeddbZ+FjuPaucaveRsu1hyqxxpZE1VMqsPVshZB2nYKjuNnwrnvxR+11iFcmGpfOGsZM7aJHVlLBeDi1uNxLW3cHEE5nDrrLPOjpbldDvWh3LuO862jy01Sl8zJRXje0U5kWmnFwfnxzjnc5mDfbf68bSVlfLHWT1LtYNUsaZBOWJSaVIrl5x11tnRs9qQLpSF3Nn2sqWlE9J0LhYfLGwwhlnCOOHe9jUdocXK1TWWGqU7S79haiTWhwvjNT53VPlTljlpMOmss86OjuV0kMaFxtn2smW1IlAdszQlFf5u9cGyfJcqs0a0DBdzKkdWm7/O6uoelU7qikJLG6DaGPUWFtYlZ511tlm26iSvCfPibD5sqelguLdkbbA1TQeRuorQ6i9jXZGXO+syPKmzTFIsWJb26KyzzraHxTr0ah/nbH5sUT0YI9TKiVH5UGnuQ3uNrv8W5glWeZylWUs9rLIxvlkcS60kHBzjzNfh+c4662zzrCWEjLP5sJPiYFFOelwFodLQCBdqPrYj0nZM2sbAzbXnzmLnOgtsPeLOpdpCTN3mWCmUA+WQKbVpZ511tjmW6kfDaSpn82CLgbLG3vA5J9/wzT68Ge2bf7XjoEJEaCWcKgynD7GpxLAxUOd0gcXeuAbnSXnlrE2w+DjaqWyJrf5V/QKwdkr95qyzzraHpdo/1tdy/aSz7WJLTsFLb8lUhUnpmDQVM7ymxnrDrdrA/neR1U7fOhu3nyZlWaSOa9LCWKm+U9ZbzUooZ511dvQsZaXGXqyrn51tN1tUD4SCjcgpMyf2WTs4otKi7ovqjKi3fMxSUb0/7pwusWG+h/njLM9KdVlitKtrNayl7WjCRjjrrLOjZ0NLtKbvC61mzraXLaXYDtzAC6swVHgHTDjLS4yzPJcudo4U0oC6j1xZKX+ctbFSOlwbiWkX2BuUtFIJO65d5eSss86Ohq22e207x/SOs+1iyxjnX2qwlTK9wlVWa2ekqfhUBmqmZXJmsQGyNJXlrL3+YqwlnIjEai273EDPWWedbZaVXD+wY5iOcbadbKldASEtDecqjkZSwz1IaWF+K9JKQ2qwmCvLNXpN7A9nbYo0pu7GsJKPpHYw6ayzzo6exRYsYTNJXD/mbDvZUhqccB0ANgK3LkfHKh71neKtVobqZ46lnBJzZbnzuE7e2TGT1clah6l0tPcshe3gpiucddbZZlnOb5lbmYjpGmfbxZYx01Bcx2C1YEnTipqBnmZFI9WZxvrD5Mpa8tZZPSv5X2jrZdjmtAtMrJZf66pUZ511tn4WO49q5xq95Gy7WHKrHGlkTVUyqw9WyFkHadgqO42fCue/FH7XWIVyYal84axkztokdWUsF4OLW43EtbdwcQTmcOuss86OluV0O9aHcu47zraPLTVKXzMlFeN7RTmRaacXB+fHOOdzmYN9t/rxtJWV8sdZPUu1g1SxpkE5YlJpUiuXnHXW2dGz2pAulIXc2faypaUT0nQuFh8sbDCGWcI44d72NR2hxcrVNZYapTtLv2FqJNaHC+M1PndU+VOWOWkw6ayzzo6O5XSQxoXG2fayZbUiUB2zNCUV/m71wbJ8lyqzRrQMF3MqR1abv87q6h6VTuqKQksboNoY9RYW1iVnnXW2WbbqJK8J8+JsPmyp6WC4t2RtsDVNB5G6itDqL2NdkZc76zI8qbNMUixYlvborLPOtofFOvRqH+dsfmxRPRgj1MqJUflQae5De42u/xbmCVZ5nKVZSz2ssjG+WRxLrSQcHOPM1+H5zjrrbPOsJYSMs/mwk+JgUU56XAWh0tAIF2o+tiPSdkzaxsDNtefOYuc6C2w94s6l2kJM3eZYKZQD5ZAptWlnnXW2OZbqR8NpKmfzYIuBssbe8Dkn3/DNPrwZ7Zt/teOgQkRoJZwqDKcPsanEsDFQ53SBxd64BudJeeWsTbD4ONqpbImt/lX9ArB2Sv3mrLPOtoel2j/W13L9pLPtYktOwUtvyVSFSemYNBUzvKbGesOt2sD+d5HVTt86G7efJmVZpI5r0sJYqb5T1lvNSihnnXV29CxlpcZerKufnW03W1QPhIKNyCkzJ/ZZOzii0qLui+qMqLd8zFJRvT/unC6xYb6H+eMsz0p1WWK0q2s1rKXtaMJGOOuss6NnQ0u0pu8LrWbOtpctpdgO3MALqzBUeAdMOMtLjLM8ly52jhTSgLqPXFkpf5y1sVI6XBuJaRfYG5S0Ugk7rl3l5Kyzzo6GrbZ7bTvH9I6z7WLLGOdfarCVMr3CVVZrZ6Sp+FQGaqZlcmaxAbI0leWsvf5irCWciMRqLbvcQM9ZZ51tlpVcP7BjmI5xtp1sqV0BIS0N5yqORlLDPUhpYX4r0kpDarCYK8s1ek3sD2dtijSm7sawko+kdjDprLPOjp7FFixhM0lcP+ZsO9lSGpxwHQA2ArcuR8cqHvWd4q1WhupnjqWcEnNlufO4Tt7ZMZPVyVqHqXS09yyF7eCmK5x11tlmWc5vmVuZiOkaZ9vFljHTUFzHYLVgSdOKmoGeZkUj1ZnG+sPkylry1lk9K/lfaOtl2Oa0C0ysll/rqlRnnXW2fhY7j2rnGr3kbLtYcqscaWRNVTKrD1bIWQZpTzzxBHzsYx+DJUuWgIvLsOWpp55SnZe6MpaLwcWtRuLaW7g4AnO4ddZZZ0fLVtsx1b6x9o6d42z72FKj9DVTUjG+V5QTmXZ6ccWKFTBv3jxwcWlaLPVWk1bM+dpAh9TKJWeddXb0rDakC2Uhd7a9bFE9gP1xx7D5ZmuARy4ukYtLjsLFYNPG1JLiulHphIoeO1cKY+Kss86OjqVmkLj/zubBloMKwFmSJEf08HerD5blu4tLW4V7sbDUY0sboNoY9RZWTc9ZZ51tnq06yWvCvDibD0v6YHEdRmjalGJOcZK6itDFpQ1iWdmZ0iawtENW2x6dddbZ9rBYhz747myebFE9GCOp8auwVYDh9xkzZkBRFN6Lu7RStttuO7IxxvpmcawUk45bLh6e76yzzjbPWkLIOJsPOykOFuWkx1UQKg2NcKHmB3LdddfBscceCw8++GAO/a1Lz+S+++4jLU3UKllt26BYKZQD5ZAptWlnnXW2ORZr/9XzqBX7zraTRacINSEXJLOoVrioqdVO5IYbbmArM3UvWGfEhcDXTFnmylKBYTVl46x9Z4KQ1S7gsLDhuZT/l7QCxllnnW2Opfpgru91tv1sKXU01YoQVoxQLFYuS0dVTTvGWThkwwi8HIt9zpmlKofU2J2tl9XUXct1uXbIKQRnnXW2eZayUmMWkrBPc7a9bMENhrDpQi6adPhZ6kio2BLcOdwydS2ruQ/seO4sl2+h5dLZ4bPWdoFdV6r/2O/U27Szzjo7WjZcKMalhekCZ9vNllSATyxGFZdoTMBRbjm7JYBbDKv5TP2WO6spO2eHy8a0C2qKm7sn7Lh2lZOzzjo7GjbsrzTtnOrrnG0PW3IddWyYBetKQq6jkOKIxLLYIJAy4XJTNbmx2AA5fMtydjSstl1J17UM1LA646yzzjbDcp04dYzzx3W2XWypXQEhLQ3nKo5GpHAP3KCtDlb7PXdWc9zZvFjJR1IaBDrrrLPNseHUf9hnURYvZ9vPlpRi13TS1EorizOvZgUcV6ljWMpnjHpG6ntuLJemlJazw2OpNqG9rhR3h7P2Ouuss82ynN+y5BrjbLvZkptHrELaaQ2rBUuaVsRMdFyl1rIany6uYeTISm9Y1EoYZ4fLUuWnvW6Vsb4gOeuss82x2HmcfuF0vbPtY8mtcqSRNVXJtD5YL730Epx44ong4tJHeeKJJ8hjnLWSW43EtbcwxAfmcOuss86Olq22Y6p9Y+0dO8fZ9rElpbg5pY4lZrVcrV+/Hq6++uqc+0gXl6GI1XdLs9KWsoQ566yzzbLakC6UhdzZ9rJF9QD2xx3D5ptjVxG6uLhMbMxYrC0uDly1zXFxuriVTc466+xoWWoGifvvbB5sOagAGn+l6u/YxcJpQqtzr4uLi21VKNXGNCFOnHXW2ebZqj+xJsyLs/mwpA9W9TPnPK6NQeXi4qITyypEydneEhTVWWedbY7FOvTBd2fzZIvqwRiRzGTTp0+Hsiy913RxEaQoCpgxY8aW9mNR6NVj3HLx8HxnnXW2eVYbsDQ819l2s5NGPpSTHldBqDQAAL7yla/A+vXrYd68ed6DurgwMnv2bLj22msntSPNthphO6UcMqU27ayzzjbHhsfC86gV+862kx3bhIyUYqb5pDhAXJpSXCFNh2JhuRD4MYFOc2GpwLCUOJsPW60PVJ2g/CydddbZZlnJKi31u862k0UHWGGCMQEPqRugztO+FWgf3Jo+9RxdZS1+As62n7XUE04hOOuss6NnNW1d+uxs+9gCK3iq4+Y6b64CUdYkKrZE+B2bC01hseeUpjy7wHL5FppEnc2Dleo/9js1feGss86Olg0XinFpYbrA2XazYxs3btxULXCtn1UomjdtrTmOu+EYcVY+t45pYWdHz0rHsLapaa/OOuvs6FiuvVPtHOtHnW0XW1IhGrSDIM3qicFnafBlGaSlstiIlIrxxfk05caGx6rfsbctZ9vPUsIFQtSuiHHWWWeHx2KdODfzI/njOtsudmzjxo2bNCsgLA5e2kFUk+JWLWe7wnKKAPuN8xlw1llnR8tWv0usZVGXs82zkwZYMYpdMpcORDNtGLOazsrGrNAKv+fIcudp0nK2nWzYFrmXGOs0o7POOjtclpqGCjvuKksdd7Zd7NimcUErSQhZOnTpP/cwmGi8/C1sjLWgS6xlpaWz7Waphq9pC84662xzrDbtQfrO5sWSYRo0FQFT9GFF01i0sJuTzq+D1d5PVXJmY8TZdrPSGzDVljVvz8466+xw2Wo7rv4mpRPqAGfbyW4ZYGktVNRxzbRgSuwJrrKmsJrfu8pqxNn2s5MadUR9cNZZZ5thY2aHwus5206WtWBZlbt2erANPlhS5bZePwfWatlyNg+WUtrUClONwnfWWWdHx3IO1prpKmfbyaI+WJzS5yqMZkCjeZBRSd8sWS7dE261r+So6ayzzjbPUlNPnIuLs3mwSRYsTbA1rcN7eIPS9xSW+017PEc25Vxn28lKDvOWBRLOOutss2yVr37H2rqz7Wf/f8YKU2WigMwVAAAAAElFTkSuQmCC</file>

    <drag>
      <no>1</no>
      <text>PC - Klient</text>
      <noofdrags>1</noofdrags>
    </drag>
    <drag>
      <no>2</no>
      <text>PHP soubor</text>
      <noofdrags>1</noofdrags>
    </drag>
    <drag>
      <no>3</no>
      <text>Prohlížeč (Firefox, Chrome, IE apd.)</text>
      <noofdrags>1</noofdrags>
    </drag>
    <drag>
      <no>4</no>
      <text>HTML soubor</text>
      <noofdrags>1</noofdrags>
    </drag>
    <drag>
      <no>5</no>
      <text>Server</text>
      <noofdrags>1</noofdrags>
    </drag>
    <drag>
      <no>6</no>
      <text>Zpracování souboru (požadavku)</text>
      <noofdrags>1</noofdrags>
    </drag>
    <drop>
      <no>1</no>
      <shape>rectangle</shape>
      <coords>30,10;120,30</coords>
      <choice>1</choice>
    </drop>
    <drop>
      <no>2</no>
      <shape>rectangle</shape>
      <coords>150,75;50,75</coords>
      <choice>2</choice>
    </drop>
    <drop>
      <no>3</no>
      <shape>rectangle</shape>
      <coords>40,160;90,40</coords>
      <choice>3</choice>
    </drop>
    <drop>
      <no>4</no>
      <shape>rectangle</shape>
      <coords>40,220;170,120</coords>
      <choice>4</choice>
    </drop>
    <drop>
      <no>5</no>
      <shape>rectangle</shape>
      <coords>450,50;100,40</coords>
      <choice>5</choice>
    </drop>
    <drop>
      <no>6</no>
      <shape>rectangle</shape>
      <coords>450,120;100,170</coords>
      <choice>6</choice>
    </drop>
    <hint format="html">
      <text></text>
      <shownumcorrect/>
    </hint>
    <hint format="html">
      <text></text>
      <shownumcorrect/>
    </hint>
    <tags>
      <tag><text>php</text>
</tag>
      <tag><text>zpracování souboru</text>
</tag>
      <tag><text>zpracování</text>
</tag>
    </tags>
  </question>

<!-- question: 8017  -->
  <question type="multichoice">
    <name>
      <text>Minimum pro práci s php</text>
    </name>
    <questiontext format="html">
      <text><![CDATA[<p dir="ltr" style="text-align: left;">Abychom mohli pracovat s PHP (psát, spouštět a prohlížet i grafický výsledek) potřebujeme:<br></p>]]></text>
    </questiontext>
    <generalfeedback format="html">
      <text></text>
    </generalfeedback>
    <defaultgrade>3.0000000</defaultgrade>
    <penalty>0.5000000</penalty>
    <hidden>0</hidden>
    <idnumber></idnumber>
    <single>false</single>
    <shuffleanswers>true</shuffleanswers>
    <answernumbering>abc</answernumbering>
    <showstandardinstruction>0</showstandardinstruction>
    <correctfeedback format="html">
      <text>Vaše odpověď je správná.</text>
    </correctfeedback>
    <partiallycorrectfeedback format="html">
      <text>Vaše odpověď je částečně správná.</text>
    </partiallycorrectfeedback>
    <incorrectfeedback format="html">
      <text>Vaše odpověď je chybná.</text>
    </incorrectfeedback>
    <shownumcorrect/>
    <answer fraction="33.33333" format="html">
      <text><![CDATA[<p dir="ltr" style="text-align: left;">PHP server<br></p>]]></text>
      <feedback format="html">
        <text></text>
      </feedback>
    </answer>
    <answer fraction="33.33333" format="html">
      <text><![CDATA[<p dir="ltr" style="text-align: left;">Webový prohlížeč<br></p>]]></text>
      <feedback format="html">
        <text></text>
      </feedback>
    </answer>
    <answer fraction="33.33333" format="html">
      <text><![CDATA[<p dir="ltr" style="text-align: left;">Textový editor<br></p>]]></text>
      <feedback format="html">
        <text></text>
      </feedback>
    </answer>
    <answer fraction="-50" format="html">
      <text><![CDATA[<p dir="ltr" style="text-align: left;">Velký sálový počítač<br></p>]]></text>
      <feedback format="html">
        <text></text>
      </feedback>
    </answer>
    <answer fraction="-50" format="html">
      <text><![CDATA[<p dir="ltr" style="text-align: left;">Připojení k internetu<br></p>]]></text>
      <feedback format="html">
        <text></text>
      </feedback>
    </answer>
    <tags>
      <tag><text>php</text>
</tag>
      <tag><text>zpracování souboru</text>
</tag>
    </tags>
  </question>

<!-- question: 8019  -->
  <question type="multichoice">
    <name>
      <text>Počet php bloků</text>
    </name>
    <questiontext format="html">
      <text><![CDATA[<p dir="ltr" style="text-align: left;">V jednom souboru může být maximálně kolik php bloků?<br></p>]]></text>
    </questiontext>
    <generalfeedback format="html">
      <text></text>
    </generalfeedback>
    <defaultgrade>2.0000000</defaultgrade>
    <penalty>0.5000000</penalty>
    <hidden>0</hidden>
    <idnumber></idnumber>
    <single>true</single>
    <shuffleanswers>true</shuffleanswers>
    <answernumbering>abc</answernumbering>
    <showstandardinstruction>0</showstandardinstruction>
    <correctfeedback format="html">
      <text>Vaše odpověď je správná.</text>
    </correctfeedback>
    <partiallycorrectfeedback format="html">
      <text>Vaše odpověď je částečně správná.</text>
    </partiallycorrectfeedback>
    <incorrectfeedback format="html">
      <text>Vaše odpověď je chybná.</text>
    </incorrectfeedback>
    <shownumcorrect/>
    <answer fraction="100" format="html">
      <text><![CDATA[<p dir="ltr" style="text-align: left;">neomezeno<br></p>]]></text>
      <feedback format="html">
        <text></text>
      </feedback>
    </answer>
    <answer fraction="0" format="html">
      <text><![CDATA[<p dir="ltr" style="text-align: left;">0<br></p>]]></text>
      <feedback format="html">
        <text></text>
      </feedback>
    </answer>
    <answer fraction="0" format="html">
      <text><![CDATA[<p dir="ltr" style="text-align: left;">1<br></p>]]></text>
      <feedback format="html">
        <text></text>
      </feedback>
    </answer>
    <answer fraction="0" format="html">
      <text><![CDATA[<p dir="ltr" style="text-align: left;">2<br></p>]]></text>
      <feedback format="html">
        <text></text>
      </feedback>
    </answer>
    <answer fraction="0" format="html">
      <text><![CDATA[<p dir="ltr" style="text-align: left;">5<br></p>]]></text>
      <feedback format="html">
        <text></text>
      </feedback>
    </answer>
    <tags>
      <tag><text>php</text>
</tag>
      <tag><text>syntaxe</text>
</tag>
    </tags>
  </question>

<!-- question: 8021  -->
  <question type="multichoice">
    <name>
      <text>Výpočet php</text>
    </name>
    <questiontext format="html">
      <text><![CDATA[<p dir="ltr" style="text-align: left;">Kde se provádí výpočty v příkazech v php? <br></p>]]></text>
    </questiontext>
    <generalfeedback format="html">
      <text></text>
    </generalfeedback>
    <defaultgrade>2.0000000</defaultgrade>
    <penalty>0.5000000</penalty>
    <hidden>0</hidden>
    <idnumber></idnumber>
    <single>true</single>
    <shuffleanswers>true</shuffleanswers>
    <answernumbering>abc</answernumbering>
    <showstandardinstruction>0</showstandardinstruction>
    <correctfeedback format="html">
      <text>Vaše odpověď je správná.</text>
    </correctfeedback>
    <partiallycorrectfeedback format="html">
      <text>Vaše odpověď je částečně správná.</text>
    </partiallycorrectfeedback>
    <incorrectfeedback format="html">
      <text>Vaše odpověď je chybná.</text>
    </incorrectfeedback>
    <shownumcorrect/>
    <answer fraction="100" format="html">
      <text><![CDATA[<p dir="ltr" style="text-align: left;">Na serveru<br></p>]]></text>
      <feedback format="html">
        <text></text>
      </feedback>
    </answer>
    <answer fraction="0" format="html">
      <text><![CDATA[<p dir="ltr" style="text-align: left;">V našem prohlížeči<br></p>]]></text>
      <feedback format="html">
        <text></text>
      </feedback>
    </answer>
    <answer fraction="0" format="html">
      <text><![CDATA[<p dir="ltr" style="text-align: left;">V našem počítači<br></p>]]></text>
      <feedback format="html">
        <text></text>
      </feedback>
    </answer>
    <answer fraction="0" format="html">
      <text><![CDATA[<p dir="ltr" style="text-align: left;">Na internetu<br></p>]]></text>
      <feedback format="html">
        <text></text>
      </feedback>
    </answer>
    <tags>
      <tag><text>php</text>
</tag>
      <tag><text>zpracování souboru</text>
</tag>
    </tags>
  </question>

<!-- question: 8022  -->
  <question type="multichoice">
    <name>
      <text>Výsledek echo</text>
    </name>
    <questiontext format="html">
      <text><![CDATA[<p dir="ltr" style="text-align: left;">Pomocí příkazu echo vytvoříme:<br></p>]]></text>
    </questiontext>
    <generalfeedback format="html">
      <text></text>
    </generalfeedback>
    <defaultgrade>2.0000000</defaultgrade>
    <penalty>0.5000000</penalty>
    <hidden>0</hidden>
    <idnumber></idnumber>
    <single>true</single>
    <shuffleanswers>true</shuffleanswers>
    <answernumbering>abc</answernumbering>
    <showstandardinstruction>0</showstandardinstruction>
    <correctfeedback format="html">
      <text>Vaše odpověď je správná.</text>
    </correctfeedback>
    <partiallycorrectfeedback format="html">
      <text>Vaše odpověď je částečně správná.</text>
    </partiallycorrectfeedback>
    <incorrectfeedback format="html">
      <text>Vaše odpověď je chybná.</text>
    </incorrectfeedback>
    <shownumcorrect/>
    <answer fraction="100" format="html">
      <text><![CDATA[<p dir="ltr" style="text-align: left;">Text ve výsledném souboru<br></p>]]></text>
      <feedback format="html">
        <text></text>
      </feedback>
    </answer>
    <answer fraction="0" format="html">
      <text><![CDATA[<p dir="ltr" style="text-align: left;">Ozvěnu<br></p>]]></text>
      <feedback format="html">
        <text></text>
      </feedback>
    </answer>
    <answer fraction="0" format="html">
      <text><![CDATA[<p dir="ltr" style="text-align: left;">Zvuk na webové stránce (nepř. písnička v pozadí)<br></p>]]></text>
      <feedback format="html">
        <text></text>
      </feedback>
    </answer>
    <answer fraction="0" format="html">
      <text><![CDATA[<p dir="ltr" style="text-align: left;">Výsledek výpočtu<br></p>]]></text>
      <feedback format="html">
        <text></text>
      </feedback>
    </answer>
    <tags>
      <tag><text>php</text>
</tag>
      <tag><text>echo</text>
</tag>
    </tags>
  </question>

<!-- question: 8016  -->
  <question type="multichoice">
    <name>
      <text>Výsledek php souboru</text>
    </name>
    <questiontext format="html">
      <text><![CDATA[<p dir="ltr" style="text-align: left;">Po spuštění php souboru je výsledek:</p><p dir="ltr" style="text-align: left;">Pozn.: Nepočítáme, že můžeme data někam uložit, odeslat apd.<br></p>]]></text>
    </questiontext>
    <generalfeedback format="html">
      <text></text>
    </generalfeedback>
    <defaultgrade>2.0000000</defaultgrade>
    <penalty>0.5000000</penalty>
    <hidden>0</hidden>
    <idnumber></idnumber>
    <single>true</single>
    <shuffleanswers>true</shuffleanswers>
    <answernumbering>abc</answernumbering>
    <showstandardinstruction>0</showstandardinstruction>
    <correctfeedback format="html">
      <text>Vaše odpověď je správná.</text>
    </correctfeedback>
    <partiallycorrectfeedback format="html">
      <text>Vaše odpověď je částečně správná.</text>
    </partiallycorrectfeedback>
    <incorrectfeedback format="html">
      <text>Vaše odpověď je chybná.</text>
    </incorrectfeedback>
    <shownumcorrect/>
    <answer fraction="100" format="html">
      <text><![CDATA[<p dir="ltr" style="text-align: left;">Textový soubor (obvykle HTML)<br></p>]]></text>
      <feedback format="html">
        <text></text>
      </feedback>
    </answer>
    <answer fraction="-50" format="html">
      <text><![CDATA[<p dir="ltr" style="text-align: left;">Speciální formát souboru .php<br></p>]]></text>
      <feedback format="html">
        <text></text>
      </feedback>
    </answer>
    <answer fraction="-50" format="html">
      <text><![CDATA[<p dir="ltr" style="text-align: left;">Hodnoty vypočtené v průběhu zpracování .php<br></p>]]></text>
      <feedback format="html">
        <text></text>
      </feedback>
    </answer>
    <tags>
      <tag><text>php</text>
</tag>
      <tag><text>zpracování souboru</text>
</tag>
    </tags>
  </question>

<!-- question: 8023  -->
  <question type="shortanswer">
    <name>
      <text>Jak vytvořit text</text>
    </name>
    <questiontext format="html">
      <text><![CDATA[<p dir="ltr" style="text-align: left;">Pomocí jakého příkazu můžeme zapsat text do výsledného souboru?</p><p dir="ltr" style="text-align: left;">Pozn.: Příkaz pište bez ukončovacího znaku.<br></p>]]></text>
    </questiontext>
    <generalfeedback format="html">
      <text></text>
    </generalfeedback>
    <defaultgrade>2.0000000</defaultgrade>
    <penalty>0.5000000</penalty>
    <hidden>0</hidden>
    <idnumber></idnumber>
    <usecase>0</usecase>
    <answer fraction="100" format="moodle_auto_format">
      <text>echo</text>
      <feedback format="html">
        <text></text>
      </feedback>
    </answer>
    <answer fraction="100" format="moodle_auto_format">
      <text>echo()</text>
      <feedback format="html">
        <text></text>
      </feedback>
    </answer>
    <answer fraction="100" format="moodle_auto_format">
      <text><![CDATA[echo ""]]></text>
      <feedback format="html">
        <text></text>
      </feedback>
    </answer>
    <answer fraction="100" format="moodle_auto_format">
      <text><![CDATA[echo("")]]></text>
      <feedback format="html">
        <text></text>
      </feedback>
    </answer>
    <answer fraction="100" format="moodle_auto_format">
      <text><![CDATA[echo("*")]]></text>
      <feedback format="html">
        <text></text>
      </feedback>
    </answer>
    <answer fraction="100" format="moodle_auto_format">
      <text><![CDATA[echo "*"]]></text>
      <feedback format="html">
        <text></text>
      </feedback>
    </answer>
    <answer fraction="100" format="moodle_auto_format">
      <text>print</text>
      <feedback format="html">
        <text></text>
      </feedback>
    </answer>
    <answer fraction="100" format="moodle_auto_format">
      <text><![CDATA[print ""]]></text>
      <feedback format="html">
        <text></text>
      </feedback>
    </answer>
    <answer fraction="100" format="moodle_auto_format">
      <text>print()</text>
      <feedback format="html">
        <text></text>
      </feedback>
    </answer>
    <answer fraction="100" format="moodle_auto_format">
      <text><![CDATA[print("*")]]></text>
      <feedback format="html">
        <text></text>
      </feedback>
    </answer>
    <answer fraction="100" format="moodle_auto_format">
      <text><![CDATA[print "*"]]></text>
      <feedback format="html">
        <text></text>
      </feedback>
    </answer>
    <tags>
      <tag><text>php</text>
</tag>
      <tag><text>echo</text>
</tag>
      <tag><text>print</text>
</tag>
    </tags>
  </question>

<!-- question: 8020  -->
  <question type="shortanswer">
    <name>
      <text>Php - ukončení příkazu</text>
    </name>
    <questiontext format="html">
      <text><![CDATA[<p dir="ltr" style="text-align: left;">Každý příkaz v php končí znakem:<br></p>]]></text>
    </questiontext>
    <generalfeedback format="html">
      <text></text>
    </generalfeedback>
    <defaultgrade>2.0000000</defaultgrade>
    <penalty>0.5000000</penalty>
    <hidden>0</hidden>
    <idnumber></idnumber>
    <usecase>0</usecase>
    <answer fraction="100" format="moodle_auto_format">
      <text>;</text>
      <feedback format="html">
        <text></text>
      </feedback>
    </answer>
    <answer fraction="100" format="moodle_auto_format">
      <text>;</text>
      <feedback format="html">
        <text></text>
      </feedback>
    </answer>
    <answer fraction="100" format="moodle_auto_format">
      <text>;</text>
      <feedback format="html">
        <text></text>
      </feedback>
    </answer>
    <answer fraction="100" format="moodle_auto_format">
      <text>;</text>
      <feedback format="html">
        <text></text>
      </feedback>
    </answer>
    <tags>
      <tag><text>php</text>
</tag>
      <tag><text>syntaxe</text>
</tag>
    </tags>
  </question>

<!-- question: 8018  -->
  <question type="shortanswer">
    <name>
      <text>Tag php</text>
    </name>
    <questiontext format="html">
      <text><![CDATA[<p dir="ltr" style="text-align: left;">Do jakého tagu zapisujeme php kód?</p><p dir="ltr" style="text-align: left;">Pozn.: Pište otevírací i zavírací tag, odělené mezerou.<br></p>]]></text>
    </questiontext>
    <generalfeedback format="html">
      <text></text>
    </generalfeedback>
    <defaultgrade>2.0000000</defaultgrade>
    <penalty>0.5000000</penalty>
    <hidden>0</hidden>
    <idnumber></idnumber>
    <usecase>0</usecase>
    <answer fraction="100" format="moodle_auto_format">
      <text><![CDATA[<?php?>]]></text>
      <feedback format="html">
        <text></text>
      </feedback>
    </answer>
    <answer fraction="100" format="moodle_auto_format">
      <text><![CDATA[<?php ?>]]></text>
      <feedback format="html">
        <text></text>
      </feedback>
    </answer>
    <answer fraction="100" format="moodle_auto_format">
      <text><![CDATA[<?php*?>]]></text>
      <feedback format="html">
        <text></text>
      </feedback>
    </answer>
    <tags>
      <tag><text>php</text>
</tag>
      <tag><text>syntaxe</text>
</tag>
    </tags>
  </question>

<!-- question: 8024  -->
  <question type="truefalse">
    <name>
      <text>Co umí php</text>
    </name>
    <questiontext format="html">
      <text><![CDATA[<p dir="ltr" style="text-align: left;">Pomocí php lze pouze vytvářet viditelnou část webové stránky.<br></p>]]></text>
    </questiontext>
    <generalfeedback format="html">
      <text></text>
    </generalfeedback>
    <defaultgrade>1.0000000</defaultgrade>
    <penalty>1.0000000</penalty>
    <hidden>0</hidden>
    <idnumber></idnumber>
    <answer fraction="0" format="moodle_auto_format">
      <text>true</text>
      <feedback format="html">
        <text></text>
      </feedback>
    </answer>
    <answer fraction="100" format="moodle_auto_format">
      <text>false</text>
      <feedback format="html">
        <text></text>
      </feedback>
    </answer>
    <tags>
      <tag><text>php</text>
</tag>
    </tags>
  </question>

<!-- question: 7731  -->
  <question type="truefalse">
    <name>
      <text>Možnost rozdělení</text>
    </name>
    <questiontext format="html">
      <text><![CDATA[<p>Pokud rozdělím php kód do více bloků &lt;?php ... ?&gt;. Jednotlivé bloky do sebe navzájem nevidí. To, co udělám v jednom bloku se nijak neprojeví v jiném.<br></p>]]></text>
    </questiontext>
    <generalfeedback format="html">
      <text></text>
    </generalfeedback>
    <defaultgrade>1.0000000</defaultgrade>
    <penalty>1.0000000</penalty>
    <hidden>0</hidden>
    <idnumber></idnumber>
    <answer fraction="0" format="moodle_auto_format">
      <text>true</text>
      <feedback format="html">
        <text></text>
      </feedback>
    </answer>
    <answer fraction="100" format="moodle_auto_format">
      <text>false</text>
      <feedback format="html">
        <text></text>
      </feedback>
    </answer>
    <tags>
      <tag><text>php</text>
</tag>
      <tag><text>kód</text>
</tag>
    </tags>
  </question>

<!-- question: 8025  -->
  <question type="truefalse">
    <name>
      <text>Načtení dat od uživatele</text>
    </name>
    <questiontext format="html">
      <text><![CDATA[<p dir="ltr" style="text-align: left;">PHP umí přímo načíst data od uživatele.<br></p>]]></text>
    </questiontext>
    <generalfeedback format="html">
      <text></text>
    </generalfeedback>
    <defaultgrade>1.0000000</defaultgrade>
    <penalty>1.0000000</penalty>
    <hidden>0</hidden>
    <idnumber></idnumber>
    <answer fraction="0" format="moodle_auto_format">
      <text>true</text>
      <feedback format="html">
        <text></text>
      </feedback>
    </answer>
    <answer fraction="100" format="moodle_auto_format">
      <text>false</text>
      <feedback format="html">
        <text></text>
      </feedback>
    </answer>
    <tags>
      <tag><text>php</text>
</tag>
      <tag><text>zpracování souboru</text>
</tag>
    </tags>
  </question>

<!-- question: 8026  -->
  <question type="truefalse">
    <name>
      <text>PHP - používáme tagy</text>
    </name>
    <questiontext format="html">
      <text><![CDATA[<p dir="ltr" style="text-align: left;">PHP se velmi podobá HTML a CSS - pouze píšeme tagy, které se zpravovávají jinde než v našem prohlížeči.<br></p>]]></text>
    </questiontext>
    <generalfeedback format="html">
      <text></text>
    </generalfeedback>
    <defaultgrade>1.0000000</defaultgrade>
    <penalty>1.0000000</penalty>
    <hidden>0</hidden>
    <idnumber></idnumber>
    <answer fraction="0" format="moodle_auto_format">
      <text>true</text>
      <feedback format="html">
        <text></text>
      </feedback>
    </answer>
    <answer fraction="100" format="moodle_auto_format">
      <text>false</text>
      <feedback format="html">
        <text></text>
      </feedback>
    </answer>
    <tags>
      <tag><text>php</text>
</tag>
      <tag><text>syntaxe</text>
</tag>
    </tags>
  </question>

<!-- question: 7733  -->
  <question type="truefalse">
    <name>
      <text>Přenos dat po obnovení stránky</text>
    </name>
    <questiontext format="html">
      <text><![CDATA[<p>Pokud obnovím stránku (soubor) zůstanou uloženy hodnoty všech proměnných - a mohu tedy počítat dále, jako bych stránku neobnovil.<br></p>]]></text>
    </questiontext>
    <generalfeedback format="html">
      <text></text>
    </generalfeedback>
    <defaultgrade>1.0000000</defaultgrade>
    <penalty>1.0000000</penalty>
    <hidden>0</hidden>
    <idnumber></idnumber>
    <answer fraction="0" format="moodle_auto_format">
      <text>true</text>
      <feedback format="html">
        <text></text>
      </feedback>
    </answer>
    <answer fraction="100" format="moodle_auto_format">
      <text>false</text>
      <feedback format="html">
        <text></text>
      </feedback>
    </answer>
    <tags>
      <tag><text>php</text>
</tag>
      <tag><text>kód</text>
</tag>
    </tags>
  </question>

<!-- question: 8015  -->
  <question type="truefalse">
    <name>
      <text>Zpracování php</text>
    </name>
    <questiontext format="html">
      <text><![CDATA[<p dir="ltr" style="text-align: left;">Pro zpracování php souboru stačí webový prohlížeč.<br></p>]]></text>
    </questiontext>
    <generalfeedback format="html">
      <text></text>
    </generalfeedback>
    <defaultgrade>1.0000000</defaultgrade>
    <penalty>1.0000000</penalty>
    <hidden>0</hidden>
    <idnumber></idnumber>
    <answer fraction="0" format="moodle_auto_format">
      <text>true</text>
      <feedback format="html">
        <text></text>
      </feedback>
    </answer>
    <answer fraction="100" format="moodle_auto_format">
      <text>false</text>
      <feedback format="html">
        <text></text>
      </feedback>
    </answer>
    <tags>
      <tag><text>php</text>
</tag>
      <tag><text>zpracování souboru</text>
</tag>
    </tags>
  </question>

<!-- question: 0  -->
  <question type="category">
    <category>
      <text>$course$/top/JaroslavHoleček/Web/PHP/Formulář - GET, POST, SERVER</text>
    </category>
    <info format="html">
      <text></text>
    </info>
    <idnumber></idnumber>
  </question>

<!-- question: 8612  -->
  <question type="multichoice">
    <name>
      <text>Co je to $_SERVER</text>
    </name>
    <questiontext format="html">
      <text><![CDATA[<p dir="ltr" style="text-align: left;">Proměnná $_SERVER je:<br></p>]]></text>
    </questiontext>
    <generalfeedback format="html">
      <text></text>
    </generalfeedback>
    <defaultgrade>2.0000000</defaultgrade>
    <penalty>0.5000000</penalty>
    <hidden>0</hidden>
    <idnumber></idnumber>
    <single>true</single>
    <shuffleanswers>true</shuffleanswers>
    <answernumbering>abc</answernumbering>
    <showstandardinstruction>0</showstandardinstruction>
    <correctfeedback format="html">
      <text>Vaše odpověď je správná.</text>
    </correctfeedback>
    <partiallycorrectfeedback format="html">
      <text>Vaše odpověď je částečně správná.</text>
    </partiallycorrectfeedback>
    <incorrectfeedback format="html">
      <text>Vaše odpověď je chybná.</text>
    </incorrectfeedback>
    <shownumcorrect/>
    <answer fraction="100" format="html">
      <text><![CDATA[<p dir="ltr" style="text-align: left;">Asociativní pole se spoustou informací (typ serveru, adresa odkud jsme stránku zobrazili, typ prohlížeče,...).<br></p>]]></text>
      <feedback format="html">
        <text></text>
      </feedback>
    </answer>
    <answer fraction="0" format="html">
      <text><![CDATA[<p dir="ltr" style="text-align: left;">Proměnná s jedinou informací - metoda přenosu dat<br></p>]]></text>
      <feedback format="html">
        <text></text>
      </feedback>
    </answer>
    <answer fraction="0" format="html">
      <text><![CDATA[<p dir="ltr" style="text-align: left;">Proměnná s jedinou informací - ip adresa serveru<br></p>]]></text>
      <feedback format="html">
        <text></text>
      </feedback>
    </answer>
    <answer fraction="0" format="html">
      <text><![CDATA[<p dir="ltr" style="text-align: left;">Taková proměnná neexistuje, pokud ji sami nevyrobíme.<br></p>]]></text>
      <feedback format="html">
        <text></text>
      </feedback>
    </answer>
    <tags>
      <tag><text>php</text>
</tag>
      <tag><text>formulář</text>
</tag>
      <tag><text>server</text>
</tag>
    </tags>
  </question>

<!-- question: 8611  -->
  <question type="multichoice">
    <name>
      <text>Datový typ _GET, _POST</text>
    </name>
    <questiontext format="html">
      <text><![CDATA[<p dir="ltr" style="text-align: left;">Proměnné $_GET a $_POST jsou datového typu:<br></p>]]></text>
    </questiontext>
    <generalfeedback format="html">
      <text></text>
    </generalfeedback>
    <defaultgrade>3.0000000</defaultgrade>
    <penalty>0.5000000</penalty>
    <hidden>0</hidden>
    <idnumber></idnumber>
    <single>true</single>
    <shuffleanswers>true</shuffleanswers>
    <answernumbering>abc</answernumbering>
    <showstandardinstruction>0</showstandardinstruction>
    <correctfeedback format="html">
      <text>Vaše odpověď je správná.</text>
    </correctfeedback>
    <partiallycorrectfeedback format="html">
      <text>Vaše odpověď je částečně správná.</text>
    </partiallycorrectfeedback>
    <incorrectfeedback format="html">
      <text>Vaše odpověď je chybná.</text>
    </incorrectfeedback>
    <shownumcorrect/>
    <answer fraction="100" format="html">
      <text><![CDATA[<p dir="ltr" style="text-align: left;">asociativní pole<br></p>]]></text>
      <feedback format="html">
        <text></text>
      </feedback>
    </answer>
    <answer fraction="0" format="html">
      <text><![CDATA[<p dir="ltr" style="text-align: left;">indexované pole<br></p>]]></text>
      <feedback format="html">
        <text></text>
      </feedback>
    </answer>
    <answer fraction="0" format="html">
      <text><![CDATA[<p dir="ltr" style="text-align: left;">string<br></p>]]></text>
      <feedback format="html">
        <text></text>
      </feedback>
    </answer>
    <answer fraction="0" format="html">
      <text><![CDATA[<p dir="ltr" style="text-align: left;">záleží na posílaných datech<br></p>]]></text>
      <feedback format="html">
        <text></text>
      </feedback>
    </answer>
    <tags>
      <tag><text>php</text>
</tag>
      <tag><text>formulář</text>
</tag>
      <tag><text>post</text>
</tag>
      <tag><text>get</text>
</tag>
    </tags>
  </question>

<!-- question: 8608  -->
  <question type="multichoice">
    <name>
      <text>Množství odeslaných dat - get</text>
    </name>
    <questiontext format="html">
      <text><![CDATA[<p dir="ltr" style="text-align: left;">Množství odeslaných dat (počet položek formuláře) metodou GET:<br></p>]]></text>
    </questiontext>
    <generalfeedback format="html">
      <text></text>
    </generalfeedback>
    <defaultgrade>2.0000000</defaultgrade>
    <penalty>0.5000000</penalty>
    <hidden>0</hidden>
    <idnumber></idnumber>
    <single>true</single>
    <shuffleanswers>true</shuffleanswers>
    <answernumbering>abc</answernumbering>
    <showstandardinstruction>0</showstandardinstruction>
    <correctfeedback format="html">
      <text>Vaše odpověď je správná.</text>
    </correctfeedback>
    <partiallycorrectfeedback format="html">
      <text>Vaše odpověď je částečně správná.</text>
    </partiallycorrectfeedback>
    <incorrectfeedback format="html">
      <text>Vaše odpověď je chybná.</text>
    </incorrectfeedback>
    <shownumcorrect/>
    <answer fraction="100" format="html">
      <text><![CDATA[<p dir="ltr" style="text-align: left;">Není omezen<br></p>]]></text>
      <feedback format="html">
        <text></text>
      </feedback>
    </answer>
    <answer fraction="0" format="html">
      <text><![CDATA[<p dir="ltr" style="text-align: left;">Není omezen, ale musíme v PHP kódu předem specifikovat, kolik položek budeme zpracovávat<br></p>]]></text>
      <feedback format="html">
        <text></text>
      </feedback>
    </answer>
    <answer fraction="0" format="html">
      <text><![CDATA[<p dir="ltr" style="text-align: left;">Je omezen na 256<br></p>]]></text>
      <feedback format="html">
        <text></text>
      </feedback>
    </answer>
    <tags>
      <tag><text>php</text>
</tag>
      <tag><text>formulář</text>
</tag>
      <tag><text>get</text>
</tag>
    </tags>
  </question>

<!-- question: 8607  -->
  <question type="multichoice">
    <name>
      <text>Množství odeslaných dat - post</text>
    </name>
    <questiontext format="html">
      <text><![CDATA[<p dir="ltr" style="text-align: left;">Množství odeslaných dat (počet položek formuláře) metodou POST:<br></p>]]></text>
    </questiontext>
    <generalfeedback format="html">
      <text></text>
    </generalfeedback>
    <defaultgrade>2.0000000</defaultgrade>
    <penalty>0.5000000</penalty>
    <hidden>0</hidden>
    <idnumber></idnumber>
    <single>true</single>
    <shuffleanswers>true</shuffleanswers>
    <answernumbering>abc</answernumbering>
    <showstandardinstruction>0</showstandardinstruction>
    <correctfeedback format="html">
      <text>Vaše odpověď je správná.</text>
    </correctfeedback>
    <partiallycorrectfeedback format="html">
      <text>Vaše odpověď je částečně správná.</text>
    </partiallycorrectfeedback>
    <incorrectfeedback format="html">
      <text>Vaše odpověď je chybná.</text>
    </incorrectfeedback>
    <shownumcorrect/>
    <answer fraction="100" format="html">
      <text><![CDATA[<p dir="ltr" style="text-align: left;">Není omezen<br></p>]]></text>
      <feedback format="html">
        <text></text>
      </feedback>
    </answer>
    <answer fraction="0" format="html">
      <text><![CDATA[<p dir="ltr" style="text-align: left;">Není omezen, ale musíme v PHP kódu předem specifikovat, kolik položek budeme zpracovávat<br></p>]]></text>
      <feedback format="html">
        <text></text>
      </feedback>
    </answer>
    <answer fraction="0" format="html">
      <text><![CDATA[<p dir="ltr" style="text-align: left;">Je omezen na 256<br></p>]]></text>
      <feedback format="html">
        <text></text>
      </feedback>
    </answer>
    <tags>
      <tag><text>php</text>
</tag>
      <tag><text>formulář</text>
</tag>
      <tag><text>post</text>
</tag>
    </tags>
  </question>

<!-- question: 8613  -->
  <question type="multichoice">
    <name>
      <text>Ošetření chybějících dat I</text>
    </name>
    <questiontext format="html">
      <text><![CDATA[<p dir="ltr" style="text-align: left;">Pokud nám do souboru žádná data z formuláře nepřišla (např. jsme zobrazili stránku poprvé)<br></p>]]></text>
    </questiontext>
    <generalfeedback format="html">
      <text></text>
    </generalfeedback>
    <defaultgrade>2.0000000</defaultgrade>
    <penalty>0.5000000</penalty>
    <hidden>0</hidden>
    <idnumber></idnumber>
    <single>true</single>
    <shuffleanswers>true</shuffleanswers>
    <answernumbering>abc</answernumbering>
    <showstandardinstruction>0</showstandardinstruction>
    <correctfeedback format="html">
      <text>Vaše odpověď je správná.</text>
    </correctfeedback>
    <partiallycorrectfeedback format="html">
      <text>Vaše odpověď je částečně správná.</text>
    </partiallycorrectfeedback>
    <incorrectfeedback format="html">
      <text>Vaše odpověď je chybná.</text>
    </incorrectfeedback>
    <shownumcorrect/>
    <answer fraction="100" format="html">
      <text><![CDATA[<p dir="ltr" style="text-align: left;">Musíme takový případ ošetřit v kódu.<br></p>]]></text>
      <feedback format="html">
        <text></text>
      </feedback>
    </answer>
    <answer fraction="0" format="html">
      <text><![CDATA[<p dir="ltr" style="text-align: left;">Stránka to pozná a automaticky vynechá část kódu, která zpracovává data z formuláře <br></p>]]></text>
      <feedback format="html">
        <text></text>
      </feedback>
    </answer>
    <answer fraction="0" format="html">
      <text><![CDATA[<p dir="ltr" style="text-align: left;">Stránka to pozná a upozorní uživatele stránky srozumitelným výpisem<br></p>]]></text>
      <feedback format="html">
        <text></text>
      </feedback>
    </answer>
    <tags>
      <tag><text>php</text>
</tag>
      <tag><text>formulář</text>
</tag>
    </tags>
  </question>

<!-- question: 8614  -->
  <question type="multichoice">
    <name>
      <text>Ošetření chybějících dat II</text>
    </name>
    <questiontext format="html">
      <text><![CDATA[<p dir="ltr" style="text-align: left;">Pokud nám do souboru přišla prázdná data z formuláře (uživatel odeslal prázdný formulář)<br></p>]]></text>
    </questiontext>
    <generalfeedback format="html">
      <text></text>
    </generalfeedback>
    <defaultgrade>2.0000000</defaultgrade>
    <penalty>0.5000000</penalty>
    <hidden>0</hidden>
    <idnumber></idnumber>
    <single>true</single>
    <shuffleanswers>true</shuffleanswers>
    <answernumbering>abc</answernumbering>
    <showstandardinstruction>0</showstandardinstruction>
    <correctfeedback format="html">
      <text>Vaše odpověď je správná.</text>
    </correctfeedback>
    <partiallycorrectfeedback format="html">
      <text>Vaše odpověď je částečně správná.</text>
    </partiallycorrectfeedback>
    <incorrectfeedback format="html">
      <text>Vaše odpověď je chybná.</text>
    </incorrectfeedback>
    <shownumcorrect/>
    <answer fraction="100" format="html">
      <text><![CDATA[<p dir="ltr" style="text-align: left;">Musíme takový případ ošetřit v kódu.<br></p>]]></text>
      <feedback format="html">
        <text></text>
      </feedback>
    </answer>
    <answer fraction="0" format="html">
      <text><![CDATA[<p dir="ltr" style="text-align: left;">Stránka to pozná a automaticky vynechá část kódu, která zpracovává data z formuláře <br></p>]]></text>
      <feedback format="html">
        <text></text>
      </feedback>
    </answer>
    <answer fraction="0" format="html">
      <text><![CDATA[<p dir="ltr" style="text-align: left;">Stránka to pozná a upozorní uživatele stránky srozumitelným výpisem<br></p>]]></text>
      <feedback format="html">
        <text></text>
      </feedback>
    </answer>
    <tags>
      <tag><text>php</text>
</tag>
      <tag><text>formulář</text>
</tag>
    </tags>
  </question>

<!-- question: 7734  -->
  <question type="multichoice">
    <name>
      <text>Označení políčka ve formuláři</text>
    </name>
    <questiontext format="html">
      <text><![CDATA[<p>Pro jednoznačné rozpoznání políčka ve formuláři (pro přečtení hodnoty z tohoto políčka) je použito:<br></p>]]></text>
    </questiontext>
    <generalfeedback format="html">
      <text></text>
    </generalfeedback>
    <defaultgrade>2.0000000</defaultgrade>
    <penalty>0.5000000</penalty>
    <hidden>0</hidden>
    <idnumber></idnumber>
    <single>true</single>
    <shuffleanswers>true</shuffleanswers>
    <answernumbering>abc</answernumbering>
    <showstandardinstruction>1</showstandardinstruction>
    <correctfeedback format="html">
      <text>Vaše odpověď je správná.</text>
    </correctfeedback>
    <partiallycorrectfeedback format="html">
      <text>Vaše odpověď je částečně správná.</text>
    </partiallycorrectfeedback>
    <incorrectfeedback format="html">
      <text>Vaše odpověď je chybná.</text>
    </incorrectfeedback>
    <shownumcorrect/>
    <answer fraction="100" format="html">
      <text><![CDATA[<p>Atribut "name"<br></p>]]></text>
      <feedback format="html">
        <text></text>
      </feedback>
    </answer>
    <answer fraction="0" format="html">
      <text><![CDATA[<p>Pořadí políček ve formuláři<br></p>]]></text>
      <feedback format="html">
        <text></text>
      </feedback>
    </answer>
    <answer fraction="0" format="html">
      <text><![CDATA[<p>Text před políčkem<br></p>]]></text>
      <feedback format="html">
        <text></text>
      </feedback>
    </answer>
    <answer fraction="0" format="html">
      <text><![CDATA[<p>Není třeba. V každém formuláři je jen jedno políčko.<br></p>]]></text>
      <feedback format="html">
        <text></text>
      </feedback>
    </answer>
    <tags>
      <tag><text>php</text>
</tag>
      <tag><text>formulář</text>
</tag>
      <tag><text>políčko</text>
</tag>
      <tag><text>atribut</text>
</tag>
    </tags>
  </question>

<!-- question: 7735  -->
  <question type="multichoice">
    <name>
      <text>Uložení poslaných dat</text>
    </name>
    <questiontext format="html">
      <text><![CDATA[<p>Kde (v jaké proměnné) jsou uložena data poslaná tímto formulářem:</p><p><img src="@@PLUGINFILE@@/Testy_Moodle_PHP_formular_post.png" alt="" role="presentation" class="img-responsive atto_image_button_text-bottom" width="612" height="146"><br></p>]]></text>
<file name="Testy_Moodle_PHP_formular_post.png" path="/" encoding="base64">iVBORw0KGgoAAAANSUhEUgAAAmQAAACSCAYAAADrRdaRAAAgAElEQVR4nOy9bVAUV9o3fr71h6l/UXyYeqr+VGqqy3pqCilqatF7RSxqgzfhrg2rq/vIWu5KWT46CYnrnYy7/mP5AE6CohN3GQ0SUCJI1Pgy6E4EUWcYXkReRCAg4BhEETCGuEKShXrS+uX3/9Cne7p7emB4E03Or6qroOf06dPn5Tq/c13XuQ4BAwMDAwMDAwPDgoIsdAEYGBgYGBgYGH7pYISMgYGBgYGBgWGBwQgZAwMDAwMDA8MCgxEyBgYGBgYGBoYFBiNkDAwMDAwMDAwLDEbIGBgYGBgYGBgWGIyQMTAwMDAwMDAsMBghY2BgYGBgYGBYYDBCxsDAwMDAwMCwwGCEjIGBgYGBgYFhgcEIGQMDAwMDAwPDAoMRMgYGBgYGBgaGBQYjZAwMDAwMDAwMCwxGyBgYGBgYGBgYFhiMkDEwMDAwMDAwLDAYIWNgYGBgYGBgWGAwQsbAwMDAwMDAsMCYI0I2gSddPrh8LrjqmzAwMTe5MgDCN81o7OzHy12lAr6tcqLjRCt+AADBj7tOJ263Pl7ogikg4GlzBXpdLvRW3MDIqLDQBWJgmH8Igxjw3sCT8Rf1wnF843WJ48x7Cz/Ow3t/aD2BDmcVvhUA4DEGTzjRUeXH87l/1QvBhN8Hl8sFl8uHjifzLOknBtBU6YLL5UJl6zBmIwV/bu0gQzN/PfdXocN5AoMvYDqbPSEb8WBHngHETmDYFwHOTkAO5eHuHBSOwYvP86OR5bSg+PqPC12YSeBGE8/Dw6egowuAexs8PA9PihOPFrpoMtrR/oZZLBfPw/t+5UIXiIFh3tG3yyL297fL8X9fxAt/dKNpMS+Ps/r83jl+QRc6UsS8m9wAupyo43l4+G24M8dvejH4N9wbDSCEiNfS+Z07h46ngJPeRdLhnnFOP7d2UEAzf93ZJn5nnbNr3l8dBiGbgP9cBmINBNyWy0G/+k5Fgtgjsb56GILQhaJj8Vjp8mFsHgr76qMSpYejkVX2GQbDSj+Kpoo/42DJHtz4bp6LNit4cdOiIGSNOah56QgZhSQ4ts1cFDEwvCoY9zrQkLwKrVdfsLaaTmpzP4k9RGeaggiMnkLjS00E7iJvKQGJ3A7fpOncSCcExOJAzwsolTt9toTsVWsH4O77Znj4NHQ+nCKhdxeqFfPXg5zlOn35GjIMBIbYDJzzz51Wc1JCNuE/h4xYAwjhEJXqQN1wsILTXUJA7BY4XtZWeKngxnFnNLI+O4S5XjcuLKTV0tvoFRAgPZtO4YVZSsIFI2QMDPOPeSNkksYiGe0dgKydX56DB3P+prlADxyWcMjPq0bIXrV2kMpLlQaTQZoj3i7HcwCPnCnw8DwaT42qkk20H0FqFAdCDIjNOIe54GX6hGzCj3MZsTAQAi4qFY46ta15rL0ItjIrrGVWJB8kIPZILCkW/7eWZaP8no5lWhhG65VsbCiIQUzBBtguVmg+YASei1IeVlhPF6F5DJi460PBeemeA1fufYvmShusZVZkV/twjv6W7evDxL0rcJy2wlpmw5HWkRlWyTju1h9A6Zk/42BhEvYf+zOKLx5C3b1JqMVEN+qqslF6fisOFSbhYNlfcKqqCvee0S/rOIpT53ei9PxGOJzRyMpfg2Pnd6JUui5fg7K0gv8UTS9dB1AzmUrt2UN0+A6guOxN+u4K3FXW7fc3UHGR5nXxM7R9041GzwE576rbD1XtKzwdwsDAwKTXiKo6JEJGV0eTkR5hEAMuJ1ptm1CfkID6TTa0Op1oWbUK7S3ByX/quYSOzE2oT1iFRlsubjcPqnwUvnPnosVmQ4vNhjb3PfHm4zp0Zor3WjJPYkj5cfJgO43hS060Ss+eaMZTXYeKcXxzyYnWTatQs2oTWnJPYGBQnfCHq3lyGVpsmehsHAXGe9BXlCvfm7ZvxT032qQ8c934pv8GbudK3+SEv0fZAI/xdZ4tUIbMYjwYBX7q8aJT8cxdv7rczwebcTs3Aw3JyWjIyETHpR78NJ0yqvAY/YWZinrQuXLL8a0wigfFmYG6quuftB2ed5yUf5PbWO5D0jPUdxEAxnvQm2tDU1oyahISUJeWgVbnJXwzyfAV+5gNLZtWoSaB1oVeewmDGDiRi6a0ZP18hQ50Zwa3Ax5fRbuyHvKu0vIKeFpTKI+FmhB9fLyxWP7W1uJGPFW2q05/DCqHcmzMCNNrMwABQnawRtFW2j52D3ek77Dl4k5PPx6cUIyZEP1RPbFSIjBDbfwDdzasVitsRypQccRG/27AyEg7SrKtsFqtyC7vC/K1Esa6UeGwYcPKGMSs3ACbQz2fCX3lyLZaYbWuw5JIAkIWIdkq5me1WmG1laFLlalEyPahrvU8HDYxnTZfxRsw3FqC7A0rEROzEhtsDlSEYgTCMFrPO2CzWmG12uCo6Map9RpCJozh0eAgBie7NP5tU7bDaKNCDhejv78Tfmem3N7afi5jvAd+ZyYaV4nzQ0jZHM5copgLGhJ5eHgL6rcqx0YevtYqjzXzl0TImvTYqzCMOkcqojgCYohFxjn/rPy9NYRMwHCdAylGAsJFIdVRBx2lGO7XvoX4j00wfWyCMYeA2DlEHBD/N30cjw+aNAbLEQ+2/50DsRvAF2yA9Xgioj4iILkpKOqRXtCD48diYPrYhKh9HIidwJKfAIOdwPDxSmwoNIv+aZ8ewKcl/xMRHxEQOwHJ4RF/KAqcnQP3EQF3IBGJf+dAPlqLMzOxm97ajRwlaTrzZxz4JBpZhxNReiNY7S/4j+DQJ9HIcv4KB8r+gtLzO1FwzIIsZzT+USVS8d66/8ahwiTsL1yOD53RyDr8H8gtTMJ+eh08fUKlMRu9lUPTJ2F/wa9UeQXhu2v4/Jgl8P4zf0Tu4WhkFaSjwk/F2UM3TpQkITdfLFeWMxpZn6xE/pm/4PCnFmQ5l+PzW5Lou4MvMt/CW29NcTku4ftALaD3baW6mg5OLSETGtH2uhkecyxq0zLEAZHxB9SYeZ0OL2CoeAN8PA9v7JtotNnQ+MZieHgzancFJrQHh9NQlxCnUjGjqxSNyQmoiTUHr4hkXwceHn4xatIy0JS2AtU8D29qDvqVTSx0oHNDHDy8GdVvbkKLbRPqFvPwmF/HTYUJ6FHpZtQlJKBmWSy8PA9Pyu9xfTEPz+IVaMj4M2rNPDz8BtyexozxvPEwGpIT4FP444j1sAn1sWZ4+Dg0npJIQxdubxYJiPjNPOp+/3tU8zyqV6Sh6c+vi+XaUCq7EvxwdZdYrsUr0JBhQ9MflsHL8/BtKFYT2LBB29wcK5ZDccnfYN6MntE+3NmxKlBXU7TDuNdOyQpt4+WpuL5M7EP1mzJQH8fDw8ehtVZML/lMVb+5FS02WyDPZe/jTtDwFTCUL9aTVA8tNqm9NP3m8VXcfN0sl1Xut3Eb0NlBK2zUi1ur6PeaY1Gzagfu9IH2R7H83thlqNtcKvbTh8Vo4Hl4+EQ02Gxokdt2Ma7nd8iT1XfuHahPWIZqc6AvVK9IQ5Nchl3oU7YZLUeNst5m5T4wvTYTu8M2uaxiWwXGb0NxH63+RnSkJaMmbnFw2jfFd/k2n6JO4wEMHUxWtA9dDM7o+wQ0fxgPo4H6VHERWBIfCwPhwNEJdmW8EYQswp62wFMjnu0wc+IcmbjBCuvqJYjgCIgxHW66sh7zfYiVMSaYTFHib8QAo8kEk3TFfwCfan6ihIwQEMIhYslqWFdTpUhSEe6ryj0Cz3YzOEJg4Fdig3UDEqM4EGJESlGXmjyOeLDdLGpxjPGrsWElD4OOD9ndvKUBP7aQ11p88UMg6ynboc+NllUBmeSRx1kGGlaIfaE+pw6KLPG8oxgNcYF+0LLpDbF/vb5LTZzCnUu6zqBplVIOmVG9TCGfkjfjtnZqFcrV8xfty7qETHpkuA6O1CixTWZhxgwQMqELRalR4AiHqMRsVOkxMR1MbbIcg7skEsRuRHptQA8k3CtA0kcE5OBuNGte1XPRIpItO4elF9pFxin04cpFB0q6RgD0wOEU37uvRwCEcqy3E5B96XCPAWjajkj7a9jdPo2akPDdNZwqeRNFnvZAx/7uAorzo5GVvxtNyrTfV6K0IBpZh9fggj+wlhu99THyj/0vfHFLreKckcnyxnuTELJR1Jz9NbKcy3FcQRaFB0eRfzgaWUV70fYskLq36nciGSt4DzWST1rnXux3RiPngjeQcHxkCg3ZUNCK5Tt3LloOe6mJUlz5dng131/5Prw8j6Zy9cPfFa4J7vCUOHlTnQqC8Bh9OxPh4c1oPKWS/rqrZHFlE4KQmVPR3iqpNwQ8Ld8GH8/D936lbGYVnzej3hmYHPH4GloSeXjMm9AdamXF8/CmHsTDcTFv1Q7UaUJyKPVtKw/U+Xgr2lPN8JhT8ZWmW0irOQ9vRv3BVlHDoN31OupGk4WHJ26bgqQI+LYoDV6eR21O4wx2SlWi2czDk5oPZbX8UJeDei1xAabVDiKkjSNiuXupVki90wv44Wom6pM3q971Q/nbIjnd5VXlOF75vkj4VX1sFH2ONNStsqNvNHDvzjYLPHwcmtyBr3vuL0KDmYcnMQcPFJ8m9meNr0pjDmp4M5rcioRCBzo3J6M+82qgbwgdaE/hdXxdAk7Uvm1uOb3o32LBTfWnBdfbXPhzTqfNJEJmTkWHTFipn1FaMZ6qirgtqF2BcTw8mAovb0Z9vrqTjzcWozXzDP0eUXvXembmplHRfBeJ9eUjALqwL4aAEAscPQCGipBECFafpOxp5CRWU/JVrpgjR9zpMBICbu0Zjf/0NE2WhMNSh0SqxnByNQEhSSgaCqQcc6cjkhAY090By4rQh4IkDoQswm55Qr2PoiSRqKWXB6xcUlnVZZrAkyk0ZI/G1HI73HaQZFJAJgIQBtG7LQ4ePg7NldJAo31c2WcA/HBtJ2p5Ht5NpwLjZDpzCUXYJkvt/HXPjTbbYYU8CAVRoSWZMRP2Nk/blz5AyMZ8+CDWAEIM4NccQXuYBG9KQjZUhCQ7AXdM21GBtvOLQOyReKdRXakyIcs/olkZyClEQpa3D2LdupFuJ+BO0E0Hdxyw2AnSa8P7hpCY+BaDw7fQeL0cp0uikeVcg3/2B34e9PwJWc5oHL7WF2aGc0zIHn2GfGc07KfPQdtXOiv+E1nOX6PsZoAoSoRMVd5nF1DsjEbW2RfgU3VzP2p5HtVv/A23b/TgX5LdU/Cj31Wh2lYsajoS0XZTk8foWTSaeXjWFCKwz2EGhIz6ByjeiM41PDz8JnSPAvJGhcT90PqAjp/dDC/P43qhpt1lQrYGneF2iSmg9tMI4PnVnajmedTkNKruy4RMVT9qPC1OE0ntWW2vuYm2RB4ey058PRMt2fgoxhXPyVq4uM3o1phLw28HCRIhs6DlaniF+2lkAP+65UWvaw+u81qyKDklh9FWVJPl3Xw2yCfy4f7E4DL1FeI6z6OhONBzHuQsh8e8DXdCFV0YxehADx5UuPBVxnJ4eDOaVRuBJUKmLu/z8renWL3PAyELp80oyareeVWRtgPtyTplkc2bmk4uXEWLZf79kkRCth7i3E4JlLzbUSRKFofo2XX/yAoQwmH1Sa1LDH2O24LLevfDJWSR78CjXLfsiwmQQwDAEIqSCAinYwFq24NFhCDyHY9IvnocsCj/hyaPWfqQhQvZ5KchT9I4kX2NqTN97f4goY+ezWZ135/GXCIhfEI2cyj97s07pr+5UWOyDOyoDNceOiUhu74FnJ3AclHHVbE2XTRNan6TCFlS5VDwM2IKkZAVFEFMIRIyOZ9ZEbKfcK/FgaKj/wG7ZN5zWmA/HI0s5+9w4etAyvrzlqB7k2OOCVnzX2EP9ZvOcxIhO35Dp0wyIQvPZPlu7j9nZCJ4WuNE428Upg9zLGpWvavxF+nFV6mhduxo/NXoN0ybkOn4t4kqeKpt6M1HfSg/uFB5SPe1GoBZIKQQkdTqmndJwk9JBrQQdxvpC6a5Elo/uN9HjTmUqRDht4MM2saWXZiUPwl+3N2/GbVKM4nZTE3Jyv5BNXrhEBW6Gtd1UNd1XqcERSbFjbi1XEtORPzQegItq6hZUdKums06JEuv3yMMc8o8ELJw2ky3XkKYF0NuAJBcIcLYGTcLuNOVuyApgUqXvlFNyETyxiEiSmF+pJdo+lSSJ0V+M3Tq73FYNHlexhYulPO/Og+hfD0IIVivJULyd0zTZMml4sQMNuuG9sGiBJ2O6cf5qSH7cnAe4c4lAcwrIZvC7z5c6Dr1T8ceOiUha9qOSDvBa2ebg9/jWw9iJ1jqVkdekQhZem2ot1JCVqIYNHNEyHqvrIHdGY0Piz/ApdZbkPwYa84GE7KmC79GlvNNuPzh5j7HhIz6u+3/8kbQT8L1d5HljEbelcCbwiNkwPjI5A79AwMDGNL3gJ8C4/hxYFDUooyPiNqLolzqv2RGzd8kk4ekvdBqSQB5EJvfV8TrmRtCJpp/luNWIwL+PXo7RTsOiuZUbSyzedjBGVKISOYfTfkmdUClELWP9DtVkCbAVHw1423AARNWkF+REuG2g4xwiEUXvkoVfbDq/laEvlsjVDDrPUs1oMkHEWrZF0i6S1cbCQQ0VNp4W6LphK7oG3NQo6PZk02my9LR5goEK9Zvw5ebkAW12ZwQslF0bwolB+YO7nQlwZmckF3ewoGQ/4F1f3fRYK6aq7Idat3ZXBMyH7ZHEpDXdiNoRhXKsV4Zy8ydDkIIkoq0PVwyhSrKNPFkcof+wUEMPhqbEckILZPEhYqkARU198G7GQGJ8Cu1xuHOJQHMDyFTKLEm8bsPF5OEvVDbQ0Nt65ySkI2dwVpdX7ExnDnGgdgjsb1J/cjCEbIuXPgsGlnOd1H9TP2LHiETbrwHuzMaji9vaDrqT7jXVo7qNr/mvg4ha9uDvRripMJkhOz7cziq4ysGjMJz2oIs56/x+a3A3XAJ2bwhpKZBuylAMgVpfcUgq6rVmiH9SUdXEyRNKlqTntCIW4m8wqxEzXc6vmJi2XS0UPNGyIIn8x9ObdKty3AImWRyDfIVk8zBU2mhQkKxEUNDxsYbi9GaWx5w0A67HSSEQSxCmtT0nhVwZ5sZHj4RtzQuE6LZw4V+ycwq1YvGVyxgStHx4aLmmOuFfSIB1jEDhzJHLxwhU0xyephOm82AkAVpEB+fEut9nuMZToeQjZ1ZC44QLNrdHERORtor4XI1asyrOoRs6DhSOG1cz3AJ2RjOrNX6ikFVtsjtPulhWAgBt/qkmiQKHrwT+eJNlloXj+eNOaJv2Da32O5Utqt8xQDIslipKZ3GXCIhmJDVojUu2O81XAh95VOGBZsupg4Mq9jWaci4FvTz1E79AprPLgKxczCfqqLsUUDftbUw2gm4Au0OkoUkZBKR+R3OKcIKCN9cwPGCYEIGdOGfx8Vdikd93bJ5d6LjQzh0fbto5P38v+L6BAD8hO7K3yHLacHR+hBLwEmd+n9C25f/iSynBR9fuIzhZ+K9e7VW7HVGw172mapuF5yQKRx9A07BAMZb0ZbCwxOXCdlFTxLGcRvQKaV9XIdbqeIOw5teZeen5qfl2eint39qPSg6k4fcZalw1hcGcZduFlA6EEukx7ehUHZGDTipa3a2KfOec0KmdsD/qfUIGiw8PHHv466m24RDyAIT6Ou4eZluPRf86N4cp94FNy0EdiyqnHdV36Foi2m0g4gwiIVEnFIOKN4f0NgFPduVT9tyM27L430c/dmJGh87AQ9yxHu1uy7TzRUCvj21WSSfacU6/npUy7smHTcs+uZKyf+s6bxi+7+0YeOFE7JR3H0/TjSZrvw4yG9SLMI02mwGhEy1aWK8FV+lWTRO3/OD6RAyCF1wLKU7Go+0yzJfGC5HulHPt0vy11oBJ2XkI+XrEUkIFim3boZNyACheTcWEQLOvF3efCf0ncRaIwHhklAkC/0xuNMjQYgRa0/S0B3CMMrTjXMQqT98yH6tCmf954OX6eYo5cakx+jeJMr3hkK6IQmP0Z+TKsrhXd7AOJnOXEIhWgYsaL4spn8uWTp0fEOnhhgYdjbmST2EfXSSMPZINt/Vn+NhyDEGh704EIGIjzNRH/RwH05+FgXOTsDti4Iplx61lLcDHpm61yMzz6QKe2HIlUJpxCBT9vO7i8JP6RFNdg4Rn67DujwjDHYihtUoXoffHqC/fxSBNVenNEioi+r/DEcKRL+xjz5Nwv5PRV8y+ye/En3KDv8HcgszcEWSKN9dw6liMTSFPT8xkP7TvwZ2MirQey1NDH3xyXI5pMXezz9Dt0LD1fLlm3JIDCmNPT8R+wsT8VH+cpRcVwioZ35c/SJRfGd+opz+w2JFdP87+ThcGAh78WFBEvYfy0X5l28GQnF8shz7C5NwrGZgWvU1LSi3wsvbj6n/zOI3gqKJ/1C3XwwfwS+GT9r2b16GG8UdmslNQF+mGLbBG7sskKfyPcl7xQEq7d5cvBhenkd1XGA7dM37bs3K7DH690thEeLkbf/eZemqXXz9e2nICSkswOI4eVt13d7aWVWZSGTM8Jqpj4T8jt/jK7kMtbiVnKAKe1EdJ23tTsYtnSI8959C0zKzXD8+Ws91yh1/00Ftpkh6tNvKVaEvdAgZ9e8K1Q5PP9+qDt+gDKux9XONr15AQyeni6XfuFisF2/sMtVzP1zNFEOZSOWm6YP6guBH99uKPkZDNVS/kRkcx4hi/NQm2gdDbESQQ2lI7SWNhcW0/y6GLyEZN2x/QI0c9mIxfAkJqNv7D7HNpXLEJaAmYStuPwRQu1cMw6JXb7Gx8L1XrjMBSdq+STSk4bTZj260JATKJY7HrWj/x9bAN9CyyGODygXRd86M6mWBb1WG/5h7/BvXbIEwEAZ+Hdb9VgpTwSEieR3WxRjp7wbwmXRmG2mQXXqIwQiTiaYx8MhwB8e/HLucIcap4iIQFRUBjpIpce77N9xvmQJ5cBGIMpmwbv9+rDOZEBXBBXzWYqS5VUDfyfWBPOX3x2KHR/P+iXY4EsSjmQxGyc/NCKNREYpj3YmpzfazgLzL0mym/Vfqk8vQ7NYMnsd1aPu9ok9L4zFdE45nmnMJAKCrUDGf0LTa3d/TwMSTRxibKyZGMaOzLIV79eJB4nrXzeAgevQpjPX64PIVwHGxFJVtA5oNAwL6bobI0+dTmEsFDH9VKf9W+VU/upsCaX293aiXn6tE+0ziwz4bRW9rOaqqDuHS9XLUdd7F2LNxPOnxovp6Oaqbmqk2SsI4BjorUO07hAueclS3dmLsWajMgYl7Xjltnc7B4SM9FeJ7dK8KdAURvZ8wdteL6utHcaHq8+A8nz1ER5Mmn9ZuPLnnDSPvOcTjOnQ6y/HtaD8eVLjQW+RER9kUhxCPi2lvO53odHkxHPJQcHp4eJkTHUUu9Ho78WN/M/wuetBxrRSz6zEGK1zo949jvNNLy1CBB32jIQX/T/034HeVocNZhF5vZ5BJ57m/VnyHztXXo/Nh4yP418CA/jWoLoesWWrtx4MKqQza+hLwba3++3td3tBBUYVRDHtdgTro10soYHwwRFkHBgLloGa+UPUgHuquCP0haxPLJ2+Hx62BNtRc/mb9wJLPRzvRJ7WXi+Y5PoJBb4jnVH3Mhb7OUH1BEMvqKkKHswz+G/2TB9KV6qRispAn43hyo0IzFgSM992g3+3F0J3moDro6xkJHOKtrd9J6qzX5YK/NRSD7MeDiorgQLMSwmqzcZ1yNeNJf/A3yCZhWZvWiic3KuSxPjgyfb3FdBE42NsFl68b/a2V8v+Vrd1orQz4h9WrVOICxvqbUOkqQHZ2AVyVTRiYZAecMNyKSlcBHI5SuHzdqolcVQaXCy5XJVoHBlTvdrlccNWr51ZhrBs+lwsFDgdKJ33/BAaaKlGQnY0CVyVahwXVOytnNEmGj8AuS1HedDqduF0R8JkMBh0TVJbrjseZzCWAGLBbkg0VN/DkJTtKZvaHizMwMIQPWZMU+lI6iL+Irdqh8RC3N5gnLat6c8U0wI6wevUwX202j8csMSw8wnKjYADACBkDw4uFMIiBisk0SWqN1sISMvH4pcm0XqG0VFOCEbJXD4yQMcwAjJCFD0bIGBheRlCz5u2t4k68W7UDgeCHrzSoCbQ2R5zct5bhX5Pt7GN4CTBfbTaOHwcG8K+yrSIhy6nFvwZGZnGeKsNLBWEUowMD6M9JFsNZlAW7ZDCowQgZA8NLiP/rflcVLNTD8/D+vnBG27NfLrSj/Q2tGXQxWq4udLkYQmOe2uxHN5oWa03gv0fnjGPgMbxUaM9DnVnTvov/hrDjqP8CwQgZAwMDAwMDA8MCgxEyBgYGBgYGBoYFBiNkDAwMDAwMDAwLDEbIGBgYGBgYGBgWGIyQMTAwMDAwMDAsMBghY2BgYGBgYGBYYDBCxsDAwMDAwMCwwJAJ2cSTDvhcmrOzXC74OgblQ8Vnjrso/E0EolKL0CUeOY++8gzERkTgf7v/PdvM5wH1+CAqAvzGkxCPL5uAv2Qj+IgofBB0cjrFxACaSjIQbzIhOb9n6ldMDKCpUjozTTotXsBYNz1jbIqz0dQYgWfHEkREGBEVYUBUah6ax8J9dqEwAX+TD91zfTorw8JC8OOu04nb9LzE5/4qdDhPYPBlCqCmOC3Bf6NvgYPSPsbgCSc6quhZq49bcdvpxF0/Gxeh8EPrCXQ4q/CtAATV3wsHPXeRntn5lDabeJ6qSzxLVfeM2FlC00/UdTKPEIbRWk/PkW7rn/PDtX/poIRsCCdSxRPhdS8uCqlH2oMOwQ4fgdPpOfMWZG8xgyMEhoQ9aJjfc01nCAF9J9fCSAgMCX/DnvVR4AiBMUUilEo8gHtHIqI4sa4M/Bo4wviooeMp4OQ6Tod4qkQnDsRycr0vzQvzlEDfdkQSgvXlAnD/CFZM59kFwlBlEoidgPxjLzoXujAMcwd6DI4nxYlHkI5+eq0XAMAAACAASURBVMmOxVEFrDSjuXIByyIdR8Rvwx0EjplhR0qFQhc6UvjAUTya+nvheFiKBkXwU+l4oKG8N+CVgqGm5s95QGd1P9HUyXyi+wBiPyKi7LZz2HJ9nt/3C4PaZOlOByEEFoek4REw1n0OW8wcCDEi3T079jTR7kCCgYAQDubtVRieA3Z9eQsHQpJQNDT7vLQY8WyHmRPLu3R3A/S/vh6ZMSbErNyBkqaBaZNWd7qSkMl3ka5qhylwvwhJHMGidyvQdGw1IokR230Lu3QRhuvgSI0CR5ZClxve+QIbP4nBmsouvNSLrK/zsNROEHnKN7f5Nv8Vdmc08j0Dc5vvQsO7SzxhgBKyBznLXz5CRvFSnLH3sBgNCkIxfmoTI2ST4iE60xTkY/QUGheSkEmgCxFtX7qzLTAW5hJPi9MU/WQU3Zt0CNn9fCQQDlGpDtTNeLKdgP9cBmINBNyWy/LdnosWEDtBeu3Mv0GL+/kJovLHUTcn3OBVxBSEjGLkJFZzBGRpHmardxHGuuHz+WehbVNDJDQWhMtdpgthuBU+2aQ495gTQgaxnCXZVlhtDlT456p2ZwBhGHWOVFFjaIhFxrm5a+sFwR0HLHYCUjLHE+SN95DljMY/ql4+ojIrSBqLt8vxHAHS03hqdKFLFoSXgpDBjSaehyf5IIYAeWKvyWlcyEK91BC1rslo7wDk+luegwcLWagXTMjkA9kPdgTewy/HLVW3ETBctQOxBjIjojPhP4eMWAOIDqmbD0IGYRhVO2JhIARcVCocdfM3776sCI+QoQcOiw5xEIbRWpKNDStjELNyA2yOCkzGBSb8FXDYrLCujofJFIOVG2xwXOkLrvSJATSVZIvp4lfDml2CVmVPGmnAEZsVVqsVyYsICInEknXi/+J1AJ6ZKPNGPDhgDeRjK2rGGCbg9xUgW7rnuEL9ysTvrztio99j0i+rtr7OO2CzWmG12uCo6Map9VMQMqEP5dnKb7PCmu3Gg7FmFNE6sNqKqM+YgL7ybDndgZCVMIL2kmxkF9QHvmXWEDBc50BqFAdCDIjNOKfTF0bguWiFtSxw2SqboXV3e1CbLf+eXduH4a/Ow3Gapr+o7mPqtH4MtJUgu0wv7RiaK200rQ1F7eJbhXvlcnrrRQ/Vggro89F8i5cg0k5ADiary311Jpq9x7h5LRul53eitOw/keWMRs7xDPF/epXfpMaNZ35UXwrcL714FDe/AzDoxllF+tJLbjxQ3rvkxt2hBlRJz148hLp7+j4swvedqKvKRnHZmzhY9hecqqrAXU2bjY8MYGBgsmtI9psBECBkVMMTTHpG8aA4Ey02G1psmehsHMQ33iK02WxosdnQdqJZkZ82rUjqnvvL5fQteVfxAwDcc4v3Mgvhv1SIVvp3/+PHGDyRK6bNLVf52MhlO90Jv1N6Ty5uNw/q+yMJoxi+5ERrRhrqktPQlOmEv0dZt4/xdR4tl82GlsxiPBgFfurxojNXuqf1D6OEQpq0pYl2hhrFB+7A+M9292G49bwoc63WEPJ5Av5z2bBuWIkYkwmmmJXYoF3UybImG+d856gszEZ53wT6rlB5Zjui434ygYGmEmRbVyPeFI/V1myUaBe3whgeDQ5icLJL48Qsko8UdHTp1N8M2+GnnvNos2WgITkBNQnJaMjIRMelnhAHnQt42uxCR6aYV6vzEoZPvz0FIRPwbXluoEy0r925p+nPNhtaC+vwA4Dv3Or0be57gYw1/URdJ9pm8ONcxjSIThjpJUK2/lo3Ki5KcjUbJV8p0wroumpTyM1suAdE5cF55TNdI5rXhyaCP3eEqSErwX8RApJUBNkyOOLBdrM4+fIrN8C6gfpRGVNQFORoJaArLwEGQkAMPFZusMJq/S01B6q1W0JXEVKMRJzUV1th3bASvIGAcEvhkPLt+QIb400wmUwwUhNoRJT4v8lkgilmDY7PRGPWcxxrYkwwmaIQQcuWkGCQv/G3ZtG/K+W4OGkOFSWJ/l6LkkUhuHqJ+JwhAXnaOlDUlzF+NTas5MX6IFMQsjEfPoiXvpPAYDQhZuXf0ex34614E6IixDKluwFgDL4P4mEyGcW800Ms/S9vkf3X5sTXbMKPc5JfYGwGzoVk5T04fiwGpo9NMH0chYiPCIhd++0Cmv+5EjEfG2GwB3wVIg6thvVoLAx2Aq6gCPenTLtEzD93LU7eEwDch7ssHqYDEeAUGq+xpg8Q/7EJxhxlWcbgc61EzMemQPocIy23eMWf8QURyanRBc/Z/4X9hUnYX/ArZDmjYc9PFP8vTML+wjdR5KMS9Xsvzpe9idx8C7Kcv8Lekv+G52sAX59A0bHl+JA+e/D0CXR15iP/WBL2fhKNLGc0zXcNis5vRV6+BVnO5Tha61cJ1ZGbu/Hx4WhkHU7E4TM7UXpqDT46HI2sgvdQ852UyovD776Ft96a/NpZckvRfOXiBCmZ3II0B324s2MVapbFBnxs+MWoSctA0x+Wwcvz8O3yUkKkSUvzHPfaUZ+QAN/igKnqeaMD9XGLZb+w6jdXoW4xD6/ZDA+/GHVpq+DjedTuvykXVfbD4Xl4Fq9AQ0YGGlYshoc3oz5HnBRlPL6Km6+b4eHNqPlDBlpsm1Afa4aHj0OTW/IQ6sLtzcmoSUhATax4GHfd73+Pap5H9Yo0NP35dfE7NpQq+k4H2pMVhIIS2pkRMgHNf1+JGGn8Eyobl6yGdTWdYJOksUNB/U9J5BKssyrlbRS2SC4q97/Axv8ZIcsMAx+PJVEcCMeBIxyiEhNh5gi4tWcC3yV0oSjFKKaPXQ2rdQNW8uIku9QRWMzczVsa2ndZvtbiC0VjDB1MVpAP6j+lImTTbQcvblp4eHgL6rfa0GIL9IOa993qfoDH+HqX+Hx13Co0ZqShRnFAemhCNoo++yrUSH10cRxqktPQ0Shg3OtAQ/IyVJvF+/XvnsEjAI9KN6MuTixH9bJkNJYq+kTHQVU/EftyCEJGMTXRERfVKcapNWoSISN2ApLDY+XxDVj5sQHEzmHpWcm9Zwy+M/GizMw1gNgJXjuUgKiPCLh9S7D6eDyMdgKSuwPBe+UCptJfkhlzWj5kWy5Lw20M7vTIIL8yoa8ASRwBWbQbzYrKG7u8BUZCwC11KJzix+D7cCVi4j+AT8pWaMbuRSL52tcemNSFLgeWcgRk0R60aT5gfkyWkkZQXRah7wocjhK0j0jlKsKamHjsUGiihK59sGjJK+6jKIn64ZUHVhAj7nQYpyJk8gYDDlFbyoM6ZY/DoiBk6udDErIRN7ZEcSBcFDIuz2475oiHqsQNsdhYMp2NHz1wOPUImQQ30inBWnpREuBjOHmUgNi1PoNSWiPSfYH6nejah6UfEXCH8iB3jxAmSHdJiLIssMlSuPEe7M7f4Ixy50PnXux3WnD8hnr9XnNWJGN7z17A8DN6c6IVruMWZB1eg39+Te99dxpFlHxVfxPIY+TGe9jrjIb99DlIBkbh6dAUGrIRqPVv93An14YOL83hnhtttsPo01osZWdsJaFpxK3lPDyWXejTS6vxqxK1AgrfIUr+qt8uxw+QJm5p0qK+R5tOyeWVCJk39SAeSjeFQfRui4OHj0NzpVTox+jeRMlXuUJ79tiNpjgeHvNm9Gi+L0D2zKg/2CpqWjQ7UEWIWsDWM7QfjDaiMzMTPbOyZNPxryI/Yzi5mgT72454sCM+BmuKFBrfkXKsjyQgkdshe072OES5ZtmHLgEQyteDEILIdDfGAPi2R4K8thvNYiWiefci8f37FDJB6IJjKQdCFmGPLMgn8GQKDdkjzVa+8cZitGaeoQRMU38ahNcOj/F15irUbS7GkPyqx+h92wIPb8FNbyC/74rTxEXDtvKAJlfqB1OYLJ/7T6Exjod32fvoHQwmQ3e2mYNMrw9ylsNj3oY72uSafqKuk8mgJjrrz9C3CV0oSo2iBDsbVVOwH4mQcYf2QZ6qhWGUlxhB7EZsua6ZV2rTZQJnLJHmsRG0X3HA0aBjJZOLq9TWrceZBbVLzz90CZnuLkvlgB0qQhLRrIgo2vYsAiGReMcjpR5CURIBIStw5D4mheB5B5GEYNHuZk0DCXCncyA6DuLzTchWTFVoqYRjjzDob0Kl6xNseI2AcFsgu0BSYRb5jkfzXVLdhCJkXegqSoFxkk0FMyJkc4ie46K/GBexBDuqpmPzD5OQ7XsHHkWmXRdiQOwWOO7opM3bB7VYFuD5PBLE/hp2t9Nbrxghw7NrKMuPRk75Nblu2778DbLyd+HGM3VSkZC9CZdffV+4uQs5zmjs//IGAOD+tTRkOS0oqtXu/erChc+ikXX4rzor1jmGRLLWFEJWyEFA79s6DtrTJGRN5WJNiZNxKr7qVaRXaFJkk2W5ptf2FeI6ryBv9H/vplMabYmUR/BOTZkIqL7vRYGO/0jN2NkXM7msnHiCwUEx/NH/t4Ko5S2VYTH7aH91p4MQDpKftyiH6PgRPHgnMnhhDgCCOx3cC9wFPv12GMePAwMY9LrQu2cNPDyP+nzagSRtnGUnvtZ8l+RkH4qQDXUUoyGOhzc1B/0htlw+v7oT1bwFLVelzMUFSvXOq3MY0kPpWmJEimRKGvPhg1hqDVpzBO1TrKxlk6V289iDI1hhJyBHT6q5gUTINPJ86uIqfJKNKTOzfL1C0CVkMf+nXrVCCYpDRk1euk7nQVq2y9jCERCLA1PVpUQuDEaF+ZFeatOc8nXzScim2r05gvaSDMQblSFDOHCcmmRJq8n1WsEvl1+fkEUajdRMEHqH60ITMkC5o3I6Nv8wCZlT3W9EQRCCkDmD+5jgWw9iJ0iqpA35qhEyAJ0V/4msw++h5hkA3MCZQjVBkyASst/hwteaH55dQLEzGllln2FQTmfBR58mKcyl4iWaPaU8wjNZ7ihunv73h0uyppPWvU2l0RAn48DvIQlZUNNSM6KkqaNEzxu7TDSDKS9qgtKaGKW8G4ofTr9uZg06/jUyV5QVWlkpoO/KHqxRmCQDMkyRlhKyJEkgutNVv6sImaRNMxiD5Lgpir6HyqawTJZcKk7MMG5EuO3w3F+Fts2/Ec2G1PwomrsVbSuZ4+mGFRUmc+q3xMFH8/Vt05pAlbiJtkQe3m1uMf/GHNSoCNrsEJDToVxLFNqzKTZkhXbq78K+PAKyT6FdBWRCFv5u9XB8kn9+CNOpXwPqd/Da7mBBLJGPwArIh+2RBCRGq70IhjQ4421fBAWoFa9gJ/T5JWShyAIAjOHyFiO1x+/B+SYpSJ7Os7Rek4LYnWRG0CdkhBiRcuQc9i3lQIzp0ONkLwMhEzFdm/+LIWRj11aD2AlWX6PrtVeQkOHhURx2WnC0fpSaK3+NspvB7sYhCdn3p1HkjEbWqdMYBVB/3oIs5wocu1KO6us6V1OrvLnh6dBUTv0DGJlJ3Mt5I2QBP5qZEzJqOpXMR5Xvi2aqrYfFAKBBV0VQ4NuF3cEZPiHryVsqT9AFvg558R0kVynJkkXKZITsbh6WEgISb8MXunLchXpJkE88mdyhf3AQg4/GZrzbLqx26MpHvZmHZ/EbaCnyYlDq0EEbLOgGgrRiPNVkIYUr0SVkPA/fhkL0HkyFV2WiD8Z3hWtkE/iDnOW62rhpY5o736cmbpMRsmbsdhAQh2S+pqCEzHJx6ok6nPf/XDEzQjZ2Bmt1fMWAMZxZy4GQSGyXibBkblyE3UH66z7UKwdn2x4sIgTc6pNB5jmhrx4u11V0aWykwYSsHjuMZJYhOsIhZFToBRFNnWepMAv6Lkm1H4KQvbazQRREI26kG7U+eFLWOoRMEoiTEDJh7FHQ7qU5Qdg7euaBkAWpw0dw8iinTq9LsO4i71D4hGyoKgXcbIMi6hCylovLkeVcg3/2axMPoKIsGlklR1H95W+Qlb8bTTpZioQsmKyN1G6FXfGu0Xor7M5oOL68EdQ2Iz0VqL7eMP8hBGZNyHrxVercELLrhSqPNTxvzEEtr9BUjJ5Fo5mHJzEHD7QV9rgVfpcL9++pb78ahEySVeuhVd7PipChDXsWERBuNU4GC3LUu1y4qhXk84Rw2iGk6TqIkFGTpXkTulWcSsDXOy2hCdnybPTTUwXubIuDx5yKjo4QLIvGpbteWC6aK3d59dOFiZGGmWqZJtdQSYRsxSW1S4/QvhuL7ARciVstW8IiZCNo+DmFTJoBZkbIFE6bgQCvgej2QTt5evJEp3zjWpTIrTqBhp1iHmvPSINzBO50I4ICx060i1oilTOoCN/2SBASiS1V1PGeOtXr+beFj3AIGRU6ketxTqEKmmjfJ36r6tnAJoi1J6kDozCM8nTj1LssKaTv0vrXSVrF/yqRdhoo8g1FyKT2IAasL58fwRjY0ZOAfF03vHkgZHYCY4mbkt4JtLuTEGknMJ64HOgLNNArKSyRtUDDvnRxt49eWYaKkGQnIPlOulIdQflnkSD2RdgzmyMGbu1GjjMaOecvi0LnWTtcn0Uj67AVnu+Dk4skajn2FkQj54K+kJac+pU7JSd6CpCfH42sgr+iXsr3WTsuHBd3Xx651ioLPeGbCzheELoMc4rpELLefNTzPDx/OkHNPQKelm+DTxsQdIaETDlBPh+8jJZE8d5XMlcWMORMFbVkGwp1NgCY0XhW7dX/ahAyaQFtgV25iWq4HOnG2RCywIYlzrxd4SA+gfZ9okZukVaQzxPCaYfxs5vh5XnUHWgNhLmQ21Ztjh53b0M1z8O3+RQNoaLsi2HEIRM60J4SgtwDAEbRs9kMT1wcfJoNBdPG/XwkzFbLpNCuGTKuybflXZYfLYWjR6BJq/DOQfFenjZKbxiE7H5+wi/KPKmHwNFJ60wwUV8oLiIKpt8WTq5hEvpwkh4pxEVEyc8aYnfoxgCTd+PREBWiTxiHqC1ujdaoD+VUw0K4CERJISi4CPwmTyf2U08+jf5vgFHa7q0beiMM1GeKsXjksBcGGOVQGplBjs6BSP40nVQHBupTZjAGnptohyPBIPvIiWEsjDAaFc+vy0PeOpMctoKLiILJFI8DbXdRmCz5eIj1t+4ENX/eP44UQyAPyddOfr9JkVYC1UTqm1HnEhN4ojQ3DJ3AOjl0hBT2wgDjxyaYciMQcegA2vBvuMtMMEmhLD6KQNTHJqy7sB/rPjYhah8nhrY4YIIpT2oTSsg+4sDZCbh9UTQdgSE/T6NVvI/jn4pbsA25irAWdkVZik8odsiO4fLnUZp8OZhPeUKc3BAuuvBlqRj64sMCyXdrOY542vU1itS5P8v5a3x+Sy9BwDfMfjgaWYf/A7mf/gfszmhkfZKGf/o1Js7v6nDhZCL9fTn2F4qhNLI+WYmyG/N58GQ7Ov6QEAhlsTgONQnJuPWPvaiTQ1kshi8hATVbP6emoT7c3iD6alXHJQSFzPAlJMC3+o/0WTGERePWP8shD7yx69G4NVn+vXrFXvQj4JBfvdhM84kTTxkwL0NzkFnpMfqd6agxK95Jy1rzN8kvqBa3khNU4Raq4yR/s2Tcqp3HagUA/BvutwLyQ5SfJqzbvx/rTAGZGxEVkGeBMEP0PvXx4gwGUd5wEYj6f+MQ8/9QucJFIHndOsRIfrMGHuvW/VaWO1zEGojihp5XrCPzI36jHZNzjWm2g9CBzg1xCj9BGoLCvJj6lJlRvSwBjZ8/BDCOh04xhIZncZzsQ+iLi1O8ZytuHdqKGqmPmGNRk5CA+rybeHxsveyn5o1dpujjAYjO/Tq7jacNAWOPnsyJlkkYe6TyJRcJGQdDDkflpiSvo7ClVpKMQzhRbFKFveD2Rcmhg9ZdHdK+BI/mw2rzCkHWkI20V6ps/JVhRaeXDsMugMNRisqpjg6iB2qXOhwocLng6w7tGyAedl4KR7YDpa4pDqGe8ItpHQXTPJRb+zmiOl3Xfy3U6QL0mwocDpS6XPB1PMGEMIb+pkqd5yYw0FSJguxsFLgq0TosYMLvC9R5+xCGWyt1/OYE9NUr71Wqg89O+OFzSWWoRNPAE/h9gbTtQcyBttscnpgQFoQ+1PvEg2l1r5ui9nDirk/zWyVaBwbkQ2216ZXatPaBJlReccBR4YKvK5QwmoC/yQVXhQOOKy5Utg3gieKdlV1BdhYMf1Upp/f1ztynRY1x3G0tR1XVIVy6XoG2ocmcsX5C9RfRIc2VgMKHrKcfbU2f40LVUVS33grelKPIc2ygAXXXj+LspaOobmqY+dgJGwKeNldofLC8+Gakhx7GHLj8qvAQ4/jG60JvkRMdZS74b/Tjxx5vIG19neJ5L4b7muGX/q9oxrDynbWBg7z9rlp8Oz6KYa8LnU4nblfcwMho6NZ9PtqHBxUudObmojPo4GgB39bq+ZjRb5yHM6a1UMoTWVYMDKC1UiPP6hWhBoQxdPsCcrmyqR9jwgSedNC8/lmJyn8q8uvvhk/Oy4fu7vpAvpXt6oXKxBN0+FwodWTDUTq5zJ87zKQdBIx3etFb5kRHkQu9tB/8NHJLPiR8QBGq4qf+G/AX5aKtyAV/8yCejyv6b0Urng4q+h+9+v0Cnvtr1X1cLwgx3TwwW3PlvGKkHZW+evRNjKG7yYWCiw6U1jehXzNPj3RVhpD3laEDqP+CQaZOwsDwsiO0U//PBlL4ixDmSmASp34GBoZXBlL4i1mZKxleSTBCxvAzwM+TkI30lOFCVRXuPZN8yP4T57pDp2eEjIHhVcRjDJ5woqPKj+eSD1nifixEwBSGhQUjZAyvNCaeDGJwsBTr7AQk7/+gXi9u3iuJPnxZKjrpF/zzEI4URMN+6rS+39rEtxgcfoCqL8TAsGfaHmDwXy/APsbAwDB7SIGI+T+h1bkBPt6MxlPz6cfJ8LKCETKGVxj/hrvEEDhTzU5A7BwSLr2YKODzjZEbf0XuYRrE9YRDPFxcBz/e+G/RIV9x2UuPginKGBheBTzGnffFc1w95lhc3183SfBYhp8zGCFjYHiZ8WwUYz8LjR8DA8NkeD46iuBwzwy/JDBCxsDAwMDAwMCwwGCEjIGBgYGBgYFhgcEIGQMDAwMDAwPDAoMRMgYGBgYGBgaGBQYjZAwMDAwMDAwMC4wXR8gmxqA9/Whi7EUco8EwO0zgyeAgBgfn5kw0BgYGBgYGhmBQQiagr74A2VYrrJoru2Auzh/rwIdmAi5qC8qHBUAYRtUO8QDxtV+8qhFXRtB+3gGboq5sjvM650a+whhxY0sUB2P8BvzWzMEQ+yGaX3IGLQzX4ch5B67ce8kLyjAtPO84iaa0NLRdfQxAwNDJd9GQlouvX6b4mffcaLPZ0GKzoa2oASHCxr0YPL6KtrQ0NJ3swHMAP1zNRUPau+juYONCH4/xdW4aGt49iSEBQfU3fQj4trZI7g8tNhtacovQ7/8l1r9mvAod6H43DQ25V+c93tpYexFsZVZYy2xw1HRhbJ7fN1tQQjYG3wfxMBkNIISAi4iCyWSCyRSFCI6AEA5R68/gwSxeNNF+BClGAmKIRXysAYRwMG+vwmzPFxXGHi2Q9qYH+ckmWk8mREVwIIQg3f3CCzJvuJu3FIRY4OgB0LAT/+Nl+b6JJxh8pL9IuPY5DRR77IuXO7iiMIZH83GqwMS3GBwewtizOc53gfHImQIPz8OzzQ2gCx0pPDw8j6aXoT9SPG90oD4hAb7FPDx8Cjq6FrAw7m1ifaU48QjAnW1ifdU5F7JQLzPcaOIV7aapv+ljFHc/SEZNQoJ4xS3+Bde/Zrx2OVHH8/Dw23BHmWwSuT4tCGN4RDnBfc9GxHwchYiPCIg9HXMnLgSMPZp7+a02WbrTQQiBxaE4EXDCj5K1RhDCYWneLE8KHPFgu5kDIUasPdk3J+ZKdzoBIUuRt8DB2Xsclp8dIUNPPhIMBIvSHdiTYgQXlYHLC7rEmID/XAZiDQSE24LLOimEe1fgOJ2N8pddQ1abDmInWOqe247bW/U7ZDktKG2e02wXHOOnNikImYDet18+QiZBJD8LTMgac1CjIBRDB5N/wYQgHDTi1nJFu3UcFEnDjAmZBpTg/TLrfxTdmxTjVSin5FdNyIaOp4AjHKJSHaibkaZGwHCdA6lRnIYT9MDhnGtCVo8dVMGUcc4/ZwqhqQkZAAgevBNJQGL2YfbdaQJP5pBWioSManEWED9LQgYAEwNoqnTB5esO8gF8ocXwn0MG1azOfMC+RKCEzHJxbjuuSMiicfzGnGa78NBMaCLpSUZ7xwKXSwcvBSGTtBDbRIEkaRibyl/xcTNvkLQ4lCRI9fd2+QxNlhr8ogmZdkxQbWTyQQypUgnoK5cW3FFIddSFbUEThuvgSI0CRwgMsRk451dyjPkgZABGGiZ558wQHiFDF/bFBGslhOE6HNkYj6gIDlxEFGJW7pikUBPwn9uBlTEmahrlEBEVg5XZnqADkyf8FXBspCZUgxGm+I04Ujcc0Kj1HMeaGNFUaDQQmlfAfGgyJSN/FvPchP8cslfHwxQVAY7mHb8yEVGGBOSHUGiERciEYdQd2Yj4qAhwXASiYlZih5JdC834MF76hnh8SB22eo6vQQz9tpi/XBbt4Pe/wEZaB6aYjThSUYIdK2PkZzceCdWZJ28HoflDxEv1GC/5jPXg+Bop7xj8JZSabMSD7JXxWPlWGbrmSu5P+HEuQ/Q35KJS4VD2Awljl/GXPBNMHweueFezJt19fFESQ3+PwcYr1Th3fjXipfQlR9AgdUShGR9+IuUVj+zqCjhK4uVnV54+B7mba9J+2EbbrGoNYmjeMSdpm6EHx4/RMuSKplVuX5Sq3MmXZtBxv/fii5Ik7C9MQm6+BVnOaHxYIP4vXm/i8+ZRMe3XJ1B0TPFbSQ6avgcGr7+Pg4WB+wfPlaO57r/lewfPHkWdbw/ypWdL/huX2h7qaLnHcbfxED4rScLeT8RyHDp7FM3fKA6FGe9F/eXLuDzZ5W3FoDJzzYR2932zmvQIjWhbRc1DlZxfewAAIABJREFUCavQdsmDzh1pqEtIQE1CMhoyy/GtlF/fGTQl07TJ76KnDwBG0WdfJZuYGgrFjL87866Yx6q/oe1v9PdVmbjbeRltaaJJqm5zseh3RCGRxZZPnWiSypSchtbzPTpH4wh42nwCrWnJqIk1wxu7DHVpmejtURwOP1qJm1J5ExJQs8qBB+ODuFe4Aw3S/VUa/zANIXucnzoLjeJ9fLExMP43llTjXPZqWU7Eb1SMHemr+sqRER9w5ZDmh/K+QBllWROzBjt2UBkXswZFLS0o2RhPZdAOeLR5D7eiZMdKxISSoxAw3FoJl8s16eVTzVUaQtabj3pF/SnxfLCG9q04VPM8quMSUJeWhrrFi9FyNUQVhkXIxvHN+Uw0JMehml8MX8IqNBXW4KlcZX3oeVcygyaj6Uyf+JTXjnqpb6wvFDV62vFw/hI63l0lP9uQeR7fjOuVQcDTmkKx3y6LhZd+X73kW6eqh2bczkxD3bJYeM2xk/RxLSGrRLN5Eu1jODJfLu4w6hypiOIm01ZJhOy/8OGVHVgpzRWfbMSRFkXed/KRrJDFMSVf4P6EXzVPxBRka/qjUitnQGyGYm6YAcIiZELXPlgIAbf2jOwUJ3TlIcEgVsJGRylcpXvEQnFR2OLWUqwRuNNFs2fEko1wlLrgcuVidSQBIYuwp02R0r0lULkFLrhKHfgjNXOmS/mOtKMkW3SkT15EQEgklqxTbEawBQuIsNG2F9EcgSF2NbIL6OAt2AIzN7kmbkpCJnQhL8EgNtpGB0pdpdiTGiWqaLe4KSl9AK/DBmvyIlU7jDQcgc26DksiCYjFgR4AGOvCyWwr1i2JBCEEhBAYYjfCUVoKxx/N4AiBMeU41MUNox0eeOGwSfUqfe8IGo7YYF23BJG6hF1dB3OjKVR09KlWS0Ifys9bYS2zwlqWjEV2AuJ0aL59DF3XsmEtXoJI6SDynFhsvFiK0vMpMNoJuGNS/34A70UbrJ8ukg8t5w4kYkeFCwWn48W0f98B31hwWknjNdJ6BLaydViyT1mWEbRfyRbLSdNHHlpHyy06nh5pnUHHfebH9apslJ7fiWPHf40sZzQcZTtRel66DqD6ARWT37Wi6tJOHCmKRlZ+Kj6rqsK9Z4Dw4ALOnk7FR/TZs9f9+NZ/GmfPZyAvXzq0/Ff4+9lDqPIdwrFjFmQ5l+OITznBPEbN+UTYndH4sPgDXLpejqqqd/Hx4WhkFbyHGsnL/UYxdrz7Ft56a5JrWyZOfaXImhKM+vxeAJLGJxVf9UoJ7qHPmYmW9YmiaZPn4V32B7QWudD5/uvw8jxq998Uk452oDvXhsY3LQqSIuDb8ly02NajVjERjzcWo5mm85hfR1PuLjRYpPzT0bZ/M3w8j4bih3JRJX8tD29GzR8y0ekqQuuqOHh4M2ozvQjMgwKG8n+PaimvMhd6izJRH8fDY05Fh0SwBD96c0XH8IZEHh7eAl+cGR7zMlzPLMLtnaL2y5dZq6gwUQvhfb+S/rsNHt6M5srpdy9gDF0ns+XxT0hA7pfuSYFRMzcAwOUtIhF7bcMncLlcKHVspJqPpXBIq7UHbmRTWUeIEfE7spG+KJB/huN9LOUIIrf7AjUmzTtcFFL3lMLlKsCOeOpS4+iik+sQTqQaZFmkf3GI+N9u/FtR5jvbeHjM7+OuXv1JGC1H02Kxb7U4y9DrcqG3bD8a4qYwoU9JyKQDxqU+40Ln394QCd/v8ykZGsXwqVy0bH0T1Yo++txfjja5b0hmwEnGQ+Yq+Hge3tcz0TeqLIOAIWeqSMJWpKG1yIVeVxlaqP9X49kf5ZTPO/JxfTEPj3kZbuwvQ6+ij9c7gzdCqMcrJb+p+ZhsT85UVpHA71MRIYmQERC7AbElDpReceCPf+dA7EakVNGZYqQBR05bYZXktt0IY25gnsg9GgliJ0ip0il1WMRwaugSspj/U4/BwUEMDvrRVJIRPJBwH0VJnOYegAkP3jESkMh0uBWj835RkkgQ0t0KbZiAvisO2LLLIS+axtxIjyQgketRrpyXRsqxPpKARG6HD2rMtclSJBXB+bXtWTQrQibWgVJoAMAEPO8YQUgk0pUVpkuMe+CwKAiZ5r2R68tVddu1zwJCOCQV3deUIYx2QIh67XHAMgkhw4gHO+L1V7XTwxguZ0RRUrkHV/pCro904Ea6LiGjuOOAxU5A7Bbs65Hy7cK+PALykcYvjZoViXOfSuM34luPSDuB8ZQv0Ja6JkgqCPTKssAmy0HPn5DlTMOlAI/A/WtpyHL+CRWqZWsXLnwWjSznr1F8XSGInrXD9Vk0sg7/CRU0j9Eb7yHHGY2cLy6otN4j198V71/wzvzDhEEMVFRgkBbh+WAz/BWtwRs3JGdsy9volYor+axoJgDZjKcas9ScotCMSOkaTohPi4QrEbcaBUi+R9W7At8mO9AfVE5Mj9H7tgUePg43vbTXSFqslIMq7cNzyX8prRhPNZ8nkz0VYRvF8I0beKLSeIzjG68rsKtvvAd9rtqAlnAmoOOfEAv2dSnGjp71pK8c2ZqFsdC8G4sIAbdFkZLKutd2NkCAJM84rD45AmAMJ1cTkKQiatqiMlD1fgBCF/ZZCAhJQpHaBjYt/NTjRW+tn7aZpv7k8m7TJV7jZzfDOwtC9ty7Cz6eh2+bW9GnBTwuTINX+5xG+ylB7BsaR3l5c4K6j/1Q/jaqeR6+XV65j0pl8KY61WlbT6AtsxD98uCRtIkpaFdqZYUOtKfw8PBp6FTIFUA7XgU8ba6AvzWcLdIT8J+jChHOjA9viXd78hNEDZp5C0qmDG0gEbJIrPcpO2QX9jkJyEdJKHqgl56A5KZD1i9NDKCpbXLXHWG4Do4UIwghMP7Rhel2R11Cpr0M/Bo4lCPrbh6WEoLIdzxBqsT7R1aAEA5rz0gE4y7ylhIQbi3OTOEQPnZmLThCsOLI/aDffNsjQUgM9mn681wTMsG3XVzxRSViR4ELlU1+DD6ZUO3c0MPkhIzWQeQ78ARXGFZoV5gzIGRB7x07idVEKczCbwexCDMgZHMGtS/B+pLprDbCJGRHT6pW9O4SHR+DkKSpGbsdBGSfYoHwihEyfH8ORw9Hw1HRQm/04VJJNLJOnYZq0SwTsvdQo8litHYrspzRyPcMABiF57QliOSJ8OLz/GhkHctDNwAITzE0MICBSa8R6FpUpgKdgGpyGlXf0JESbCKZHiELmEfvbOPhsexCnzJvRfqQPmTU0V4ibw/3J8LDW9ByVSsUHqIzjYeHfxu9mp8kQiZr+14kJEK2WjN20gkI0ffPEcYeocPngqsgG1ZrMhYRjQyjsk6SX6I8CxArd7oifdseLAox7wwVJYEQgvXUR27iySBVKoS+Hs3EKbavGA1mHp7Fb6DJWYZe7y38a3AUzzGOHwcGMR4qyykImWiCX4POPs0PwlW0WHh4EvdDHlYzIGTB76WbGOR+LJUhEW1Tda2b+1HL86jeeTVIE/a0OG1OfRVVvmEJe2SCP9IQMBMm7JnK1yy0D9nYtdUgdoKkyiGd9BzWeqezi0256SwK62ewcTFMHzINJksX9Jsb6dpBGAJKk1coNfMWzda6+XDql3zIJP8H0QdiCTYeaQjyd9OWXZ+QTVYHOr/NBSGT0ssr1/DbQSzCQhIyigk/zm0xT9NpMkxCVqKusOkRMin9UuR9PVnal5iQ4SfcKP81sgr3og0AHh7FYWc0impHNelCEzJ8fQj/cEbDfr5SkW6S6/BfUQ8A3sN4dzJz5Vtv4a23dqB4JjtFdSeguSBkm9BNq+bONmVe0yBkUt5UUxcwbYa6lCZZZd7LcatRm/cLgETINMJGj5AJw1XIThQnUkIMMJpMMMXwMOrKutewu1l6hUWVl4qQhVAYKK+leXchLz6nSMulnpjUZBYKsg8ZDWXh4Xl4Fq9Q+ylqMSkh0/ivTfXbnBAyKb3GjKhbBv1vmeySXAtmjHBMgMIw6hzUZD6pr9kkTv10PuBOXNZJvxonw+Rjc7XpbGaErHk3XiNq276EsZOrQQhBkqw7bsbu1wjIa7sxlXyVVjkrP+kOsaoJ1lDpEYeJJ4OiVmsmGGlHpateNt8JY4/gb6pEAXUyNG736Tb65ISM1oGOyTVYk4U5ImQ+bFftjA2/HcQivASEDMD0nSZfBCEbQlEBAbGvh7wQnAtCNvFk1jH19AiZ8P0QBh+PBvfbbgcczl+j7OZPornysBWe77WJJiFkt3YjxxmNg5XtAAZQURaNLOef4b77AIPDOte/ZqTzmh7mjZAFJqoZE7KHxWhQ7Nzr22WBh1+CmxX/f3tnFxTFte79dfXOBXUqxQV1Lihr15R1agosat6N7oPRshIT8CK8GnN2OLzuLZWyCJHg9uzom+xYbpCJROIcsxkVoxg/iRiFwWx2UKPzgSAwKh8TkCHjRnQcUTMhziSpmTq03Pzfi+6e6e7pGYYvQfP8qroKZlav7ulea/W/n+dZz/LgR4/K5vVHWSDmdAZnooKMs2NzCu9iKqx3SnI1xXr5jIwzcQWZfTOSGcO//ul8jOfDg9mfCc65MWyOuM4R9OHHbituflKAFp0W1rwj6gmB4woyMS1EtKtPzZI1M4JMaYUVzyHy4hET6zbe3flhs3q7jWcpnJDJB8lPLIbiCDLHZiQbGBad60+sfPTBE5+AkABTE2RiGgxFrBhwBweWs6hA/batfJxUfqPCvuSzYHdRET61C5UI7jum3xU1Sy9g/xRFRaVoUngzo4XDBRRqErcEKRFjGKSxV8I3qoJIvl8sQcbB8m5ydKwYRBcvw0LpBVO7D1wj8lUsXOJxF26Xzyr0NeYjmTGkbG0Lf5bwfYC6IOMa8ydoHyG47Wac75peo1RF+cbUGMscPPOCTHP4lMwyyrl28W9VB49FRLSawOIakR/rXFTKXzipATPoYZzwFTU20YJsEH8/FkNQ4Trqa9JgOH0A52rTYDhdj+ixWBRkr+JMn3T+1CPYvvx3lJleRJ3QdPkYtDT87Xyv4t744fjmA5z4RxOigxFmmOkKMjF+a9qCTIfOOqn9hcP9Patg0erQfoJ/6o5f+oAP2t7YGBUL9+BMKa5v+Rx3VV2W81yQxSg3bUEWfu4oYowBwPUlthQV4dBsLyUitC9p7JWIqiBS7BfLZfnDobWq34ttxLrhbMSFryrInOjNji3IrG/VydqYGKdoXXciHKf4+MQ6Pl5tjyIon3NioHQLus4I5ya6UaVxmuFzO4OuLVvQ1zmF+xDqxYEpp5GQuwtzjVJvliiwFmJ7r+wpicajyWCGFGyVuWkTEWQcRi5unVKKjnhMTZAhEiCetKycV6QhD77eLMzuK7wgX6LA14SC8BsTHxTHBQbw+ZpkMJaCzXbxl3DoNy4J12sbDoADh8DAcbyRwsA0K6HUSXywvQYr97kRQgie+gKkxIgzSISw21SzBNttHt5awQUwbNvOz/gpaFJdfmHCWZZ3arBSw8CSlqG8dQQcQvB8vZkPVkwplCdcFd4Ek/Pr+ZscTs4bW5AxloKCeg9/DWzl/EykFElAIjCJ+yDG7CUjv54XVyG3cA/itA8+sR8DY8lQMZ7OCOGYgpStaFMtIRdkXCAgtzhNQZAxgwZLzl1HgOMQGDyO/N0asJ1LYHRJWpjwppV8VHLPPk8RJgWoCLK+ciw0MGg+2wd3CAh56lFQycB2qcQZTgJ/WxEMpjQYGy9i5MkYAv1VqNqXhrLjh1XFEG8Z08Ng0uNwm9qrscQV+dmfYb0fBELD6GzOw0emNHx8VjJB5Ekvzh3To8z0W+xttmD4pzHgiR+D9iJ8bEqDofbovBJkYrxL6+4ujIF3RXXn6iQJaAGAw73d2bBo38aAn78x323SwpJdAU9QUvfbp8NWAWngfa/Dj3HOj5GTG3kLiixg+hG+28TPTGvZeBJeXxBAEKOWCrTptLBkboNyPsszIchE4ZTyBo4Ly+5xgWHYtvNjO1v0V3QKpqxQ/ZtgbBH+ej0kHEIPxt5EnfB9UwFfXvgavqYCwUWVj+NO3poc8tiwfYkmagybFcLuukx0nuwT7nkQv3SfRGdmnFQOE82y5Ky4kcnPWnScdGEMHIKOQ/zsTV0uvpXuJlpaV+3GvSAAzovbFfzsyJhB/Vod2vY4EOQ4BPtOwpGlk08MAQDOCWeuDhZtJtpNFn6SSHAYQzuEF4kjkQC3n5s28RMAsjbiZrcPYwDGhi1C/5FMXJkE94+tgma6iVZFi5VmFY6F35blQfr1nhAQ8sDWsAxJBoaU402KUKREBFkbtqbMfE5MQZDdQfUyhY9d9xHi51wMofeAYLEI75eEjOLGqEEEEPLSZCimImtSkVvTrxBOEqUr9fenrsAOtal7Pgu2KuqVBv9NFn5ASMILkvgxMX4tNdcoqfcyihXnGLUtqYI0bVmo94BgipWca0axLDePcBY4livGX4jXKglJkmudVHxZcr4MKany8prUXNSoJANL+D64jkWdqyYpSXKMJAinEKlbmBDBNGn4uAdPj6uF0BhYOEVF1HbwGB6hGzv2KL/ToPALlX2rq3nhIAiy5N2pSJJ+X5GBrZ1Rr+g4VpMqr2tnEpJ2Rv5P+kJ6wXywnM5Q1LsM5VNJeyHlSS+aT/GpJ8TYLcPBEly6q5YdCOHgfnV3JRARZC+i8qBeEhOmR+WpoxhQLtEUGoC1MRcfyeLH9Kg8sRsds7m4409n0KkSg3X9/dyo+Bbb+0KyKL8V3Tnp8u/T0/mUAsJ25f8ul3z/MlpzdJH/dTlofVmy7+uH8AMiwdGtirptOaXRa29yXtw28e4ueVlJXrGhQ7g6iTizmacbOxayqPGwsLhQPkYxBraM7zu+9nK8pBxDNalYnJES+X/h/8b/ktSXkaGTlNchI0Oyf1Ix+N4jdWlJ6k7KwPpa5bNkFhDSh9gy0qPbVc77GAzPyhxC3+sTxAiGU2zwjHsvoEvRZqxZBXC2KhuNH0OGHFk7tWjTYUuPbouiILNlZcnLp+eg65JKBN2jVjgLsgRxF6m7tVS57iSHxy0mdGTp5L8pPWca63/OFrdQtZeB7dIhY7dGNv6n1tREvHEdxfLxWDaWq68MM9OELWT8mpBTmIESGoXX64TD4U5gH379J7fDAeeE6/iFMOp1w2F3wD1hXI1Q1uGc/lpYITccXbwFa9QbOVe13zbRTB7168HX63Q44I57rtHXSnqPxGsntcyFRhOpV71u9WIBPBCvq3cUIWG/WPF8/C4PpjZ7aToI60JOdB+UbZz/Dfz9UL1vErciF3gAd48DzrhtUbiuPfHvmZTQqFh+JuNfxhB4dBf9fe24NfL9BH2nA2cOxXJXAvIYsiBGR7rR0zeABz/FEHgioe/hvd2Ozr6BpxM7BmDMpxKDxfnhV8S4/KJID/GLxwNvRwceCrEvkXq8CP4i2d/rx3jQF6nLF5Qd0+8XU0z4hPgvDkGvC3c7uvGjb4JrwPnh93RjKDxrT/Ylgt7E48xmg0n3HQCycVnSvsVx80HAL9l/FCFpP34QQEh6zKjOw/c1p90+w31nogvhhadDsGB5PfixuwN3XR7V+zvu98aIsYq0H5UDIOj14GFHB7wen2qSVZExX+T4fj/HtztlW5RY5sb93oTqVa079gVB0OuB12qFd1qxY7MLF3ggtKEQRr1OOHrU9Ep0e47d/mYHNnERYj7z3C7ZNB+YpZmQ84oBI4wx3ZVA3KB+giDmN7/yJZueNUiQPeOQIJtFnktB5oej+Y+oPluHgSdC6ovqbehQuh7DkCAjiGcWEmTPFCTInlUC/bhkNmP/ugVgjGH5X8wwn++NmSeNmAx30Wk3w3xmOZiBYcGx/TDb21RjI589hCStppdQfSoXH5n0qLYos1Hy+N3fwHa1BkcOpaHMlIfTVxvR6ppK5iaCIJ4ut3HHbMZgOT97s6X4EAanu1IDMeuQIHtWkS4uLm5LP0H3XJ/X84BswXBhq3oL5mksyzKf8N0ox97PfoedB3+Po/aumDFmdySLi4vb3gvXY5QmCGLeIFtcXFzgfjMGo/KcEfMJEmQEQRAEQRBzDAkygiAIgiCIOYYEGUEQBEEQxBxDgowgCIIgCGKOIUFGEARBEAQxx5AgIwiCIAiCmGNIkBEEQRAEQcwxMyDIQnDbdmDHN5SU9PniEf5ZmYf2klO4zwF4dAk9eXlPZeHYH5oqcX3LFlzfUom+9tuzdpwxVwN6Kk/CO0O5Tn++VIn2PHFRaMX1m0f4ehtg3FKEoiJh22JEQ+/87r3jzlNw5OWh59IjABzunypBe16lYrHuR/CeFNuO2lYK50X35NqvvxN9pfz+XaZzGIm1whQhcBvfVQrXu7IGd2ay+z7qwqCpVH4/zV2KRa8B+J0YqBTv2WXM+Jr2nBMDJXlor+QX3Ja3TYKYOgkLstBojMWy71RjmYGBGRZix7czeWozD79A7kQLlU8WfiHnp7WA8tOjCQ6tFhbtKjj7EV6Cw7LKhAezelwOd42r0bIsE7ZZPd4Q+l7XwqLV4kplvGSn/OLT8RfY5fluk1ayTIni+s0jXNXZkWTCqS9AwxjYPF9764FpFd/+NjUB6IdzFX+tHdLTHqxGm1YLS3qmPCHmsmVoydDx++dWY1KPzaEzcGRH9nfM78s0ZcZ8M7RQuZiQNDN95pfs6T+E9vA9zYJNp4VFuwnfKcuJ9ywzfXb6X78JrdrIseVtM0LMZyZBxGBiQRZyo744A0mMQVN4QaWAD73f7MCWr9vnvYWs6TgDMyxB1T9ntFYcM6Wh7NgBzGi1c04nul+UCArnHn4QmnVBJiIImlk83s9dJ9FTegjD8Z7QwuBrfe/8hPXdrXhR8hByojd7fgoyGS4j9M+AIAvWvSV56HEY3KgiyMQHpeLBCM4JZ64OFu0KdHdO7QEpPnSfT0EmCFzde7g1U1XO+hqKoihXEWSyc5iF/uevQ6dEkI03blQRZPdxbJUGTJOKXGMrRkiXEQkQR5CF4K4vRkYSe24aFS/I9DDG7MFTqpUXZEf3YnAmq51zFAOe+LDb2DjrLkue2RdkCRHrIa+C/KEtXr+NGJzP/eYZEWTKBzxvjcxGr1Na6Dq+zVuNzhPSJzCH+6ZcWLVaXKnonHLb/VUIsnjiZrI8z4JMOTaJv3WPU16MG0KjaMxIzYWxdQTzeSgg5h5VQRZy16M4IwmMaZCaa0SrihJzfZ2tWOtvPb68qyh090usr4p8f9xRjx2Hlwr7LMV6iVWN6/kIS8W69u9AfZsR68X1BKtewVabO+xqvGNZj0VC2UXHv8QdAAjY8WF4/cFsVIu99LtjWCucQ0oFAzNo8MJu6TqFkrKTYNBeJKzz9yI+MqWhbN/vUCld96/2cFigRcoK6wE2WeGHB7b61yTrBL6GY1fOoeG4+P/vcbatGefO/j78ffVXDbil4m/lHl7Dxa/+iD0HfwfDvt+h8vM/oq5tQOaaDQ624cKFC3E3a5dXMmAoBjzRHaQmTIIuDFa+hTbBjWDNyELL6jxczUrH1UP8VfjhTAlaBXdDa8kZPq7Db0V3eL21fPTJBk5h0Mvegm9NJWgT980rxaBLcA+H12vLRmdpKTqzhb+POOA5Ke6zGl3S2A6Z24Mv7zijXFzbjyHDav77rAxYVdxgrR+eh9JJLX9oD+Lb3Gk85AIX8CfpWqWL1uPLOwBc1ciWrl+aXQ0XfzEw1FiMpb9JxQsaBsY0eCF1EV7Z2hh/UfQ4guzOl+uxSDjOovWSfrZUPH42ql3KvUJwNxuxfulvkJLEkJTyGyxdf0A+hoTcsJvNMMfbznfJXwAVD/hb7+kSetiOO01o02lhWVGBuyrXYdzbgr6S1WjJ0MGakSVvXxLEe9tuPImuvGyhHayG41ALHofr7UdfvnTtwBK4hoJ42FCJTrGdZ0tjjR5h2LQBraJ7XpsO+7LVcBxqVcRFSdpjrC17A25OUngErQahj4juv3TYZXV+iFvSmLlHrXBuyA67Iy3pmWhZXYK+VhUTs3i/thyEs2R1uK+1lzbgoXh5ZestrkaPYL18cGJDZKxQ6WfitZ6MIIv81sjWZuzE/3QaI5+vNgptpB83N2SHz/nGeWXgoEKQnX8P1jjiM5HnKUEASkHGjaDVmItUzcSK3td1AFtqi1BUW4Q39yaDGRgKrigKBfpxqiHyPTMwJFWth/GbEyg/mAJm0OANa4Av67HCeLoI2XuYUFaD1Oqt+Mz+Gbbu58vqTtsRABBwncKO2jexeBcDMxSgCeDfRhqKUHRwofxcfL043sCfJ193MhYf4f8vqi1C0ekDaJ+Cr9XnqsXZhg9womE9jKY0lFWvxecNH+CEsNVdbg2LTb4sX27nkf/CuetucBjD7au7UXNkMcpMr+JAw27Y7rrQcXEHTtS+ijJTGspMaTAc/E/UWRrx9Ve/x8emNBg+L4fjJ8ktcx/A3v1pKNu3Agebv4Dt6mHUHX8RZSY9qi72hu9fx5GtKHnnHbwTZ9tUWgdpGOB3m6RuDH4Qinbd3UDvKzpY0nPQWVmDQbMZg+YaXHtZJ3uABp116NnyNtr0kkGUc2Owcguu569QsT6IMVhaWHRZuFpag8GaUrRlamHRvYwuqx98AHE+rgjl7KtL0bOJr8uiTUfr+ybcyNXBot+GsOR61BoO0r7+9mv8gzBKZHL4/qIJXdIyK/JlAeI9jSrB4U2bYNHqcO282vWbJNwQGncUIXshA/uXDKzdcQr9AQC+dhz400tYwBiSF7+JLQfEl5oLKNQwMLYA6/abYTafgHG98Ha+xIj+WB05jiAL9J/CjqI3sTiZgTFJP9tRhKLshWCMQb6bD02FqdAwhqSMYnxmNuOE8T+h0zCwlAI0iR2i7UOkahgYi7MlLcanfZKqBUtlWzUv8HmBlItv45mlOSd6V2ljuirHndW4mq6FJT0HDlMtBms/QUeWDhZdFq41yUVGOE5Iq4UtpwTO2lo433kZVq0W9nV+iZnHAAAUYElEQVQnBCvuIwwf4oPOO1/T820yM5NviyUm3Pz0Lb4trTuBABB5ydGuRZfQb7r+I4uvc1OTRJSJ4mMF2hUTFTpzFgniaB1uKt8rJmDcfRHO0i24Hu6XivorG/G95LI9qs7lj7W2nO/nNaW4mqWDRZsJh+J6hWNOtVpYs/4DXTVm9JWuhl2rhfXlUgz5AeA2hkyl4f4vjhU/tx5Cl3hOMS3kkxNk4+5G9JS8DruWHz86tpTCefk2cPsynKVb0L5CGl4g3Eeh70cLLeHYYjyiom2q8/x5nIiZJyLIAhdQnKoBYylYVf5N/LdqBa6v9OqCTPE9M+2KPBhcu7DIwKA5KY9L492KDPpz/RIx6EPj0WQwQwo2O8IVwGiSCDKRKwUxz2VuXZYeNNemoez4Yd7SAAAYwtfH01BWexReadGOP/OC7GgVBp5EPvZdLUGFKQ0fn7MK16Yf546mocz0f2B2j0UKPumF+Wgaykx/QPM0/H1jLisGr4jCI4iHVjOG3YqGIQxGUYPWjU9wJerzGIOoMHirC7JV6HVKnwqNcOi1sGRuE9qoUO7FHRjmIudjfasOP0OMPcpD3z2VH5iIO3ISLksEXRgyXwk/xOTXb2oETq0BY3oYJZYozvIuklkyNtulJTkMNe6QCDT+s2vbF4IxDVTDP4EEXJYuGPUSQSbSVBAlyAJNBUhmDMn5jbJ4Ul9jPv+5/IQnB+eFp7k5PCN23HsN7maVGXaRHXB/z6qwKyn6HgyhL08Hiy4XTmn7Cl7C9UwtLPpN+E5iGBEFmW1jo+SY4jF0aD8iV0MRAScVK0GMdnRgJDxBhH/wy8X9Iwy8pVOIzXu4uSEDtuUfY1hyjJ8vbcMVnRaWzA0YUPbLSZGgy/JRK/pKKzEoPdajOnTqVCZLhCcB7ZHNMv65cSNsWi3s26yR36zq3hTOaYYEGR5dwo2XdbBkrkOfM/pa8S5whcU11tgGDo+vNcPdJfxiRduMS8iN+kIdNIxBo/sI3QnsQvx6iAgymb87H8fdic9FTFSQrbkckHzahAIDAzsufxDEFE2927HAwJBcJw7qz5ogA/xtRTCYXkX9gPDBvcPYZ0pDzRWFSVwQZH+7qBwIOnDmUBrKqrfDAQADRhhNaahovBxlyfRa/oAyUxqOXOWFGvf4PjweT/zNN4WZopwVNzIlVqzmDjz0+DAGDkGvB7/IqpyCIFMZkPngeT1uWCXlRMEkDKLtR+5J6o7h2pppQTYbBE5hDWPQhxUZB8u7yWDJm6EubzgEHjhhN5vxmcSSpTdG+RZ5ZkyQBXDmDQ0YW44Dd5R12LE5mYEt2oV+AOACeOD1wht3m95s6PHOCt5yqhAEYQTrlO2DS1Fi7YdDa2HR6tB5NtIvY8aQiQHeeUfwWPKxWN664WwMl5uUIH5xdcBtroWzNGJdixev9nPTe2jRaWHNeg+D3umaWiYZQxb04WFHMwZrTRFLVow+HS1mhMlCUqv1LAuy3pZGXMvSwZK5Kea1mpwgmyocRlqNyE3VgLEkLCuf/xPhiKdLVAxZyF2PQh3fYDKK65GILktUkMm/n6QgE8vvrRJcQM+eIMOTy6itTsMn/+gAANy5nIcy09u49JOiXExBBrScTUOZaS3+PhwpF2+r+oY/K+u+krjuynfeeQfvbD2Ca1O5BGIMmRhvpdXCostAW4lyBuPMCDKxPO8i4Mu1VHQKh+AH0XBdz7ogQwCn1jCwheXoAQDOgneTGRZsV94pDiMXd2BFqkZw+aXwsV/alKckyMRycTZNIS4AwIVCPtVG3C0VHzqmeMm4TnSv0EZbv2TnHyfoXOW72EH96jMUxfKddfESlwVx72QJWtMF115GFlqWLcOVrHiCjMPjxk2C62+bIg/bVElQkAW7cLMkR4h308GWtQwty15Cy6QEmSh+JBbAWRVkOlh14piUi29jaKvZFmTcSCuMuRF3fv0kDB7Erwf1WZaSWDKWlIHienfct9WnIsju12ClgYEdbRSsQTMjyEKjXnhHp9M51ARZEKMjd6FWbV/zqyir3oaOJ7y70nC6HlFDdkxBJrg9TSWwPQHQvR0VpjTsamyGd+SuynYfgSfKymeaR/A2S1yZnB9+VwfcNe/zD5qwaxGYKUH2+EgeX76RC5cLD5pPQ5Bxfvg9XgSfUgwI77ZciPIe0V25AEo9xtk3I4UxaHSFqHdKrEuCcJp9QXYfNSsZGHsF+wdiWL2m1c8ShcPdihWwaHVoM8ldlT93NWPwGydvseqsQItWC9s2a1QNYoqNsJUV8QSZFTf0Wliy9+C+5NNEZmX+cCRPiEEzYWgokgMs9r4cvq/bwIux3D24N2OpD9X6JW/hjuTfE1y82ky0myzwhT+P36ejxcw99OUpZh/PqiDTwppbgWFXExyZWlhzTaoW01kTZJN8lhK/buLmIVOq+sYYgWUzL8g0WHNZaszl0H9OD2bQYNVFcdhTF2T95xZNQpBdQOFOBmYyIsbjKgFUBNm1/wdDDAsX72bU4/A3e1Ft0uNwm8obtCDIDHWnZSZtzl2Fv5nSYPjiJB9zJljcyqpLYFOmo/7nWdQ1fIDmvjHMKmLMVt6RqIzY/INFOsipD6L392THFmS6tzAgtQKIgdq6dbh5L1LuaQoyMbj5qaVACJzBGxqGheXX0FSgAVuwPcqS6TLqVYLsMWuCrH/Xoqjj3TmwnD/Wrn6FCz0A+6dFKCptQpQ3c4YRXZXRD15F2+Mu4bo+OlYMGELfWj7AvedG5FNRJClTZ4RjokqvyM4jEUGmKgJi7svhfvXrsKmIsfFOI9qmMMsygkq/jJpVHesFKb4gE2M5w+cq5DO0rjsRcfGqCTKucYK0N4kKskhqFHHGrXzCBI/avRDzi01VkIV6D4Tdk4l6m4hfNwlk6o/4vVO2tqmWkAuuEAKK7MSTF2QMbOcS7OoNgOMCGPgmH6k7GTR7pbPF7qPmM15gGfpD/Hle344lO1lMQdbTsBDMoMHKf7gRQggeWwFSDAzJX1imkR/mOupr0lC27w9ouh0EQsOwnn0RZaZ/R+0NNTEkWMb26VG2rwgWpbsSkLgi9ag634nAkzEEbtXiyEE9yvatxTlJAL+v48/87MuDJbjo+h4hAKH7Fpw5pkeZ6UV80f10BJlFq0NbhQWjQQDgEByyoDtXp3jgiW/Hq9DTFQTA4XFLBZ+WIM4sS2vuHnj8HMb9fbi5MQtWqfUj2IBOrRatFQ6MSc6n87RgcRAG5W6HijlBIbbG/CqZyv1n+aDlFR/glpfDuN+B3lwdLNq16JvkrLapI8RnLUxDmkbNXSlazhhS3jiOgQAHgENg2IbtS3gX5qK/dkI1afiEgky0fOlh6BX6Wet2LBFmScp24/phXCLGx9gwHOAALoCB42/w1ruVNbMryOK6KqMf4KKFyvb6J7jt5YDgMNzbhJmT78nTLciC9BuGMYYgRi2f8LM0MzfhO4XrMCELmRCrFuk3QfzSfRKdmXy776z1QYgADedSs71eHWXhmX6OND9cG/jEudcvejHO+eHZwx/v6iGxkQtCVZeLbsswf15BH7wneYudRfs2bkpjUMOzLHVo2+NAkOMQ7DsJR5bKRArrNti0Wtg2NvApRIIu3NyQifgrg0wtD9njY3mwaPVwNHhlfX1om172+Zgrch+mJsj4xLDkniQmwxTXsryFqr1iegq1LQVbbwD4dgcWKr/bWYjik5qofZZ9zQ/VvCBLRuruJNn3SVVbYVFEQAYcHyKjQl5PUoV0v2Wolj4BfBZsrVLUW10+pbQXUnw3yvHpfmns1m+xt7k1ZsAmH9wfw10JhAVZxcEVfI4zcdufi7obyqCRMYz07MXBg3p5/Nj+XBxt6Z2G0EwQQdTYMiTxY+Hp7gVwKnIUBa2GcMxMOI1Aerrk/9cFoXMe13RaWFbkKMqno7WUX0MOP5nh0EmOl5MTToFh0WpxJSdHck7puH5JMnU/xqa0dAAc7h8pQIvkOBZdFhx105s9OVm4pgIh7op3XUbjQ3v5S0IOssimSV2MjJTI/0uqbuFycdIE8VtLUCUJiArYP+Sn60vKJCVJ65D0M8nKHpHvNUhdsSOq/844Qj6oePdXHusVxL1DinurTUfr+/J0D4DYbvS4kpMlO4Y1q0Aya+8SrqfHOnYkHUoYzo2BkuVCTJakP+S8xs+eFPc7eghXJ/pdavVPgnHnET7lh6S+lo11susw7q6DY3m64rjpaH3tZUnsqHB9hXtxJSdH/vvSc+R5AQEA/bhZIL+uFl26kBtNuCbvXwIuvR91rZRbW/WgJJ2IZMssxXC3UTY+yOLY+k8ofr8W1vT0qPGDIGaTKS8uHhpNZIYUh8ADlTiS0Kii/IPw23vErcgh8MANR48zfuxJaBRerxOOHje8DwLgEMKoWO+DgIogCWHUK9Sr+v1UL8j38N5uR4/rLh78NIFVqu9jfBLLXQnIYsi4n+7jVl87+ke+nyD2gF9Ts7/Liv6nEjsmEsTDjmt4zAnr4bk6cLd7gnXxgj786OnG3Q6XUI5fL/JHj3y/MZ8QwyLEpd3tVs7aFI4p7PtLkI974f/3Ihj0wy/W6/GF3+p/9Hhibsr6Rcb9XvzY3YG7rthlZhehXU/UZkOj8LodcDilZcU+IfSzqP6n2NSOIfYzR4L9TDgPu8P9lGLHAEjbUaxNbSaxpD3GXLOU88MvtKExnwfejg48VGnj0vYo30RrVzTSthU+P05su5EZy3F/V5z6E4bzwy/2y5gzrvlz8XZ04KGkv4z7vYrrG8QvQpzluN+Lhx0d8MY9R75evhxfb7jO8HEmur9iXKfK9fIFo/dX3j/OD7/Hhbsd3SrXfQauL0FMwJQF2WwxOzMh5xd9za/GdlcCcWdZEgRBEATx/EGC7GnwkxUNtX/kXYhCIL5a7rAwJMgIgiAI4lfF/BFknk6Y7Wb8pZqBGRZg3ddmmG8MPR+LsQrpKcoO/QEHj/wWZfv+gGa1zPG4je6rjbD9PQ9lpjR8cqYGtqstuP3U3I8EQRAEQcwF80aQyRYXFxcOP2GW5fZ5dnmEjq9+j4+rf4fK4/+FiyqLFwMAnnRIFhcXts/fg20ayx8RBEEQBDH/mTeCjCAIgiAI4tcKCTKCIAiCIIg5hgQZQRAEQRDEHEOCjCAIgiAIYo4hQUYQBEEQBDHHzIIg86H3/Hn0zvYyKQRBEARBEM8JMy7IxEWOV9Y8HwkrCIIgCIIgZpsZFmR3cGA5A0t+F5YYGV1Dt+qx4/BSPtdY1SvYan9Okr8SBEEQBEFMkQQFWQhuuxnnJ/BDcvbNSGEMyw/cUf0+cLUQKQYGze4V2NrwFhYaGJjJCNdkz3rW4DDUZsb5rhESiQRBEARBPDUmFGQhdz2KM5LAmAapH7bFKXkHNSs1ca1j/DqVi7DLBQAcRr61w+EJTenEZ4cALhSnQsM0SM01onWEZBlBEARBELNPbEEWcqO+OANJjEGTmgtja3yrEXdtOxYyBr0xtr1rsguHh0a9GH3qei0Ed30xMpIYmCYVucZWkC4jCIIgCGI2URFkHIYaJytIfDi1RgOmeQNnAvJv+r7KgMbAwFS3JOReUgb/cxiyF2PxLk24XNJ/r4WxS+IuvX8Mq3ZK6qnIx5lbrTB+/m94Qfy8Qos/Xb2K3VV8PUlVS5FRIdRXXY7jDS8JZTVIPdmEKGfsJAUpQRAEQRDEVJEJMm6kFcbcKbjsesqxkDEsLO+J+ooLDMBuN8NsN+Mv1QzMsADrvub/N9vtcCssYK6mJdAYGFIOlqO53wtvfz0KP9WAGVJQcEWUTSG4HdI6NdDsZNDszkV5mxPuC2ugMTAsbHBg5NsjWGfkhVjK55/BbivhY9cMyVh5zgabWQ9mWIKqf6r/NJnLltyYBEEQBEHMAhFBdv8YVmkYGPs3vNM0jMQ9hQGceUPdOqZkQpdl4Aze2MnATLvQL9U9gSYU7GJglVuhjGLj62RglQVokpi5QoGAYNFywWhiYDsL0MQBQBMKDAys+gDuAIBrFxYZNCi8Gu/MQxjY/wr+hTGwpGJcjv8zCYIgCIIgJoXEQiaNndKhsN6dmCgTrWPbr03o0ptIkHH2fDADw5rL0cru2tkFYIZkbHao1cmw/Gv1mZ1hQRaezckLsgVnr/Fff2eE3sBQcCXG7twIWo25SNUwsKQMbL1IrkuCIAiCIGaW6BiykBvH81OhYQxJGcWoV/oUZQTQVJAMplmDUwlk5p9IkLm+0oPFEEexvpPP3FStlRdkRxsFIcULMv1Xwg4xBRmHkVYjclM1YCwJGcX1Ue5VgiAIgiCImSDGLMsExYjLCD1jSNlsT8hqlKiFLCyWJOdj+SIZzLAA23snV2dYkB1vEveYUJBFYukSEaUEQRAEQRDTI34eMqW7ziI1g3GwvJsMxpYjRh7YKBKOIavcDLtU4flOYY3a54nUOSlBxmHoVH749xYn6rYlCIIgCIKYBgll6udGWmFcuwjZ1RLL1Z0DWM4Ykt+1xM9PFhiA3eGE1+vFiSO8e/GvN7zw3nLAMRiI2lecZan5tBD1/V64ez5D/u7oWZajXm90nV4vvN5RmYgKef6OIiMDq/4IDk8AgQcn8KaBYcGx0xgIBDB6469YZGBYbnbAEwrgwp8WYSm5JwmCIAiCeIpMcS3LxK1jbadTYuQgU581GTMP2XVJML0yD5l027kM1eEUFn3hPGTMwKCpWorFFZGySXsXIy28rwarLtKC6ARBEARBPH2mJsju1GClhiG5oAkTZLqYHlwAAbJUEQRBEATxnDM1Qeb6EutfWYtj82dVcIIgCIIgiGeWKbosCYIgCIIgiJmCBBlBEARBEMQcQ4KMIAiCIAhijiFBRhAEQRAEMceQICMIgiAIgphjSJARBEEQBEHMMSTICIIgCIIg5hgSZARBEARBEHMMCTKCIAiCIIg5hgQZQRAEQRDEHEOCjCAIgiAIYo4hQUYQBEEQBDHHkCAjCIIgCIKYY/4/HZVls3l2q+4AAAAASUVORK5CYII=</file>
    </questiontext>
    <generalfeedback format="html">
      <text></text>
    </generalfeedback>
    <defaultgrade>2.0000000</defaultgrade>
    <penalty>0.5000000</penalty>
    <hidden>0</hidden>
    <idnumber></idnumber>
    <single>true</single>
    <shuffleanswers>true</shuffleanswers>
    <answernumbering>abc</answernumbering>
    <showstandardinstruction>1</showstandardinstruction>
    <correctfeedback format="html">
      <text>Vaše odpověď je správná.</text>
    </correctfeedback>
    <partiallycorrectfeedback format="html">
      <text>Vaše odpověď je částečně správná.</text>
    </partiallycorrectfeedback>
    <incorrectfeedback format="html">
      <text>Vaše odpověď je chybná.</text>
    </incorrectfeedback>
    <shownumcorrect/>
    <answer fraction="100" format="html">
      <text><![CDATA[<p>V poli $_POST<br></p>]]></text>
      <feedback format="html">
        <text></text>
      </feedback>
    </answer>
    <answer fraction="0" format="html">
      <text><![CDATA[<p>V poli $_GET<br></p>]]></text>
      <feedback format="html">
        <text></text>
      </feedback>
    </answer>
    <answer fraction="0" format="html">
      <text><![CDATA[<p>V proměnné $number<br></p>]]></text>
      <feedback format="html">
        <text></text>
      </feedback>
    </answer>
    <answer fraction="0" format="html">
      <text><![CDATA[<p>V proměnných $sloupce a $radky<br></p>]]></text>
      <feedback format="html">
        <text></text>
      </feedback>
    </answer>
    <tags>
      <tag><text>php</text>
</tag>
      <tag><text>formulář</text>
</tag>
      <tag><text>post</text>
</tag>
      <tag><text>proměnná</text>
</tag>
    </tags>
  </question>

<!-- question: 8615  -->
  <question type="truefalse">
    <name>
      <text>Množství zaslaných dat</text>
    </name>
    <questiontext format="html">
      <text><![CDATA[<p dir="ltr" style="text-align: left;">V PHP kódu (souboru) musíme předem vědět, kolik dat nám přijde formulářem (kolik má formulář vstupních oken), abychom je mohli všechna zobrazit/zpracovat.</p><p dir="ltr" style="text-align: left;"> <br></p>]]></text>
    </questiontext>
    <generalfeedback format="html">
      <text></text>
    </generalfeedback>
    <defaultgrade>1.0000000</defaultgrade>
    <penalty>1.0000000</penalty>
    <hidden>0</hidden>
    <idnumber></idnumber>
    <answer fraction="0" format="moodle_auto_format">
      <text>true</text>
      <feedback format="html">
        <text></text>
      </feedback>
    </answer>
    <answer fraction="100" format="moodle_auto_format">
      <text>false</text>
      <feedback format="html">
        <text></text>
      </feedback>
    </answer>
    <tags>
      <tag><text>php</text>
</tag>
      <tag><text>formulář</text>
</tag>
    </tags>
  </question>

<!-- question: 8606  -->
  <question type="truefalse">
    <name>
      <text>Přečtení poslaných dat</text>
    </name>
    <questiontext format="html">
      <text><![CDATA[<p dir="ltr" style="text-align: left;">Data poslaná formulářem můžeme přečíst jako jeden (dlouhý) string.<br></p>]]></text>
    </questiontext>
    <generalfeedback format="html">
      <text></text>
    </generalfeedback>
    <defaultgrade>1.0000000</defaultgrade>
    <penalty>1.0000000</penalty>
    <hidden>0</hidden>
    <idnumber></idnumber>
    <answer fraction="0" format="moodle_auto_format">
      <text>true</text>
      <feedback format="html">
        <text></text>
      </feedback>
    </answer>
    <answer fraction="100" format="moodle_auto_format">
      <text>false</text>
      <feedback format="html">
        <text></text>
      </feedback>
    </answer>
    <tags>
      <tag><text>php</text>
</tag>
      <tag><text>formulář</text>
</tag>
    </tags>
  </question>

<!-- question: 7732  -->
  <question type="truefalse">
    <name>
      <text>Přenos dat</text>
    </name>
    <questiontext format="html">
      <text><![CDATA[<p>Data mohu mezi jednotlivými stránkami (soubory) přenášet např. pomocí metody POST. <br></p>]]></text>
    </questiontext>
    <generalfeedback format="html">
      <text></text>
    </generalfeedback>
    <defaultgrade>1.0000000</defaultgrade>
    <penalty>1.0000000</penalty>
    <hidden>0</hidden>
    <idnumber></idnumber>
    <answer fraction="100" format="moodle_auto_format">
      <text>true</text>
      <feedback format="html">
        <text></text>
      </feedback>
    </answer>
    <answer fraction="0" format="moodle_auto_format">
      <text>false</text>
      <feedback format="html">
        <text></text>
      </feedback>
    </answer>
    <tags>
      <tag><text>php</text>
</tag>
      <tag><text>post</text>
</tag>
    </tags>
  </question>

<!-- question: 8609  -->
  <question type="truefalse">
    <name>
      <text>Šifrování - get</text>
    </name>
    <questiontext format="html">
      <text><![CDATA[<p dir="ltr" style="text-align: left;">Data přenášená pomocí metody GET jsou automaticky šifrována. <br></p>]]></text>
    </questiontext>
    <generalfeedback format="html">
      <text></text>
    </generalfeedback>
    <defaultgrade>1.0000000</defaultgrade>
    <penalty>1.0000000</penalty>
    <hidden>0</hidden>
    <idnumber></idnumber>
    <answer fraction="0" format="moodle_auto_format">
      <text>true</text>
      <feedback format="html">
        <text></text>
      </feedback>
    </answer>
    <answer fraction="100" format="moodle_auto_format">
      <text>false</text>
      <feedback format="html">
        <text></text>
      </feedback>
    </answer>
    <tags>
      <tag><text>php</text>
</tag>
      <tag><text>formulář</text>
</tag>
      <tag><text>get</text>
</tag>
    </tags>
  </question>

<!-- question: 8610  -->
  <question type="truefalse">
    <name>
      <text>Šifrování - post</text>
    </name>
    <questiontext format="html">
      <text><![CDATA[<p dir="ltr" style="text-align: left;">Data přenášená pomocí metody POST jsou automaticky šifrována. <br></p>]]></text>
    </questiontext>
    <generalfeedback format="html">
      <text></text>
    </generalfeedback>
    <defaultgrade>1.0000000</defaultgrade>
    <penalty>1.0000000</penalty>
    <hidden>0</hidden>
    <idnumber></idnumber>
    <answer fraction="0" format="moodle_auto_format">
      <text>true</text>
      <feedback format="html">
        <text></text>
      </feedback>
    </answer>
    <answer fraction="100" format="moodle_auto_format">
      <text>false</text>
      <feedback format="html">
        <text></text>
      </feedback>
    </answer>
    <tags>
      <tag><text>php</text>
</tag>
      <tag><text>formulář</text>
</tag>
      <tag><text>post</text>
</tag>
    </tags>
  </question>

<!-- question: 7736  -->
  <question type="truefalse">
    <name>
      <text>Způsob přenosu dat GET</text>
    </name>
    <questiontext format="html">
      <text><![CDATA[<p>Při přenosu dat pomocí metody GET jsou data poslána v URL - a tedy snadno viditelná.<br></p>]]></text>
    </questiontext>
    <generalfeedback format="html">
      <text></text>
    </generalfeedback>
    <defaultgrade>1.0000000</defaultgrade>
    <penalty>1.0000000</penalty>
    <hidden>0</hidden>
    <idnumber></idnumber>
    <answer fraction="100" format="moodle_auto_format">
      <text>true</text>
      <feedback format="html">
        <text></text>
      </feedback>
    </answer>
    <answer fraction="0" format="moodle_auto_format">
      <text>false</text>
      <feedback format="html">
        <text></text>
      </feedback>
    </answer>
    <tags>
      <tag><text>php</text>
</tag>
      <tag><text>formulář</text>
</tag>
      <tag><text>get</text>
</tag>
    </tags>
  </question>

<!-- question: 7737  -->
  <question type="truefalse">
    <name>
      <text>Způsob přenosu dat POST</text>
    </name>
    <questiontext format="html">
      <text><![CDATA[<p>Při přenosu dat pomocí metody POST jsou data poslána v URL - a tedy snadno viditelná.<br></p>]]></text>
    </questiontext>
    <generalfeedback format="html">
      <text></text>
    </generalfeedback>
    <defaultgrade>1.0000000</defaultgrade>
    <penalty>1.0000000</penalty>
    <hidden>0</hidden>
    <idnumber></idnumber>
    <answer fraction="0" format="moodle_auto_format">
      <text>true</text>
      <feedback format="html">
        <text></text>
      </feedback>
    </answer>
    <answer fraction="100" format="moodle_auto_format">
      <text>false</text>
      <feedback format="html">
        <text></text>
      </feedback>
    </answer>
    <tags>
      <tag><text>php</text>
</tag>
      <tag><text>formulář</text>
</tag>
      <tag><text>post</text>
</tag>
    </tags>
  </question>

<!-- question: 0  -->
  <question type="category">
    <category>
      <text>$course$/top/JaroslavHoleček/Web/PHP/Pole - indexované, asociativní + foreach</text>
    </category>
    <info format="html">
      <text></text>
    </info>
    <idnumber></idnumber>
  </question>

<!-- question: 8600  -->
  <question type="gapselect">
    <name>
      <text>Délka pole - funkce</text>
    </name>
    <questiontext format="html">
      <text><![CDATA[<p dir="ltr" style="text-align: left;">Vyberte funkci, kterou zjistíme délku pole pomocí příkazu:</p><p dir="ltr" style="text-align: left;">[[1]](pole)<br></p>]]></text>
    </questiontext>
    <generalfeedback format="html">
      <text></text>
    </generalfeedback>
    <defaultgrade>2.0000000</defaultgrade>
    <penalty>0.5000000</penalty>
    <hidden>0</hidden>
    <idnumber></idnumber>
    <shuffleanswers>0</shuffleanswers>
    <correctfeedback format="html">
      <text>Vaše odpověď je správná.</text>
    </correctfeedback>
    <partiallycorrectfeedback format="html">
      <text>Vaše odpověď je částečně správná.</text>
    </partiallycorrectfeedback>
    <incorrectfeedback format="html">
      <text>Vaše odpověď je chybná.</text>
    </incorrectfeedback>
    <shownumcorrect/>
    <selectoption>
      <text>count</text>
      <group>1</group>
    </selectoption>
    <selectoption>
      <text>len</text>
      <group>1</group>
    </selectoption>
    <selectoption>
      <text>number</text>
      <group>1</group>
    </selectoption>
    <selectoption>
      <text>elements</text>
      <group>1</group>
    </selectoption>
    <tags>
      <tag><text>php</text>
</tag>
      <tag><text>pole</text>
</tag>
    </tags>
  </question>

<!-- question: 7738  -->
  <question type="matching">
    <name>
      <text>Který for k jakému poli</text>
    </name>
    <questiontext format="html">
      <text><![CDATA[<p>Přiřaď k typu pole typ for cyklu, kterým ho celé projedeme.<br></p>]]></text>
    </questiontext>
    <generalfeedback format="html">
      <text></text>
    </generalfeedback>
    <defaultgrade>2.0000000</defaultgrade>
    <penalty>0.5000000</penalty>
    <hidden>0</hidden>
    <idnumber></idnumber>
    <shuffleanswers>true</shuffleanswers>
    <correctfeedback format="html">
      <text>Vaše odpověď je správná.</text>
    </correctfeedback>
    <partiallycorrectfeedback format="html">
      <text>Vaše odpověď je částečně správná.</text>
    </partiallycorrectfeedback>
    <incorrectfeedback format="html">
      <text>Vaše odpověď je chybná.</text>
    </incorrectfeedback>
    <shownumcorrect/>
    <subquestion format="html">
      <text><![CDATA[<p>Indexované<br></p>]]></text>
      <answer>
        <text>for</text>
      </answer>
    </subquestion>
    <subquestion format="html">
      <text><![CDATA[<p>Asociativní<br></p>]]></text>
      <answer>
        <text>foreach</text>
      </answer>
    </subquestion>
    <subquestion format="html">
      <text></text>
      <answer>
        <text>forever</text>
      </answer>
    </subquestion>
    <subquestion format="html">
      <text></text>
      <answer>
        <text>fortnite</text>
      </answer>
    </subquestion>
    <tags>
      <tag><text>php</text>
</tag>
      <tag><text>pole</text>
</tag>
      <tag><text>for</text>
</tag>
      <tag><text>foreach</text>
</tag>
    </tags>
  </question>

<!-- question: 7739  -->
  <question type="multichoice">
    <name>
      <text>Informace v asociativním poli</text>
    </name>
    <questiontext format="html">
      <text><![CDATA[<p>V každém prvku asociativního pole je uloženo:<br></p>]]></text>
    </questiontext>
    <generalfeedback format="html">
      <text></text>
    </generalfeedback>
    <defaultgrade>2.0000000</defaultgrade>
    <penalty>0.5000000</penalty>
    <hidden>0</hidden>
    <idnumber></idnumber>
    <single>true</single>
    <shuffleanswers>true</shuffleanswers>
    <answernumbering>abc</answernumbering>
    <showstandardinstruction>1</showstandardinstruction>
    <correctfeedback format="html">
      <text>Vaše odpověď je správná.</text>
    </correctfeedback>
    <partiallycorrectfeedback format="html">
      <text>Vaše odpověď je částečně správná.</text>
    </partiallycorrectfeedback>
    <incorrectfeedback format="html">
      <text>Vaše odpověď je chybná.</text>
    </incorrectfeedback>
    <shownumcorrect/>
    <answer fraction="100" format="html">
      <text><![CDATA[<p>Dvě části - key a value (klíč a hodnota)<br></p>]]></text>
      <feedback format="html">
        <text></text>
      </feedback>
    </answer>
    <answer fraction="0" format="html">
      <text><![CDATA[<p>Jedna hodnota<br></p>]]></text>
      <feedback format="html">
        <text></text>
      </feedback>
    </answer>
    <answer fraction="0" format="html">
      <text><![CDATA[<p>Tři části - index, key a value (index, klíč a hodnota)<br></p>]]></text>
      <feedback format="html">
        <text></text>
      </feedback>
    </answer>
    <answer fraction="0" format="html">
      <text><![CDATA[<p>Asociativní pole není složeno z prvků<br></p>]]></text>
      <feedback format="html">
        <text></text>
      </feedback>
    </answer>
    <tags>
      <tag><text>php</text>
</tag>
      <tag><text>pole</text>
</tag>
      <tag><text>asociativní</text>
</tag>
    </tags>
  </question>

<!-- question: 8602  -->
  <question type="multichoice">
    <name>
      <text>Název pole v PHP</text>
    </name>
    <questiontext format="html">
      <text><![CDATA[<p dir="ltr" style="text-align: left;">Jak se nazývá pole v PHP?<br></p>]]></text>
    </questiontext>
    <generalfeedback format="html">
      <text></text>
    </generalfeedback>
    <defaultgrade>2.0000000</defaultgrade>
    <penalty>0.5000000</penalty>
    <hidden>0</hidden>
    <idnumber></idnumber>
    <single>true</single>
    <shuffleanswers>true</shuffleanswers>
    <answernumbering>abc</answernumbering>
    <showstandardinstruction>0</showstandardinstruction>
    <correctfeedback format="html">
      <text>Vaše odpověď je správná.</text>
    </correctfeedback>
    <partiallycorrectfeedback format="html">
      <text>Vaše odpověď je částečně správná.</text>
    </partiallycorrectfeedback>
    <incorrectfeedback format="html">
      <text>Vaše odpověď je chybná.</text>
    </incorrectfeedback>
    <shownumcorrect/>
    <answer fraction="100" format="html">
      <text><![CDATA[<p dir="ltr" style="text-align: left;">array<br></p>]]></text>
      <feedback format="html">
        <text></text>
      </feedback>
    </answer>
    <answer fraction="0" format="html">
      <text><![CDATA[<p dir="ltr" style="text-align: left;">list<br></p>]]></text>
      <feedback format="html">
        <text></text>
      </feedback>
    </answer>
    <answer fraction="0" format="html">
      <text><![CDATA[<p dir="ltr" style="text-align: left;">elements<br></p>]]></text>
      <feedback format="html">
        <text></text>
      </feedback>
    </answer>
    <answer fraction="0" format="html">
      <text><![CDATA[<p dir="ltr" style="text-align: left;">boxes<br></p>]]></text>
      <feedback format="html">
        <text></text>
      </feedback>
    </answer>
    <tags>
      <tag><text>php</text>
</tag>
      <tag><text>pole</text>
</tag>
    </tags>
  </question>

<!-- question: 8157  -->
  <question type="multichoice">
    <name>
      <text>Princip foreach</text>
    </name>
    <questiontext format="html">
      <text><![CDATA[<p dir="ltr" style="text-align: left;">Foreach cyklus pracuje:<br></p>]]></text>
    </questiontext>
    <generalfeedback format="html">
      <text></text>
    </generalfeedback>
    <defaultgrade>3.0000000</defaultgrade>
    <penalty>0.5000000</penalty>
    <hidden>0</hidden>
    <idnumber></idnumber>
    <single>true</single>
    <shuffleanswers>true</shuffleanswers>
    <answernumbering>abc</answernumbering>
    <showstandardinstruction>0</showstandardinstruction>
    <correctfeedback format="html">
      <text>Vaše odpověď je správná.</text>
    </correctfeedback>
    <partiallycorrectfeedback format="html">
      <text>Vaše odpověď je částečně správná.</text>
    </partiallycorrectfeedback>
    <incorrectfeedback format="html">
      <text>Vaše odpověď je chybná.</text>
    </incorrectfeedback>
    <shownumcorrect/>
    <answer fraction="100" format="html">
      <text><![CDATA[<p dir="ltr" style="text-align: left;">Prochází postupně všechny prvky pole.<br></p>]]></text>
      <feedback format="html">
        <text></text>
      </feedback>
    </answer>
    <answer fraction="0" format="html">
      <text><![CDATA[<p dir="ltr" style="text-align: left;">Provádí příkazy ve svém těle, dokud NENÍ při kontrole splěna podmínka (vrací true)<br></p>]]></text>
      <feedback format="html">
        <text></text>
      </feedback>
    </answer>
    <answer fraction="0" format="html">
      <text><![CDATA[<p dir="ltr" style="text-align: left;">Provádí příkazy ve svém těle, dokud JE při kontrole podmínka splněna (vrací false)<br></p>]]></text>
      <feedback format="html">
        <text></text>
      </feedback>
    </answer>
    <answer fraction="0" format="html">
      <text><![CDATA[<p dir="ltr" style="text-align: left;">Provádí příkazy ve svém těle, dokud NENÍ při kontrole podmínka splněna (vrací false)<br></p>]]></text>
      <feedback format="html">
        <text></text>
      </feedback>
    </answer>
    <answer fraction="0" format="html">
      <text><![CDATA[<p dir="ltr" style="text-align: left;">Provádí příkazy ve svém těle, dokud JE při kontrole podmínka splněna (vrací true)<br></p>]]></text>
      <feedback format="html">
        <text></text>
      </feedback>
    </answer>
    <tags>
      <tag><text>php</text>
</tag>
      <tag><text>foreach</text>
</tag>
      <tag><text>cyklus</text>
</tag>
    </tags>
  </question>

<!-- question: 7740  -->
  <question type="multichoice">
    <name>
      <text>Typy polí v PHP</text>
    </name>
    <questiontext format="html">
      <text><![CDATA[<p>V PHP jsou typy polí:<br></p>]]></text>
    </questiontext>
    <generalfeedback format="html">
      <text></text>
    </generalfeedback>
    <defaultgrade>2.0000000</defaultgrade>
    <penalty>0.3333333</penalty>
    <hidden>0</hidden>
    <idnumber></idnumber>
    <single>false</single>
    <shuffleanswers>true</shuffleanswers>
    <answernumbering>abc</answernumbering>
    <showstandardinstruction>1</showstandardinstruction>
    <correctfeedback format="html">
      <text>Vaše odpověď je správná.</text>
    </correctfeedback>
    <partiallycorrectfeedback format="html">
      <text>Vaše odpověď je částečně správná.</text>
    </partiallycorrectfeedback>
    <incorrectfeedback format="html">
      <text>Vaše odpověď je chybná.</text>
    </incorrectfeedback>
    <shownumcorrect/>
    <answer fraction="50" format="html">
      <text><![CDATA[<p>Indexované<br></p>]]></text>
      <feedback format="html">
        <text></text>
      </feedback>
    </answer>
    <answer fraction="50" format="html">
      <text><![CDATA[<p>Asociativní<br></p>]]></text>
      <feedback format="html">
        <text></text>
      </feedback>
    </answer>
    <answer fraction="0" format="html">
      <text><![CDATA[<p>Enumerativní<br></p>]]></text>
      <feedback format="html">
        <text></text>
      </feedback>
    </answer>
    <answer fraction="0" format="html">
      <text><![CDATA[<p>Iterativní<br></p>]]></text>
      <feedback format="html">
        <text></text>
      </feedback>
    </answer>
    <answer fraction="0" format="html">
      <text><![CDATA[<p>Selektované<br></p>]]></text>
      <feedback format="html">
        <text></text>
      </feedback>
    </answer>
    <tags>
      <tag><text>php</text>
</tag>
      <tag><text>pole</text>
</tag>
      <tag><text>asociativní</text>
</tag>
      <tag><text>indexované</text>
</tag>
    </tags>
  </question>

<!-- question: 7741  -->
  <question type="shortanswer">
    <name>
      <text>Indexované pole - první index</text>
    </name>
    <questiontext format="html">
      <text><![CDATA[<p>Index prvního prvku v poli je:<br></p>]]></text>
    </questiontext>
    <generalfeedback format="html">
      <text></text>
    </generalfeedback>
    <defaultgrade>2.0000000</defaultgrade>
    <penalty>0.3333333</penalty>
    <hidden>0</hidden>
    <idnumber></idnumber>
    <usecase>0</usecase>
    <answer fraction="100" format="moodle_auto_format">
      <text>0</text>
      <feedback format="html">
        <text></text>
      </feedback>
    </answer>
    <answer fraction="100" format="moodle_auto_format">
      <text>nula</text>
      <feedback format="html">
        <text></text>
      </feedback>
    </answer>
    <answer fraction="100" format="moodle_auto_format">
      <text>zero</text>
      <feedback format="html">
        <text></text>
      </feedback>
    </answer>
    <tags>
      <tag><text>php</text>
</tag>
      <tag><text>pole</text>
</tag>
      <tag><text>indexované</text>
</tag>
    </tags>
  </question>

<!-- question: 8604  -->
  <question type="shortanswer">
    <name>
      <text>Přiřazení v asociativním poli</text>
    </name>
    <questiontext format="html">
      <text><![CDATA[<p dir="ltr" style="text-align: left;">Pro přiřazení dvou hodnot v asociativním poli (např. při jeho vytváření) používáme operátor:</p><p dir="ltr" style="text-align: left;">Pozn.: Zapište pouze operátor, nic jiného.<br></p>]]></text>
    </questiontext>
    <generalfeedback format="html">
      <text></text>
    </generalfeedback>
    <defaultgrade>2.0000000</defaultgrade>
    <penalty>0.3333333</penalty>
    <hidden>0</hidden>
    <idnumber></idnumber>
    <usecase>0</usecase>
    <answer fraction="100" format="moodle_auto_format">
      <text><![CDATA[=>]]></text>
      <feedback format="html">
        <text></text>
      </feedback>
    </answer>
    <answer fraction="100" format="moodle_auto_format">
      <text><![CDATA[=>]]></text>
      <feedback format="html">
        <text></text>
      </feedback>
    </answer>
    <answer fraction="100" format="moodle_auto_format">
      <text><![CDATA[=>]]></text>
      <feedback format="html">
        <text></text>
      </feedback>
    </answer>
    <answer fraction="100" format="moodle_auto_format">
      <text><![CDATA[=>]]></text>
      <feedback format="html">
        <text></text>
      </feedback>
    </answer>
    <tags>
      <tag><text>php</text>
</tag>
      <tag><text>pole</text>
</tag>
      <tag><text>asociativní</text>
</tag>
    </tags>
  </question>

<!-- question: 7742  -->
  <question type="truefalse">
    <name>
      <text>Asociativní pole je očíslované</text>
    </name>
    <questiontext format="html">
      <text><![CDATA[<p>V asociativním poli má každý prvek své jedinečné číslo.<br></p>]]></text>
    </questiontext>
    <generalfeedback format="html">
      <text></text>
    </generalfeedback>
    <defaultgrade>1.0000000</defaultgrade>
    <penalty>1.0000000</penalty>
    <hidden>0</hidden>
    <idnumber></idnumber>
    <answer fraction="0" format="moodle_auto_format">
      <text>true</text>
      <feedback format="html">
        <text></text>
      </feedback>
    </answer>
    <answer fraction="100" format="moodle_auto_format">
      <text>false</text>
      <feedback format="html">
        <text></text>
      </feedback>
    </answer>
    <tags>
      <tag><text>php</text>
</tag>
      <tag><text>pole</text>
</tag>
      <tag><text>asociativní</text>
</tag>
    </tags>
  </question>

<!-- question: 8601  -->
  <question type="truefalse">
    <name>
      <text>Délka pole - význam</text>
    </name>
    <questiontext format="html">
      <text><![CDATA[<p dir="ltr" style="text-align: left;">Délkou pole rozumíme počet prvků uložených v poli.<br></p>]]></text>
    </questiontext>
    <generalfeedback format="html">
      <text></text>
    </generalfeedback>
    <defaultgrade>1.0000000</defaultgrade>
    <penalty>1.0000000</penalty>
    <hidden>0</hidden>
    <idnumber></idnumber>
    <answer fraction="100" format="moodle_auto_format">
      <text>true</text>
      <feedback format="html">
        <text></text>
      </feedback>
    </answer>
    <answer fraction="0" format="moodle_auto_format">
      <text>false</text>
      <feedback format="html">
        <text></text>
      </feedback>
    </answer>
    <tags>
      <tag><text>php</text>
</tag>
      <tag><text>pole</text>
</tag>
    </tags>
  </question>

<!-- question: 7743  -->
  <question type="truefalse">
    <name>
      <text>Indexované pole je očíslované</text>
    </name>
    <questiontext format="html">
      <text><![CDATA[<p>U indexovaného pole má každý prvek automaticky přiřazen jedinečné číslo.<br></p>]]></text>
    </questiontext>
    <generalfeedback format="html">
      <text></text>
    </generalfeedback>
    <defaultgrade>1.0000000</defaultgrade>
    <penalty>1.0000000</penalty>
    <hidden>0</hidden>
    <idnumber></idnumber>
    <answer fraction="100" format="moodle_auto_format">
      <text>true</text>
      <feedback format="html">
        <text></text>
      </feedback>
    </answer>
    <answer fraction="0" format="moodle_auto_format">
      <text>false</text>
      <feedback format="html">
        <text></text>
      </feedback>
    </answer>
    <tags>
      <tag><text>php</text>
</tag>
      <tag><text>pole</text>
</tag>
      <tag><text>indexované</text>
</tag>
    </tags>
  </question>

<!-- question: 8605  -->
  <question type="truefalse">
    <name>
      <text>Pole v poli</text>
    </name>
    <questiontext format="html">
      <text><![CDATA[<p dir="ltr" style="text-align: left;">Prvkem pole může být i jiné pole.<br></p>]]></text>
    </questiontext>
    <generalfeedback format="html">
      <text></text>
    </generalfeedback>
    <defaultgrade>1.0000000</defaultgrade>
    <penalty>1.0000000</penalty>
    <hidden>0</hidden>
    <idnumber></idnumber>
    <answer fraction="100" format="moodle_auto_format">
      <text>true</text>
      <feedback format="html">
        <text></text>
      </feedback>
    </answer>
    <answer fraction="0" format="moodle_auto_format">
      <text>false</text>
      <feedback format="html">
        <text></text>
      </feedback>
    </answer>
    <tags>
      <tag><text>php</text>
</tag>
      <tag><text>pole</text>
</tag>
    </tags>
  </question>

<!-- question: 8163  -->
  <question type="truefalse">
    <name>
      <text>Stejné foreach a for?</text>
    </name>
    <questiontext format="html">
      <text><![CDATA[<p dir="ltr" style="text-align: left;">V PHP je foreach a for v podstatě to samé, jen mají trochu jiný syntax (způsob jak je zapisujeme).<br></p>]]></text>
    </questiontext>
    <generalfeedback format="html">
      <text></text>
    </generalfeedback>
    <defaultgrade>1.0000000</defaultgrade>
    <penalty>1.0000000</penalty>
    <hidden>0</hidden>
    <idnumber></idnumber>
    <answer fraction="0" format="moodle_auto_format">
      <text>true</text>
      <feedback format="html">
        <text></text>
      </feedback>
    </answer>
    <answer fraction="100" format="moodle_auto_format">
      <text>false</text>
      <feedback format="html">
        <text></text>
      </feedback>
    </answer>
    <tags>
      <tag><text>php</text>
</tag>
      <tag><text>for</text>
</tag>
      <tag><text>foreach</text>
</tag>
      <tag><text>cyklus</text>
</tag>
    </tags>
  </question>

<!-- question: 8603  -->
  <question type="truefalse">
    <name>
      <text>Typy prvků v indexovaném poli</text>
    </name>
    <questiontext format="html">
      <text><![CDATA[<p dir="ltr" style="text-align: left;">V indexovaném poli v PHP musí být všechny prvky stejného datového tylu.<br></p>]]></text>
    </questiontext>
    <generalfeedback format="html">
      <text></text>
    </generalfeedback>
    <defaultgrade>1.0000000</defaultgrade>
    <penalty>1.0000000</penalty>
    <hidden>0</hidden>
    <idnumber></idnumber>
    <answer fraction="0" format="moodle_auto_format">
      <text>true</text>
      <feedback format="html">
        <text></text>
      </feedback>
    </answer>
    <answer fraction="100" format="moodle_auto_format">
      <text>false</text>
      <feedback format="html">
        <text></text>
      </feedback>
    </answer>
    <tags>
      <tag><text>php</text>
</tag>
      <tag><text>pole</text>
</tag>
      <tag><text>indexované</text>
</tag>
    </tags>
  </question>

<!-- question: 8166  -->
  <question type="truefalse">
    <name>
      <text>Vypsání celého pole</text>
    </name>
    <questiontext format="html">
      <text><![CDATA[<p dir="ltr" style="text-align: left;">Pro vypsání celého pole prvek po prvku je vhodnější (kratší kód) for cyklus oproti foreach cyklu.<br></p>]]></text>
    </questiontext>
    <generalfeedback format="html">
      <text></text>
    </generalfeedback>
    <defaultgrade>1.0000000</defaultgrade>
    <penalty>1.0000000</penalty>
    <hidden>0</hidden>
    <idnumber></idnumber>
    <answer fraction="0" format="moodle_auto_format">
      <text>true</text>
      <feedback format="html">
        <text></text>
      </feedback>
    </answer>
    <answer fraction="100" format="moodle_auto_format">
      <text>false</text>
      <feedback format="html">
        <text></text>
      </feedback>
    </answer>
    <tags>
      <tag><text>php</text>
</tag>
      <tag><text>foreach</text>
</tag>
      <tag><text>cyklus</text>
</tag>
    </tags>
  </question>

<!-- question: 0  -->
  <question type="category">
    <category>
      <text>$course$/top/JaroslavHoleček/Web/PHP/Session, cookie, include, require</text>
    </category>
    <info format="html">
      <text></text>
    </info>
    <idnumber></idnumber>
  </question>

<!-- question: 8631  -->
  <question type="gapselect">
    <name>
      <text>Přístup k datům v cookie</text>
    </name>
    <questiontext format="html">
      <text><![CDATA[<p>Při použití cookie přistupujeme pomocí php k datům tak, jako by byla uložena v<br>[[1]] [[2]] [[3]] .<br></p>]]></text>
    </questiontext>
    <generalfeedback format="html">
      <text></text>
    </generalfeedback>
    <defaultgrade>3.0000000</defaultgrade>
    <penalty>0.2500000</penalty>
    <hidden>0</hidden>
    <idnumber></idnumber>
    <shuffleanswers>0</shuffleanswers>
    <correctfeedback format="html">
      <text>Vaše odpověď je správná.</text>
    </correctfeedback>
    <partiallycorrectfeedback format="html">
      <text>Vaše odpověď je částečně správná.</text>
    </partiallycorrectfeedback>
    <incorrectfeedback format="html">
      <text>Vaše odpověď je chybná.</text>
    </incorrectfeedback>
    <shownumcorrect/>
    <selectoption>
      <text>asociativním</text>
      <group>1</group>
    </selectoption>
    <selectoption>
      <text>poli</text>
      <group>2</group>
    </selectoption>
    <selectoption>
      <text>$_COOKIE</text>
      <group>3</group>
    </selectoption>
    <selectoption>
      <text>indexovaném</text>
      <group>1</group>
    </selectoption>
    <selectoption>
      <text>neměnném</text>
      <group>1</group>
    </selectoption>
    <selectoption>
      <text>objektu</text>
      <group>2</group>
    </selectoption>
    <selectoption>
      <text>serveru</text>
      <group>2</group>
    </selectoption>
    <selectoption>
      <text>$_SESSION</text>
      <group>3</group>
    </selectoption>
    <selectoption>
      <text>$_SERVER</text>
      <group>3</group>
    </selectoption>
    <hint format="html">
      <text></text>
      <shownumcorrect/>
    </hint>
    <hint format="html">
      <text></text>
      <shownumcorrect/>
    </hint>
    <tags>
      <tag><text>php</text>
</tag>
      <tag><text>cookie</text>
</tag>
    </tags>
  </question>

<!-- question: 7744  -->
  <question type="gapselect">
    <name>
      <text>Přístup k datům v session</text>
    </name>
    <questiontext format="html">
      <text><![CDATA[<p>Při použití session přistupujeme pomocí php k datům tak, jako by byla uložena v<br>[[1]] [[2]] [[3]] .<br></p>]]></text>
    </questiontext>
    <generalfeedback format="html">
      <text></text>
    </generalfeedback>
    <defaultgrade>3.0000000</defaultgrade>
    <penalty>0.2500000</penalty>
    <hidden>0</hidden>
    <idnumber></idnumber>
    <shuffleanswers>0</shuffleanswers>
    <correctfeedback format="html">
      <text>Vaše odpověď je správná.</text>
    </correctfeedback>
    <partiallycorrectfeedback format="html">
      <text>Vaše odpověď je částečně správná.</text>
    </partiallycorrectfeedback>
    <incorrectfeedback format="html">
      <text>Vaše odpověď je chybná.</text>
    </incorrectfeedback>
    <shownumcorrect/>
    <selectoption>
      <text>asociativním</text>
      <group>1</group>
    </selectoption>
    <selectoption>
      <text>poli</text>
      <group>2</group>
    </selectoption>
    <selectoption>
      <text>$_SESSION</text>
      <group>3</group>
    </selectoption>
    <selectoption>
      <text>indexovaném</text>
      <group>1</group>
    </selectoption>
    <selectoption>
      <text>neměnném</text>
      <group>1</group>
    </selectoption>
    <selectoption>
      <text>objektu</text>
      <group>2</group>
    </selectoption>
    <selectoption>
      <text>serveru</text>
      <group>2</group>
    </selectoption>
    <selectoption>
      <text>$_COOKIE</text>
      <group>3</group>
    </selectoption>
    <selectoption>
      <text>$_SERVER</text>
      <group>3</group>
    </selectoption>
    <hint format="html">
      <text></text>
      <shownumcorrect/>
    </hint>
    <hint format="html">
      <text></text>
      <shownumcorrect/>
    </hint>
    <tags>
      <tag><text>php</text>
</tag>
      <tag><text>session</text>
</tag>
    </tags>
  </question>

<!-- question: 8635  -->
  <question type="matching">
    <name>
      <text>Include, required</text>
    </name>
    <questiontext format="html">
      <text><![CDATA[<p dir="ltr" style="text-align: left;">Přiřaďte k popisu klíčová slova.<br></p>]]></text>
    </questiontext>
    <generalfeedback format="html">
      <text></text>
    </generalfeedback>
    <defaultgrade>4.0000000</defaultgrade>
    <penalty>0.3333333</penalty>
    <hidden>0</hidden>
    <idnumber></idnumber>
    <shuffleanswers>true</shuffleanswers>
    <correctfeedback format="html">
      <text>Vaše odpověď je správná.</text>
    </correctfeedback>
    <partiallycorrectfeedback format="html">
      <text>Vaše odpověď je částečně správná.</text>
    </partiallycorrectfeedback>
    <incorrectfeedback format="html">
      <text>Vaše odpověď je chybná.</text>
    </incorrectfeedback>
    <shownumcorrect/>
    <subquestion format="html">
      <text><![CDATA[<p dir="ltr" style="text-align: left;">Vložení obsahu jednoho souboru do druhého. Vkládaný soubor nemusí existovat (pak se samozřejmě nevloží, ale zbytek stránky se zobrazí)<br></p>]]></text>
      <answer>
        <text>include</text>
      </answer>
    </subquestion>
    <subquestion format="html">
      <text><![CDATA[<p dir="ltr" style="text-align: left;">Vložení obsahu jednoho souboru do druhého. Vkládaný soubor musí 
existovat<br></p>]]></text>
      <answer>
        <text>require</text>
      </answer>
    </subquestion>
    <subquestion format="html">
      <text></text>
      <answer>
        <text>insert</text>
      </answer>
    </subquestion>
    <subquestion format="html">
      <text></text>
      <answer>
        <text>exist</text>
      </answer>
    </subquestion>
    <subquestion format="html">
      <text></text>
      <answer>
        <text>input</text>
      </answer>
    </subquestion>
    <subquestion format="html">
      <text></text>
      <answer>
        <text>set</text>
      </answer>
    </subquestion>
    <tags>
      <tag><text>php</text>
</tag>
      <tag><text>include</text>
</tag>
      <tag><text>require</text>
</tag>
    </tags>
  </question>

<!-- question: 8638  -->
  <question type="matching">
    <name>
      <text>Include, required - neexistující soubor</text>
    </name>
    <questiontext format="html">
      <text><![CDATA[<p dir="ltr" style="text-align: left;">Co se stane, pokud soubor, který chceme zpracovat pomocí include/require neexistuje?<br></p>]]></text>
    </questiontext>
    <generalfeedback format="html">
      <text></text>
    </generalfeedback>
    <defaultgrade>2.0000000</defaultgrade>
    <penalty>0.5000000</penalty>
    <hidden>0</hidden>
    <idnumber></idnumber>
    <shuffleanswers>true</shuffleanswers>
    <correctfeedback format="html">
      <text>Vaše odpověď je správná.</text>
    </correctfeedback>
    <partiallycorrectfeedback format="html">
      <text>Vaše odpověď je částečně správná.</text>
    </partiallycorrectfeedback>
    <incorrectfeedback format="html">
      <text>Vaše odpověď je chybná.</text>
    </incorrectfeedback>
    <shownumcorrect/>
    <subquestion format="html">
      <text><![CDATA[<p dir="ltr" style="text-align: left;">include<br></p>]]></text>
      <answer>
        <text>Stránka se načte, pouze s chybějícími vkládanými daty</text>
      </answer>
    </subquestion>
    <subquestion format="html">
      <text><![CDATA[<p dir="ltr" style="text-align: left;">require<br></p>]]></text>
      <answer>
        <text>Stránka se nenačte. Volání vrátí chybu.</text>
      </answer>
    </subquestion>
    <subquestion format="html">
      <text></text>
      <answer>
        <text>Stránka se načte, ale s varovným rámečkem</text>
      </answer>
    </subquestion>
    <subquestion format="html">
      <text></text>
      <answer>
        <text>Prohlížeč nás přesměruje na úvodní stránku webové prezentace</text>
      </answer>
    </subquestion>
    <subquestion format="html">
      <text></text>
      <answer>
        <text>Taková situace nemůže nastat.</text>
      </answer>
    </subquestion>
    <tags>
      <tag><text>php</text>
</tag>
      <tag><text>include</text>
</tag>
      <tag><text>require</text>
</tag>
    </tags>
  </question>

<!-- question: 8636  -->
  <question type="multichoice">
    <name>
      <text>Co dělá include?</text>
    </name>
    <questiontext format="html">
      <text><![CDATA[<p dir="ltr" style="text-align: left;">K čemu slouží include?<br></p>]]></text>
    </questiontext>
    <generalfeedback format="html">
      <text></text>
    </generalfeedback>
    <defaultgrade>2.0000000</defaultgrade>
    <penalty>0.3333333</penalty>
    <hidden>0</hidden>
    <idnumber></idnumber>
    <single>true</single>
    <shuffleanswers>true</shuffleanswers>
    <answernumbering>abc</answernumbering>
    <showstandardinstruction>0</showstandardinstruction>
    <correctfeedback format="html">
      <text>Vaše odpověď je správná.</text>
    </correctfeedback>
    <partiallycorrectfeedback format="html">
      <text>Vaše odpověď je částečně správná.</text>
    </partiallycorrectfeedback>
    <incorrectfeedback format="html">
      <text>Vaše odpověď je chybná.</text>
    </incorrectfeedback>
    <shownumcorrect/>
    <answer fraction="100" format="html">
      <text><![CDATA[<p dir="ltr" style="text-align: left;">Vložení obsahu jednoho souboru do druhého<br></p>]]></text>
      <feedback format="html">
        <text></text>
      </feedback>
    </answer>
    <answer fraction="0" format="html">
      <text><![CDATA[<p dir="ltr" style="text-align: left;">Vložení dat do pole (asociativního i indexovaného)<br></p>]]></text>
      <feedback format="html">
        <text></text>
      </feedback>
    </answer>
    <answer fraction="0" format="html">
      <text><![CDATA[<p dir="ltr" style="text-align: left;">Ověření existence souboru<br></p>]]></text>
      <feedback format="html">
        <text></text>
      </feedback>
    </answer>
    <answer fraction="0" format="html">
      <text><![CDATA[<p dir="ltr" style="text-align: left;">Vložení okna jiné stránky do naší stránky (např. youtube videa)<br></p>]]></text>
      <feedback format="html">
        <text></text>
      </feedback>
    </answer>
    <tags>
      <tag><text>php</text>
</tag>
      <tag><text>include</text>
</tag>
    </tags>
  </question>

<!-- question: 8637  -->
  <question type="multichoice">
    <name>
      <text>Co dělá require?</text>
    </name>
    <questiontext format="html">
      <text><![CDATA[<p dir="ltr" style="text-align: left;">K čemu slouží require?<br></p>]]></text>
    </questiontext>
    <generalfeedback format="html">
      <text></text>
    </generalfeedback>
    <defaultgrade>2.0000000</defaultgrade>
    <penalty>0.3333333</penalty>
    <hidden>0</hidden>
    <idnumber></idnumber>
    <single>true</single>
    <shuffleanswers>true</shuffleanswers>
    <answernumbering>abc</answernumbering>
    <showstandardinstruction>0</showstandardinstruction>
    <correctfeedback format="html">
      <text>Vaše odpověď je správná.</text>
    </correctfeedback>
    <partiallycorrectfeedback format="html">
      <text>Vaše odpověď je částečně správná.</text>
    </partiallycorrectfeedback>
    <incorrectfeedback format="html">
      <text>Vaše odpověď je chybná.</text>
    </incorrectfeedback>
    <shownumcorrect/>
    <answer fraction="100" format="html">
      <text><![CDATA[<p dir="ltr" style="text-align: left;">Vložení obsahu jednoho souboru do druhého<br></p>]]></text>
      <feedback format="html">
        <text></text>
      </feedback>
    </answer>
    <answer fraction="0" format="html">
      <text><![CDATA[<p dir="ltr" style="text-align: left;">Vložení dat do pole (asociativního i indexovaného)<br></p>]]></text>
      <feedback format="html">
        <text></text>
      </feedback>
    </answer>
    <answer fraction="0" format="html">
      <text><![CDATA[<p dir="ltr" style="text-align: left;">Ověření existence souboru<br></p>]]></text>
      <feedback format="html">
        <text></text>
      </feedback>
    </answer>
    <answer fraction="0" format="html">
      <text><![CDATA[<p dir="ltr" style="text-align: left;">Vložení okna jiné stránky do naší stránky (např. youtube videa)<br></p>]]></text>
      <feedback format="html">
        <text></text>
      </feedback>
    </answer>
    <tags>
      <tag><text>php</text>
</tag>
      <tag><text>require</text>
</tag>
    </tags>
  </question>

<!-- question: 7745  -->
  <question type="multichoice">
    <name>
      <text>Co spojuje session</text>
    </name>
    <questiontext format="html">
      <text><![CDATA[<p>Session (spojení) spojuje:<br></p>]]></text>
    </questiontext>
    <generalfeedback format="html">
      <text></text>
    </generalfeedback>
    <defaultgrade>2.0000000</defaultgrade>
    <penalty>0.5000000</penalty>
    <hidden>0</hidden>
    <idnumber></idnumber>
    <single>true</single>
    <shuffleanswers>true</shuffleanswers>
    <answernumbering>abc</answernumbering>
    <showstandardinstruction>1</showstandardinstruction>
    <correctfeedback format="html">
      <text>Vaše odpověď je správná.</text>
    </correctfeedback>
    <partiallycorrectfeedback format="html">
      <text>Vaše odpověď je částečně správná.</text>
    </partiallycorrectfeedback>
    <incorrectfeedback format="html">
      <text>Vaše odpověď je chybná.</text>
    </incorrectfeedback>
    <shownumcorrect/>
    <answer fraction="100" format="html">
      <text><![CDATA[<p>Server, který spouští php kód - Prohlížeč ve kterém si stránku prohlížíme<br></p>]]></text>
      <feedback format="html">
        <text></text>
      </feedback>
    </answer>
    <answer fraction="0" format="html">
      <text><![CDATA[<p>Server kde je stránka uložena - Server, který spouští php kód<br></p>]]></text>
      <feedback format="html">
        <text></text>
      </feedback>
    </answer>
    <answer fraction="0" format="html">
      <text><![CDATA[<p>Jednu stránku (soubor) - Jinou stránku (soubor)<br></p>]]></text>
      <feedback format="html">
        <text></text>
      </feedback>
    </answer>
    <tags>
      <tag><text>php</text>
</tag>
      <tag><text>session</text>
</tag>
    </tags>
  </question>

<!-- question: 8639  -->
  <question type="multichoice">
    <name>
      <text>Doba platnosti cookie</text>
    </name>
    <questiontext format="html">
      <text><![CDATA[<p dir="ltr" style="text-align: left;">Jak dlouho můžeme využívat uložené cookie?</p><p dir="ltr" style="text-align: left;">Pozn.: Samozřejmě mimo situaci, kdy je úmyslně smažeme.<br></p>]]></text>
    </questiontext>
    <generalfeedback format="html">
      <text></text>
    </generalfeedback>
    <defaultgrade>2.0000000</defaultgrade>
    <penalty>0.5000000</penalty>
    <hidden>0</hidden>
    <idnumber></idnumber>
    <single>true</single>
    <shuffleanswers>true</shuffleanswers>
    <answernumbering>abc</answernumbering>
    <showstandardinstruction>0</showstandardinstruction>
    <correctfeedback format="html">
      <text>Vaše odpověď je správná.</text>
    </correctfeedback>
    <partiallycorrectfeedback format="html">
      <text>Vaše odpověď je částečně správná.</text>
    </partiallycorrectfeedback>
    <incorrectfeedback format="html">
      <text>Vaše odpověď je chybná.</text>
    </incorrectfeedback>
    <shownumcorrect/>
    <answer fraction="100" format="html">
      <text><![CDATA[<p dir="ltr" style="text-align: left;">Doba expirace (vypršení platnosti) se zadává při vytváření cookie<br></p>]]></text>
      <feedback format="html">
        <text></text>
      </feedback>
    </answer>
    <answer fraction="0" format="html">
      <text><![CDATA[<p dir="ltr" style="text-align: left;">1 hodinu<br></p>]]></text>
      <feedback format="html">
        <text></text>
      </feedback>
    </answer>
    <answer fraction="0" format="html">
      <text><![CDATA[<p dir="ltr" style="text-align: left;">Do zavření prohlížeče<br></p>]]></text>
      <feedback format="html">
        <text></text>
      </feedback>
    </answer>
    <answer fraction="0" format="html">
      <text><![CDATA[<p dir="ltr" style="text-align: left;">Do vypnutí počítače<br></p>]]></text>
      <feedback format="html">
        <text></text>
      </feedback>
    </answer>
    <answer fraction="0" format="html">
      <text><![CDATA[<p dir="ltr" style="text-align: left;">Do opuštění stránky / webu<br></p>]]></text>
      <feedback format="html">
        <text></text>
      </feedback>
    </answer>
    <tags>
      <tag><text>php</text>
</tag>
      <tag><text>cookie</text>
</tag>
    </tags>
  </question>

<!-- question: 8640  -->
  <question type="multichoice">
    <name>
      <text>Doba platnosti session</text>
    </name>
    <questiontext format="html">
      <text><![CDATA[<p dir="ltr" style="text-align: left;">Jak dlouho můžeme využívat uložené session?</p><p dir="ltr" style="text-align: left;">Pozn.: Samozřejmě mimo situaci, kdy je úmyslně smažeme.<br></p>]]></text>
    </questiontext>
    <generalfeedback format="html">
      <text></text>
    </generalfeedback>
    <defaultgrade>2.0000000</defaultgrade>
    <penalty>0.5000000</penalty>
    <hidden>0</hidden>
    <idnumber></idnumber>
    <single>true</single>
    <shuffleanswers>true</shuffleanswers>
    <answernumbering>abc</answernumbering>
    <showstandardinstruction>0</showstandardinstruction>
    <correctfeedback format="html">
      <text>Vaše odpověď je správná.</text>
    </correctfeedback>
    <partiallycorrectfeedback format="html">
      <text>Vaše odpověď je částečně správná.</text>
    </partiallycorrectfeedback>
    <incorrectfeedback format="html">
      <text>Vaše odpověď je chybná.</text>
    </incorrectfeedback>
    <shownumcorrect/>
    <answer fraction="100" format="html">
      <text><![CDATA[<p dir="ltr" style="text-align: left;">Do zavření prohlížeče<br></p>]]></text>
      <feedback format="html">
        <text></text>
      </feedback>
    </answer>
    <answer fraction="0" format="html">
      <text><![CDATA[<p dir="ltr" style="text-align: left;">1 hodinu<br></p>]]></text>
      <feedback format="html">
        <text></text>
      </feedback>
    </answer>
    <answer fraction="0" format="html">
      <text><![CDATA[<p dir="ltr" style="text-align: left;">Doba expirace (vypršení platnosti) se zadává při vytváření cookie<br></p>]]></text>
      <feedback format="html">
        <text></text>
      </feedback>
    </answer>
    <answer fraction="0" format="html">
      <text><![CDATA[<p dir="ltr" style="text-align: left;">Do vypnutí počítače<br></p>]]></text>
      <feedback format="html">
        <text></text>
      </feedback>
    </answer>
    <answer fraction="0" format="html">
      <text><![CDATA[<p dir="ltr" style="text-align: left;">Do opuštění stránky / webu<br></p>]]></text>
      <feedback format="html">
        <text></text>
      </feedback>
    </answer>
    <tags>
      <tag><text>php</text>
</tag>
      <tag><text>session</text>
</tag>
    </tags>
  </question>

<!-- question: 8632  -->
  <question type="multichoice">
    <name>
      <text>Místo uložení cookie</text>
    </name>
    <questiontext format="html">
      <text><![CDATA[<p>Kde jsou uložena data, která uložíme pomocí cookie?<br></p>]]></text>
    </questiontext>
    <generalfeedback format="html">
      <text></text>
    </generalfeedback>
    <defaultgrade>2.0000000</defaultgrade>
    <penalty>0.3333333</penalty>
    <hidden>0</hidden>
    <idnumber></idnumber>
    <single>true</single>
    <shuffleanswers>true</shuffleanswers>
    <answernumbering>abc</answernumbering>
    <showstandardinstruction>1</showstandardinstruction>
    <correctfeedback format="html">
      <text>Vaše odpověď je správná.</text>
    </correctfeedback>
    <partiallycorrectfeedback format="html">
      <text>Vaše odpověď je částečně správná.</text>
    </partiallycorrectfeedback>
    <incorrectfeedback format="html">
      <text>Vaše odpověď je chybná.</text>
    </incorrectfeedback>
    <shownumcorrect/>
    <answer fraction="100" format="html">
      <text><![CDATA[<p>V PC uživatele<br></p>]]></text>
      <feedback format="html">
        <text></text>
      </feedback>
    </answer>
    <answer fraction="0" format="html">
      <text><![CDATA[<p>V prohlížeči<br></p>]]></text>
      <feedback format="html">
        <text></text>
      </feedback>
    </answer>
    <answer fraction="0" format="html">
      <text><![CDATA[<p>Na serveru<br></p>]]></text>
      <feedback format="html">
        <text></text>
      </feedback>
    </answer>
    <answer fraction="0" format="html">
      <text><![CDATA[<p>Nejsou uložena - posílají se mezi stránkami.<br></p>]]></text>
      <feedback format="html">
        <text></text>
      </feedback>
    </answer>
    <answer fraction="0" format="html">
      <text><![CDATA[<p dir="ltr" style="text-align: left;">V troubě<br></p>]]></text>
      <feedback format="html">
        <text></text>
      </feedback>
    </answer>
    <tags>
      <tag><text>php</text>
</tag>
      <tag><text>cookie</text>
</tag>
    </tags>
  </question>

<!-- question: 7746  -->
  <question type="multichoice">
    <name>
      <text>Místo uložení session</text>
    </name>
    <questiontext format="html">
      <text><![CDATA[<p>Kde jsou uložena data, která uložíme pomocí session?<br></p>]]></text>
    </questiontext>
    <generalfeedback format="html">
      <text></text>
    </generalfeedback>
    <defaultgrade>2.0000000</defaultgrade>
    <penalty>0.3333333</penalty>
    <hidden>0</hidden>
    <idnumber></idnumber>
    <single>true</single>
    <shuffleanswers>true</shuffleanswers>
    <answernumbering>abc</answernumbering>
    <showstandardinstruction>1</showstandardinstruction>
    <correctfeedback format="html">
      <text>Vaše odpověď je správná.</text>
    </correctfeedback>
    <partiallycorrectfeedback format="html">
      <text>Vaše odpověď je částečně správná.</text>
    </partiallycorrectfeedback>
    <incorrectfeedback format="html">
      <text>Vaše odpověď je chybná.</text>
    </incorrectfeedback>
    <shownumcorrect/>
    <answer fraction="100" format="html">
      <text><![CDATA[<p>Na serveru<br></p>]]></text>
      <feedback format="html">
        <text></text>
      </feedback>
    </answer>
    <answer fraction="0" format="html">
      <text><![CDATA[<p>V prohlížeči<br></p>]]></text>
      <feedback format="html">
        <text></text>
      </feedback>
    </answer>
    <answer fraction="0" format="html">
      <text><![CDATA[<p>V PC uživatele<br></p>]]></text>
      <feedback format="html">
        <text></text>
      </feedback>
    </answer>
    <answer fraction="0" format="html">
      <text><![CDATA[<p>Nejsou uložena - posílají se mezi stránkami.<br></p>]]></text>
      <feedback format="html">
        <text></text>
      </feedback>
    </answer>
    <tags>
      <tag><text>php</text>
</tag>
      <tag><text>session</text>
</tag>
    </tags>
  </question>

<!-- question: 8633  -->
  <question type="multichoice">
    <name>
      <text>Tvorba cookie</text>
    </name>
    <questiontext format="html">
      <text><![CDATA[<p dir="ltr" style="text-align: left;">Cookie ukládáme pomocí:<br></p>]]></text>
    </questiontext>
    <generalfeedback format="html">
      <text></text>
    </generalfeedback>
    <defaultgrade>2.0000000</defaultgrade>
    <penalty>0.5000000</penalty>
    <hidden>0</hidden>
    <idnumber></idnumber>
    <single>true</single>
    <shuffleanswers>true</shuffleanswers>
    <answernumbering>abc</answernumbering>
    <showstandardinstruction>0</showstandardinstruction>
    <correctfeedback format="html">
      <text>Vaše odpověď je správná.</text>
    </correctfeedback>
    <partiallycorrectfeedback format="html">
      <text>Vaše odpověď je částečně správná.</text>
    </partiallycorrectfeedback>
    <incorrectfeedback format="html">
      <text>Vaše odpověď je chybná.</text>
    </incorrectfeedback>
    <shownumcorrect/>
    <answer fraction="100" format="html">
      <text><![CDATA[<p dir="ltr" style="text-align: left;">Funkce setcookie()<br></p>]]></text>
      <feedback format="html">
        <text></text>
      </feedback>
    </answer>
    <answer fraction="0" format="html">
      <text><![CDATA[<p dir="ltr" style="text-align: left;">Asociativního pole $_COOKIE<br></p>]]></text>
      <feedback format="html">
        <text></text>
      </feedback>
    </answer>
    <answer fraction="0" format="html">
      <text><![CDATA[<p dir="ltr" style="text-align: left;">Cookie se nedá nikam uložit.<br></p>]]></text>
      <feedback format="html">
        <text></text>
      </feedback>
    </answer>
    <tags>
      <tag><text>php</text>
</tag>
      <tag><text>cookie</text>
</tag>
    </tags>
  </question>

<!-- question: 8634  -->
  <question type="truefalse">
    <name>
      <text>Povolení cookie</text>
    </name>
    <questiontext format="html">
      <text><![CDATA[<p dir="ltr" style="text-align: left;">Cookie je možné používat vždy automaticky na každém počítači.<br></p>]]></text>
    </questiontext>
    <generalfeedback format="html">
      <text></text>
    </generalfeedback>
    <defaultgrade>1.0000000</defaultgrade>
    <penalty>1.0000000</penalty>
    <hidden>0</hidden>
    <idnumber></idnumber>
    <answer fraction="0" format="moodle_auto_format">
      <text>true</text>
      <feedback format="html">
        <text></text>
      </feedback>
    </answer>
    <answer fraction="100" format="moodle_auto_format">
      <text>false</text>
      <feedback format="html">
        <text></text>
      </feedback>
    </answer>
    <tags>
      <tag><text>php</text>
</tag>
      <tag><text>cookie</text>
</tag>
    </tags>
  </question>

<!-- question: 7747  -->
  <question type="truefalse">
    <name>
      <text>Přerušení session</text>
    </name>
    <questiontext format="html">
      <text><![CDATA[<p>Session jde jednoduše přerušit jenom tak, že zavřeme prohlížeč (ukončíme program).<br></p>]]></text>
    </questiontext>
    <generalfeedback format="html">
      <text></text>
    </generalfeedback>
    <defaultgrade>1.0000000</defaultgrade>
    <penalty>1.0000000</penalty>
    <hidden>0</hidden>
    <idnumber></idnumber>
    <answer fraction="100" format="moodle_auto_format">
      <text>true</text>
      <feedback format="html">
        <text></text>
      </feedback>
    </answer>
    <answer fraction="0" format="moodle_auto_format">
      <text>false</text>
      <feedback format="html">
        <text></text>
      </feedback>
    </answer>
    <tags>
      <tag><text>php</text>
</tag>
      <tag><text>session</text>
</tag>
    </tags>
  </question>

<!-- question: 7748  -->
  <question type="truefalse">
    <name>
      <text>Spuštění session</text>
    </name>
    <questiontext format="html">
      <text><![CDATA[<p>Session je spuštěno automaticky, při použití php.<br></p>]]></text>
    </questiontext>
    <generalfeedback format="html">
      <text></text>
    </generalfeedback>
    <defaultgrade>1.0000000</defaultgrade>
    <penalty>1.0000000</penalty>
    <hidden>0</hidden>
    <idnumber></idnumber>
    <answer fraction="0" format="moodle_auto_format">
      <text>true</text>
      <feedback format="html">
        <text></text>
      </feedback>
    </answer>
    <answer fraction="100" format="moodle_auto_format">
      <text>false</text>
      <feedback format="html">
        <text></text>
      </feedback>
    </answer>
    <tags>
      <tag><text>php</text>
</tag>
      <tag><text>session</text>
</tag>
    </tags>
  </question>

<!-- question: 0  -->
  <question type="category">
    <category>
      <text>$course$/top/JaroslavHoleček/Web/HTML, CSS</text>
    </category>
    <info format="html">
      <text></text>
    </info>
    <idnumber></idnumber>
  </question>

<!-- question: 0  -->
  <question type="category">
    <category>
      <text>$course$/top/JaroslavHoleček/Web/HTML, CSS/princip, tagy, head, body</text>
    </category>
    <info format="html">
      <text></text>
    </info>
    <idnumber></idnumber>
  </question>

<!-- question: 7808  -->
  <question type="matching">
    <name>
      <text>Hlavní tagy</text>
    </name>
    <questiontext format="html">
      <text><![CDATA[<p dir="ltr" style="text-align: left;">Přiřaďte tagy k jejich významu.<br></p>]]></text>
    </questiontext>
    <generalfeedback format="html">
      <text></text>
    </generalfeedback>
    <defaultgrade>3.0000000</defaultgrade>
    <penalty>0.5000000</penalty>
    <hidden>0</hidden>
    <idnumber></idnumber>
    <shuffleanswers>true</shuffleanswers>
    <correctfeedback format="html">
      <text>Vaše odpověď je správná.</text>
    </correctfeedback>
    <partiallycorrectfeedback format="html">
      <text>Vaše odpověď je částečně správná.</text>
    </partiallycorrectfeedback>
    <incorrectfeedback format="html">
      <text>Vaše odpověď je chybná.</text>
    </incorrectfeedback>
    <shownumcorrect/>
    <subquestion format="html">
      <text><![CDATA[<p dir="ltr" style="text-align: left;">Celý soubor<br></p>]]></text>
      <answer>
        <text>html</text>
      </answer>
    </subquestion>
    <subquestion format="html">
      <text><![CDATA[<p dir="ltr" style="text-align: left;">Informace o stránce, Titulek, Info o CSS<br></p>]]></text>
      <answer>
        <text>head</text>
      </answer>
    </subquestion>
    <subquestion format="html">
      <text><![CDATA[<p dir="ltr" style="text-align: left;">Viditelný obsah stránky<br></p>]]></text>
      <answer>
        <text>body</text>
      </answer>
    </subquestion>
    <tags>
      <tag><text>html</text>
</tag>
      <tag><text>tag</text>
</tag>
      <tag><text>head</text>
</tag>
      <tag><text>body</text>
</tag>
    </tags>
  </question>

<!-- question: 7803  -->
  <question type="multichoice">
    <name>
      <text>Co zapisujeme do html souboru</text>
    </name>
    <questiontext format="html">
      <text><![CDATA[<p dir="ltr" style="text-align: left;">Co zapisujeme/vkládáme do html souboru?<br></p>]]></text>
    </questiontext>
    <generalfeedback format="html">
      <text></text>
    </generalfeedback>
    <defaultgrade>2.0000000</defaultgrade>
    <penalty>0.5000000</penalty>
    <hidden>0</hidden>
    <idnumber></idnumber>
    <single>false</single>
    <shuffleanswers>true</shuffleanswers>
    <answernumbering>abc</answernumbering>
    <showstandardinstruction>0</showstandardinstruction>
    <correctfeedback format="html">
      <text>Vaše odpověď je správná.</text>
    </correctfeedback>
    <partiallycorrectfeedback format="html">
      <text>Vaše odpověď je částečně správná.</text>
    </partiallycorrectfeedback>
    <incorrectfeedback format="html">
      <text>Vaše odpověď je chybná.</text>
    </incorrectfeedback>
    <shownumcorrect/>
    <answer fraction="100" format="html">
      <text><![CDATA[<p dir="ltr" style="text-align: left;">Text<br></p>]]></text>
      <feedback format="html">
        <text></text>
      </feedback>
    </answer>
    <answer fraction="-33.33333" format="html">
      <text><![CDATA[<p dir="ltr" style="text-align: left;">Obrázky<br></p>]]></text>
      <feedback format="html">
        <text></text>
      </feedback>
    </answer>
    <answer fraction="-33.33333" format="html">
      <text><![CDATA[<p dir="ltr" style="text-align: left;">Barevné vzorky<br></p>]]></text>
      <feedback format="html">
        <text></text>
      </feedback>
    </answer>
    <answer fraction="-33.33333" format="html">
      <text><![CDATA[<p dir="ltr" style="text-align: left;">další obsah stránky - videa, grafy<br></p>]]></text>
      <feedback format="html">
        <text></text>
      </feedback>
    </answer>
    <tags>
      <tag><text>html</text>
</tag>
      <tag><text>Soubor</text>
</tag>
    </tags>
  </question>

<!-- question: 7813  -->
  <question type="multichoice">
    <name>
      <text>Grafická úprava</text>
    </name>
    <questiontext format="html">
      <text><![CDATA[<p dir="ltr" style="text-align: left;">Grafickou úpravu stránek zapisujeme pomocí:<br></p>]]></text>
    </questiontext>
    <generalfeedback format="html">
      <text></text>
    </generalfeedback>
    <defaultgrade>2.0000000</defaultgrade>
    <penalty>0.5000000</penalty>
    <hidden>0</hidden>
    <idnumber></idnumber>
    <single>true</single>
    <shuffleanswers>true</shuffleanswers>
    <answernumbering>abc</answernumbering>
    <showstandardinstruction>0</showstandardinstruction>
    <correctfeedback format="html">
      <text>Vaše odpověď je správná.</text>
    </correctfeedback>
    <partiallycorrectfeedback format="html">
      <text>Vaše odpověď je částečně správná.</text>
    </partiallycorrectfeedback>
    <incorrectfeedback format="html">
      <text>Vaše odpověď je chybná.</text>
    </incorrectfeedback>
    <shownumcorrect/>
    <answer fraction="100" format="html">
      <text><![CDATA[<p dir="ltr" style="text-align: left;">CSS<br></p>]]></text>
      <feedback format="html">
        <text></text>
      </feedback>
    </answer>
    <answer fraction="0" format="html">
      <text><![CDATA[<p dir="ltr" style="text-align: left;">Tagů<br></p>]]></text>
      <feedback format="html">
        <text></text>
      </feedback>
    </answer>
    <answer fraction="0" format="html">
      <text><![CDATA[<p dir="ltr" style="text-align: left;">Atributů<br></p>]]></text>
      <feedback format="html">
        <text></text>
      </feedback>
    </answer>
    <answer fraction="0" format="html">
      <text><![CDATA[<p dir="ltr" style="text-align: left;">Klíčových slov v těle tagu<br></p>]]></text>
      <feedback format="html">
        <text></text>
      </feedback>
    </answer>
    <tags>
      <tag><text>css</text>
</tag>
    </tags>
  </question>

<!-- question: 7815  -->
  <question type="multichoice">
    <name>
      <text>Kam se píše css</text>
    </name>
    <questiontext format="html">
      <text><![CDATA[<p dir="ltr" style="text-align: left;">Kde může být zapsané css?<br></p>]]></text>
    </questiontext>
    <generalfeedback format="html">
      <text></text>
    </generalfeedback>
    <defaultgrade>2.0000000</defaultgrade>
    <penalty>0.3333333</penalty>
    <hidden>0</hidden>
    <idnumber></idnumber>
    <single>false</single>
    <shuffleanswers>true</shuffleanswers>
    <answernumbering>abc</answernumbering>
    <showstandardinstruction>0</showstandardinstruction>
    <correctfeedback format="html">
      <text>Vaše odpověď je správná.</text>
    </correctfeedback>
    <partiallycorrectfeedback format="html">
      <text>Vaše odpověď je částečně správná.</text>
    </partiallycorrectfeedback>
    <incorrectfeedback format="html">
      <text>Vaše odpověď je chybná.</text>
    </incorrectfeedback>
    <shownumcorrect/>
    <answer fraction="33.33333" format="html">
      <text><![CDATA[<p dir="ltr" style="text-align: left;">Samostatný soubor<br></p>]]></text>
      <feedback format="html">
        <text></text>
      </feedback>
    </answer>
    <answer fraction="33.33333" format="html">
      <text><![CDATA[<p dir="ltr" style="text-align: left;">v &lt;head&gt;<br></p>]]></text>
      <feedback format="html">
        <text></text>
      </feedback>
    </answer>
    <answer fraction="33.33333" format="html">
      <text><![CDATA[<p dir="ltr" style="text-align: left;">jako atribut tagu<br></p>]]></text>
      <feedback format="html">
        <text></text>
      </feedback>
    </answer>
    <answer fraction="0" format="html">
      <text><![CDATA[<p dir="ltr" style="text-align: left;">Kdekoliv na stránce<br></p>]]></text>
      <feedback format="html">
        <text></text>
      </feedback>
    </answer>
    <answer fraction="0" format="html">
      <text><![CDATA[<p dir="ltr" style="text-align: left;">v zavíracím tagu<br></p>]]></text>
      <feedback format="html">
        <text></text>
      </feedback>
    </answer>
    <tags>
      <tag><text>css</text>
</tag>
    </tags>
  </question>

<!-- question: 7806  -->
  <question type="multichoice">
    <name>
      <text>Tag</text>
    </name>
    <questiontext format="html">
      <text><![CDATA[<p dir="ltr" style="text-align: left;">Tag je:<br></p>]]></text>
    </questiontext>
    <generalfeedback format="html">
      <text></text>
    </generalfeedback>
    <defaultgrade>2.0000000</defaultgrade>
    <penalty>0.5000000</penalty>
    <hidden>0</hidden>
    <idnumber></idnumber>
    <single>true</single>
    <shuffleanswers>true</shuffleanswers>
    <answernumbering>abc</answernumbering>
    <showstandardinstruction>0</showstandardinstruction>
    <correctfeedback format="html">
      <text>Vaše odpověď je správná.</text>
    </correctfeedback>
    <partiallycorrectfeedback format="html">
      <text>Vaše odpověď je částečně správná.</text>
    </partiallycorrectfeedback>
    <incorrectfeedback format="html">
      <text>Vaše odpověď je chybná.</text>
    </incorrectfeedback>
    <shownumcorrect/>
    <answer fraction="100" format="html">
      <text><![CDATA[<p dir="ltr" style="text-align: left;">Značka, pomocí které určujeme význam částí stránek<br></p>]]></text>
      <feedback format="html">
        <text></text>
      </feedback>
    </answer>
    <answer fraction="0" format="html">
      <text><![CDATA[<p dir="ltr" style="text-align: left;">Zkratka Transparent And Global<br></p>]]></text>
      <feedback format="html">
        <text></text>
      </feedback>
    </answer>
    <answer fraction="0" format="html">
      <text><![CDATA[<p dir="ltr" style="text-align: left;">Značka, která se zobrazuje při prohlížení webových stránek<br></p>]]></text>
      <feedback format="html">
        <text></text>
      </feedback>
    </answer>
    <tags>
      <tag><text>html</text>
</tag>
      <tag><text>tag</text>
</tag>
    </tags>
  </question>

<!-- question: 7807  -->
  <question type="multichoice">
    <name>
      <text>Tag - atribut</text>
    </name>
    <questiontext format="html">
      <text><![CDATA[<p dir="ltr" style="text-align: left;">U tagu můžeme upravit některé jeho vlastnosti (např. velikost obrázku, adresu odkazu) pomocí:<br></p>]]></text>
    </questiontext>
    <generalfeedback format="html">
      <text></text>
    </generalfeedback>
    <defaultgrade>2.0000000</defaultgrade>
    <penalty>0.5000000</penalty>
    <hidden>0</hidden>
    <idnumber></idnumber>
    <single>true</single>
    <shuffleanswers>true</shuffleanswers>
    <answernumbering>abc</answernumbering>
    <showstandardinstruction>0</showstandardinstruction>
    <correctfeedback format="html">
      <text>Vaše odpověď je správná.</text>
    </correctfeedback>
    <partiallycorrectfeedback format="html">
      <text>Vaše odpověď je částečně správná.</text>
    </partiallycorrectfeedback>
    <incorrectfeedback format="html">
      <text>Vaše odpověď je chybná.</text>
    </incorrectfeedback>
    <shownumcorrect/>
    <answer fraction="100" format="html">
      <text><![CDATA[<p dir="ltr" style="text-align: left;">atributů<br></p>]]></text>
      <feedback format="html">
        <text></text>
      </feedback>
    </answer>
    <answer fraction="0" format="html">
      <text><![CDATA[<p dir="ltr" style="text-align: left;">obsahu<br></p>]]></text>
      <feedback format="html">
        <text></text>
      </feedback>
    </answer>
    <answer fraction="0" format="html">
      <text><![CDATA[<p dir="ltr" style="text-align: left;">velikosti písmen<br></p>]]></text>
      <feedback format="html">
        <text></text>
      </feedback>
    </answer>
    <tags>
      <tag><text>atribut</text>
</tag>
      <tag><text>html</text>
</tag>
      <tag><text>tag</text>
</tag>
    </tags>
  </question>

<!-- question: 7811  -->
  <question type="shortanswer">
    <name>
      <text>Hlavička - head</text>
    </name>
    <questiontext format="html">
      <text><![CDATA[<p dir="ltr" style="text-align: left;">Do jakého tagu zapisujeme meta informace o stránce (autor, css, titulek, ...)<br></p>]]></text>
    </questiontext>
    <generalfeedback format="html">
      <text></text>
    </generalfeedback>
    <defaultgrade>2.0000000</defaultgrade>
    <penalty>0.5000000</penalty>
    <hidden>0</hidden>
    <idnumber></idnumber>
    <usecase>0</usecase>
    <answer fraction="100" format="moodle_auto_format">
      <text>head</text>
      <feedback format="html">
        <text></text>
      </feedback>
    </answer>
    <answer fraction="100" format="moodle_auto_format">
      <text><![CDATA[<head>]]></text>
      <feedback format="html">
        <text></text>
      </feedback>
    </answer>
    <answer fraction="100" format="moodle_auto_format">
      <text><![CDATA[<head></head>]]></text>
      <feedback format="html">
        <text></text>
      </feedback>
    </answer>
    <tags>
      <tag><text>html</text>
</tag>
      <tag><text>head</text>
</tag>
    </tags>
  </question>

<!-- question: 7810  -->
  <question type="shortanswer">
    <name>
      <text>Hlavní tag - html</text>
    </name>
    <questiontext format="html">
      <text><![CDATA[<p dir="ltr" style="text-align: left;">V jakém tagu musí být uzařený celý obsah souboru?<br></p>]]></text>
    </questiontext>
    <generalfeedback format="html">
      <text></text>
    </generalfeedback>
    <defaultgrade>2.0000000</defaultgrade>
    <penalty>0.3333333</penalty>
    <hidden>0</hidden>
    <idnumber></idnumber>
    <usecase>0</usecase>
    <answer fraction="100" format="moodle_auto_format">
      <text>html</text>
      <feedback format="html">
        <text></text>
      </feedback>
    </answer>
    <answer fraction="100" format="moodle_auto_format">
      <text><![CDATA[<html>]]></text>
      <feedback format="html">
        <text></text>
      </feedback>
    </answer>
    <answer fraction="100" format="moodle_auto_format">
      <text><![CDATA[<html></html>]]></text>
      <feedback format="html">
        <text></text>
      </feedback>
    </answer>
    <tags>
      <tag><text>html</text>
</tag>
      <tag><text>tag</text>
</tag>
    </tags>
  </question>

<!-- question: 7812  -->
  <question type="shortanswer">
    <name>
      <text>Obsah - body</text>
    </name>
    <questiontext format="html">
      <text><![CDATA[<p dir="ltr" style="text-align: left;">Do jakého tagu zapisujeme viditelný obsah stránky<br></p>]]></text>
    </questiontext>
    <generalfeedback format="html">
      <text></text>
    </generalfeedback>
    <defaultgrade>2.0000000</defaultgrade>
    <penalty>0.5000000</penalty>
    <hidden>0</hidden>
    <idnumber></idnumber>
    <usecase>0</usecase>
    <answer fraction="100" format="moodle_auto_format">
      <text>body</text>
      <feedback format="html">
        <text></text>
      </feedback>
    </answer>
    <answer fraction="100" format="moodle_auto_format">
      <text><![CDATA[<body>]]></text>
      <feedback format="html">
        <text></text>
      </feedback>
    </answer>
    <answer fraction="100" format="moodle_auto_format">
      <text><![CDATA[<body></body>]]></text>
      <feedback format="html">
        <text></text>
      </feedback>
    </answer>
    <tags>
      <tag><text>html</text>
</tag>
      <tag><text>body</text>
</tag>
    </tags>
  </question>

<!-- question: 7814  -->
  <question type="truefalse">
    <name>
      <text>CSS - skupina tagů</text>
    </name>
    <questiontext format="html">
      <text><![CDATA[<p dir="ltr" style="text-align: left;">V CSS lze upravovat jen celou skupinu tagů na stránce najednou (tedy např. všechny nadpisy, všechny odkazy)<br></p>]]></text>
    </questiontext>
    <generalfeedback format="html">
      <text></text>
    </generalfeedback>
    <defaultgrade>1.0000000</defaultgrade>
    <penalty>1.0000000</penalty>
    <hidden>0</hidden>
    <idnumber></idnumber>
    <answer fraction="0" format="moodle_auto_format">
      <text>true</text>
      <feedback format="html">
        <text></text>
      </feedback>
    </answer>
    <answer fraction="100" format="moodle_auto_format">
      <text>false</text>
      <feedback format="html">
        <text></text>
      </feedback>
    </answer>
    <tags>
      <tag><text>css</text>
</tag>
    </tags>
  </question>

<!-- question: 7802  -->
  <question type="truefalse">
    <name>
      <text>Obsah HTML souboru</text>
    </name>
    <questiontext format="html">
      <text><![CDATA[<p dir="ltr" style="text-align: left;">HTML soubor obsahuje text, obrázky, barvy a další části stránky.<br></p>]]></text>
    </questiontext>
    <generalfeedback format="html">
      <text></text>
    </generalfeedback>
    <defaultgrade>1.0000000</defaultgrade>
    <penalty>1.0000000</penalty>
    <hidden>0</hidden>
    <idnumber></idnumber>
    <answer fraction="0" format="moodle_auto_format">
      <text>true</text>
      <feedback format="html">
        <text></text>
      </feedback>
    </answer>
    <answer fraction="100" format="moodle_auto_format">
      <text>false</text>
      <feedback format="html">
        <text></text>
      </feedback>
    </answer>
    <tags>
      <tag><text>html</text>
</tag>
      <tag><text>Soubor</text>
</tag>
    </tags>
  </question>

<!-- question: 7809  -->
  <question type="truefalse">
    <name>
      <text>Překrývání tagů</text>
    </name>
    <questiontext format="html">
      <text><![CDATA[<p dir="ltr" style="text-align: left;">Tagy se mohou navzájem překrývat ( začátek 1 - začátek 2 - konec 1 - konec 2). Tedy jeden tag může začínat uvnitř jiného a končit mimo něj.<br></p>]]></text>
    </questiontext>
    <generalfeedback format="html">
      <text></text>
    </generalfeedback>
    <defaultgrade>1.0000000</defaultgrade>
    <penalty>1.0000000</penalty>
    <hidden>0</hidden>
    <idnumber></idnumber>
    <answer fraction="0" format="moodle_auto_format">
      <text>true</text>
      <feedback format="html">
        <text></text>
      </feedback>
    </answer>
    <answer fraction="100" format="moodle_auto_format">
      <text>false</text>
      <feedback format="html">
        <text></text>
      </feedback>
    </answer>
    <tags>
      <tag><text>html</text>
</tag>
      <tag><text>tag</text>
</tag>
    </tags>
  </question>

<!-- question: 7805  -->
  <question type="truefalse">
    <name>
      <text>Prohlížeč - internet</text>
    </name>
    <questiontext format="html">
      <text><![CDATA[<p dir="ltr" style="text-align: left;">Pro práci Webového prohlížeče je nutné připojení k internetu.<br></p>]]></text>
    </questiontext>
    <generalfeedback format="html">
      <text></text>
    </generalfeedback>
    <defaultgrade>1.0000000</defaultgrade>
    <penalty>1.0000000</penalty>
    <hidden>0</hidden>
    <idnumber></idnumber>
    <answer fraction="0" format="moodle_auto_format">
      <text>true</text>
      <feedback format="html">
        <text></text>
      </feedback>
    </answer>
    <answer fraction="100" format="moodle_auto_format">
      <text>false</text>
      <feedback format="html">
        <text></text>
      </feedback>
    </answer>
    <tags>
      <tag><text>html</text>
</tag>
      <tag><text>prohlížeč</text>
</tag>
    </tags>
  </question>

<!-- question: 7816  -->
  <question type="truefalse">
    <name>
      <text>Vytváří grafiku prohlížeč?</text>
    </name>
    <questiontext format="html">
      <text><![CDATA[<p dir="ltr" style="text-align: left;">Grafickou podobu stránek vytváří fakticky až prohlížeč - programátor zapisuje kód stránek pouze textově.<br></p>]]></text>
    </questiontext>
    <generalfeedback format="html">
      <text></text>
    </generalfeedback>
    <defaultgrade>1.0000000</defaultgrade>
    <penalty>1.0000000</penalty>
    <hidden>0</hidden>
    <idnumber></idnumber>
    <answer fraction="100" format="moodle_auto_format">
      <text>true</text>
      <feedback format="html">
        <text></text>
      </feedback>
    </answer>
    <answer fraction="0" format="moodle_auto_format">
      <text>false</text>
      <feedback format="html">
        <text></text>
      </feedback>
    </answer>
    <tags>
      <tag><text>html</text>
</tag>
      <tag><text>prohlížeč</text>
</tag>
      <tag><text>css</text>
</tag>
    </tags>
  </question>

<!-- question: 7804  -->
  <question type="truefalse">
    <name>
      <text>Webový prohlížeč zobrazuje</text>
    </name>
    <questiontext format="html">
      <text><![CDATA[<p dir="ltr" style="text-align: left;">Webový prohlížeč zobrazuje (obvykle) grafickou podobu stránek.<br></p>]]></text>
    </questiontext>
    <generalfeedback format="html">
      <text></text>
    </generalfeedback>
    <defaultgrade>1.0000000</defaultgrade>
    <penalty>1.0000000</penalty>
    <hidden>0</hidden>
    <idnumber></idnumber>
    <answer fraction="100" format="moodle_auto_format">
      <text>true</text>
      <feedback format="html">
        <text></text>
      </feedback>
    </answer>
    <answer fraction="0" format="moodle_auto_format">
      <text>false</text>
      <feedback format="html">
        <text></text>
      </feedback>
    </answer>
    <tags>
      <tag><text>html</text>
</tag>
      <tag><text>prohlížeč</text>
</tag>
    </tags>
  </question>

<!-- question: 0  -->
  <question type="category">
    <category>
      <text>$course$/top/JaroslavHoleček/Web/HTML, CSS/Základní tagy, jednotky</text>
    </category>
    <info format="html">
      <text></text>
    </info>
    <idnumber></idnumber>
  </question>

<!-- question: 7872  -->
  <question type="matching">
    <name>
      <text>Přehled základních tagů</text>
    </name>
    <questiontext format="html">
      <text><![CDATA[<p dir="ltr" style="text-align: left;">Přiřaďte tagy k jejich významu:<br></p>]]></text>
    </questiontext>
    <generalfeedback format="html">
      <text></text>
    </generalfeedback>
    <defaultgrade>3.0000000</defaultgrade>
    <penalty>0.2500000</penalty>
    <hidden>0</hidden>
    <idnumber></idnumber>
    <shuffleanswers>true</shuffleanswers>
    <correctfeedback format="html">
      <text>Vaše odpověď je správná.</text>
    </correctfeedback>
    <partiallycorrectfeedback format="html">
      <text>Vaše odpověď je částečně správná.</text>
    </partiallycorrectfeedback>
    <incorrectfeedback format="html">
      <text>Vaše odpověď je chybná.</text>
    </incorrectfeedback>
    <shownumcorrect/>
    <subquestion format="html">
      <text><![CDATA[<p dir="ltr" style="text-align: left;">p<br></p>]]></text>
      <answer>
        <text>Odstavec</text>
      </answer>
    </subquestion>
    <subquestion format="html">
      <text><![CDATA[<p dir="ltr" style="text-align: left;">h<br></p>]]></text>
      <answer>
        <text>Nadpis</text>
      </answer>
    </subquestion>
    <subquestion format="html">
      <text><![CDATA[<p dir="ltr" style="text-align: left;">i<br></p>]]></text>
      <answer>
        <text>Jiný styl (obvykle kurzíva)</text>
      </answer>
    </subquestion>
    <subquestion format="html">
      <text><![CDATA[<p dir="ltr" style="text-align: left;">strong<br></p>]]></text>
      <answer>
        <text>Tučné</text>
      </answer>
    </subquestion>
    <subquestion format="html">
      <text><![CDATA[<p dir="ltr" style="text-align: left;">a<br></p>]]></text>
      <answer>
        <text>Odkaz</text>
      </answer>
    </subquestion>
    <subquestion format="html">
      <text><![CDATA[<p dir="ltr" style="text-align: left;">img<br></p>]]></text>
      <answer>
        <text>Obrázek</text>
      </answer>
    </subquestion>
    <tags>
      <tag><text>html</text>
</tag>
      <tag><text>tag</text>
</tag>
    </tags>
  </question>

<!-- question: 7881  -->
  <question type="matching">
    <name>
      <text>Význam jednotek</text>
    </name>
    <questiontext format="html">
      <text><![CDATA[<p dir="ltr" style="text-align: left;">Přiřaďte k jednotkám jejich význam.<br></p>]]></text>
    </questiontext>
    <generalfeedback format="html">
      <text></text>
    </generalfeedback>
    <defaultgrade>4.0000000</defaultgrade>
    <penalty>0.2000000</penalty>
    <hidden>0</hidden>
    <idnumber></idnumber>
    <shuffleanswers>true</shuffleanswers>
    <correctfeedback format="html">
      <text>Vaše odpověď je správná.</text>
    </correctfeedback>
    <partiallycorrectfeedback format="html">
      <text>Vaše odpověď je částečně správná.</text>
    </partiallycorrectfeedback>
    <incorrectfeedback format="html">
      <text>Vaše odpověď je chybná.</text>
    </incorrectfeedback>
    <shownumcorrect/>
    <subquestion format="html">
      <text><![CDATA[<p dir="ltr" style="text-align: left;">px<br></p>]]></text>
      <answer>
        <text>pixel</text>
      </answer>
    </subquestion>
    <subquestion format="html">
      <text><![CDATA[<p dir="ltr" style="text-align: left;">pt<br></p>]]></text>
      <answer>
        <text>bod</text>
      </answer>
    </subquestion>
    <subquestion format="html">
      <text><![CDATA[<p dir="ltr" style="text-align: left;">mm<br></p>]]></text>
      <answer>
        <text>milimetr</text>
      </answer>
    </subquestion>
    <subquestion format="html">
      <text><![CDATA[<p dir="ltr" style="text-align: left;">in<br></p>]]></text>
      <answer>
        <text>palec</text>
      </answer>
    </subquestion>
    <subquestion format="html">
      <text><![CDATA[<p dir="ltr" style="text-align: left;">cm<br></p>]]></text>
      <answer>
        <text>centimetr</text>
      </answer>
    </subquestion>
    <subquestion format="html">
      <text><![CDATA[<p dir="ltr" style="text-align: left;">em<br></p>]]></text>
      <answer>
        <text>velikost textu</text>
      </answer>
    </subquestion>
    <subquestion format="html">
      <text><![CDATA[<p dir="ltr" style="text-align: left;">ch<br></p>]]></text>
      <answer>
        <text><![CDATA[šířka "0"]]></text>
      </answer>
    </subquestion>
    <subquestion format="html">
      <text><![CDATA[<p dir="ltr" style="text-align: left;">vh<br></p>]]></text>
      <answer>
        <text>jedno procento z výšky obrazovky</text>
      </answer>
    </subquestion>
    <subquestion format="html">
      <text><![CDATA[<p dir="ltr" style="text-align: left;">vmin<br></p>]]></text>
      <answer>
        <text>jedno procento z menšího rozměru obrazovky</text>
      </answer>
    </subquestion>
    <subquestion format="html">
      <text><![CDATA[<p dir="ltr" style="text-align: left;">%<br></p>]]></text>
      <answer>
        <text>procent z nadřazeneého prvku</text>
      </answer>
    </subquestion>
    <tags>
      <tag><text>html</text>
</tag>
      <tag><text>jednotky</text>
</tag>
    </tags>
  </question>

<!-- question: 7879  -->
  <question type="multichoice">
    <name>
      <text>Absolutní jednotky</text>
    </name>
    <questiontext format="html">
      <text><![CDATA[<p dir="ltr" style="text-align: left;">Absolutní jednotky:<br></p>]]></text>
    </questiontext>
    <generalfeedback format="html">
      <text></text>
    </generalfeedback>
    <defaultgrade>2.0000000</defaultgrade>
    <penalty>0.2500000</penalty>
    <hidden>0</hidden>
    <idnumber></idnumber>
    <single>false</single>
    <shuffleanswers>true</shuffleanswers>
    <answernumbering>abc</answernumbering>
    <showstandardinstruction>0</showstandardinstruction>
    <correctfeedback format="html">
      <text>Vaše odpověď je správná.</text>
    </correctfeedback>
    <partiallycorrectfeedback format="html">
      <text>Vaše odpověď je částečně správná.</text>
    </partiallycorrectfeedback>
    <incorrectfeedback format="html">
      <text>Vaše odpověď je chybná.</text>
    </incorrectfeedback>
    <shownumcorrect/>
    <answer fraction="50" format="html">
      <text><![CDATA[<p dir="ltr" style="text-align: left;">Udávají vždy stejnou velikost bez ohledu na obrazovku uživatele.<br></p>]]></text>
      <feedback format="html">
        <text></text>
      </feedback>
    </answer>
    <answer fraction="50" format="html">
      <text><![CDATA[<p dir="ltr" style="text-align: left;">Jsou např.: (px, mm, in, pt)<br></p>]]></text>
      <feedback format="html">
        <text></text>
      </feedback>
    </answer>
    <answer fraction="-33.33333" format="html">
      <text><![CDATA[<p dir="ltr" style="text-align: left;">Se nedají později v kódu změnit<br></p>]]></text>
      <feedback format="html">
        <text></text>
      </feedback>
    </answer>
    <answer fraction="-33.33333" format="html">
      <text><![CDATA[<p dir="ltr" style="text-align: left;">Jsou např.: (em, %, vw, vmax)<br></p>]]></text>
      <feedback format="html">
        <text></text>
      </feedback>
    </answer>
    <answer fraction="-33.33333" format="html">
      <text><![CDATA[<p dir="ltr" style="text-align: left;">Jsou vztaženy k velikosti jiného prvku (obrazovce, písmu, ...)<br></p>]]></text>
      <feedback format="html">
        <text></text>
      </feedback>
    </answer>
    <tags>
      <tag><text>html</text>
</tag>
      <tag><text>jednotky</text>
</tag>
    </tags>
  </question>

<!-- question: 7878  -->
  <question type="multichoice">
    <name>
      <text>Možné jednotky</text>
    </name>
    <questiontext format="html">
      <text><![CDATA[<p dir="ltr" style="text-align: left;">Při grafické úpravě můžeme používat jednotky:<br></p>]]></text>
    </questiontext>
    <generalfeedback format="html">
      <text></text>
    </generalfeedback>
    <defaultgrade>2.0000000</defaultgrade>
    <penalty>0.5000000</penalty>
    <hidden>0</hidden>
    <idnumber></idnumber>
    <single>false</single>
    <shuffleanswers>true</shuffleanswers>
    <answernumbering>abc</answernumbering>
    <showstandardinstruction>0</showstandardinstruction>
    <correctfeedback format="html">
      <text>Vaše odpověď je správná.</text>
    </correctfeedback>
    <partiallycorrectfeedback format="html">
      <text>Vaše odpověď je částečně správná.</text>
    </partiallycorrectfeedback>
    <incorrectfeedback format="html">
      <text>Vaše odpověď je chybná.</text>
    </incorrectfeedback>
    <shownumcorrect/>
    <answer fraction="50" format="html">
      <text><![CDATA[<p dir="ltr" style="text-align: left;">Absolutní (pixely, milimetry, ...)<br></p>]]></text>
      <feedback format="html">
        <text></text>
      </feedback>
    </answer>
    <answer fraction="50" format="html">
      <text><![CDATA[<p dir="ltr" style="text-align: left;">Relativní (procenta z nadřazeného prvku, z velikosti obrazovky, k velikosti písma, ...)<br></p>]]></text>
      <feedback format="html">
        <text></text>
      </feedback>
    </answer>
    <answer fraction="-100" format="html">
      <text><![CDATA[<p dir="ltr" style="text-align: left;">Nemusíme používat jednotky<br></p>]]></text>
      <feedback format="html">
        <text></text>
      </feedback>
    </answer>
    <tags>
      <tag><text>html</text>
</tag>
      <tag><text>jednotky</text>
</tag>
    </tags>
  </question>

<!-- question: 7880  -->
  <question type="multichoice">
    <name>
      <text>Relativní jednotky</text>
    </name>
    <questiontext format="html">
      <text><![CDATA[<p dir="ltr" style="text-align: left;">Relativní jednotky:<br></p>]]></text>
    </questiontext>
    <generalfeedback format="html">
      <text></text>
    </generalfeedback>
    <defaultgrade>2.0000000</defaultgrade>
    <penalty>0.2500000</penalty>
    <hidden>0</hidden>
    <idnumber></idnumber>
    <single>false</single>
    <shuffleanswers>true</shuffleanswers>
    <answernumbering>abc</answernumbering>
    <showstandardinstruction>0</showstandardinstruction>
    <correctfeedback format="html">
      <text>Vaše odpověď je správná.</text>
    </correctfeedback>
    <partiallycorrectfeedback format="html">
      <text>Vaše odpověď je částečně správná.</text>
    </partiallycorrectfeedback>
    <incorrectfeedback format="html">
      <text>Vaše odpověď je chybná.</text>
    </incorrectfeedback>
    <shownumcorrect/>
    <answer fraction="-33.33333" format="html">
      <text><![CDATA[<p dir="ltr" style="text-align: left;">Udávají vždy stejnou velikost bez ohledu na obrazovku uživatele.<br></p>]]></text>
      <feedback format="html">
        <text></text>
      </feedback>
    </answer>
    <answer fraction="-33.33333" format="html">
      <text><![CDATA[<p dir="ltr" style="text-align: left;">Jsou např.: (px, mm, in, pt)<br></p>]]></text>
      <feedback format="html">
        <text></text>
      </feedback>
    </answer>
    <answer fraction="-33.33333" format="html">
      <text><![CDATA[<p dir="ltr" style="text-align: left;">Se nedají později v kódu změnit<br></p>]]></text>
      <feedback format="html">
        <text></text>
      </feedback>
    </answer>
    <answer fraction="50" format="html">
      <text><![CDATA[<p dir="ltr" style="text-align: left;">Jsou např.: (em, %, vw, vmax)<br></p>]]></text>
      <feedback format="html">
        <text></text>
      </feedback>
    </answer>
    <answer fraction="50" format="html">
      <text><![CDATA[<p dir="ltr" style="text-align: left;">Jsou vztaženy k velikosti jiného prvku (obrazovce, písmu, ...)<br></p>]]></text>
      <feedback format="html">
        <text></text>
      </feedback>
    </answer>
    <tags>
      <tag><text>html</text>
</tag>
      <tag><text>jednotky</text>
</tag>
    </tags>
  </question>

<!-- question: 7877  -->
  <question type="multichoice">
    <name>
      <text>Šířka tagu na stránce</text>
    </name>
    <questiontext format="html">
      <text><![CDATA[<p dir="ltr" style="text-align: left;">Pokud nenastavíme jinak, většina běžných tagů (např.: p, h, div, a) zabírají na stránce do šířky:<br></p>]]></text>
    </questiontext>
    <generalfeedback format="html">
      <text></text>
    </generalfeedback>
    <defaultgrade>1.0000000</defaultgrade>
    <penalty>0.5000000</penalty>
    <hidden>0</hidden>
    <idnumber></idnumber>
    <single>true</single>
    <shuffleanswers>true</shuffleanswers>
    <answernumbering>abc</answernumbering>
    <showstandardinstruction>0</showstandardinstruction>
    <correctfeedback format="html">
      <text>Vaše odpověď je správná.</text>
    </correctfeedback>
    <partiallycorrectfeedback format="html">
      <text>Vaše odpověď je částečně správná.</text>
    </partiallycorrectfeedback>
    <incorrectfeedback format="html">
      <text>Vaše odpověď je chybná.</text>
    </incorrectfeedback>
    <shownumcorrect/>
    <answer fraction="100" format="html">
      <text><![CDATA[<p dir="ltr" style="text-align: left;">Celou šířku stránky<br></p>]]></text>
      <feedback format="html">
        <text></text>
      </feedback>
    </answer>
    <answer fraction="0" format="html">
      <text><![CDATA[<p dir="ltr" style="text-align: left;">Jen tolik, kolik je v nich obsahu<br></p>]]></text>
      <feedback format="html">
        <text></text>
      </feedback>
    </answer>
    <answer fraction="0" format="html">
      <text><![CDATA[<p dir="ltr" style="text-align: left;">Polovinu stránky (nechávají si "okraje")<br></p>]]></text>
      <feedback format="html">
        <text></text>
      </feedback>
    </answer>
    <tags>
      <tag><text>html</text>
</tag>
      <tag><text>tag</text>
</tag>
    </tags>
  </question>

<!-- question: 7749  -->
  <question type="shortanswer">
    <name>
      <text>Atribut odkazu</text>
    </name>
    <questiontext format="html">
      <text><![CDATA[<p>Jaký atribut je nutné vyplnit u tagu "odkaz", aby plnil svoji funkci - tedy nás přesměroval (odkázal) na jinou adresu.<br></p>]]></text>
    </questiontext>
    <generalfeedback format="html">
      <text></text>
    </generalfeedback>
    <defaultgrade>1.0000000</defaultgrade>
    <penalty>0.2500000</penalty>
    <hidden>0</hidden>
    <idnumber></idnumber>
    <usecase>0</usecase>
    <answer fraction="100" format="moodle_auto_format">
      <text>href</text>
      <feedback format="html">
        <text></text>
      </feedback>
    </answer>
    <answer fraction="100" format="moodle_auto_format">
      <text>href=</text>
      <feedback format="html">
        <text></text>
      </feedback>
    </answer>
    <answer fraction="100" format="moodle_auto_format">
      <text><![CDATA[href="*"]]></text>
      <feedback format="html">
        <text></text>
      </feedback>
    </answer>
    <answer fraction="100" format="moodle_auto_format">
      <text><![CDATA[<a href*]]></text>
      <feedback format="html">
        <text></text>
      </feedback>
    </answer>
    <tags>
      <tag><text>html</text>
</tag>
      <tag><text>a</text>
</tag>
      <tag><text>odkaz</text>
</tag>
      <tag><text>href</text>
</tag>
    </tags>
  </question>

<!-- question: 7875  -->
  <question type="shortanswer">
    <name>
      <text>i</text>
    </name>
    <questiontext format="html">
      <text><![CDATA[<p dir="ltr" style="text-align: left;">Který tag slouží k označení odlišného stylu textu (obvykle kurzíva)?<br></p>]]></text>
    </questiontext>
    <generalfeedback format="html">
      <text></text>
    </generalfeedback>
    <defaultgrade>1.0000000</defaultgrade>
    <penalty>0.5000000</penalty>
    <hidden>0</hidden>
    <idnumber></idnumber>
    <usecase>0</usecase>
    <answer fraction="100" format="moodle_auto_format">
      <text>i</text>
      <feedback format="html">
        <text></text>
      </feedback>
    </answer>
    <answer fraction="100" format="moodle_auto_format">
      <text><![CDATA[<i>]]></text>
      <feedback format="html">
        <text></text>
      </feedback>
    </answer>
    <answer fraction="100" format="moodle_auto_format">
      <text><![CDATA[<i></i>]]></text>
      <feedback format="html">
        <text></text>
      </feedback>
    </answer>
    <tags>
      <tag><text>html</text>
</tag>
      <tag><text>i</text>
</tag>
    </tags>
  </question>

<!-- question: 7874  -->
  <question type="shortanswer">
    <name>
      <text>img</text>
    </name>
    <questiontext format="html">
      <text><![CDATA[<p dir="ltr" style="text-align: left;">Který tag slouží ke vložení obrázku?<br></p><p dir="ltr" style="text-align: left;">Pozn.: vyplňujte bez atributů (tedy pouze název tagu - bez adresy obrázku)<br></p>]]></text>
    </questiontext>
    <generalfeedback format="html">
      <text></text>
    </generalfeedback>
    <defaultgrade>1.0000000</defaultgrade>
    <penalty>0.5000000</penalty>
    <hidden>0</hidden>
    <idnumber></idnumber>
    <usecase>0</usecase>
    <answer fraction="100" format="moodle_auto_format">
      <text>img</text>
      <feedback format="html">
        <text></text>
      </feedback>
    </answer>
    <answer fraction="100" format="moodle_auto_format">
      <text><![CDATA[<img>]]></text>
      <feedback format="html">
        <text></text>
      </feedback>
    </answer>
    <answer fraction="100" format="moodle_auto_format">
      <text><![CDATA[<img></img>]]></text>
      <feedback format="html">
        <text></text>
      </feedback>
    </answer>
    <tags>
      <tag><text>html</text>
</tag>
      <tag><text>img</text>
</tag>
    </tags>
  </question>

<!-- question: 7750  -->
  <question type="shortanswer">
    <name>
      <text>Odkaz na html soubor</text>
    </name>
    <questiontext format="html">
      <text><![CDATA[<p>Pomocí jakého html tagu můžeme mezi sebou propojit více html souborů naší webové prezentace. Např. ve formě menu. <br></p><p>Zapište pouze tag, ne jeho atributy.<br></p><p>PS.: Je více možností, jak tag zapsat (se závorkami, bez atp.). Snažil jsem se předvídat všechny možnosti, které by vás mohli napadnout, tak snad se trefíte... <br></p>]]></text>
    </questiontext>
    <generalfeedback format="html">
      <text></text>
    </generalfeedback>
    <defaultgrade>2.0000000</defaultgrade>
    <penalty>0.2500000</penalty>
    <hidden>0</hidden>
    <idnumber></idnumber>
    <usecase>0</usecase>
    <answer fraction="100" format="moodle_auto_format">
      <text>a</text>
      <feedback format="html">
        <text></text>
      </feedback>
    </answer>
    <answer fraction="100" format="moodle_auto_format">
      <text><![CDATA[<a>]]></text>
      <feedback format="html">
        <text></text>
      </feedback>
    </answer>
    <answer fraction="100" format="moodle_auto_format">
      <text><![CDATA[<a></a>]]></text>
      <feedback format="html">
        <text></text>
      </feedback>
    </answer>
    <answer fraction="100" format="moodle_auto_format">
      <text>form</text>
      <feedback format="html">
        <text></text>
      </feedback>
    </answer>
    <answer fraction="100" format="moodle_auto_format">
      <text><![CDATA[<form*]]></text>
      <feedback format="html">
        <text></text>
      </feedback>
    </answer>
    <tags>
      <tag><text>html</text>
</tag>
      <tag><text>a</text>
</tag>
      <tag><text>odkaz</text>
</tag>
    </tags>
  </question>

<!-- question: 7873  -->
  <question type="shortanswer">
    <name>
      <text>p</text>
    </name>
    <questiontext format="html">
      <text><![CDATA[<p dir="ltr" style="text-align: left;">Který tag slouží k označení odstavce (obyčejné části textu)?<br></p>]]></text>
    </questiontext>
    <generalfeedback format="html">
      <text></text>
    </generalfeedback>
    <defaultgrade>1.0000000</defaultgrade>
    <penalty>0.5000000</penalty>
    <hidden>0</hidden>
    <idnumber></idnumber>
    <usecase>0</usecase>
    <answer fraction="100" format="moodle_auto_format">
      <text>p</text>
      <feedback format="html">
        <text></text>
      </feedback>
    </answer>
    <answer fraction="100" format="moodle_auto_format">
      <text><![CDATA[<p>]]></text>
      <feedback format="html">
        <text></text>
      </feedback>
    </answer>
    <answer fraction="100" format="moodle_auto_format">
      <text><![CDATA[<p></p>]]></text>
      <feedback format="html">
        <text></text>
      </feedback>
    </answer>
    <tags>
      <tag><text>html</text>
</tag>
      <tag><text>p</text>
</tag>
    </tags>
  </question>

<!-- question: 7876  -->
  <question type="shortanswer">
    <name>
      <text>strong</text>
    </name>
    <questiontext format="html">
      <text><![CDATA[<p dir="ltr" style="text-align: left;">Který tag slouží k označení tučného textu?<br></p>]]></text>
    </questiontext>
    <generalfeedback format="html">
      <text></text>
    </generalfeedback>
    <defaultgrade>1.0000000</defaultgrade>
    <penalty>0.5000000</penalty>
    <hidden>0</hidden>
    <idnumber></idnumber>
    <usecase>0</usecase>
    <answer fraction="100" format="moodle_auto_format">
      <text>strong</text>
      <feedback format="html">
        <text></text>
      </feedback>
    </answer>
    <answer fraction="100" format="moodle_auto_format">
      <text><![CDATA[<strong>]]></text>
      <feedback format="html">
        <text></text>
      </feedback>
    </answer>
    <answer fraction="100" format="moodle_auto_format">
      <text><![CDATA[<strong></strong>]]></text>
      <feedback format="html">
        <text></text>
      </feedback>
    </answer>
    <answer fraction="100" format="moodle_auto_format">
      <text>b</text>
      <feedback format="html">
        <text></text>
      </feedback>
    </answer>
    <answer fraction="100" format="moodle_auto_format">
      <text><![CDATA[<b>]]></text>
      <feedback format="html">
        <text></text>
      </feedback>
    </answer>
    <answer fraction="100" format="moodle_auto_format">
      <text><![CDATA[<b></b>]]></text>
      <feedback format="html">
        <text></text>
      </feedback>
    </answer>
    <tags>
      <tag><text>html</text>
</tag>
      <tag><text>strong</text>
</tag>
      <tag><text>b</text>
</tag>
    </tags>
  </question>

<!-- question: 7883  -->
  <question type="truefalse">
    <name>
      <text>Absolutní jednotky - využití</text>
    </name>
    <questiontext format="html">
      <text><![CDATA[<p dir="ltr" style="text-align: left;">V moderních webových stránkách nemají absolutní jednotky žádné praktické využití.<br></p>]]></text>
    </questiontext>
    <generalfeedback format="html">
      <text></text>
    </generalfeedback>
    <defaultgrade>1.0000000</defaultgrade>
    <penalty>1.0000000</penalty>
    <hidden>0</hidden>
    <idnumber></idnumber>
    <answer fraction="0" format="moodle_auto_format">
      <text>true</text>
      <feedback format="html">
        <text></text>
      </feedback>
    </answer>
    <answer fraction="100" format="moodle_auto_format">
      <text>false</text>
      <feedback format="html">
        <text></text>
      </feedback>
    </answer>
    <tags>
      <tag><text>html</text>
</tag>
      <tag><text>jednotky</text>
</tag>
    </tags>
  </question>

<!-- question: 7882  -->
  <question type="truefalse">
    <name>
      <text>Responzivní web, jednotky</text>
    </name>
    <questiontext format="html">
      <text><![CDATA[<p dir="ltr" style="text-align: left;">U responzivních webů používáme především relativní jednotky<br></p>]]></text>
    </questiontext>
    <generalfeedback format="html">
      <text></text>
    </generalfeedback>
    <defaultgrade>1.0000000</defaultgrade>
    <penalty>1.0000000</penalty>
    <hidden>0</hidden>
    <idnumber></idnumber>
    <answer fraction="100" format="moodle_auto_format">
      <text>true</text>
      <feedback format="html">
        <text></text>
      </feedback>
    </answer>
    <answer fraction="0" format="moodle_auto_format">
      <text>false</text>
      <feedback format="html">
        <text></text>
      </feedback>
    </answer>
    <tags>
      <tag><text>html</text>
</tag>
      <tag><text>jednotky</text>
</tag>
    </tags>
  </question>

<!-- question: 7884  -->
  <question type="truefalse">
    <name>
      <text>Zobrazení tagů prohlížeči</text>
    </name>
    <questiontext format="html">
      <text><![CDATA[<p dir="ltr" style="text-align: left;">Všechny webové prohlížeče zobrazují všechny tagy graficky stejně.<br></p>]]></text>
    </questiontext>
    <generalfeedback format="html">
      <text></text>
    </generalfeedback>
    <defaultgrade>1.0000000</defaultgrade>
    <penalty>1.0000000</penalty>
    <hidden>0</hidden>
    <idnumber></idnumber>
    <answer fraction="0" format="moodle_auto_format">
      <text>true</text>
      <feedback format="html">
        <text></text>
      </feedback>
    </answer>
    <answer fraction="100" format="moodle_auto_format">
      <text>false</text>
      <feedback format="html">
        <text></text>
      </feedback>
    </answer>
    <tags>
      <tag><text>html</text>
</tag>
      <tag><text>tag</text>
</tag>
    </tags>
  </question>

<!-- question: 0  -->
  <question type="category">
    <category>
      <text>$course$/top/JaroslavHoleček/Web/HTML, CSS/Seznam, table, blok, box-model, barvy</text>
    </category>
    <info format="html">
      <text></text>
    </info>
    <idnumber></idnumber>
  </question>

<!-- question: 7923  -->
  <question type="matching">
    <name>
      <text>Box-model atributy</text>
    </name>
    <questiontext format="html">
      <text><![CDATA[<p dir="ltr" style="text-align: left;">Přiřaďte k vlastnostem jejich význam:<br></p>]]></text>
    </questiontext>
    <generalfeedback format="html">
      <text></text>
    </generalfeedback>
    <defaultgrade>6.0000000</defaultgrade>
    <penalty>0.2500000</penalty>
    <hidden>0</hidden>
    <idnumber></idnumber>
    <shuffleanswers>true</shuffleanswers>
    <correctfeedback format="html">
      <text>Vaše odpověď je správná.</text>
    </correctfeedback>
    <partiallycorrectfeedback format="html">
      <text>Vaše odpověď je částečně správná.</text>
    </partiallycorrectfeedback>
    <incorrectfeedback format="html">
      <text>Vaše odpověď je chybná.</text>
    </incorrectfeedback>
    <shownumcorrect/>
    <subquestion format="html">
      <text><![CDATA[<p dir="ltr" style="text-align: left;">width<br></p>]]></text>
      <answer>
        <text>šířka</text>
      </answer>
    </subquestion>
    <subquestion format="html">
      <text><![CDATA[<p dir="ltr" style="text-align: left;">height<br></p>]]></text>
      <answer>
        <text>výška</text>
      </answer>
    </subquestion>
    <subquestion format="html">
      <text><![CDATA[<p dir="ltr" style="text-align: left;">margin<br></p>]]></text>
      <answer>
        <text>vzdálenost ohraničení od okolního obsahu</text>
      </answer>
    </subquestion>
    <subquestion format="html">
      <text><![CDATA[<p dir="ltr" style="text-align: left;">border<br></p>]]></text>
      <answer>
        <text>ohraničení</text>
      </answer>
    </subquestion>
    <subquestion format="html">
      <text><![CDATA[<p dir="ltr" style="text-align: left;">padding<br></p>]]></text>
      <answer>
        <text>vzdálenost vnitřního obsahu od ohraničení</text>
      </answer>
    </subquestion>
    <tags>
      <tag><text>css</text>
</tag>
      <tag><text>box-model</text>
</tag>
    </tags>
  </question>

<!-- question: 7930  -->
  <question type="matching">
    <name>
      <text>Od čeho zkratky?</text>
    </name>
    <questiontext format="html">
      <text><![CDATA[<p dir="ltr" style="text-align: left;">Přiřaďte zkratky k textu, který zkracují.<br></p>]]></text>
    </questiontext>
    <generalfeedback format="html">
      <text></text>
    </generalfeedback>
    <defaultgrade>4.0000000</defaultgrade>
    <penalty>0.2500000</penalty>
    <hidden>0</hidden>
    <idnumber></idnumber>
    <shuffleanswers>true</shuffleanswers>
    <correctfeedback format="html">
      <text>Vaše odpověď je správná.</text>
    </correctfeedback>
    <partiallycorrectfeedback format="html">
      <text>Vaše odpověď je částečně správná.</text>
    </partiallycorrectfeedback>
    <incorrectfeedback format="html">
      <text>Vaše odpověď je chybná.</text>
    </incorrectfeedback>
    <shownumcorrect/>
    <subquestion format="html">
      <text><![CDATA[<p dir="ltr" style="text-align: left;">ul<br></p>]]></text>
      <answer>
        <text>unorder list</text>
      </answer>
    </subquestion>
    <subquestion format="html">
      <text></text>
      <answer>
        <text>universal list</text>
      </answer>
    </subquestion>
    <subquestion format="html">
      <text><![CDATA[<p dir="ltr" style="text-align: left;">ol<br></p>]]></text>
      <answer>
        <text>order list</text>
      </answer>
    </subquestion>
    <subquestion format="html">
      <text></text>
      <answer>
        <text>overhype list</text>
      </answer>
    </subquestion>
    <subquestion format="html">
      <text><![CDATA[<p dir="ltr" style="text-align: left;">li<br></p>]]></text>
      <answer>
        <text>list item</text>
      </answer>
    </subquestion>
    <subquestion format="html">
      <text></text>
      <answer>
        <text>long input</text>
      </answer>
    </subquestion>
    <subquestion format="html">
      <text><![CDATA[<p dir="ltr" style="text-align: left;">tr<br></p>]]></text>
      <answer>
        <text>table row</text>
      </answer>
    </subquestion>
    <subquestion format="html">
      <text></text>
      <answer>
        <text>transparent reading</text>
      </answer>
    </subquestion>
    <subquestion format="html">
      <text><![CDATA[<p dir="ltr" style="text-align: left;">td<br></p>]]></text>
      <answer>
        <text>table data</text>
      </answer>
    </subquestion>
    <subquestion format="html">
      <text></text>
      <answer>
        <text>tiny draw</text>
      </answer>
    </subquestion>
    <subquestion format="html">
      <text><![CDATA[<p dir="ltr" style="text-align: left;">th<br></p>]]></text>
      <answer>
        <text>table head</text>
      </answer>
    </subquestion>
    <subquestion format="html">
      <text></text>
      <answer>
        <text>top header</text>
      </answer>
    </subquestion>
    <tags>
      <tag><text>html</text>
</tag>
      <tag><text>ul</text>
</tag>
      <tag><text>ol</text>
</tag>
      <tag><text>table</text>
</tag>
      <tag><text>tr</text>
</tag>
      <tag><text>td</text>
</tag>
      <tag><text>th</text>
</tag>
      <tag><text>li</text>
</tag>
    </tags>
  </question>

<!-- question: 7922  -->
  <question type="matching">
    <name>
      <text>Význam tagů</text>
    </name>
    <questiontext format="html">
      <text><![CDATA[<p dir="ltr" style="text-align: left;">Přiřaďte k tagům jejich význam:<br></p>]]></text>
    </questiontext>
    <generalfeedback format="html">
      <text></text>
    </generalfeedback>
    <defaultgrade>6.0000000</defaultgrade>
    <penalty>0.2500000</penalty>
    <hidden>0</hidden>
    <idnumber></idnumber>
    <shuffleanswers>true</shuffleanswers>
    <correctfeedback format="html">
      <text>Vaše odpověď je správná.</text>
    </correctfeedback>
    <partiallycorrectfeedback format="html">
      <text>Vaše odpověď je částečně správná.</text>
    </partiallycorrectfeedback>
    <incorrectfeedback format="html">
      <text>Vaše odpověď je chybná.</text>
    </incorrectfeedback>
    <shownumcorrect/>
    <subquestion format="html">
      <text><![CDATA[<p dir="ltr" style="text-align: left;">ul<br></p>]]></text>
      <answer>
        <text>nečíslovaný seznam</text>
      </answer>
    </subquestion>
    <subquestion format="html">
      <text><![CDATA[<p dir="ltr" style="text-align: left;">ol<br></p>]]></text>
      <answer>
        <text>číslovaný seznam</text>
      </answer>
    </subquestion>
    <subquestion format="html">
      <text><![CDATA[<p dir="ltr" style="text-align: left;">li<br></p>]]></text>
      <answer>
        <text>bod seznamu</text>
      </answer>
    </subquestion>
    <subquestion format="html">
      <text><![CDATA[<p dir="ltr" style="text-align: left;">div<br></p>]]></text>
      <answer>
        <text>stránkový blok (přes celou šířku)</text>
      </answer>
    </subquestion>
    <subquestion format="html">
      <text><![CDATA[<p dir="ltr" style="text-align: left;">span<br></p>]]></text>
      <answer>
        <text>řádkový blok (na šířku svého obsahu)</text>
      </answer>
    </subquestion>
    <subquestion format="html">
      <text><![CDATA[<p dir="ltr" style="text-align: left;">table<br></p>]]></text>
      <answer>
        <text>tabulka</text>
      </answer>
    </subquestion>
    <subquestion format="html">
      <text><![CDATA[<p dir="ltr" style="text-align: left;">tr<br></p>]]></text>
      <answer>
        <text>řádek tabulky</text>
      </answer>
    </subquestion>
    <subquestion format="html">
      <text><![CDATA[<p dir="ltr" style="text-align: left;">td<br></p>]]></text>
      <answer>
        <text>buňka tabulky</text>
      </answer>
    </subquestion>
    <subquestion format="html">
      <text><![CDATA[<p dir="ltr" style="text-align: left;">th<br></p>]]></text>
      <answer>
        <text>zvýrazněná buňka tabulky</text>
      </answer>
    </subquestion>
    <tags>
      <tag><text>html</text>
</tag>
      <tag><text>ul</text>
</tag>
      <tag><text>ol</text>
</tag>
      <tag><text>div</text>
</tag>
      <tag><text>span</text>
</tag>
      <tag><text>table</text>
</tag>
    </tags>
  </question>

<!-- question: 7935  -->
  <question type="multichoice">
    <name>
      <text>Alfa kanál</text>
    </name>
    <questiontext format="html">
      <text><![CDATA[<p dir="ltr" style="text-align: left;">Co je to alfa kanál?<br></p>]]></text>
    </questiontext>
    <generalfeedback format="html">
      <text></text>
    </generalfeedback>
    <defaultgrade>2.0000000</defaultgrade>
    <penalty>0.5000000</penalty>
    <hidden>0</hidden>
    <idnumber></idnumber>
    <single>true</single>
    <shuffleanswers>true</shuffleanswers>
    <answernumbering>abc</answernumbering>
    <showstandardinstruction>0</showstandardinstruction>
    <correctfeedback format="html">
      <text>Vaše odpověď je správná.</text>
    </correctfeedback>
    <partiallycorrectfeedback format="html">
      <text>Vaše odpověď je částečně správná.</text>
    </partiallycorrectfeedback>
    <incorrectfeedback format="html">
      <text>Vaše odpověď je chybná.</text>
    </incorrectfeedback>
    <shownumcorrect/>
    <answer fraction="100" format="html">
      <text><![CDATA[<p dir="ltr" style="text-align: left;">Nepovinná položka u barvy - nastavuje průhlednost<br></p>]]></text>
      <feedback format="html">
        <text></text>
      </feedback>
    </answer>
    <answer fraction="0" format="html">
      <text><![CDATA[<p dir="ltr" style="text-align: left;">Povinná položka u barvy - nastavuje zda se barva zobrazení nebo ne<br></p>]]></text>
      <feedback format="html">
        <text></text>
      </feedback>
    </answer>
    <answer fraction="0" format="html">
      <text><![CDATA[<p dir="ltr" style="text-align: left;">Hlavní komunikační kanál mezi počítači<br></p>]]></text>
      <feedback format="html">
        <text></text>
      </feedback>
    </answer>
    <answer fraction="0" format="html">
      <text><![CDATA[<p dir="ltr" style="text-align: left;">Hlavní komunikační kanál mezi počítačem a uživatelem (obvykle obrazovka)<br></p>]]></text>
      <feedback format="html">
        <text></text>
      </feedback>
    </answer>
    <tags>
      <tag><text>css</text>
</tag>
      <tag><text>barva</text>
</tag>
      <tag><text>alfa</text>
</tag>
    </tags>
  </question>

<!-- question: 7933  -->
  <question type="multichoice">
    <name>
      <text>Co je box-model</text>
    </name>
    <questiontext format="html">
      <text><![CDATA[<p dir="ltr" style="text-align: left;">Co označuje spojení box-model ?<br></p>]]></text>
    </questiontext>
    <generalfeedback format="html">
      <text></text>
    </generalfeedback>
    <defaultgrade>2.0000000</defaultgrade>
    <penalty>0.5000000</penalty>
    <hidden>0</hidden>
    <idnumber></idnumber>
    <single>true</single>
    <shuffleanswers>true</shuffleanswers>
    <answernumbering>abc</answernumbering>
    <showstandardinstruction>0</showstandardinstruction>
    <correctfeedback format="html">
      <text>Vaše odpověď je správná.</text>
    </correctfeedback>
    <partiallycorrectfeedback format="html">
      <text>Vaše odpověď je částečně správná.</text>
    </partiallycorrectfeedback>
    <incorrectfeedback format="html">
      <text>Vaše odpověď je chybná.</text>
    </incorrectfeedback>
    <shownumcorrect/>
    <answer fraction="100" format="html">
      <text><![CDATA[Představa tagu jako krabice, která sestává z částí: vnější odsazení - ohraničení - vnitřní odsazení - obsah<br>]]></text>
      <feedback format="html">
        <text></text>
      </feedback>
    </answer>
    <answer fraction="0" format="html">
      <text><![CDATA[<p dir="ltr" style="text-align: left;">Představa tagu jako krabice, která se dá otevírat a zavírat<br></p>]]></text>
      <feedback format="html">
        <text></text>
      </feedback>
    </answer>
    <answer fraction="0" format="html">
      <text><![CDATA[<p dir="ltr" style="text-align: left;">Představa tagu jako krabice, která chrání svůj obsah<br></p>]]></text>
      <feedback format="html">
        <text></text>
      </feedback>
    </answer>
    <answer fraction="0" format="html">
      <text><![CDATA[<p dir="ltr" style="text-align: left;">První webová stránka, která se věnovala boxu.<br></p>]]></text>
      <feedback format="html">
        <text></text>
      </feedback>
    </answer>
    <tags>
      <tag><text>css</text>
</tag>
      <tag><text>box-model</text>
</tag>
    </tags>
  </question>

<!-- question: 7931  -->
  <question type="multichoice">
    <name>
      <text>Šířka div</text>
    </name>
    <questiontext format="html">
      <text><![CDATA[<p dir="ltr" style="text-align: left;">Pokud nenastavíme jinak, je šířka div:<br></p>]]></text>
    </questiontext>
    <generalfeedback format="html">
      <text></text>
    </generalfeedback>
    <defaultgrade>2.0000000</defaultgrade>
    <penalty>0.5000000</penalty>
    <hidden>0</hidden>
    <idnumber></idnumber>
    <single>true</single>
    <shuffleanswers>true</shuffleanswers>
    <answernumbering>abc</answernumbering>
    <showstandardinstruction>0</showstandardinstruction>
    <correctfeedback format="html">
      <text>Vaše odpověď je správná.</text>
    </correctfeedback>
    <partiallycorrectfeedback format="html">
      <text>Vaše odpověď je částečně správná.</text>
    </partiallycorrectfeedback>
    <incorrectfeedback format="html">
      <text>Vaše odpověď je chybná.</text>
    </incorrectfeedback>
    <shownumcorrect/>
    <answer fraction="100" format="html">
      <text><![CDATA[<p dir="ltr" style="text-align: left;">přes celou šířku nadřazeného prvku<br></p>]]></text>
      <feedback format="html">
        <text></text>
      </feedback>
    </answer>
    <answer fraction="0" format="html">
      <text><![CDATA[<p dir="ltr" style="text-align: left;">přes polovinu nadřazeného prvku<br></p>]]></text>
      <feedback format="html">
        <text></text>
      </feedback>
    </answer>
    <answer fraction="0" format="html">
      <text><![CDATA[<p dir="ltr" style="text-align: left;">tolik, kolik potřebuje vnitřní obsah<br></p>]]></text>
      <feedback format="html">
        <text></text>
      </feedback>
    </answer>
    <tags>
      <tag><text>html</text>
</tag>
      <tag><text>div</text>
</tag>
    </tags>
  </question>

<!-- question: 7932  -->
  <question type="multichoice">
    <name>
      <text>Šířka span</text>
    </name>
    <questiontext format="html">
      <text><![CDATA[<p dir="ltr" style="text-align: left;">Pokud nenastavíme jinak, je šířka span:<br></p>]]></text>
    </questiontext>
    <generalfeedback format="html">
      <text></text>
    </generalfeedback>
    <defaultgrade>2.0000000</defaultgrade>
    <penalty>0.5000000</penalty>
    <hidden>0</hidden>
    <idnumber></idnumber>
    <single>true</single>
    <shuffleanswers>true</shuffleanswers>
    <answernumbering>abc</answernumbering>
    <showstandardinstruction>0</showstandardinstruction>
    <correctfeedback format="html">
      <text>Vaše odpověď je správná.</text>
    </correctfeedback>
    <partiallycorrectfeedback format="html">
      <text>Vaše odpověď je částečně správná.</text>
    </partiallycorrectfeedback>
    <incorrectfeedback format="html">
      <text>Vaše odpověď je chybná.</text>
    </incorrectfeedback>
    <shownumcorrect/>
    <answer fraction="0" format="html">
      <text><![CDATA[<p dir="ltr" style="text-align: left;">přes celou šířku nadřazeného prvku<br></p>]]></text>
      <feedback format="html">
        <text></text>
      </feedback>
    </answer>
    <answer fraction="0" format="html">
      <text><![CDATA[<p dir="ltr" style="text-align: left;">přes polovinu nadřazeného prvku<br></p>]]></text>
      <feedback format="html">
        <text></text>
      </feedback>
    </answer>
    <answer fraction="100" format="html">
      <text><![CDATA[<p dir="ltr" style="text-align: left;">tolik, kolik potřebuje vnitřní obsah<br></p>]]></text>
      <feedback format="html">
        <text></text>
      </feedback>
    </answer>
    <tags>
      <tag><text>html</text>
</tag>
      <tag><text>span</text>
</tag>
    </tags>
  </question>

<!-- question: 7934  -->
  <question type="multichoice">
    <name>
      <text>Skládané barvy?</text>
    </name>
    <questiontext format="html">
      <text><![CDATA[<p dir="ltr" style="text-align: left;">Ze kterých barev obvykle skládáme všechny ostatní barvy v počítači?<br></p>]]></text>
    </questiontext>
    <generalfeedback format="html">
      <text></text>
    </generalfeedback>
    <defaultgrade>2.0000000</defaultgrade>
    <penalty>0.5000000</penalty>
    <hidden>0</hidden>
    <idnumber></idnumber>
    <single>false</single>
    <shuffleanswers>true</shuffleanswers>
    <answernumbering>abc</answernumbering>
    <showstandardinstruction>0</showstandardinstruction>
    <correctfeedback format="html">
      <text>Vaše odpověď je správná.</text>
    </correctfeedback>
    <partiallycorrectfeedback format="html">
      <text>Vaše odpověď je částečně správná.</text>
    </partiallycorrectfeedback>
    <incorrectfeedback format="html">
      <text>Vaše odpověď je chybná.</text>
    </incorrectfeedback>
    <shownumcorrect/>
    <answer fraction="33.33333" format="html">
      <text><![CDATA[<p dir="ltr" style="text-align: left;">Červená<br></p>]]></text>
      <feedback format="html">
        <text></text>
      </feedback>
    </answer>
    <answer fraction="33.33333" format="html">
      <text><![CDATA[<p dir="ltr" style="text-align: left;">Zelená<br></p>]]></text>
      <feedback format="html">
        <text></text>
      </feedback>
    </answer>
    <answer fraction="33.33333" format="html">
      <text><![CDATA[<p dir="ltr" style="text-align: left;">Modrá<br></p>]]></text>
      <feedback format="html">
        <text></text>
      </feedback>
    </answer>
    <answer fraction="-33.33333" format="html">
      <text><![CDATA[<p dir="ltr" style="text-align: left;">Oranžová<br></p>]]></text>
      <feedback format="html">
        <text></text>
      </feedback>
    </answer>
    <answer fraction="-33.33333" format="html">
      <text><![CDATA[<p dir="ltr" style="text-align: left;">Bílá<br></p>]]></text>
      <feedback format="html">
        <text></text>
      </feedback>
    </answer>
    <answer fraction="-33.33333" format="html">
      <text><![CDATA[<p dir="ltr" style="text-align: left;">Černá<br></p>]]></text>
      <feedback format="html">
        <text></text>
      </feedback>
    </answer>
    <tags>
      <tag><text>css</text>
</tag>
      <tag><text>barva</text>
</tag>
    </tags>
  </question>

<!-- question: 7936  -->
  <question type="multichoice">
    <name>
      <text>Zkratka RGB</text>
    </name>
    <questiontext format="html">
      <text><![CDATA[<p dir="ltr" style="text-align: left;">Čeho je zkratka RGB ?<br></p>]]></text>
    </questiontext>
    <generalfeedback format="html">
      <text></text>
    </generalfeedback>
    <defaultgrade>2.0000000</defaultgrade>
    <penalty>0.5000000</penalty>
    <hidden>0</hidden>
    <idnumber></idnumber>
    <single>true</single>
    <shuffleanswers>true</shuffleanswers>
    <answernumbering>abc</answernumbering>
    <showstandardinstruction>0</showstandardinstruction>
    <correctfeedback format="html">
      <text>Vaše odpověď je správná.</text>
    </correctfeedback>
    <partiallycorrectfeedback format="html">
      <text>Vaše odpověď je částečně správná.</text>
    </partiallycorrectfeedback>
    <incorrectfeedback format="html">
      <text>Vaše odpověď je chybná.</text>
    </incorrectfeedback>
    <shownumcorrect/>
    <answer fraction="100" format="html">
      <text><![CDATA[<p dir="ltr" style="text-align: left;">Red - Green - Blue<br></p>]]></text>
      <feedback format="html">
        <text></text>
      </feedback>
    </answer>
    <answer fraction="0" format="html">
      <text><![CDATA[<p dir="ltr" style="text-align: left;">Red - Gold - Bull<br></p>]]></text>
      <feedback format="html">
        <text></text>
      </feedback>
    </answer>
    <answer fraction="0" format="html">
      <text><![CDATA[<p dir="ltr" style="text-align: left;">Roasted - Grill - Beacon<br></p>]]></text>
      <feedback format="html">
        <text></text>
      </feedback>
    </answer>
    <answer fraction="0" format="html">
      <text><![CDATA[<p dir="ltr" style="text-align: left;">Rest - Gain - Bell<br></p>]]></text>
      <feedback format="html">
        <text></text>
      </feedback>
    </answer>
    <tags>
      <tag><text>css</text>
</tag>
      <tag><text>barva</text>
</tag>
      <tag><text>rgb</text>
</tag>
    </tags>
  </question>

<!-- question: 7928  -->
  <question type="shortanswer">
    <name>
      <text>Buňka tabulky</text>
    </name>
    <questiontext format="html">
      <text><![CDATA[<p dir="ltr" style="text-align: left;">Jaký tag použijeme pro obyčejnou buňku v tabulce.<br>Pozn.: zapište pouze tag (bez atributů, bez celé tabulky, apd.)<br></p>]]></text>
    </questiontext>
    <generalfeedback format="html">
      <text></text>
    </generalfeedback>
    <defaultgrade>2.0000000</defaultgrade>
    <penalty>0.5000000</penalty>
    <hidden>0</hidden>
    <idnumber></idnumber>
    <usecase>0</usecase>
    <answer fraction="100" format="moodle_auto_format">
      <text>td</text>
      <feedback format="html">
        <text></text>
      </feedback>
    </answer>
    <answer fraction="100" format="moodle_auto_format">
      <text><![CDATA[<td>]]></text>
      <feedback format="html">
        <text></text>
      </feedback>
    </answer>
    <answer fraction="100" format="moodle_auto_format">
      <text><![CDATA[<td></td>]]></text>
      <feedback format="html">
        <text></text>
      </feedback>
    </answer>
    <tags>
      <tag><text>html</text>
</tag>
      <tag><text>table</text>
</tag>
      <tag><text>td</text>
</tag>
    </tags>
  </question>

<!-- question: 7925  -->
  <question type="shortanswer">
    <name>
      <text>Číslovaný seznam</text>
    </name>
    <questiontext format="html">
      <text><![CDATA[<p dir="ltr" style="text-align: left;">Jaký tag použijeme pro číslovaný seznam.<br>Pozn.: zapište pouze tag (bez atributů, bez položek seznamu)<br></p>]]></text>
    </questiontext>
    <generalfeedback format="html">
      <text></text>
    </generalfeedback>
    <defaultgrade>2.0000000</defaultgrade>
    <penalty>0.5000000</penalty>
    <hidden>0</hidden>
    <idnumber></idnumber>
    <usecase>0</usecase>
    <answer fraction="100" format="moodle_auto_format">
      <text>ol</text>
      <feedback format="html">
        <text></text>
      </feedback>
    </answer>
    <answer fraction="100" format="moodle_auto_format">
      <text><![CDATA[<ol>]]></text>
      <feedback format="html">
        <text></text>
      </feedback>
    </answer>
    <answer fraction="100" format="moodle_auto_format">
      <text><![CDATA[<ol></ol>]]></text>
      <feedback format="html">
        <text></text>
      </feedback>
    </answer>
    <tags>
      <tag><text>html</text>
</tag>
      <tag><text>ol</text>
</tag>
    </tags>
  </question>

<!-- question: 7929  -->
  <question type="shortanswer">
    <name>
      <text>Hlavičková buňka tabulky</text>
    </name>
    <questiontext format="html">
      <text><![CDATA[<p dir="ltr" style="text-align: left;">Jaký tag použijeme pro zvýrazněnou buňku v tabulce (obvykle hlavičková buňka).<br>Pozn.: zapište pouze tag (bez atributů, bez celé tabulky, apd.)<br></p>]]></text>
    </questiontext>
    <generalfeedback format="html">
      <text></text>
    </generalfeedback>
    <defaultgrade>2.0000000</defaultgrade>
    <penalty>0.5000000</penalty>
    <hidden>0</hidden>
    <idnumber></idnumber>
    <usecase>0</usecase>
    <answer fraction="100" format="moodle_auto_format">
      <text>th</text>
      <feedback format="html">
        <text></text>
      </feedback>
    </answer>
    <answer fraction="100" format="moodle_auto_format">
      <text><![CDATA[<th>]]></text>
      <feedback format="html">
        <text></text>
      </feedback>
    </answer>
    <answer fraction="100" format="moodle_auto_format">
      <text><![CDATA[<th></th>]]></text>
      <feedback format="html">
        <text></text>
      </feedback>
    </answer>
    <tags>
      <tag><text>html</text>
</tag>
      <tag><text>table</text>
</tag>
      <tag><text>th</text>
</tag>
    </tags>
  </question>

<!-- question: 7924  -->
  <question type="shortanswer">
    <name>
      <text>Nečíslovaný seznam</text>
    </name>
    <questiontext format="html">
      <text><![CDATA[<p dir="ltr" style="text-align: left;">Jaký tag použijeme pro nečíslovaný seznam.<br>Pozn.: zapište pouze tag (bez atributů, bez položek seznamu)<br></p>]]></text>
    </questiontext>
    <generalfeedback format="html">
      <text></text>
    </generalfeedback>
    <defaultgrade>2.0000000</defaultgrade>
    <penalty>0.5000000</penalty>
    <hidden>0</hidden>
    <idnumber></idnumber>
    <usecase>0</usecase>
    <answer fraction="100" format="moodle_auto_format">
      <text>ul</text>
      <feedback format="html">
        <text></text>
      </feedback>
    </answer>
    <answer fraction="100" format="moodle_auto_format">
      <text><![CDATA[<ul>]]></text>
      <feedback format="html">
        <text></text>
      </feedback>
    </answer>
    <answer fraction="100" format="moodle_auto_format">
      <text><![CDATA[<ul></ul>]]></text>
      <feedback format="html">
        <text></text>
      </feedback>
    </answer>
    <tags>
      <tag><text>html</text>
</tag>
      <tag><text>ul</text>
</tag>
    </tags>
  </question>

<!-- question: 7927  -->
  <question type="shortanswer">
    <name>
      <text>Řádek tabulky</text>
    </name>
    <questiontext format="html">
      <text><![CDATA[<p dir="ltr" style="text-align: left;">Jaký tag použijeme pro řádek v tabulce.<br>Pozn.: zapište pouze tag (bez atributů, bez celé tabulky, apd.)<br></p>]]></text>
    </questiontext>
    <generalfeedback format="html">
      <text></text>
    </generalfeedback>
    <defaultgrade>2.0000000</defaultgrade>
    <penalty>0.5000000</penalty>
    <hidden>0</hidden>
    <idnumber></idnumber>
    <usecase>0</usecase>
    <answer fraction="100" format="moodle_auto_format">
      <text>tr</text>
      <feedback format="html">
        <text></text>
      </feedback>
    </answer>
    <answer fraction="100" format="moodle_auto_format">
      <text><![CDATA[<tr>]]></text>
      <feedback format="html">
        <text></text>
      </feedback>
    </answer>
    <answer fraction="100" format="moodle_auto_format">
      <text><![CDATA[<tr></tr>]]></text>
      <feedback format="html">
        <text></text>
      </feedback>
    </answer>
    <tags>
      <tag><text>html</text>
</tag>
      <tag><text>table</text>
</tag>
      <tag><text>tr</text>
</tag>
    </tags>
  </question>

<!-- question: 7926  -->
  <question type="shortanswer">
    <name>
      <text>Tabulka</text>
    </name>
    <questiontext format="html">
      <text><![CDATA[<p dir="ltr" style="text-align: left;">Jaký tag použijeme pro tvorbu tabulky.<br>Pozn.: zapište pouze tag (bez atributů, bez řádků, apd.)<br></p>]]></text>
    </questiontext>
    <generalfeedback format="html">
      <text></text>
    </generalfeedback>
    <defaultgrade>2.0000000</defaultgrade>
    <penalty>0.5000000</penalty>
    <hidden>0</hidden>
    <idnumber></idnumber>
    <usecase>0</usecase>
    <answer fraction="100" format="moodle_auto_format">
      <text>table</text>
      <feedback format="html">
        <text></text>
      </feedback>
    </answer>
    <answer fraction="100" format="moodle_auto_format">
      <text><![CDATA[<table>]]></text>
      <feedback format="html">
        <text></text>
      </feedback>
    </answer>
    <answer fraction="100" format="moodle_auto_format">
      <text><![CDATA[<table></table>]]></text>
      <feedback format="html">
        <text></text>
      </feedback>
    </answer>
    <tags>
      <tag><text>html</text>
</tag>
      <tag><text>table</text>
</tag>
    </tags>
  </question>

<!-- question: 0  -->
  <question type="category">
    <category>
      <text>$course$/top/JaroslavHoleček/Web/HTML, CSS/Id, class, formulář, label</text>
    </category>
    <info format="html">
      <text></text>
    </info>
    <idnumber></idnumber>
  </question>

<!-- question: 7960  -->
  <question type="matching">
    <name>
      <text>Význam tagů</text>
    </name>
    <questiontext format="html">
      <text><![CDATA[<p dir="ltr" style="text-align: left;">Přiřaďte k tagům a atributům jejich význam:<br></p>]]></text>
    </questiontext>
    <generalfeedback format="html">
      <text></text>
    </generalfeedback>
    <defaultgrade>4.0000000</defaultgrade>
    <penalty>0.3333333</penalty>
    <hidden>0</hidden>
    <idnumber></idnumber>
    <shuffleanswers>true</shuffleanswers>
    <correctfeedback format="html">
      <text>Vaše odpověď je správná.</text>
    </correctfeedback>
    <partiallycorrectfeedback format="html">
      <text>Vaše odpověď je částečně správná.</text>
    </partiallycorrectfeedback>
    <incorrectfeedback format="html">
      <text>Vaše odpověď je chybná.</text>
    </incorrectfeedback>
    <shownumcorrect/>
    <subquestion format="html">
      <text><![CDATA[<p dir="ltr" style="text-align: left;">id<br></p>]]></text>
      <answer>
        <text>identifikátor jednoho prvku</text>
      </answer>
    </subquestion>
    <subquestion format="html">
      <text><![CDATA[<p dir="ltr" style="text-align: left;">class<br></p>]]></text>
      <answer>
        <text>identifikátor skupiny prvků</text>
      </answer>
    </subquestion>
    <subquestion format="html">
      <text><![CDATA[<p dir="ltr" style="text-align: left;">form<br></p>]]></text>
      <answer>
        <text>blok pro vstup dat od uživatele stránek</text>
      </answer>
    </subquestion>
    <subquestion format="html">
      <text><![CDATA[<p dir="ltr" style="text-align: left;">label<br></p>]]></text>
      <answer>
        <text>spojení textu s jinou položkou (např. prvkem formuláře)</text>
      </answer>
    </subquestion>
    <subquestion format="html">
      <text></text>
      <answer>
        <text>identifikátor stránky</text>
      </answer>
    </subquestion>
    <subquestion format="html">
      <text></text>
      <answer>
        <text>označení skupiny (třídy), která stránky vytváří</text>
      </answer>
    </subquestion>
    <subquestion format="html">
      <text></text>
      <answer>
        <text>Nastavení formy zobrazení</text>
      </answer>
    </subquestion>
    <subquestion format="html">
      <text></text>
      <answer>
        <text>Štítek, přes který vyhledávače hledají naši stránku na internetu</text>
      </answer>
    </subquestion>
    <tags>
      <tag><text>html</text>
</tag>
      <tag><text>form</text>
</tag>
      <tag><text>label</text>
</tag>
      <tag><text>id</text>
</tag>
      <tag><text>class</text>
</tag>
    </tags>
  </question>

<!-- question: 7965  -->
  <question type="multichoice">
    <name>
      <text>Atributy id, class</text>
    </name>
    <questiontext format="html">
      <text><![CDATA[<p dir="ltr" style="text-align: left;">Zaškrtněte atributy:<br></p>]]></text>
    </questiontext>
    <generalfeedback format="html">
      <text></text>
    </generalfeedback>
    <defaultgrade>2.0000000</defaultgrade>
    <penalty>0.5000000</penalty>
    <hidden>0</hidden>
    <idnumber></idnumber>
    <single>false</single>
    <shuffleanswers>true</shuffleanswers>
    <answernumbering>abc</answernumbering>
    <showstandardinstruction>0</showstandardinstruction>
    <correctfeedback format="html">
      <text>Vaše odpověď je správná.</text>
    </correctfeedback>
    <partiallycorrectfeedback format="html">
      <text>Vaše odpověď je částečně správná.</text>
    </partiallycorrectfeedback>
    <incorrectfeedback format="html">
      <text>Vaše odpověď je chybná.</text>
    </incorrectfeedback>
    <shownumcorrect/>
    <answer fraction="50" format="html">
      <text><![CDATA[<p dir="ltr" style="text-align: left;">id<br></p>]]></text>
      <feedback format="html">
        <text></text>
      </feedback>
    </answer>
    <answer fraction="50" format="html">
      <text><![CDATA[<p dir="ltr" style="text-align: left;">class<br></p>]]></text>
      <feedback format="html">
        <text></text>
      </feedback>
    </answer>
    <answer fraction="-50" format="html">
      <text><![CDATA[<p dir="ltr" style="text-align: left;">label<br></p>]]></text>
      <feedback format="html">
        <text></text>
      </feedback>
    </answer>
    <answer fraction="-50" format="html">
      <text><![CDATA[<p dir="ltr" style="text-align: left;">form<br></p>]]></text>
      <feedback format="html">
        <text></text>
      </feedback>
    </answer>
    <tags>
      <tag><text>html</text>
</tag>
      <tag><text>form</text>
</tag>
      <tag><text>label</text>
</tag>
      <tag><text>id</text>
</tag>
      <tag><text>class</text>
</tag>
    </tags>
  </question>

<!-- question: 7964  -->
  <question type="multichoice">
    <name>
      <text>Tagy form, label</text>
    </name>
    <questiontext format="html">
      <text><![CDATA[<p dir="ltr" style="text-align: left;">Zaškrtněte tagy:<br></p>]]></text>
    </questiontext>
    <generalfeedback format="html">
      <text></text>
    </generalfeedback>
    <defaultgrade>2.0000000</defaultgrade>
    <penalty>0.5000000</penalty>
    <hidden>0</hidden>
    <idnumber></idnumber>
    <single>false</single>
    <shuffleanswers>true</shuffleanswers>
    <answernumbering>abc</answernumbering>
    <showstandardinstruction>0</showstandardinstruction>
    <correctfeedback format="html">
      <text>Vaše odpověď je správná.</text>
    </correctfeedback>
    <partiallycorrectfeedback format="html">
      <text>Vaše odpověď je částečně správná.</text>
    </partiallycorrectfeedback>
    <incorrectfeedback format="html">
      <text>Vaše odpověď je chybná.</text>
    </incorrectfeedback>
    <shownumcorrect/>
    <answer fraction="50" format="html">
      <text><![CDATA[<p dir="ltr" style="text-align: left;">form<br></p>]]></text>
      <feedback format="html">
        <text></text>
      </feedback>
    </answer>
    <answer fraction="50" format="html">
      <text><![CDATA[<p dir="ltr" style="text-align: left;">label<br></p>]]></text>
      <feedback format="html">
        <text></text>
      </feedback>
    </answer>
    <answer fraction="-50" format="html">
      <text><![CDATA[<p dir="ltr" style="text-align: left;">id<br></p>]]></text>
      <feedback format="html">
        <text></text>
      </feedback>
    </answer>
    <answer fraction="-50" format="html">
      <text><![CDATA[<p dir="ltr" style="text-align: left;">class<br></p>]]></text>
      <feedback format="html">
        <text></text>
      </feedback>
    </answer>
    <tags>
      <tag><text>html</text>
</tag>
      <tag><text>form</text>
</tag>
      <tag><text>label</text>
</tag>
      <tag><text>id</text>
</tag>
      <tag><text>class</text>
</tag>
    </tags>
  </question>

<!-- question: 7974  -->
  <question type="shortanswer">
    <name>
      <text>Odkaz na class v css</text>
    </name>
    <questiontext format="html">
      <text><![CDATA[<p dir="ltr" style="text-align: left;">Pomocí jakého znaku odkazujeme v css na class?</p><p dir="ltr" style="text-align: left;"><br></p><p dir="ltr" style="text-align: left;">Pozn.: Zapište pouze první znak odkazu - tedy název třídy, ani závorky nepište.<br></p>]]></text>
    </questiontext>
    <generalfeedback format="html">
      <text></text>
    </generalfeedback>
    <defaultgrade>2.0000000</defaultgrade>
    <penalty>0.3333333</penalty>
    <hidden>0</hidden>
    <idnumber></idnumber>
    <usecase>0</usecase>
    <answer fraction="100" format="moodle_auto_format">
      <text>.</text>
      <feedback format="html">
        <text></text>
      </feedback>
    </answer>
    <answer fraction="100" format="moodle_auto_format">
      <text>.</text>
      <feedback format="html">
        <text></text>
      </feedback>
    </answer>
    <answer fraction="100" format="moodle_auto_format">
      <text>.*</text>
      <feedback format="html">
        <text></text>
      </feedback>
    </answer>
    <answer fraction="100" format="moodle_auto_format">
      <text>.*{}</text>
      <feedback format="html">
        <text></text>
      </feedback>
    </answer>
    <answer fraction="100" format="moodle_auto_format">
      <text>.*{*}</text>
      <feedback format="html">
        <text></text>
      </feedback>
    </answer>
    <tags>
      <tag><text>css</text>
</tag>
      <tag><text>class</text>
</tag>
    </tags>
  </question>

<!-- question: 7963  -->
  <question type="shortanswer">
    <name>
      <text>Odkaz na id</text>
    </name>
    <questiontext format="html">
      <text><![CDATA[<p dir="ltr" style="text-align: left;">Adresa odkazu na prvek označený id začíná znakem:</p><p dir="ltr" style="text-align: left;"><br></p><p dir="ltr" style="text-align: left;">Pozn.: Chceme odkázat pomocí id, konkrétní název id nepište - pouze znak, kterým odkaz začíná.<br></p>]]></text>
    </questiontext>
    <generalfeedback format="html">
      <text></text>
    </generalfeedback>
    <defaultgrade>2.0000000</defaultgrade>
    <penalty>0.5000000</penalty>
    <hidden>0</hidden>
    <idnumber></idnumber>
    <usecase>0</usecase>
    <answer fraction="100" format="moodle_auto_format">
      <text>#</text>
      <feedback format="html">
        <text></text>
      </feedback>
    </answer>
    <answer fraction="100" format="moodle_auto_format">
      <text><![CDATA["#"]]></text>
      <feedback format="html">
        <text></text>
      </feedback>
    </answer>
    <answer fraction="100" format="moodle_auto_format">
      <text>#*</text>
      <feedback format="html">
        <text></text>
      </feedback>
    </answer>
    <answer fraction="100" format="moodle_auto_format">
      <text><![CDATA["#*"]]></text>
      <feedback format="html">
        <text></text>
      </feedback>
    </answer>
    <tags>
      <tag><text>html</text>
</tag>
      <tag><text>id</text>
</tag>
    </tags>
  </question>

<!-- question: 7972  -->
  <question type="truefalse">
    <name>
      <text>class v css</text>
    </name>
    <questiontext format="html">
      <text><![CDATA[<p dir="ltr" style="text-align: left;">V CSS lze využít přiřazení prvku ke class.<br></p>]]></text>
    </questiontext>
    <generalfeedback format="html">
      <text></text>
    </generalfeedback>
    <defaultgrade>1.0000000</defaultgrade>
    <penalty>1.0000000</penalty>
    <hidden>0</hidden>
    <idnumber></idnumber>
    <answer fraction="100" format="moodle_auto_format">
      <text>true</text>
      <feedback format="html">
        <text></text>
      </feedback>
    </answer>
    <answer fraction="0" format="moodle_auto_format">
      <text>false</text>
      <feedback format="html">
        <text></text>
      </feedback>
    </answer>
    <tags>
      <tag><text>css</text>
</tag>
      <tag><text>class</text>
</tag>
    </tags>
  </question>

<!-- question: 7971  -->
  <question type="truefalse">
    <name>
      <text>id v css</text>
    </name>
    <questiontext format="html">
      <text><![CDATA[<p dir="ltr" style="text-align: left;">V CSS lze využít označení prvku pomocí id.<br></p>]]></text>
    </questiontext>
    <generalfeedback format="html">
      <text></text>
    </generalfeedback>
    <defaultgrade>1.0000000</defaultgrade>
    <penalty>1.0000000</penalty>
    <hidden>0</hidden>
    <idnumber></idnumber>
    <answer fraction="100" format="moodle_auto_format">
      <text>true</text>
      <feedback format="html">
        <text></text>
      </feedback>
    </answer>
    <answer fraction="0" format="moodle_auto_format">
      <text>false</text>
      <feedback format="html">
        <text></text>
      </feedback>
    </answer>
    <tags>
      <tag><text>css</text>
</tag>
      <tag><text>id</text>
</tag>
    </tags>
  </question>

<!-- question: 7970  -->
  <question type="truefalse">
    <name>
      <text>Nutnost class</text>
    </name>
    <questiontext format="html">
      <text><![CDATA[<p dir="ltr" style="text-align: left;">Na stránce musí být alespoň jeden prvek s class.<br></p>]]></text>
    </questiontext>
    <generalfeedback format="html">
      <text></text>
    </generalfeedback>
    <defaultgrade>1.0000000</defaultgrade>
    <penalty>1.0000000</penalty>
    <hidden>0</hidden>
    <idnumber></idnumber>
    <answer fraction="0" format="moodle_auto_format">
      <text>true</text>
      <feedback format="html">
        <text></text>
      </feedback>
    </answer>
    <answer fraction="100" format="moodle_auto_format">
      <text>false</text>
      <feedback format="html">
        <text></text>
      </feedback>
    </answer>
    <tags>
      <tag><text>html</text>
</tag>
      <tag><text>class</text>
</tag>
    </tags>
  </question>

<!-- question: 7969  -->
  <question type="truefalse">
    <name>
      <text>Nutnost id</text>
    </name>
    <questiontext format="html">
      <text><![CDATA[<p dir="ltr" style="text-align: left;">Na stránce musí být alespoň jeden prvek s id.<br></p>]]></text>
    </questiontext>
    <generalfeedback format="html">
      <text></text>
    </generalfeedback>
    <defaultgrade>1.0000000</defaultgrade>
    <penalty>1.0000000</penalty>
    <hidden>0</hidden>
    <idnumber></idnumber>
    <answer fraction="0" format="moodle_auto_format">
      <text>true</text>
      <feedback format="html">
        <text></text>
      </feedback>
    </answer>
    <answer fraction="100" format="moodle_auto_format">
      <text>false</text>
      <feedback format="html">
        <text></text>
      </feedback>
    </answer>
    <tags>
      <tag><text>html</text>
</tag>
      <tag><text>id</text>
</tag>
    </tags>
  </question>

<!-- question: 7973  -->
  <question type="truefalse">
    <name>
      <text>Odkaz na id, class v css</text>
    </name>
    <questiontext format="html">
      <text><![CDATA[<p dir="ltr" style="text-align: left;">V css odkazujeme na id i class stejným způsobem.<br></p>]]></text>
    </questiontext>
    <generalfeedback format="html">
      <text></text>
    </generalfeedback>
    <defaultgrade>1.0000000</defaultgrade>
    <penalty>1.0000000</penalty>
    <hidden>0</hidden>
    <idnumber></idnumber>
    <answer fraction="0" format="moodle_auto_format">
      <text>true</text>
      <feedback format="html">
        <text></text>
      </feedback>
    </answer>
    <answer fraction="100" format="moodle_auto_format">
      <text>false</text>
      <feedback format="html">
        <text></text>
      </feedback>
    </answer>
    <tags>
      <tag><text>css</text>
</tag>
      <tag><text>id</text>
</tag>
      <tag><text>class</text>
</tag>
    </tags>
  </question>

<!-- question: 7968  -->
  <question type="truefalse">
    <name>
      <text>Počet class</text>
    </name>
    <questiontext format="html">
      <text><![CDATA[<p dir="ltr" style="text-align: left;">Jeden prvek může mít přiřazeno více class.</p><p dir="ltr" style="text-align: left;"><br></p><p dir="ltr" style="text-align: left;">Pozn.: Prohlížeče jsou velmi robustní a "skousnou" ledacos - v otázce jde o to, zda zmíněná věc dává smysl.<br></p>]]></text>
    </questiontext>
    <generalfeedback format="html">
      <text></text>
    </generalfeedback>
    <defaultgrade>1.0000000</defaultgrade>
    <penalty>1.0000000</penalty>
    <hidden>0</hidden>
    <idnumber></idnumber>
    <answer fraction="100" format="moodle_auto_format">
      <text>true</text>
      <feedback format="html">
        <text></text>
      </feedback>
    </answer>
    <answer fraction="0" format="moodle_auto_format">
      <text>false</text>
      <feedback format="html">
        <text></text>
      </feedback>
    </answer>
    <tags>
      <tag><text>html</text>
</tag>
      <tag><text>class</text>
</tag>
    </tags>
  </question>

<!-- question: 7966  -->
  <question type="truefalse">
    <name>
      <text>Více prvků různé class</text>
    </name>
    <questiontext format="html">
      <text><![CDATA[<p dir="ltr" style="text-align: left;">Na jedné stránce může mít více prvků různou class (každý svou, různou od ostatních). Tj. existuje více prvků s class, ale každá class je jiná.</p><p dir="ltr" style="text-align: left;"><br></p><p dir="ltr" style="text-align: left;">Pozn.: Prohlížeče jsou velmi robustní a "skousnou" ledacos - v otázce jde o to, zda zmíněná věc dává smysl.<br></p>]]></text>
    </questiontext>
    <generalfeedback format="html">
      <text></text>
    </generalfeedback>
    <defaultgrade>1.0000000</defaultgrade>
    <penalty>1.0000000</penalty>
    <hidden>0</hidden>
    <idnumber></idnumber>
    <answer fraction="100" format="moodle_auto_format">
      <text>true</text>
      <feedback format="html">
        <text></text>
      </feedback>
    </answer>
    <answer fraction="0" format="moodle_auto_format">
      <text>false</text>
      <feedback format="html">
        <text></text>
      </feedback>
    </answer>
    <tags>
      <tag><text>html</text>
</tag>
      <tag><text>class</text>
</tag>
    </tags>
  </question>

<!-- question: 7962  -->
  <question type="truefalse">
    <name>
      <text>Více prvků různé id</text>
    </name>
    <questiontext format="html">
      <text><![CDATA[<p dir="ltr" style="text-align: left;">Na jedné stránce může mít více prvků různé id (každý své, různé od ostatních). Tj. existuje více prvků s id, ale každé id je jiné.</p><p dir="ltr" style="text-align: left;"><br>Pozn.: Prohlížeče jsou velmi robustní a "skousnou" ledacos - v otázce jde o to, zda zmíněná věc dává smysl.<br></p>]]></text>
    </questiontext>
    <generalfeedback format="html">
      <text></text>
    </generalfeedback>
    <defaultgrade>1.0000000</defaultgrade>
    <penalty>1.0000000</penalty>
    <hidden>0</hidden>
    <idnumber></idnumber>
    <answer fraction="100" format="moodle_auto_format">
      <text>true</text>
      <feedback format="html">
        <text></text>
      </feedback>
    </answer>
    <answer fraction="0" format="moodle_auto_format">
      <text>false</text>
      <feedback format="html">
        <text></text>
      </feedback>
    </answer>
    <tags>
      <tag><text>html</text>
</tag>
      <tag><text>id</text>
</tag>
    </tags>
  </question>

<!-- question: 7967  -->
  <question type="truefalse">
    <name>
      <text>Více prvků se stejnou class</text>
    </name>
    <questiontext format="html">
      <text><![CDATA[<p dir="ltr" style="text-align: left;">Na jedné stránce může mít více prvků stejnou class.</p><p dir="ltr" style="text-align: left;"><br></p><p dir="ltr" style="text-align: left;">Pozn.: Prohlížeče jsou velmi robustní a "skousnou" ledacos - v otázce jde o to, zda zmíněná věc dává smysl.<br></p>]]></text>
    </questiontext>
    <generalfeedback format="html">
      <text></text>
    </generalfeedback>
    <defaultgrade>1.0000000</defaultgrade>
    <penalty>1.0000000</penalty>
    <hidden>0</hidden>
    <idnumber></idnumber>
    <answer fraction="100" format="moodle_auto_format">
      <text>true</text>
      <feedback format="html">
        <text></text>
      </feedback>
    </answer>
    <answer fraction="0" format="moodle_auto_format">
      <text>false</text>
      <feedback format="html">
        <text></text>
      </feedback>
    </answer>
    <tags>
      <tag><text>html</text>
</tag>
      <tag><text>class</text>
</tag>
    </tags>
  </question>

<!-- question: 7961  -->
  <question type="truefalse">
    <name>
      <text>Více prvků se stejným id</text>
    </name>
    <questiontext format="html">
      <text><![CDATA[<p dir="ltr" style="text-align: left;">Na jedné stránce může mít více prvků stejné id.</p><p dir="ltr" style="text-align: left;"><br></p><p dir="ltr" style="text-align: left;">Pozn.: Prohlížeče jsou velmi robustní a "skousnou" ledacos - v otázce jde o to, zda zmíněná věc dává smysl. <br></p>]]></text>
    </questiontext>
    <generalfeedback format="html">
      <text></text>
    </generalfeedback>
    <defaultgrade>1.0000000</defaultgrade>
    <penalty>1.0000000</penalty>
    <hidden>0</hidden>
    <idnumber></idnumber>
    <answer fraction="0" format="moodle_auto_format">
      <text>true</text>
      <feedback format="html">
        <text></text>
      </feedback>
    </answer>
    <answer fraction="100" format="moodle_auto_format">
      <text>false</text>
      <feedback format="html">
        <text></text>
      </feedback>
    </answer>
    <tags>
      <tag><text>html</text>
</tag>
      <tag><text>id</text>
</tag>
    </tags>
  </question>

<!-- question: 0  -->
  <question type="category">
    <category>
      <text>$course$/top/JaroslavHoleček/Web/PHP/Proměnné, datové typy, větvení, vnoření</text>
    </category>
    <info format="html">
      <text></text>
    </info>
    <idnumber></idnumber>
  </question>

<!-- question: 8083  -->
  <question type="matching">
    <name>
      <text>Datové typy</text>
    </name>
    <questiontext format="html">
      <text><![CDATA[<p dir="ltr" style="text-align: left;">Přiřaďte k datovým typům jejich význam.<br></p>]]></text>
    </questiontext>
    <generalfeedback format="html">
      <text></text>
    </generalfeedback>
    <defaultgrade>3.0000000</defaultgrade>
    <penalty>0.2000000</penalty>
    <hidden>0</hidden>
    <idnumber></idnumber>
    <shuffleanswers>true</shuffleanswers>
    <correctfeedback format="html">
      <text>Vaše odpověď je správná.</text>
    </correctfeedback>
    <partiallycorrectfeedback format="html">
      <text>Vaše odpověď je částečně správná.</text>
    </partiallycorrectfeedback>
    <incorrectfeedback format="html">
      <text>Vaše odpověď je chybná.</text>
    </incorrectfeedback>
    <shownumcorrect/>
    <subquestion format="html">
      <text><![CDATA[<p dir="ltr" style="text-align: left;">int<br></p>]]></text>
      <answer>
        <text>Celé číslo</text>
      </answer>
    </subquestion>
    <subquestion format="html">
      <text><![CDATA[<p dir="ltr" style="text-align: left;">float<br></p>]]></text>
      <answer>
        <text>číslo s desetinnou tečkou</text>
      </answer>
    </subquestion>
    <subquestion format="html">
      <text><![CDATA[<p dir="ltr" style="text-align: left;">string<br></p>]]></text>
      <answer>
        <text><![CDATA[řetězec ("nápis")]]></text>
      </answer>
    </subquestion>
    <subquestion format="html">
      <text><![CDATA[<p dir="ltr" style="text-align: left;">bool<br></p>]]></text>
      <answer>
        <text>Logická hodnota (Pravda-Nepravda, True-False)</text>
      </answer>
    </subquestion>
    <subquestion format="html">
      <text><![CDATA[<p dir="ltr" style="text-align: left;">NULL<br></p>]]></text>
      <answer>
        <text><![CDATA["prázdno", nevyplněno]]></text>
      </answer>
    </subquestion>
    <tags>
      <tag><text>základní datové typy</text>
</tag>
      <tag><text>php</text>
</tag>
    </tags>
  </question>

<!-- question: 8084  -->
  <question type="matching">
    <name>
      <text>Názvy operací</text>
    </name>
    <questiontext format="html">
      <text><![CDATA[<p dir="ltr" style="text-align: left;">Přiřaďte k jednotlilvým znakům názvy operací, které provádějí v PHP.<br></p>]]></text>
    </questiontext>
    <generalfeedback format="html">
      <text></text>
    </generalfeedback>
    <defaultgrade>4.0000000</defaultgrade>
    <penalty>0.2000000</penalty>
    <hidden>0</hidden>
    <idnumber></idnumber>
    <shuffleanswers>true</shuffleanswers>
    <correctfeedback format="html">
      <text>Vaše odpověď je správná.</text>
    </correctfeedback>
    <partiallycorrectfeedback format="html">
      <text>Vaše odpověď je částečně správná.</text>
    </partiallycorrectfeedback>
    <incorrectfeedback format="html">
      <text>Vaše odpověď je chybná.</text>
    </incorrectfeedback>
    <shownumcorrect/>
    <subquestion format="html">
      <text><![CDATA[<p dir="ltr" style="text-align: left;">+<br></p>]]></text>
      <answer>
        <text>Sčítání</text>
      </answer>
    </subquestion>
    <subquestion format="html">
      <text><![CDATA[<p dir="ltr" style="text-align: left;">-<br></p>]]></text>
      <answer>
        <text>Odčítání</text>
      </answer>
    </subquestion>
    <subquestion format="html">
      <text>*</text>
      <answer>
        <text>Násobení</text>
      </answer>
    </subquestion>
    <subquestion format="html">
      <text><![CDATA[<p dir="ltr" style="text-align: left;">**<br></p>]]></text>
      <answer>
        <text>Mocnění</text>
      </answer>
    </subquestion>
    <subquestion format="html">
      <text><![CDATA[<p dir="ltr" style="text-align: left;">/<br></p>]]></text>
      <answer>
        <text>Dělení</text>
      </answer>
    </subquestion>
    <subquestion format="html">
      <text><![CDATA[<p dir="ltr" style="text-align: left;">%<br></p>]]></text>
      <answer>
        <text>Modulo</text>
      </answer>
    </subquestion>
    <subquestion format="html">
      <text><![CDATA[<p dir="ltr" style="text-align: left;">=<br></p>]]></text>
      <answer>
        <text>Uložení</text>
      </answer>
    </subquestion>
    <subquestion format="html">
      <text><![CDATA[<p dir="ltr" style="text-align: left;">==<br></p>]]></text>
      <answer>
        <text>Porovnání na rovnost</text>
      </answer>
    </subquestion>
    <tags>
      <tag><text>php</text>
</tag>
      <tag><text>základní operace</text>
</tag>
    </tags>
  </question>

<!-- question: 8085  -->
  <question type="matching">
    <name>
      <text>Výsledky operací</text>
    </name>
    <questiontext format="html">
      <text><![CDATA[<p dir="ltr" style="text-align: left;">Přiřaďte příkazy k jejich výsledkům (hodnotám)<br></p>]]></text>
    </questiontext>
    <generalfeedback format="html">
      <text></text>
    </generalfeedback>
    <defaultgrade>3.0000000</defaultgrade>
    <penalty>0.2000000</penalty>
    <hidden>0</hidden>
    <idnumber></idnumber>
    <shuffleanswers>true</shuffleanswers>
    <correctfeedback format="html">
      <text>Vaše odpověď je správná.</text>
    </correctfeedback>
    <partiallycorrectfeedback format="html">
      <text>Vaše odpověď je částečně správná.</text>
    </partiallycorrectfeedback>
    <incorrectfeedback format="html">
      <text>Vaše odpověď je chybná.</text>
    </incorrectfeedback>
    <shownumcorrect/>
    <subquestion format="html">
      <text><![CDATA[<p dir="ltr" style="text-align: left;">8+4<br></p>]]></text>
      <answer>
        <text>12</text>
      </answer>
    </subquestion>
    <subquestion format="html">
      <text><![CDATA[<p dir="ltr" style="text-align: left;">8/4<br></p>]]></text>
      <answer>
        <text>2.0</text>
      </answer>
    </subquestion>
    <subquestion format="html">
      <text><![CDATA[<p dir="ltr" style="text-align: left;">8-4<br></p>]]></text>
      <answer>
        <text>4</text>
      </answer>
    </subquestion>
    <subquestion format="html">
      <text><![CDATA[<p dir="ltr" style="text-align: left;">8 == 4<br></p>]]></text>
      <answer>
        <text>False</text>
      </answer>
    </subquestion>
    <subquestion format="html">
      <text><![CDATA[<p dir="ltr" style="text-align: left;">8 * 4<br></p>]]></text>
      <answer>
        <text>32</text>
      </answer>
    </subquestion>
    <subquestion format="html">
      <text><![CDATA[<p dir="ltr" style="text-align: left;">8 ** 4<br></p>]]></text>
      <answer>
        <text>4096</text>
      </answer>
    </subquestion>
    <subquestion format="html">
      <text><![CDATA[<p dir="ltr" style="text-align: left;">"8" . "4"<br></p>]]></text>
      <answer>
        <text><![CDATA["84"]]></text>
      </answer>
    </subquestion>
    <subquestion format="html">
      <text><![CDATA[<p dir="ltr" style="text-align: left;">8 % 4<br></p>]]></text>
      <answer>
        <text>0</text>
      </answer>
    </subquestion>
    <subquestion format="html">
      <text><![CDATA[<p dir="ltr" style="text-align: left;">8 = 4<br></p>]]></text>
      <answer>
        <text>nelze - chyba</text>
      </answer>
    </subquestion>
    <tags>
      <tag><text>php</text>
</tag>
      <tag><text>základní operace</text>
</tag>
    </tags>
  </question>

<!-- question: 8086  -->
  <question type="matching">
    <name>
      <text>Výsledky základních operací</text>
    </name>
    <questiontext format="html">
      <text><![CDATA[<p dir="ltr" style="text-align: left;">Přiřaďte ke znakům, jaký je výsledek operace, kterou provádějí v PHP.<br></p>]]></text>
    </questiontext>
    <generalfeedback format="html">
      <text></text>
    </generalfeedback>
    <defaultgrade>4.0000000</defaultgrade>
    <penalty>0.2000000</penalty>
    <hidden>0</hidden>
    <idnumber></idnumber>
    <shuffleanswers>true</shuffleanswers>
    <correctfeedback format="html">
      <text>Vaše odpověď je správná.</text>
    </correctfeedback>
    <partiallycorrectfeedback format="html">
      <text>Vaše odpověď je částečně správná.</text>
    </partiallycorrectfeedback>
    <incorrectfeedback format="html">
      <text>Vaše odpověď je chybná.</text>
    </incorrectfeedback>
    <shownumcorrect/>
    <subquestion format="html">
      <text><![CDATA[<p dir="ltr" style="text-align: left;">cislo1 + cislo2<br></p>]]></text>
      <answer>
        <text>součet hodnot</text>
      </answer>
    </subquestion>
    <subquestion format="html">
      <text><![CDATA[<p dir="ltr" style="text-align: left;">cislo1 - cislo2<br></p>]]></text>
      <answer>
        <text>rozdíl hodnot</text>
      </answer>
    </subquestion>
    <subquestion format="html">
      <text><![CDATA[<p dir="ltr" style="text-align: left;">cislo1 * cislo2<br></p>]]></text>
      <answer>
        <text>součin hodnot</text>
      </answer>
    </subquestion>
    <subquestion format="html">
      <text><![CDATA[<p dir="ltr" style="text-align: left;">cislo1 ** cislo2<br></p>]]></text>
      <answer>
        <text>(hodnota cislo2)-tá mocnina (hodnoty cislo1)</text>
      </answer>
    </subquestion>
    <subquestion format="html">
      <text><![CDATA[<p dir="ltr" style="text-align: left;">cislo1 / cislo2<br></p>]]></text>
      <answer>
        <text>podíl hodnot (desetinné číslo)</text>
      </answer>
    </subquestion>
    <subquestion format="html">
      <text><![CDATA[<p dir="ltr" style="text-align: left;">cislo1 % cislo2<br></p>]]></text>
      <answer>
        <text>zbytek po celočíselném dělení hodnoty cislo1 hodnotou cislo2 (celé číslo)</text>
      </answer>
    </subquestion>
    <subquestion format="html">
      <text><![CDATA[<p dir="ltr" style="text-align: left;">cislo1 = cislo2<br></p>]]></text>
      <answer>
        <text>uložení hodnoty cislo2 do proměnné cislo1</text>
      </answer>
    </subquestion>
    <subquestion format="html">
      <text><![CDATA[<p dir="ltr" style="text-align: left;">cislo1 == cislo2<br></p>]]></text>
      <answer>
        <text>Porovnání hodnot na rovnost (Pravda-Nepravda, True-False)</text>
      </answer>
    </subquestion>
    <tags>
      <tag><text>php</text>
</tag>
      <tag><text>základní operace</text>
</tag>
    </tags>
  </question>

<!-- question: 8087  -->
  <question type="multichoice">
    <name>
      <text>K čemu elseif</text>
    </name>
    <questiontext format="html">
      <text><![CDATA[<p dir="ltr" style="text-align: left;">K čemu slouží řídící struktura elseif ?<br></p>]]></text>
    </questiontext>
    <generalfeedback format="html">
      <text></text>
    </generalfeedback>
    <defaultgrade>2.0000000</defaultgrade>
    <penalty>0.5000000</penalty>
    <hidden>0</hidden>
    <idnumber></idnumber>
    <single>true</single>
    <shuffleanswers>true</shuffleanswers>
    <answernumbering>abc</answernumbering>
    <showstandardinstruction>0</showstandardinstruction>
    <correctfeedback format="html">
      <text>Vaše odpověď je správná.</text>
    </correctfeedback>
    <partiallycorrectfeedback format="html">
      <text>Vaše odpověď je částečně správná.</text>
    </partiallycorrectfeedback>
    <incorrectfeedback format="html">
      <text>Vaše odpověď je chybná.</text>
    </incorrectfeedback>
    <shownumcorrect/>
    <answer fraction="100" format="html">
      <text><![CDATA[<p dir="ltr" style="text-align: left;">K rozvětvení programu do více než dvou větví (přidání další podmínky).<br></p>]]></text>
      <feedback format="html">
        <text></text>
      </feedback>
    </answer>
    <answer fraction="0" format="html">
      <text><![CDATA[<p dir="ltr" style="text-align: left;">Příkazy v elseif se provedou vždy.<br></p>]]></text>
      <feedback format="html">
        <text></text>
      </feedback>
    </answer>
    <answer fraction="0" format="html">
      <text><![CDATA[<p dir="ltr" style="text-align: left;">Podmínka v elseif je nadřazena podmínce v if<br></p>]]></text>
      <feedback format="html">
        <text></text>
      </feedback>
    </answer>
    <answer fraction="0" format="html">
      <text><![CDATA[<p dir="ltr" style="text-align: left;">Kontroluje se ve chvíli, kdy podmínka v if není ani splněna, ani nesplněna<br></p>]]></text>
      <feedback format="html">
        <text></text>
      </feedback>
    </answer>
    <tags>
      <tag><text>php</text>
</tag>
      <tag><text>elseif</text>
</tag>
    </tags>
  </question>

<!-- question: 8088  -->
  <question type="multichoice">
    <name>
      <text>K čemu if</text>
    </name>
    <questiontext format="html">
      <text><![CDATA[<p dir="ltr" style="text-align: left;">K čemu slouží řídící struktura if ?<br></p>]]></text>
    </questiontext>
    <generalfeedback format="html">
      <text></text>
    </generalfeedback>
    <defaultgrade>2.0000000</defaultgrade>
    <penalty>0.5000000</penalty>
    <hidden>0</hidden>
    <idnumber></idnumber>
    <single>true</single>
    <shuffleanswers>true</shuffleanswers>
    <answernumbering>abc</answernumbering>
    <showstandardinstruction>0</showstandardinstruction>
    <correctfeedback format="html">
      <text>Vaše odpověď je správná.</text>
    </correctfeedback>
    <partiallycorrectfeedback format="html">
      <text>Vaše odpověď je částečně správná.</text>
    </partiallycorrectfeedback>
    <incorrectfeedback format="html">
      <text>Vaše odpověď je chybná.</text>
    </incorrectfeedback>
    <shownumcorrect/>
    <answer fraction="100" format="html">
      <text><![CDATA[<p dir="ltr" style="text-align: left;">Řádky uvnitř if se provedou jen při splnění zadané podmínky<br></p>]]></text>
      <feedback format="html">
        <text></text>
      </feedback>
    </answer>
    <answer fraction="0" format="html">
      <text><![CDATA[<p dir="ltr" style="text-align: left;">Řádky uvnitř if se provedou jen při nesplnění zadané podmínky<br></p>]]></text>
      <feedback format="html">
        <text></text>
      </feedback>
    </answer>
    <answer fraction="0" format="html">
      <text><![CDATA[<p dir="ltr" style="text-align: left;">Program se spustí, jen pokud je uživateli více než 18 let.<br></p>]]></text>
      <feedback format="html">
        <text></text>
      </feedback>
    </answer>
    <answer fraction="0" format="html">
      <text><![CDATA[<p dir="ltr" style="text-align: left;">Pro zesložitění kódu<br></p>]]></text>
      <feedback format="html">
        <text></text>
      </feedback>
    </answer>
    <tags>
      <tag><text>php</text>
</tag>
      <tag><text>if</text>
</tag>
    </tags>
  </question>

<!-- question: 8089  -->
  <question type="multichoice">
    <name>
      <text>K čemu switch</text>
    </name>
    <questiontext format="html">
      <text><![CDATA[<p dir="ltr" style="text-align: left;">K čemu sloučí řídící struktura switch?<br></p>]]></text>
    </questiontext>
    <generalfeedback format="html">
      <text></text>
    </generalfeedback>
    <defaultgrade>2.0000000</defaultgrade>
    <penalty>0.5000000</penalty>
    <hidden>0</hidden>
    <idnumber></idnumber>
    <single>true</single>
    <shuffleanswers>true</shuffleanswers>
    <answernumbering>abc</answernumbering>
    <showstandardinstruction>0</showstandardinstruction>
    <correctfeedback format="html">
      <text>Vaše odpověď je správná.</text>
    </correctfeedback>
    <partiallycorrectfeedback format="html">
      <text>Vaše odpověď je částečně správná.</text>
    </partiallycorrectfeedback>
    <incorrectfeedback format="html">
      <text>Vaše odpověď je chybná.</text>
    </incorrectfeedback>
    <shownumcorrect/>
    <answer fraction="100" format="html">
      <text><![CDATA[<p dir="ltr" style="text-align: left;">Rozvětvení programu podle konkrétní hodnoty/hodnot proměnné<br></p>]]></text>
      <feedback format="html">
        <text></text>
      </feedback>
    </answer>
    <answer fraction="0" format="html">
      <text><![CDATA[<p dir="ltr" style="text-align: left;">Rozvětvení programu podle splnění/nesplnění podmínky (například $x &lt; 3)<br></p>]]></text>
      <feedback format="html">
        <text></text>
      </feedback>
    </answer>
    <answer fraction="0" format="html">
      <text><![CDATA[<p dir="ltr" style="text-align: left;">K přehazování mezi dvěma/více typy režimů běhu programu<br></p>]]></text>
      <feedback format="html">
        <text></text>
      </feedback>
    </answer>
    <answer fraction="0" format="html">
      <text><![CDATA[<p dir="ltr" style="text-align: left;">K přeskočení na jinou webovou stránku.<br></p>]]></text>
      <feedback format="html">
        <text></text>
      </feedback>
    </answer>
    <tags>
      <tag><text>php</text>
</tag>
      <tag><text>switch</text>
</tag>
    </tags>
  </question>

<!-- question: 8090  -->
  <question type="multichoice">
    <name>
      <text>Za kterými strukturami podmínka</text>
    </name>
    <questiontext format="html">
      <text><![CDATA[<p dir="ltr" style="text-align: left;">Za kterými řídícími strukturami musíme zapsat podmínku (nebo odpovídající výraz).<br></p>]]></text>
    </questiontext>
    <generalfeedback format="html">
      <text></text>
    </generalfeedback>
    <defaultgrade>2.0000000</defaultgrade>
    <penalty>0.5000000</penalty>
    <hidden>0</hidden>
    <idnumber></idnumber>
    <single>false</single>
    <shuffleanswers>true</shuffleanswers>
    <answernumbering>abc</answernumbering>
    <showstandardinstruction>0</showstandardinstruction>
    <correctfeedback format="html">
      <text>Vaše odpověď je správná.</text>
    </correctfeedback>
    <partiallycorrectfeedback format="html">
      <text>Vaše odpověď je částečně správná.</text>
    </partiallycorrectfeedback>
    <incorrectfeedback format="html">
      <text>Vaše odpověď je chybná.</text>
    </incorrectfeedback>
    <shownumcorrect/>
    <answer fraction="50" format="html">
      <text><![CDATA[<p dir="ltr" style="text-align: left;">if<br></p>]]></text>
      <feedback format="html">
        <text></text>
      </feedback>
    </answer>
    <answer fraction="50" format="html">
      <text><![CDATA[<p dir="ltr" style="text-align: left;">elseif<br></p>]]></text>
      <feedback format="html">
        <text></text>
      </feedback>
    </answer>
    <answer fraction="-50" format="html">
      <text><![CDATA[<p dir="ltr" style="text-align: left;">else<br></p>]]></text>
      <feedback format="html">
        <text></text>
      </feedback>
    </answer>
    <answer fraction="-50" format="html">
      <text><![CDATA[<p dir="ltr" style="text-align: left;">==<br></p>]]></text>
      <feedback format="html">
        <text></text>
      </feedback>
    </answer>
    <tags>
      <tag><text>php</text>
</tag>
      <tag><text>if</text>
</tag>
      <tag><text>else</text>
</tag>
      <tag><text>elseif</text>
</tag>
    </tags>
  </question>

<!-- question: 8091  -->
  <question type="numerical">
    <name>
      <text>Kolik větví if-else</text>
    </name>
    <questiontext format="html">
      <text><![CDATA[<p dir="ltr" style="text-align: left;">Na kolik větví rozdělíme část programu obsaženou v bloku if-else<br></p>]]></text>
    </questiontext>
    <generalfeedback format="html">
      <text></text>
    </generalfeedback>
    <defaultgrade>2.0000000</defaultgrade>
    <penalty>0.5000000</penalty>
    <hidden>0</hidden>
    <idnumber></idnumber>
    <answer fraction="100" format="moodle_auto_format">
      <text>2</text>
      <feedback format="html">
        <text></text>
      </feedback>
      <tolerance>0</tolerance>
    </answer>
    <unitgradingtype>0</unitgradingtype>
    <unitpenalty>0.1000000</unitpenalty>
    <showunits>3</showunits>
    <unitsleft>0</unitsleft>
    <tags>
      <tag><text>php</text>
</tag>
      <tag><text>if</text>
</tag>
      <tag><text>else</text>
</tag>
    </tags>
  </question>

<!-- question: 8092  -->
  <question type="shortanswer">
    <name>
      <text>Hodnot v bool</text>
    </name>
    <questiontext format="html">
      <text><![CDATA[Kolik možných hodnot má proměnná typu bool?<br>]]></text>
    </questiontext>
    <generalfeedback format="html">
      <text></text>
    </generalfeedback>
    <defaultgrade>1.0000000</defaultgrade>
    <penalty>0.3333333</penalty>
    <hidden>0</hidden>
    <idnumber></idnumber>
    <usecase>0</usecase>
    <answer fraction="100" format="moodle_auto_format">
      <text>2</text>
      <feedback format="html">
        <text></text>
      </feedback>
    </answer>
    <tags>
      <tag><text>php</text>
</tag>
      <tag><text>základní datové typy</text>
</tag>
      <tag><text>bool</text>
</tag>
    </tags>
  </question>

<!-- question: 7730  -->
  <question type="shortanswer">
    <name>
      <text>Znak v proměnné</text>
    </name>
    <questiontext format="html">
      <text><![CDATA[<p>Jakým znakem začíná každá proměnná v PHP?<br></p>]]></text>
    </questiontext>
    <generalfeedback format="html">
      <text></text>
    </generalfeedback>
    <defaultgrade>1.0000000</defaultgrade>
    <penalty>0.5000000</penalty>
    <hidden>0</hidden>
    <idnumber></idnumber>
    <usecase>0</usecase>
    <answer fraction="100" format="moodle_auto_format">
      <text>$</text>
      <feedback format="html">
        <text></text>
      </feedback>
    </answer>
    <tags>
      <tag><text>php</text>
</tag>
      <tag><text>proměnná</text>
</tag>
      <tag><text>syntaxe</text>
</tag>
    </tags>
  </question>

<!-- question: 8093  -->
  <question type="truefalse">
    <name>
      <text>= stejné s == (kopie)</text>
    </name>
    <questiontext format="html">
      <text><![CDATA[<p dir="ltr" style="text-align: left;">Příkazy = a == provádí stejnou operaci<br></p>]]></text>
    </questiontext>
    <generalfeedback format="html">
      <text></text>
    </generalfeedback>
    <defaultgrade>1.0000000</defaultgrade>
    <penalty>1.0000000</penalty>
    <hidden>0</hidden>
    <idnumber></idnumber>
    <answer fraction="0" format="moodle_auto_format">
      <text>true</text>
      <feedback format="html">
        <text></text>
      </feedback>
    </answer>
    <answer fraction="100" format="moodle_auto_format">
      <text>false</text>
      <feedback format="html">
        <text></text>
      </feedback>
    </answer>
    <tags>
      <tag><text>php</text>
</tag>
      <tag><text>základní operace</text>
</tag>
    </tags>
  </question>

<!-- question: 8094  -->
  <question type="truefalse">
    <name>
      <text>Datový typ proměnné (kopie)</text>
    </name>
    <questiontext format="html">
      <text><![CDATA[<p dir="ltr" style="text-align: left;">Každá proměnná má přiřazený datový typ.<br></p>]]></text>
    </questiontext>
    <generalfeedback format="html">
      <text></text>
    </generalfeedback>
    <defaultgrade>1.0000000</defaultgrade>
    <penalty>1.0000000</penalty>
    <hidden>0</hidden>
    <idnumber></idnumber>
    <answer fraction="100" format="moodle_auto_format">
      <text>true</text>
      <feedback format="html">
        <text></text>
      </feedback>
    </answer>
    <answer fraction="0" format="moodle_auto_format">
      <text>false</text>
      <feedback format="html">
        <text></text>
      </feedback>
    </answer>
    <tags>
      <tag><text>php</text>
</tag>
      <tag><text>základní datové typy</text>
</tag>
    </tags>
  </question>

<!-- question: 8095  -->
  <question type="truefalse">
    <name>
      <text>Počet hodnot v proměnné (kopie)</text>
    </name>
    <questiontext format="html">
      <text><![CDATA[<p dir="ltr" style="text-align: left;">V každé proměnné datového typu int, float, bool nebo string může být vždy maximálně jenda hodnota<br></p>]]></text>
    </questiontext>
    <generalfeedback format="html">
      <text></text>
    </generalfeedback>
    <defaultgrade>1.0000000</defaultgrade>
    <penalty>1.0000000</penalty>
    <hidden>0</hidden>
    <idnumber></idnumber>
    <answer fraction="100" format="moodle_auto_format">
      <text>true</text>
      <feedback format="html">
        <text></text>
      </feedback>
    </answer>
    <answer fraction="0" format="moodle_auto_format">
      <text>false</text>
      <feedback format="html">
        <text></text>
      </feedback>
    </answer>
    <tags>
      <tag><text>php</text>
</tag>
      <tag><text>základní datové typy</text>
</tag>
    </tags>
  </question>

<!-- question: 8096  -->
  <question type="truefalse">
    <name>
      <text>Počet větví</text>
    </name>
    <questiontext format="html">
      <text><![CDATA[<p dir="ltr" style="text-align: left;">Program je možné rozvětvit pouze do 2 (if-else), případně 3 větví (if-elseif-else)<br></p>]]></text>
    </questiontext>
    <generalfeedback format="html">
      <text></text>
    </generalfeedback>
    <defaultgrade>1.0000000</defaultgrade>
    <penalty>1.0000000</penalty>
    <hidden>0</hidden>
    <idnumber></idnumber>
    <answer fraction="0" format="moodle_auto_format">
      <text>true</text>
      <feedback format="html">
        <text></text>
      </feedback>
    </answer>
    <answer fraction="100" format="moodle_auto_format">
      <text>false</text>
      <feedback format="html">
        <text></text>
      </feedback>
    </answer>
    <tags>
      <tag><text>php</text>
</tag>
      <tag><text>if</text>
</tag>
      <tag><text>else</text>
</tag>
      <tag><text>elseif</text>
</tag>
    </tags>
  </question>

<!-- question: 8097  -->
  <question type="truefalse">
    <name>
      <text>Přeskočení řádků (kopie)</text>
    </name>
    <questiontext format="html">
      <text><![CDATA[<p dir="ltr" style="text-align: left;">V programu není možné přeskočit žádné řádky. Tedy se vždy provedou všechny řádky, které jsou v kódu zapsané.<br></p>]]></text>
    </questiontext>
    <generalfeedback format="html">
      <text></text>
    </generalfeedback>
    <defaultgrade>1.0000000</defaultgrade>
    <penalty>1.0000000</penalty>
    <hidden>0</hidden>
    <idnumber></idnumber>
    <answer fraction="0" format="moodle_auto_format">
      <text>true</text>
      <feedback format="html">
        <text></text>
      </feedback>
    </answer>
    <answer fraction="100" format="moodle_auto_format">
      <text>false</text>
      <feedback format="html">
        <text></text>
      </feedback>
    </answer>
    <tags>
      <tag><text>php</text>
</tag>
      <tag><text>if</text>
</tag>
    </tags>
  </question>

<!-- question: 8098  -->
  <question type="truefalse">
    <name>
      <text>Přetypování</text>
    </name>
    <questiontext format="html">
      <text><![CDATA[<p dir="ltr" style="text-align: left;">V PHP je možné jednoduše (jedním příkazem) změnit datový typ proměnné. <br></p>]]></text>
    </questiontext>
    <generalfeedback format="html">
      <text></text>
    </generalfeedback>
    <defaultgrade>1.0000000</defaultgrade>
    <penalty>1.0000000</penalty>
    <hidden>0</hidden>
    <idnumber></idnumber>
    <answer fraction="100" format="moodle_auto_format">
      <text>true</text>
      <feedback format="html">
        <text></text>
      </feedback>
    </answer>
    <answer fraction="0" format="moodle_auto_format">
      <text>false</text>
      <feedback format="html">
        <text></text>
      </feedback>
    </answer>
    <tags>
      <tag><text>php</text>
</tag>
      <tag><text>základní datové typy</text>
</tag>
      <tag><text>přetypování</text>
</tag>
    </tags>
  </question>

<!-- question: 8099  -->
  <question type="truefalse">
    <name>
      <text><![CDATA[Rozdíl 5 "5" (kopie)]]></text>
    </name>
    <questiontext format="html">
      <text><![CDATA[<p dir="ltr" style="text-align: left;">5 je v PHP číslo - typu int</p><p dir="ltr" style="text-align: left;">"5" je v PHP číslovka ("obrázek čísla") - typu string<br></p>]]></text>
    </questiontext>
    <generalfeedback format="html">
      <text></text>
    </generalfeedback>
    <defaultgrade>1.0000000</defaultgrade>
    <penalty>1.0000000</penalty>
    <hidden>0</hidden>
    <idnumber></idnumber>
    <answer fraction="100" format="moodle_auto_format">
      <text>true</text>
      <feedback format="html">
        <text></text>
      </feedback>
    </answer>
    <answer fraction="0" format="moodle_auto_format">
      <text>false</text>
      <feedback format="html">
        <text></text>
      </feedback>
    </answer>
    <tags>
      <tag><text>php</text>
</tag>
      <tag><text>základní datové typy</text>
</tag>
    </tags>
  </question>

<!-- question: 8100  -->
  <question type="truefalse">
    <name>
      <text>Switch</text>
    </name>
    <questiontext format="html">
      <text><![CDATA[<p dir="ltr" style="text-align: left;">V případě, že chceme průběh programu v PHP rozdělit do více větví podle hodnoty (například podle hodnoty proměnné). Máme k dispozici kromě nepřehledného if-elseif-else ještě přehlednější SWITCH<br></p>]]></text>
    </questiontext>
    <generalfeedback format="html">
      <text></text>
    </generalfeedback>
    <defaultgrade>1.0000000</defaultgrade>
    <penalty>1.0000000</penalty>
    <hidden>0</hidden>
    <idnumber></idnumber>
    <answer fraction="100" format="moodle_auto_format">
      <text>true</text>
      <feedback format="html">
        <text></text>
      </feedback>
    </answer>
    <answer fraction="0" format="moodle_auto_format">
      <text>false</text>
      <feedback format="html">
        <text></text>
      </feedback>
    </answer>
    <tags>
      <tag><text>php</text>
</tag>
      <tag><text>switch</text>
</tag>
    </tags>
  </question>

<!-- question: 0  -->
  <question type="category">
    <category>
      <text>$course$/top/JaroslavHoleček/Web/PHP/Cykly - for, while</text>
    </category>
    <info format="html">
      <text></text>
    </info>
    <idnumber></idnumber>
  </question>

<!-- question: 8598  -->
  <question type="gapselect">
    <name>
      <text>Popiš for - počet provedení částí</text>
    </name>
    <questiontext format="html">
      <text><![CDATA[<p dir="ltr" style="text-align: left;">Ke každé části for-cyklu vyplň, kdy se daná část provede (vyhodnotí).</p><p dir="ltr" style="text-align: left;">for($pocitadlo = 1 ; $pocitadlo &lt; 10 ; $pocitadlo++){</p><p dir="ltr" style="text-align: left;">&nbsp;&nbsp;&nbsp; echo("Řádek&lt;br&gt;")<br></p><p dir="ltr" style="text-align: left;">}</p><p dir="ltr" style="text-align: left;"><p dir="ltr">for([[1]]; [[2]] ; [[3]]){</p><p dir="ltr">&nbsp;&nbsp;&nbsp; [[4]]<br></p><p dir="ltr">}</p><br></p>]]></text>
    </questiontext>
    <generalfeedback format="html">
      <text></text>
    </generalfeedback>
    <defaultgrade>3.0000000</defaultgrade>
    <penalty>0.3333333</penalty>
    <hidden>0</hidden>
    <idnumber></idnumber>
    <shuffleanswers>0</shuffleanswers>
    <correctfeedback format="html">
      <text>Vaše odpověď je správná.</text>
    </correctfeedback>
    <partiallycorrectfeedback format="html">
      <text>Vaše odpověď je částečně správná.</text>
    </partiallycorrectfeedback>
    <incorrectfeedback format="html">
      <text>Vaše odpověď je chybná.</text>
    </incorrectfeedback>
    <shownumcorrect/>
    <selectoption>
      <text>Pouze jednou, na začátku</text>
      <group>1</group>
    </selectoption>
    <selectoption>
      <text>Na začátku každého průchodu cyklem</text>
      <group>1</group>
    </selectoption>
    <selectoption>
      <text>Na konci každého průchodu cyklem</text>
      <group>1</group>
    </selectoption>
    <selectoption>
      <text>V průběhu každého průchodu cyklem</text>
      <group>1</group>
    </selectoption>
    <selectoption>
      <text>Pouze jednou, na konci</text>
      <group>1</group>
    </selectoption>
    <selectoption>
      <text>Na začátku i na konci cyklu</text>
      <group>1</group>
    </selectoption>
    <tags>
      <tag><text>php</text>
</tag>
      <tag><text>for</text>
</tag>
      <tag><text>cyklus</text>
</tag>
    </tags>
  </question>

<!-- question: 8599  -->
  <question type="gapselect">
    <name>
      <text>Popiš while - počet provedení částí (kopie)</text>
    </name>
    <questiontext format="html">
      <text><![CDATA[<p dir="ltr" style="text-align: left;">Ke každé části while-cyklu vyplň, kdy se daná část provede (vyhodnotí).</p><p dir="ltr" style="text-align: left;">while( validAddress == True ){</p><p dir="ltr" style="text-align: left;">&nbsp;&nbsp;&nbsp; echo("Tato adresa je ještě v pořádku&lt;br&gt;")<br></p><p dir="ltr" style="text-align: left;">}</p><p dir="ltr" style="text-align: left;"></p><p dir="ltr">while ( [[1]] ){</p><p dir="ltr">&nbsp;&nbsp;&nbsp; [[2]]<br></p><p dir="ltr">}</p><br><p></p>]]></text>
    </questiontext>
    <generalfeedback format="html">
      <text></text>
    </generalfeedback>
    <defaultgrade>3.0000000</defaultgrade>
    <penalty>0.3333333</penalty>
    <hidden>0</hidden>
    <idnumber></idnumber>
    <shuffleanswers>0</shuffleanswers>
    <correctfeedback format="html">
      <text>Vaše odpověď je správná.</text>
    </correctfeedback>
    <partiallycorrectfeedback format="html">
      <text>Vaše odpověď je částečně správná.</text>
    </partiallycorrectfeedback>
    <incorrectfeedback format="html">
      <text>Vaše odpověď je chybná.</text>
    </incorrectfeedback>
    <shownumcorrect/>
    <selectoption>
      <text>Na začátku každého průchodu cyklem</text>
      <group>1</group>
    </selectoption>
    <selectoption>
      <text>Vždy, když je splněna podmínka</text>
      <group>1</group>
    </selectoption>
    <selectoption>
      <text>Pouze jednou, na začátku</text>
      <group>1</group>
    </selectoption>
    <selectoption>
      <text>Pouze jednou, na konci</text>
      <group>1</group>
    </selectoption>
    <tags>
      <tag><text>php</text>
</tag>
      <tag><text>cyklus</text>
</tag>
      <tag><text>while</text>
</tag>
    </tags>
  </question>

<!-- question: 8152  -->
  <question type="matching">
    <name>
      <text>Continue, break</text>
    </name>
    <questiontext format="html">
      <text><![CDATA[<p dir="ltr" style="text-align: left;">Přiřaďte situaci ke klíčovému slovu, které použijeme v kódu<br></p>]]></text>
    </questiontext>
    <generalfeedback format="html">
      <text></text>
    </generalfeedback>
    <defaultgrade>2.0000000</defaultgrade>
    <penalty>0.5000000</penalty>
    <hidden>0</hidden>
    <idnumber></idnumber>
    <shuffleanswers>true</shuffleanswers>
    <correctfeedback format="html">
      <text>Vaše odpověď je správná.</text>
    </correctfeedback>
    <partiallycorrectfeedback format="html">
      <text>Vaše odpověď je částečně správná.</text>
    </partiallycorrectfeedback>
    <incorrectfeedback format="html">
      <text>Vaše odpověď je chybná.</text>
    </incorrectfeedback>
    <shownumcorrect/>
    <subquestion format="html">
      <text><![CDATA[<p dir="ltr" style="text-align: left;">Chceme ukončit průběh celého cyklu<br></p>]]></text>
      <answer>
        <text>break</text>
      </answer>
    </subquestion>
    <subquestion format="html">
      <text><![CDATA[<p dir="ltr" style="text-align: left;">Chceme ukončit aktuální průchod cyklem, ale chceme v cyklu dále pokračovat od jeho prvního řádku<br></p>]]></text>
      <answer>
        <text>continue</text>
      </answer>
    </subquestion>
    <subquestion format="html">
      <text></text>
      <answer>
        <text>stop</text>
      </answer>
    </subquestion>
    <subquestion format="html">
      <text></text>
      <answer>
        <text>repeat</text>
      </answer>
    </subquestion>
    <subquestion format="html">
      <text></text>
      <answer>
        <text>restart</text>
      </answer>
    </subquestion>
    <subquestion format="html">
      <text></text>
      <answer>
        <text>exit</text>
      </answer>
    </subquestion>
    <tags>
      <tag><text>php</text>
</tag>
      <tag><text>cyklus</text>
</tag>
      <tag><text>break</text>
</tag>
      <tag><text>continue</text>
</tag>
    </tags>
  </question>

<!-- question: 8153  -->
  <question type="multichoice">
    <name>
      <text>Co může být podmínka u while</text>
    </name>
    <questiontext format="html">
      <text><![CDATA[<p dir="ltr" style="text-align: left;">Co může být použito jako podmínka ve while?<br></p>]]></text>
    </questiontext>
    <generalfeedback format="html">
      <text></text>
    </generalfeedback>
    <defaultgrade>3.0000000</defaultgrade>
    <penalty>0.2000000</penalty>
    <hidden>0</hidden>
    <idnumber></idnumber>
    <single>false</single>
    <shuffleanswers>true</shuffleanswers>
    <answernumbering>abc</answernumbering>
    <showstandardinstruction>0</showstandardinstruction>
    <correctfeedback format="html">
      <text>Vaše odpověď je správná.</text>
    </correctfeedback>
    <partiallycorrectfeedback format="html">
      <text>Vaše odpověď je částečně správná.</text>
    </partiallycorrectfeedback>
    <incorrectfeedback format="html">
      <text>Vaše odpověď je chybná.</text>
    </incorrectfeedback>
    <shownumcorrect/>
    <answer fraction="20" format="html">
      <text><![CDATA[<p dir="ltr" style="text-align: left;">porovnání na rovnost: == <br></p>]]></text>
      <feedback format="html">
        <text></text>
      </feedback>
    </answer>
    <answer fraction="20" format="html">
      <text><![CDATA[<p dir="ltr" style="text-align: left;">porovnání velikosti: &lt; , &gt; , &lt;= , &gt;=<br></p>]]></text>
      <feedback format="html">
        <text></text>
      </feedback>
    </answer>
    <answer fraction="20" format="html">
      <text><![CDATA[<p dir="ltr" style="text-align: left;">porovnání na nerovnost: != <br></p>]]></text>
      <feedback format="html">
        <text></text>
      </feedback>
    </answer>
    <answer fraction="20" format="html">
      <text><![CDATA[<p dir="ltr" style="text-align: left;">logická hodnota: true, false<br></p>]]></text>
      <feedback format="html">
        <text></text>
      </feedback>
    </answer>
    <answer fraction="20" format="html">
      <text><![CDATA[<p dir="ltr" style="text-align: left;">číslo (int, float), řetězec (string)<br></p>]]></text>
      <feedback format="html">
        <text></text>
      </feedback>
    </answer>
    <tags>
      <tag><text>php</text>
</tag>
      <tag><text>while</text>
</tag>
    </tags>
  </question>

<!-- question: 8154  -->
  <question type="multichoice">
    <name>
      <text>Kam skočí program po break</text>
    </name>
    <questiontext format="html">
      <text><![CDATA[<p dir="ltr" style="text-align: left;">Pokud program dorazí na příkaz break uvnitř cyklu, pokračuje:<br></p>]]></text>
    </questiontext>
    <generalfeedback format="html">
      <text></text>
    </generalfeedback>
    <defaultgrade>2.0000000</defaultgrade>
    <penalty>0.5000000</penalty>
    <hidden>0</hidden>
    <idnumber></idnumber>
    <single>true</single>
    <shuffleanswers>true</shuffleanswers>
    <answernumbering>abc</answernumbering>
    <showstandardinstruction>0</showstandardinstruction>
    <correctfeedback format="html">
      <text>Vaše odpověď je správná.</text>
    </correctfeedback>
    <partiallycorrectfeedback format="html">
      <text>Vaše odpověď je částečně správná.</text>
    </partiallycorrectfeedback>
    <incorrectfeedback format="html">
      <text>Vaše odpověď je chybná.</text>
    </incorrectfeedback>
    <shownumcorrect/>
    <answer fraction="100" format="html">
      <text><![CDATA[<p dir="ltr" style="text-align: left;">Na prvním řádku, který následuje po konci cyklu<br></p>]]></text>
      <feedback format="html">
        <text></text>
      </feedback>
    </answer>
    <answer fraction="0" format="html">
      <text><![CDATA[Na prvním řádku stránky<br>]]></text>
      <feedback format="html">
        <text></text>
      </feedback>
    </answer>
    <answer fraction="0" format="html">
      <text><![CDATA[<p dir="ltr" style="text-align: left;">Nepokračuje - zpracování php se přeruší a odešle se doposud vytvořená stránka.<br></p>]]></text>
      <feedback format="html">
        <text></text>
      </feedback>
    </answer>
    <answer fraction="0" format="html">
      <text><![CDATA[<p dir="ltr" style="text-align: left;">Na prvním řádku daného cyklu<br></p>]]></text>
      <feedback format="html">
        <text></text>
      </feedback>
    </answer>
    <tags>
      <tag><text>php</text>
</tag>
      <tag><text>cyklus</text>
</tag>
      <tag><text>break</text>
</tag>
    </tags>
  </question>

<!-- question: 8155  -->
  <question type="multichoice">
    <name>
      <text>Kam skočí program po continue</text>
    </name>
    <questiontext format="html">
      <text><![CDATA[<p dir="ltr" style="text-align: left;">Pokud program dorazí na příkaz continue uvnitř cyklu, pokračuje:<br></p>]]></text>
    </questiontext>
    <generalfeedback format="html">
      <text></text>
    </generalfeedback>
    <defaultgrade>2.0000000</defaultgrade>
    <penalty>0.5000000</penalty>
    <hidden>0</hidden>
    <idnumber></idnumber>
    <single>true</single>
    <shuffleanswers>true</shuffleanswers>
    <answernumbering>abc</answernumbering>
    <showstandardinstruction>0</showstandardinstruction>
    <correctfeedback format="html">
      <text>Vaše odpověď je správná.</text>
    </correctfeedback>
    <partiallycorrectfeedback format="html">
      <text>Vaše odpověď je částečně správná.</text>
    </partiallycorrectfeedback>
    <incorrectfeedback format="html">
      <text>Vaše odpověď je chybná.</text>
    </incorrectfeedback>
    <shownumcorrect/>
    <answer fraction="100" format="html">
      <text><![CDATA[<p dir="ltr" style="text-align: left;">Na prvním řádku daného cyklu<br></p>]]></text>
      <feedback format="html">
        <text></text>
      </feedback>
    </answer>
    <answer fraction="0" format="html">
      <text><![CDATA[Na prvním řádku stránky<br>]]></text>
      <feedback format="html">
        <text></text>
      </feedback>
    </answer>
    <answer fraction="0" format="html">
      <text><![CDATA[<p dir="ltr" style="text-align: left;">Nepokračuje - php se přeruší a vrátí se doposud vytvořená část stránky.<br></p>]]></text>
      <feedback format="html">
        <text></text>
      </feedback>
    </answer>
    <answer fraction="0" format="html">
      <text><![CDATA[<p dir="ltr" style="text-align: left;">Na prvním řádku, který následuje po konci cyklu<br></p>]]></text>
      <feedback format="html">
        <text></text>
      </feedback>
    </answer>
    <tags>
      <tag><text>php</text>
</tag>
      <tag><text>cyklus</text>
</tag>
      <tag><text>continue</text>
</tag>
    </tags>
  </question>

<!-- question: 8156  -->
  <question type="multichoice">
    <name>
      <text>Princip for</text>
    </name>
    <questiontext format="html">
      <text><![CDATA[<p dir="ltr" style="text-align: left;">For cyklus pracuje:<br></p>]]></text>
    </questiontext>
    <generalfeedback format="html">
      <text></text>
    </generalfeedback>
    <defaultgrade>3.0000000</defaultgrade>
    <penalty>0.5000000</penalty>
    <hidden>0</hidden>
    <idnumber></idnumber>
    <single>true</single>
    <shuffleanswers>true</shuffleanswers>
    <answernumbering>abc</answernumbering>
    <showstandardinstruction>0</showstandardinstruction>
    <correctfeedback format="html">
      <text>Vaše odpověď je správná.</text>
    </correctfeedback>
    <partiallycorrectfeedback format="html">
      <text>Vaše odpověď je částečně správná.</text>
    </partiallycorrectfeedback>
    <incorrectfeedback format="html">
      <text>Vaše odpověď je chybná.</text>
    </incorrectfeedback>
    <shownumcorrect/>
    <answer fraction="0" format="html">
      <text><![CDATA[<p dir="ltr" style="text-align: left;">Prochází postupně všechny prvky pole.<br></p>]]></text>
      <feedback format="html">
        <text></text>
      </feedback>
    </answer>
    <answer fraction="0" format="html">
      <text><![CDATA[<p dir="ltr" style="text-align: left;">Provádí příkazy ve svém těle, dokud NENÍ při kontrole splěna podmínka (vrací true)<br></p>]]></text>
      <feedback format="html">
        <text></text>
      </feedback>
    </answer>
    <answer fraction="0" format="html">
      <text><![CDATA[<p dir="ltr" style="text-align: left;">Provádí příkazy ve svém těle, dokud JE při kontrole podmínka splněna (vrací false)<br></p>]]></text>
      <feedback format="html">
        <text></text>
      </feedback>
    </answer>
    <answer fraction="0" format="html">
      <text><![CDATA[<p dir="ltr" style="text-align: left;">Provádí příkazy ve svém těle, dokud NENÍ při kontrole podmínka splněna (vrací false)<br></p>]]></text>
      <feedback format="html">
        <text></text>
      </feedback>
    </answer>
    <answer fraction="100" format="html">
      <text><![CDATA[<p dir="ltr" style="text-align: left;">Provádí příkazy ve svém těle, dokud JE při kontrole podmínka splněna (vrací true)<br></p>]]></text>
      <feedback format="html">
        <text></text>
      </feedback>
    </answer>
    <tags>
      <tag><text>php</text>
</tag>
      <tag><text>for</text>
</tag>
      <tag><text>cyklus</text>
</tag>
    </tags>
  </question>

<!-- question: 8158  -->
  <question type="multichoice">
    <name>
      <text>Princip while</text>
    </name>
    <questiontext format="html">
      <text><![CDATA[<p dir="ltr" style="text-align: left;">While cyklus pracuje:<br></p>]]></text>
    </questiontext>
    <generalfeedback format="html">
      <text></text>
    </generalfeedback>
    <defaultgrade>3.0000000</defaultgrade>
    <penalty>0.5000000</penalty>
    <hidden>0</hidden>
    <idnumber></idnumber>
    <single>true</single>
    <shuffleanswers>true</shuffleanswers>
    <answernumbering>abc</answernumbering>
    <showstandardinstruction>0</showstandardinstruction>
    <correctfeedback format="html">
      <text>Vaše odpověď je správná.</text>
    </correctfeedback>
    <partiallycorrectfeedback format="html">
      <text>Vaše odpověď je částečně správná.</text>
    </partiallycorrectfeedback>
    <incorrectfeedback format="html">
      <text>Vaše odpověď je chybná.</text>
    </incorrectfeedback>
    <shownumcorrect/>
    <answer fraction="100" format="html">
      <text><![CDATA[<p dir="ltr" style="text-align: left;">Provádí příkazy ve svém těle, dokud JE při kontrole podmínka splněna (vrací true)<br></p>]]></text>
      <feedback format="html">
        <text></text>
      </feedback>
    </answer>
    <answer fraction="0" format="html">
      <text><![CDATA[<p dir="ltr" style="text-align: left;">Provádí příkazy ve svém těle, dokud NENÍ při kontrole podmínka splněna (vrací true)<br></p>]]></text>
      <feedback format="html">
        <text></text>
      </feedback>
    </answer>
    <answer fraction="0" format="html">
      <text><![CDATA[<p dir="ltr" style="text-align: left;">Provádí příkazy ve svém těle, dokud JE při kontrole podmínka splněna (vrací false)<br></p>]]></text>
      <feedback format="html">
        <text></text>
      </feedback>
    </answer>
    <answer fraction="0" format="html">
      <text><![CDATA[<p dir="ltr" style="text-align: left;">Provádí příkazy ve svém těle, dokud NENÍ při kontrole podmínka splněna (vrací false)<br></p>]]></text>
      <feedback format="html">
        <text></text>
      </feedback>
    </answer>
    <answer fraction="0" format="html">
      <text><![CDATA[<p dir="ltr" style="text-align: left;">Prochází postupně všechny prvky pole.<br></p>]]></text>
      <feedback format="html">
        <text></text>
      </feedback>
    </answer>
    <tags>
      <tag><text>php</text>
</tag>
      <tag><text>cyklus</text>
</tag>
      <tag><text>while</text>
</tag>
    </tags>
  </question>

<!-- question: 8159  -->
  <question type="multichoice">
    <name>
      <text>Typy cyklů</text>
    </name>
    <questiontext format="html">
      <text><![CDATA[<p dir="ltr" style="text-align: left;">Zaškrtněte typy cyklů v PHP:<br></p>]]></text>
    </questiontext>
    <generalfeedback format="html">
      <text></text>
    </generalfeedback>
    <defaultgrade>2.0000000</defaultgrade>
    <penalty>0.5000000</penalty>
    <hidden>0</hidden>
    <idnumber></idnumber>
    <single>false</single>
    <shuffleanswers>true</shuffleanswers>
    <answernumbering>abc</answernumbering>
    <showstandardinstruction>0</showstandardinstruction>
    <correctfeedback format="html">
      <text>Vaše odpověď je správná.</text>
    </correctfeedback>
    <partiallycorrectfeedback format="html">
      <text>Vaše odpověď je částečně správná.</text>
    </partiallycorrectfeedback>
    <incorrectfeedback format="html">
      <text>Vaše odpověď je chybná.</text>
    </incorrectfeedback>
    <shownumcorrect/>
    <answer fraction="33.33333" format="html">
      <text><![CDATA[<p dir="ltr" style="text-align: left;">for<br></p>]]></text>
      <feedback format="html">
        <text></text>
      </feedback>
    </answer>
    <answer fraction="33.33333" format="html">
      <text><![CDATA[<p dir="ltr" style="text-align: left;">while<br></p>]]></text>
      <feedback format="html">
        <text></text>
      </feedback>
    </answer>
    <answer fraction="-33.33333" format="html">
      <text><![CDATA[<p dir="ltr" style="text-align: left;">where<br></p>]]></text>
      <feedback format="html">
        <text></text>
      </feedback>
    </answer>
    <answer fraction="-33.33333" format="html">
      <text><![CDATA[<p dir="ltr" style="text-align: left;">cycle<br></p>]]></text>
      <feedback format="html">
        <text></text>
      </feedback>
    </answer>
    <answer fraction="-33.33333" format="html">
      <text><![CDATA[<p dir="ltr" style="text-align: left;">round<br></p>]]></text>
      <feedback format="html">
        <text></text>
      </feedback>
    </answer>
    <answer fraction="33.33333" format="html">
      <text><![CDATA[<p dir="ltr" style="text-align: left;">foreach<br></p>]]></text>
      <feedback format="html">
        <text></text>
      </feedback>
    </answer>
    <tags>
      <tag><text>php</text>
</tag>
      <tag><text>for</text>
</tag>
      <tag><text>cyklus</text>
</tag>
      <tag><text>while</text>
</tag>
      <tag><text>foreach</text>
</tag>
    </tags>
  </question>

<!-- question: 8597  -->
  <question type="numerical">
    <name>
      <text>Popiš for - počet opakování</text>
    </name>
    <questiontext format="html">
      <text><![CDATA[<p dir="ltr" style="text-align: left;">Kolik řádků vypíše následující for-cyklus?</p><p dir="ltr" style="text-align: left;">for($pocitadlo = 1; $pocitadlo &lt; 10; $pocitadlo++){<br>&nbsp;&nbsp;&nbsp;&nbsp; echo("Radek&lt;br&gt;")<br>}<br></p>]]></text>
    </questiontext>
    <generalfeedback format="html">
      <text></text>
    </generalfeedback>
    <defaultgrade>2.0000000</defaultgrade>
    <penalty>0.5000000</penalty>
    <hidden>0</hidden>
    <idnumber></idnumber>
    <answer fraction="100" format="moodle_auto_format">
      <text>9</text>
      <feedback format="html">
        <text></text>
      </feedback>
      <tolerance>0</tolerance>
    </answer>
    <unitgradingtype>0</unitgradingtype>
    <unitpenalty>0.1000000</unitpenalty>
    <showunits>3</showunits>
    <unitsleft>0</unitsleft>
    <tags>
      <tag><text>php</text>
</tag>
      <tag><text>for</text>
</tag>
      <tag><text>cyklus</text>
</tag>
    </tags>
  </question>

<!-- question: 8160  -->
  <question type="truefalse">
    <name>
      <text>Nekonečný cyklus</text>
    </name>
    <questiontext format="html">
      <text><![CDATA[<p dir="ltr" style="text-align: left;">Každý cyklus v PHP někdy skončí. <br>Tedy není možné napsat cyklus, který by běžel "donekonečna" (dokud bychom "násilně" neukončili načítání)<br></p>]]></text>
    </questiontext>
    <generalfeedback format="html">
      <text></text>
    </generalfeedback>
    <defaultgrade>1.0000000</defaultgrade>
    <penalty>1.0000000</penalty>
    <hidden>0</hidden>
    <idnumber></idnumber>
    <answer fraction="0" format="moodle_auto_format">
      <text>true</text>
      <feedback format="html">
        <text></text>
      </feedback>
    </answer>
    <answer fraction="100" format="moodle_auto_format">
      <text>false</text>
      <feedback format="html">
        <text></text>
      </feedback>
    </answer>
    <tags>
      <tag><text>php</text>
</tag>
      <tag><text>cyklus</text>
</tag>
    </tags>
  </question>

<!-- question: 8161  -->
  <question type="truefalse">
    <name>
      <text>Opakování řádků</text>
    </name>
    <questiontext format="html">
      <text><![CDATA[<p dir="ltr" style="text-align: left;">V PHP je možné provést stejný příkaz několikrát pouze tak, že jej několikrát zapíšeme pod sebe.<br></p>]]></text>
    </questiontext>
    <generalfeedback format="html">
      <text></text>
    </generalfeedback>
    <defaultgrade>1.0000000</defaultgrade>
    <penalty>1.0000000</penalty>
    <hidden>0</hidden>
    <idnumber></idnumber>
    <answer fraction="0" format="moodle_auto_format">
      <text>true</text>
      <feedback format="html">
        <text></text>
      </feedback>
    </answer>
    <answer fraction="100" format="moodle_auto_format">
      <text>false</text>
      <feedback format="html">
        <text></text>
      </feedback>
    </answer>
    <tags>
      <tag><text>php</text>
</tag>
      <tag><text>cyklus</text>
</tag>
    </tags>
  </question>

<!-- question: 8162  -->
  <question type="truefalse">
    <name>
      <text>Opakování řádků jen funkce?</text>
    </name>
    <questiontext format="html">
      <text><![CDATA[<p dir="ltr" style="text-align: left;">V PHP je možné provést stejný příkaz několikrát pouze dvěma způsoby: tak, že jej několikrát zapíšeme pod sebe, nebo příkaz/y zapíšeme do funkce, kterou několikrát zavoláme.<br></p>]]></text>
    </questiontext>
    <generalfeedback format="html">
      <text></text>
    </generalfeedback>
    <defaultgrade>1.0000000</defaultgrade>
    <penalty>1.0000000</penalty>
    <hidden>0</hidden>
    <idnumber></idnumber>
    <answer fraction="0" format="moodle_auto_format">
      <text>true</text>
      <feedback format="html">
        <text></text>
      </feedback>
    </answer>
    <answer fraction="100" format="moodle_auto_format">
      <text>false</text>
      <feedback format="html">
        <text></text>
      </feedback>
    </answer>
    <tags>
      <tag><text>php</text>
</tag>
      <tag><text>cyklus</text>
</tag>
    </tags>
  </question>

<!-- question: 8164  -->
  <question type="truefalse">
    <name>
      <text>Stejné while a for?</text>
    </name>
    <questiontext format="html">
      <text><![CDATA[<p dir="ltr" style="text-align: left;">V PHP je while a for v podstatě to samé, jen mají trochu jiný syntax (způsob jak je zapisujeme).<br></p>]]></text>
    </questiontext>
    <generalfeedback format="html">
      <text></text>
    </generalfeedback>
    <defaultgrade>1.0000000</defaultgrade>
    <penalty>1.0000000</penalty>
    <hidden>0</hidden>
    <idnumber></idnumber>
    <answer fraction="100" format="moodle_auto_format">
      <text>true</text>
      <feedback format="html">
        <text></text>
      </feedback>
    </answer>
    <answer fraction="0" format="moodle_auto_format">
      <text>false</text>
      <feedback format="html">
        <text></text>
      </feedback>
    </answer>
    <tags>
      <tag><text>php</text>
</tag>
      <tag><text>for</text>
</tag>
      <tag><text>cyklus</text>
</tag>
      <tag><text>while</text>
</tag>
    </tags>
  </question>

<!-- question: 8165  -->
  <question type="truefalse">
    <name>
      <text>Více break/continue v cyklu</text>
    </name>
    <questiontext format="html">
      <text><![CDATA[<p dir="ltr" style="text-align: left;">V jednom cyklu může být pouze jedno break/continue.<br></p>]]></text>
    </questiontext>
    <generalfeedback format="html">
      <text></text>
    </generalfeedback>
    <defaultgrade>1.0000000</defaultgrade>
    <penalty>1.0000000</penalty>
    <hidden>0</hidden>
    <idnumber></idnumber>
    <answer fraction="0" format="moodle_auto_format">
      <text>true</text>
      <feedback format="html">
        <text></text>
      </feedback>
    </answer>
    <answer fraction="100" format="moodle_auto_format">
      <text>false</text>
      <feedback format="html">
        <text></text>
      </feedback>
    </answer>
    <tags>
      <tag><text>php</text>
</tag>
      <tag><text>cyklus</text>
</tag>
      <tag><text>break</text>
</tag>
      <tag><text>continue</text>
</tag>
    </tags>
  </question>

<!-- question: 0  -->
  <question type="category">
    <category>
      <text>$course$/top/JaroslavHoleček/Web/PHP/Funkce</text>
    </category>
    <info format="html">
      <text></text>
    </info>
    <idnumber></idnumber>
  </question>

<!-- question: 8616  -->
  <question type="gapselect">
    <name>
      <text>Syntaxe funkce</text>
    </name>
    <questiontext format="html">
      <text><![CDATA[<p dir="ltr" style="text-align: left;">Doplňte následující pole tak, abyste vytvořili funkci, která počítá a vrací součet tří čísel.</p><p dir="ltr" style="text-align: left;">[[1]] [[2]] [[3]] cislo1, cislo2, cislo3 [[4]]<br> [[5]]<br>&nbsp;&nbsp;&nbsp;&nbsp;&nbsp; [[6]] cislo1 + cislo2 + cislo3<br>[[7]]<br></p>]]></text>
    </questiontext>
    <generalfeedback format="html">
      <text></text>
    </generalfeedback>
    <defaultgrade>4.0000000</defaultgrade>
    <penalty>0.2500000</penalty>
    <hidden>0</hidden>
    <idnumber></idnumber>
    <shuffleanswers>1</shuffleanswers>
    <correctfeedback format="html">
      <text>Vaše odpověď je správná.</text>
    </correctfeedback>
    <partiallycorrectfeedback format="html">
      <text>Vaše odpověď je částečně správná.</text>
    </partiallycorrectfeedback>
    <incorrectfeedback format="html">
      <text>Vaše odpověď je chybná.</text>
    </incorrectfeedback>
    <shownumcorrect/>
    <selectoption>
      <text>function</text>
      <group>1</group>
    </selectoption>
    <selectoption>
      <text>nazev_funkce</text>
      <group>1</group>
    </selectoption>
    <selectoption>
      <text>(</text>
      <group>1</group>
    </selectoption>
    <selectoption>
      <text>)</text>
      <group>1</group>
    </selectoption>
    <selectoption>
      <text>{</text>
      <group>1</group>
    </selectoption>
    <selectoption>
      <text>return</text>
      <group>1</group>
    </selectoption>
    <selectoption>
      <text>}</text>
      <group>1</group>
    </selectoption>
    <selectoption>
      <text>[</text>
      <group>1</group>
    </selectoption>
    <selectoption>
      <text>]</text>
      <group>1</group>
    </selectoption>
    <selectoption>
      <text>def</text>
      <group>1</group>
    </selectoption>
    <selectoption>
      <text>:</text>
      <group>1</group>
    </selectoption>
    <selectoption>
      <text>compute</text>
      <group>1</group>
    </selectoption>
    <selectoption>
      <text>create</text>
      <group>1</group>
    </selectoption>
    <selectoption>
      <text>result</text>
      <group>1</group>
    </selectoption>
    <selectoption>
      <text>-</text>
      <group>1</group>
    </selectoption>
    <tags>
      <tag><text>php</text>
</tag>
      <tag><text>funkce</text>
</tag>
      <tag><text>syntax</text>
</tag>
    </tags>
  </question>

<!-- question: 8617  -->
  <question type="matching">
    <name>
      <text>Funkce - pojmy</text>
    </name>
    <questiontext format="html">
      <text><![CDATA[<p dir="ltr" style="text-align: left;">Přiřaďte k sobě pojem a jeho vysvětlení<br></p>]]></text>
    </questiontext>
    <generalfeedback format="html">
      <text></text>
    </generalfeedback>
    <defaultgrade>3.0000000</defaultgrade>
    <penalty>0.3333333</penalty>
    <hidden>0</hidden>
    <idnumber></idnumber>
    <shuffleanswers>true</shuffleanswers>
    <correctfeedback format="html">
      <text>Vaše odpověď je správná.</text>
    </correctfeedback>
    <partiallycorrectfeedback format="html">
      <text>Vaše odpověď je částečně správná.</text>
    </partiallycorrectfeedback>
    <incorrectfeedback format="html">
      <text>Vaše odpověď je chybná.</text>
    </incorrectfeedback>
    <shownumcorrect/>
    <subquestion format="html">
      <text><![CDATA[<p dir="ltr" style="text-align: left;">Funkce (z programátorského hlediska)<br></p>]]></text>
      <answer>
        <text>Vyčleněná část kódů, kterou lze spustit pomocí jejího názvu</text>
      </answer>
    </subquestion>
    <subquestion format="html">
      <text><![CDATA[<p dir="ltr" style="text-align: left;">Hlavička<br></p>]]></text>
      <answer>
        <text>První řádek funkce, kde určujeme její název, argumenty, případně i návratový datový typ</text>
      </answer>
    </subquestion>
    <subquestion format="html">
      <text><![CDATA[<p dir="ltr" style="text-align: left;">Tělo<br></p>]]></text>
      <answer>
        <text>Příkazy, které se spustí po zavolání funkce</text>
      </answer>
    </subquestion>
    <subquestion format="html">
      <text><![CDATA[<p dir="ltr" style="text-align: left;">return<br></p>]]></text>
      <answer>
        <text>Klíčové slovo pro ukončení funkce a vrácení výsledné hodnoty</text>
      </answer>
    </subquestion>
    <subquestion format="html">
      <text><![CDATA[<p dir="ltr" style="text-align: left;">Argument<br></p>]]></text>
      <answer>
        <text>Proměnná, do které se uloží vstupní hodnoty při volání funkce</text>
      </answer>
    </subquestion>
    <subquestion format="html">
      <text></text>
      <answer>
        <text>Např.: goniometrické - sinus, kosinus, tangens</text>
      </answer>
    </subquestion>
    <subquestion format="html">
      <text></text>
      <answer>
        <text>Několik prvních řádků funkce</text>
      </answer>
    </subquestion>
    <subquestion format="html">
      <text></text>
      <answer>
        <text>Všechny příkazy v programu</text>
      </answer>
    </subquestion>
    <subquestion format="html">
      <text></text>
      <answer>
        <text>klíčové slovo pro vrázení výpočtu na začátek - tedy na první řádek funkce.</text>
      </answer>
    </subquestion>
    <subquestion format="html">
      <text></text>
      <answer>
        <text>Příkaz, který přesvědčivě spouští funkci</text>
      </answer>
    </subquestion>
    <tags>
      <tag><text>php</text>
</tag>
      <tag><text>funkce</text>
</tag>
      <tag><text>hlavička</text>
</tag>
      <tag><text>argument</text>
</tag>
      <tag><text>return</text>
</tag>
      <tag><text>tělo</text>
</tag>
    </tags>
  </question>

<!-- question: 8618  -->
  <question type="multichoice">
    <name>
      <text>Argumentů ve funkci?</text>
    </name>
    <questiontext format="html">
      <text><![CDATA[<p dir="ltr" style="text-align: left;">Kolik argumentů může být maximálně ve funkci?<br></p>]]></text>
    </questiontext>
    <generalfeedback format="html">
      <text></text>
    </generalfeedback>
    <defaultgrade>1.0000000</defaultgrade>
    <penalty>0.5000000</penalty>
    <hidden>0</hidden>
    <idnumber></idnumber>
    <single>true</single>
    <shuffleanswers>true</shuffleanswers>
    <answernumbering>abc</answernumbering>
    <showstandardinstruction>0</showstandardinstruction>
    <correctfeedback format="html">
      <text>Vaše odpověď je správná.</text>
    </correctfeedback>
    <partiallycorrectfeedback format="html">
      <text>Vaše odpověď je částečně správná.</text>
    </partiallycorrectfeedback>
    <incorrectfeedback format="html">
      <text>Vaše odpověď je chybná.</text>
    </incorrectfeedback>
    <shownumcorrect/>
    <answer fraction="100" format="html">
      <text><![CDATA[<p dir="ltr" style="text-align: left;">Neomezeně<br></p>]]></text>
      <feedback format="html">
        <text></text>
      </feedback>
    </answer>
    <answer fraction="0" format="html">
      <text><![CDATA[<p dir="ltr" style="text-align: left;">256<br></p>]]></text>
      <feedback format="html">
        <text></text>
      </feedback>
    </answer>
    <answer fraction="0" format="html">
      <text><![CDATA[<p dir="ltr" style="text-align: left;">1<br></p>]]></text>
      <feedback format="html">
        <text></text>
      </feedback>
    </answer>
    <answer fraction="0" format="html">
      <text><![CDATA[<p dir="ltr" style="text-align: left;">Otázka nedává smysl - funkce nemá s argumenty nic společného<br></p>]]></text>
      <feedback format="html">
        <text></text>
      </feedback>
    </answer>
    <tags>
      <tag><text>php</text>
</tag>
      <tag><text>funkce</text>
</tag>
      <tag><text>argument</text>
</tag>
    </tags>
  </question>

<!-- question: 8619  -->
  <question type="multichoice">
    <name>
      <text>Break ve funkci</text>
    </name>
    <questiontext format="html">
      <text><![CDATA[<p dir="ltr" style="text-align: left;">Co se stane, pokud ve funkci zavoláme příkaz break (patřící k této funkci)<br></p>]]></text>
    </questiontext>
    <generalfeedback format="html">
      <text></text>
    </generalfeedback>
    <defaultgrade>2.0000000</defaultgrade>
    <penalty>0.5000000</penalty>
    <hidden>0</hidden>
    <idnumber></idnumber>
    <single>true</single>
    <shuffleanswers>true</shuffleanswers>
    <answernumbering>abc</answernumbering>
    <showstandardinstruction>0</showstandardinstruction>
    <correctfeedback format="html">
      <text>Vaše odpověď je správná.</text>
    </correctfeedback>
    <partiallycorrectfeedback format="html">
      <text>Vaše odpověď je částečně správná.</text>
    </partiallycorrectfeedback>
    <incorrectfeedback format="html">
      <text>Vaše odpověď je chybná.</text>
    </incorrectfeedback>
    <shownumcorrect/>
    <answer fraction="100" format="html">
      <text><![CDATA[<p dir="ltr" style="text-align: left;">break nemůže patřit k funkci<br></p>]]></text>
      <feedback format="html">
        <text></text>
      </feedback>
    </answer>
    <answer fraction="0" format="html">
      <text><![CDATA[<p dir="ltr" style="text-align: left;">ukončí se průběh funkce a přejde se na první řádek za ní (za místo, kde jsme ji zavolali)<br></p>]]></text>
      <feedback format="html">
        <text></text>
      </feedback>
    </answer>
    <answer fraction="0" format="html">
      <text><![CDATA[<p dir="ltr" style="text-align: left;">ukončí se aktuální průběh funkce a přejde se znovu na její první řádek<br></p>]]></text>
      <feedback format="html">
        <text></text>
      </feedback>
    </answer>
    <tags>
      <tag><text>php</text>
</tag>
      <tag><text>funkce</text>
</tag>
    </tags>
  </question>

<!-- question: 8620  -->
  <question type="multichoice">
    <name>
      <text>Continue ve funkci</text>
    </name>
    <questiontext format="html">
      <text><![CDATA[<p dir="ltr" style="text-align: left;">Co se stane, pokud ve funkci zavoláme příkaz continue (patřící k této funkci)<br></p>]]></text>
    </questiontext>
    <generalfeedback format="html">
      <text></text>
    </generalfeedback>
    <defaultgrade>2.0000000</defaultgrade>
    <penalty>0.5000000</penalty>
    <hidden>0</hidden>
    <idnumber></idnumber>
    <single>true</single>
    <shuffleanswers>true</shuffleanswers>
    <answernumbering>abc</answernumbering>
    <showstandardinstruction>0</showstandardinstruction>
    <correctfeedback format="html">
      <text>Vaše odpověď je správná.</text>
    </correctfeedback>
    <partiallycorrectfeedback format="html">
      <text>Vaše odpověď je částečně správná.</text>
    </partiallycorrectfeedback>
    <incorrectfeedback format="html">
      <text>Vaše odpověď je chybná.</text>
    </incorrectfeedback>
    <shownumcorrect/>
    <answer fraction="100" format="html">
      <text><![CDATA[<p dir="ltr" style="text-align: left;">continue nemůže patřit k funkci<br></p>]]></text>
      <feedback format="html">
        <text></text>
      </feedback>
    </answer>
    <answer fraction="0" format="html">
      <text><![CDATA[<p dir="ltr" style="text-align: left;">ukončí se průběh funkce a přejde se na první řádek za ní (za místo, kde jsme ji zavolali)<br></p>]]></text>
      <feedback format="html">
        <text></text>
      </feedback>
    </answer>
    <answer fraction="0" format="html">
      <text><![CDATA[<p dir="ltr" style="text-align: left;">ukončí se aktuální průběh funkce a přejde se znovu na její první řádek<br></p>]]></text>
      <feedback format="html">
        <text></text>
      </feedback>
    </answer>
    <tags>
      <tag><text>php</text>
</tag>
      <tag><text>funkce</text>
</tag>
    </tags>
  </question>

<!-- question: 8621  -->
  <question type="multichoice">
    <name>
      <text>Hlavička funkce</text>
    </name>
    <questiontext format="html">
      <text><![CDATA[<p dir="ltr" style="text-align: left;">Co je to hlavička funkce?<br></p>]]></text>
    </questiontext>
    <generalfeedback format="html">
      <text></text>
    </generalfeedback>
    <defaultgrade>2.0000000</defaultgrade>
    <penalty>0.5000000</penalty>
    <hidden>0</hidden>
    <idnumber></idnumber>
    <single>true</single>
    <shuffleanswers>true</shuffleanswers>
    <answernumbering>abc</answernumbering>
    <showstandardinstruction>0</showstandardinstruction>
    <correctfeedback format="html">
      <text>Vaše odpověď je správná.</text>
    </correctfeedback>
    <partiallycorrectfeedback format="html">
      <text>Vaše odpověď je částečně správná.</text>
    </partiallycorrectfeedback>
    <incorrectfeedback format="html">
      <text>Vaše odpověď je chybná.</text>
    </incorrectfeedback>
    <shownumcorrect/>
    <answer fraction="100" format="html">
      <text><![CDATA[<p dir="ltr" style="text-align: left;">Řádek, na kterém určujeme: název funkce, počet a názvy vstupních argumentů, volitelně i datový typ návratové hodnoty<br></p>]]></text>
      <feedback format="html">
        <text></text>
      </feedback>
    </answer>
    <answer fraction="0" format="html">
      <text><![CDATA[<p dir="ltr" style="text-align: left;">Řádek, na kterém určujeme pouze název funkce<br></p>]]></text>
      <feedback format="html">
        <text></text>
      </feedback>
    </answer>
    <answer fraction="0" format="html">
      <text><![CDATA[<p dir="ltr" style="text-align: left;">Řádek na kterém určujeme pouze počet a názvy vstupních argumentů<br></p>]]></text>
      <feedback format="html">
        <text></text>
      </feedback>
    </answer>
    <answer fraction="0" format="html">
      <text><![CDATA[<p dir="ltr" style="text-align: left;">Několik prvních příkazů ve funkci, ze kterých již jde obvykle poznat, co přibližně funkce dělá.<br></p>]]></text>
      <feedback format="html">
        <text></text>
      </feedback>
    </answer>
    <tags>
      <tag><text>php</text>
</tag>
      <tag><text>funkce</text>
</tag>
      <tag><text>hlavička</text>
</tag>
    </tags>
  </question>

<!-- question: 8622  -->
  <question type="multichoice">
    <name>
      <text>Návratových hodnot ve funkci?</text>
    </name>
    <questiontext format="html">
      <text><![CDATA[<p dir="ltr" style="text-align: left;">Kolik hodnot (proměnných) může funkce vracet?<br></p>]]></text>
    </questiontext>
    <generalfeedback format="html">
      <text></text>
    </generalfeedback>
    <defaultgrade>1.0000000</defaultgrade>
    <penalty>0.5000000</penalty>
    <hidden>0</hidden>
    <idnumber></idnumber>
    <single>true</single>
    <shuffleanswers>true</shuffleanswers>
    <answernumbering>abc</answernumbering>
    <showstandardinstruction>0</showstandardinstruction>
    <correctfeedback format="html">
      <text>Vaše odpověď je správná.</text>
    </correctfeedback>
    <partiallycorrectfeedback format="html">
      <text>Vaše odpověď je částečně správná.</text>
    </partiallycorrectfeedback>
    <incorrectfeedback format="html">
      <text>Vaše odpověď je chybná.</text>
    </incorrectfeedback>
    <shownumcorrect/>
    <answer fraction="100" format="html">
      <text><![CDATA[<p dir="ltr" style="text-align: left;">1<br></p>]]></text>
      <feedback format="html">
        <text></text>
      </feedback>
    </answer>
    <answer fraction="0" format="html">
      <text><![CDATA[<p dir="ltr" style="text-align: left;">256<br></p>]]></text>
      <feedback format="html">
        <text></text>
      </feedback>
    </answer>
    <answer fraction="0" format="html">
      <text><![CDATA[<p dir="ltr" style="text-align: left;">neomezeně<br></p>]]></text>
      <feedback format="html">
        <text></text>
      </feedback>
    </answer>
    <answer fraction="0" format="html">
      <text><![CDATA[<p dir="ltr" style="text-align: left;">Otázka nedává smysl - funkce nemá s návratovou hodnotou nic společného<br></p>]]></text>
      <feedback format="html">
        <text></text>
      </feedback>
    </answer>
    <tags>
      <tag><text>php</text>
</tag>
      <tag><text>funkce</text>
</tag>
      <tag><text>return</text>
</tag>
    </tags>
  </question>

<!-- question: 8623  -->
  <question type="multichoice">
    <name>
      <text>Popiš funkci - název</text>
    </name>
    <questiontext format="html">
      <text><![CDATA[<p dir="ltr" style="text-align: left;">Jaký název má následující funkce?</p><p dir="ltr" style="text-align: left;">function spocitej_hodnotu ( $x, $y, $z ){<br>&nbsp;&nbsp;&nbsp;&nbsp; $mezivysledek = $x*$y;<br>&nbsp;&nbsp;&nbsp;&nbsp; $mezivysledek = $mezivysledek + 2*$z;<br>&nbsp;&nbsp;&nbsp;&nbsp; $vysledek = $mezivysledek + 1;<br>&nbsp;&nbsp;&nbsp;&nbsp; return $vysledek;<br>}<br></p>]]></text>
    </questiontext>
    <generalfeedback format="html">
      <text></text>
    </generalfeedback>
    <defaultgrade>2.0000000</defaultgrade>
    <penalty>0.5000000</penalty>
    <hidden>0</hidden>
    <idnumber></idnumber>
    <single>true</single>
    <shuffleanswers>true</shuffleanswers>
    <answernumbering>abc</answernumbering>
    <showstandardinstruction>0</showstandardinstruction>
    <correctfeedback format="html">
      <text>Vaše odpověď je správná.</text>
    </correctfeedback>
    <partiallycorrectfeedback format="html">
      <text>Vaše odpověď je částečně správná.</text>
    </partiallycorrectfeedback>
    <incorrectfeedback format="html">
      <text>Vaše odpověď je chybná.</text>
    </incorrectfeedback>
    <shownumcorrect/>
    <answer fraction="100" format="html">
      <text><![CDATA[<p dir="ltr" style="text-align: left;">spocitej_hodnotu<br></p>]]></text>
      <feedback format="html">
        <text></text>
      </feedback>
    </answer>
    <answer fraction="0" format="html">
      <text><![CDATA[<p dir="ltr" style="text-align: left;">spočítej hodnotu <br></p>]]></text>
      <feedback format="html">
        <text></text>
      </feedback>
    </answer>
    <answer fraction="0" format="html">
      <text><![CDATA[<p dir="ltr" style="text-align: left;">function<br></p>]]></text>
      <feedback format="html">
        <text></text>
      </feedback>
    </answer>
    <answer fraction="0" format="html">
      <text><![CDATA[<p dir="ltr" style="text-align: left;">function spocitej_hodnotu ( $x, $y, $z ){<br></p>]]></text>
      <feedback format="html">
        <text></text>
      </feedback>
    </answer>
    <answer fraction="0" format="html">
      <text><![CDATA[<p dir="ltr" style="text-align: left;">$vysledek<br></p>]]></text>
      <feedback format="html">
        <text></text>
      </feedback>
    </answer>
    <tags>
      <tag><text>php</text>
</tag>
      <tag><text>funkce</text>
</tag>
      <tag><text>hlavička</text>
</tag>
    </tags>
  </question>

<!-- question: 8624  -->
  <question type="multichoice">
    <name>
      <text>Použití funkce</text>
    </name>
    <questiontext format="html">
      <text><![CDATA[<p dir="ltr" style="text-align: left;">Ve kterých případech můžeme (je vhodné použít) funkci?<br></p>]]></text>
    </questiontext>
    <generalfeedback format="html">
      <text></text>
    </generalfeedback>
    <defaultgrade>3.0000000</defaultgrade>
    <penalty>0.2500000</penalty>
    <hidden>0</hidden>
    <idnumber></idnumber>
    <single>false</single>
    <shuffleanswers>true</shuffleanswers>
    <answernumbering>abc</answernumbering>
    <showstandardinstruction>0</showstandardinstruction>
    <correctfeedback format="html">
      <text>Vaše odpověď je správná.</text>
    </correctfeedback>
    <partiallycorrectfeedback format="html">
      <text>Vaše odpověď je částečně správná.</text>
    </partiallycorrectfeedback>
    <incorrectfeedback format="html">
      <text>Vaše odpověď je chybná.</text>
    </incorrectfeedback>
    <shownumcorrect/>
    <answer fraction="33.33333" format="html">
      <text><![CDATA[<p dir="ltr" style="text-align: left;">Chceme "pojmenovat" skupinu příkazů.<br></p>]]></text>
      <feedback format="html">
        <text></text>
      </feedback>
    </answer>
    <answer fraction="33.33333" format="html">
      <text><![CDATA[<p dir="ltr" style="text-align: left;">Chceme stejnou skupinu příkazů použít na různých vstupních datech.<br></p>]]></text>
      <feedback format="html">
        <text></text>
      </feedback>
    </answer>
    <answer fraction="33.33333" format="html">
      <text><![CDATA[<p dir="ltr" style="text-align: left;">Chceme zopakovat stejnou skupinu příkazů na různých místech v kódu.<br></p>]]></text>
      <feedback format="html">
        <text></text>
      </feedback>
    </answer>
    <tags>
      <tag><text>php</text>
</tag>
      <tag><text>funkce</text>
</tag>
    </tags>
  </question>

<!-- question: 8625  -->
  <question type="multichoice">
    <name>
      <text>Příkazů ve funkci?</text>
    </name>
    <questiontext format="html">
      <text><![CDATA[<p dir="ltr" style="text-align: left;">Kolik příkazů může být maximálně v těle funkce?<br></p>]]></text>
    </questiontext>
    <generalfeedback format="html">
      <text></text>
    </generalfeedback>
    <defaultgrade>1.0000000</defaultgrade>
    <penalty>0.5000000</penalty>
    <hidden>0</hidden>
    <idnumber></idnumber>
    <single>true</single>
    <shuffleanswers>true</shuffleanswers>
    <answernumbering>abc</answernumbering>
    <showstandardinstruction>0</showstandardinstruction>
    <correctfeedback format="html">
      <text>Vaše odpověď je správná.</text>
    </correctfeedback>
    <partiallycorrectfeedback format="html">
      <text>Vaše odpověď je částečně správná.</text>
    </partiallycorrectfeedback>
    <incorrectfeedback format="html">
      <text>Vaše odpověď je chybná.</text>
    </incorrectfeedback>
    <shownumcorrect/>
    <answer fraction="100" format="html">
      <text><![CDATA[<p dir="ltr" style="text-align: left;">Neomezeně<br></p>]]></text>
      <feedback format="html">
        <text></text>
      </feedback>
    </answer>
    <answer fraction="0" format="html">
      <text><![CDATA[<p dir="ltr" style="text-align: left;">256<br></p>]]></text>
      <feedback format="html">
        <text></text>
      </feedback>
    </answer>
    <answer fraction="0" format="html">
      <text><![CDATA[<p dir="ltr" style="text-align: left;">1<br></p>]]></text>
      <feedback format="html">
        <text></text>
      </feedback>
    </answer>
    <answer fraction="0" format="html">
      <text><![CDATA[<p dir="ltr" style="text-align: left;">Otázka nedává smysl - funkce nemá s příkazy nic společného<br></p>]]></text>
      <feedback format="html">
        <text></text>
      </feedback>
    </answer>
    <tags>
      <tag><text>php</text>
</tag>
      <tag><text>funkce</text>
</tag>
      <tag><text>tělo</text>
</tag>
    </tags>
  </question>

<!-- question: 8626  -->
  <question type="numerical">
    <name>
      <text>Popiš funkci - argumenty</text>
    </name>
    <questiontext format="html">
      <text><![CDATA[<p dir="ltr" style="text-align: left;"></p><p dir="ltr">Kolik argumentů má následující funkce?</p><p dir="ltr">function spocitej_hodnotu ( $x, $y, $z ){<br>&nbsp;&nbsp;&nbsp;&nbsp; $mezivysledek = $x*$y;<br>&nbsp;&nbsp;&nbsp;&nbsp; $mezivysledek = $mezivysledek + 2*$z;<br>&nbsp;&nbsp;&nbsp;&nbsp; $vysledek = $mezivysledek + 1;<br>&nbsp;&nbsp;&nbsp;&nbsp; return $vysledek;<br>}</p><br><p></p>]]></text>
    </questiontext>
    <generalfeedback format="html">
      <text></text>
    </generalfeedback>
    <defaultgrade>2.0000000</defaultgrade>
    <penalty>0.5000000</penalty>
    <hidden>0</hidden>
    <idnumber></idnumber>
    <answer fraction="100" format="moodle_auto_format">
      <text>3</text>
      <feedback format="html">
        <text></text>
      </feedback>
      <tolerance>0</tolerance>
    </answer>
    <unitgradingtype>0</unitgradingtype>
    <unitpenalty>0.1000000</unitpenalty>
    <showunits>3</showunits>
    <unitsleft>0</unitsleft>
    <tags>
      <tag><text>php</text>
</tag>
      <tag><text>funkce</text>
</tag>
      <tag><text>hlavička</text>
</tag>
      <tag><text>argument</text>
</tag>
    </tags>
  </question>

<!-- question: 8627  -->
  <question type="numerical">
    <name>
      <text>Popiš funkci - výsledek I</text>
    </name>
    <questiontext format="html">
      <text><![CDATA[<p dir="ltr" style="text-align: left;"></p><p dir="ltr">Máme následující funkci:</p><p dir="ltr">function spocitej_hodnotu ( $x, $y, $z ){<br>&nbsp;&nbsp;&nbsp;&nbsp; $mezivysledek = $x*$y;<br>&nbsp;&nbsp;&nbsp;&nbsp; $mezivysledek = $mezivysledek + 2*$z;<br>&nbsp;&nbsp;&nbsp;&nbsp; $vysledek = $mezivysledek + 1;<br>&nbsp;&nbsp;&nbsp;&nbsp; return $vysledek;<br>}</p><p dir="ltr">Co vypíše následující řádek v kódu?</p><p dir="ltr">echo( spocitej_hodnotu (1, 2, 3) );<br></p><br><p></p>]]></text>
    </questiontext>
    <generalfeedback format="html">
      <text></text>
    </generalfeedback>
    <defaultgrade>2.0000000</defaultgrade>
    <penalty>0.5000000</penalty>
    <hidden>0</hidden>
    <idnumber></idnumber>
    <answer fraction="100" format="moodle_auto_format">
      <text>9</text>
      <feedback format="html">
        <text></text>
      </feedback>
      <tolerance>0</tolerance>
    </answer>
    <unitgradingtype>0</unitgradingtype>
    <unitpenalty>0.1000000</unitpenalty>
    <showunits>3</showunits>
    <unitsleft>0</unitsleft>
    <tags>
      <tag><text>php</text>
</tag>
      <tag><text>funkce</text>
</tag>
    </tags>
  </question>

<!-- question: 8628  -->
  <question type="numerical">
    <name>
      <text>Popiš funkci - výsledek II</text>
    </name>
    <questiontext format="html">
      <text><![CDATA[<p dir="ltr" style="text-align: left;"></p><p dir="ltr">Máme funkci:</p><p dir="ltr">function spocitej_hodnotu ( $x, $y, $z ){<br>&nbsp;&nbsp;&nbsp;&nbsp; $mezivysledek = $x*$y;<br>&nbsp;&nbsp;&nbsp;&nbsp; $mezivysledek = $mezivysledek + 2*$z;<br>&nbsp;&nbsp;&nbsp;&nbsp; $vysledek = $mezivysledek + 1;<br>&nbsp;&nbsp;&nbsp;&nbsp; return $vysledek;<br>}</p><p dir="ltr">Co vypíše následující kód?</p><p dir="ltr">$a = spocitej_hodnotu (1, 2, 3);<br>echo( $a );<br></p><br><p></p>]]></text>
    </questiontext>
    <generalfeedback format="html">
      <text></text>
    </generalfeedback>
    <defaultgrade>2.0000000</defaultgrade>
    <penalty>0.5000000</penalty>
    <hidden>0</hidden>
    <idnumber></idnumber>
    <answer fraction="100" format="moodle_auto_format">
      <text>9</text>
      <feedback format="html">
        <text></text>
      </feedback>
      <tolerance>0</tolerance>
    </answer>
    <unitgradingtype>0</unitgradingtype>
    <unitpenalty>0.1000000</unitpenalty>
    <showunits>3</showunits>
    <unitsleft>0</unitsleft>
    <tags>
      <tag><text>php</text>
</tag>
      <tag><text>funkce</text>
</tag>
    </tags>
  </question>

<!-- question: 8629  -->
  <question type="truefalse">
    <name>
      <text>Počet funkcí v kódu</text>
    </name>
    <questiontext format="html">
      <text><![CDATA[<p dir="ltr" style="text-align: left;">V programu můžeme mít neomezený počet funkcí.<br></p>]]></text>
    </questiontext>
    <generalfeedback format="html">
      <text></text>
    </generalfeedback>
    <defaultgrade>1.0000000</defaultgrade>
    <penalty>1.0000000</penalty>
    <hidden>0</hidden>
    <idnumber></idnumber>
    <answer fraction="100" format="moodle_auto_format">
      <text>true</text>
      <feedback format="html">
        <text></text>
      </feedback>
    </answer>
    <answer fraction="0" format="moodle_auto_format">
      <text>false</text>
      <feedback format="html">
        <text></text>
      </feedback>
    </answer>
    <tags>
      <tag><text>php</text>
</tag>
      <tag><text>funkce</text>
</tag>
    </tags>
  </question>

<!-- question: 8630  -->
  <question type="truefalse">
    <name>
      <text>Tělo funkce</text>
    </name>
    <questiontext format="html">
      <text><![CDATA[<p dir="ltr" style="text-align: left;">Tělo funkce je v PHP určeno složenými závorkami - všechny příkazy ve složených závorkách za hlavičkou funkce jsou v těle funkce.<br></p>]]></text>
    </questiontext>
    <generalfeedback format="html">
      <text></text>
    </generalfeedback>
    <defaultgrade>1.0000000</defaultgrade>
    <penalty>1.0000000</penalty>
    <hidden>0</hidden>
    <idnumber></idnumber>
    <answer fraction="100" format="moodle_auto_format">
      <text>true</text>
      <feedback format="html">
        <text></text>
      </feedback>
    </answer>
    <answer fraction="0" format="moodle_auto_format">
      <text>false</text>
      <feedback format="html">
        <text></text>
      </feedback>
    </answer>
    <tags>
      <tag><text>php</text>
</tag>
      <tag><text>funkce</text>
</tag>
      <tag><text>tělo</text>
</tag>
    </tags>
  </question>

</quiz>