<?xml version="1.0" encoding="UTF-8"?>
<quiz>
<!-- question: 0  -->
  <question type="category">
    <category>
      <text>$course$/top/JaroslavHoleček</text>
    </category>
    <info format="html">
      <text><![CDATA[<div>V této kategorii si vytvářím úlohy do testů.</div><div>Jestli se Vám budou hodit, tak si je bez okolků zkopírujte (export a import) k sobě do kurzů<br></div><div>Úlohy mi zde, prosím, neupravujte (dělám si zálohy a pak by mi to nesedělo) - pokud naleznete chyby, tak mi můžete dát vědět.</div><div><br></div>]]></text>
    </info>
    <idnumber></idnumber>
  </question>

<!-- question: 0  -->
  <question type="category">
    <category>
      <text>$course$/top/JaroslavHoleček/Databáze</text>
    </category>
    <info format="moodle_auto_format">
      <text></text>
    </info>
    <idnumber></idnumber>
  </question>

<!-- question: 0  -->
  <question type="category">
    <category>
      <text>$course$/top/JaroslavHoleček/Databáze/SQL</text>
    </category>
    <info format="moodle_auto_format">
      <text></text>
    </info>
    <idnumber></idnumber>
  </question>

<!-- question: 0  -->
  <question type="category">
    <category>
      <text>$course$/top/JaroslavHoleček/Databáze/SQL/Create, datové typy</text>
    </category>
    <info format="html">
      <text></text>
    </info>
    <idnumber></idnumber>
  </question>

<!-- question: 7707  -->
  <question type="gapselect">
    <name>
      <text>Create table</text>
    </name>
    <questiontext format="html">
      <text><![CDATA[<p>Vyberte klíčová slova tak, aby vznikl dotaz pro vytvoření tabulky.</p><p>[[1]] [[2]] nazev_tabulky (... sloupečky ...);<br></p>]]></text>
    </questiontext>
    <generalfeedback format="html">
      <text></text>
    </generalfeedback>
    <defaultgrade>2.0000000</defaultgrade>
    <penalty>0.5000000</penalty>
    <hidden>0</hidden>
    <idnumber></idnumber>
    <shuffleanswers>1</shuffleanswers>
    <correctfeedback format="html">
      <text>Vaše odpověď je správná.</text>
    </correctfeedback>
    <partiallycorrectfeedback format="html">
      <text>Vaše odpověď je částečně správná.</text>
    </partiallycorrectfeedback>
    <incorrectfeedback format="html">
      <text>Vaše odpověď je chybná.</text>
    </incorrectfeedback>
    <shownumcorrect/>
    <selectoption>
      <text>CREATE</text>
      <group>1</group>
    </selectoption>
    <selectoption>
      <text>TABLE</text>
      <group>2</group>
    </selectoption>
    <selectoption>
      <text>MAKE</text>
      <group>1</group>
    </selectoption>
    <selectoption>
      <text>MADE</text>
      <group>1</group>
    </selectoption>
    <selectoption>
      <text>TABULAR</text>
      <group>2</group>
    </selectoption>
    <selectoption>
      <text>ENTITY</text>
      <group>2</group>
    </selectoption>
    <tags>
      <tag><text>sql</text>
</tag>
      <tag><text>create</text>
</tag>
    </tags>
  </question>

<!-- question: 7951  -->
  <question type="matching">
    <name>
      <text>Datové typy - význam</text>
    </name>
    <questiontext format="html">
      <text><![CDATA[<p dir="ltr" style="text-align: left;">Přiřaďte k datovým typům jejich význam<br></p>]]></text>
    </questiontext>
    <generalfeedback format="html">
      <text></text>
    </generalfeedback>
    <defaultgrade>4.0000000</defaultgrade>
    <penalty>0.5000000</penalty>
    <hidden>0</hidden>
    <idnumber></idnumber>
    <shuffleanswers>true</shuffleanswers>
    <correctfeedback format="html">
      <text>Vaše odpověď je správná.</text>
    </correctfeedback>
    <partiallycorrectfeedback format="html">
      <text>Vaše odpověď je částečně správná.</text>
    </partiallycorrectfeedback>
    <incorrectfeedback format="html">
      <text>Vaše odpověď je chybná.</text>
    </incorrectfeedback>
    <shownumcorrect/>
    <subquestion format="html">
      <text><![CDATA[<p dir="ltr" style="text-align: left;">int(10)<br></p>]]></text>
      <answer>
        <text>celé čislo s maximálně 10 viditelnými ciframi</text>
      </answer>
    </subquestion>
    <subquestion format="html">
      <text></text>
      <answer>
        <text>celé čislo menší nebo rovno 10</text>
      </answer>
    </subquestion>
    <subquestion format="html">
      <text><![CDATA[<p dir="ltr" style="text-align: left;">char(10)<br></p>]]></text>
      <answer>
        <text>řetězec s pevnou délkou 10 znaků (přebytečné jsou případně prázdné)</text>
      </answer>
    </subquestion>
    <subquestion format="html">
      <text><![CDATA[<p dir="ltr" style="text-align: left;">varchar(10)<br></p>]]></text>
      <answer>
        <text>řetězec s maximální délkou 10 znaků</text>
      </answer>
    </subquestion>
    <subquestion format="html">
      <text><![CDATA[<p dir="ltr" style="text-align: left;">text<br></p>]]></text>
      <answer>
        <text>dlouhý řetězec</text>
      </answer>
    </subquestion>
    <subquestion format="html">
      <text><![CDATA[<p dir="ltr" style="text-align: left;">float(10)<br></p>]]></text>
      <answer>
        <text>desetinné číslo</text>
      </answer>
    </subquestion>
    <subquestion format="html">
      <text><![CDATA[<p dir="ltr" style="text-align: left;">datetime<br></p>]]></text>
      <answer>
        <text>datum a čas</text>
      </answer>
    </subquestion>
    <subquestion format="html">
      <text><![CDATA[<p dir="ltr" style="text-align: left;">date<br></p>]]></text>
      <answer>
        <text>datum</text>
      </answer>
    </subquestion>
    <subquestion format="html">
      <text><![CDATA[<p dir="ltr" style="text-align: left;">time<br></p>]]></text>
      <answer>
        <text>čas</text>
      </answer>
    </subquestion>
    <tags>
      <tag><text>sql</text>
</tag>
      <tag><text>datové typy</text>
</tag>
    </tags>
  </question>

<!-- question: 7708  -->
  <question type="multichoice">
    <name>
      <text>Create - povinné</text>
    </name>
    <questiontext format="html">
      <text><![CDATA[<p>Co <b>musíme</b> zadat, při vytváření tabulky (mimo správných klíčových slov)<br></p>]]></text>
    </questiontext>
    <generalfeedback format="html">
      <text></text>
    </generalfeedback>
    <defaultgrade>3.0000000</defaultgrade>
    <penalty>0.3333333</penalty>
    <hidden>0</hidden>
    <idnumber></idnumber>
    <single>false</single>
    <shuffleanswers>false</shuffleanswers>
    <answernumbering>abc</answernumbering>
    <showstandardinstruction>1</showstandardinstruction>
    <correctfeedback format="html">
      <text>Vaše odpověď je správná.</text>
    </correctfeedback>
    <partiallycorrectfeedback format="html">
      <text>Vaše odpověď je částečně správná.</text>
    </partiallycorrectfeedback>
    <incorrectfeedback format="html">
      <text>Vaše odpověď je chybná.</text>
    </incorrectfeedback>
    <shownumcorrect/>
    <answer fraction="33.33333" format="html">
      <text><![CDATA[<p>Název tabulky<br></p>]]></text>
      <feedback format="html">
        <text></text>
      </feedback>
    </answer>
    <answer fraction="33.33333" format="html">
      <text><![CDATA[<p>Název sloupečku(ů)<br></p>]]></text>
      <feedback format="html">
        <text></text>
      </feedback>
    </answer>
    <answer fraction="33.33333" format="html">
      <text><![CDATA[<p>Datový typ sloupečku(ů)<br></p>]]></text>
      <feedback format="html">
        <text></text>
      </feedback>
    </answer>
    <answer fraction="0" format="html">
      <text><![CDATA[<p>Datový typ tabulky<br></p>]]></text>
      <feedback format="html">
        <text></text>
      </feedback>
    </answer>
    <answer fraction="0" format="html">
      <text><![CDATA[<p>Počet sloupečků<br></p>]]></text>
      <feedback format="html">
        <text></text>
      </feedback>
    </answer>
    <answer fraction="0" format="html">
      <text><![CDATA[<p>Počet řádků<br></p>]]></text>
      <feedback format="html">
        <text></text>
      </feedback>
    </answer>
    <tags>
      <tag><text>sql</text>
</tag>
      <tag><text>create</text>
</tag>
    </tags>
  </question>

<!-- question: 7953  -->
  <question type="shortanswer">
    <name>
      <text>Oddělovač sloupců</text>
    </name>
    <questiontext format="html">
      <text><![CDATA[<p dir="ltr" style="text-align: left;">Jednotlivé sloupce jsou od sebe v dotazu CREATE odděleny znakem:<br></p>]]></text>
    </questiontext>
    <generalfeedback format="html">
      <text></text>
    </generalfeedback>
    <defaultgrade>2.0000000</defaultgrade>
    <penalty>0.5000000</penalty>
    <hidden>0</hidden>
    <idnumber></idnumber>
    <usecase>0</usecase>
    <answer fraction="100" format="moodle_auto_format">
      <text>,</text>
      <feedback format="html">
        <text></text>
      </feedback>
    </answer>
    <answer fraction="100" format="moodle_auto_format">
      <text>,</text>
      <feedback format="html">
        <text></text>
      </feedback>
    </answer>
    <answer fraction="100" format="moodle_auto_format">
      <text>,</text>
      <feedback format="html">
        <text></text>
      </feedback>
    </answer>
    <answer fraction="100" format="moodle_auto_format">
      <text>,</text>
      <feedback format="html">
        <text></text>
      </feedback>
    </answer>
    <tags>
      <tag><text>sql</text>
</tag>
      <tag><text>create</text>
</tag>
      <tag><text>syntax</text>
</tag>
    </tags>
  </question>

<!-- question: 7956  -->
  <question type="shortanswer">
    <name>
      <text>Ukončení create</text>
    </name>
    <questiontext format="html">
      <text><![CDATA[<p dir="ltr" style="text-align: left;">Dotaz CREATE je ukončen znakem (závorky nepočítáme - ty jsou součástí samotného dotazu): <br></p>]]></text>
    </questiontext>
    <generalfeedback format="html">
      <text></text>
    </generalfeedback>
    <defaultgrade>2.0000000</defaultgrade>
    <penalty>0.3333333</penalty>
    <hidden>0</hidden>
    <idnumber></idnumber>
    <usecase>0</usecase>
    <answer fraction="100" format="moodle_auto_format">
      <text>;</text>
      <feedback format="html">
        <text></text>
      </feedback>
    </answer>
    <answer fraction="100" format="moodle_auto_format">
      <text>;</text>
      <feedback format="html">
        <text></text>
      </feedback>
    </answer>
    <answer fraction="100" format="moodle_auto_format">
      <text>;</text>
      <feedback format="html">
        <text></text>
      </feedback>
    </answer>
    <answer fraction="100" format="moodle_auto_format">
      <text>;</text>
      <feedback format="html">
        <text></text>
      </feedback>
    </answer>
    <tags>
      <tag><text>sql</text>
</tag>
      <tag><text>create</text>
</tag>
      <tag><text>syntax</text>
</tag>
    </tags>
  </question>

<!-- question: 7950  -->
  <question type="truefalse">
    <name>
      <text>Hvězdička v create</text>
    </name>
    <questiontext format="html">
      <text><![CDATA[<p dir="ltr" style="text-align: left;">V dotazu CREATE má smysl užití hvězdičky (výběr všech sloupců)<br></p>]]></text>
    </questiontext>
    <generalfeedback format="html">
      <text></text>
    </generalfeedback>
    <defaultgrade>1.0000000</defaultgrade>
    <penalty>1.0000000</penalty>
    <hidden>0</hidden>
    <idnumber></idnumber>
    <answer fraction="0" format="moodle_auto_format">
      <text>true</text>
      <feedback format="html">
        <text></text>
      </feedback>
    </answer>
    <answer fraction="100" format="moodle_auto_format">
      <text>false</text>
      <feedback format="html">
        <text></text>
      </feedback>
    </answer>
    <tags>
      <tag><text>hvězdička</text>
</tag>
      <tag><text>create</text>
</tag>
    </tags>
  </question>

<!-- question: 7958  -->
  <question type="truefalse">
    <name>
      <text>Mezera v názvu sloupečků</text>
    </name>
    <questiontext format="html">
      <text><![CDATA[<p dir="ltr" style="text-align: left;">Názvy sloupečků mohou obsahovat mezeru.<br></p>]]></text>
    </questiontext>
    <generalfeedback format="html">
      <text></text>
    </generalfeedback>
    <defaultgrade>1.0000000</defaultgrade>
    <penalty>1.0000000</penalty>
    <hidden>0</hidden>
    <idnumber></idnumber>
    <answer fraction="0" format="moodle_auto_format">
      <text>true</text>
      <feedback format="html">
        <text></text>
      </feedback>
    </answer>
    <answer fraction="100" format="moodle_auto_format">
      <text>false</text>
      <feedback format="html">
        <text></text>
      </feedback>
    </answer>
    <tags>
      <tag><text>sql</text>
</tag>
      <tag><text>create</text>
</tag>
    </tags>
  </question>

<!-- question: 7957  -->
  <question type="truefalse">
    <name>
      <text>Mezera v názvu tabulky</text>
    </name>
    <questiontext format="html">
      <text><![CDATA[<p dir="ltr" style="text-align: left;">Název tabulky může obsahovat mezeru.<br></p>]]></text>
    </questiontext>
    <generalfeedback format="html">
      <text></text>
    </generalfeedback>
    <defaultgrade>1.0000000</defaultgrade>
    <penalty>1.0000000</penalty>
    <hidden>0</hidden>
    <idnumber></idnumber>
    <answer fraction="0" format="moodle_auto_format">
      <text>true</text>
      <feedback format="html">
        <text></text>
      </feedback>
    </answer>
    <answer fraction="100" format="moodle_auto_format">
      <text>false</text>
      <feedback format="html">
        <text></text>
      </feedback>
    </answer>
    <tags>
      <tag><text>sql</text>
</tag>
      <tag><text>create</text>
</tag>
    </tags>
  </question>

<!-- question: 7959  -->
  <question type="truefalse">
    <name>
      <text>Oddělovač vlastností sloupečků</text>
    </name>
    <questiontext format="html">
      <text><![CDATA[<p dir="ltr" style="text-align: left;">Jednotlivé vlastnosti sloupečku jsou od sebe odděleny čárkou.<br></p>]]></text>
    </questiontext>
    <generalfeedback format="html">
      <text></text>
    </generalfeedback>
    <defaultgrade>1.0000000</defaultgrade>
    <penalty>1.0000000</penalty>
    <hidden>0</hidden>
    <idnumber></idnumber>
    <answer fraction="0" format="moodle_auto_format">
      <text>true</text>
      <feedback format="html">
        <text></text>
      </feedback>
    </answer>
    <answer fraction="100" format="moodle_auto_format">
      <text>false</text>
      <feedback format="html">
        <text></text>
      </feedback>
    </answer>
    <tags>
      <tag><text>sql</text>
</tag>
      <tag><text>create</text>
</tag>
      <tag><text>syntax</text>
</tag>
    </tags>
  </question>

<!-- question: 7954  -->
  <question type="truefalse">
    <name>
      <text>Oddělovač za posledním sloupcem</text>
    </name>
    <questiontext format="html">
      <text><![CDATA[<p dir="ltr" style="text-align: left;">V příkazu CREATE píšeme oddělovač sloupců i za poslední sloupec.<br></p>]]></text>
    </questiontext>
    <generalfeedback format="html">
      <text></text>
    </generalfeedback>
    <defaultgrade>1.0000000</defaultgrade>
    <penalty>1.0000000</penalty>
    <hidden>0</hidden>
    <idnumber></idnumber>
    <answer fraction="0" format="moodle_auto_format">
      <text>true</text>
      <feedback format="html">
        <text></text>
      </feedback>
    </answer>
    <answer fraction="100" format="moodle_auto_format">
      <text>false</text>
      <feedback format="html">
        <text></text>
      </feedback>
    </answer>
    <tags>
      <tag><text>sql</text>
</tag>
      <tag><text>create</text>
</tag>
      <tag><text>syntax</text>
</tag>
    </tags>
  </question>

<!-- question: 7955  -->
  <question type="truefalse">
    <name>
      <text>Počet řádků v create</text>
    </name>
    <questiontext format="html">
      <text><![CDATA[<p dir="ltr" style="text-align: left;">V dotazu CREATE zadáváme počet řádků (záznamů).<br></p>]]></text>
    </questiontext>
    <generalfeedback format="html">
      <text></text>
    </generalfeedback>
    <defaultgrade>1.0000000</defaultgrade>
    <penalty>1.0000000</penalty>
    <hidden>0</hidden>
    <idnumber></idnumber>
    <answer fraction="0" format="moodle_auto_format">
      <text>true</text>
      <feedback format="html">
        <text></text>
      </feedback>
    </answer>
    <answer fraction="100" format="moodle_auto_format">
      <text>false</text>
      <feedback format="html">
        <text></text>
      </feedback>
    </answer>
    <tags>
      <tag><text>sql</text>
</tag>
      <tag><text>create</text>
</tag>
    </tags>
  </question>

<!-- question: 7952  -->
  <question type="truefalse">
    <name>
      <text>Sloupce v create</text>
    </name>
    <questiontext format="html">
      <text><![CDATA[U každého sloupce, který v tabulce vytváříme musíme specifikovat jeho vlastnosti zvlášť (případně v dalších omezujících podmínkách např. po 2 sloupečcích). <br>]]></text>
    </questiontext>
    <generalfeedback format="html">
      <text></text>
    </generalfeedback>
    <defaultgrade>1.0000000</defaultgrade>
    <penalty>1.0000000</penalty>
    <hidden>0</hidden>
    <idnumber></idnumber>
    <answer fraction="100" format="moodle_auto_format">
      <text>true</text>
      <feedback format="html">
        <text></text>
      </feedback>
    </answer>
    <answer fraction="0" format="moodle_auto_format">
      <text>false</text>
      <feedback format="html">
        <text></text>
      </feedback>
    </answer>
    <tags>
      <tag><text>create</text>
</tag>
      <tag><text>syntax</text>
</tag>
    </tags>
  </question>

<!-- question: 7947  -->
  <question type="truefalse">
    <name>
      <text>Velikost písmen klíčových slov</text>
    </name>
    <questiontext format="html">
      <text><![CDATA[<p dir="ltr" style="text-align: left;">Klíčová slova musí být zapsaná velkými písmeny<br></p>]]></text>
    </questiontext>
    <generalfeedback format="html">
      <text></text>
    </generalfeedback>
    <defaultgrade>1.0000000</defaultgrade>
    <penalty>1.0000000</penalty>
    <hidden>0</hidden>
    <idnumber></idnumber>
    <answer fraction="0" format="moodle_auto_format">
      <text>true</text>
      <feedback format="html">
        <text></text>
      </feedback>
    </answer>
    <answer fraction="100" format="moodle_auto_format">
      <text>false</text>
      <feedback format="html">
        <text></text>
      </feedback>
    </answer>
    <tags>
      <tag><text>sql</text>
</tag>
      <tag><text>syntax</text>
</tag>
    </tags>
  </question>

<!-- question: 7948  -->
  <question type="truefalse">
    <name>
      <text>Velikost písmen klíčových slov - standard</text>
    </name>
    <questiontext format="html">
      <text><![CDATA[<p dir="ltr" style="text-align: left;">Klíčová slova nemusí být zapsaná velkými písmeny, ale obvykle je tak zapisujeme (je to standard).<br></p>]]></text>
    </questiontext>
    <generalfeedback format="html">
      <text></text>
    </generalfeedback>
    <defaultgrade>1.0000000</defaultgrade>
    <penalty>1.0000000</penalty>
    <hidden>0</hidden>
    <idnumber></idnumber>
    <answer fraction="100" format="moodle_auto_format">
      <text>true</text>
      <feedback format="html">
        <text></text>
      </feedback>
    </answer>
    <answer fraction="0" format="moodle_auto_format">
      <text>false</text>
      <feedback format="html">
        <text></text>
      </feedback>
    </answer>
    <tags>
      <tag><text>sql</text>
</tag>
      <tag><text>syntax</text>
</tag>
    </tags>
  </question>

<!-- question: 7949  -->
  <question type="truefalse">
    <name>
      <text>Více sloupců se stejným datovým typem</text>
    </name>
    <questiontext format="html">
      <text><![CDATA[<p dir="ltr" style="text-align: left;">Pokud máme v tabulce více sloupců se stejným datovým typem, můžeme tento datový typ zapsat pouze jednou a ostatní sloupce ho převezmou.<br></p>]]></text>
    </questiontext>
    <generalfeedback format="html">
      <text></text>
    </generalfeedback>
    <defaultgrade>1.0000000</defaultgrade>
    <penalty>1.0000000</penalty>
    <hidden>0</hidden>
    <idnumber></idnumber>
    <answer fraction="0" format="moodle_auto_format">
      <text>true</text>
      <feedback format="html">
        <text></text>
      </feedback>
    </answer>
    <answer fraction="100" format="moodle_auto_format">
      <text>false</text>
      <feedback format="html">
        <text></text>
      </feedback>
    </answer>
    <tags>
      <tag><text>create</text>
</tag>
      <tag><text>datové typy</text>
</tag>
      <tag><text>syntax</text>
</tag>
    </tags>
  </question>

<!-- question: 0  -->
  <question type="category">
    <category>
      <text>$course$/top/JaroslavHoleček/Databáze/SQL/join</text>
    </category>
    <info format="html">
      <text></text>
    </info>
    <idnumber></idnumber>
  </question>

<!-- question: 7713  -->
  <question type="gapselect">
    <name>
      <text>JOIN - Doplň dotaz</text>
    </name>
    <questiontext format="html">
      <text><![CDATA[<p>Doplňte, dotaz, který spojí dvě tabulky.</p><p>[[1]] * [[2]] Auta [[3]] Lide [[4]] Auta.potrebna_kvalifikace = Lide.kvalifikace;<br></p>]]></text>
    </questiontext>
    <generalfeedback format="html">
      <text></text>
    </generalfeedback>
    <defaultgrade>4.0000000</defaultgrade>
    <penalty>0.2500000</penalty>
    <hidden>0</hidden>
    <idnumber></idnumber>
    <shuffleanswers>1</shuffleanswers>
    <correctfeedback format="html">
      <text>Vaše odpověď je správná.</text>
    </correctfeedback>
    <partiallycorrectfeedback format="html">
      <text>Vaše odpověď je částečně správná.</text>
    </partiallycorrectfeedback>
    <incorrectfeedback format="html">
      <text>Vaše odpověď je chybná.</text>
    </incorrectfeedback>
    <shownumcorrect/>
    <selectoption>
      <text>SELECT</text>
      <group>1</group>
    </selectoption>
    <selectoption>
      <text>FROM</text>
      <group>1</group>
    </selectoption>
    <selectoption>
      <text>INNER JOIN</text>
      <group>1</group>
    </selectoption>
    <selectoption>
      <text>ON</text>
      <group>1</group>
    </selectoption>
    <selectoption>
      <text>WHERE</text>
      <group>1</group>
    </selectoption>
    <selectoption>
      <text>GET</text>
      <group>1</group>
    </selectoption>
    <selectoption>
      <text>IN</text>
      <group>1</group>
    </selectoption>
    <selectoption>
      <text>CONNECT</text>
      <group>1</group>
    </selectoption>
    <selectoption>
      <text>BY</text>
      <group>1</group>
    </selectoption>
    <hint format="html">
      <text></text>
      <shownumcorrect/>
    </hint>
    <hint format="html">
      <text></text>
      <shownumcorrect/>
    </hint>
    <tags>
      <tag><text>sql</text>
</tag>
      <tag><text>dotaz</text>
</tag>
      <tag><text>join</text>
</tag>
    </tags>
  </question>

<!-- question: 8644  -->
  <question type="matching">
    <name>
      <text>Použití typů JOIN</text>
    </name>
    <questiontext format="html">
      <text><![CDATA[<p dir="ltr" style="text-align: left;">Přiřaď k požadovanému výsledku typ JOIN, který použijeme.<br></p>]]></text>
    </questiontext>
    <generalfeedback format="html">
      <text></text>
    </generalfeedback>
    <defaultgrade>3.0000000</defaultgrade>
    <penalty>0.2500000</penalty>
    <hidden>0</hidden>
    <idnumber></idnumber>
    <shuffleanswers>true</shuffleanswers>
    <correctfeedback format="html">
      <text>Vaše odpověď je správná.</text>
    </correctfeedback>
    <partiallycorrectfeedback format="html">
      <text>Vaše odpověď je částečně správná.</text>
    </partiallycorrectfeedback>
    <incorrectfeedback format="html">
      <text>Vaše odpověď je chybná.</text>
    </incorrectfeedback>
    <shownumcorrect/>
    <subquestion format="html">
      <text><![CDATA[<p dir="ltr" style="text-align: left;">Chceme zobrazit všechny záznamy z první tabulky (v pořadí v dotazu) a k nim připojené odpovídající záznamy z druhé tabulky.<br></p>]]></text>
      <answer>
        <text>LEFT JOIN</text>
      </answer>
    </subquestion>
    <subquestion format="html">
      <text><![CDATA[<p dir="ltr" style="text-align: left;">Chceme zobrazit všechny záznamy z druhé tabulky (v pořadí v dotazu) a k nim připojené odpovídající záznamy z první tabulky.<br></p>]]></text>
      <answer>
        <text>RIGHT JOIN</text>
      </answer>
    </subquestion>
    <subquestion format="html">
      <text><![CDATA[<p dir="ltr" style="text-align: left;">Chceme zobrazit pouze data, pro která existuje záznam v obou tabulkách a tyto záznamy chceme spojené.<br></p>]]></text>
      <answer>
        <text>[INNER] JOIN</text>
      </answer>
    </subquestion>
    <subquestion format="html">
      <text><![CDATA[<p dir="ltr" style="text-align: left;">Chceme zobrazit všechny záznamy z obou tabulek - ty, které k sobě patří spojené.<br></p>]]></text>
      <answer>
        <text>FULL OUTER JOIN</text>
      </answer>
    </subquestion>
    <subquestion format="html">
      <text></text>
      <answer>
        <text>MIX JOIN</text>
      </answer>
    </subquestion>
    <subquestion format="html">
      <text></text>
      <answer>
        <text>ALL JOIN</text>
      </answer>
    </subquestion>
    <tags>
      <tag><text>databáze</text>
</tag>
      <tag><text>sql</text>
</tag>
      <tag><text>join</text>
</tag>
    </tags>
  </question>

<!-- question: 7714  -->
  <question type="multichoice">
    <name>
      <text>Co znamená INNER JOIN</text>
    </name>
    <questiontext format="html">
      <text><![CDATA[<p>Co znamená INNER JOIN.<br></p>]]></text>
    </questiontext>
    <generalfeedback format="html">
      <text></text>
    </generalfeedback>
    <defaultgrade>2.0000000</defaultgrade>
    <penalty>0.5000000</penalty>
    <hidden>0</hidden>
    <idnumber></idnumber>
    <single>true</single>
    <shuffleanswers>true</shuffleanswers>
    <answernumbering>abc</answernumbering>
    <showstandardinstruction>1</showstandardinstruction>
    <correctfeedback format="html">
      <text>Vaše odpověď je správná.</text>
    </correctfeedback>
    <partiallycorrectfeedback format="html">
      <text>Vaše odpověď je částečně správná.</text>
    </partiallycorrectfeedback>
    <incorrectfeedback format="html">
      <text>Vaše odpověď je chybná.</text>
    </incorrectfeedback>
    <shownumcorrect/>
    <answer fraction="100" format="html">
      <text><![CDATA[<p>Vybere pouze řádky, které mají odpovídající hodnotu v levé i pravé tabulce.<br></p>]]></text>
      <feedback format="html">
        <text></text>
      </feedback>
    </answer>
    <answer fraction="0" format="html">
      <text><![CDATA[<p>Jde použít pouze při vnitřním - vnořeném dotazu<br></p>]]></text>
      <feedback format="html">
        <text></text>
      </feedback>
    </answer>
    <answer fraction="0" format="html">
      <text><![CDATA[<p>Jde použít pouze uvnitř databáze.<br></p>]]></text>
      <feedback format="html">
        <text></text>
      </feedback>
    </answer>
    <tags>
      <tag><text>sql</text>
</tag>
      <tag><text>join</text>
</tag>
      <tag><text>inner</text>
</tag>
    </tags>
  </question>

<!-- question: 7715  -->
  <question type="multichoice">
    <name>
      <text>JOIN - potřebné informace</text>
    </name>
    <questiontext format="html">
      <text><![CDATA[<p>Co musíme minimálně zadat, pokud chceme spojit dvě tabulky pomocí JOIN? <br></p>]]></text>
    </questiontext>
    <generalfeedback format="html">
      <text></text>
    </generalfeedback>
    <defaultgrade>3.0000000</defaultgrade>
    <penalty>0.3333333</penalty>
    <hidden>0</hidden>
    <idnumber></idnumber>
    <single>false</single>
    <shuffleanswers>true</shuffleanswers>
    <answernumbering>abc</answernumbering>
    <showstandardinstruction>1</showstandardinstruction>
    <correctfeedback format="html">
      <text>Vaše odpověď je správná.</text>
    </correctfeedback>
    <partiallycorrectfeedback format="html">
      <text>Vaše odpověď je částečně správná.</text>
    </partiallycorrectfeedback>
    <incorrectfeedback format="html">
      <text>Vaše odpověď je chybná.</text>
    </incorrectfeedback>
    <shownumcorrect/>
    <answer fraction="33.33333" format="html">
      <text><![CDATA[<p>Dva názvy tabulek<br></p>]]></text>
      <feedback format="html">
        <text></text>
      </feedback>
    </answer>
    <answer fraction="33.33333" format="html">
      <text><![CDATA[<p>Jeden sloupec z každé tabulky<br></p>]]></text>
      <feedback format="html">
        <text></text>
      </feedback>
    </answer>
    <answer fraction="33.33333" format="html">
      <text><![CDATA[<p>Vztah mezi sloupci ( = , &lt; , &gt; )<br></p>]]></text>
      <feedback format="html">
        <text></text>
      </feedback>
    </answer>
    <answer fraction="0" format="html">
      <text><![CDATA[<p>Název databáze<br></p>]]></text>
      <feedback format="html">
        <text></text>
      </feedback>
    </answer>
    <answer fraction="0" format="html">
      <text><![CDATA[<p>Název pouze jedné tabulky<br></p>]]></text>
      <feedback format="html">
        <text></text>
      </feedback>
    </answer>
    <answer fraction="-33.33333" format="html">
      <text><![CDATA[<p>Počet řádků<br></p>]]></text>
      <feedback format="html">
        <text></text>
      </feedback>
    </answer>
    <answer fraction="0" format="html">
      <text><![CDATA[<p>Počet sloupců<br></p>]]></text>
      <feedback format="html">
        <text></text>
      </feedback>
    </answer>
    <tags>
      <tag><text>sql</text>
</tag>
      <tag><text>dotaz</text>
</tag>
      <tag><text>join</text>
</tag>
    </tags>
  </question>

<!-- question: 8642  -->
  <question type="multichoice">
    <name>
      <text>Join tří tabulek II</text>
    </name>
    <questiontext format="html">
      <text><![CDATA[<p dir="ltr" style="text-align: left;">Co je mezivýsledkem, při spojování tří tabulek pomocí JOIN?<br></p>]]></text>
    </questiontext>
    <generalfeedback format="html">
      <text></text>
    </generalfeedback>
    <defaultgrade>2.0000000</defaultgrade>
    <penalty>0.5000000</penalty>
    <hidden>0</hidden>
    <idnumber></idnumber>
    <single>true</single>
    <shuffleanswers>true</shuffleanswers>
    <answernumbering>abc</answernumbering>
    <showstandardinstruction>0</showstandardinstruction>
    <correctfeedback format="html">
      <text>Vaše odpověď je správná.</text>
    </correctfeedback>
    <partiallycorrectfeedback format="html">
      <text>Vaše odpověď je částečně správná.</text>
    </partiallycorrectfeedback>
    <incorrectfeedback format="html">
      <text>Vaše odpověď je chybná.</text>
    </incorrectfeedback>
    <shownumcorrect/>
    <answer fraction="100" format="html">
      <text><![CDATA[<p dir="ltr" style="text-align: left;">Tabulka, která vznikla spojením dvou tabulek<br></p>]]></text>
      <feedback format="html">
        <text></text>
      </feedback>
    </answer>
    <answer fraction="0" format="html">
      <text><![CDATA[<p dir="ltr" style="text-align: left;">První řádky z každé ze tří tabulek<br></p>]]></text>
      <feedback format="html">
        <text></text>
      </feedback>
    </answer>
    <answer fraction="0" format="html">
      <text><![CDATA[<p dir="ltr" style="text-align: left;">Informace o třech spojovaných tabulkách (názvy, atributy)<br></p>]]></text>
      <feedback format="html">
        <text></text>
      </feedback>
    </answer>
    <answer fraction="0" format="html">
      <text><![CDATA[<p dir="ltr" style="text-align: left;">Velikost výsledné (velké, spojené) tabulky<br></p>]]></text>
      <feedback format="html">
        <text></text>
      </feedback>
    </answer>
    <tags>
      <tag><text>databáze</text>
</tag>
      <tag><text>sql</text>
</tag>
      <tag><text>join</text>
</tag>
    </tags>
  </question>

<!-- question: 7716  -->
  <question type="multichoice">
    <name>
      <text>Nejvíce řádků</text>
    </name>
    <questiontext format="html">
      <text><![CDATA[<p>Který z typů JOIN nám vrátí výsledek s nejvyšším počtem řádků (pokud budou v tabulkách taková data, na kterých se rozdíl projeví)?<br></p>]]></text>
    </questiontext>
    <generalfeedback format="html">
      <text></text>
    </generalfeedback>
    <defaultgrade>2.0000000</defaultgrade>
    <penalty>0.5000000</penalty>
    <hidden>0</hidden>
    <idnumber></idnumber>
    <single>true</single>
    <shuffleanswers>true</shuffleanswers>
    <answernumbering>abc</answernumbering>
    <showstandardinstruction>1</showstandardinstruction>
    <correctfeedback format="html">
      <text>Vaše odpověď je správná.</text>
    </correctfeedback>
    <partiallycorrectfeedback format="html">
      <text>Vaše odpověď je částečně správná.</text>
    </partiallycorrectfeedback>
    <incorrectfeedback format="html">
      <text>Vaše odpověď je chybná.</text>
    </incorrectfeedback>
    <shownumcorrect/>
    <answer fraction="100" format="html">
      <text><![CDATA[<p>FULL OUTER JOIN (FULL JOIN)<br></p>]]></text>
      <feedback format="html">
        <text></text>
      </feedback>
    </answer>
    <answer fraction="0" format="html">
      <text><![CDATA[<p>LEFT JOIN<br></p>]]></text>
      <feedback format="html">
        <text></text>
      </feedback>
    </answer>
    <answer fraction="0" format="html">
      <text><![CDATA[<p>MAX JOIN<br></p>]]></text>
      <feedback format="html">
        <text></text>
      </feedback>
    </answer>
    <answer fraction="0" format="html">
      <text><![CDATA[<p>SUPER JOIN<br></p>]]></text>
      <feedback format="html">
        <text></text>
      </feedback>
    </answer>
    <tags>
      <tag><text>sql</text>
</tag>
      <tag><text>join</text>
</tag>
    </tags>
  </question>

<!-- question: 7717  -->
  <question type="multichoice">
    <name>
      <text>Struktura LEFT JOIN</text>
    </name>
    <questiontext format="html">
      <text><![CDATA[<p><p>Označ, od které z tabulek budou ve výsledku všechny řádky, pokud použijeme následující dotaz:</p><p>SELECT * FROM Auta LEFT JOIN Lide ON Auta.potrebna_kvalifikace &lt; Lide.kvalifikace;</p><br></p>]]></text>
    </questiontext>
    <generalfeedback format="html">
      <text></text>
    </generalfeedback>
    <defaultgrade>2.0000000</defaultgrade>
    <penalty>0.5000000</penalty>
    <hidden>0</hidden>
    <idnumber></idnumber>
    <single>true</single>
    <shuffleanswers>true</shuffleanswers>
    <answernumbering>abc</answernumbering>
    <showstandardinstruction>1</showstandardinstruction>
    <correctfeedback format="html">
      <text>Vaše odpověď je správná.</text>
    </correctfeedback>
    <partiallycorrectfeedback format="html">
      <text>Vaše odpověď je částečně správná.</text>
    </partiallycorrectfeedback>
    <incorrectfeedback format="html">
      <text>Vaše odpověď je chybná.</text>
    </incorrectfeedback>
    <shownumcorrect/>
    <answer fraction="100" format="html">
      <text><![CDATA[<p>Auta<br></p>]]></text>
      <feedback format="html">
        <text></text>
      </feedback>
    </answer>
    <answer fraction="0" format="html">
      <text><![CDATA[<p>Lide<br></p>]]></text>
      <feedback format="html">
        <text></text>
      </feedback>
    </answer>
    <answer fraction="0" format="html">
      <text><![CDATA[<p>Z obou tabulek<br></p>]]></text>
      <feedback format="html">
        <text></text>
      </feedback>
    </answer>
    <answer fraction="0" format="html">
      <text><![CDATA[<p>Z žádné tabulky<br></p>]]></text>
      <feedback format="html">
        <text></text>
      </feedback>
    </answer>
    <tags>
      <tag><text>sql</text>
</tag>
      <tag><text>join</text>
</tag>
      <tag><text>left</text>
</tag>
    </tags>
  </question>

<!-- question: 8643  -->
  <question type="multichoice">
    <name>
      <text>Typy JOIN</text>
    </name>
    <questiontext format="html">
      <text><![CDATA[<p dir="ltr" style="text-align: left;">Jaké typy JOIN v SQL existují?<br></p>]]></text>
    </questiontext>
    <generalfeedback format="html">
      <text></text>
    </generalfeedback>
    <defaultgrade>3.0000000</defaultgrade>
    <penalty>0.3333333</penalty>
    <hidden>0</hidden>
    <idnumber></idnumber>
    <single>false</single>
    <shuffleanswers>true</shuffleanswers>
    <answernumbering>abc</answernumbering>
    <showstandardinstruction>0</showstandardinstruction>
    <correctfeedback format="html">
      <text>Vaše odpověď je správná.</text>
    </correctfeedback>
    <partiallycorrectfeedback format="html">
      <text>Vaše odpověď je částečně správná.</text>
    </partiallycorrectfeedback>
    <incorrectfeedback format="html">
      <text>Vaše odpověď je chybná.</text>
    </incorrectfeedback>
    <shownumcorrect/>
    <answer fraction="25" format="html">
      <text><![CDATA[<p dir="ltr" style="text-align: left;">FULL OUTER JOIN<br></p>]]></text>
      <feedback format="html">
        <text></text>
      </feedback>
    </answer>
    <answer fraction="25" format="html">
      <text><![CDATA[<p dir="ltr" style="text-align: left;">LEFT JOIN<br></p>]]></text>
      <feedback format="html">
        <text></text>
      </feedback>
    </answer>
    <answer fraction="25" format="html">
      <text><![CDATA[<p dir="ltr" style="text-align: left;">RIGHT JOIN<br></p>]]></text>
      <feedback format="html">
        <text></text>
      </feedback>
    </answer>
    <answer fraction="25" format="html">
      <text><![CDATA[<p dir="ltr" style="text-align: left;">[INNER] JOIN<br></p>]]></text>
      <feedback format="html">
        <text></text>
      </feedback>
    </answer>
    <answer fraction="-25" format="html">
      <text><![CDATA[<p dir="ltr" style="text-align: left;">MIX JOIN<br></p>]]></text>
      <feedback format="html">
        <text></text>
      </feedback>
    </answer>
    <answer fraction="-25" format="html">
      <text><![CDATA[<p dir="ltr" style="text-align: left;">SPLIT JOIN<br></p>]]></text>
      <feedback format="html">
        <text></text>
      </feedback>
    </answer>
    <answer fraction="-25" format="html">
      <text><![CDATA[<p dir="ltr" style="text-align: left;">JOINT<br></p>]]></text>
      <feedback format="html">
        <text></text>
      </feedback>
    </answer>
    <answer fraction="-25" format="html">
      <text><![CDATA[<p dir="ltr" style="text-align: left;">ALL JOIN<br></p>]]></text>
      <feedback format="html">
        <text></text>
      </feedback>
    </answer>
    <tags>
      <tag><text>databáze</text>
</tag>
      <tag><text>sql</text>
</tag>
      <tag><text>join</text>
</tag>
    </tags>
  </question>

<!-- question: 8645  -->
  <question type="numerical">
    <name>
      <text>Maximální počet řádků</text>
    </name>
    <questiontext format="html">
      <text><![CDATA[<p dir="ltr" style="text-align: left;">Máme dvě tabulky. První má 5 řádků&nbsp; (záznamů), druhá má 6 řádků (záznamů).<br>Pokud použijeme FULL OUTER JOIN na jejich spojení, kolik můžeme získat MAXIMÁLNĚ řádků ve výsledku? <br><br>Pozn.: Teoreticky - taková data bychom asi ani nechtěli zobrazovat pomocí JOIN<br></p>]]></text>
    </questiontext>
    <generalfeedback format="html">
      <text></text>
    </generalfeedback>
    <defaultgrade>1.0000000</defaultgrade>
    <penalty>0.2500000</penalty>
    <hidden>0</hidden>
    <idnumber></idnumber>
    <answer fraction="100" format="moodle_auto_format">
      <text>30</text>
      <feedback format="html">
        <text></text>
      </feedback>
      <tolerance>0</tolerance>
    </answer>
    <unitgradingtype>0</unitgradingtype>
    <unitpenalty>0.1000000</unitpenalty>
    <showunits>3</showunits>
    <unitsleft>0</unitsleft>
    <tags>
      <tag><text>databáze</text>
</tag>
      <tag><text>sql</text>
</tag>
      <tag><text>join</text>
</tag>
    </tags>
  </question>

<!-- question: 8646  -->
  <question type="numerical">
    <name>
      <text>Minimální počet řádků I</text>
    </name>
    <questiontext format="html">
      <text><![CDATA[<p dir="ltr" style="text-align: left;">Máme dvě tabulky. První má 5 řádků&nbsp; (záznamů), druhá má 6 řádků (záznamů).<br>Pokud použijeme LEFT JOIN na jejich spojení, kolik získáme minimálně řádků ve výsledku? <br></p>]]></text>
    </questiontext>
    <generalfeedback format="html">
      <text></text>
    </generalfeedback>
    <defaultgrade>1.0000000</defaultgrade>
    <penalty>0.2500000</penalty>
    <hidden>0</hidden>
    <idnumber></idnumber>
    <answer fraction="100" format="moodle_auto_format">
      <text>5</text>
      <feedback format="html">
        <text></text>
      </feedback>
      <tolerance>0</tolerance>
    </answer>
    <unitgradingtype>0</unitgradingtype>
    <unitpenalty>0.1000000</unitpenalty>
    <showunits>3</showunits>
    <unitsleft>0</unitsleft>
    <tags>
      <tag><text>databáze</text>
</tag>
      <tag><text>sql</text>
</tag>
      <tag><text>join</text>
</tag>
    </tags>
  </question>

<!-- question: 8647  -->
  <question type="numerical">
    <name>
      <text>Minimální počet řádků II</text>
    </name>
    <questiontext format="html">
      <text><![CDATA[<p dir="ltr" style="text-align: left;">Máme dvě tabulky. První má 5 řádků&nbsp; (záznamů), druhá má 6 řádků (záznamů).<br>Pokud použijeme INNER JOIN na jejich spojení, kolik můžeme získat minimálně řádků ve výsledku? <br></p>]]></text>
    </questiontext>
    <generalfeedback format="html">
      <text></text>
    </generalfeedback>
    <defaultgrade>1.0000000</defaultgrade>
    <penalty>0.2500000</penalty>
    <hidden>0</hidden>
    <idnumber></idnumber>
    <answer fraction="100" format="moodle_auto_format">
      <text>0</text>
      <feedback format="html">
        <text></text>
      </feedback>
      <tolerance>0</tolerance>
    </answer>
    <unitgradingtype>0</unitgradingtype>
    <unitpenalty>0.1000000</unitpenalty>
    <showunits>3</showunits>
    <unitsleft>0</unitsleft>
    <tags>
      <tag><text>databáze</text>
</tag>
      <tag><text>sql</text>
</tag>
      <tag><text>join</text>
</tag>
    </tags>
  </question>

<!-- question: 8648  -->
  <question type="numerical">
    <name>
      <text>Minimální počet řádků III</text>
    </name>
    <questiontext format="html">
      <text><![CDATA[<p dir="ltr" style="text-align: left;">Máme dvě tabulky. První má 5 řádků&nbsp; (záznamů), druhá má 6 řádků (záznamů).<br>Pokud použijeme FULL OUTER JOIN na jejich spojení, kolik můžeme získat MINIMÁLNĚ řádků ve výsledku? <br></p>]]></text>
    </questiontext>
    <generalfeedback format="html">
      <text></text>
    </generalfeedback>
    <defaultgrade>1.0000000</defaultgrade>
    <penalty>0.2500000</penalty>
    <hidden>0</hidden>
    <idnumber></idnumber>
    <answer fraction="100" format="moodle_auto_format">
      <text>11</text>
      <feedback format="html">
        <text></text>
      </feedback>
      <tolerance>0</tolerance>
    </answer>
    <unitgradingtype>0</unitgradingtype>
    <unitpenalty>0.1000000</unitpenalty>
    <showunits>3</showunits>
    <unitsleft>0</unitsleft>
    <tags>
      <tag><text>databáze</text>
</tag>
      <tag><text>sql</text>
</tag>
      <tag><text>join</text>
</tag>
    </tags>
  </question>

<!-- question: 7718  -->
  <question type="truefalse">
    <name>
      <text>JOIN - co je ve výsledku</text>
    </name>
    <questiontext format="html">
      <text><![CDATA[<p>Dotaz s použitím JOIN spojí dvě tabulky tak, že výsledek obsahuje všechny sloupce z obou vstupních tabulek. <br></p>]]></text>
    </questiontext>
    <generalfeedback format="html">
      <text></text>
    </generalfeedback>
    <defaultgrade>1.0000000</defaultgrade>
    <penalty>1.0000000</penalty>
    <hidden>0</hidden>
    <idnumber></idnumber>
    <answer fraction="100" format="moodle_auto_format">
      <text>true</text>
      <feedback format="html">
        <text></text>
      </feedback>
    </answer>
    <answer fraction="0" format="moodle_auto_format">
      <text>false</text>
      <feedback format="html">
        <text></text>
      </feedback>
    </answer>
    <tags>
      <tag><text>sql</text>
</tag>
      <tag><text>join</text>
</tag>
    </tags>
  </question>

<!-- question: 7719  -->
  <question type="truefalse">
    <name>
      <text>Rozdíl LEFT x RIGHT JOIN</text>
    </name>
    <questiontext format="html">
      <text><![CDATA[<p>LEFT JOIN a RIGHT JOIN&nbsp; provádí stejnou operaci, jen berou vstupní tabulky v obráceném pořadí.<br></p>]]></text>
    </questiontext>
    <generalfeedback format="html">
      <text></text>
    </generalfeedback>
    <defaultgrade>1.0000000</defaultgrade>
    <penalty>1.0000000</penalty>
    <hidden>0</hidden>
    <idnumber></idnumber>
    <answer fraction="100" format="moodle_auto_format">
      <text>true</text>
      <feedback format="html">
        <text></text>
      </feedback>
    </answer>
    <answer fraction="0" format="moodle_auto_format">
      <text>false</text>
      <feedback format="html">
        <text></text>
      </feedback>
    </answer>
    <tags>
      <tag><text>sql</text>
</tag>
      <tag><text>join</text>
</tag>
      <tag><text>left</text>
</tag>
      <tag><text>right</text>
</tag>
    </tags>
  </question>

<!-- question: 8641  -->
  <question type="truefalse">
    <name>
      <text>Spojení tří tabulek</text>
    </name>
    <questiontext format="html">
      <text><![CDATA[<p dir="ltr" style="text-align: left;">Pokud chceme spojit tři tabulky pomocí JOIN, musíme v dotazu pojmenovat mezivýsledek.<br></p>]]></text>
    </questiontext>
    <generalfeedback format="html">
      <text></text>
    </generalfeedback>
    <defaultgrade>1.0000000</defaultgrade>
    <penalty>1.0000000</penalty>
    <hidden>0</hidden>
    <idnumber></idnumber>
    <answer fraction="100" format="moodle_auto_format">
      <text>true</text>
      <feedback format="html">
        <text></text>
      </feedback>
    </answer>
    <answer fraction="0" format="moodle_auto_format">
      <text>false</text>
      <feedback format="html">
        <text></text>
      </feedback>
    </answer>
    <tags>
      <tag><text>databáze</text>
</tag>
      <tag><text>sql</text>
</tag>
      <tag><text>join</text>
</tag>
    </tags>
  </question>

<!-- question: 0  -->
  <question type="category">
    <category>
      <text>$course$/top/JaroslavHoleček/Databáze/Vztahy mezi entitami</text>
    </category>
    <info format="html">
      <text></text>
    </info>
    <idnumber></idnumber>
  </question>

<!-- question: 7918  -->
  <question type="multichoice">
    <name>
      <text>Jedna tabulka v dbs</text>
    </name>
    <questiontext format="html">
      <text><![CDATA[<p dir="ltr" style="text-align: left;">Pokud máme v databázi jen jednu tabulku, je zřejmé, že v databázi nemohou být vztahy/vztah typu:<br></p>]]></text>
    </questiontext>
    <generalfeedback format="html">
      <text></text>
    </generalfeedback>
    <defaultgrade>2.0000000</defaultgrade>
    <penalty>0.5000000</penalty>
    <hidden>0</hidden>
    <idnumber></idnumber>
    <single>true</single>
    <shuffleanswers>true</shuffleanswers>
    <answernumbering>abc</answernumbering>
    <showstandardinstruction>0</showstandardinstruction>
    <correctfeedback format="html">
      <text>Vaše odpověď je správná.</text>
    </correctfeedback>
    <partiallycorrectfeedback format="html">
      <text>Vaše odpověď je částečně správná.</text>
    </partiallycorrectfeedback>
    <incorrectfeedback format="html">
      <text>Vaše odpověď je chybná.</text>
    </incorrectfeedback>
    <shownumcorrect/>
    <answer fraction="50" format="html">
      <text><![CDATA[<p dir="ltr" style="text-align: left;">1:N<br></p>]]></text>
      <feedback format="html">
        <text></text>
      </feedback>
    </answer>
    <answer fraction="100" format="html">
      <text><![CDATA[<p dir="ltr" style="text-align: left;">M:N<br></p>]]></text>
      <feedback format="html">
        <text></text>
      </feedback>
    </answer>
    <answer fraction="-50" format="html">
      <text><![CDATA[<p dir="ltr" style="text-align: left;">1:1<br></p>]]></text>
      <feedback format="html">
        <text></text>
      </feedback>
    </answer>
    <answer fraction="-50" format="html">
      <text><![CDATA[<p dir="ltr" style="text-align: left;">Mohou být všechny typy vztahů<br></p>]]></text>
      <feedback format="html">
        <text></text>
      </feedback>
    </answer>
    <tags>
      <tag><text>databáze</text>
</tag>
      <tag><text>vztahy</text>
</tag>
    </tags>
  </question>

<!-- question: 7917  -->
  <question type="multichoice">
    <name>
      <text>Kombinace vztahů</text>
    </name>
    <questiontext format="html">
      <text><![CDATA[<p dir="ltr" style="text-align: left;">Jedna entita může mít vztahy s ostatními entitami:<br></p>]]></text>
    </questiontext>
    <generalfeedback format="html">
      <text></text>
    </generalfeedback>
    <defaultgrade>2.0000000</defaultgrade>
    <penalty>0.5000000</penalty>
    <hidden>0</hidden>
    <idnumber></idnumber>
    <single>true</single>
    <shuffleanswers>true</shuffleanswers>
    <answernumbering>abc</answernumbering>
    <showstandardinstruction>0</showstandardinstruction>
    <correctfeedback format="html">
      <text>Vaše odpověď je správná.</text>
    </correctfeedback>
    <partiallycorrectfeedback format="html">
      <text>Vaše odpověď je částečně správná.</text>
    </partiallycorrectfeedback>
    <incorrectfeedback format="html">
      <text>Vaše odpověď je chybná.</text>
    </incorrectfeedback>
    <shownumcorrect/>
    <answer fraction="100" format="html">
      <text><![CDATA[<p dir="ltr" style="text-align: left;">Libovolný počet libovolných typů vztahů<br></p>]]></text>
      <feedback format="html">
        <text></text>
      </feedback>
    </answer>
    <answer fraction="0" format="html">
      <text><![CDATA[<p dir="ltr" style="text-align: left;">Libovolný počet, ale pouze jednoho typu vztahu<br></p>]]></text>
      <feedback format="html">
        <text></text>
      </feedback>
    </answer>
    <answer fraction="0" format="html">
      <text><![CDATA[<p dir="ltr" style="text-align: left;">Omezený počet každého typu vztahů<br></p>]]></text>
      <feedback format="html">
        <text></text>
      </feedback>
    </answer>
    <answer fraction="0" format="html">
      <text><![CDATA[<p dir="ltr" style="text-align: left;">Pouze kombinaci dvou různých vztahů<br></p>]]></text>
      <feedback format="html">
        <text></text>
      </feedback>
    </answer>
    <tags>
      <tag><text>databáze</text>
</tag>
      <tag><text>vztahy</text>
</tag>
    </tags>
  </question>

<!-- question: 7913  -->
  <question type="multichoice">
    <name>
      <text>Tvorba 1:1</text>
    </name>
    <questiontext format="html">
      <text><![CDATA[<p dir="ltr" style="text-align: left;">Vztah 1:1 vytvoříme:<br></p>]]></text>
    </questiontext>
    <generalfeedback format="html">
      <text></text>
    </generalfeedback>
    <defaultgrade>2.0000000</defaultgrade>
    <penalty>0.5000000</penalty>
    <hidden>0</hidden>
    <idnumber></idnumber>
    <single>true</single>
    <shuffleanswers>true</shuffleanswers>
    <answernumbering>abc</answernumbering>
    <showstandardinstruction>0</showstandardinstruction>
    <correctfeedback format="html">
      <text>Vaše odpověď je správná.</text>
    </correctfeedback>
    <partiallycorrectfeedback format="html">
      <text>Vaše odpověď je částečně správná.</text>
    </partiallycorrectfeedback>
    <incorrectfeedback format="html">
      <text>Vaše odpověď je chybná.</text>
    </incorrectfeedback>
    <shownumcorrect/>
    <answer fraction="100" format="html">
      <text><![CDATA[<p dir="ltr" style="text-align: left;">Pomocí atributu (sloupečku) v tabulce<br></p>]]></text>
      <feedback format="html">
        <text></text>
      </feedback>
    </answer>
    <answer fraction="0" format="html">
      <text><![CDATA[<p dir="ltr" style="text-align: left;">Pomocí spojení dvou tabulek - v jedné tabulce jsou identifikátory řádků z druhé tabulky<br></p>]]></text>
      <feedback format="html">
        <text></text>
      </feedback>
    </answer>
    <answer fraction="0" format="html">
      <text><![CDATA[<p dir="ltr" style="text-align: left;">Pomocí řech tabulek - v jedné tabulce jsou identifikátory řádků z druhé tabulky a ze třetí tabulky<br></p>]]></text>
      <feedback format="html">
        <text></text>
      </feedback>
    </answer>
    <answer fraction="0" format="html">
      <text><![CDATA[<p dir="ltr" style="text-align: left;">Tento vztah v databázích neexistuej<br></p>]]></text>
      <feedback format="html">
        <text></text>
      </feedback>
    </answer>
    <tags>
      <tag><text>databáze</text>
</tag>
      <tag><text>1:1</text>
</tag>
    </tags>
  </question>

<!-- question: 7916  -->
  <question type="multichoice">
    <name>
      <text>Tvorba 1:2</text>
    </name>
    <questiontext format="html">
      <text><![CDATA[<p dir="ltr" style="text-align: left;">Vztah 1:2 vytvoříme:<br></p>]]></text>
    </questiontext>
    <generalfeedback format="html">
      <text></text>
    </generalfeedback>
    <defaultgrade>2.0000000</defaultgrade>
    <penalty>0.5000000</penalty>
    <hidden>0</hidden>
    <idnumber></idnumber>
    <single>true</single>
    <shuffleanswers>true</shuffleanswers>
    <answernumbering>abc</answernumbering>
    <showstandardinstruction>0</showstandardinstruction>
    <correctfeedback format="html">
      <text>Vaše odpověď je správná.</text>
    </correctfeedback>
    <partiallycorrectfeedback format="html">
      <text>Vaše odpověď je částečně správná.</text>
    </partiallycorrectfeedback>
    <incorrectfeedback format="html">
      <text>Vaše odpověď je chybná.</text>
    </incorrectfeedback>
    <shownumcorrect/>
    <answer fraction="0" format="html">
      <text><![CDATA[<p dir="ltr" style="text-align: left;">Pomocí atributu (sloupečku) v tabulce<br></p>]]></text>
      <feedback format="html">
        <text></text>
      </feedback>
    </answer>
    <answer fraction="0" format="html">
      <text><![CDATA[<p dir="ltr" style="text-align: left;">Pomocí spojení dvou tabulek - v jedné tabulce jsou identifikátory řádků z druhé tabulky<br></p>]]></text>
      <feedback format="html">
        <text></text>
      </feedback>
    </answer>
    <answer fraction="0" format="html">
      <text><![CDATA[<p dir="ltr" style="text-align: left;">Pomocí řech tabulek - v jedné tabulce jsou identifikátory řádků z druhé tabulky a ze třetí tabulky<br></p>]]></text>
      <feedback format="html">
        <text></text>
      </feedback>
    </answer>
    <answer fraction="100" format="html">
      <text><![CDATA[<p dir="ltr" style="text-align: left;">Tento vztah v databázích neexistuej<br></p>]]></text>
      <feedback format="html">
        <text></text>
      </feedback>
    </answer>
    <tags>
      <tag><text>databáze</text>
</tag>
    </tags>
  </question>

<!-- question: 7914  -->
  <question type="multichoice">
    <name>
      <text>Tvorba 1:N</text>
    </name>
    <questiontext format="html">
      <text><![CDATA[<p dir="ltr" style="text-align: left;">Vztah 1:N vytvoříme:<br></p>]]></text>
    </questiontext>
    <generalfeedback format="html">
      <text></text>
    </generalfeedback>
    <defaultgrade>2.0000000</defaultgrade>
    <penalty>0.5000000</penalty>
    <hidden>0</hidden>
    <idnumber></idnumber>
    <single>true</single>
    <shuffleanswers>true</shuffleanswers>
    <answernumbering>abc</answernumbering>
    <showstandardinstruction>0</showstandardinstruction>
    <correctfeedback format="html">
      <text>Vaše odpověď je správná.</text>
    </correctfeedback>
    <partiallycorrectfeedback format="html">
      <text>Vaše odpověď je částečně správná.</text>
    </partiallycorrectfeedback>
    <incorrectfeedback format="html">
      <text>Vaše odpověď je chybná.</text>
    </incorrectfeedback>
    <shownumcorrect/>
    <answer fraction="0" format="html">
      <text><![CDATA[<p dir="ltr" style="text-align: left;">Pomocí atributu (sloupečku) v tabulce<br></p>]]></text>
      <feedback format="html">
        <text></text>
      </feedback>
    </answer>
    <answer fraction="100" format="html">
      <text><![CDATA[<p dir="ltr" style="text-align: left;">Pomocí spojení dvou tabulek - v jedné tabulce jsou identifikátory řádků z druhé tabulky<br></p>]]></text>
      <feedback format="html">
        <text></text>
      </feedback>
    </answer>
    <answer fraction="0" format="html">
      <text><![CDATA[<p dir="ltr" style="text-align: left;">Pomocí řech tabulek - v jedné tabulce jsou identifikátory řádků z druhé tabulky a ze třetí tabulky<br></p>]]></text>
      <feedback format="html">
        <text></text>
      </feedback>
    </answer>
    <answer fraction="0" format="html">
      <text><![CDATA[<p dir="ltr" style="text-align: left;">Tento vztah v databázích neexistuej<br></p>]]></text>
      <feedback format="html">
        <text></text>
      </feedback>
    </answer>
    <tags>
      <tag><text>databáze</text>
</tag>
      <tag><text>1:N</text>
</tag>
    </tags>
  </question>

<!-- question: 7915  -->
  <question type="multichoice">
    <name>
      <text>Tvorba M:N</text>
    </name>
    <questiontext format="html">
      <text><![CDATA[<p dir="ltr" style="text-align: left;">Vztah M:N vytvoříme:<br></p>]]></text>
    </questiontext>
    <generalfeedback format="html">
      <text></text>
    </generalfeedback>
    <defaultgrade>2.0000000</defaultgrade>
    <penalty>0.5000000</penalty>
    <hidden>0</hidden>
    <idnumber></idnumber>
    <single>true</single>
    <shuffleanswers>true</shuffleanswers>
    <answernumbering>abc</answernumbering>
    <showstandardinstruction>0</showstandardinstruction>
    <correctfeedback format="html">
      <text>Vaše odpověď je správná.</text>
    </correctfeedback>
    <partiallycorrectfeedback format="html">
      <text>Vaše odpověď je částečně správná.</text>
    </partiallycorrectfeedback>
    <incorrectfeedback format="html">
      <text>Vaše odpověď je chybná.</text>
    </incorrectfeedback>
    <shownumcorrect/>
    <answer fraction="0" format="html">
      <text><![CDATA[<p dir="ltr" style="text-align: left;">Pomocí atributu (sloupečku) v tabulce<br></p>]]></text>
      <feedback format="html">
        <text></text>
      </feedback>
    </answer>
    <answer fraction="0" format="html">
      <text><![CDATA[<p dir="ltr" style="text-align: left;">Pomocí spojení dvou tabulek - v jedné tabulce jsou identifikátory řádků z druhé tabulky<br></p>]]></text>
      <feedback format="html">
        <text></text>
      </feedback>
    </answer>
    <answer fraction="100" format="html">
      <text><![CDATA[<p dir="ltr" style="text-align: left;">Pomocí třech tabulek - v jedné tabulce jsou identifikátory řádků z druhé tabulky a ze třetí tabulky<br></p>]]></text>
      <feedback format="html">
        <text></text>
      </feedback>
    </answer>
    <answer fraction="0" format="html">
      <text><![CDATA[<p dir="ltr" style="text-align: left;">Tento vztah v databázích neexistuej<br></p>]]></text>
      <feedback format="html">
        <text></text>
      </feedback>
    </answer>
    <tags>
      <tag><text>databáze</text>
</tag>
      <tag><text>M:N</text>
</tag>
    </tags>
  </question>

<!-- question: 7726  -->
  <question type="multichoice">
    <name>
      <text>Typy vztahů mezi entitami</text>
    </name>
    <questiontext format="html">
      <text><![CDATA[<p>Při tvorbě databází využíváme vztahů (tvoříme vztahy), které spolu data mají. Vyberte, které to jsou.<br></p>]]></text>
    </questiontext>
    <generalfeedback format="html">
      <text></text>
    </generalfeedback>
    <defaultgrade>3.0000000</defaultgrade>
    <penalty>0.3333333</penalty>
    <hidden>0</hidden>
    <idnumber></idnumber>
    <single>false</single>
    <shuffleanswers>true</shuffleanswers>
    <answernumbering>abc</answernumbering>
    <showstandardinstruction>1</showstandardinstruction>
    <correctfeedback format="html">
      <text>Vaše odpověď je správná.</text>
    </correctfeedback>
    <partiallycorrectfeedback format="html">
      <text>Vaše odpověď je částečně správná.</text>
    </partiallycorrectfeedback>
    <incorrectfeedback format="html">
      <text>Vaše odpověď je chybná.</text>
    </incorrectfeedback>
    <shownumcorrect/>
    <answer fraction="33.33333" format="html">
      <text><![CDATA[<p>1:1 - Jeden řádek má přiřazenou <b>jednu</b> hodnotu. Hodnota je přiřazena <b>jednomu</b> řádku.<br></p>]]></text>
      <feedback format="html">
        <text></text>
      </feedback>
    </answer>
    <answer fraction="33.33333" format="html">
      <text><![CDATA[<p>1:N - Jeden řádek má přiřazenou <b>jednu</b> hodnotu. Hodnota může být přiřazena <b>více</b> řádkům.<br></p>]]></text>
      <feedback format="html">
        <text></text>
      </feedback>
    </answer>
    <answer fraction="33.33333" format="html">
      <text><![CDATA[<p>M:N - Jeden řádek může mít přiřazeno <b>více</b> hodnot. Hodnota může být přiřazena <b>více</b> řádkům<br></p>]]></text>
      <feedback format="html">
        <text></text>
      </feedback>
    </answer>
    <answer fraction="0" format="html">
      <text><![CDATA[<p>1:2 - Jeden řádek má přiřazenou jednu ze <b>dvou</b> hodnot. Hodnota je přiřazena <b>jednomu</b> řádku<br></p>]]></text>
      <feedback format="html">
        <text></text>
      </feedback>
    </answer>
    <tags>
      <tag><text>sql</text>
</tag>
      <tag><text>vztahy</text>
</tag>
      <tag><text>1:1</text>
</tag>
      <tag><text>databáze</text>
</tag>
      <tag><text>1:N</text>
</tag>
      <tag><text>M:N</text>
</tag>
    </tags>
  </question>

<!-- question: 7912  -->
  <question type="numerical">
    <name>
      <text>Počet tabulek k 1:1</text>
    </name>
    <questiontext format="html">
      <text><![CDATA[<p dir="ltr" style="text-align: left;">Kolik tabulek musíme mít minimálně v databázi, bychom realizovali vztah 1:1 ?<br></p>]]></text>
    </questiontext>
    <generalfeedback format="html">
      <text></text>
    </generalfeedback>
    <defaultgrade>2.0000000</defaultgrade>
    <penalty>0.3333333</penalty>
    <hidden>0</hidden>
    <idnumber></idnumber>
    <answer fraction="100" format="moodle_auto_format">
      <text>1</text>
      <feedback format="html">
        <text></text>
      </feedback>
      <tolerance>0</tolerance>
    </answer>
    <unitgradingtype>0</unitgradingtype>
    <unitpenalty>0.1000000</unitpenalty>
    <showunits>3</showunits>
    <unitsleft>0</unitsleft>
    <tags>
      <tag><text>databáze</text>
</tag>
      <tag><text>1:1</text>
</tag>
    </tags>
  </question>

<!-- question: 7911  -->
  <question type="numerical">
    <name>
      <text>Počet tabulek k 1:N</text>
    </name>
    <questiontext format="html">
      <text><![CDATA[<p dir="ltr" style="text-align: left;">Kolik tabulek musíme mít minimálně v databázi, bychom realizovali vztah 1:N ?<br></p>]]></text>
    </questiontext>
    <generalfeedback format="html">
      <text></text>
    </generalfeedback>
    <defaultgrade>2.0000000</defaultgrade>
    <penalty>0.3333333</penalty>
    <hidden>0</hidden>
    <idnumber></idnumber>
    <answer fraction="100" format="moodle_auto_format">
      <text>2</text>
      <feedback format="html">
        <text></text>
      </feedback>
      <tolerance>0</tolerance>
    </answer>
    <unitgradingtype>0</unitgradingtype>
    <unitpenalty>0.1000000</unitpenalty>
    <showunits>3</showunits>
    <unitsleft>0</unitsleft>
    <tags>
      <tag><text>databáze</text>
</tag>
      <tag><text>1:N</text>
</tag>
    </tags>
  </question>

<!-- question: 7910  -->
  <question type="numerical">
    <name>
      <text>Počet tabulek k M:N</text>
    </name>
    <questiontext format="html">
      <text><![CDATA[<p dir="ltr" style="text-align: left;">Kolik tabulek musíme mít minimálně v databázi, bychom realizovali vztah M:N mezi dvěmi entitami?<br></p>]]></text>
    </questiontext>
    <generalfeedback format="html">
      <text></text>
    </generalfeedback>
    <defaultgrade>2.0000000</defaultgrade>
    <penalty>0.3333333</penalty>
    <hidden>0</hidden>
    <idnumber></idnumber>
    <answer fraction="100" format="moodle_auto_format">
      <text>3</text>
      <feedback format="html">
        <text></text>
      </feedback>
      <tolerance>0</tolerance>
    </answer>
    <unitgradingtype>0</unitgradingtype>
    <unitpenalty>0.1000000</unitpenalty>
    <showunits>3</showunits>
    <unitsleft>0</unitsleft>
    <tags>
      <tag><text>databáze</text>
</tag>
      <tag><text>M:N</text>
</tag>
    </tags>
  </question>

<!-- question: 7727  -->
  <question type="truefalse">
    <name>
      <text>Tvorba 1:N</text>
    </name>
    <questiontext format="html">
      <text><![CDATA[<p>Pro vytvoření vztahu 1:N mezi dvěma tabulkami stačí správně nastavit vlastnosti a význam sloupečků v těchto tabulkách.<br></p>]]></text>
    </questiontext>
    <generalfeedback format="html">
      <text></text>
    </generalfeedback>
    <defaultgrade>1.0000000</defaultgrade>
    <penalty>1.0000000</penalty>
    <hidden>0</hidden>
    <idnumber></idnumber>
    <answer fraction="100" format="moodle_auto_format">
      <text>true</text>
      <feedback format="html">
        <text></text>
      </feedback>
    </answer>
    <answer fraction="0" format="moodle_auto_format">
      <text>false</text>
      <feedback format="html">
        <text></text>
      </feedback>
    </answer>
    <tags>
      <tag><text>databáze</text>
</tag>
      <tag><text>sql</text>
</tag>
      <tag><text>vztahy</text>
</tag>
      <tag><text>1:N</text>
</tag>
    </tags>
  </question>

<!-- question: 7728  -->
  <question type="truefalse">
    <name>
      <text>Tvorba M:N</text>
    </name>
    <questiontext format="html">
      <text><![CDATA[<p>Při vytváření vztahu&nbsp;M:N mezi dvěma tabulkami stačí správně nastavit vlastnosti a význam sloupečků v těchto tabulkách.<br></p>]]></text>
    </questiontext>
    <generalfeedback format="html">
      <text></text>
    </generalfeedback>
    <defaultgrade>1.0000000</defaultgrade>
    <penalty>1.0000000</penalty>
    <hidden>0</hidden>
    <idnumber></idnumber>
    <answer fraction="0" format="moodle_auto_format">
      <text>true</text>
      <feedback format="html">
        <text></text>
      </feedback>
    </answer>
    <answer fraction="100" format="moodle_auto_format">
      <text>false</text>
      <feedback format="html">
        <text></text>
      </feedback>
    </answer>
    <tags>
      <tag><text>databáze</text>
</tag>
      <tag><text>sql</text>
</tag>
      <tag><text>vztahy</text>
</tag>
      <tag><text>M:N</text>
</tag>
    </tags>
  </question>

<!-- question: 7919  -->
  <question type="truefalse">
    <name>
      <text>Význam 1:1</text>
    </name>
    <questiontext format="html">
      <text><![CDATA[<p dir="ltr" style="text-align: left;">Vztah 1:1 znamená, že v tabulce může být pouze jeden záznam (například jen jeden konkrétní zaměstnanec).<br></p>]]></text>
    </questiontext>
    <generalfeedback format="html">
      <text></text>
    </generalfeedback>
    <defaultgrade>1.0000000</defaultgrade>
    <penalty>1.0000000</penalty>
    <hidden>0</hidden>
    <idnumber></idnumber>
    <answer fraction="0" format="moodle_auto_format">
      <text>true</text>
      <feedback format="html">
        <text></text>
      </feedback>
    </answer>
    <answer fraction="100" format="moodle_auto_format">
      <text>false</text>
      <feedback format="html">
        <text></text>
      </feedback>
    </answer>
    <tags>
      <tag><text>databáze</text>
</tag>
      <tag><text>1:1</text>
</tag>
    </tags>
  </question>

<!-- question: 7920  -->
  <question type="truefalse">
    <name>
      <text>Význam 1:N</text>
    </name>
    <questiontext format="html">
      <text><![CDATA[<p dir="ltr" style="text-align: left;">Vztah 1:N znamená, že v databázi máme jednu tabulku o jednom řádku a jednu tabulku o N řádcích.<br></p>]]></text>
    </questiontext>
    <generalfeedback format="html">
      <text></text>
    </generalfeedback>
    <defaultgrade>1.0000000</defaultgrade>
    <penalty>1.0000000</penalty>
    <hidden>0</hidden>
    <idnumber></idnumber>
    <answer fraction="0" format="moodle_auto_format">
      <text>true</text>
      <feedback format="html">
        <text></text>
      </feedback>
    </answer>
    <answer fraction="100" format="moodle_auto_format">
      <text>false</text>
      <feedback format="html">
        <text></text>
      </feedback>
    </answer>
    <tags>
      <tag><text>databáze</text>
</tag>
      <tag><text>1:N</text>
</tag>
    </tags>
  </question>

<!-- question: 7921  -->
  <question type="truefalse">
    <name>
      <text>Význam M:N</text>
    </name>
    <questiontext format="html">
      <text><![CDATA[<p dir="ltr" style="text-align: left;">Vztah M:N znamená, že v databázi máme jednu tabulku o M řádcích a jednu tabulku o N řádcích.<br></p>]]></text>
    </questiontext>
    <generalfeedback format="html">
      <text></text>
    </generalfeedback>
    <defaultgrade>1.0000000</defaultgrade>
    <penalty>1.0000000</penalty>
    <hidden>0</hidden>
    <idnumber></idnumber>
    <answer fraction="0" format="moodle_auto_format">
      <text>true</text>
      <feedback format="html">
        <text></text>
      </feedback>
    </answer>
    <answer fraction="100" format="moodle_auto_format">
      <text>false</text>
      <feedback format="html">
        <text></text>
      </feedback>
    </answer>
    <tags>
      <tag><text>databáze</text>
</tag>
      <tag><text>M:N</text>
</tag>
    </tags>
  </question>

<!-- question: 0  -->
  <question type="category">
    <category>
      <text>$course$/top/JaroslavHoleček/Databáze/Princip relační databáze</text>
    </category>
    <info format="html">
      <text></text>
    </info>
    <idnumber></idnumber>
  </question>

<!-- question: 7791  -->
  <question type="matching">
    <name>
      <text>Typy datových typů</text>
    </name>
    <questiontext format="html">
      <text><![CDATA[<p dir="ltr" style="text-align: left;">Přiřaďte datové typy k jejich významu.<br>Pamatujte, že to nejsou všechny datové typy - celý seznam naleznete v dokumentaci.<br></p>]]></text>
    </questiontext>
    <generalfeedback format="html">
      <text></text>
    </generalfeedback>
    <defaultgrade>3.0000000</defaultgrade>
    <penalty>0.5000000</penalty>
    <hidden>0</hidden>
    <idnumber></idnumber>
    <shuffleanswers>true</shuffleanswers>
    <correctfeedback format="html">
      <text>Vaše odpověď je správná.</text>
    </correctfeedback>
    <partiallycorrectfeedback format="html">
      <text>Vaše odpověď je částečně správná.</text>
    </partiallycorrectfeedback>
    <incorrectfeedback format="html">
      <text>Vaše odpověď je chybná.</text>
    </incorrectfeedback>
    <shownumcorrect/>
    <subquestion format="html">
      <text><![CDATA[<p dir="ltr" style="text-align: left;">Delší text<br></p>]]></text>
      <answer>
        <text>TEXT</text>
      </answer>
    </subquestion>
    <subquestion format="html">
      <text><![CDATA[<p dir="ltr" style="text-align: left;">Celé číslo<br></p>]]></text>
      <answer>
        <text>INT</text>
      </answer>
    </subquestion>
    <subquestion format="html">
      <text><![CDATA[<p dir="ltr" style="text-align: left;">Desetinné číslo<br></p>]]></text>
      <answer>
        <text>FLOAT</text>
      </answer>
    </subquestion>
    <subquestion format="html">
      <text><![CDATA[<p dir="ltr" style="text-align: left;">Datum a čas<br></p>]]></text>
      <answer>
        <text>DATETIME</text>
      </answer>
    </subquestion>
    <tags>
      <tag><text>databáze</text>
</tag>
      <tag><text>princip</text>
</tag>
      <tag><text>datové typy</text>
</tag>
    </tags>
  </question>

<!-- question: 7783  -->
  <question type="matching">
    <name>
      <text>Základní pojmy</text>
    </name>
    <questiontext format="html">
      <text><![CDATA[<p dir="ltr" style="text-align: left;">Přiřaďte základní pojmy z oblasti databází k jejich použití (významu).<br></p>]]></text>
    </questiontext>
    <generalfeedback format="html">
      <text></text>
    </generalfeedback>
    <defaultgrade>3.0000000</defaultgrade>
    <penalty>0.2000000</penalty>
    <hidden>0</hidden>
    <idnumber></idnumber>
    <shuffleanswers>true</shuffleanswers>
    <correctfeedback format="html">
      <text>Vaše odpověď je správná.</text>
    </correctfeedback>
    <partiallycorrectfeedback format="html">
      <text>Vaše odpověď je částečně správná.</text>
    </partiallycorrectfeedback>
    <incorrectfeedback format="html">
      <text>Vaše odpověď je chybná.</text>
    </incorrectfeedback>
    <shownumcorrect/>
    <subquestion format="html">
      <text><![CDATA[<p dir="ltr" style="text-align: left;">Relace. Základní prvek relačních databází.<br></p>]]></text>
      <answer>
        <text>Tabulka</text>
      </answer>
    </subquestion>
    <subquestion format="html">
      <text><![CDATA[Objekt z "reálného světa", o kterém uchováváme data.<br>]]></text>
      <answer>
        <text>Entita</text>
      </answer>
    </subquestion>
    <subquestion format="html">
      <text><![CDATA[<p dir="ltr" style="text-align: left;">Forma jednoho záznamu v databázi.<br></p>]]></text>
      <answer>
        <text>Řádek</text>
      </answer>
    </subquestion>
    <subquestion format="html">
      <text><![CDATA[<p dir="ltr" style="text-align: left;">Forma jednoho atributu v databázi.<br></p>]]></text>
      <answer>
        <text>Sloupec</text>
      </answer>
    </subquestion>
    <subquestion format="html">
      <text><![CDATA[<p dir="ltr" style="text-align: left;">Požadavek v jazyku SQL.<br></p>]]></text>
      <answer>
        <text>Dotaz</text>
      </answer>
    </subquestion>
    <subquestion format="html">
      <text><![CDATA[<p dir="ltr" style="text-align: left;">Vlastnost entity. Informace, kterou si o entitě v databázi uchováváme.<br></p>]]></text>
      <answer>
        <text>Atribut</text>
      </answer>
    </subquestion>
    <subquestion format="html">
      <text><![CDATA[<p dir="ltr" style="text-align: left;">Způsob zaznamenání entit a vztahů mezi entitami.<br></p>]]></text>
      <answer>
        <text>Entity-Relationship model</text>
      </answer>
    </subquestion>
    <tags>
      <tag><text>databáze</text>
</tag>
      <tag><text>princip</text>
</tag>
      <tag><text>základní pojmy</text>
</tag>
    </tags>
  </question>

<!-- question: 7785  -->
  <question type="multichoice">
    <name>
      <text>Co je Entita</text>
    </name>
    <questiontext format="html">
      <text><![CDATA[<p dir="ltr" style="text-align: left;">Co označuje pojem entita?<br></p>]]></text>
    </questiontext>
    <generalfeedback format="html">
      <text></text>
    </generalfeedback>
    <defaultgrade>2.0000000</defaultgrade>
    <penalty>0.5000000</penalty>
    <hidden>0</hidden>
    <idnumber></idnumber>
    <single>true</single>
    <shuffleanswers>true</shuffleanswers>
    <answernumbering>abc</answernumbering>
    <showstandardinstruction>0</showstandardinstruction>
    <correctfeedback format="html">
      <text>Vaše odpověď je správná.</text>
    </correctfeedback>
    <partiallycorrectfeedback format="html">
      <text>Vaše odpověď je částečně správná.</text>
    </partiallycorrectfeedback>
    <incorrectfeedback format="html">
      <text>Vaše odpověď je chybná.</text>
    </incorrectfeedback>
    <shownumcorrect/>
    <answer fraction="100" format="html">
      <text><![CDATA[<p dir="ltr" style="text-align: left;">Objekt, o kterém uchováváme informace<br></p>]]></text>
      <feedback format="html">
        <text></text>
      </feedback>
    </answer>
    <answer fraction="0" format="html">
      <text><![CDATA[<p dir="ltr" style="text-align: left;">Tabulku<br></p>]]></text>
      <feedback format="html">
        <text></text>
      </feedback>
    </answer>
    <answer fraction="0" format="html">
      <text><![CDATA[<p dir="ltr" style="text-align: left;">Relaci mezi tabulkami<br></p>]]></text>
      <feedback format="html">
        <text></text>
      </feedback>
    </answer>
    <answer fraction="0" format="html">
      <text><![CDATA[<p dir="ltr" style="text-align: left;">Jeden záznam v databázi<br></p>]]></text>
      <feedback format="html">
        <text></text>
      </feedback>
    </answer>
    <tags>
      <tag><text>databáze</text>
</tag>
      <tag><text>princip</text>
</tag>
      <tag><text>entita</text>
</tag>
    </tags>
  </question>

<!-- question: 7786  -->
  <question type="multichoice">
    <name>
      <text>Co je to atribut</text>
    </name>
    <questiontext format="html">
      <text><![CDATA[<p dir="ltr" style="text-align: left;">Co označuje pojem atribut?<br></p>]]></text>
    </questiontext>
    <generalfeedback format="html">
      <text></text>
    </generalfeedback>
    <defaultgrade>2.0000000</defaultgrade>
    <penalty>0.5000000</penalty>
    <hidden>0</hidden>
    <idnumber></idnumber>
    <single>true</single>
    <shuffleanswers>true</shuffleanswers>
    <answernumbering>abc</answernumbering>
    <showstandardinstruction>0</showstandardinstruction>
    <correctfeedback format="html">
      <text>Vaše odpověď je správná.</text>
    </correctfeedback>
    <partiallycorrectfeedback format="html">
      <text>Vaše odpověď je částečně správná.</text>
    </partiallycorrectfeedback>
    <incorrectfeedback format="html">
      <text>Vaše odpověď je chybná.</text>
    </incorrectfeedback>
    <shownumcorrect/>
    <answer fraction="100" format="html">
      <text><![CDATA[<p dir="ltr" style="text-align: left;">Vlastnost entity<br></p>]]></text>
      <feedback format="html">
        <text></text>
      </feedback>
    </answer>
    <answer fraction="0" format="html">
      <text><![CDATA[<p dir="ltr" style="text-align: left;">Proměnná v databázi<br></p>]]></text>
      <feedback format="html">
        <text></text>
      </feedback>
    </answer>
    <answer fraction="0" format="html">
      <text><![CDATA[<p dir="ltr" style="text-align: left;">Konkrétní číslo v dotazu SQL<br></p>]]></text>
      <feedback format="html">
        <text></text>
      </feedback>
    </answer>
    <answer fraction="0" format="html">
      <text><![CDATA[<p dir="ltr" style="text-align: left;">Název tabulky<br></p>]]></text>
      <feedback format="html">
        <text></text>
      </feedback>
    </answer>
    <tags>
      <tag><text>databáze</text>
</tag>
      <tag><text>princip</text>
</tag>
      <tag><text>atribut</text>
</tag>
    </tags>
  </question>

<!-- question: 7781  -->
  <question type="multichoice">
    <name>
      <text>Co je to relace</text>
    </name>
    <questiontext format="html">
      <text><![CDATA[<p dir="ltr" style="text-align: left;">Jak je v databázích realizována relace?<br></p>]]></text>
    </questiontext>
    <generalfeedback format="html">
      <text></text>
    </generalfeedback>
    <defaultgrade>2.0000000</defaultgrade>
    <penalty>0.5000000</penalty>
    <hidden>0</hidden>
    <idnumber></idnumber>
    <single>true</single>
    <shuffleanswers>true</shuffleanswers>
    <answernumbering>abc</answernumbering>
    <showstandardinstruction>0</showstandardinstruction>
    <correctfeedback format="html">
      <text>Vaše odpověď je správná.</text>
    </correctfeedback>
    <partiallycorrectfeedback format="html">
      <text>Vaše odpověď je částečně správná.</text>
    </partiallycorrectfeedback>
    <incorrectfeedback format="html">
      <text>Vaše odpověď je chybná.</text>
    </incorrectfeedback>
    <shownumcorrect/>
    <answer fraction="100" format="html">
      <text><![CDATA[<p dir="ltr" style="text-align: left;">Tabulkou<br></p>]]></text>
      <feedback format="html">
        <text></text>
      </feedback>
    </answer>
    <answer fraction="0" format="html">
      <text><![CDATA[<p dir="ltr" style="text-align: left;">Formulářem<br></p>]]></text>
      <feedback format="html">
        <text></text>
      </feedback>
    </answer>
    <answer fraction="0" format="html">
      <text><![CDATA[<p dir="ltr" style="text-align: left;">Dotazem<br></p>]]></text>
      <feedback format="html">
        <text></text>
      </feedback>
    </answer>
    <answer fraction="0" format="html">
      <text><![CDATA[<p dir="ltr" style="text-align: left;">Logickým spojením<br></p>]]></text>
      <feedback format="html">
        <text></text>
      </feedback>
    </answer>
    <tags>
      <tag><text>databáze</text>
</tag>
      <tag><text>relace</text>
</tag>
      <tag><text>princip</text>
</tag>
    </tags>
  </question>

<!-- question: 7703  -->
  <question type="multichoice">
    <name>
      <text>Hvězdička</text>
    </name>
    <questiontext format="html">
      <text><![CDATA[<p>Co znamená * v dotazu:</p><p>SELECT * FROM Tabulka;<br></p>]]></text>
    </questiontext>
    <generalfeedback format="html">
      <text></text>
    </generalfeedback>
    <defaultgrade>2.0000000</defaultgrade>
    <penalty>0.5000000</penalty>
    <hidden>0</hidden>
    <idnumber></idnumber>
    <single>true</single>
    <shuffleanswers>true</shuffleanswers>
    <answernumbering>abc</answernumbering>
    <showstandardinstruction>1</showstandardinstruction>
    <correctfeedback format="html">
      <text>Vaše odpověď je správná.</text>
    </correctfeedback>
    <partiallycorrectfeedback format="html">
      <text>Vaše odpověď je částečně správná.</text>
    </partiallycorrectfeedback>
    <incorrectfeedback format="html">
      <text>Vaše odpověď je chybná.</text>
    </incorrectfeedback>
    <shownumcorrect/>
    <answer fraction="100" format="html">
      <text><![CDATA[<p>Všechny sloupce<br></p>]]></text>
      <feedback format="html">
        <text></text>
      </feedback>
    </answer>
    <answer fraction="0" format="html">
      <text><![CDATA[<p>Všechny řádky<br></p>]]></text>
      <feedback format="html">
        <text></text>
      </feedback>
    </answer>
    <answer fraction="0" format="html">
      <text><![CDATA[<p>Plus (sčítání)<br></p>]]></text>
      <feedback format="html">
        <text></text>
      </feedback>
    </answer>
    <answer fraction="0" format="html">
      <text><![CDATA[<p>Krát (násobení)<br></p>]]></text>
      <feedback format="html">
        <text></text>
      </feedback>
    </answer>
    <answer fraction="0" format="html">
      <text><![CDATA[<p>Jen tolik, kolik se vejde na obrazovku.<br></p>]]></text>
      <feedback format="html">
        <text></text>
      </feedback>
    </answer>
    <tags>
      <tag><text>sql</text>
</tag>
      <tag><text>select</text>
</tag>
      <tag><text>hvězdička</text>
</tag>
    </tags>
  </question>

<!-- question: 7789  -->
  <question type="multichoice">
    <name>
      <text>Kartézský součin</text>
    </name>
    <questiontext format="html">
      <text><![CDATA[<p dir="ltr" style="text-align: left;">Co výsledek Kartézského součin?<br></p>]]></text>
    </questiontext>
    <generalfeedback format="html">
      <text></text>
    </generalfeedback>
    <defaultgrade>2.0000000</defaultgrade>
    <penalty>0.5000000</penalty>
    <hidden>0</hidden>
    <idnumber></idnumber>
    <single>true</single>
    <shuffleanswers>true</shuffleanswers>
    <answernumbering>abc</answernumbering>
    <showstandardinstruction>0</showstandardinstruction>
    <correctfeedback format="html">
      <text>Vaše odpověď je správná.</text>
    </correctfeedback>
    <partiallycorrectfeedback format="html">
      <text>Vaše odpověď je částečně správná.</text>
    </partiallycorrectfeedback>
    <incorrectfeedback format="html">
      <text>Vaše odpověď je chybná.</text>
    </incorrectfeedback>
    <shownumcorrect/>
    <answer fraction="100" format="html">
      <text><![CDATA[<p dir="ltr" style="text-align: left;">Množina všech uspořádaných dvojic - (prvek 1. množiny, prvek 2. množiny)<br></p>]]></text>
      <feedback format="html">
        <text></text>
      </feedback>
    </answer>
    <answer fraction="0" format="html">
      <text><![CDATA[<p dir="ltr" style="text-align: left;">Reálné číslo<br></p>]]></text>
      <feedback format="html">
        <text></text>
      </feedback>
    </answer>
    <answer fraction="0" format="html">
      <text><![CDATA[<p dir="ltr" style="text-align: left;">Celé číslo<br></p>]]></text>
      <feedback format="html">
        <text></text>
      </feedback>
    </answer>
    <answer fraction="0" format="html">
      <text><![CDATA[<p dir="ltr" style="text-align: left;">Tabulka<br></p>]]></text>
      <feedback format="html">
        <text></text>
      </feedback>
    </answer>
    <tags>
      <tag><text>databáze</text>
</tag>
      <tag><text>princip</text>
</tag>
      <tag><text>kartézský součin</text>
</tag>
    </tags>
  </question>

<!-- question: 7704  -->
  <question type="multichoice">
    <name>
      <text>Zkratka SQL</text>
    </name>
    <questiontext format="html">
      <text><![CDATA[<p>Zkratka SQL znamená:<br></p>]]></text>
    </questiontext>
    <generalfeedback format="html">
      <text></text>
    </generalfeedback>
    <defaultgrade>1.0000000</defaultgrade>
    <penalty>0.5000000</penalty>
    <hidden>0</hidden>
    <idnumber></idnumber>
    <single>true</single>
    <shuffleanswers>true</shuffleanswers>
    <answernumbering>abc</answernumbering>
    <showstandardinstruction>1</showstandardinstruction>
    <correctfeedback format="html">
      <text>Vaše odpověď je správná.</text>
    </correctfeedback>
    <partiallycorrectfeedback format="html">
      <text>Vaše odpověď je částečně správná.</text>
    </partiallycorrectfeedback>
    <incorrectfeedback format="html">
      <text>Vaše odpověď je chybná.</text>
    </incorrectfeedback>
    <shownumcorrect/>
    <answer fraction="100" format="html">
      <text><![CDATA[<p>Structured Query Language<br></p>]]></text>
      <feedback format="html">
        <text></text>
      </feedback>
    </answer>
    <answer fraction="0" format="html">
      <text><![CDATA[<p>Super Quick Language<br></p>]]></text>
      <feedback format="html">
        <text></text>
      </feedback>
    </answer>
    <answer fraction="0" format="html">
      <text><![CDATA[<p>Supreme Qualification Language<br></p>]]></text>
      <feedback format="html">
        <text></text>
      </feedback>
    </answer>
    <answer fraction="0" format="html">
      <text><![CDATA[<p>Soupis Quidových Lahůdek<br></p>]]></text>
      <feedback format="html">
        <text></text>
      </feedback>
    </answer>
    <tags>
      <tag><text>sql</text>
</tag>
      <tag><text>zkratka</text>
</tag>
    </tags>
  </question>

<!-- question: 7788  -->
  <question type="truefalse">
    <name>
      <text>Atribut v tabulce</text>
    </name>
    <questiontext format="html">
      <text><![CDATA[<p dir="ltr" style="text-align: left;">Atribut je v tabulce zachycen pomocí sloupce.<br></p>]]></text>
    </questiontext>
    <generalfeedback format="html">
      <text></text>
    </generalfeedback>
    <defaultgrade>1.0000000</defaultgrade>
    <penalty>1.0000000</penalty>
    <hidden>0</hidden>
    <idnumber></idnumber>
    <answer fraction="100" format="moodle_auto_format">
      <text>true</text>
      <feedback format="html">
        <text></text>
      </feedback>
    </answer>
    <answer fraction="0" format="moodle_auto_format">
      <text>false</text>
      <feedback format="html">
        <text></text>
      </feedback>
    </answer>
    <tags>
      <tag><text>databáze</text>
</tag>
      <tag><text>princip</text>
</tag>
      <tag><text>atribut</text>
</tag>
      <tag><text>sloupec</text>
</tag>
    </tags>
  </question>

<!-- question: 7790  -->
  <question type="truefalse">
    <name>
      <text>Datové typy</text>
    </name>
    <questiontext format="html">
      <text><![CDATA[<p dir="ltr" style="text-align: left;">Používáme v databázích datové typy?<br></p>]]></text>
    </questiontext>
    <generalfeedback format="html">
      <text></text>
    </generalfeedback>
    <defaultgrade>1.0000000</defaultgrade>
    <penalty>1.0000000</penalty>
    <hidden>0</hidden>
    <idnumber></idnumber>
    <answer fraction="100" format="moodle_auto_format">
      <text>true</text>
      <feedback format="html">
        <text></text>
      </feedback>
    </answer>
    <answer fraction="0" format="moodle_auto_format">
      <text>false</text>
      <feedback format="html">
        <text></text>
      </feedback>
    </answer>
    <tags>
      <tag><text>databáze</text>
</tag>
      <tag><text>princip</text>
</tag>
      <tag><text>datové typy</text>
</tag>
    </tags>
  </question>

<!-- question: 7784  -->
  <question type="truefalse">
    <name>
      <text>ER model</text>
    </name>
    <questiontext format="html">
      <text><![CDATA[<p dir="ltr" style="text-align: left;">E-R model je zkratka pro Entity-Relationship model a zachycuje entity, o kterých ukládáme v databázi informace a vztahy mezi nimi.<br></p>]]></text>
    </questiontext>
    <generalfeedback format="html">
      <text></text>
    </generalfeedback>
    <defaultgrade>1.0000000</defaultgrade>
    <penalty>1.0000000</penalty>
    <hidden>0</hidden>
    <idnumber></idnumber>
    <answer fraction="100" format="moodle_auto_format">
      <text>true</text>
      <feedback format="html">
        <text></text>
      </feedback>
    </answer>
    <answer fraction="0" format="moodle_auto_format">
      <text>false</text>
      <feedback format="html">
        <text></text>
      </feedback>
    </answer>
    <tags>
      <tag><text>databáze</text>
</tag>
      <tag><text>princip</text>
</tag>
      <tag><text>ER model</text>
</tag>
    </tags>
  </question>

<!-- question: 7782  -->
  <question type="truefalse">
    <name>
      <text>Forma výsledku dotazu</text>
    </name>
    <questiontext format="html">
      <text><![CDATA[<p dir="ltr" style="text-align: left;">Výsledkem SQL dotazu, který získává data z databáze, je vždy tabulka.<br></p>]]></text>
    </questiontext>
    <generalfeedback format="html">
      <text></text>
    </generalfeedback>
    <defaultgrade>1.0000000</defaultgrade>
    <penalty>1.0000000</penalty>
    <hidden>0</hidden>
    <idnumber></idnumber>
    <answer fraction="100" format="moodle_auto_format">
      <text>true</text>
      <feedback format="html">
        <text></text>
      </feedback>
    </answer>
    <answer fraction="0" format="moodle_auto_format">
      <text>false</text>
      <feedback format="html">
        <text></text>
      </feedback>
    </answer>
    <tags>
      <tag><text>databáze</text>
</tag>
      <tag><text>dotaz</text>
</tag>
      <tag><text>princip</text>
</tag>
    </tags>
  </question>

<!-- question: 7705  -->
  <question type="truefalse">
    <name>
      <text>Proč Query - N</text>
    </name>
    <questiontext format="html">
      <text><![CDATA[<p>V jazyku SQL říkáme databázi (databázovému serveru) JAK má dojít k výsledku.</p><p>Tedy např. Pokud chceme aritmetický průměr, musíme zapsat, že se mají čísla sečíst a tento součet vydělit počtem čísel.<br></p>]]></text>
    </questiontext>
    <generalfeedback format="html">
      <text></text>
    </generalfeedback>
    <defaultgrade>1.0000000</defaultgrade>
    <penalty>1.0000000</penalty>
    <hidden>0</hidden>
    <idnumber></idnumber>
    <answer fraction="0" format="moodle_auto_format">
      <text>true</text>
      <feedback format="html">
        <text></text>
      </feedback>
    </answer>
    <answer fraction="100" format="moodle_auto_format">
      <text>false</text>
      <feedback format="html">
        <text></text>
      </feedback>
    </answer>
    <tags>
      <tag><text>sql</text>
</tag>
      <tag><text>dotaz</text>
</tag>
    </tags>
  </question>

<!-- question: 7706  -->
  <question type="truefalse">
    <name>
      <text>Proč Query - P</text>
    </name>
    <questiontext format="html">
      <text><![CDATA[<p>V jazyce SQL říkáme databázi (databázovému serveru) CO chceme za výsledek. Jakým způsobem ho databáze zjistí nás "nezajímá".</p><p>Tedy např. Pokud chceme aritmetický průměr, pouze zapíšeme , že chceme aritmetický průměr a z jakých čísel.<br></p>]]></text>
    </questiontext>
    <generalfeedback format="html">
      <text></text>
    </generalfeedback>
    <defaultgrade>1.0000000</defaultgrade>
    <penalty>1.0000000</penalty>
    <hidden>0</hidden>
    <idnumber></idnumber>
    <answer fraction="100" format="moodle_auto_format">
      <text>true</text>
      <feedback format="html">
        <text></text>
      </feedback>
    </answer>
    <answer fraction="0" format="moodle_auto_format">
      <text>false</text>
      <feedback format="html">
        <text></text>
      </feedback>
    </answer>
    <tags>
      <tag><text>sql</text>
</tag>
      <tag><text>dotaz</text>
</tag>
    </tags>
  </question>

<!-- question: 7787  -->
  <question type="truefalse">
    <name>
      <text>Záznam v databázi</text>
    </name>
    <questiontext format="html">
      <text><![CDATA[<p dir="ltr" style="text-align: left;">Jeden záznam v databázi je uložen ve formě sloupce v tabulce.<br></p>]]></text>
    </questiontext>
    <generalfeedback format="html">
      <text></text>
    </generalfeedback>
    <defaultgrade>1.0000000</defaultgrade>
    <penalty>1.0000000</penalty>
    <hidden>0</hidden>
    <idnumber></idnumber>
    <answer fraction="0" format="moodle_auto_format">
      <text>true</text>
      <feedback format="html">
        <text></text>
      </feedback>
    </answer>
    <answer fraction="100" format="moodle_auto_format">
      <text>false</text>
      <feedback format="html">
        <text></text>
      </feedback>
    </answer>
    <tags>
      <tag><text>databáze</text>
</tag>
      <tag><text>princip</text>
</tag>
      <tag><text>záznam</text>
</tag>
      <tag><text>řádek</text>
</tag>
    </tags>
  </question>

<!-- question: 0  -->
  <question type="category">
    <category>
      <text>$course$/top/JaroslavHoleček/Databáze/Propojení s Pythonem</text>
    </category>
    <info format="html">
      <text></text>
    </info>
    <idnumber></idnumber>
  </question>

<!-- question: 8653  -->
  <question type="multichoice">
    <name>
      <text>Chybové zprávy II</text>
    </name>
    <questiontext format="html">
      <text><![CDATA[<p dir="ltr" style="text-align: left;">Při spuštění dotazu v databázi můžeme v Pythonovském programu zachytit případné chyby nejsnáze (nejkratší kód) pomocí:&nbsp; <br></p>]]></text>
    </questiontext>
    <generalfeedback format="html">
      <text></text>
    </generalfeedback>
    <defaultgrade>2.0000000</defaultgrade>
    <penalty>0.5000000</penalty>
    <hidden>0</hidden>
    <idnumber></idnumber>
    <single>true</single>
    <shuffleanswers>true</shuffleanswers>
    <answernumbering>abc</answernumbering>
    <showstandardinstruction>0</showstandardinstruction>
    <correctfeedback format="html">
      <text>Vaše odpověď je správná.</text>
    </correctfeedback>
    <partiallycorrectfeedback format="html">
      <text>Vaše odpověď je částečně správná.</text>
    </partiallycorrectfeedback>
    <incorrectfeedback format="html">
      <text>Vaše odpověď je chybná.</text>
    </incorrectfeedback>
    <shownumcorrect/>
    <answer fraction="100" format="html">
      <text><![CDATA[<p dir="ltr" style="text-align: left;">try-catch<br></p>]]></text>
      <feedback format="html">
        <text></text>
      </feedback>
    </answer>
    <answer fraction="0" format="html">
      <text><![CDATA[<p dir="ltr" style="text-align: left;">nelze zjistit, že v databázi došlo k chybě<br></p>]]></text>
      <feedback format="html">
        <text></text>
      </feedback>
    </answer>
    <answer fraction="0" format="html">
      <text><![CDATA[<p dir="ltr" style="text-align: left;">speciální funkce z knihovny, pomocí které se připojujeme<br></p>]]></text>
      <feedback format="html">
        <text></text>
      </feedback>
    </answer>
    <answer fraction="0" format="html">
      <text><![CDATA[<p dir="ltr" style="text-align: left;">chyba se v Pythonu zobrazí automaticky<br></p>]]></text>
      <feedback format="html">
        <text></text>
      </feedback>
    </answer>
    <tags>
      <tag><text>databáze</text>
</tag>
      <tag><text>sql</text>
</tag>
      <tag><text>python</text>
</tag>
      <tag><text>chyba</text>
</tag>
    </tags>
  </question>

<!-- question: 7700  -->
  <question type="multichoice">
    <name>
      <text>Informace k připojení</text>
    </name>
    <questiontext format="html">
      <text><![CDATA[<p>Které informace musíme zadat do funkce, která vytváří spojení s heslem chráněným databázovým serverem, pokud se chceme připojit ke konkrétní databázi?<br></p>]]></text>
    </questiontext>
    <generalfeedback format="html">
      <text></text>
    </generalfeedback>
    <defaultgrade>2.0000000</defaultgrade>
    <penalty>0.3333333</penalty>
    <hidden>0</hidden>
    <idnumber></idnumber>
    <single>false</single>
    <shuffleanswers>true</shuffleanswers>
    <answernumbering>abc</answernumbering>
    <showstandardinstruction>1</showstandardinstruction>
    <correctfeedback format="html">
      <text>Vaše odpověď je správná.</text>
    </correctfeedback>
    <partiallycorrectfeedback format="html">
      <text>Vaše odpověď je částečně správná.</text>
    </partiallycorrectfeedback>
    <incorrectfeedback format="html">
      <text>Vaše odpověď je chybná.</text>
    </incorrectfeedback>
    <shownumcorrect/>
    <answer fraction="25" format="html">
      <text><![CDATA[<p>adresu databázového serveru<br></p>]]></text>
      <feedback format="html">
        <text></text>
      </feedback>
    </answer>
    <answer fraction="25" format="html">
      <text><![CDATA[<p>uživatelské jméno<br></p>]]></text>
      <feedback format="html">
        <text></text>
      </feedback>
    </answer>
    <answer fraction="25" format="html">
      <text><![CDATA[<p>heslo<br></p>]]></text>
      <feedback format="html">
        <text></text>
      </feedback>
    </answer>
    <answer fraction="25" format="html">
      <text><![CDATA[<p>název databáze<br></p>]]></text>
      <feedback format="html">
        <text></text>
      </feedback>
    </answer>
    <answer fraction="0" format="html">
      <text><![CDATA[<p>název serveru (např. Xeon)<br></p>]]></text>
      <feedback format="html">
        <text></text>
      </feedback>
    </answer>
    <answer fraction="0" format="html">
      <text><![CDATA[<p>ip adresu připojovaného (našeho) zařízení<br></p>]]></text>
      <feedback format="html">
        <text></text>
      </feedback>
    </answer>
    <answer fraction="0" format="html">
      <text><![CDATA[<p>název tabulky<br></p>]]></text>
      <feedback format="html">
        <text></text>
      </feedback>
    </answer>
    <hint format="html">
      <text></text>
      <shownumcorrect/>
    </hint>
    <hint format="html">
      <text></text>
      <shownumcorrect/>
      <clearwrong/>
    </hint>
    <tags>
      <tag><text>databáze</text>
</tag>
      <tag><text>připojení</text>
</tag>
      <tag><text>python</text>
</tag>
    </tags>
  </question>

<!-- question: 7701  -->
  <question type="multichoice">
    <name>
      <text>Komunikace s databází</text>
    </name>
    <questiontext format="html">
      <text><![CDATA[<p>V našem Pythonovském programu říkáme databázi co od ní chceme pomocí:</p>]]></text>
    </questiontext>
    <generalfeedback format="html">
      <text></text>
    </generalfeedback>
    <defaultgrade>2.0000000</defaultgrade>
    <penalty>0.5000000</penalty>
    <hidden>0</hidden>
    <idnumber></idnumber>
    <single>true</single>
    <shuffleanswers>true</shuffleanswers>
    <answernumbering>abc</answernumbering>
    <showstandardinstruction>1</showstandardinstruction>
    <correctfeedback format="html">
      <text>Vaše odpověď je správná.</text>
    </correctfeedback>
    <partiallycorrectfeedback format="html">
      <text>Vaše odpověď je částečně správná.</text>
    </partiallycorrectfeedback>
    <incorrectfeedback format="html">
      <text>Vaše odpověď je chybná.</text>
    </incorrectfeedback>
    <shownumcorrect/>
    <answer fraction="100" format="html">
      <text><![CDATA[<p>Jazyku SQL<br></p>]]></text>
      <feedback format="html">
        <text></text>
      </feedback>
    </answer>
    <answer fraction="0" format="html">
      <text><![CDATA[<p>Speciálními příkazy z Pythonovské knihovny.<br></p>]]></text>
      <feedback format="html">
        <text></text>
      </feedback>
    </answer>
    <answer fraction="0" format="html">
      <text><![CDATA[<p>Není možné programově ovládat databázi<br></p>]]></text>
      <feedback format="html">
        <text></text>
      </feedback>
    </answer>
    <answer fraction="0" format="html">
      <text><![CDATA[<p>Spouštění před-připravených funkcí v databázi<br></p>]]></text>
      <feedback format="html">
        <text></text>
      </feedback>
    </answer>
    <tags>
      <tag><text>databáze</text>
</tag>
      <tag><text>python</text>
</tag>
      <tag><text>spojení</text>
</tag>
    </tags>
  </question>

<!-- question: 8654  -->
  <question type="multichoice">
    <name>
      <text>Kroky při komunikaci s dbs</text>
    </name>
    <questiontext format="html">
      <text><![CDATA[<p dir="ltr" style="text-align: left;">Zaškrtněte kroky, které bychom měli vždy provést (některé musíme) při komunikaci s databází z Pythonu.</p><p dir="ltr" style="text-align: left;">Pozn.: Uvažujme, že náš program má s databází opravdu pracovat - tedy uživatel skrze něj vkládá data do databáze, čte data atd.<br></p>]]></text>
    </questiontext>
    <generalfeedback format="html">
      <text></text>
    </generalfeedback>
    <defaultgrade>2.0000000</defaultgrade>
    <penalty>0.2500000</penalty>
    <hidden>0</hidden>
    <idnumber></idnumber>
    <single>false</single>
    <shuffleanswers>true</shuffleanswers>
    <answernumbering>abc</answernumbering>
    <showstandardinstruction>0</showstandardinstruction>
    <correctfeedback format="html">
      <text>Vaše odpověď je správná.</text>
    </correctfeedback>
    <partiallycorrectfeedback format="html">
      <text>Vaše odpověď je částečně správná.</text>
    </partiallycorrectfeedback>
    <incorrectfeedback format="html">
      <text>Vaše odpověď je chybná.</text>
    </incorrectfeedback>
    <shownumcorrect/>
    <answer fraction="25" format="html">
      <text><![CDATA[<p dir="ltr" style="text-align: left;">připojení k databázi<br></p>]]></text>
      <feedback format="html">
        <text></text>
      </feedback>
    </answer>
    <answer fraction="25" format="html">
      <text><![CDATA[<p dir="ltr" style="text-align: left;">zasílání SQL dotazů do databáze<br></p>]]></text>
      <feedback format="html">
        <text></text>
      </feedback>
    </answer>
    <answer fraction="25" format="html">
      <text><![CDATA[<p dir="ltr" style="text-align: left;">zachytávání případných chyb a reakce na ně<br></p>]]></text>
      <feedback format="html">
        <text></text>
      </feedback>
    </answer>
    <answer fraction="25" format="html">
      <text><![CDATA[<p dir="ltr" style="text-align: left;">uzavření spojení s databází<br></p>]]></text>
      <feedback format="html">
        <text></text>
      </feedback>
    </answer>
    <tags>
      <tag><text>databáze</text>
</tag>
      <tag><text>sql</text>
</tag>
      <tag><text>python</text>
</tag>
      <tag><text>spojení</text>
</tag>
    </tags>
  </question>

<!-- question: 8651  -->
  <question type="multichoice">
    <name>
      <text>Možné dotazy z Pythonu</text>
    </name>
    <questiontext format="html">
      <text><![CDATA[<p dir="ltr" style="text-align: left;">Pomocí Pythonu můžeme s databází provádět operace:</p><p dir="ltr" style="text-align: left;">Pozn.: Zaškrtněte vše pravdivé.<br></p>]]></text>
    </questiontext>
    <generalfeedback format="html">
      <text></text>
    </generalfeedback>
    <defaultgrade>3.0000000</defaultgrade>
    <penalty>0.2500000</penalty>
    <hidden>0</hidden>
    <idnumber></idnumber>
    <single>false</single>
    <shuffleanswers>true</shuffleanswers>
    <answernumbering>abc</answernumbering>
    <showstandardinstruction>0</showstandardinstruction>
    <correctfeedback format="html">
      <text>Vaše odpověď je správná.</text>
    </correctfeedback>
    <partiallycorrectfeedback format="html">
      <text>Vaše odpověď je částečně správná.</text>
    </partiallycorrectfeedback>
    <incorrectfeedback format="html">
      <text>Vaše odpověď je chybná.</text>
    </incorrectfeedback>
    <shownumcorrect/>
    <answer fraction="25" format="html">
      <text><![CDATA[<p dir="ltr" style="text-align: left;">Získávat data z databáze<br></p>]]></text>
      <feedback format="html">
        <text></text>
      </feedback>
    </answer>
    <answer fraction="25" format="html">
      <text><![CDATA[<p dir="ltr" style="text-align: left;">Vkládat data do databáze<br></p>]]></text>
      <feedback format="html">
        <text></text>
      </feedback>
    </answer>
    <answer fraction="25" format="html">
      <text><![CDATA[<p dir="ltr" style="text-align: left;">Vytvářet tabulky v databázi<br></p>]]></text>
      <feedback format="html">
        <text></text>
      </feedback>
    </answer>
    <answer fraction="25" format="html">
      <text><![CDATA[<p dir="ltr" style="text-align: left;">Cokoliv, co můžeme zapsat pomocí SQL<br></p>]]></text>
      <feedback format="html">
        <text></text>
      </feedback>
    </answer>
    <answer fraction="-50" format="html">
      <text><![CDATA[<p dir="ltr" style="text-align: left;">Pouze číst a vkládat data do databáze<br></p>]]></text>
      <feedback format="html">
        <text></text>
      </feedback>
    </answer>
    <answer fraction="-50" format="html">
      <text><![CDATA[<p dir="ltr" style="text-align: left;">Pouze číst data z databáze<br></p>]]></text>
      <feedback format="html">
        <text></text>
      </feedback>
    </answer>
    <tags>
      <tag><text>databáze</text>
</tag>
      <tag><text>sql</text>
</tag>
      <tag><text>python</text>
</tag>
    </tags>
  </question>

<!-- question: 8650  -->
  <question type="multichoice">
    <name>
      <text>Počet řádků z výsledku</text>
    </name>
    <questiontext format="html">
      <text><![CDATA[<p dir="ltr" style="text-align: left;">Do našeho programu si můžeme "stahovat" řádky z výsledku v databázi po:</p><p dir="ltr" style="text-align: left;">Pozn.: Zaškrtněte vše pravdivé<br></p>]]></text>
    </questiontext>
    <generalfeedback format="html">
      <text></text>
    </generalfeedback>
    <defaultgrade>2.0000000</defaultgrade>
    <penalty>0.2500000</penalty>
    <hidden>0</hidden>
    <idnumber></idnumber>
    <single>false</single>
    <shuffleanswers>true</shuffleanswers>
    <answernumbering>abc</answernumbering>
    <showstandardinstruction>0</showstandardinstruction>
    <correctfeedback format="html">
      <text>Vaše odpověď je správná.</text>
    </correctfeedback>
    <partiallycorrectfeedback format="html">
      <text>Vaše odpověď je částečně správná.</text>
    </partiallycorrectfeedback>
    <incorrectfeedback format="html">
      <text>Vaše odpověď je chybná.</text>
    </incorrectfeedback>
    <shownumcorrect/>
    <answer fraction="25" format="html">
      <text><![CDATA[<p dir="ltr" style="text-align: left;">Po jednom řádku<br></p>]]></text>
      <feedback format="html">
        <text></text>
      </feedback>
    </answer>
    <answer fraction="25" format="html">
      <text><![CDATA[<p dir="ltr" style="text-align: left;">Všechny řádky najednou<br></p>]]></text>
      <feedback format="html">
        <text></text>
      </feedback>
    </answer>
    <answer fraction="25" format="html">
      <text><![CDATA[<p dir="ltr" style="text-align: left;">Po deseti řádcích<br></p>]]></text>
      <feedback format="html">
        <text></text>
      </feedback>
    </answer>
    <answer fraction="25" format="html">
      <text><![CDATA[<p dir="ltr" style="text-align: left;">Po libovolném počtu řádků (můžeme zadat)<br></p>]]></text>
      <feedback format="html">
        <text></text>
      </feedback>
    </answer>
    <answer fraction="-50" format="html">
      <text><![CDATA[<p dir="ltr" style="text-align: left;">Můžeme pouze všechny řádky najednou<br></p>]]></text>
      <feedback format="html">
        <text></text>
      </feedback>
    </answer>
    <answer fraction="-50" format="html">
      <text><![CDATA[<p dir="ltr" style="text-align: left;">Můžeme pouze po jednom, nebo dvou řádcích<br></p>]]></text>
      <feedback format="html">
        <text></text>
      </feedback>
    </answer>
    <tags>
      <tag><text>databáze</text>
</tag>
      <tag><text>python</text>
</tag>
      <tag><text>výsledek</text>
</tag>
    </tags>
  </question>

<!-- question: 8655  -->
  <question type="multichoice">
    <name>
      <text>Zobrazení výsledku</text>
    </name>
    <questiontext format="html">
      <text><![CDATA[<p dir="ltr" style="text-align: left;">Máme výsledek z databáze. Pro jeho zobrazení uživateli (tedy nějak hezky srovnané) použijeme nejspíše (zápis s nejkratším kódem): <br></p>]]></text>
    </questiontext>
    <generalfeedback format="html">
      <text></text>
    </generalfeedback>
    <defaultgrade>2.0000000</defaultgrade>
    <penalty>0.5000000</penalty>
    <hidden>0</hidden>
    <idnumber></idnumber>
    <single>true</single>
    <shuffleanswers>true</shuffleanswers>
    <answernumbering>abc</answernumbering>
    <showstandardinstruction>0</showstandardinstruction>
    <correctfeedback format="html">
      <text>Vaše odpověď je správná.</text>
    </correctfeedback>
    <partiallycorrectfeedback format="html">
      <text>Vaše odpověď je částečně správná.</text>
    </partiallycorrectfeedback>
    <incorrectfeedback format="html">
      <text>Vaše odpověď je chybná.</text>
    </incorrectfeedback>
    <shownumcorrect/>
    <answer fraction="100" format="html">
      <text><![CDATA[<p dir="ltr" style="text-align: left;">for-cyklus<br></p>]]></text>
      <feedback format="html">
        <text></text>
      </feedback>
    </answer>
    <answer fraction="0" format="html">
      <text><![CDATA[<p dir="ltr" style="text-align: left;">while-cyklus<br></p>]]></text>
      <feedback format="html">
        <text></text>
      </feedback>
    </answer>
    <answer fraction="0" format="html">
      <text><![CDATA[<p dir="ltr" style="text-align: left;">print(vysledek)<br></p>]]></text>
      <feedback format="html">
        <text></text>
      </feedback>
    </answer>
    <answer fraction="0" format="html">
      <text><![CDATA[<p dir="ltr" style="text-align: left;">vypíšeme jednotlivé řádky "ručně"<br></p>]]></text>
      <feedback format="html">
        <text></text>
      </feedback>
    </answer>
    <tags>
      <tag><text>databáze</text>
</tag>
      <tag><text>python</text>
</tag>
      <tag><text>výsledek</text>
</tag>
    </tags>
  </question>

<!-- question: 8652  -->
  <question type="truefalse">
    <name>
      <text>Chybové zprávy I</text>
    </name>
    <questiontext format="html">
      <text><![CDATA[<p dir="ltr" style="text-align: left;">Pokud zadáme v Pythonu špatně dotaz - syntaktická chyba, špatné heslo apd., není žádný způsob, jak se to po spuštění dotazu v databázi dozvědět v programu v Pythonu.<br>Pouze se dotaz v databázi neprovede.<br></p>]]></text>
    </questiontext>
    <generalfeedback format="html">
      <text></text>
    </generalfeedback>
    <defaultgrade>1.0000000</defaultgrade>
    <penalty>1.0000000</penalty>
    <hidden>0</hidden>
    <idnumber></idnumber>
    <answer fraction="0" format="moodle_auto_format">
      <text>true</text>
      <feedback format="html">
        <text></text>
      </feedback>
    </answer>
    <answer fraction="100" format="moodle_auto_format">
      <text>false</text>
      <feedback format="html">
        <text></text>
      </feedback>
    </answer>
    <tags>
      <tag><text>databáze</text>
</tag>
      <tag><text>sql</text>
</tag>
      <tag><text>python</text>
</tag>
      <tag><text>chyba</text>
</tag>
    </tags>
  </question>

<!-- question: 8649  -->
  <question type="truefalse">
    <name>
      <text>Existuje knihovna k připojení</text>
    </name>
    <questiontext format="html">
      <text><![CDATA[<p dir="ltr" style="text-align: left;">Pro propojení aplikace s databází již existují vytvořené knihovny (někdo hodný je vytvořil a dal je k dispozici).<br></p>]]></text>
    </questiontext>
    <generalfeedback format="html">
      <text></text>
    </generalfeedback>
    <defaultgrade>1.0000000</defaultgrade>
    <penalty>1.0000000</penalty>
    <hidden>0</hidden>
    <idnumber></idnumber>
    <answer fraction="100" format="moodle_auto_format">
      <text>true</text>
      <feedback format="html">
        <text></text>
      </feedback>
    </answer>
    <answer fraction="0" format="moodle_auto_format">
      <text>false</text>
      <feedback format="html">
        <text></text>
      </feedback>
    </answer>
    <tags>
      <tag><text>databáze</text>
</tag>
      <tag><text>python</text>
</tag>
      <tag><text>spojení</text>
</tag>
    </tags>
  </question>

<!-- question: 7702  -->
  <question type="truefalse">
    <name>
      <text>Získání výsledku</text>
    </name>
    <questiontext format="html">
      <text><![CDATA[<p>Po získání výsledku v databázi (např. 2 sloupce x 10 řádků), se vždy celý výsledek odešle do našeho programu.<br></p>]]></text>
    </questiontext>
    <generalfeedback format="html">
      <text></text>
    </generalfeedback>
    <defaultgrade>1.0000000</defaultgrade>
    <penalty>1.0000000</penalty>
    <hidden>0</hidden>
    <idnumber></idnumber>
    <answer fraction="0" format="moodle_auto_format">
      <text>true</text>
      <feedback format="html">
        <text></text>
      </feedback>
    </answer>
    <answer fraction="100" format="moodle_auto_format">
      <text>false</text>
      <feedback format="html">
        <text></text>
      </feedback>
    </answer>
    <tags>
      <tag><text>databáze</text>
</tag>
      <tag><text>python</text>
</tag>
      <tag><text>výsledek</text>
</tag>
      <tag><text>fetch</text>
</tag>
    </tags>
  </question>

<!-- question: 0  -->
  <question type="category">
    <category>
      <text>$course$/top/JaroslavHoleček/Databáze/ER, základní vlastnosti atributů</text>
    </category>
    <info format="html">
      <text></text>
    </info>
    <idnumber></idnumber>
  </question>

<!-- question: 7862  -->
  <question type="matching">
    <name>
      <text>Rozměry tabulky</text>
    </name>
    <questiontext format="html">
      <text><![CDATA[<p dir="ltr" style="text-align: left;">Sloupečky a řádky znamenají v relačních databázích:<br></p>]]></text>
    </questiontext>
    <generalfeedback format="html">
      <text></text>
    </generalfeedback>
    <defaultgrade>2.0000000</defaultgrade>
    <penalty>0.5000000</penalty>
    <hidden>0</hidden>
    <idnumber></idnumber>
    <shuffleanswers>true</shuffleanswers>
    <correctfeedback format="html">
      <text>Vaše odpověď je správná.</text>
    </correctfeedback>
    <partiallycorrectfeedback format="html">
      <text>Vaše odpověď je částečně správná.</text>
    </partiallycorrectfeedback>
    <incorrectfeedback format="html">
      <text>Vaše odpověď je chybná.</text>
    </incorrectfeedback>
    <shownumcorrect/>
    <subquestion format="html">
      <text><![CDATA[<p dir="ltr" style="text-align: left;">Sloupečky<br></p>]]></text>
      <answer>
        <text>Atributy (vlastnosti entity)</text>
      </answer>
    </subquestion>
    <subquestion format="html">
      <text><![CDATA[<p dir="ltr" style="text-align: left;">Řádky<br></p>]]></text>
      <answer>
        <text>Záznamy (konkrétní hodnoty)</text>
      </answer>
    </subquestion>
    <subquestion format="html">
      <text></text>
      <answer>
        <text>Počet uživatelů databáze</text>
      </answer>
    </subquestion>
    <tags>
      <tag><text>databáze</text>
</tag>
      <tag><text>tabulka</text>
</tag>
    </tags>
  </question>

<!-- question: 7865  -->
  <question type="matching">
    <name>
      <text>Význam vlastností atributů</text>
    </name>
    <questiontext format="html">
      <text><![CDATA[<p dir="ltr" style="text-align: left;">Přiřaďte vlastnost atributu k jejímu významu.<br></p>]]></text>
    </questiontext>
    <generalfeedback format="html">
      <text></text>
    </generalfeedback>
    <defaultgrade>3.0000000</defaultgrade>
    <penalty>0.3333333</penalty>
    <hidden>0</hidden>
    <idnumber></idnumber>
    <shuffleanswers>true</shuffleanswers>
    <correctfeedback format="html">
      <text>Vaše odpověď je správná.</text>
    </correctfeedback>
    <partiallycorrectfeedback format="html">
      <text>Vaše odpověď je částečně správná.</text>
    </partiallycorrectfeedback>
    <incorrectfeedback format="html">
      <text>Vaše odpověď je chybná.</text>
    </incorrectfeedback>
    <shownumcorrect/>
    <subquestion format="html">
      <text><![CDATA[<p dir="ltr" style="text-align: left;">UNIQUE<br></p>]]></text>
      <answer>
        <text>Nemůže se opakovat hodnota v různých záznamech</text>
      </answer>
    </subquestion>
    <subquestion format="html">
      <text><![CDATA[<p dir="ltr" style="text-align: left;">NOT NULL<br></p>]]></text>
      <answer>
        <text>Musí být vždy vyplněna hodnota</text>
      </answer>
    </subquestion>
    <subquestion format="html">
      <text><![CDATA[<p dir="ltr" style="text-align: left;">DEFAULT<br></p>]]></text>
      <answer>
        <text>Nastavení výchozí hodnoty</text>
      </answer>
    </subquestion>
    <subquestion format="html">
      <text></text>
      <answer>
        <text>Hodnota nemůže být 0</text>
      </answer>
    </subquestion>
    <subquestion format="html">
      <text></text>
      <answer>
        <text>Zázanm může být pouze jeden</text>
      </answer>
    </subquestion>
    <subquestion format="html">
      <text></text>
      <answer>
        <text>Způsob chování při chybě</text>
      </answer>
    </subquestion>
    <tags>
      <tag><text>databáze</text>
</tag>
      <tag><text>atribut</text>
</tag>
      <tag><text>vlastnosti</text>
</tag>
    </tags>
  </question>

<!-- question: 7861  -->
  <question type="multichoice">
    <name>
      <text>Entita v ER</text>
    </name>
    <questiontext format="html">
      <text><![CDATA[<p dir="ltr" style="text-align: left;">Do bloku v ER digramu zapisujeme jednotlivé entity - obvykle u nich (do bloku) zapisujeme:<br></p>]]></text>
    </questiontext>
    <generalfeedback format="html">
      <text></text>
    </generalfeedback>
    <defaultgrade>2.0000000</defaultgrade>
    <penalty>0.5000000</penalty>
    <hidden>0</hidden>
    <idnumber></idnumber>
    <single>false</single>
    <shuffleanswers>true</shuffleanswers>
    <answernumbering>abc</answernumbering>
    <showstandardinstruction>0</showstandardinstruction>
    <correctfeedback format="html">
      <text>Vaše odpověď je správná.</text>
    </correctfeedback>
    <partiallycorrectfeedback format="html">
      <text>Vaše odpověď je částečně správná.</text>
    </partiallycorrectfeedback>
    <incorrectfeedback format="html">
      <text>Vaše odpověď je chybná.</text>
    </incorrectfeedback>
    <shownumcorrect/>
    <answer fraction="50" format="html">
      <text><![CDATA[<p dir="ltr" style="text-align: left;">Název entity<br></p>]]></text>
      <feedback format="html">
        <text></text>
      </feedback>
    </answer>
    <answer fraction="50" format="html">
      <text><![CDATA[<p dir="ltr" style="text-align: left;">Atributy (sloupečky) entity<br></p>]]></text>
      <feedback format="html">
        <text></text>
      </feedback>
    </answer>
    <answer fraction="-50" format="html">
      <text><![CDATA[<p dir="ltr" style="text-align: left;">Konkrétní hodnoty (záznamy, řádky tabulky)<br></p>]]></text>
      <feedback format="html">
        <text></text>
      </feedback>
    </answer>
    <answer fraction="-50" format="html">
      <text><![CDATA[<p dir="ltr" style="text-align: left;">Počet očekávaných záznamů (počet řádků tabulky)<br></p>]]></text>
      <feedback format="html">
        <text></text>
      </feedback>
    </answer>
    <tags>
      <tag><text>databáze</text>
</tag>
      <tag><text>ER</text>
</tag>
    </tags>
  </question>

<!-- question: 7860  -->
  <question type="multichoice">
    <name>
      <text>Souvislost mezi entitami</text>
    </name>
    <questiontext format="html">
      <text><![CDATA[<p dir="ltr" style="text-align: left;">V ER diagramu je vztah mezi entitami naznačen:<br></p>]]></text>
    </questiontext>
    <generalfeedback format="html">
      <text></text>
    </generalfeedback>
    <defaultgrade>2.0000000</defaultgrade>
    <penalty>0.5000000</penalty>
    <hidden>0</hidden>
    <idnumber></idnumber>
    <single>true</single>
    <shuffleanswers>true</shuffleanswers>
    <answernumbering>abc</answernumbering>
    <showstandardinstruction>0</showstandardinstruction>
    <correctfeedback format="html">
      <text>Vaše odpověď je správná.</text>
    </correctfeedback>
    <partiallycorrectfeedback format="html">
      <text>Vaše odpověď je částečně správná.</text>
    </partiallycorrectfeedback>
    <incorrectfeedback format="html">
      <text>Vaše odpověď je chybná.</text>
    </incorrectfeedback>
    <shownumcorrect/>
    <answer fraction="100" format="html">
      <text><![CDATA[<p dir="ltr" style="text-align: left;">Spojením bloků čarou<br></p>]]></text>
      <feedback format="html">
        <text></text>
      </feedback>
    </answer>
    <answer fraction="0" format="html">
      <text><![CDATA[<p dir="ltr" style="text-align: left;">Částečným překrytím bloků<br></p>]]></text>
      <feedback format="html">
        <text></text>
      </feedback>
    </answer>
    <answer fraction="0" format="html">
      <text><![CDATA[<p dir="ltr" style="text-align: left;">Zapsáním vztahu slovně do každého bloku<br></p>]]></text>
      <feedback format="html">
        <text></text>
      </feedback>
    </answer>
    <tags>
      <tag><text>databáze</text>
</tag>
      <tag><text>ER</text>
</tag>
    </tags>
  </question>

<!-- question: 7863  -->
  <question type="multichoice">
    <name>
      <text>Záznamy v tabulce</text>
    </name>
    <questiontext format="html">
      <text><![CDATA[<p dir="ltr" style="text-align: left;">Pokud máme tabulku s atributy: jméno, příjmení, datum narození a v ní 5 záznamů (5 lidí). Potom tabulka:<br></p>]]></text>
    </questiontext>
    <generalfeedback format="html">
      <text></text>
    </generalfeedback>
    <defaultgrade>2.0000000</defaultgrade>
    <penalty>0.5000000</penalty>
    <hidden>0</hidden>
    <idnumber></idnumber>
    <single>false</single>
    <shuffleanswers>true</shuffleanswers>
    <answernumbering>abc</answernumbering>
    <showstandardinstruction>0</showstandardinstruction>
    <correctfeedback format="html">
      <text>Vaše odpověď je správná.</text>
    </correctfeedback>
    <partiallycorrectfeedback format="html">
      <text>Vaše odpověď je částečně správná.</text>
    </partiallycorrectfeedback>
    <incorrectfeedback format="html">
      <text>Vaše odpověď je chybná.</text>
    </incorrectfeedback>
    <shownumcorrect/>
    <answer fraction="50" format="html">
      <text><![CDATA[<p dir="ltr" style="text-align: left;">má 5 řádků<br></p>]]></text>
      <feedback format="html">
        <text></text>
      </feedback>
    </answer>
    <answer fraction="50" format="html">
      <text><![CDATA[<p dir="ltr" style="text-align: left;">má 3 sloupce<br></p>]]></text>
      <feedback format="html">
        <text></text>
      </feedback>
    </answer>
    <answer fraction="-33.33333" format="html">
      <text><![CDATA[<p dir="ltr" style="text-align: left;">má 5 sloupců<br></p>]]></text>
      <feedback format="html">
        <text></text>
      </feedback>
    </answer>
    <answer fraction="-33.33333" format="html">
      <text><![CDATA[<p dir="ltr" style="text-align: left;">má 3 řádky<br></p>]]></text>
      <feedback format="html">
        <text></text>
      </feedback>
    </answer>
    <answer fraction="-33.33333" format="html">
      <text><![CDATA[<p dir="ltr" style="text-align: left;">má 5 buněk<br></p>]]></text>
      <feedback format="html">
        <text></text>
      </feedback>
    </answer>
    <tags>
      <tag><text>databáze</text>
</tag>
      <tag><text>tabulka</text>
</tag>
    </tags>
  </question>

<!-- question: 7857  -->
  <question type="multichoice">
    <name>
      <text>Zkratka ER</text>
    </name>
    <questiontext format="html">
      <text><![CDATA[<p dir="ltr" style="text-align: left;">ER-diagram je zkratka pro:<br></p>]]></text>
    </questiontext>
    <generalfeedback format="html">
      <text></text>
    </generalfeedback>
    <defaultgrade>1.0000000</defaultgrade>
    <penalty>0.5000000</penalty>
    <hidden>0</hidden>
    <idnumber></idnumber>
    <single>true</single>
    <shuffleanswers>true</shuffleanswers>
    <answernumbering>abc</answernumbering>
    <showstandardinstruction>0</showstandardinstruction>
    <correctfeedback format="html">
      <text>Vaše odpověď je správná.</text>
    </correctfeedback>
    <partiallycorrectfeedback format="html">
      <text>Vaše odpověď je částečně správná.</text>
    </partiallycorrectfeedback>
    <incorrectfeedback format="html">
      <text>Vaše odpověď je chybná.</text>
    </incorrectfeedback>
    <shownumcorrect/>
    <answer fraction="100" format="html">
      <text><![CDATA[<p dir="ltr" style="text-align: left;">Entity-Relationship diagram<br></p>]]></text>
      <feedback format="html">
        <text></text>
      </feedback>
    </answer>
    <answer fraction="0" format="html">
      <text><![CDATA[<p dir="ltr" style="text-align: left;">Entity-Relative diagram<br></p>]]></text>
      <feedback format="html">
        <text></text>
      </feedback>
    </answer>
    <answer fraction="0" format="html">
      <text><![CDATA[<p dir="ltr" style="text-align: left;">Erudation-Relationship diagram<br></p>]]></text>
      <feedback format="html">
        <text></text>
      </feedback>
    </answer>
    <answer fraction="0" format="html">
      <text><![CDATA[<p dir="ltr" style="text-align: left;">Extrémě-Rozčilující diagram<br></p>]]></text>
      <feedback format="html">
        <text></text>
      </feedback>
    </answer>
    <answer fraction="0" format="html">
      <text><![CDATA[<p dir="ltr" style="text-align: left;">Externě-Rozdělující diagram<br></p>]]></text>
      <feedback format="html">
        <text></text>
      </feedback>
    </answer>
    <tags>
      <tag><text>databáze</text>
</tag>
      <tag><text>ER</text>
</tag>
    </tags>
  </question>

<!-- question: 7858  -->
  <question type="truefalse">
    <name>
      <text>Co je v ER</text>
    </name>
    <questiontext format="html">
      <text><![CDATA[<p dir="ltr" style="text-align: left;">ER diagram zachycuje strukturu databáze - jednotlivé entity a vztahy mezi nimi.<br></p>]]></text>
    </questiontext>
    <generalfeedback format="html">
      <text></text>
    </generalfeedback>
    <defaultgrade>1.0000000</defaultgrade>
    <penalty>1.0000000</penalty>
    <hidden>0</hidden>
    <idnumber></idnumber>
    <answer fraction="100" format="moodle_auto_format">
      <text>true</text>
      <feedback format="html">
        <text></text>
      </feedback>
    </answer>
    <answer fraction="0" format="moodle_auto_format">
      <text>false</text>
      <feedback format="html">
        <text></text>
      </feedback>
    </answer>
    <tags>
      <tag><text>databáze</text>
</tag>
      <tag><text>ER</text>
</tag>
    </tags>
  </question>

<!-- question: 7866  -->
  <question type="truefalse">
    <name>
      <text>DEFAULT</text>
    </name>
    <questiontext format="html">
      <text><![CDATA[<p dir="ltr" style="text-align: left;">Pomocí DEFAULT můžeme nastavit výchozí hodnotu pro záznam.<br></p>]]></text>
    </questiontext>
    <generalfeedback format="html">
      <text></text>
    </generalfeedback>
    <defaultgrade>1.0000000</defaultgrade>
    <penalty>1.0000000</penalty>
    <hidden>0</hidden>
    <idnumber></idnumber>
    <answer fraction="100" format="moodle_auto_format">
      <text>true</text>
      <feedback format="html">
        <text></text>
      </feedback>
    </answer>
    <answer fraction="0" format="moodle_auto_format">
      <text>false</text>
      <feedback format="html">
        <text></text>
      </feedback>
    </answer>
    <tags>
      <tag><text>databáze</text>
</tag>
      <tag><text>atribut</text>
</tag>
      <tag><text>vlastnosti</text>
</tag>
      <tag><text>default</text>
</tag>
    </tags>
  </question>

<!-- question: 7859  -->
  <question type="truefalse">
    <name>
      <text>Detailní ER</text>
    </name>
    <questiontext format="html">
      <text><![CDATA[<p dir="ltr" style="text-align: left;">V ER diagramu jsou zaznamenány všechny detaily databáze - např. konkrétní dotazy pro tvorbu databáze<br></p>]]></text>
    </questiontext>
    <generalfeedback format="html">
      <text></text>
    </generalfeedback>
    <defaultgrade>1.0000000</defaultgrade>
    <penalty>1.0000000</penalty>
    <hidden>0</hidden>
    <idnumber></idnumber>
    <answer fraction="0" format="moodle_auto_format">
      <text>true</text>
      <feedback format="html">
        <text></text>
      </feedback>
    </answer>
    <answer fraction="100" format="moodle_auto_format">
      <text>false</text>
      <feedback format="html">
        <text></text>
      </feedback>
    </answer>
    <tags>
      <tag><text>databáze</text>
</tag>
      <tag><text>ER</text>
</tag>
    </tags>
  </question>

<!-- question: 7867  -->
  <question type="truefalse">
    <name>
      <text>NOT NULL</text>
    </name>
    <questiontext format="html">
      <text><![CDATA[<p dir="ltr" style="text-align: left;">Pomocí NOT NULL můžeme zakázat nevyplněné hodnoty.<br></p>]]></text>
    </questiontext>
    <generalfeedback format="html">
      <text></text>
    </generalfeedback>
    <defaultgrade>1.0000000</defaultgrade>
    <penalty>1.0000000</penalty>
    <hidden>0</hidden>
    <idnumber></idnumber>
    <answer fraction="100" format="moodle_auto_format">
      <text>true</text>
      <feedback format="html">
        <text></text>
      </feedback>
    </answer>
    <answer fraction="0" format="moodle_auto_format">
      <text>false</text>
      <feedback format="html">
        <text></text>
      </feedback>
    </answer>
    <tags>
      <tag><text>databáze</text>
</tag>
      <tag><text>atribut</text>
</tag>
      <tag><text>vlastnosti</text>
</tag>
      <tag><text>NOT NULL</text>
</tag>
    </tags>
  </question>

<!-- question: 7870  -->
  <question type="truefalse">
    <name>
      <text>Opakování atributů</text>
    </name>
    <questiontext format="html">
      <text><![CDATA[<p dir="ltr" style="text-align: left;">V jedné entitě (tabulce) může být více atributů se stejným názvem (např. pro lidi s dvěma křestními jmény: - jmeno - jmeno - prijmeni - )</p>]]></text>
    </questiontext>
    <generalfeedback format="html">
      <text></text>
    </generalfeedback>
    <defaultgrade>1.0000000</defaultgrade>
    <penalty>1.0000000</penalty>
    <hidden>0</hidden>
    <idnumber></idnumber>
    <answer fraction="0" format="moodle_auto_format">
      <text>true</text>
      <feedback format="html">
        <text></text>
      </feedback>
    </answer>
    <answer fraction="100" format="moodle_auto_format">
      <text>false</text>
      <feedback format="html">
        <text></text>
      </feedback>
    </answer>
    <tags>
      <tag><text>databáze</text>
</tag>
      <tag><text>entita</text>
</tag>
      <tag><text>atribut</text>
</tag>
    </tags>
  </question>

<!-- question: 7869  -->
  <question type="truefalse">
    <name>
      <text>Počet atributů</text>
    </name>
    <questiontext format="html">
      <text><![CDATA[<p dir="ltr" style="text-align: left;">Každá entita (tabulka) má omezený počet atributů.<br></p>]]></text>
    </questiontext>
    <generalfeedback format="html">
      <text></text>
    </generalfeedback>
    <defaultgrade>1.0000000</defaultgrade>
    <penalty>1.0000000</penalty>
    <hidden>0</hidden>
    <idnumber></idnumber>
    <answer fraction="0" format="moodle_auto_format">
      <text>true</text>
      <feedback format="html">
        <text></text>
      </feedback>
    </answer>
    <answer fraction="100" format="moodle_auto_format">
      <text>false</text>
      <feedback format="html">
        <text></text>
      </feedback>
    </answer>
    <tags>
      <tag><text>databáze</text>
</tag>
      <tag><text>atribut</text>
</tag>
      <tag><text>tabulka</text>
</tag>
    </tags>
  </question>

<!-- question: 7871  -->
  <question type="truefalse">
    <name>
      <text>Stejný atribut ve dvou entitách</text>
    </name>
    <questiontext format="html">
      <text><![CDATA[<p dir="ltr" style="text-align: left;">Ve dvou různých entitách (tabulkách) může být atribut se stejným názvem (např. Zamestnanec: id, jmeno, ...&nbsp; a Auto: id, rok_vyroby, ...).<br></p>]]></text>
    </questiontext>
    <generalfeedback format="html">
      <text></text>
    </generalfeedback>
    <defaultgrade>1.0000000</defaultgrade>
    <penalty>1.0000000</penalty>
    <hidden>0</hidden>
    <idnumber></idnumber>
    <answer fraction="100" format="moodle_auto_format">
      <text>true</text>
      <feedback format="html">
        <text></text>
      </feedback>
    </answer>
    <answer fraction="0" format="moodle_auto_format">
      <text>false</text>
      <feedback format="html">
        <text></text>
      </feedback>
    </answer>
    <tags>
      <tag><text>databáze</text>
</tag>
      <tag><text>entita</text>
</tag>
      <tag><text>atribut</text>
</tag>
    </tags>
  </question>

<!-- question: 7868  -->
  <question type="truefalse">
    <name>
      <text>UNIQUE</text>
    </name>
    <questiontext format="html">
      <text><![CDATA[<p dir="ltr" style="text-align: left;">Pomocí UNIQUE zakážeme duplicitní (opakující se) hodnoty.<br></p>]]></text>
    </questiontext>
    <generalfeedback format="html">
      <text></text>
    </generalfeedback>
    <defaultgrade>1.0000000</defaultgrade>
    <penalty>1.0000000</penalty>
    <hidden>0</hidden>
    <idnumber></idnumber>
    <answer fraction="100" format="moodle_auto_format">
      <text>true</text>
      <feedback format="html">
        <text></text>
      </feedback>
    </answer>
    <answer fraction="0" format="moodle_auto_format">
      <text>false</text>
      <feedback format="html">
        <text></text>
      </feedback>
    </answer>
    <tags>
      <tag><text>databáze</text>
</tag>
      <tag><text>atribut</text>
</tag>
      <tag><text>vlastnosti</text>
</tag>
      <tag><text>UNIQUE</text>
</tag>
    </tags>
  </question>

<!-- question: 7864  -->
  <question type="truefalse">
    <name>
      <text>Vlastnosti atributů</text>
    </name>
    <questiontext format="html">
      <text><![CDATA[<p dir="ltr" style="text-align: left;">Každý atribut může mít nastavené své vlastnosti nezávisle na ostatních.<br></p>]]></text>
    </questiontext>
    <generalfeedback format="html">
      <text></text>
    </generalfeedback>
    <defaultgrade>1.0000000</defaultgrade>
    <penalty>1.0000000</penalty>
    <hidden>0</hidden>
    <idnumber></idnumber>
    <answer fraction="100" format="moodle_auto_format">
      <text>true</text>
      <feedback format="html">
        <text></text>
      </feedback>
    </answer>
    <answer fraction="0" format="moodle_auto_format">
      <text>false</text>
      <feedback format="html">
        <text></text>
      </feedback>
    </answer>
    <tags>
      <tag><text>databáze</text>
</tag>
      <tag><text>atribut</text>
</tag>
      <tag><text>vlastnosti</text>
</tag>
    </tags>
  </question>

<!-- question: 0  -->
  <question type="category">
    <category>
      <text>$course$/top/JaroslavHoleček/Databáze/SQL/insert, select</text>
    </category>
    <info format="html">
      <text></text>
    </info>
    <idnumber></idnumber>
  </question>

<!-- question: 8000  -->
  <question type="gapselect">
    <name>
      <text>Dotaz insert</text>
    </name>
    <questiontext format="html">
      <text><![CDATA[<p dir="ltr" style="text-align: left;">Doplňte dotaz pro vložení <strong>jednoho</strong> záznamu do tabulky.<br></p><p dir="ltr" style="text-align: left;">[[1]] [[2]] nazev_tabulky [[3]] (hodnota_sloupec1, hodnota_sloupec2, ...);<br></p>]]></text>
    </questiontext>
    <generalfeedback format="html">
      <text></text>
    </generalfeedback>
    <defaultgrade>3.0000000</defaultgrade>
    <penalty>0.5000000</penalty>
    <hidden>0</hidden>
    <idnumber></idnumber>
    <shuffleanswers>0</shuffleanswers>
    <correctfeedback format="html">
      <text>Vaše odpověď je správná.</text>
    </correctfeedback>
    <partiallycorrectfeedback format="html">
      <text>Vaše odpověď je částečně správná.</text>
    </partiallycorrectfeedback>
    <incorrectfeedback format="html">
      <text>Vaše odpověď je chybná.</text>
    </incorrectfeedback>
    <shownumcorrect/>
    <selectoption>
      <text>INSERT</text>
      <group>1</group>
    </selectoption>
    <selectoption>
      <text>INTO</text>
      <group>2</group>
    </selectoption>
    <selectoption>
      <text>VALUE</text>
      <group>3</group>
    </selectoption>
    <selectoption>
      <text>INCLUDE</text>
      <group>1</group>
    </selectoption>
    <selectoption>
      <text>UPLOAD</text>
      <group>1</group>
    </selectoption>
    <selectoption>
      <text>TO</text>
      <group>2</group>
    </selectoption>
    <selectoption>
      <text>VALUE</text>
      <group>2</group>
    </selectoption>
    <selectoption>
      <text>VALUES</text>
      <group>3</group>
    </selectoption>
    <selectoption>
      <text>DATA</text>
      <group>3</group>
    </selectoption>
    <tags>
      <tag><text>sql</text>
</tag>
      <tag><text>insert</text>
</tag>
    </tags>
  </question>

<!-- question: 8001  -->
  <question type="gapselect">
    <name>
      <text>Dotaz insert pro více záznamů</text>
    </name>
    <questiontext format="html">
      <text><![CDATA[<p dir="ltr" style="text-align: left;">Doplňte dotaz pro vložení <strong>více</strong><strong></strong> záznamu do tabulky.<br></p><p dir="ltr" style="text-align: left;">[[1]] [[2]] nazev_tabulky [[3]] (hodnota1_sloupec1, hodnota1_sloupec2, ...), (hodnota2_sloupec1, hodnota2_sloupec2, ...), ...;<br></p>]]></text>
    </questiontext>
    <generalfeedback format="html">
      <text></text>
    </generalfeedback>
    <defaultgrade>3.0000000</defaultgrade>
    <penalty>0.5000000</penalty>
    <hidden>0</hidden>
    <idnumber></idnumber>
    <shuffleanswers>0</shuffleanswers>
    <correctfeedback format="html">
      <text>Vaše odpověď je správná.</text>
    </correctfeedback>
    <partiallycorrectfeedback format="html">
      <text>Vaše odpověď je částečně správná.</text>
    </partiallycorrectfeedback>
    <incorrectfeedback format="html">
      <text>Vaše odpověď je chybná.</text>
    </incorrectfeedback>
    <shownumcorrect/>
    <selectoption>
      <text>INSERT</text>
      <group>1</group>
    </selectoption>
    <selectoption>
      <text>INTO</text>
      <group>2</group>
    </selectoption>
    <selectoption>
      <text>VALUES</text>
      <group>3</group>
    </selectoption>
    <selectoption>
      <text>INCLUDE</text>
      <group>1</group>
    </selectoption>
    <selectoption>
      <text>UPLOAD</text>
      <group>1</group>
    </selectoption>
    <selectoption>
      <text>TO</text>
      <group>2</group>
    </selectoption>
    <selectoption>
      <text>VALUES</text>
      <group>2</group>
    </selectoption>
    <selectoption>
      <text>VALUE</text>
      <group>3</group>
    </selectoption>
    <selectoption>
      <text>DATA</text>
      <group>3</group>
    </selectoption>
    <tags>
      <tag><text>sql</text>
</tag>
      <tag><text>insert</text>
</tag>
    </tags>
  </question>

<!-- question: 8007  -->
  <question type="gapselect">
    <name>
      <text>Dotaz select</text>
    </name>
    <questiontext format="html">
      <text><![CDATA[<p dir="ltr" style="text-align: left;">Doplňte dotaz pro získání všech dat z tabulky.<br></p><p dir="ltr" style="text-align: left;">[[1]] [[2]]&nbsp;[[3]] nazev_tabulky;<br></p>]]></text>
    </questiontext>
    <generalfeedback format="html">
      <text></text>
    </generalfeedback>
    <defaultgrade>3.0000000</defaultgrade>
    <penalty>0.5000000</penalty>
    <hidden>0</hidden>
    <idnumber></idnumber>
    <shuffleanswers>0</shuffleanswers>
    <correctfeedback format="html">
      <text>Vaše odpověď je správná.</text>
    </correctfeedback>
    <partiallycorrectfeedback format="html">
      <text>Vaše odpověď je částečně správná.</text>
    </partiallycorrectfeedback>
    <incorrectfeedback format="html">
      <text>Vaše odpověď je chybná.</text>
    </incorrectfeedback>
    <shownumcorrect/>
    <selectoption>
      <text>SELECT</text>
      <group>1</group>
    </selectoption>
    <selectoption>
      <text>*</text>
      <group>2</group>
    </selectoption>
    <selectoption>
      <text>FROM</text>
      <group>3</group>
    </selectoption>
    <selectoption>
      <text>GET</text>
      <group>1</group>
    </selectoption>
    <selectoption>
      <text>DOWNLOAD</text>
      <group>1</group>
    </selectoption>
    <selectoption>
      <text>ALL</text>
      <group>2</group>
    </selectoption>
    <selectoption>
      <text>FULL</text>
      <group>2</group>
    </selectoption>
    <selectoption>
      <text>OF</text>
      <group>3</group>
    </selectoption>
    <selectoption>
      <text>TABLE</text>
      <group>3</group>
    </selectoption>
    <tags>
      <tag><text>sql</text>
</tag>
      <tag><text>select</text>
</tag>
    </tags>
  </question>

<!-- question: 8014  -->
  <question type="multichoice">
    <name>
      <text>Limit</text>
    </name>
    <questiontext format="html">
      <text><![CDATA[<p dir="ltr" style="text-align: left;">Pomocí kterého klíčového slova omezíme počet řádků ve výsledku (v MySQL)?<br></p>]]></text>
    </questiontext>
    <generalfeedback format="html">
      <text></text>
    </generalfeedback>
    <defaultgrade>2.0000000</defaultgrade>
    <penalty>0.3333333</penalty>
    <hidden>0</hidden>
    <idnumber></idnumber>
    <single>true</single>
    <shuffleanswers>true</shuffleanswers>
    <answernumbering>abc</answernumbering>
    <showstandardinstruction>0</showstandardinstruction>
    <correctfeedback format="html">
      <text>Vaše odpověď je správná.</text>
    </correctfeedback>
    <partiallycorrectfeedback format="html">
      <text>Vaše odpověď je částečně správná.</text>
    </partiallycorrectfeedback>
    <incorrectfeedback format="html">
      <text>Vaše odpověď je chybná.</text>
    </incorrectfeedback>
    <shownumcorrect/>
    <answer fraction="100" format="html">
      <text><![CDATA[<p dir="ltr" style="text-align: left;">LIMIT<br></p>]]></text>
      <feedback format="html">
        <text></text>
      </feedback>
    </answer>
    <answer fraction="-33.33333" format="html">
      <text><![CDATA[<p dir="ltr" style="text-align: left;">SELECT<br></p>]]></text>
      <feedback format="html">
        <text></text>
      </feedback>
    </answer>
    <answer fraction="-33.33333" format="html">
      <text><![CDATA[<p dir="ltr" style="text-align: left;">CUTOF<br></p>]]></text>
      <feedback format="html">
        <text></text>
      </feedback>
    </answer>
    <answer fraction="-33.33333" format="html">
      <text><![CDATA[<p dir="ltr" style="text-align: left;">JUST<br></p>]]></text>
      <feedback format="html">
        <text></text>
      </feedback>
    </answer>
    <tags>
      <tag><text>sql</text>
</tag>
      <tag><text>select</text>
</tag>
      <tag><text>limit</text>
</tag>
    </tags>
  </question>

<!-- question: 8004  -->
  <question type="multichoice">
    <name>
      <text>Minimum informací u insert</text>
    </name>
    <questiontext format="html">
      <text><![CDATA[<p dir="ltr" style="text-align: left;">Kromě klíčových slov <strong>musíme</strong> při vkládání záznamu/ů do tabulky zadat:<br></p>]]></text>
    </questiontext>
    <generalfeedback format="html">
      <text></text>
    </generalfeedback>
    <defaultgrade>2.0000000</defaultgrade>
    <penalty>0.5000000</penalty>
    <hidden>0</hidden>
    <idnumber></idnumber>
    <single>false</single>
    <shuffleanswers>true</shuffleanswers>
    <answernumbering>abc</answernumbering>
    <showstandardinstruction>0</showstandardinstruction>
    <correctfeedback format="html">
      <text>Vaše odpověď je správná.</text>
    </correctfeedback>
    <partiallycorrectfeedback format="html">
      <text>Vaše odpověď je částečně správná.</text>
    </partiallycorrectfeedback>
    <incorrectfeedback format="html">
      <text>Vaše odpověď je chybná.</text>
    </incorrectfeedback>
    <shownumcorrect/>
    <answer fraction="50" format="html">
      <text><![CDATA[<p dir="ltr" style="text-align: left;">název tabulky<br></p>]]></text>
      <feedback format="html">
        <text></text>
      </feedback>
    </answer>
    <answer fraction="50" format="html">
      <text><![CDATA[<p dir="ltr" style="text-align: left;">vkládané hodnoty<br></p>]]></text>
      <feedback format="html">
        <text></text>
      </feedback>
    </answer>
    <answer fraction="-33.33333" format="html">
      <text><![CDATA[<p dir="ltr" style="text-align: left;">názvy sloupečků<br></p>]]></text>
      <feedback format="html">
        <text></text>
      </feedback>
    </answer>
    <answer fraction="-33.33333" format="html">
      <text><![CDATA[<p dir="ltr" style="text-align: left;">počet vkládaných záznamů<br></p>]]></text>
      <feedback format="html">
        <text></text>
      </feedback>
    </answer>
    <answer fraction="-33.33333" format="html">
      <text><![CDATA[<p dir="ltr" style="text-align: left;">index/y vkládaného záznamu/ů<br></p>]]></text>
      <feedback format="html">
        <text></text>
      </feedback>
    </answer>
    <tags>
      <tag><text>sql</text>
</tag>
      <tag><text>insert</text>
</tag>
    </tags>
  </question>

<!-- question: 8008  -->
  <question type="multichoice">
    <name>
      <text>Minimum informací u select</text>
    </name>
    <questiontext format="html">
      <text><![CDATA[<p dir="ltr" style="text-align: left;">Kromě klíčových slov <strong>musíme</strong> při získávání dat z tabulky zadat:<br></p>]]></text>
    </questiontext>
    <generalfeedback format="html">
      <text></text>
    </generalfeedback>
    <defaultgrade>2.0000000</defaultgrade>
    <penalty>0.5000000</penalty>
    <hidden>0</hidden>
    <idnumber></idnumber>
    <single>false</single>
    <shuffleanswers>true</shuffleanswers>
    <answernumbering>abc</answernumbering>
    <showstandardinstruction>0</showstandardinstruction>
    <correctfeedback format="html">
      <text>Vaše odpověď je správná.</text>
    </correctfeedback>
    <partiallycorrectfeedback format="html">
      <text>Vaše odpověď je částečně správná.</text>
    </partiallycorrectfeedback>
    <incorrectfeedback format="html">
      <text>Vaše odpověď je chybná.</text>
    </incorrectfeedback>
    <shownumcorrect/>
    <answer fraction="50" format="html">
      <text><![CDATA[<p dir="ltr" style="text-align: left;">název tabulky<br></p>]]></text>
      <feedback format="html">
        <text></text>
      </feedback>
    </answer>
    <answer fraction="50" format="html">
      <text><![CDATA[<p dir="ltr" style="text-align: left;">sloupečky, které chceme získat<br></p>]]></text>
      <feedback format="html">
        <text></text>
      </feedback>
    </answer>
    <answer fraction="-33.33333" format="html">
      <text><![CDATA[<p dir="ltr" style="text-align: left;">počet záznamů, které chceme získat<br></p>]]></text>
      <feedback format="html">
        <text></text>
      </feedback>
    </answer>
    <answer fraction="-33.33333" format="html">
      <text><![CDATA[<p dir="ltr" style="text-align: left;">počet sloupců které chcem získat<br></p>]]></text>
      <feedback format="html">
        <text></text>
      </feedback>
    </answer>
    <answer fraction="-33.33333" format="html">
      <text><![CDATA[<p dir="ltr" style="text-align: left;">index/y získávaných záznamu/ů<br></p>]]></text>
      <feedback format="html">
        <text></text>
      </feedback>
    </answer>
    <tags>
      <tag><text>sql</text>
</tag>
      <tag><text>select</text>
</tag>
    </tags>
  </question>

<!-- question: 8013  -->
  <question type="shortanswer">
    <name>
      <text>Zástupný znak pro vše</text>
    </name>
    <questiontext format="html">
      <text><![CDATA[<p dir="ltr" style="text-align: left;">Zástupný/é znak/slovo pro "všechny sloupečky" je:<br></p>]]></text>
    </questiontext>
    <generalfeedback format="html">
      <text></text>
    </generalfeedback>
    <defaultgrade>2.0000000</defaultgrade>
    <penalty>0.3333333</penalty>
    <hidden>0</hidden>
    <idnumber></idnumber>
    <usecase>0</usecase>
    <answer fraction="100" format="moodle_auto_format">
      <text>*</text>
      <feedback format="html">
        <text></text>
      </feedback>
    </answer>
    <answer fraction="100" format="moodle_auto_format">
      <text>*</text>
      <feedback format="html">
        <text></text>
      </feedback>
    </answer>
    <answer fraction="100" format="moodle_auto_format">
      <text>*</text>
      <feedback format="html">
        <text></text>
      </feedback>
    </answer>
    <answer fraction="100" format="moodle_auto_format">
      <text>*</text>
      <feedback format="html">
        <text></text>
      </feedback>
    </answer>
    <tags>
      <tag><text>sql</text>
</tag>
      <tag><text>select</text>
</tag>
    </tags>
  </question>

<!-- question: 8010  -->
  <question type="truefalse">
    <name>
      <text>Název sloupečku v select</text>
    </name>
    <questiontext format="html">
      <text><![CDATA[<p dir="ltr" style="text-align: left;">Pokud získáváme záznam z tabulky, zadáváme názvy sloupečků v uvozovkách. Např.: "jmeno".<br></p>]]></text>
    </questiontext>
    <generalfeedback format="html">
      <text></text>
    </generalfeedback>
    <defaultgrade>1.0000000</defaultgrade>
    <penalty>1.0000000</penalty>
    <hidden>0</hidden>
    <idnumber></idnumber>
    <answer fraction="0" format="moodle_auto_format">
      <text>true</text>
      <feedback format="html">
        <text></text>
      </feedback>
    </answer>
    <answer fraction="100" format="moodle_auto_format">
      <text>false</text>
      <feedback format="html">
        <text></text>
      </feedback>
    </answer>
    <tags>
      <tag><text>sql</text>
</tag>
      <tag><text>select</text>
</tag>
      <tag><text>datové typy</text>
</tag>
    </tags>
  </question>

<!-- question: 8005  -->
  <question type="truefalse">
    <name>
      <text>Názvy sloupečků v insert</text>
    </name>
    <questiontext format="html">
      <text><![CDATA[<p dir="ltr" style="text-align: left;">Při vkládání zázanamů do tabulky můžeme v dotazu specifikovat konkrétní sloupečky, do kterých chceme data vložit.<br></p>]]></text>
    </questiontext>
    <generalfeedback format="html">
      <text></text>
    </generalfeedback>
    <defaultgrade>1.0000000</defaultgrade>
    <penalty>1.0000000</penalty>
    <hidden>0</hidden>
    <idnumber></idnumber>
    <answer fraction="100" format="moodle_auto_format">
      <text>true</text>
      <feedback format="html">
        <text></text>
      </feedback>
    </answer>
    <answer fraction="0" format="moodle_auto_format">
      <text>false</text>
      <feedback format="html">
        <text></text>
      </feedback>
    </answer>
    <tags>
      <tag><text>sql</text>
</tag>
      <tag><text>insert</text>
</tag>
    </tags>
  </question>

<!-- question: 8009  -->
  <question type="truefalse">
    <name>
      <text>Názvy sloupečků v select</text>
    </name>
    <questiontext format="html">
      <text><![CDATA[<p dir="ltr" style="text-align: left;">Při získávání záznamů z tabulky můžeme v dotazu specifikovat konkrétní sloupečky, které chceme získat.<br></p>]]></text>
    </questiontext>
    <generalfeedback format="html">
      <text></text>
    </generalfeedback>
    <defaultgrade>1.0000000</defaultgrade>
    <penalty>1.0000000</penalty>
    <hidden>0</hidden>
    <idnumber></idnumber>
    <answer fraction="100" format="moodle_auto_format">
      <text>true</text>
      <feedback format="html">
        <text></text>
      </feedback>
    </answer>
    <answer fraction="0" format="moodle_auto_format">
      <text>false</text>
      <feedback format="html">
        <text></text>
      </feedback>
    </answer>
    <tags>
      <tag><text>sql</text>
</tag>
      <tag><text>select</text>
</tag>
    </tags>
  </question>

<!-- question: 8006  -->
  <question type="truefalse">
    <name>
      <text>Řetězec v insert</text>
    </name>
    <questiontext format="html">
      <text><![CDATA[<p dir="ltr" style="text-align: left;">Pokud vkládáme záznam do tabulky, jsou data: 123456 a "123456" totožná. Tedy jdou obě vložit do stejného sloupečku databáze.<br></p>]]></text>
    </questiontext>
    <generalfeedback format="html">
      <text></text>
    </generalfeedback>
    <defaultgrade>1.0000000</defaultgrade>
    <penalty>1.0000000</penalty>
    <hidden>0</hidden>
    <idnumber></idnumber>
    <answer fraction="0" format="moodle_auto_format">
      <text>true</text>
      <feedback format="html">
        <text></text>
      </feedback>
    </answer>
    <answer fraction="100" format="moodle_auto_format">
      <text>false</text>
      <feedback format="html">
        <text></text>
      </feedback>
    </answer>
    <tags>
      <tag><text>sql</text>
</tag>
      <tag><text>datové typy</text>
</tag>
      <tag><text>insert</text>
</tag>
    </tags>
  </question>

<!-- question: 8003  -->
  <question type="truefalse">
    <name>
      <text>Vložení jednoho záznamu</text>
    </name>
    <questiontext format="html">
      <text><![CDATA[<p dir="ltr" style="text-align: left;">Do tabulky lze vložit jeden záznam v jedno dotazu.<br></p>]]></text>
    </questiontext>
    <generalfeedback format="html">
      <text></text>
    </generalfeedback>
    <defaultgrade>1.0000000</defaultgrade>
    <penalty>1.0000000</penalty>
    <hidden>0</hidden>
    <idnumber></idnumber>
    <answer fraction="100" format="moodle_auto_format">
      <text>true</text>
      <feedback format="html">
        <text></text>
      </feedback>
    </answer>
    <answer fraction="0" format="moodle_auto_format">
      <text>false</text>
      <feedback format="html">
        <text></text>
      </feedback>
    </answer>
    <tags>
      <tag><text>sql</text>
</tag>
      <tag><text>insert</text>
</tag>
    </tags>
  </question>

<!-- question: 8002  -->
  <question type="truefalse">
    <name>
      <text>Vložení více záznamů</text>
    </name>
    <questiontext format="html">
      <text><![CDATA[<p dir="ltr" style="text-align: left;">Do tabulky lze vložit více záznamů najednou (jedním dotazem).<br></p>]]></text>
    </questiontext>
    <generalfeedback format="html">
      <text></text>
    </generalfeedback>
    <defaultgrade>1.0000000</defaultgrade>
    <penalty>1.0000000</penalty>
    <hidden>0</hidden>
    <idnumber></idnumber>
    <answer fraction="100" format="moodle_auto_format">
      <text>true</text>
      <feedback format="html">
        <text></text>
      </feedback>
    </answer>
    <answer fraction="0" format="moodle_auto_format">
      <text>false</text>
      <feedback format="html">
        <text></text>
      </feedback>
    </answer>
    <tags>
      <tag><text>sql</text>
</tag>
      <tag><text>insert</text>
</tag>
    </tags>
  </question>

<!-- question: 8011  -->
  <question type="truefalse">
    <name>
      <text>Získání jednoho záznamu</text>
    </name>
    <questiontext format="html">
      <text><![CDATA[<p dir="ltr" style="text-align: left;">Z tabulky lze získat jeden záznam pomocí jednoho dotazu.<br></p>]]></text>
    </questiontext>
    <generalfeedback format="html">
      <text></text>
    </generalfeedback>
    <defaultgrade>1.0000000</defaultgrade>
    <penalty>1.0000000</penalty>
    <hidden>0</hidden>
    <idnumber></idnumber>
    <answer fraction="100" format="moodle_auto_format">
      <text>true</text>
      <feedback format="html">
        <text></text>
      </feedback>
    </answer>
    <answer fraction="0" format="moodle_auto_format">
      <text>false</text>
      <feedback format="html">
        <text></text>
      </feedback>
    </answer>
    <tags>
      <tag><text>sql</text>
</tag>
      <tag><text>select</text>
</tag>
    </tags>
  </question>

<!-- question: 8012  -->
  <question type="truefalse">
    <name>
      <text>Získání více záznamů</text>
    </name>
    <questiontext format="html">
      <text><![CDATA[<p dir="ltr" style="text-align: left;">Z tabulky lze získat více záznamů najednou (jedním dotazem).<br></p>]]></text>
    </questiontext>
    <generalfeedback format="html">
      <text></text>
    </generalfeedback>
    <defaultgrade>1.0000000</defaultgrade>
    <penalty>1.0000000</penalty>
    <hidden>0</hidden>
    <idnumber></idnumber>
    <answer fraction="100" format="moodle_auto_format">
      <text>true</text>
      <feedback format="html">
        <text></text>
      </feedback>
    </answer>
    <answer fraction="0" format="moodle_auto_format">
      <text>false</text>
      <feedback format="html">
        <text></text>
      </feedback>
    </answer>
    <tags>
      <tag><text>sql</text>
</tag>
      <tag><text>select</text>
</tag>
    </tags>
  </question>

<!-- question: 0  -->
  <question type="category">
    <category>
      <text>$course$/top/JaroslavHoleček/Databáze/SQL/Where, order by, group, log. fce</text>
    </category>
    <info format="html">
      <text></text>
    </info>
    <idnumber></idnumber>
  </question>

<!-- question: 7712  -->
  <question type="gapselect">
    <name>
      <text>Dotaz s podmínkou</text>
    </name>
    <questiontext format="html">
      <text><![CDATA[<p>Vyberte správná klíčová slova tak, aby byl výsledek složený ze dvou sloupečků a byly v něm jen auta vyrobená po roce 2010.<br></p><p>[[1]] spz, rok_vyroby FROM Auto [[2]] rok_vyroby [[3]] 2010;<br></p>]]></text>
    </questiontext>
    <generalfeedback format="html">
      <text></text>
    </generalfeedback>
    <defaultgrade>3.0000000</defaultgrade>
    <penalty>0.3333333</penalty>
    <hidden>0</hidden>
    <idnumber></idnumber>
    <shuffleanswers>1</shuffleanswers>
    <correctfeedback format="html">
      <text>Vaše odpověď je správná.</text>
    </correctfeedback>
    <partiallycorrectfeedback format="html">
      <text>Vaše odpověď je částečně správná.</text>
    </partiallycorrectfeedback>
    <incorrectfeedback format="html">
      <text>Vaše odpověď je chybná.</text>
    </incorrectfeedback>
    <shownumcorrect/>
    <selectoption>
      <text>SELECT</text>
      <group>1</group>
    </selectoption>
    <selectoption>
      <text>WHERE</text>
      <group>2</group>
    </selectoption>
    <selectoption>
      <text><![CDATA[>]]></text>
      <group>3</group>
    </selectoption>
    <selectoption>
      <text>GET</text>
      <group>1</group>
    </selectoption>
    <selectoption>
      <text>TWO</text>
      <group>1</group>
    </selectoption>
    <selectoption>
      <text>WITH</text>
      <group>2</group>
    </selectoption>
    <selectoption>
      <text>FOR</text>
      <group>2</group>
    </selectoption>
    <selectoption>
      <text>GREATHER</text>
      <group>3</group>
    </selectoption>
    <selectoption>
      <text>LESS</text>
      <group>3</group>
    </selectoption>
    <tags>
      <tag><text>sql</text>
</tag>
      <tag><text>select</text>
</tag>
      <tag><text>where</text>
</tag>
    </tags>
  </question>

<!-- question: 8054  -->
  <question type="gapselect">
    <name>
      <text>Dotaz s řazením</text>
    </name>
    <questiontext format="html">
      <text><![CDATA[<p>Vyberte správná klíčová slova tak, aby byl výsledek složený ze dvou sloupečků a byly v něm auta seřazená.<br></p><p>[[1]] spz, rok_vyroby FROM Auto [[2]] [[3]];<br></p>]]></text>
    </questiontext>
    <generalfeedback format="html">
      <text></text>
    </generalfeedback>
    <defaultgrade>3.0000000</defaultgrade>
    <penalty>0.3333333</penalty>
    <hidden>0</hidden>
    <idnumber></idnumber>
    <shuffleanswers>1</shuffleanswers>
    <correctfeedback format="html">
      <text>Vaše odpověď je správná.</text>
    </correctfeedback>
    <partiallycorrectfeedback format="html">
      <text>Vaše odpověď je částečně správná.</text>
    </partiallycorrectfeedback>
    <incorrectfeedback format="html">
      <text>Vaše odpověď je chybná.</text>
    </incorrectfeedback>
    <shownumcorrect/>
    <selectoption>
      <text>SELECT</text>
      <group>1</group>
    </selectoption>
    <selectoption>
      <text>ORDER BY</text>
      <group>2</group>
    </selectoption>
    <selectoption>
      <text>spz</text>
      <group>3</group>
    </selectoption>
    <selectoption>
      <text>GET</text>
      <group>1</group>
    </selectoption>
    <selectoption>
      <text>TWO</text>
      <group>1</group>
    </selectoption>
    <selectoption>
      <text>SORT</text>
      <group>2</group>
    </selectoption>
    <selectoption>
      <text>ONLY</text>
      <group>2</group>
    </selectoption>
    <selectoption>
      <text>2AD 3824</text>
      <group>3</group>
    </selectoption>
    <selectoption>
      <text>all</text>
      <group>3</group>
    </selectoption>
    <tags>
      <tag><text>sql</text>
</tag>
      <tag><text>select</text>
</tag>
      <tag><text>order by</text>
</tag>
    </tags>
  </question>

<!-- question: 8058  -->
  <question type="matching">
    <name>
      <text>Výsledek logických funkcí</text>
    </name>
    <questiontext format="html">
      <text><![CDATA[<p dir="ltr" style="text-align: left;">Přiřaďte k logickým funkcím odpovídající popis.<br></p>]]></text>
    </questiontext>
    <generalfeedback format="html">
      <text></text>
    </generalfeedback>
    <defaultgrade>3.0000000</defaultgrade>
    <penalty>0.3333333</penalty>
    <hidden>0</hidden>
    <idnumber></idnumber>
    <shuffleanswers>true</shuffleanswers>
    <correctfeedback format="html">
      <text>Vaše odpověď je správná.</text>
    </correctfeedback>
    <partiallycorrectfeedback format="html">
      <text>Vaše odpověď je částečně správná.</text>
    </partiallycorrectfeedback>
    <incorrectfeedback format="html">
      <text>Vaše odpověď je chybná.</text>
    </incorrectfeedback>
    <shownumcorrect/>
    <subquestion format="html">
      <text><![CDATA[<p dir="ltr" style="text-align: left;">AND<br></p>]]></text>
      <answer>
        <text>Výsledek je True, jen pokud jsou všechny vstupy True</text>
      </answer>
    </subquestion>
    <subquestion format="html">
      <text><![CDATA[<p dir="ltr" style="text-align: left;">OR<br></p>]]></text>
      <answer>
        <text>Výsledek je True, jen pokud je alespoň jeden vstup True</text>
      </answer>
    </subquestion>
    <subquestion format="html">
      <text><![CDATA[<p dir="ltr" style="text-align: left;">NOT<br></p>]]></text>
      <answer>
        <text>Převrací hodnotu</text>
      </answer>
    </subquestion>
    <subquestion format="html">
      <text></text>
      <answer>
        <text>Výsledek je False, jen pokud jsou všechny vstupy True</text>
      </answer>
    </subquestion>
    <subquestion format="html">
      <text></text>
      <answer>
        <text>Výsledek je False, jen pokud je alespoň jeden vstup True</text>
      </answer>
    </subquestion>
    <subquestion format="html">
      <text></text>
      <answer>
        <text>Zneplatní celý program</text>
      </answer>
    </subquestion>
    <tags>
      <tag><text>databáze</text>
</tag>
      <tag><text>funkce</text>
</tag>
      <tag><text>sql</text>
</tag>
      <tag><text>logická</text>
</tag>
    </tags>
  </question>

<!-- question: 8057  -->
  <question type="matching">
    <name>
      <text>Význam logických funkcí</text>
    </name>
    <questiontext format="html">
      <text><![CDATA[<p dir="ltr" style="text-align: left;">Přiřaďte k logickým funkcím odpovídající popis.<br></p>]]></text>
    </questiontext>
    <generalfeedback format="html">
      <text></text>
    </generalfeedback>
    <defaultgrade>3.0000000</defaultgrade>
    <penalty>0.3333333</penalty>
    <hidden>0</hidden>
    <idnumber></idnumber>
    <shuffleanswers>true</shuffleanswers>
    <correctfeedback format="html">
      <text>Vaše odpověď je správná.</text>
    </correctfeedback>
    <partiallycorrectfeedback format="html">
      <text>Vaše odpověď je částečně správná.</text>
    </partiallycorrectfeedback>
    <incorrectfeedback format="html">
      <text>Vaše odpověď je chybná.</text>
    </incorrectfeedback>
    <shownumcorrect/>
    <subquestion format="html">
      <text><![CDATA[<p dir="ltr" style="text-align: left;">AND<br></p>]]></text>
      <answer>
        <text>Logický součin</text>
      </answer>
    </subquestion>
    <subquestion format="html">
      <text><![CDATA[<p dir="ltr" style="text-align: left;">OR<br></p>]]></text>
      <answer>
        <text>Logický součet</text>
      </answer>
    </subquestion>
    <subquestion format="html">
      <text><![CDATA[<p dir="ltr" style="text-align: left;">NOT<br></p>]]></text>
      <answer>
        <text>Logická inverze</text>
      </answer>
    </subquestion>
    <subquestion format="html">
      <text></text>
      <answer>
        <text>Logický posun</text>
      </answer>
    </subquestion>
    <subquestion format="html">
      <text></text>
      <answer>
        <text>Logický podíl</text>
      </answer>
    </subquestion>
    <subquestion format="html">
      <text></text>
      <answer>
        <text>Nelogická odpověď</text>
      </answer>
    </subquestion>
    <tags>
      <tag><text>databáze</text>
</tag>
      <tag><text>sql</text>
</tag>
      <tag><text>funkce</text>
</tag>
      <tag><text>logická</text>
</tag>
    </tags>
  </question>

<!-- question: 7711  -->
  <question type="matching">
    <name>
      <text>Zkratky agregačních funkcí</text>
    </name>
    <questiontext format="html">
      <text><![CDATA[<p>Ke každé "matematické" funkci přiřaďte její zápis při dotazu v (My)SQL.<br></p>]]></text>
    </questiontext>
    <generalfeedback format="html">
      <text></text>
    </generalfeedback>
    <defaultgrade>4.0000000</defaultgrade>
    <penalty>0.2500000</penalty>
    <hidden>0</hidden>
    <idnumber></idnumber>
    <shuffleanswers>true</shuffleanswers>
    <correctfeedback format="html">
      <text>Vaše odpověď je správná.</text>
    </correctfeedback>
    <partiallycorrectfeedback format="html">
      <text>Vaše odpověď je částečně správná.</text>
    </partiallycorrectfeedback>
    <incorrectfeedback format="html">
      <text>Vaše odpověď je chybná.</text>
    </incorrectfeedback>
    <shownumcorrect/>
    <subquestion format="html">
      <text><![CDATA[<p>Maximum<br></p>]]></text>
      <answer>
        <text>MAX()</text>
      </answer>
    </subquestion>
    <subquestion format="html">
      <text><![CDATA[<p>Minimum<br></p>]]></text>
      <answer>
        <text>MIN()</text>
      </answer>
    </subquestion>
    <subquestion format="html">
      <text><![CDATA[<p>Aritmetický průměr<br></p>]]></text>
      <answer>
        <text>AVG()</text>
      </answer>
    </subquestion>
    <subquestion format="html">
      <text><![CDATA[<p>Součet<br></p>]]></text>
      <answer>
        <text>SUM()</text>
      </answer>
    </subquestion>
    <subquestion format="html">
      <text></text>
      <answer>
        <text>MAXIMUM()</text>
      </answer>
    </subquestion>
    <subquestion format="html">
      <text></text>
      <answer>
        <text>MINIMUM()</text>
      </answer>
    </subquestion>
    <subquestion format="html">
      <text></text>
      <answer>
        <text>BIG()</text>
      </answer>
    </subquestion>
    <subquestion format="html">
      <text></text>
      <answer>
        <text>LOW()</text>
      </answer>
    </subquestion>
    <subquestion format="html">
      <text></text>
      <answer>
        <text>DIAMETER()</text>
      </answer>
    </subquestion>
    <subquestion format="html">
      <text></text>
      <answer>
        <text>PLUS()</text>
      </answer>
    </subquestion>
    <subquestion format="html">
      <text></text>
      <answer>
        <text>ADD()</text>
      </answer>
    </subquestion>
    <subquestion format="html">
      <text></text>
      <answer>
        <text>ARIT()</text>
      </answer>
    </subquestion>
    <tags>
      <tag><text>sql</text>
</tag>
      <tag><text>základní funkce</text>
</tag>
    </tags>
  </question>

<!-- question: 8052  -->
  <question type="multichoice">
    <name>
      <text>Co omezuje where</text>
    </name>
    <questiontext format="html">
      <text><![CDATA[<p dir="ltr" style="text-align: left;">Pomocí klíčového slova WHERE omezujeme (můžeme omezit) ve výsledku:<br></p>]]></text>
    </questiontext>
    <generalfeedback format="html">
      <text></text>
    </generalfeedback>
    <defaultgrade>2.0000000</defaultgrade>
    <penalty>0.5000000</penalty>
    <hidden>0</hidden>
    <idnumber></idnumber>
    <single>true</single>
    <shuffleanswers>true</shuffleanswers>
    <answernumbering>abc</answernumbering>
    <showstandardinstruction>0</showstandardinstruction>
    <correctfeedback format="html">
      <text>Vaše odpověď je správná.</text>
    </correctfeedback>
    <partiallycorrectfeedback format="html">
      <text>Vaše odpověď je částečně správná.</text>
    </partiallycorrectfeedback>
    <incorrectfeedback format="html">
      <text>Vaše odpověď je chybná.</text>
    </incorrectfeedback>
    <shownumcorrect/>
    <answer fraction="100" format="html">
      <text><![CDATA[<p dir="ltr" style="text-align: left;">Počet řádků<br></p>]]></text>
      <feedback format="html">
        <text></text>
      </feedback>
    </answer>
    <answer fraction="0" format="html">
      <text><![CDATA[<p dir="ltr" style="text-align: left;">Počet sloupců<br></p>]]></text>
      <feedback format="html">
        <text></text>
      </feedback>
    </answer>
    <answer fraction="0" format="html">
      <text><![CDATA[<p dir="ltr" style="text-align: left;">Počet jednotlivých buněk (nezávisle na sloupcích a řádcích)<br></p>]]></text>
      <feedback format="html">
        <text></text>
      </feedback>
    </answer>
    <tags>
      <tag><text>databáze</text>
</tag>
      <tag><text>sql</text>
</tag>
      <tag><text>where</text>
</tag>
    </tags>
  </question>

<!-- question: 8053  -->
  <question type="multichoice">
    <name>
      <text>Co řadí order by</text>
    </name>
    <questiontext format="html">
      <text><![CDATA[<p dir="ltr" style="text-align: left;">Jak řadíme výsledek pomocí klíčového slova ORDER BY<br></p>]]></text>
    </questiontext>
    <generalfeedback format="html">
      <text></text>
    </generalfeedback>
    <defaultgrade>2.0000000</defaultgrade>
    <penalty>0.5000000</penalty>
    <hidden>0</hidden>
    <idnumber></idnumber>
    <single>true</single>
    <shuffleanswers>true</shuffleanswers>
    <answernumbering>abc</answernumbering>
    <showstandardinstruction>0</showstandardinstruction>
    <correctfeedback format="html">
      <text>Vaše odpověď je správná.</text>
    </correctfeedback>
    <partiallycorrectfeedback format="html">
      <text>Vaše odpověď je částečně správná.</text>
    </partiallycorrectfeedback>
    <incorrectfeedback format="html">
      <text>Vaše odpověď je chybná.</text>
    </incorrectfeedback>
    <shownumcorrect/>
    <answer fraction="100" format="html">
      <text><![CDATA[<p dir="ltr" style="text-align: left;">Zadáme sloupec, podle kterého (hodnot v něm) jsou seřazeny řádky.<br></p>]]></text>
      <feedback format="html">
        <text></text>
      </feedback>
    </answer>
    <answer fraction="0" format="html">
      <text><![CDATA[<p dir="ltr" style="text-align: left;">Řadí řádky podle ID<br></p>]]></text>
      <feedback format="html">
        <text></text>
      </feedback>
    </answer>
    <answer fraction="0" format="html">
      <text><![CDATA[<p dir="ltr" style="text-align: left;">Řadí sloupce podle abecedy<br></p>]]></text>
      <feedback format="html">
        <text></text>
      </feedback>
    </answer>
    <answer fraction="0" format="html">
      <text><![CDATA[<p dir="ltr" style="text-align: left;">Zadáme řádek, podle kterého (hodnot v něm) jsou seřazeny sloupce.<br></p>]]></text>
      <feedback format="html">
        <text></text>
      </feedback>
    </answer>
    <tags>
      <tag><text>databáze</text>
</tag>
      <tag><text>sql</text>
</tag>
      <tag><text>order by</text>
</tag>
    </tags>
  </question>

<!-- question: 8060  -->
  <question type="multichoice">
    <name>
      <text>Výsledek dotazu I</text>
    </name>
    <questiontext format="html">
      <text><![CDATA[<p dir="ltr" style="text-align: left;">Výsledkem dotazu (zaškrtněte všechny správné odpovědi) bude:</p><p dir="ltr" style="text-align: left;">SELECT * FROM Auta WHERE rok_vyroby &gt;= 2000;<br></p>]]></text>
    </questiontext>
    <generalfeedback format="html">
      <text></text>
    </generalfeedback>
    <defaultgrade>2.0000000</defaultgrade>
    <penalty>0.3333333</penalty>
    <hidden>0</hidden>
    <idnumber></idnumber>
    <single>false</single>
    <shuffleanswers>true</shuffleanswers>
    <answernumbering>abc</answernumbering>
    <showstandardinstruction>0</showstandardinstruction>
    <correctfeedback format="html">
      <text>Vaše odpověď je správná.</text>
    </correctfeedback>
    <partiallycorrectfeedback format="html">
      <text>Vaše odpověď je částečně správná.</text>
    </partiallycorrectfeedback>
    <incorrectfeedback format="html">
      <text>Vaše odpověď je chybná.</text>
    </incorrectfeedback>
    <shownumcorrect/>
    <answer fraction="33.33333" format="html">
      <text><![CDATA[<p dir="ltr" style="text-align: left;">Všechny sloupečky tabulky Auta<br></p>]]></text>
      <feedback format="html">
        <text></text>
      </feedback>
    </answer>
    <answer fraction="33.33333" format="html">
      <text><![CDATA[<p dir="ltr" style="text-align: left;">Řádky, ve kterých jsou auta z roku výroby 2000 a mladší<br></p>]]></text>
      <feedback format="html">
        <text></text>
      </feedback>
    </answer>
    <answer fraction="33.33333" format="html">
      <text><![CDATA[<p dir="ltr" style="text-align: left;">Řádky seřazeny tak, jak jsou záznamy uloženy v tabulce<br></p>]]></text>
      <feedback format="html">
        <text></text>
      </feedback>
    </answer>
    <answer fraction="-33.33333" format="html">
      <text><![CDATA[<p dir="ltr" style="text-align: left;">Všechny řádky z tabulky Auta<br></p>]]></text>
      <feedback format="html">
        <text></text>
      </feedback>
    </answer>
    <answer fraction="-33.33333" format="html">
      <text><![CDATA[<p dir="ltr" style="text-align: left;">Řádky, ve kterých jsou auta z roku výroby 2000 a starší<br></p>]]></text>
      <feedback format="html">
        <text></text>
      </feedback>
    </answer>
    <answer fraction="-33.33333" format="html">
      <text><![CDATA[<p dir="ltr" style="text-align: left;">Řádky seřazeny dle roku výroby aut vzestupně.<br></p>]]></text>
      <feedback format="html">
        <text></text>
      </feedback>
    </answer>
    <tags>
      <tag><text>databáze</text>
</tag>
      <tag><text>sql</text>
</tag>
      <tag><text>where</text>
</tag>
    </tags>
  </question>

<!-- question: 8061  -->
  <question type="multichoice">
    <name>
      <text>Výsledek dotazu II</text>
    </name>
    <questiontext format="html">
      <text><![CDATA[<p dir="ltr" style="text-align: left;">Výsledkem dotazu (zaškrtněte všechny správné odpovědi) bude:</p><p dir="ltr" style="text-align: left;">SELECT * FROM Auta WHERE rok_vyroby &gt;= 2000 ORDER BY rok_vyroby;<br></p>]]></text>
    </questiontext>
    <generalfeedback format="html">
      <text></text>
    </generalfeedback>
    <defaultgrade>2.0000000</defaultgrade>
    <penalty>0.3333333</penalty>
    <hidden>0</hidden>
    <idnumber></idnumber>
    <single>false</single>
    <shuffleanswers>true</shuffleanswers>
    <answernumbering>abc</answernumbering>
    <showstandardinstruction>0</showstandardinstruction>
    <correctfeedback format="html">
      <text>Vaše odpověď je správná.</text>
    </correctfeedback>
    <partiallycorrectfeedback format="html">
      <text>Vaše odpověď je částečně správná.</text>
    </partiallycorrectfeedback>
    <incorrectfeedback format="html">
      <text>Vaše odpověď je chybná.</text>
    </incorrectfeedback>
    <shownumcorrect/>
    <answer fraction="33.33333" format="html">
      <text><![CDATA[<p dir="ltr" style="text-align: left;">Všechny sloupečky tabulky Auta<br></p>]]></text>
      <feedback format="html">
        <text></text>
      </feedback>
    </answer>
    <answer fraction="33.33333" format="html">
      <text><![CDATA[<p dir="ltr" style="text-align: left;">Řádky, ve kterých jsou auta z roku výroby 2000 a mladší<br></p>]]></text>
      <feedback format="html">
        <text></text>
      </feedback>
    </answer>
    <answer fraction="33.33333" format="html">
      <text><![CDATA[<p dir="ltr" style="text-align: left;">Řádky seřazeny dle roku výroby aut vzestupně.<br></p>]]></text>
      <feedback format="html">
        <text></text>
      </feedback>
    </answer>
    <answer fraction="-33.33333" format="html">
      <text><![CDATA[<p dir="ltr" style="text-align: left;">Všechny řádky z tabulky Auta<br></p>]]></text>
      <feedback format="html">
        <text></text>
      </feedback>
    </answer>
    <answer fraction="-33.33333" format="html">
      <text><![CDATA[<p dir="ltr" style="text-align: left;">Řádky, ve kterých jsou auta z roku výroby 2000 a starší<br></p>]]></text>
      <feedback format="html">
        <text></text>
      </feedback>
    </answer>
    <answer fraction="-33.33333" format="html">
      <text><![CDATA[<p dir="ltr" style="text-align: left;">Řádky seřazeny tak, jak jsou záznamy uloženy v tabulce<br></p>]]></text>
      <feedback format="html">
        <text></text>
      </feedback>
    </answer>
    <tags>
      <tag><text>databáze</text>
</tag>
      <tag><text>sql</text>
</tag>
      <tag><text>where</text>
</tag>
    </tags>
  </question>

<!-- question: 8062  -->
  <question type="multichoice">
    <name>
      <text>Výsledek dotazu III</text>
    </name>
    <questiontext format="html">
      <text><![CDATA[<p dir="ltr" style="text-align: left;">Výsledkem dotazu (zaškrtněte všechny správné odpovědi) bude:</p><p dir="ltr" style="text-align: left;">SELECT * FROM Auta WHERE rok_vyroby &gt;= 2000 ORDER BY rok_vyroby DESC;<br></p>]]></text>
    </questiontext>
    <generalfeedback format="html">
      <text></text>
    </generalfeedback>
    <defaultgrade>2.0000000</defaultgrade>
    <penalty>0.3333333</penalty>
    <hidden>0</hidden>
    <idnumber></idnumber>
    <single>false</single>
    <shuffleanswers>true</shuffleanswers>
    <answernumbering>abc</answernumbering>
    <showstandardinstruction>0</showstandardinstruction>
    <correctfeedback format="html">
      <text>Vaše odpověď je správná.</text>
    </correctfeedback>
    <partiallycorrectfeedback format="html">
      <text>Vaše odpověď je částečně správná.</text>
    </partiallycorrectfeedback>
    <incorrectfeedback format="html">
      <text>Vaše odpověď je chybná.</text>
    </incorrectfeedback>
    <shownumcorrect/>
    <answer fraction="33.33333" format="html">
      <text><![CDATA[<p dir="ltr" style="text-align: left;">Všechny sloupečky tabulky Auta<br></p>]]></text>
      <feedback format="html">
        <text></text>
      </feedback>
    </answer>
    <answer fraction="33.33333" format="html">
      <text><![CDATA[<p dir="ltr" style="text-align: left;">Řádky, ve kterých jsou auta z roku výroby 2000 a mladší<br></p>]]></text>
      <feedback format="html">
        <text></text>
      </feedback>
    </answer>
    <answer fraction="33.33333" format="html">
      <text><![CDATA[<p dir="ltr" style="text-align: left;">Řádky seřazeny dle roku výroby aut sestupně.<br></p>]]></text>
      <feedback format="html">
        <text></text>
      </feedback>
    </answer>
    <answer fraction="-33.33333" format="html">
      <text><![CDATA[<p dir="ltr" style="text-align: left;">Všechny řádky z tabulky Auta<br></p>]]></text>
      <feedback format="html">
        <text></text>
      </feedback>
    </answer>
    <answer fraction="-33.33333" format="html">
      <text><![CDATA[<p dir="ltr" style="text-align: left;">Řádky, ve kterých jsou auta z roku výroby 2000 a starší<br></p>]]></text>
      <feedback format="html">
        <text></text>
      </feedback>
    </answer>
    <answer fraction="-33.33333" format="html">
      <text><![CDATA[<p dir="ltr" style="text-align: left;">Řádky seřazeny tak, jak jsou záznamy uloženy v tabulce, sestupně<br></p>]]></text>
      <feedback format="html">
        <text></text>
      </feedback>
    </answer>
    <tags>
      <tag><text>databáze</text>
</tag>
      <tag><text>sql</text>
</tag>
      <tag><text>where</text>
</tag>
    </tags>
  </question>

<!-- question: 8063  -->
  <question type="multichoice">
    <name>
      <text>Výsledek dotazu IV</text>
    </name>
    <questiontext format="html">
      <text><![CDATA[<p dir="ltr" style="text-align: left;">Výsledkem dotazu (zaškrtněte všechny správné odpovědi) bude:</p><p dir="ltr" style="text-align: left;">SELECT znacka, rok_vyroby, spz FROM Auta WHERE rok_vyroby &gt;= 2000 ORDER BY rok_vyroby;<br></p>]]></text>
    </questiontext>
    <generalfeedback format="html">
      <text></text>
    </generalfeedback>
    <defaultgrade>2.0000000</defaultgrade>
    <penalty>0.3333333</penalty>
    <hidden>0</hidden>
    <idnumber></idnumber>
    <single>false</single>
    <shuffleanswers>true</shuffleanswers>
    <answernumbering>abc</answernumbering>
    <showstandardinstruction>0</showstandardinstruction>
    <correctfeedback format="html">
      <text>Vaše odpověď je správná.</text>
    </correctfeedback>
    <partiallycorrectfeedback format="html">
      <text>Vaše odpověď je částečně správná.</text>
    </partiallycorrectfeedback>
    <incorrectfeedback format="html">
      <text>Vaše odpověď je chybná.</text>
    </incorrectfeedback>
    <shownumcorrect/>
    <answer fraction="33.33333" format="html">
      <text><![CDATA[<p dir="ltr" style="text-align: left;">Tři sloupečky tabulky Auta<br></p>]]></text>
      <feedback format="html">
        <text></text>
      </feedback>
    </answer>
    <answer fraction="33.33333" format="html">
      <text><![CDATA[<p dir="ltr" style="text-align: left;">Řádky, ve kterých jsou auta z roku výroby 2000 a mladší<br></p>]]></text>
      <feedback format="html">
        <text></text>
      </feedback>
    </answer>
    <answer fraction="33.33333" format="html">
      <text><![CDATA[<p dir="ltr" style="text-align: left;">Řádky seřazeny dle roku výroby aut vzestupně.<br></p>]]></text>
      <feedback format="html">
        <text></text>
      </feedback>
    </answer>
    <answer fraction="-33.33333" format="html">
      <text><![CDATA[<p dir="ltr" style="text-align: left;">Tři řádky z tabulky Auta<br></p>]]></text>
      <feedback format="html">
        <text></text>
      </feedback>
    </answer>
    <answer fraction="-33.33333" format="html">
      <text><![CDATA[<p dir="ltr" style="text-align: left;">Řádky, ve kterých jsou auta z roku výroby 2000 a starší<br></p>]]></text>
      <feedback format="html">
        <text></text>
      </feedback>
    </answer>
    <answer fraction="-33.33333" format="html">
      <text><![CDATA[<p dir="ltr" style="text-align: left;">Řádky seřazeny tak, jak jsou záznamy uloženy v tabulce.<br></p>]]></text>
      <feedback format="html">
        <text></text>
      </feedback>
    </answer>
    <tags>
      <tag><text>databáze</text>
</tag>
      <tag><text>sql</text>
</tag>
      <tag><text>where</text>
</tag>
    </tags>
  </question>

<!-- question: 8064  -->
  <question type="multichoice">
    <name>
      <text>Výsledek dotazu V</text>
    </name>
    <questiontext format="html">
      <text><![CDATA[<p dir="ltr" style="text-align: left;">Výsledkem dotazu (zaškrtněte všechny správné odpovědi) bude:</p><p dir="ltr" style="text-align: left;">SELECT znacka, rok_vyroby, spz FROM Auta WHERE (rok_vyroby &gt;= 2000&nbsp; OR znacka == "Škoda");<br></p>]]></text>
    </questiontext>
    <generalfeedback format="html">
      <text></text>
    </generalfeedback>
    <defaultgrade>2.0000000</defaultgrade>
    <penalty>0.3333333</penalty>
    <hidden>0</hidden>
    <idnumber></idnumber>
    <single>false</single>
    <shuffleanswers>true</shuffleanswers>
    <answernumbering>abc</answernumbering>
    <showstandardinstruction>0</showstandardinstruction>
    <correctfeedback format="html">
      <text>Vaše odpověď je správná.</text>
    </correctfeedback>
    <partiallycorrectfeedback format="html">
      <text>Vaše odpověď je částečně správná.</text>
    </partiallycorrectfeedback>
    <incorrectfeedback format="html">
      <text>Vaše odpověď je chybná.</text>
    </incorrectfeedback>
    <shownumcorrect/>
    <answer fraction="33.33333" format="html">
      <text><![CDATA[<p dir="ltr" style="text-align: left;">Tři sloupečky tabulky Auta<br></p>]]></text>
      <feedback format="html">
        <text></text>
      </feedback>
    </answer>
    <answer fraction="33.33333" format="html">
      <text><![CDATA[<p dir="ltr" style="text-align: left;">Řádky, ve kterých jsou auta z roku výroby 2000 a mladší, Škodovky všechny, bez ohledu na stáří<br></p>]]></text>
      <feedback format="html">
        <text></text>
      </feedback>
    </answer>
    <answer fraction="33.33333" format="html">
      <text><![CDATA[<p dir="ltr" style="text-align: left;">Řádky seřazeny tak, jak jsou záznamy uloženy v tabulce.<br></p>]]></text>
      <feedback format="html">
        <text></text>
      </feedback>
    </answer>
    <answer fraction="-33.33333" format="html">
      <text><![CDATA[<p dir="ltr" style="text-align: left;">Tři řádky z tabulky Auta (pouze Škodovky)<br></p>]]></text>
      <feedback format="html">
        <text></text>
      </feedback>
    </answer>
    <answer fraction="-33.33333" format="html">
      <text><![CDATA[<p dir="ltr" style="text-align: left;">Řádky, ve kterých jsou Škodovky z roku výroby 2000 a mladší<br></p>]]></text>
      <feedback format="html">
        <text></text>
      </feedback>
    </answer>
    <answer fraction="-33.33333" format="html">
      <text><![CDATA[<p dir="ltr" style="text-align: left;">Řádky seřazeny dle značky aut vzestupně.<br></p>]]></text>
      <feedback format="html">
        <text></text>
      </feedback>
    </answer>
    <tags>
      <tag><text>databáze</text>
</tag>
      <tag><text>sql</text>
</tag>
      <tag><text>where</text>
</tag>
    </tags>
  </question>

<!-- question: 8059  -->
  <question type="truefalse">
    <name>
      <text>Co může být v podmínce WHERE</text>
    </name>
    <questiontext format="html">
      <text><![CDATA[<p dir="ltr" style="text-align: left;">V podmínce WHERE může být jakýkoliv zápis, který vrací pro každý řádek výsledku (pokud by byl dotaz bez WHERE) hodnotu True, nebo False<br></p>]]></text>
    </questiontext>
    <generalfeedback format="html">
      <text></text>
    </generalfeedback>
    <defaultgrade>2.0000000</defaultgrade>
    <penalty>1.0000000</penalty>
    <hidden>0</hidden>
    <idnumber></idnumber>
    <answer fraction="100" format="moodle_auto_format">
      <text>true</text>
      <feedback format="html">
        <text></text>
      </feedback>
    </answer>
    <answer fraction="0" format="moodle_auto_format">
      <text>false</text>
      <feedback format="html">
        <text></text>
      </feedback>
    </answer>
    <tags>
      <tag><text>databáze</text>
</tag>
      <tag><text>sql</text>
</tag>
      <tag><text>where</text>
</tag>
    </tags>
  </question>

<!-- question: 8055  -->
  <question type="truefalse">
    <name>
      <text>Význam group by</text>
    </name>
    <questiontext format="html">
      <text><![CDATA[<p dir="ltr" style="text-align: left;">Pomocí GROUP BY můžeme vytvořit z libovolných řádků jednotlivé skupiny.<br></p>]]></text>
    </questiontext>
    <generalfeedback format="html">
      <text></text>
    </generalfeedback>
    <defaultgrade>2.0000000</defaultgrade>
    <penalty>1.0000000</penalty>
    <hidden>0</hidden>
    <idnumber></idnumber>
    <answer fraction="0" format="moodle_auto_format">
      <text>true</text>
      <feedback format="html">
        <text></text>
      </feedback>
    </answer>
    <answer fraction="100" format="moodle_auto_format">
      <text>false</text>
      <feedback format="html">
        <text></text>
      </feedback>
    </answer>
    <tags>
      <tag><text>databáze</text>
</tag>
      <tag><text>sql</text>
</tag>
      <tag><text>group by</text>
</tag>
    </tags>
  </question>

<!-- question: 8056  -->
  <question type="truefalse">
    <name>
      <text>Význam group by - stejná hodnota ve sloupci</text>
    </name>
    <questiontext format="html">
      <text><![CDATA[<p dir="ltr" style="text-align: left;">Pomocí GROUP BY můžeme vytvořit skupiny z řádků které mají ve sloupci/ích stejné hodnoty.<br></p>]]></text>
    </questiontext>
    <generalfeedback format="html">
      <text></text>
    </generalfeedback>
    <defaultgrade>2.0000000</defaultgrade>
    <penalty>1.0000000</penalty>
    <hidden>0</hidden>
    <idnumber></idnumber>
    <answer fraction="100" format="moodle_auto_format">
      <text>true</text>
      <feedback format="html">
        <text></text>
      </feedback>
    </answer>
    <answer fraction="0" format="moodle_auto_format">
      <text>false</text>
      <feedback format="html">
        <text></text>
      </feedback>
    </answer>
    <tags>
      <tag><text>databáze</text>
</tag>
      <tag><text>sql</text>
</tag>
      <tag><text>group by</text>
</tag>
    </tags>
  </question>

<!-- question: 0  -->
  <question type="category">
    <category>
      <text>$course$/top/JaroslavHoleček/Databáze/SQL/PK, FK, Delete, Vnořování</text>
    </category>
    <info format="html">
      <text></text>
    </info>
    <idnumber></idnumber>
  </question>

<!-- question: 7720  -->
  <question type="matching">
    <name>
      <text>Názvy klíčů - pk, fk</text>
    </name>
    <questiontext format="html">
      <text><![CDATA[<p>Přiřaďte k sobě odpovídající názvy.<br></p>]]></text>
    </questiontext>
    <generalfeedback format="html">
      <text></text>
    </generalfeedback>
    <defaultgrade>2.0000000</defaultgrade>
    <penalty>0.3333333</penalty>
    <hidden>0</hidden>
    <idnumber></idnumber>
    <shuffleanswers>true</shuffleanswers>
    <correctfeedback format="html">
      <text>Vaše odpověď je správná.</text>
    </correctfeedback>
    <partiallycorrectfeedback format="html">
      <text>Vaše odpověď je částečně správná.</text>
    </partiallycorrectfeedback>
    <incorrectfeedback format="html">
      <text>Vaše odpověď je chybná.</text>
    </incorrectfeedback>
    <shownumcorrect/>
    <subquestion format="html">
      <text><![CDATA[<p>PRIMARY KEY<br></p>]]></text>
      <answer>
        <text>Vlastní klíč</text>
      </answer>
    </subquestion>
    <subquestion format="html">
      <text><![CDATA[<p>FOREIGN KEY<br></p>]]></text>
      <answer>
        <text>Cizí klíč</text>
      </answer>
    </subquestion>
    <subquestion format="html">
      <text></text>
      <answer>
        <text>První klíč</text>
      </answer>
    </subquestion>
    <subquestion format="html">
      <text></text>
      <answer>
        <text>Zahraniční klíč</text>
      </answer>
    </subquestion>
    <subquestion format="html">
      <text></text>
      <answer>
        <text>Základní klíč</text>
      </answer>
    </subquestion>
    <tags>
      <tag><text>databáze</text>
</tag>
      <tag><text>sql</text>
</tag>
      <tag><text>vlastní klíč</text>
</tag>
      <tag><text>pk</text>
</tag>
      <tag><text>fk</text>
</tag>
      <tag><text>cizí klíč</text>
</tag>
    </tags>
  </question>

<!-- question: 7721  -->
  <question type="multichoice">
    <name>
      <text>Co je Vlastní klíč</text>
    </name>
    <questiontext format="html">
      <text><![CDATA[<p>Co to je / K čemu slouží : Vlastní klíč v databázi.<br></p>]]></text>
    </questiontext>
    <generalfeedback format="html">
      <text></text>
    </generalfeedback>
    <defaultgrade>2.0000000</defaultgrade>
    <penalty>0.5000000</penalty>
    <hidden>0</hidden>
    <idnumber></idnumber>
    <single>true</single>
    <shuffleanswers>true</shuffleanswers>
    <answernumbering>abc</answernumbering>
    <showstandardinstruction>1</showstandardinstruction>
    <correctfeedback format="html">
      <text>Vaše odpověď je správná.</text>
    </correctfeedback>
    <partiallycorrectfeedback format="html">
      <text>Vaše odpověď je částečně správná.</text>
    </partiallycorrectfeedback>
    <incorrectfeedback format="html">
      <text>Vaše odpověď je chybná.</text>
    </incorrectfeedback>
    <shownumcorrect/>
    <answer fraction="100" format="html">
      <text><![CDATA[<p>Jednoznačně identifikuje řádek v tabulce.<br></p>]]></text>
      <feedback format="html">
        <text></text>
      </feedback>
    </answer>
    <answer fraction="0" format="html">
      <text><![CDATA[<p>Po jeho zadání se uvolní tabulka - lze do ní zapisovat.<br></p>]]></text>
      <feedback format="html">
        <text></text>
      </feedback>
    </answer>
    <answer fraction="0" format="html">
      <text><![CDATA[<p>Po jeho zadání se uvolní tabulka - lze z ní číst.<br></p>]]></text>
      <feedback format="html">
        <text></text>
      </feedback>
    </answer>
    <answer fraction="0" format="html">
      <text><![CDATA[<p>Dostaneme se pomocí něj k serveru.<br></p>]]></text>
      <feedback format="html">
        <text></text>
      </feedback>
    </answer>
    <tags>
      <tag><text>sql</text>
</tag>
      <tag><text>databáze</text>
</tag>
      <tag><text>vlastní klíč</text>
</tag>
    </tags>
  </question>

<!-- question: 7709  -->
  <question type="multichoice">
    <name>
      <text>Co je vnoření dotazů</text>
    </name>
    <questiontext format="html">
      <text><![CDATA[<p>Vnořování je název pro:<br></p>]]></text>
    </questiontext>
    <generalfeedback format="html">
      <text></text>
    </generalfeedback>
    <defaultgrade>2.0000000</defaultgrade>
    <penalty>0.5000000</penalty>
    <hidden>0</hidden>
    <idnumber></idnumber>
    <single>true</single>
    <shuffleanswers>true</shuffleanswers>
    <answernumbering>abc</answernumbering>
    <showstandardinstruction>1</showstandardinstruction>
    <correctfeedback format="html">
      <text>Vaše odpověď je správná.</text>
    </correctfeedback>
    <partiallycorrectfeedback format="html">
      <text>Vaše odpověď je částečně správná.</text>
    </partiallycorrectfeedback>
    <incorrectfeedback format="html">
      <text>Vaše odpověď je chybná.</text>
    </incorrectfeedback>
    <shownumcorrect/>
    <answer fraction="100" format="html">
      <text><![CDATA[<p>Použití celého dotazu jako součást jiného dotazu.<br></p>]]></text>
      <feedback format="html">
        <text></text>
      </feedback>
    </answer>
    <answer fraction="0" format="html">
      <text><![CDATA[<p>Použití dvou dotazů velmi rychle za sebou.<br></p>]]></text>
      <feedback format="html">
        <text></text>
      </feedback>
    </answer>
    <answer fraction="0" format="html">
      <text><![CDATA[<p>Pokud je nějaký dotaz velmi složitý a musíme se hodně soustředit, abychom ho pochopili.<br></p>]]></text>
      <feedback format="html">
        <text></text>
      </feedback>
    </answer>
    <answer fraction="0" format="html">
      <text><![CDATA[<p>Pro práci hluboko v databázi.<br></p>]]></text>
      <feedback format="html">
        <text></text>
      </feedback>
    </answer>
    <tags>
      <tag><text>sql</text>
</tag>
      <tag><text>vnoření</text>
</tag>
    </tags>
  </question>

<!-- question: 7722  -->
  <question type="multichoice">
    <name>
      <text>K čemu je cizí klíč</text>
    </name>
    <questiontext format="html">
      <text><![CDATA[<p>K čemu je v databázi (resp. tabulce) dobrý Cizí klíč<br></p>]]></text>
    </questiontext>
    <generalfeedback format="html">
      <text></text>
    </generalfeedback>
    <defaultgrade>2.0000000</defaultgrade>
    <penalty>0.3333333</penalty>
    <hidden>0</hidden>
    <idnumber></idnumber>
    <single>false</single>
    <shuffleanswers>true</shuffleanswers>
    <answernumbering>abc</answernumbering>
    <showstandardinstruction>1</showstandardinstruction>
    <correctfeedback format="html">
      <text>Vaše odpověď je správná.</text>
    </correctfeedback>
    <partiallycorrectfeedback format="html">
      <text>Vaše odpověď je částečně správná.</text>
    </partiallycorrectfeedback>
    <incorrectfeedback format="html">
      <text>Vaše odpověď je chybná.</text>
    </incorrectfeedback>
    <shownumcorrect/>
    <answer fraction="50" format="html">
      <text><![CDATA[<p>Umožňuje realizovat vztah 1:N mezi tabulkami<br></p>]]></text>
      <feedback format="html">
        <text></text>
      </feedback>
    </answer>
    <answer fraction="50" format="html">
      <text><![CDATA[<p>Pro kontrolu hodnot - je možné zapsat jen hodnoty z jiné tabulky (sloupečku)<br></p>]]></text>
      <feedback format="html">
        <text></text>
      </feedback>
    </answer>
    <answer fraction="0" format="html">
      <text><![CDATA[<p>Pro určení cizího uživatele - a omezení jeho práv v databázi<br></p>]]></text>
      <feedback format="html">
        <text></text>
      </feedback>
    </answer>
    <answer fraction="0" format="html">
      <text><![CDATA[<p>Pro určení jazykové mutace databáze<br></p>]]></text>
      <feedback format="html">
        <text></text>
      </feedback>
    </answer>
    <tags>
      <tag><text>databáze</text>
</tag>
      <tag><text>sql</text>
</tag>
      <tag><text>cizí klíč</text>
</tag>
    </tags>
  </question>

<!-- question: 7723  -->
  <question type="multichoice">
    <name>
      <text>K čemu je vlastní klíč</text>
    </name>
    <questiontext format="html">
      <text><![CDATA[<p>K čemu je v databázi (resp. v tabulce) dobrý vlastní klíč.<br></p>]]></text>
    </questiontext>
    <generalfeedback format="html">
      <text></text>
    </generalfeedback>
    <defaultgrade>2.0000000</defaultgrade>
    <penalty>0.3333333</penalty>
    <hidden>0</hidden>
    <idnumber></idnumber>
    <single>false</single>
    <shuffleanswers>true</shuffleanswers>
    <answernumbering>abc</answernumbering>
    <showstandardinstruction>1</showstandardinstruction>
    <correctfeedback format="html">
      <text>Vaše odpověď je správná.</text>
    </correctfeedback>
    <partiallycorrectfeedback format="html">
      <text>Vaše odpověď je částečně správná.</text>
    </partiallycorrectfeedback>
    <incorrectfeedback format="html">
      <text>Vaše odpověď je chybná.</text>
    </incorrectfeedback>
    <shownumcorrect/>
    <answer fraction="100" format="html">
      <text><![CDATA[<p>Pomocí vlastního klíče je jednoznačně určen jeden řádek v tabulce (nebo žádný, pokud neexistuje)<br></p>]]></text>
      <feedback format="html">
        <text></text>
      </feedback>
    </answer>
    <answer fraction="0" format="html">
      <text><![CDATA[<p>Pomocí vlastního klíče můžeme přistupovat k tabulce - získat přístup.<br></p>]]></text>
      <feedback format="html">
        <text></text>
      </feedback>
    </answer>
    <answer fraction="0" format="html">
      <text><![CDATA[<p>Vlastní klíč musí mít každá tabulka<br></p>]]></text>
      <feedback format="html">
        <text></text>
      </feedback>
    </answer>
    <tags>
      <tag><text>databáze</text>
</tag>
      <tag><text>sql</text>
</tag>
      <tag><text>vlastní klíč</text>
</tag>
    </tags>
  </question>

<!-- question: 7724  -->
  <question type="multichoice">
    <name>
      <text>Který řádek je pk</text>
    </name>
    <questiontext format="html">
      <text><![CDATA[<p>Který řádek je v tabulce PRIMARY KEY?<br></p>]]></text>
    </questiontext>
    <generalfeedback format="html">
      <text></text>
    </generalfeedback>
    <defaultgrade>1.0000000</defaultgrade>
    <penalty>0.5000000</penalty>
    <hidden>0</hidden>
    <idnumber></idnumber>
    <single>true</single>
    <shuffleanswers>true</shuffleanswers>
    <answernumbering>abc</answernumbering>
    <showstandardinstruction>1</showstandardinstruction>
    <correctfeedback format="html">
      <text>Vaše odpověď je správná.</text>
    </correctfeedback>
    <partiallycorrectfeedback format="html">
      <text>Vaše odpověď je částečně správná.</text>
    </partiallycorrectfeedback>
    <incorrectfeedback format="html">
      <text>Vaše odpověď je chybná.</text>
    </incorrectfeedback>
    <shownumcorrect/>
    <answer fraction="100" format="html">
      <text><![CDATA[<p>Ten, který je tak označený.<br></p>]]></text>
      <feedback format="html">
        <text></text>
      </feedback>
    </answer>
    <answer fraction="0" format="html">
      <text><![CDATA[<p>První v pořadí při vytváření tabulky<br></p>]]></text>
      <feedback format="html">
        <text></text>
      </feedback>
    </answer>
    <answer fraction="0" format="html">
      <text><![CDATA[<p>Ten, ve kterém se neopakují hodnoty.<br></p>]]></text>
      <feedback format="html">
        <text></text>
      </feedback>
    </answer>
    <answer fraction="0" format="html">
      <text><![CDATA[<p>Žádný<br></p>]]></text>
      <feedback format="html">
        <text></text>
      </feedback>
    </answer>
    <tags>
      <tag><text>databáze</text>
</tag>
      <tag><text>sql</text>
</tag>
      <tag><text>vlastní klíč</text>
</tag>
      <tag><text>pk</text>
</tag>
    </tags>
  </question>

<!-- question: 8596  -->
  <question type="multichoice">
    <name>
      <text>Nutnost vlastního klíče</text>
    </name>
    <questiontext format="html">
      <text><![CDATA[<p dir="ltr" style="text-align: left;">Musí mít každá tabulka určený vlastní klíč?<br></p>]]></text>
    </questiontext>
    <generalfeedback format="html">
      <text></text>
    </generalfeedback>
    <defaultgrade>1.0000000</defaultgrade>
    <penalty>0.5000000</penalty>
    <hidden>0</hidden>
    <idnumber></idnumber>
    <single>true</single>
    <shuffleanswers>true</shuffleanswers>
    <answernumbering>abc</answernumbering>
    <showstandardinstruction>0</showstandardinstruction>
    <correctfeedback format="html">
      <text>Vaše odpověď je správná.</text>
    </correctfeedback>
    <partiallycorrectfeedback format="html">
      <text>Vaše odpověď je částečně správná.</text>
    </partiallycorrectfeedback>
    <incorrectfeedback format="html">
      <text>Vaše odpověď je chybná.</text>
    </incorrectfeedback>
    <shownumcorrect/>
    <answer fraction="100" format="html">
      <text><![CDATA[<p dir="ltr" style="text-align: left;">Nemusí - ale je vhodné ho u každé tabulky nastavit<br></p>]]></text>
      <feedback format="html">
        <text></text>
      </feedback>
    </answer>
    <answer fraction="0" format="html">
      <text><![CDATA[<p dir="ltr" style="text-align: left;">Nemusí - a u některých tabulek to ani není vhodné<br></p>]]></text>
      <feedback format="html">
        <text></text>
      </feedback>
    </answer>
    <answer fraction="0" format="html">
      <text><![CDATA[<p dir="ltr" style="text-align: left;">Musí<br></p>]]></text>
      <feedback format="html">
        <text></text>
      </feedback>
    </answer>
    <tags>
      <tag><text>databáze</text>
</tag>
      <tag><text>sql</text>
</tag>
      <tag><text>vlastní klíč</text>
</tag>
      <tag><text>pk</text>
</tag>
    </tags>
  </question>

<!-- question: 8595  -->
  <question type="multichoice">
    <name>
      <text>Výsledek dotazu - vnořování</text>
    </name>
    <questiontext format="html">
      <text><![CDATA[<p dir="ltr" style="text-align: left;">Lze výsledek jakéhokoliv dotazu použít k vnořování dotazů?</p><p dir="ltr" style="text-align: left;">Pozn.: Nebereme v potaz, že takový dotaz může být chybný - např. se budeme ptát na sloupeček tabulky, který v ní neexistuje - jde o teoretickou možnost, pokud dotaz napíšeme dobře<br></p>]]></text>
    </questiontext>
    <generalfeedback format="html">
      <text></text>
    </generalfeedback>
    <defaultgrade>1.0000000</defaultgrade>
    <penalty>0.5000000</penalty>
    <hidden>0</hidden>
    <idnumber></idnumber>
    <single>true</single>
    <shuffleanswers>true</shuffleanswers>
    <answernumbering>abc</answernumbering>
    <showstandardinstruction>0</showstandardinstruction>
    <correctfeedback format="html">
      <text>Vaše odpověď je správná.</text>
    </correctfeedback>
    <partiallycorrectfeedback format="html">
      <text>Vaše odpověď je částečně správná.</text>
    </partiallycorrectfeedback>
    <incorrectfeedback format="html">
      <text>Vaše odpověď je chybná.</text>
    </incorrectfeedback>
    <shownumcorrect/>
    <answer fraction="100" format="html">
      <text><![CDATA[<p dir="ltr" style="text-align: left;">Ano - každý výsledek dotazu je tabulka - a tedy s ním další dotaz umí pracovat vždy<br></p>]]></text>
      <feedback format="html">
        <text></text>
      </feedback>
    </answer>
    <answer fraction="0" format="html">
      <text><![CDATA[<p dir="ltr" style="text-align: left;">Ne - výsledky některých dotazů jsou pouze číselné hodnoty - a tak je nelze použít dále<br></p>]]></text>
      <feedback format="html">
        <text></text>
      </feedback>
    </answer>
    <tags>
      <tag><text>databáze</text>
</tag>
      <tag><text>sql</text>
</tag>
      <tag><text>vnoření</text>
</tag>
    </tags>
  </question>

<!-- question: 8591  -->
  <question type="truefalse">
    <name>
      <text>Autoinkrement PK</text>
    </name>
    <questiontext format="html">
      <text><![CDATA[<p dir="ltr" style="text-align: left;">Sloupec s PRIMARY KEY musí být zároveň AUTO_INCREMENT <br></p>]]></text>
    </questiontext>
    <generalfeedback format="html">
      <text></text>
    </generalfeedback>
    <defaultgrade>1.0000000</defaultgrade>
    <penalty>1.0000000</penalty>
    <hidden>0</hidden>
    <idnumber></idnumber>
    <answer fraction="0" format="moodle_auto_format">
      <text>true</text>
      <feedback format="html">
        <text></text>
      </feedback>
    </answer>
    <answer fraction="100" format="moodle_auto_format">
      <text>false</text>
      <feedback format="html">
        <text></text>
      </feedback>
    </answer>
    <tags>
      <tag><text>databáze</text>
</tag>
      <tag><text>sql</text>
</tag>
      <tag><text>vlastní klíč</text>
</tag>
      <tag><text>pk</text>
</tag>
    </tags>
  </question>

<!-- question: 8594  -->
  <question type="truefalse">
    <name>
      <text>Realizace 1:1</text>
    </name>
    <questiontext format="html">
      <text><![CDATA[<p dir="ltr" style="text-align: left;">Pro realizaci vztahu 1:1 musíme využít cizích klíčů.<br></p>]]></text>
    </questiontext>
    <generalfeedback format="html">
      <text></text>
    </generalfeedback>
    <defaultgrade>1.0000000</defaultgrade>
    <penalty>1.0000000</penalty>
    <hidden>0</hidden>
    <idnumber></idnumber>
    <answer fraction="0" format="moodle_auto_format">
      <text>true</text>
      <feedback format="html">
        <text></text>
      </feedback>
    </answer>
    <answer fraction="100" format="moodle_auto_format">
      <text>false</text>
      <feedback format="html">
        <text></text>
      </feedback>
    </answer>
    <tags>
      <tag><text>databáze</text>
</tag>
      <tag><text>sql</text>
</tag>
      <tag><text>1:1</text>
</tag>
      <tag><text>fk</text>
</tag>
      <tag><text>cizí klíč</text>
</tag>
    </tags>
  </question>

<!-- question: 8593  -->
  <question type="truefalse">
    <name>
      <text>Realizace 1:N</text>
    </name>
    <questiontext format="html">
      <text><![CDATA[<p dir="ltr" style="text-align: left;">Pro realizaci vztahu 1:N musíme využít cizích klíčů.<br></p>]]></text>
    </questiontext>
    <generalfeedback format="html">
      <text></text>
    </generalfeedback>
    <defaultgrade>1.0000000</defaultgrade>
    <penalty>1.0000000</penalty>
    <hidden>0</hidden>
    <idnumber></idnumber>
    <answer fraction="100" format="moodle_auto_format">
      <text>true</text>
      <feedback format="html">
        <text></text>
      </feedback>
    </answer>
    <answer fraction="0" format="moodle_auto_format">
      <text>false</text>
      <feedback format="html">
        <text></text>
      </feedback>
    </answer>
    <tags>
      <tag><text>databáze</text>
</tag>
      <tag><text>sql</text>
</tag>
      <tag><text>1:N</text>
</tag>
      <tag><text>fk</text>
</tag>
      <tag><text>cizí klíč</text>
</tag>
    </tags>
  </question>

<!-- question: 8592  -->
  <question type="truefalse">
    <name>
      <text>Realizace M:N</text>
    </name>
    <questiontext format="html">
      <text><![CDATA[<p dir="ltr" style="text-align: left;">Pro realizaci vztahu M:N musíme využít cizích klíčů.<br></p>]]></text>
    </questiontext>
    <generalfeedback format="html">
      <text></text>
    </generalfeedback>
    <defaultgrade>1.0000000</defaultgrade>
    <penalty>1.0000000</penalty>
    <hidden>0</hidden>
    <idnumber></idnumber>
    <answer fraction="100" format="moodle_auto_format">
      <text>true</text>
      <feedback format="html">
        <text></text>
      </feedback>
    </answer>
    <answer fraction="0" format="moodle_auto_format">
      <text>false</text>
      <feedback format="html">
        <text></text>
      </feedback>
    </answer>
    <tags>
      <tag><text>databáze</text>
</tag>
      <tag><text>sql</text>
</tag>
      <tag><text>M:N</text>
</tag>
      <tag><text>fk</text>
</tag>
      <tag><text>cizí klíč</text>
</tag>
    </tags>
  </question>

<!-- question: 7710  -->
  <question type="truefalse">
    <name>
      <text>Různé tabulky při vnoření</text>
    </name>
    <questiontext format="html">
      <text><![CDATA[<p>Při vnořování dotazů můžeme využít data pouze z jedné tabulky. (Dotazy pouze na jednu tabulky.)<br></p>]]></text>
    </questiontext>
    <generalfeedback format="html">
      <text></text>
    </generalfeedback>
    <defaultgrade>1.0000000</defaultgrade>
    <penalty>1.0000000</penalty>
    <hidden>0</hidden>
    <idnumber></idnumber>
    <answer fraction="0" format="moodle_auto_format">
      <text>true</text>
      <feedback format="html">
        <text></text>
      </feedback>
    </answer>
    <answer fraction="100" format="moodle_auto_format">
      <text>false</text>
      <feedback format="html">
        <text></text>
      </feedback>
    </answer>
    <tags>
      <tag><text>sql</text>
</tag>
      <tag><text>vnoření</text>
</tag>
    </tags>
  </question>

<!-- question: 8590  -->
  <question type="truefalse">
    <name>
      <text>Unikátní cizí klíč</text>
    </name>
    <questiontext format="html">
      <text><![CDATA[<p>Hodnoty ve sloupečku, který je FOREIGN KEY se mohou opakovat (může být více řádků se stejnou hodnotou v tomto sloupci).<br></p>]]></text>
    </questiontext>
    <generalfeedback format="html">
      <text></text>
    </generalfeedback>
    <defaultgrade>1.0000000</defaultgrade>
    <penalty>1.0000000</penalty>
    <hidden>0</hidden>
    <idnumber></idnumber>
    <answer fraction="100" format="moodle_auto_format">
      <text>true</text>
      <feedback format="html">
        <text></text>
      </feedback>
    </answer>
    <answer fraction="0" format="moodle_auto_format">
      <text>false</text>
      <feedback format="html">
        <text></text>
      </feedback>
    </answer>
    <tags>
      <tag><text>databáze</text>
</tag>
      <tag><text>sql</text>
</tag>
      <tag><text>fk</text>
</tag>
      <tag><text>cizí klíč</text>
</tag>
    </tags>
  </question>

<!-- question: 7725  -->
  <question type="truefalse">
    <name>
      <text>Unikátní vlastní klíč</text>
    </name>
    <questiontext format="html">
      <text><![CDATA[<p>Hodnoty ve sloupečku, který je PRIMARY KEY se mohou opakovat (může být více řádků se stejnou hodnotou v tomto sloupci).<br></p>]]></text>
    </questiontext>
    <generalfeedback format="html">
      <text></text>
    </generalfeedback>
    <defaultgrade>1.0000000</defaultgrade>
    <penalty>1.0000000</penalty>
    <hidden>0</hidden>
    <idnumber></idnumber>
    <answer fraction="0" format="moodle_auto_format">
      <text>true</text>
      <feedback format="html">
        <text></text>
      </feedback>
    </answer>
    <answer fraction="100" format="moodle_auto_format">
      <text>false</text>
      <feedback format="html">
        <text></text>
      </feedback>
    </answer>
    <tags>
      <tag><text>databáze</text>
</tag>
      <tag><text>sql</text>
</tag>
      <tag><text>vlastní klíč</text>
</tag>
      <tag><text>pk</text>
</tag>
    </tags>
  </question>

<!-- question: 0  -->
  <question type="category">
    <category>
      <text>$course$/top/JaroslavHoleček/Databáze/Propojení s PHP</text>
    </category>
    <info format="html">
      <text></text>
    </info>
    <idnumber></idnumber>
  </question>

<!-- question: 8656  -->
  <question type="multichoice">
    <name>
      <text>Chybové zprávy II</text>
    </name>
    <questiontext format="html">
      <text><![CDATA[<p dir="ltr" style="text-align: left;">Při spuštění dotazu v databázi můžeme v PHP programu zachytit případné chyby nejsnáze (nejkratší kód) pomocí:&nbsp; <br></p>]]></text>
    </questiontext>
    <generalfeedback format="html">
      <text></text>
    </generalfeedback>
    <defaultgrade>2.0000000</defaultgrade>
    <penalty>0.5000000</penalty>
    <hidden>0</hidden>
    <idnumber></idnumber>
    <single>true</single>
    <shuffleanswers>true</shuffleanswers>
    <answernumbering>abc</answernumbering>
    <showstandardinstruction>0</showstandardinstruction>
    <correctfeedback format="html">
      <text>Vaše odpověď je správná.</text>
    </correctfeedback>
    <partiallycorrectfeedback format="html">
      <text>Vaše odpověď je částečně správná.</text>
    </partiallycorrectfeedback>
    <incorrectfeedback format="html">
      <text>Vaše odpověď je chybná.</text>
    </incorrectfeedback>
    <shownumcorrect/>
    <answer fraction="100" format="html">
      <text><![CDATA[<p dir="ltr" style="text-align: left;">try-catch<br></p>]]></text>
      <feedback format="html">
        <text></text>
      </feedback>
    </answer>
    <answer fraction="0" format="html">
      <text><![CDATA[<p dir="ltr" style="text-align: left;">nelze zjistit, že v databázi došlo k chybě<br></p>]]></text>
      <feedback format="html">
        <text></text>
      </feedback>
    </answer>
    <answer fraction="0" format="html">
      <text><![CDATA[<p dir="ltr" style="text-align: left;">speciální funkce z knihovny, pomocí které se připojujeme<br></p>]]></text>
      <feedback format="html">
        <text></text>
      </feedback>
    </answer>
    <answer fraction="0" format="html">
      <text><![CDATA[<p dir="ltr" style="text-align: left;">chyba se v PHP na stránce zobrazí automaticky v přehledné formě<br></p>]]></text>
      <feedback format="html">
        <text></text>
      </feedback>
    </answer>
    <tags>
      <tag><text>databáze</text>
</tag>
      <tag><text>sql</text>
</tag>
      <tag><text>chyba</text>
</tag>
      <tag><text>php</text>
</tag>
    </tags>
  </question>

<!-- question: 8657  -->
  <question type="multichoice">
    <name>
      <text>Informace k připojení</text>
    </name>
    <questiontext format="html">
      <text><![CDATA[<p>Které informace musíme zadat do funkce, která vytváří spojení s heslem chráněným databázovým serverem, pokud se chceme připojit ke konkrétní databázi?<br></p>]]></text>
    </questiontext>
    <generalfeedback format="html">
      <text></text>
    </generalfeedback>
    <defaultgrade>2.0000000</defaultgrade>
    <penalty>0.3333333</penalty>
    <hidden>0</hidden>
    <idnumber></idnumber>
    <single>false</single>
    <shuffleanswers>true</shuffleanswers>
    <answernumbering>abc</answernumbering>
    <showstandardinstruction>1</showstandardinstruction>
    <correctfeedback format="html">
      <text>Vaše odpověď je správná.</text>
    </correctfeedback>
    <partiallycorrectfeedback format="html">
      <text>Vaše odpověď je částečně správná.</text>
    </partiallycorrectfeedback>
    <incorrectfeedback format="html">
      <text>Vaše odpověď je chybná.</text>
    </incorrectfeedback>
    <shownumcorrect/>
    <answer fraction="25" format="html">
      <text><![CDATA[<p>adresu databázového serveru<br></p>]]></text>
      <feedback format="html">
        <text></text>
      </feedback>
    </answer>
    <answer fraction="25" format="html">
      <text><![CDATA[<p>uživatelské jméno<br></p>]]></text>
      <feedback format="html">
        <text></text>
      </feedback>
    </answer>
    <answer fraction="25" format="html">
      <text><![CDATA[<p>heslo<br></p>]]></text>
      <feedback format="html">
        <text></text>
      </feedback>
    </answer>
    <answer fraction="25" format="html">
      <text><![CDATA[<p>název databáze<br></p>]]></text>
      <feedback format="html">
        <text></text>
      </feedback>
    </answer>
    <answer fraction="0" format="html">
      <text><![CDATA[<p>název serveru (např. Xeon)<br></p>]]></text>
      <feedback format="html">
        <text></text>
      </feedback>
    </answer>
    <answer fraction="0" format="html">
      <text><![CDATA[<p>ip adresu připojovaného (našeho) zařízení<br></p>]]></text>
      <feedback format="html">
        <text></text>
      </feedback>
    </answer>
    <answer fraction="0" format="html">
      <text><![CDATA[<p>název tabulky<br></p>]]></text>
      <feedback format="html">
        <text></text>
      </feedback>
    </answer>
    <hint format="html">
      <text></text>
      <shownumcorrect/>
    </hint>
    <hint format="html">
      <text></text>
      <shownumcorrect/>
      <clearwrong/>
    </hint>
    <tags>
      <tag><text>databáze</text>
</tag>
      <tag><text>připojení</text>
</tag>
      <tag><text>php</text>
</tag>
    </tags>
  </question>

<!-- question: 8658  -->
  <question type="multichoice">
    <name>
      <text>Komunikace s databází</text>
    </name>
    <questiontext format="html">
      <text><![CDATA[<p>V našem PHP programu říkáme databázi co od ní chceme pomocí:</p>]]></text>
    </questiontext>
    <generalfeedback format="html">
      <text></text>
    </generalfeedback>
    <defaultgrade>2.0000000</defaultgrade>
    <penalty>0.5000000</penalty>
    <hidden>0</hidden>
    <idnumber></idnumber>
    <single>true</single>
    <shuffleanswers>true</shuffleanswers>
    <answernumbering>abc</answernumbering>
    <showstandardinstruction>1</showstandardinstruction>
    <correctfeedback format="html">
      <text>Vaše odpověď je správná.</text>
    </correctfeedback>
    <partiallycorrectfeedback format="html">
      <text>Vaše odpověď je částečně správná.</text>
    </partiallycorrectfeedback>
    <incorrectfeedback format="html">
      <text>Vaše odpověď je chybná.</text>
    </incorrectfeedback>
    <shownumcorrect/>
    <answer fraction="100" format="html">
      <text><![CDATA[<p>Jazyku SQL<br></p>]]></text>
      <feedback format="html">
        <text></text>
      </feedback>
    </answer>
    <answer fraction="0" format="html">
      <text><![CDATA[<p>Speciálními příkazy z PHP knihovny.<br></p>]]></text>
      <feedback format="html">
        <text></text>
      </feedback>
    </answer>
    <answer fraction="0" format="html">
      <text><![CDATA[<p>Není možné programově ovládat databázi<br></p>]]></text>
      <feedback format="html">
        <text></text>
      </feedback>
    </answer>
    <answer fraction="0" format="html">
      <text><![CDATA[<p>Spouštění před-připravených funkcí v databázi<br></p>]]></text>
      <feedback format="html">
        <text></text>
      </feedback>
    </answer>
    <tags>
      <tag><text>databáze</text>
</tag>
      <tag><text>spojení</text>
</tag>
      <tag><text>php</text>
</tag>
    </tags>
  </question>

<!-- question: 8659  -->
  <question type="multichoice">
    <name>
      <text>Kroky při komunikaci s dbs</text>
    </name>
    <questiontext format="html">
      <text><![CDATA[<p dir="ltr" style="text-align: left;">Zaškrtněte kroky, které bychom měli vždy provést (některé musíme) při komunikaci s databází z PHP.</p><p dir="ltr" style="text-align: left;">Pozn.: Uvažujme, že naše stránka má s databází opravdu pracovat - tedy uživatel skrze ní vkládá data do databáze, čte data atd.<br></p>]]></text>
    </questiontext>
    <generalfeedback format="html">
      <text></text>
    </generalfeedback>
    <defaultgrade>2.0000000</defaultgrade>
    <penalty>0.2500000</penalty>
    <hidden>0</hidden>
    <idnumber></idnumber>
    <single>false</single>
    <shuffleanswers>true</shuffleanswers>
    <answernumbering>abc</answernumbering>
    <showstandardinstruction>0</showstandardinstruction>
    <correctfeedback format="html">
      <text>Vaše odpověď je správná.</text>
    </correctfeedback>
    <partiallycorrectfeedback format="html">
      <text>Vaše odpověď je částečně správná.</text>
    </partiallycorrectfeedback>
    <incorrectfeedback format="html">
      <text>Vaše odpověď je chybná.</text>
    </incorrectfeedback>
    <shownumcorrect/>
    <answer fraction="25" format="html">
      <text><![CDATA[<p dir="ltr" style="text-align: left;">připojení k databázi<br></p>]]></text>
      <feedback format="html">
        <text></text>
      </feedback>
    </answer>
    <answer fraction="25" format="html">
      <text><![CDATA[<p dir="ltr" style="text-align: left;">zasílání SQL dotazů do databáze<br></p>]]></text>
      <feedback format="html">
        <text></text>
      </feedback>
    </answer>
    <answer fraction="25" format="html">
      <text><![CDATA[<p dir="ltr" style="text-align: left;">zachytávání případných chyb a reakce na ně<br></p>]]></text>
      <feedback format="html">
        <text></text>
      </feedback>
    </answer>
    <answer fraction="25" format="html">
      <text><![CDATA[<p dir="ltr" style="text-align: left;">uzavření spojení s databází<br></p>]]></text>
      <feedback format="html">
        <text></text>
      </feedback>
    </answer>
    <tags>
      <tag><text>databáze</text>
</tag>
      <tag><text>sql</text>
</tag>
      <tag><text>spojení</text>
</tag>
      <tag><text>php</text>
</tag>
    </tags>
  </question>

<!-- question: 8660  -->
  <question type="multichoice">
    <name>
      <text>Možné dotazy z PHP</text>
    </name>
    <questiontext format="html">
      <text><![CDATA[<p dir="ltr" style="text-align: left;">Pomocí PHP&nbsp; můžeme s databází provádět operace:</p><p dir="ltr" style="text-align: left;">Pozn.: Zaškrtněte vše pravdivé.<br></p>]]></text>
    </questiontext>
    <generalfeedback format="html">
      <text></text>
    </generalfeedback>
    <defaultgrade>3.0000000</defaultgrade>
    <penalty>0.2500000</penalty>
    <hidden>0</hidden>
    <idnumber></idnumber>
    <single>false</single>
    <shuffleanswers>true</shuffleanswers>
    <answernumbering>abc</answernumbering>
    <showstandardinstruction>0</showstandardinstruction>
    <correctfeedback format="html">
      <text>Vaše odpověď je správná.</text>
    </correctfeedback>
    <partiallycorrectfeedback format="html">
      <text>Vaše odpověď je částečně správná.</text>
    </partiallycorrectfeedback>
    <incorrectfeedback format="html">
      <text>Vaše odpověď je chybná.</text>
    </incorrectfeedback>
    <shownumcorrect/>
    <answer fraction="25" format="html">
      <text><![CDATA[<p dir="ltr" style="text-align: left;">Získávat data z databáze<br></p>]]></text>
      <feedback format="html">
        <text></text>
      </feedback>
    </answer>
    <answer fraction="25" format="html">
      <text><![CDATA[<p dir="ltr" style="text-align: left;">Vkládat data do databáze<br></p>]]></text>
      <feedback format="html">
        <text></text>
      </feedback>
    </answer>
    <answer fraction="25" format="html">
      <text><![CDATA[<p dir="ltr" style="text-align: left;">Vytvářet tabulky v databázi<br></p>]]></text>
      <feedback format="html">
        <text></text>
      </feedback>
    </answer>
    <answer fraction="25" format="html">
      <text><![CDATA[<p dir="ltr" style="text-align: left;">Cokoliv, co můžeme zapsat pomocí SQL<br></p>]]></text>
      <feedback format="html">
        <text></text>
      </feedback>
    </answer>
    <answer fraction="-50" format="html">
      <text><![CDATA[<p dir="ltr" style="text-align: left;">Pouze číst a vkládat data do databáze<br></p>]]></text>
      <feedback format="html">
        <text></text>
      </feedback>
    </answer>
    <answer fraction="-50" format="html">
      <text><![CDATA[<p dir="ltr" style="text-align: left;">Pouze číst data z databáze<br></p>]]></text>
      <feedback format="html">
        <text></text>
      </feedback>
    </answer>
    <tags>
      <tag><text>databáze</text>
</tag>
      <tag><text>sql</text>
</tag>
      <tag><text>php</text>
</tag>
    </tags>
  </question>

<!-- question: 8661  -->
  <question type="multichoice">
    <name>
      <text>Počet řádků z výsledku</text>
    </name>
    <questiontext format="html">
      <text><![CDATA[<p dir="ltr" style="text-align: left;">Do našeho programu (stránky) si můžeme "stahovat" řádky z výsledku v databázi po:</p><p dir="ltr" style="text-align: left;">Pozn.: Zaškrtněte vše pravdivé<br></p>]]></text>
    </questiontext>
    <generalfeedback format="html">
      <text></text>
    </generalfeedback>
    <defaultgrade>2.0000000</defaultgrade>
    <penalty>0.2500000</penalty>
    <hidden>0</hidden>
    <idnumber></idnumber>
    <single>false</single>
    <shuffleanswers>true</shuffleanswers>
    <answernumbering>abc</answernumbering>
    <showstandardinstruction>0</showstandardinstruction>
    <correctfeedback format="html">
      <text>Vaše odpověď je správná.</text>
    </correctfeedback>
    <partiallycorrectfeedback format="html">
      <text>Vaše odpověď je částečně správná.</text>
    </partiallycorrectfeedback>
    <incorrectfeedback format="html">
      <text>Vaše odpověď je chybná.</text>
    </incorrectfeedback>
    <shownumcorrect/>
    <answer fraction="25" format="html">
      <text><![CDATA[<p dir="ltr" style="text-align: left;">Po jednom řádku<br></p>]]></text>
      <feedback format="html">
        <text></text>
      </feedback>
    </answer>
    <answer fraction="25" format="html">
      <text><![CDATA[<p dir="ltr" style="text-align: left;">Všechny řádky najednou<br></p>]]></text>
      <feedback format="html">
        <text></text>
      </feedback>
    </answer>
    <answer fraction="25" format="html">
      <text><![CDATA[<p dir="ltr" style="text-align: left;">Po deseti řádcích<br></p>]]></text>
      <feedback format="html">
        <text></text>
      </feedback>
    </answer>
    <answer fraction="25" format="html">
      <text><![CDATA[<p dir="ltr" style="text-align: left;">Po libovolném počtu řádků (můžeme zadat)<br></p>]]></text>
      <feedback format="html">
        <text></text>
      </feedback>
    </answer>
    <answer fraction="-50" format="html">
      <text><![CDATA[<p dir="ltr" style="text-align: left;">Můžeme pouze všechny řádky najednou<br></p>]]></text>
      <feedback format="html">
        <text></text>
      </feedback>
    </answer>
    <answer fraction="-50" format="html">
      <text><![CDATA[<p dir="ltr" style="text-align: left;">Můžeme pouze po jednom, nebo dvou řádcích<br></p>]]></text>
      <feedback format="html">
        <text></text>
      </feedback>
    </answer>
    <tags>
      <tag><text>php</text>
</tag>
      <tag><text>databáze</text>
</tag>
      <tag><text>výsledek</text>
</tag>
    </tags>
  </question>

<!-- question: 8662  -->
  <question type="multichoice">
    <name>
      <text>Zobrazení výsledku</text>
    </name>
    <questiontext format="html">
      <text><![CDATA[<p dir="ltr" style="text-align: left;">Máme výsledek z databáze. Pro jeho zobrazení uživateli (tedy nějak hezky srovnané) použijeme nejspíše (zápis s nejkratším kódem): <br></p>]]></text>
    </questiontext>
    <generalfeedback format="html">
      <text></text>
    </generalfeedback>
    <defaultgrade>2.0000000</defaultgrade>
    <penalty>0.5000000</penalty>
    <hidden>0</hidden>
    <idnumber></idnumber>
    <single>true</single>
    <shuffleanswers>true</shuffleanswers>
    <answernumbering>abc</answernumbering>
    <showstandardinstruction>0</showstandardinstruction>
    <correctfeedback format="html">
      <text>Vaše odpověď je správná.</text>
    </correctfeedback>
    <partiallycorrectfeedback format="html">
      <text>Vaše odpověď je částečně správná.</text>
    </partiallycorrectfeedback>
    <incorrectfeedback format="html">
      <text>Vaše odpověď je chybná.</text>
    </incorrectfeedback>
    <shownumcorrect/>
    <answer fraction="100" format="html">
      <text><![CDATA[<p dir="ltr" style="text-align: left;">foreach-cyklus<br></p>]]></text>
      <feedback format="html">
        <text></text>
      </feedback>
    </answer>
    <answer fraction="0" format="html">
      <text><![CDATA[<p dir="ltr" style="text-align: left;">while-cyklus<br></p>]]></text>
      <feedback format="html">
        <text></text>
      </feedback>
    </answer>
    <answer fraction="0" format="html">
      <text><![CDATA[<p dir="ltr" style="text-align: left;">print(vysledek)<br></p>]]></text>
      <feedback format="html">
        <text></text>
      </feedback>
    </answer>
    <answer fraction="0" format="html">
      <text><![CDATA[<p dir="ltr" style="text-align: left;">vypíšeme jednotlivé řádky "ručně"<br></p>]]></text>
      <feedback format="html">
        <text></text>
      </feedback>
    </answer>
    <answer fraction="0" format="html">
      <text><![CDATA[<p dir="ltr" style="text-align: left;">for-cyklus<br></p>]]></text>
      <feedback format="html">
        <text></text>
      </feedback>
    </answer>
    <tags>
      <tag><text>php</text>
</tag>
      <tag><text>databáze</text>
</tag>
      <tag><text>výsledek</text>
</tag>
    </tags>
  </question>

<!-- question: 8663  -->
  <question type="truefalse">
    <name>
      <text>Chybové zprávy I</text>
    </name>
    <questiontext format="html">
      <text><![CDATA[<p dir="ltr" style="text-align: left;">Pokud zadáme v PHP špatně dotaz - syntaktická chyba, špatné heslo apd., není žádný způsob, jak se to po spuštění dotazu v databázi dozvědět v programu v PHP.<br>Pouze se dotaz v databázi neprovede.<br></p>]]></text>
    </questiontext>
    <generalfeedback format="html">
      <text></text>
    </generalfeedback>
    <defaultgrade>1.0000000</defaultgrade>
    <penalty>1.0000000</penalty>
    <hidden>0</hidden>
    <idnumber></idnumber>
    <answer fraction="0" format="moodle_auto_format">
      <text>true</text>
      <feedback format="html">
        <text></text>
      </feedback>
    </answer>
    <answer fraction="100" format="moodle_auto_format">
      <text>false</text>
      <feedback format="html">
        <text></text>
      </feedback>
    </answer>
    <tags>
      <tag><text>databáze</text>
</tag>
      <tag><text>sql</text>
</tag>
      <tag><text>chyba</text>
</tag>
      <tag><text>php</text>
</tag>
    </tags>
  </question>

<!-- question: 8664  -->
  <question type="truefalse">
    <name>
      <text>Existuje knihovna k připojení</text>
    </name>
    <questiontext format="html">
      <text><![CDATA[<p dir="ltr" style="text-align: left;">Pro propojení aplikace s databází již existují vytvořené knihovny (někdo hodný je vytvořil a dal je k dispozici) přímo v jazyku PHP.<br></p>]]></text>
    </questiontext>
    <generalfeedback format="html">
      <text></text>
    </generalfeedback>
    <defaultgrade>1.0000000</defaultgrade>
    <penalty>1.0000000</penalty>
    <hidden>0</hidden>
    <idnumber></idnumber>
    <answer fraction="100" format="moodle_auto_format">
      <text>true</text>
      <feedback format="html">
        <text></text>
      </feedback>
    </answer>
    <answer fraction="0" format="moodle_auto_format">
      <text>false</text>
      <feedback format="html">
        <text></text>
      </feedback>
    </answer>
    <tags>
      <tag><text>databáze</text>
</tag>
      <tag><text>spojení</text>
</tag>
      <tag><text>php</text>
</tag>
    </tags>
  </question>

<!-- question: 8665  -->
  <question type="truefalse">
    <name>
      <text>Získání výsledku</text>
    </name>
    <questiontext format="html">
      <text><![CDATA[<p>Po získání výsledku v databázi (např. 2 sloupce x 10 řádků), se vždy celý výsledek odešle do našeho programu.<br></p>]]></text>
    </questiontext>
    <generalfeedback format="html">
      <text></text>
    </generalfeedback>
    <defaultgrade>1.0000000</defaultgrade>
    <penalty>1.0000000</penalty>
    <hidden>0</hidden>
    <idnumber></idnumber>
    <answer fraction="0" format="moodle_auto_format">
      <text>true</text>
      <feedback format="html">
        <text></text>
      </feedback>
    </answer>
    <answer fraction="100" format="moodle_auto_format">
      <text>false</text>
      <feedback format="html">
        <text></text>
      </feedback>
    </answer>
    <tags>
      <tag><text>php</text>
</tag>
      <tag><text>databáze</text>
</tag>
      <tag><text>výsledek</text>
</tag>
      <tag><text>fetch</text>
</tag>
    </tags>
  </question>

</quiz>